Mplus VERSION 8.5 (Mac)
MUTHEN & MUTHEN
03/15/2022   1:50 AM

INPUT INSTRUCTIONS

  TITLE: Analysis 1
  DATA: FILE = analysis1_S3.dat;
  VARIABLE:
  NAMES = ID AB angry worried happy sad WB stressed lonely
  int
  E A C N O gender ethnicity SES weekend;
  USEVARIABLES = angry
  int
  weekend E;
  CLUSTER = ID;
  WITHIN = weekend;
  BETWEEN = E;
  MISSING = .;
  DEFINE: CENTER E (GRANDMEAN);
  ANALYSIS: TYPE = TWOLEVEL RANDOM; ESTIMATOR = BAYES;
  BITERATIONS = (10000); PROCESSORS = 2;
  MODEL:
  %WITHIN%
  ! Anger is predicted by social interactions, the slope is random
  S1 | angry ON int;
  ! Control for weekend
  angry ON weekend;
  %BETWEEN%
  ! Covariance between intercept and slope
  angry WITH S1;
  ! The intercept is predicted by social interactions
  angry ON int;
  ! The intercept is predicted by extraversion
  angry ON E;
  ! The slope is predicted by extraversion
  S1 ON E;
  OUTPUT: STDYX STDY TECH8;



*** WARNING in MODEL command
  In the MODEL command, the x variable on the WITHIN level has been turned into a
  y variable to enable latent variable decomposition.  This variable will be treated
  as a y-variable on both levels:  INT
*** WARNING
  One or more individual-level variables have no variation within a
  cluster for the following clusters.

     Variable   Cluster IDs with no within-cluster variation

      ANGRY       516 160 10 666 4 790 96 608 404 369 856 701 737 761 290 52 778 93 90 316 376
                  547 635 463 768 82 871 434 502 221 6 821 399 308 76 324 428 201 192 301 567
                  254 568 305 626 884 582 498 384 36 860 618 657 599 159 881 257 28 98 511 757
                  107 465 675 687
      INT         516 302
      WEEKEND     516 160 485 10 666 240 271 49 598 737

*** WARNING
  Data set contains cases with missing on x-variables.
  These cases were not included in the analysis.
  Number of cases with missing on x-variables:  6550
   3 WARNING(S) FOUND IN THE INPUT INSTRUCTIONS



Analysis 1

SUMMARY OF ANALYSIS

Number of groups                                                 1
Number of observations                                       58946

Number of dependent variables                                    2
Number of independent variables                                  2
Number of continuous latent variables                            1

Observed dependent variables

  Continuous
   ANGRY       INT

Observed independent variables
   WEEKEND     E

Continuous latent variables
   S1

Variables with special functions

  Cluster variable      ID

  Within variables
   WEEKEND

  Between variables
   E

  Centering (GRANDMEAN)
   E


Estimator                                                    BAYES
Specifications for Bayesian Estimation
  Point estimate                                            MEDIAN
  Number of Markov chain Monte Carlo (MCMC) chains               2
  Random seed for the first chain                                0
  Starting value information                           UNPERTURBED
  Algorithm used for Markov chain Monte Carlo           GIBBS(PX1)
  Convergence criterion                                  0.500D-01
  Maximum number of iterations                               50000
  K-th iteration used for thinning                               1

Input data file(s)
  analysis1_S3.dat
Input data format  FREE


SUMMARY OF DATA

     Number of clusters                        764

       Size (s)    Cluster ID with Size s

          1        63 279 477 756 787
          3        516
          4        160
          5        485 10
          6        666 240 625
          7        271 4 49 790
          8        96
          9        608
         11        404
         12        203
         13        280 405 369 816 820 856
         15        701
         16        598 737 302
         18        473 806 162 761
         19        555 880
         20        844 238
         23        846 290 173
         24        52
         27        558
         28        152
         29        170
         31        778
         32        689
         35        131 311 94
         36        804
         38        60
         39        435
         40        321 888
         41        510 93 564 183
         42        306 202
         44        651
         45        413 374
         46        722 556 887 61
         47        669
         48        322 797
         49        336 295 424 609
         50        615 83
         51        90 671 848 269
         52        491 316 474
         53        376 21 176 236
         54        20 67
         55        310 533
         56        611 352
         57        337 547 467 168 58
         58        274 163 635 704 445 99 463 494 235 472
         59        314 749 703 551 19 831 499 370
         60        817 5 760 768 179 781
         61        663 164 82 2 296 462 482 656
         62        401 871 223
         63        434 814 263 872 738 877 110 495 721
         64        623 285 371 705 825 753 835 85 431 339 595
         65        715 592 391 672 732 680 133 630 488 698 600 252 492
                   97 105
         66        667 716 375 571 850 11 214 629 532 46 640 250 8 502
                   259 146
         67        225 229 118 332 851 695 22 643 31 380 185 221 244 706
                   135 501 367
         68        470 752 379 432 368 6 729 662 319 204 66 358
         69        261 821 262 80 125 69 758 565 647 381 349 399 241 157
                   793 796 72 281 227 416 29 545 14
         70        249 542 692 354 18 132 75 209 858 805 243 523 293 670
                   572 717 343 769
         71        712 429 308 231 719 39 43 522 200 731 340 779 239 76
                   788 253
         72        348 839 610 291 222 258 177 276 718 810 439 304 286
                   408 277 324 733 784 834
         73        792 362 745 363 233 560 451 490 808 863 866 111 188
                   33 428 645 534 496 829 201 403 88
         74        230 325 785 573 750 282 620 195 452 228 192 634 528
                   265 845 248 509 813
         75        123 475 727 783 652 13 529 317 762 854 215 557 37
         76        518 699 260 415 247 417 668 633 400 156 127 678 378
                   754 301 567 539 882 81 268 697
         77        254 665 751 636 520 789 471 791 382 622 142 800 660
                   739 691 531
         78        122 847 373 100 327 77 683 723 313 596 479 601 450 126
                   653 216 119 876 138 459 199 568 246 841 287
         79        486 734 812 441 330 407 646 446 577 869 684 305 430
                   585 95 497 101 165 1 357
         80        57 626 627 189 347 569 191 333 182 64 799 612 25 289
                   682 220 884 419 747
         81        315 505 161 794 582 714 117 270 115
         82        621 440 650 448 685 624 543 498 409 318
         83        823 862 3 155 447 481 535 47 677 655 273 659 384 525
                   350 713 883 351 53 36 795
         84        815 210 212 213 860 584 618 562 237 830 187 566 483
                   524 836 838 777 26 193 657 145 632 356 849
         85        84 453 536 256 92 420 513 51 412 194 755 619
         86        312 298 798 515 819 700 631 599 89 720 519 604
         87        606 219 386 328 323 54 331 886 137 41
         88        353 614 853 554 24 124
         89        639 159 628 607 803 594 676 881 423 153 377 514 586
                   508 546
         90        257 42 335 303 589 855 843 28 167 552
         91        740 198 818 299 744 414 613 654 234 411
         92        178 559 425 506 728 809 130
         93        726 444 264 548 251 300 232 780 461 32
         94        68 578 681 579 454 694 443
         95        833 597 690 837 602 637 50
         96        266 275 397 65 9 480
         97        840 190 763 98 865 292 278 708 489
         98        390 338 102 396 15 141 364
         99        775 147 59 458 767
        100        34 561 344 181 511 45 537 770 143 128 549
        101        345 393 469
        102        476 402 746 186 757 388 38 605 500
        103        842 642 644 759
        104        171 426 648 782 385 107 71 465 245
        105        74 62 87 507 255
        106        148 827 226
        107        591 272 658 730 27 427
        108        774 437 120 517
        109        217 824 355 267 151 109
        110        398 570 106
        112        12 580 341 158 174 421 487 674 675
        113        864 154 484 418
        114        394 360 103
        115        521 283 766 707 73
        116        372 406 686
        117        588 129 114 449 346 679 587
        118        55 826 208 776
        119        307
        121        172 40
        122        687
        124        16 748
        125        140 563
        126        436
        127        366 180
        128        861
        130        711 743
        131        553
        132        771
        134        801
        135        764
        138        807
        143        873
        144        603
        145        218
        151        664
        152        530
        162        709



COVARIANCE COVERAGE OF DATA

Minimum covariance coverage value   0.100

     Number of missing data patterns             2


     PROPORTION OF DATA PRESENT


           Covariance Coverage
              ANGRY         INT           WEEKEND       E
              ________      ________      ________      ________
 ANGRY          0.993
 INT            0.993         1.000
 WEEKEND        0.993         1.000         1.000
 E              0.993         1.000         1.000         1.000



UNIVARIATE SAMPLE STATISTICS


     UNIVARIATE HIGHER-ORDER MOMENT DESCRIPTIVE STATISTICS

         Variable/         Mean/     Skewness/   Minimum/ % with                Percentiles
        Sample Size      Variance    Kurtosis    Maximum  Min/Max      20%/60%    40%/80%    Median

     ANGRY                 1.208       3.002       1.000   84.93%       1.000      1.000      1.000
           58552.000       0.304       9.323       4.000    1.26%       1.000      1.000
     INT                   0.481       0.076       0.000   51.90%       0.000      0.000      0.000
           58946.000       0.250      -1.994       1.000   48.10%       1.000      1.000
     WEEKEND               0.268       1.050       0.000   73.25%       0.000      0.000      0.000
           58946.000       0.196      -0.897       1.000   26.75%       0.000      1.000
     E                     0.000      -0.111      -2.017    0.13%      -0.601     -0.184     -0.017
             764.000       0.535      -0.451       1.649    0.13%       0.233      0.649


THE MODEL ESTIMATION TERMINATED NORMALLY

     USE THE FBITERATIONS OPTION TO INCREASE THE NUMBER OF ITERATIONS BY A FACTOR
     OF AT LEAST TWO TO CHECK CONVERGENCE AND THAT THE PSR VALUE DOES NOT INCREASE.



MODEL FIT INFORMATION

Number of Free Parameters                              13

Information Criteria

          Deviance (DIC)                       154285.893
          Estimated Number of Parameters (pD)    1754.174



MODEL RESULTS

                                Posterior  One-Tailed         95% C.I.
                    Estimate       S.D.      P-Value   Lower 2.5%  Upper 2.5%  Significance

Within Level

 ANGRY      ON
    WEEKEND           -0.027       0.005      0.000      -0.036      -0.018      *

 Variances
    INT                0.200       0.001      0.000       0.197       0.202      *

 Residual Variances
    ANGRY              0.230       0.001      0.000       0.228       0.233      *

Between Level

 S1         ON
    E                  0.002       0.009      0.423      -0.015       0.018

 ANGRY      ON
    INT               -0.070       0.048      0.074      -0.164       0.025
    E                 -0.003       0.014      0.419      -0.030       0.025

 ANGRY    WITH
    S1                -0.007       0.002      0.000      -0.010      -0.003      *

 Means
    INT                0.483       0.008      0.000       0.466       0.499      *

 Intercepts
    ANGRY              1.257       0.025      0.000       1.207       1.307      *
    S1                 0.007       0.006      0.139      -0.006       0.019

 Variances
    INT                0.049       0.003      0.000       0.044       0.055      *

 Residual Variances
    ANGRY              0.074       0.004      0.000       0.067       0.083      *
    S1                 0.012       0.001      0.000       0.010       0.015      *


STANDARDIZED MODEL RESULTS


STDYX Standardization

                                Posterior  One-Tailed         95% C.I.
                    Estimate       S.D.      P-Value   Lower 2.5%  Upper 2.5%  Significance

Within-Level Standardized Estimates Averaged Over Clusters

 S1 | ANGRY ON
    INT                0.006       0.004      0.071      -0.002       0.014

 ANGRY      ON
    WEEKEND           -0.024       0.004      0.000      -0.032      -0.016      *

 Variances
    INT                1.000       0.000      0.000       1.000       1.000

 Residual Variances
    ANGRY              0.989       0.001      0.000       0.987       0.991      *

Between Level

 S1         ON
    E                  0.007       0.040      0.423      -0.071       0.086

 ANGRY      ON
    INT               -0.057       0.039      0.074      -0.133       0.020
    E                 -0.006       0.026      0.419      -0.057       0.047

 ANGRY    WITH
    S1                -0.227       0.058      0.000      -0.338      -0.111      *

 Means
    INT                2.174       0.071      0.000       2.034       2.312      *

 Intercepts
    ANGRY              4.595       0.153      0.000       4.295       4.891      *
    S1                 0.062       0.056      0.139      -0.050       0.172

 Variances
    INT                1.000       0.000      0.000       1.000       1.000

 Residual Variances
    ANGRY              0.996       0.005      0.000       0.982       1.000      *
    S1                 0.999       0.002      0.000       0.992       1.000      *


STDY Standardization

                                Posterior  One-Tailed         95% C.I.
                    Estimate       S.D.      P-Value   Lower 2.5%  Upper 2.5%  Significance

Within-Level Standardized Estimates Averaged Over Clusters

 S1 | ANGRY ON
    INT                0.006       0.004      0.071      -0.002       0.014

 ANGRY      ON
    WEEKEND           -0.056       0.009      0.000      -0.074      -0.037      *

 Variances
    INT                1.000       0.000      0.000       1.000       1.000

 Residual Variances
    ANGRY              0.989       0.001      0.000       0.987       0.991      *

Between Level

 S1         ON
    E                  0.014       0.077      0.423      -0.138       0.167

 ANGRY      ON
    INT               -0.057       0.039      0.074      -0.133       0.020
    E                 -0.011       0.051      0.419      -0.110       0.091

 ANGRY    WITH
    S1                -0.227       0.058      0.000      -0.338      -0.111      *

 Means
    INT                2.174       0.071      0.000       2.034       2.312      *

 Intercepts
    ANGRY              4.595       0.153      0.000       4.295       4.891      *
    S1                 0.062       0.056      0.139      -0.050       0.172

 Variances
    INT                1.000       0.000      0.000       1.000       1.000

 Residual Variances
    ANGRY              0.996       0.005      0.000       0.982       1.000      *
    S1                 0.999       0.002      0.000       0.992       1.000      *


R-SQUARE

Within-Level R-Square Averaged Across Clusters

                                Posterior  One-Tailed         95% C.I.
    Variable        Estimate       S.D.      P-Value   Lower 2.5%  Upper 2.5%

    ANGRY              0.011       0.001      0.000       0.009       0.013

Between Level

                                Posterior  One-Tailed         95% C.I.
    Variable        Estimate       S.D.      P-Value   Lower 2.5%  Upper 2.5%

    ANGRY              0.004       0.005      0.000       0.000       0.018

                                Posterior  One-Tailed         95% C.I.
    Variable        Estimate       S.D.      P-Value   Lower 2.5%  Upper 2.5%

    S1                 0.001       0.002      0.000       0.000       0.008


TECHNICAL 1 OUTPUT


     PARAMETER SPECIFICATION FOR WITHIN


           NU
              ANGRY         INT           WEEKEND
              ________      ________      ________
                    0             0             0


           LAMBDA
              ANGRY         INT           WEEKEND
              ________      ________      ________
 ANGRY              0             0             0
 INT                0             0             0
 WEEKEND            0             0             0


           THETA
              ANGRY         INT           WEEKEND
              ________      ________      ________
 ANGRY              0
 INT                0             0
 WEEKEND            0             0             0


           ALPHA
              ANGRY         INT           WEEKEND
              ________      ________      ________
                    0             0             0


           BETA
              ANGRY         INT           WEEKEND
              ________      ________      ________
 ANGRY              0             0             1
 INT                0             0             0
 WEEKEND            0             0             0


           PSI
              ANGRY         INT           WEEKEND
              ________      ________      ________
 ANGRY              2
 INT                0             3
 WEEKEND            0             0             0


     PARAMETER SPECIFICATION FOR BETWEEN


           NU
              ANGRY         INT           E
              ________      ________      ________
                    0             0             0


           LAMBDA
              S1            ANGRY         INT           E
              ________      ________      ________      ________
 ANGRY              0             0             0             0
 INT                0             0             0             0
 E                  0             0             0             0


           THETA
              ANGRY         INT           E
              ________      ________      ________
 ANGRY              0
 INT                0             0
 E                  0             0             0


           ALPHA
              S1            ANGRY         INT           E
              ________      ________      ________      ________
                    4             5             6             0


           BETA
              S1            ANGRY         INT           E
              ________      ________      ________      ________
 S1                 0             0             0             7
 ANGRY              0             0             8             9
 INT                0             0             0             0
 E                  0             0             0             0


           PSI
              S1            ANGRY         INT           E
              ________      ________      ________      ________
 S1                10
 ANGRY             11            12
 INT                0             0            13
 E                  0             0             0             0


     STARTING VALUES FOR WITHIN


           NU
              ANGRY         INT           WEEKEND
              ________      ________      ________
                0.000         0.000         0.000


           LAMBDA
              ANGRY         INT           WEEKEND
              ________      ________      ________
 ANGRY          1.000         0.000         0.000
 INT            0.000         1.000         0.000
 WEEKEND        0.000         0.000         1.000


           THETA
              ANGRY         INT           WEEKEND
              ________      ________      ________
 ANGRY          0.000
 INT            0.000         0.000
 WEEKEND        0.000         0.000         0.000


           ALPHA
              ANGRY         INT           WEEKEND
              ________      ________      ________
                0.000         0.000         0.000


           BETA
              ANGRY         INT           WEEKEND
              ________      ________      ________
 ANGRY          0.000         0.000         0.000
 INT            0.000         0.000         0.000
 WEEKEND        0.000         0.000         0.000


           PSI
              ANGRY         INT           WEEKEND
              ________      ________      ________
 ANGRY          0.152
 INT            0.000         0.125
 WEEKEND        0.000         0.000         0.098


     STARTING VALUES FOR BETWEEN


           NU
              ANGRY         INT           E
              ________      ________      ________
                0.000         0.000         0.000


           LAMBDA
              S1            ANGRY         INT           E
              ________      ________      ________      ________
 ANGRY          0.000         1.000         0.000         0.000
 INT            0.000         0.000         1.000         0.000
 E              0.000         0.000         0.000         1.000


           THETA
              ANGRY         INT           E
              ________      ________      ________
 ANGRY          0.000
 INT            0.000         0.000
 E              0.000         0.000         0.000


           ALPHA
              S1            ANGRY         INT           E
              ________      ________      ________      ________
                0.000         1.208         0.481         0.000


           BETA
              S1            ANGRY         INT           E
              ________      ________      ________      ________
 S1             0.000         0.000         0.000         0.000
 ANGRY          0.000         0.000         0.000         0.000
 INT            0.000         0.000         0.000         0.000
 E              0.000         0.000         0.000         0.000


           PSI
              S1            ANGRY         INT           E
              ________      ________      ________      ________
 S1             1.000
 ANGRY          0.000         0.152
 INT            0.000         0.000         0.125
 E              0.000         0.000         0.000         0.265



     PRIORS FOR ALL PARAMETERS            PRIOR MEAN      PRIOR VARIANCE     PRIOR STD. DEV.

     Parameter 1~N(0.000,infinity)           0.0000            infinity            infinity
     Parameter 2~IG(-1.000,0.000)          infinity            infinity            infinity
     Parameter 3~IG(-1.000,0.000)          infinity            infinity            infinity
     Parameter 4~N(0.000,infinity)           0.0000            infinity            infinity
     Parameter 5~N(0.000,infinity)           0.0000            infinity            infinity
     Parameter 6~N(0.000,infinity)           0.0000            infinity            infinity
     Parameter 7~N(0.000,infinity)           0.0000            infinity            infinity
     Parameter 8~N(0.000,infinity)           0.0000            infinity            infinity
     Parameter 9~N(0.000,infinity)           0.0000            infinity            infinity
     Parameter 10~IW(0.000,-3)             infinity            infinity            infinity
     Parameter 11~IW(0.000,-3)             infinity            infinity            infinity
     Parameter 12~IW(0.000,-3)             infinity            infinity            infinity
     Parameter 13~IG(-1.000,0.000)         infinity            infinity            infinity


TECHNICAL 8 OUTPUT


   TECHNICAL 8 OUTPUT FOR BAYES ESTIMATION

     CHAIN    BSEED
     1        0
     2        285380

                     POTENTIAL       PARAMETER WITH
     ITERATION    SCALE REDUCTION      HIGHEST PSR
     100              1.061               4
     200              1.017               7
     300              1.005               7
     400              1.005               4
     500              1.004               4
     600              1.010               4
     700              1.004               7
     800              1.005               7
     900              1.009               7
     1000             1.001               7
     1100             1.001               9
     1200             1.000               1
     1300             1.003               7
     1400             1.001               7
     1500             1.003               7
     1600             1.002               9
     1700             1.005               7
     1800             1.005               7
     1900             1.004               7
     2000             1.001               7
     2100             1.001               9
     2200             1.001               9
     2300             1.001               9
     2400             1.001               9
     2500             1.002               4
     2600             1.002               4
     2700             1.001               4
     2800             1.001               4
     2900             1.001               4
     3000             1.001               4
     3100             1.001               4
     3200             1.001               4
     3300             1.001               4
     3400             1.000               8
     3500             1.000               1
     3600             1.000               8
     3700             1.000               1
     3800             1.000               7
     3900             1.000               7
     4000             1.000               7
     4100             1.000               7
     4200             1.000               7
     4300             1.001               7
     4400             1.001               7
     4500             1.001               7
     4600             1.002               7
     4700             1.002               7
     4800             1.001               7
     4900             1.001               7
     5000             1.002               7
     5100             1.001               7
     5200             1.001               7
     5300             1.001               7
     5400             1.001               4
     5500             1.001               4
     5600             1.001               4
     5700             1.002               7
     5800             1.002               7
     5900             1.001               7
     6000             1.001               7
     6100             1.002               7
     6200             1.002               7
     6300             1.001               7
     6400             1.001               7
     6500             1.001               7
     6600             1.001               7
     6700             1.001               7
     6800             1.001               7
     6900             1.001               7
     7000             1.001               7
     7100             1.001               7
     7200             1.001               7
     7300             1.001               7
     7400             1.001               7
     7500             1.001               7
     7600             1.000               7
     7700             1.001               7
     7800             1.000               7
     7900             1.000               9
     8000             1.000               9
     8100             1.000               7
     8200             1.000               9
     8300             1.000               9
     8400             1.000               9
     8500             1.000               9
     8600             1.000               9
     8700             1.000               9
     8800             1.000               9
     8900             1.000               9
     9000             1.000               9
     9100             1.000               9
     9200             1.000               9
     9300             1.000               9
     9400             1.000               1
     9500             1.000               1
     9600             1.000               9
     9700             1.000               1
     9800             1.000               1
     9900             1.000               7
     10000            1.000               7


     Beginning Time:  01:50:02
        Ending Time:  01:57:19
       Elapsed Time:  00:07:17



MUTHEN & MUTHEN
3463 Stoner Ave.
Los Angeles, CA  90066

Tel: (310) 391-9971
Fax: (310) 391-8971
Web: www.StatModel.com
Support: Support@StatModel.com

Copyright (c) 1998-2020 Muthen & Muthen
