Mplus VERSION 8.5 (Mac)
MUTHEN & MUTHEN
03/16/2022   6:23 PM

INPUT INSTRUCTIONS

  TITLE: Analysis 2+3
  DATA: FILE = analysis3_S2.dat;
  VARIABLE:
  NAMES = ID WB content stressed lonely
  peers family weak_ties
  E A C N O gender ethnicity SES weekend;
  USEVARIABLES = WB
  peers family weak_ties
  weekend gender ethnicity SES;
  CLUSTER = ID;
  WITHIN = weekend;
  BETWEEN = gender ethnicity SES;
  MISSING = .;
  ANALYSIS: TYPE = TWOLEVEL RANDOM; ESTIMATOR = BAYES;
  BITERATIONS = (10000); PROCESSORS = 2;
  MODEL:
  %WITHIN%
  ! Well-being is predicted by peers, the slope is random
  S1 | WB ON peers;
  ! Well-being is predicted by family, the slope is random
  S2 | WB ON family;
  ! Well-being is predicted by weak ties, the slope is random
  S3 | WB ON weak_ties;
  ! Control for weekend
  WB ON weekend;
  %BETWEEN%
  ! Covariance between intercept and slopes
  WB S1-S3 WITH WB S1-S3;
  ! The intercept is predicted by peers
  WB ON peers;
  ! The intercept is predicted by family
  WB ON family;
  ! The intercept is predicted by weak ties
  WB ON weak_ties;
  ! Control for demographic variables
  WB ON gender ethnicity SES;
  OUTPUT: STDYX STDY TECH8;



*** WARNING in VARIABLE command
  Note that only the first 8 characters of variable names are used in the output.
  Shorten variable names to avoid any confusion.
*** WARNING in MODEL command
  In the MODEL command, the x variable on the WITHIN level has been turned into a
  y variable to enable latent variable decomposition.  This variable will be treated
  as a y-variable on both levels:  PEERS
*** WARNING in MODEL command
  In the MODEL command, the x variable on the WITHIN level has been turned into a
  y variable to enable latent variable decomposition.  This variable will be treated
  as a y-variable on both levels:  FAMILY
*** WARNING in MODEL command
  In the MODEL command, the x variable on the WITHIN level has been turned into a
  y variable to enable latent variable decomposition.  This variable will be treated
  as a y-variable on both levels:  WEAK_TIES
*** WARNING
  One or more individual-level variables have no variation within a
  cluster for the following clusters.

     Variable   Cluster IDs with no within-cluster variation

      WB          134 157 171 384
      PEERS       134 504 703 384 751 605 440 307 680 352 603 498 209 165 114 589 276 241 752
                  390 364 286
      FAMILY      134 504 157 171 703 384 751 605 440 197 741 293 39 350 856 277 650 502 3 680
                  352 382 289 5 268 498 368 118 316 209 238 626 777 783 533 657 114 314 480 489
                  133 212 747 425 599 698 276 216 343 126 443 849 417 107 563 111 454 615 102
                  814 836 362 668 10 30 483 672 123 608 491 842 144 631 398 72 241 618 435 99
                  217 137 325 279 627 772 58 387 695 542 390 178 45 677 298 854 255 706 256 470
                  318 522 845 206 179 771 371 548 82 531 782 517 495 481 575 700 734 12 49 769
                  719 294 361 236 474 739 578 773 804 180 736 108 458 320 22 428 596 848 506 419
                  401 838 405 164 26 138 740 803 475 758 464 78 824 459 784 654 539 57 172 20
                  87 62 28 153 514 136 572 815 520 499 659 850 465
      WEAK_TIE    215 134 504 157 703 384 751 605 440 741 293 350 277 307 650 438 680 352 289
                  603 498 368 118 209 626 657 114 621 326 599 276 216 194 126 142 302 563 836
                  220 668 10 463 30 505 748 471 241 244 222 635 451 695 754 542 390 36 683 837
                  380 206 67 531 583 516 411 809 704 180 718 776 756 421 540 106 573 378 444 87
                  738 202 667
      WEEKEND     134 504 157 751 605 440 197 293 39 350 307 650 502 3 680 5 268 316 209 849 668

*** WARNING
  Data set contains cases with missing on x-variables.
  These cases were not included in the analysis.
  Number of cases with missing on x-variables:  10856
   6 WARNING(S) FOUND IN THE INPUT INSTRUCTIONS



Analysis 2+3

SUMMARY OF ANALYSIS

Number of groups                                                 1
Number of observations                                        9995

Number of dependent variables                                    4
Number of independent variables                                  4
Number of continuous latent variables                            3

Observed dependent variables

  Continuous
   WB          PEERS       FAMILY      WEAK_TIES

Observed independent variables
   WEEKEND     GENDER      ETHNICIT    SES

Continuous latent variables
   S1          S2          S3

Variables with special functions

  Cluster variable      ID

  Within variables
   WEEKEND

  Between variables
   GENDER      ETHNICIT    SES


Estimator                                                    BAYES
Specifications for Bayesian Estimation
  Point estimate                                            MEDIAN
  Number of Markov chain Monte Carlo (MCMC) chains               2
  Random seed for the first chain                                0
  Starting value information                           UNPERTURBED
  Algorithm used for Markov chain Monte Carlo           GIBBS(PX1)
  Convergence criterion                                  0.500D-01
  Maximum number of iterations                               50000
  K-th iteration used for thinning                               1

Input data file(s)
  analysis3_S2.dat
Input data format  FREE


SUMMARY OF DATA

     Number of clusters                        419

       Size (s)    Cluster ID with Size s

          1        21 33 46 189 259 301 450 453 594 723 818
          2        215 134 504 157 171 703 384 751
          3        605 440 197 741 293 39 350 856
          4        277 307 650 502 438
          5        3 680 352 382 289 5 603 268
          6        498 368 806
          7        118 316 363 209
          8        238 626 777 783 533 657 165 114 296
          9        314 621 326 480 489 589 147
         10        133 212 747 425 432 38 599 698 276
         11        216 194 343 126 443 142 828 849
         12        302 417 728 107 563 111 847 454
         13        317 615 155 102 814 162 836 839 220 362 668
         14        766 587 789 10 812 651 653 463 30 483
         15        672 305 123 608 505 267 366 491 842 369 748
         16        144 631 29 592 442 744
         17        122 509 92 398 72 471 35 241 685 618 435 244 99 23 217
                   137 91
         18        34 325 279 627 512 222 644 370 763 772 528 58 788
         19        635 757 451 707 387 829 158 695
         20        66 752 754 31 542 732 43 390 191
         21        178 403 45 41 264 770 677 639 298 785 854 245
         22        255 706 256 467 713 470 113 798 670 566 821 318 36 683
                   522 837 844 845 380
         23        63 206 149 143 179 32 771 694 817
         24        67 628 690 159 371 729 232 427 190 663 548
         25        501 1 681 82 531 841 243 782 622 819 105 583
         26        160 715 717 385 81 516 517 737 495
         27        716 225 481 693 40 575 794 700 734 562 709 411 493
         28        281 250 809 12 221 174 176 70 853 71
         29        49 769 95 719 294 361 236 761 474 365
         30        354 833 808 739 327 578 773 804
         31        704 180 9 524 488 736 530 234 718 108
         32        545 167 776 614 458 756 460 561 534 400 386 446
         33        421 320 146 130 22 527 428 596 249 848 630 674 506
         34        540 795 419 116 401 838 226 405 127 430 52 388 164 652
                   625 26
         35        124 138 740 803 475 758
         36        106 573 464 78 824 581 665
         37        538 459 647 101 784
         38        551 641 391 656 476
         39        726 654 89 636 539 640 186
         40        378 767
         41        444 57 172 439 20 273
         42        364 377 286 780 602 177
         43        492 87 62 28 738 558
         44        153 576 514 699 202
         45        136 607 185 572
         46        667 815 272 323
         47        367 692 319
         48        520
         49        418 308 529
         51        569
         52        499
         53        429 659
         54        696
         55        252 850 284
         56        775
         59        465 141 525



COVARIANCE COVERAGE OF DATA

Minimum covariance coverage value   0.100

     Number of missing data patterns             2


     PROPORTION OF DATA PRESENT


           Covariance Coverage
              WB            PEERS         FAMILY        WEAK_TIE      WEEKEND
              ________      ________      ________      ________      ________
 WB             0.998
 PEERS          0.998         1.000
 FAMILY         0.998         1.000         1.000
 WEAK_TIE       0.998         1.000         1.000         1.000
 WEEKEND        0.998         1.000         1.000         1.000         1.000
 GENDER         0.998         1.000         1.000         1.000         1.000
 ETHNICIT       0.998         1.000         1.000         1.000         1.000
 SES            0.998         1.000         1.000         1.000         1.000


           Covariance Coverage
              GENDER        ETHNICIT      SES
              ________      ________      ________
 GENDER         1.000
 ETHNICIT       1.000         1.000
 SES            1.000         1.000         1.000



UNIVARIATE SAMPLE STATISTICS


     UNIVARIATE HIGHER-ORDER MOMENT DESCRIPTIVE STATISTICS

         Variable/         Mean/     Skewness/   Minimum/ % with                Percentiles
        Sample Size      Variance    Kurtosis    Maximum  Min/Max      20%/60%    40%/80%    Median

     WB                    2.962      -0.502       1.000    1.34%       2.333      3.000      3.000
            9974.000       0.479      -0.186       4.000   10.30%       3.333      3.667
     PEERS                 0.462       0.153       0.000   53.82%       0.000      0.000      0.000
            9995.000       0.249      -1.977       1.000   46.18%       1.000      1.000
     FAMILY                0.090       2.860       0.000   90.98%       0.000      0.000      0.000
            9995.000       0.082       6.180       1.000    9.02%       0.000      0.000
     WEAK_TIES             0.127       2.234       0.000   87.25%       0.000      0.000      0.000
            9995.000       0.111       2.991       1.000   12.75%       0.000      0.000
     WEEKEND               0.294       0.902       0.000   70.56%       0.000      0.000      0.000
            9995.000       0.208      -1.186       1.000   29.44%       0.000      1.000
     GENDER                0.611      -0.455       0.000   38.90%       0.000      1.000      1.000
             419.000       0.238      -1.793       1.000   61.10%       1.000      1.000
     ETHNICITY             0.687      -0.808       0.000   31.26%       0.000      1.000      1.000
             419.000       0.215      -1.347       1.000   68.74%       1.000      1.000
     SES                   0.878      -2.314       0.000   12.17%       1.000      1.000      1.000
             419.000       0.107       3.354       1.000   87.83%       1.000      1.000


THE MODEL ESTIMATION TERMINATED NORMALLY

     USE THE FBITERATIONS OPTION TO INCREASE THE NUMBER OF ITERATIONS BY A FACTOR
     OF AT LEAST TWO TO CHECK CONVERGENCE AND THAT THE PSR VALUE DOES NOT INCREASE.



MODEL FIT INFORMATION

Number of Free Parameters                              31

Information Criteria

          Deviance (DIC)                        35636.221
          Estimated Number of Parameters (pD)    1521.837



MODEL RESULTS

                                Posterior  One-Tailed         95% C.I.
                    Estimate       S.D.      P-Value   Lower 2.5%  Upper 2.5%  Significance

Within Level

 WB         ON
    WEEKEND            0.123       0.012      0.000       0.100       0.146      *

 Variances
    PEERS              0.195       0.003      0.000       0.189       0.200      *
    FAMILY             0.070       0.001      0.000       0.068       0.071      *
    WEAK_TIES          0.103       0.001      0.000       0.100       0.106      *

 Residual Variances
    WB                 0.257       0.004      0.000       0.250       0.265      *

Between Level

 WB         ON
    PEERS             -0.006       0.128      0.480      -0.254       0.244
    FAMILY            -0.255       0.254      0.154      -0.747       0.251
    WEAK_TIES         -0.138       0.341      0.343      -0.778       0.542
    GENDER            -0.031       0.047      0.259      -0.124       0.060
    ETHNICITY         -0.101       0.050      0.024      -0.200      -0.001      *
    SES               -0.117       0.069      0.045      -0.249       0.020

 WB       WITH
    S1                -0.018       0.008      0.014      -0.034      -0.002      *
    S2                -0.009       0.013      0.259      -0.035       0.018
    S3                -0.041       0.010      0.000      -0.062      -0.021      *

 S1       WITH
    S2                 0.017       0.010      0.030      -0.001       0.037
    S3                 0.002       0.006      0.373      -0.009       0.016

 S2       WITH
    S3                -0.004       0.010      0.361      -0.022       0.018

 Means
    PEERS              0.475       0.012      0.000       0.450       0.499      *
    FAMILY             0.092       0.006      0.000       0.079       0.104      *
    WEAK_TIES          0.131       0.006      0.000       0.120       0.143      *
    S1                 0.182       0.016      0.000       0.149       0.214      *
    S2                 0.202       0.030      0.000       0.143       0.259      *
    S3                 0.070       0.021      0.001       0.028       0.111      *

 Intercepts
    WB                 3.135       0.130      0.000       2.880       3.383      *

 Variances
    PEERS              0.053       0.005      0.000       0.045       0.063      *
    FAMILY             0.013       0.001      0.000       0.011       0.016      *
    WEAK_TIES          0.009       0.001      0.000       0.007       0.011      *
    S1                 0.022       0.007      0.000       0.010       0.037      *
    S2                 0.067       0.018      0.000       0.036       0.108      *
    S3                 0.020       0.009      0.000       0.006       0.040      *

 Residual Variances
    WB                 0.198       0.016      0.000       0.171       0.232      *


STANDARDIZED MODEL RESULTS


STDYX Standardization

                                Posterior  One-Tailed         95% C.I.
                    Estimate       S.D.      P-Value   Lower 2.5%  Upper 2.5%  Significance

Within-Level Standardized Estimates Averaged Over Clusters

 S1 | WB ON
    PEERS              0.148       0.013      0.000       0.123       0.173      *

 S2 | WB ON
    FAMILY             0.097       0.013      0.000       0.073       0.123      *

 S3 | WB ON
    WEAK_TIES          0.042       0.013      0.001       0.016       0.068      *

 WB         ON
    WEEKEND            0.095       0.009      0.000       0.077       0.112      *

 Variances
    PEERS              1.000       0.000      0.000       1.000       1.000
    FAMILY             1.000       0.000      0.000       1.000       1.000
    WEAK_TIES          1.000       0.000      0.000       1.000       1.000

 Residual Variances
    WB                 0.918       0.008      0.000       0.901       0.932      *

Between Level

 WB         ON
    PEERS             -0.003       0.065      0.480      -0.129       0.124
    FAMILY            -0.065       0.064      0.154      -0.188       0.063
    WEAK_TIES         -0.028       0.070      0.343      -0.158       0.112
    GENDER            -0.023       0.035      0.259      -0.094       0.044
    ETHNICITY         -0.074       0.037      0.024      -0.144      -0.001      *
    SES               -0.065       0.038      0.045      -0.137       0.011

 WB       WITH
    S1                -0.274       0.126      0.014      -0.524      -0.032      *
    S2                -0.076       0.116      0.259      -0.294       0.154
    S3                -0.663       0.133      0.000      -0.884      -0.364      *

 S1       WITH
    S2                 0.444       0.198      0.030      -0.019       0.766
    S3                 0.095       0.276      0.373      -0.519       0.569

 S2       WITH
    S3                -0.119       0.281      0.361      -0.632       0.380

 Means
    PEERS              2.055       0.100      0.000       1.860       2.257      *
    FAMILY             0.798       0.066      0.000       0.672       0.928      *
    WEAK_TIES          1.403       0.099      0.000       1.217       1.605      *
    S1                 1.231       0.260      0.000       0.862       1.907      *
    S2                 0.785       0.155      0.000       0.519       1.124      *
    S3                 0.492       0.204      0.001       0.180       1.000      *

 Intercepts
    WB                 6.935       0.377      0.000       6.152       7.636      *

 Variances
    PEERS              1.000       0.000      0.000       1.000       1.000
    FAMILY             1.000       0.000      0.000       1.000       1.000
    WEAK_TIES          1.000       0.000      0.000       1.000       1.000
    S1                 1.000       0.000      0.000       1.000       1.000
    S2                 1.000       0.000      0.000       1.000       1.000
    S3                 1.000       0.000      0.000       1.000       1.000

 Residual Variances
    WB                 0.971       0.017      0.000       0.925       0.991      *


STDY Standardization

                                Posterior  One-Tailed         95% C.I.
                    Estimate       S.D.      P-Value   Lower 2.5%  Upper 2.5%  Significance

Within-Level Standardized Estimates Averaged Over Clusters

 S1 | WB ON
    PEERS              0.148       0.013      0.000       0.123       0.173      *

 S2 | WB ON
    FAMILY             0.097       0.013      0.000       0.073       0.123      *

 S3 | WB ON
    WEAK_TIES          0.042       0.013      0.001       0.016       0.068      *

 WB         ON
    WEEKEND            0.232       0.022      0.000       0.189       0.274      *

 Variances
    PEERS              1.000       0.000      0.000       1.000       1.000
    FAMILY             1.000       0.000      0.000       1.000       1.000
    WEAK_TIES          1.000       0.000      0.000       1.000       1.000

 Residual Variances
    WB                 0.918       0.008      0.000       0.901       0.932      *

Between Level

 WB         ON
    PEERS             -0.003       0.065      0.480      -0.129       0.124
    FAMILY            -0.065       0.064      0.154      -0.188       0.063
    WEAK_TIES         -0.028       0.070      0.343      -0.158       0.112
    GENDER            -0.067       0.104      0.259      -0.276       0.131
    ETHNICITY         -0.224       0.111      0.024      -0.435      -0.002      *
    SES               -0.259       0.152      0.045      -0.549       0.043

 WB       WITH
    S1                -0.274       0.126      0.014      -0.524      -0.032      *
    S2                -0.076       0.116      0.259      -0.294       0.154
    S3                -0.663       0.133      0.000      -0.884      -0.364      *

 S1       WITH
    S2                 0.444       0.198      0.030      -0.019       0.766
    S3                 0.095       0.276      0.373      -0.519       0.569

 S2       WITH
    S3                -0.119       0.281      0.361      -0.632       0.380

 Means
    PEERS              2.055       0.100      0.000       1.860       2.257      *
    FAMILY             0.798       0.066      0.000       0.672       0.928      *
    WEAK_TIES          1.403       0.099      0.000       1.217       1.605      *
    S1                 1.231       0.260      0.000       0.862       1.907      *
    S2                 0.785       0.155      0.000       0.519       1.124      *
    S3                 0.492       0.204      0.001       0.180       1.000      *

 Intercepts
    WB                 6.935       0.377      0.000       6.152       7.636      *

 Variances
    PEERS              1.000       0.000      0.000       1.000       1.000
    FAMILY             1.000       0.000      0.000       1.000       1.000
    WEAK_TIES          1.000       0.000      0.000       1.000       1.000
    S1                 1.000       0.000      0.000       1.000       1.000
    S2                 1.000       0.000      0.000       1.000       1.000
    S3                 1.000       0.000      0.000       1.000       1.000

 Residual Variances
    WB                 0.971       0.017      0.000       0.925       0.991      *


R-SQUARE

Within-Level R-Square Averaged Across Clusters

                                Posterior  One-Tailed         95% C.I.
    Variable        Estimate       S.D.      P-Value   Lower 2.5%  Upper 2.5%

    WB                 0.082       0.008      0.000       0.068       0.099

Between Level

                                Posterior  One-Tailed         95% C.I.
    Variable        Estimate       S.D.      P-Value   Lower 2.5%  Upper 2.5%

    WB                 0.029       0.017      0.000       0.009       0.075


TECHNICAL 1 OUTPUT


     PARAMETER SPECIFICATION FOR WITHIN


           NU
              WB            PEERS         FAMILY        WEAK_TIE      WEEKEND
              ________      ________      ________      ________      ________
                    0             0             0             0             0


           LAMBDA
              WB            PEERS         FAMILY        WEAK_TIE      WEEKEND
              ________      ________      ________      ________      ________
 WB                 0             0             0             0             0
 PEERS              0             0             0             0             0
 FAMILY             0             0             0             0             0
 WEAK_TIE           0             0             0             0             0
 WEEKEND            0             0             0             0             0


           THETA
              WB            PEERS         FAMILY        WEAK_TIE      WEEKEND
              ________      ________      ________      ________      ________
 WB                 0
 PEERS              0             0
 FAMILY             0             0             0
 WEAK_TIE           0             0             0             0
 WEEKEND            0             0             0             0             0


           ALPHA
              WB            PEERS         FAMILY        WEAK_TIE      WEEKEND
              ________      ________      ________      ________      ________
                    0             0             0             0             0


           BETA
              WB            PEERS         FAMILY        WEAK_TIE      WEEKEND
              ________      ________      ________      ________      ________
 WB                 0             0             0             0             1
 PEERS              0             0             0             0             0
 FAMILY             0             0             0             0             0
 WEAK_TIE           0             0             0             0             0
 WEEKEND            0             0             0             0             0


           PSI
              WB            PEERS         FAMILY        WEAK_TIE      WEEKEND
              ________      ________      ________      ________      ________
 WB                 2
 PEERS              0             3
 FAMILY             0             0             4
 WEAK_TIE           0             0             0             5
 WEEKEND            0             0             0             0             0


     PARAMETER SPECIFICATION FOR BETWEEN


           NU
              WB            PEERS         FAMILY        WEAK_TIE      GENDER
              ________      ________      ________      ________      ________
                    0             0             0             0             0


           NU
              ETHNICIT      SES
              ________      ________
                    0             0


           LAMBDA
              S1            S2            S3            WB            PEERS
              ________      ________      ________      ________      ________
 WB                 0             0             0             0             0
 PEERS              0             0             0             0             0
 FAMILY             0             0             0             0             0
 WEAK_TIE           0             0             0             0             0
 GENDER             0             0             0             0             0
 ETHNICIT           0             0             0             0             0
 SES                0             0             0             0             0


           LAMBDA
              FAMILY        WEAK_TIE      GENDER        ETHNICIT      SES
              ________      ________      ________      ________      ________
 WB                 0             0             0             0             0
 PEERS              0             0             0             0             0
 FAMILY             0             0             0             0             0
 WEAK_TIE           0             0             0             0             0
 GENDER             0             0             0             0             0
 ETHNICIT           0             0             0             0             0
 SES                0             0             0             0             0


           THETA
              WB            PEERS         FAMILY        WEAK_TIE      GENDER
              ________      ________      ________      ________      ________
 WB                 0
 PEERS              0             0
 FAMILY             0             0             0
 WEAK_TIE           0             0             0             0
 GENDER             0             0             0             0             0
 ETHNICIT           0             0             0             0             0
 SES                0             0             0             0             0


           THETA
              ETHNICIT      SES
              ________      ________
 ETHNICIT           0
 SES                0             0


           ALPHA
              S1            S2            S3            WB            PEERS
              ________      ________      ________      ________      ________
                    6             7             8             9            10


           ALPHA
              FAMILY        WEAK_TIE      GENDER        ETHNICIT      SES
              ________      ________      ________      ________      ________
                   11            12             0             0             0


           BETA
              S1            S2            S3            WB            PEERS
              ________      ________      ________      ________      ________
 S1                 0             0             0             0             0
 S2                 0             0             0             0             0
 S3                 0             0             0             0             0
 WB                 0             0             0             0            13
 PEERS              0             0             0             0             0
 FAMILY             0             0             0             0             0
 WEAK_TIE           0             0             0             0             0
 GENDER             0             0             0             0             0
 ETHNICIT           0             0             0             0             0
 SES                0             0             0             0             0


           BETA
              FAMILY        WEAK_TIE      GENDER        ETHNICIT      SES
              ________      ________      ________      ________      ________
 S1                 0             0             0             0             0
 S2                 0             0             0             0             0
 S3                 0             0             0             0             0
 WB                14            15            16            17            18
 PEERS              0             0             0             0             0
 FAMILY             0             0             0             0             0
 WEAK_TIE           0             0             0             0             0
 GENDER             0             0             0             0             0
 ETHNICIT           0             0             0             0             0
 SES                0             0             0             0             0


           PSI
              S1            S2            S3            WB            PEERS
              ________      ________      ________      ________      ________
 S1                19
 S2                20            21
 S3                22            23            24
 WB                25            26            27            28
 PEERS              0             0             0             0            29
 FAMILY             0             0             0             0             0
 WEAK_TIE           0             0             0             0             0
 GENDER             0             0             0             0             0
 ETHNICIT           0             0             0             0             0
 SES                0             0             0             0             0


           PSI
              FAMILY        WEAK_TIE      GENDER        ETHNICIT      SES
              ________      ________      ________      ________      ________
 FAMILY            30
 WEAK_TIE           0            31
 GENDER             0             0             0
 ETHNICIT           0             0             0             0
 SES                0             0             0             0             0


     STARTING VALUES FOR WITHIN


           NU
              WB            PEERS         FAMILY        WEAK_TIE      WEEKEND
              ________      ________      ________      ________      ________
                0.000         0.000         0.000         0.000         0.000


           LAMBDA
              WB            PEERS         FAMILY        WEAK_TIE      WEEKEND
              ________      ________      ________      ________      ________
 WB             1.000         0.000         0.000         0.000         0.000
 PEERS          0.000         1.000         0.000         0.000         0.000
 FAMILY         0.000         0.000         1.000         0.000         0.000
 WEAK_TIE       0.000         0.000         0.000         1.000         0.000
 WEEKEND        0.000         0.000         0.000         0.000         1.000


           THETA
              WB            PEERS         FAMILY        WEAK_TIE      WEEKEND
              ________      ________      ________      ________      ________
 WB             0.000
 PEERS          0.000         0.000
 FAMILY         0.000         0.000         0.000
 WEAK_TIE       0.000         0.000         0.000         0.000
 WEEKEND        0.000         0.000         0.000         0.000         0.000


           ALPHA
              WB            PEERS         FAMILY        WEAK_TIE      WEEKEND
              ________      ________      ________      ________      ________
                0.000         0.000         0.000         0.000         0.000


           BETA
              WB            PEERS         FAMILY        WEAK_TIE      WEEKEND
              ________      ________      ________      ________      ________
 WB             0.000         0.000         0.000         0.000         0.000
 PEERS          0.000         0.000         0.000         0.000         0.000
 FAMILY         0.000         0.000         0.000         0.000         0.000
 WEAK_TIE       0.000         0.000         0.000         0.000         0.000
 WEEKEND        0.000         0.000         0.000         0.000         0.000


           PSI
              WB            PEERS         FAMILY        WEAK_TIE      WEEKEND
              ________      ________      ________      ________      ________
 WB             0.239
 PEERS          0.000         0.124
 FAMILY         0.000         0.000         0.041
 WEAK_TIE       0.000         0.000         0.000         0.056
 WEEKEND        0.000         0.000         0.000         0.000         0.104


     STARTING VALUES FOR BETWEEN


           NU
              WB            PEERS         FAMILY        WEAK_TIE      GENDER
              ________      ________      ________      ________      ________
                0.000         0.000         0.000         0.000         0.000


           NU
              ETHNICIT      SES
              ________      ________
                0.000         0.000


           LAMBDA
              S1            S2            S3            WB            PEERS
              ________      ________      ________      ________      ________
 WB             0.000         0.000         0.000         1.000         0.000
 PEERS          0.000         0.000         0.000         0.000         1.000
 FAMILY         0.000         0.000         0.000         0.000         0.000
 WEAK_TIE       0.000         0.000         0.000         0.000         0.000
 GENDER         0.000         0.000         0.000         0.000         0.000
 ETHNICIT       0.000         0.000         0.000         0.000         0.000
 SES            0.000         0.000         0.000         0.000         0.000


           LAMBDA
              FAMILY        WEAK_TIE      GENDER        ETHNICIT      SES
              ________      ________      ________      ________      ________
 WB             0.000         0.000         0.000         0.000         0.000
 PEERS          0.000         0.000         0.000         0.000         0.000
 FAMILY         1.000         0.000         0.000         0.000         0.000
 WEAK_TIE       0.000         1.000         0.000         0.000         0.000
 GENDER         0.000         0.000         1.000         0.000         0.000
 ETHNICIT       0.000         0.000         0.000         1.000         0.000
 SES            0.000         0.000         0.000         0.000         1.000


           THETA
              WB            PEERS         FAMILY        WEAK_TIE      GENDER
              ________      ________      ________      ________      ________
 WB             0.000
 PEERS          0.000         0.000
 FAMILY         0.000         0.000         0.000
 WEAK_TIE       0.000         0.000         0.000         0.000
 GENDER         0.000         0.000         0.000         0.000         0.000
 ETHNICIT       0.000         0.000         0.000         0.000         0.000
 SES            0.000         0.000         0.000         0.000         0.000


           THETA
              ETHNICIT      SES
              ________      ________
 ETHNICIT       0.000
 SES            0.000         0.000


           ALPHA
              S1            S2            S3            WB            PEERS
              ________      ________      ________      ________      ________
                0.000         0.000         0.000         2.962         0.462


           ALPHA
              FAMILY        WEAK_TIE      GENDER        ETHNICIT      SES
              ________      ________      ________      ________      ________
                0.090         0.127         0.000         0.000         0.000


           BETA
              S1            S2            S3            WB            PEERS
              ________      ________      ________      ________      ________
 S1             0.000         0.000         0.000         0.000         0.000
 S2             0.000         0.000         0.000         0.000         0.000
 S3             0.000         0.000         0.000         0.000         0.000
 WB             0.000         0.000         0.000         0.000         0.000
 PEERS          0.000         0.000         0.000         0.000         0.000
 FAMILY         0.000         0.000         0.000         0.000         0.000
 WEAK_TIE       0.000         0.000         0.000         0.000         0.000
 GENDER         0.000         0.000         0.000         0.000         0.000
 ETHNICIT       0.000         0.000         0.000         0.000         0.000
 SES            0.000         0.000         0.000         0.000         0.000


           BETA
              FAMILY        WEAK_TIE      GENDER        ETHNICIT      SES
              ________      ________      ________      ________      ________
 S1             0.000         0.000         0.000         0.000         0.000
 S2             0.000         0.000         0.000         0.000         0.000
 S3             0.000         0.000         0.000         0.000         0.000
 WB             0.000         0.000         0.000         0.000         0.000
 PEERS          0.000         0.000         0.000         0.000         0.000
 FAMILY         0.000         0.000         0.000         0.000         0.000
 WEAK_TIE       0.000         0.000         0.000         0.000         0.000
 GENDER         0.000         0.000         0.000         0.000         0.000
 ETHNICIT       0.000         0.000         0.000         0.000         0.000
 SES            0.000         0.000         0.000         0.000         0.000


           PSI
              S1            S2            S3            WB            PEERS
              ________      ________      ________      ________      ________
 S1             1.000
 S2             0.000         1.000
 S3             0.000         0.000         1.000
 WB             0.000         0.000         0.000         0.239
 PEERS          0.000         0.000         0.000         0.000         0.124
 FAMILY         0.000         0.000         0.000         0.000         0.000
 WEAK_TIE       0.000         0.000         0.000         0.000         0.000
 GENDER         0.000         0.000         0.000         0.000         0.000
 ETHNICIT       0.000         0.000         0.000         0.000         0.000
 SES            0.000         0.000         0.000         0.000         0.000


           PSI
              FAMILY        WEAK_TIE      GENDER        ETHNICIT      SES
              ________      ________      ________      ________      ________
 FAMILY         0.041
 WEAK_TIE       0.000         0.056
 GENDER         0.000         0.000         0.116
 ETHNICIT       0.000         0.000         0.000         0.110
 SES            0.000         0.000         0.000         0.000         0.062



     PRIORS FOR ALL PARAMETERS            PRIOR MEAN      PRIOR VARIANCE     PRIOR STD. DEV.

     Parameter 1~N(0.000,infinity)           0.0000            infinity            infinity
     Parameter 2~IG(-1.000,0.000)          infinity            infinity            infinity
     Parameter 3~IG(-1.000,0.000)          infinity            infinity            infinity
     Parameter 4~IG(-1.000,0.000)          infinity            infinity            infinity
     Parameter 5~IG(-1.000,0.000)          infinity            infinity            infinity
     Parameter 6~N(0.000,infinity)           0.0000            infinity            infinity
     Parameter 7~N(0.000,infinity)           0.0000            infinity            infinity
     Parameter 8~N(0.000,infinity)           0.0000            infinity            infinity
     Parameter 9~N(0.000,infinity)           0.0000            infinity            infinity
     Parameter 10~N(0.000,infinity)          0.0000            infinity            infinity
     Parameter 11~N(0.000,infinity)          0.0000            infinity            infinity
     Parameter 12~N(0.000,infinity)          0.0000            infinity            infinity
     Parameter 13~N(0.000,infinity)          0.0000            infinity            infinity
     Parameter 14~N(0.000,infinity)          0.0000            infinity            infinity
     Parameter 15~N(0.000,infinity)          0.0000            infinity            infinity
     Parameter 16~N(0.000,infinity)          0.0000            infinity            infinity
     Parameter 17~N(0.000,infinity)          0.0000            infinity            infinity
     Parameter 18~N(0.000,infinity)          0.0000            infinity            infinity
     Parameter 19~IW(0.000,-5)             infinity            infinity            infinity
     Parameter 20~IW(0.000,-5)             infinity            infinity            infinity
     Parameter 21~IW(0.000,-5)             infinity            infinity            infinity
     Parameter 22~IW(0.000,-5)             infinity            infinity            infinity
     Parameter 23~IW(0.000,-5)             infinity            infinity            infinity
     Parameter 24~IW(0.000,-5)             infinity            infinity            infinity
     Parameter 25~IW(0.000,-5)             infinity            infinity            infinity
     Parameter 26~IW(0.000,-5)             infinity            infinity            infinity
     Parameter 27~IW(0.000,-5)             infinity            infinity            infinity
     Parameter 28~IW(0.000,-5)             infinity            infinity            infinity
     Parameter 29~IG(-1.000,0.000)         infinity            infinity            infinity
     Parameter 30~IG(-1.000,0.000)         infinity            infinity            infinity
     Parameter 31~IG(-1.000,0.000)         infinity            infinity            infinity


TECHNICAL 8 OUTPUT


   TECHNICAL 8 OUTPUT FOR BAYES ESTIMATION

     CHAIN    BSEED
     1        0
     2        285380

                     POTENTIAL       PARAMETER WITH
     ITERATION    SCALE REDUCTION      HIGHEST PSR
     100              2.261               23
     200              1.618               23
     300              1.199               23
     400              1.279               24
     500              1.229               24
     600              1.178               19
     700              1.100               19
     800              1.049               13
     900              1.043               20
     1000             1.031               20
     1100             1.046               23
     1200             1.040               7
     1300             1.029               19
     1400             1.052               19
     1500             1.083               19
     1600             1.064               20
     1700             1.079               20
     1800             1.061               20
     1900             1.087               20
     2000             1.085               20
     2100             1.089               20
     2200             1.091               20
     2300             1.075               20
     2400             1.069               20
     2500             1.063               20
     2600             1.061               20
     2700             1.044               20
     2800             1.037               24
     2900             1.033               24
     3000             1.023               24
     3100             1.012               24
     3200             1.025               23
     3300             1.040               23
     3400             1.057               23
     3500             1.057               23
     3600             1.072               23
     3700             1.087               23
     3800             1.099               23
     3900             1.104               23
     4000             1.104               23
     4100             1.093               23
     4200             1.075               23
     4300             1.087               23
     4400             1.124               23
     4500             1.139               23
     4600             1.146               23
     4700             1.168               23
     4800             1.224               23
     4900             1.249               23
     5000             1.268               23
     5100             1.270               23
     5200             1.266               23
     5300             1.269               23
     5400             1.266               23
     5500             1.264               23
     5600             1.250               23
     5700             1.228               23
     5800             1.219               23
     5900             1.211               23
     6000             1.169               23
     6100             1.147               23
     6200             1.125               23
     6300             1.110               23
     6400             1.085               23
     6500             1.062               23
     6600             1.050               23
     6700             1.042               23
     6800             1.033               23
     6900             1.027               23
     7000             1.014               23
     7100             1.010               23
     7200             1.012               20
     7300             1.016               20
     7400             1.020               20
     7500             1.015               20
     7600             1.014               19
     7700             1.017               19
     7800             1.025               19
     7900             1.029               19
     8000             1.036               19
     8100             1.034               19
     8200             1.035               19
     8300             1.037               19
     8400             1.038               19
     8500             1.035               19
     8600             1.031               19
     8700             1.032               23
     8800             1.032               23
     8900             1.033               23
     9000             1.029               23
     9100             1.021               23
     9200             1.021               19
     9300             1.021               19
     9400             1.023               19
     9500             1.024               19
     9600             1.021               19
     9700             1.021               19
     9800             1.022               19
     9900             1.021               19
     10000            1.021               19


     Beginning Time:  18:23:55
        Ending Time:  18:27:49
       Elapsed Time:  00:03:54



MUTHEN & MUTHEN
3463 Stoner Ave.
Los Angeles, CA  90066

Tel: (310) 391-9971
Fax: (310) 391-8971
Web: www.StatModel.com
Support: Support@StatModel.com

Copyright (c) 1998-2020 Muthen & Muthen
