Mplus VERSION 8.5 (Mac)
MUTHEN & MUTHEN
03/16/2022   3:07 AM

INPUT INSTRUCTIONS

  TITLE: Analysis 2+3
  DATA: FILE = analysis3_S1.dat;
  VARIABLE:
  NAMES = ID WB content stressed lonely
  peers family weak_ties
  E A C N O gender ethnicity SES weekend;
  USEVARIABLES = WB
  peers family weak_ties
  weekend E;
  CLUSTER = ID;
  WITHIN = weekend;
  BETWEEN = E;
  MISSING = .;
  DEFINE: CENTER E (GRANDMEAN);
  ANALYSIS: TYPE = TWOLEVEL RANDOM; ESTIMATOR = BAYES;
  BITERATIONS = (10000); PROCESSORS = 2;
  MODEL:
  %WITHIN%
  ! Well-being is predicted by peers, the slope is random
  S1 | WB ON peers;
  ! Well-being is predicted by family, the slope is random
  S2 | WB ON family;
  ! Well-being is predicted by weak ties, the slope is random
  S3 | WB ON weak_ties;
  ! Control for weekend
  WB ON weekend;
  %BETWEEN%
  ! Covariance between intercept and slopes
  WB S1-S3 WITH WB S1-S3;
  ! The intercept is predicted by peers
  WB ON peers;
  ! The intercept is predicted by family
  WB ON family;
  ! The intercept is predicted by weak ties
  WB ON weak_ties;
  ! The intercept is predicted by extraversion
  WB ON E;
  ! The slopes are predicted by extraversion
  S1-S3 ON E;
  OUTPUT: STDYX STDY TECH8;



*** WARNING in VARIABLE command
  Note that only the first 8 characters of variable names are used in the output.
  Shorten variable names to avoid any confusion.
*** WARNING in MODEL command
  In the MODEL command, the x variable on the WITHIN level has been turned into a
  y variable to enable latent variable decomposition.  This variable will be treated
  as a y-variable on both levels:  PEERS
*** WARNING in MODEL command
  In the MODEL command, the x variable on the WITHIN level has been turned into a
  y variable to enable latent variable decomposition.  This variable will be treated
  as a y-variable on both levels:  FAMILY
*** WARNING in MODEL command
  In the MODEL command, the x variable on the WITHIN level has been turned into a
  y variable to enable latent variable decomposition.  This variable will be treated
  as a y-variable on both levels:  WEAK_TIES
*** WARNING
  One or more individual-level variables have no variation within a
  cluster for the following clusters.

     Variable   Cluster IDs with no within-cluster variation

      WB          385 571 831
      PEERS       181 183 331 385 1040 1348 1006 246 567 413 988 90 913 1128 1179 816 1008 578
                  1294 525 1389 9 732 87 115 17 514 638 934 747 86 59 1224 159 1172 891 1199 93
                  281 496 556 98 372 1325
      FAMILY      181 183 717 331 332 1082 385 1391 16 4 1040 1167 1274 992 1348 1006 1059 938
                  380 323 202 524 424 973 1219 128 14 413 988 1093 569 1123 343 90 637 476 213
                  139 913 1128 1280 1242 910 130 1179 235 64 1237 998 571 1017 5 589 816 851 877
                  805 719 843 1008 522 136 578 774 946 967 549 799 560 278 153 57 709 68 525 1033
                  1373 1203 1074 1092 1007 456 811 830 237 265 1069 407 275 951 1144 1278 103
                  518 1163 1166 433 732 966 441 23 421 87 527 547 941 605 464 613 1371 1050 357
                  1175 674 400 685 704 827 300 222 7 860 874 242 1261 917 628 203 346 1081 365
                  654 207 176 794 179 469 1198 201 317 591 1222 599 426 60 339 550 188 458 923
                  419 468 194 499 106 514 1120 328 1257 1131 1133 638 258 934 824 825 652 847
                  543 672 770 677 1208 334 1099 622 455 718 798 918 1140 173 933 945 392 359 484
                  937 675 8 791 1346 743 1119 1376 699 1216 1049 620 727 86 833 1265 683 1094
                  640 1322 193 375 713 59 147 1053 890 819 676 88 636 687 690 151 642 345 297
                  1331 1339 255 105 1215 786 1224 667 530 73 467 1143 401 444 1161 600 336 919
                  831 929 834 159 391 1213 854 1165 1009 1252 1192 53 1269 1027 1159 412 904 753
                  584 110 760 534 259 298 714 551 789 504 360 1368 83 1253 6 891 896 350 944 327
                  952 1087 239 1250 367 169 1365 927 1186 321 116 387 308 1152 189 1111 316 1212
                  12 489 141 1046 89 511 397 44 804 335 948 277 61 1238 1114 93 436 711 368 1340
                  787 1185 62 1052 507 702 844 134 1217 1075 858 496 692 1090 1210 1045 635 206
                  614 806 921 788 994 1310 1038 930 568 581 828 1337 1234 1138 51 861 1367 1369
                  916 556 1319 420 352 976 724 1177 757 184 1293 1304 544 954 121 1251 1195 177
                  758 491 1218 1184 422 47 703 548 728 586 1077 171 180 1355 1105 99 133 1268
                  723 234 1392 58 749 897 1307 472 393 508 65 208 657 250 879 634 212 585 762
                  557 963 1333 228 776 52 1057 198 681 1137 124 1271 445 40 1385 541 1031 720
                  659 305 688 1227 641 10 1390 565 752 383 306 510 1190 494 1225 1078 505 145
                  936 1344 656 1357 592 893 267 354 403 865 1003 1375 440 143 735 248 531 1289
                  459 925 574 593 991 486 293
      WEAK_TIE    181 183 717 332 1040 1167 992 1348 1004 1006 938 1259 524 423 246 14 413 988
                  569 1248 637 476 1055 139 913 1128 49 130 1171 389 571 816 851 877 719 843 118
                  1008 522 578 774 153 68 525 438 19 1007 456 644 237 407 951 39 1166 975 732
                  1207 87 457 1117 547 1050 1168 400 685 827 706 860 1058 469 1198 1235 11 60
                  550 458 194 106 514 325 328 63 638 934 79 847 543 1208 622 55 1142 50 1062 743
                  1376 86 1285 1303 59 741 1071 345 1224 288 701 919 831 159 394 801 1314 1096
                  712 1273 1027 504 564 6 891 906 1018 1041 971 387 1111 1320 804 226 93 368 509
                  513 844 1021 607 406 496 1090 1210 921 1038 568 369 828 633 984 556 875 1319
                  931 976 315 121 1072 180 837 1105 1268 657 588 454 1057 681 296 729 1385 720
                  1227 565 1023 431 980 344 538 808 398 1375 738 459 122
      WEEKEND     183 717 331 1082 385 1391 16 4 1040 1167 1274 992 1348 938 202 423 973 567 988
                  1123 343 395 213 1154 130 235 389 5 843 950 967 799 1389 1074 750 275 1278 433
                  975 922 803 706 7 917 179 1222 1013 850 1302 943 755 474 868 24 1213 876 607
                  99

*** WARNING
  Data set contains cases with missing on x-variables.
  These cases were not included in the analysis.
  Number of cases with missing on x-variables:  4611
   6 WARNING(S) FOUND IN THE INPUT INSTRUCTIONS



Analysis 2+3

SUMMARY OF ANALYSIS

Number of groups                                                 1
Number of observations                                       29712

Number of dependent variables                                    4
Number of independent variables                                  2
Number of continuous latent variables                            3

Observed dependent variables

  Continuous
   WB          PEERS       FAMILY      WEAK_TIES

Observed independent variables
   WEEKEND     E

Continuous latent variables
   S1          S2          S3

Variables with special functions

  Cluster variable      ID

  Within variables
   WEEKEND

  Between variables
   E

  Centering (GRANDMEAN)
   E


Estimator                                                    BAYES
Specifications for Bayesian Estimation
  Point estimate                                            MEDIAN
  Number of Markov chain Monte Carlo (MCMC) chains               2
  Random seed for the first chain                                0
  Starting value information                           UNPERTURBED
  Algorithm used for Markov chain Monte Carlo           GIBBS(PX1)
  Convergence criterion                                  0.500D-01
  Maximum number of iterations                               50000
  K-th iteration used for thinning                               1

Input data file(s)
  analysis3_S1.dat
Input data format  FREE


SUMMARY OF DATA

     Number of clusters                       1132

       Size (s)    Cluster ID with Size s

          1        84 595 1010 1388
          2        181 183 717 331 332 1082 385 1391
          3        16 4 1040 1167 1274 992 1348 1004 1006
          4        1059 938 380 1259 323 202 524
          5        423 424 973 1219 246 567 128 14 413
          6        988 1093 569 1123 343 90 1247 1248 637 476 1055 1379
                   395 213
          7        1245 139 913 1128 1154 1280 66 1242
          8        910 49 1160 130 1171 1179 235 64 1237 998 389 571 1017
                   5 589 816 92 851 877
          9        805 719 843 118 1008 629 522 136 578 774 946 950 1294
                   778 967 549 799
         10        560 1063 278 153 1106 57 709 68 580 525 1033 210 1373
                   438 1389 1203
         11        1074 1080 682 19 1092 443 1007 456 9 644 811 750 830
                   237 30 660 265 1069
         12        407 275 665 951 39 1255 287 1144 1278 103 518 1163 1166
                   433 975 732 733 922
         13        966 441 1207 23 979 421 87 527 457 1117 547 941 605
                   803 464 613 559 1359 1371 1050 1168 357 1175
         14        674 400 685 704 826 827 706 1005 300 222 7 860 115 874
                   18 884 1048 889 907 242 1058 1261 168 917 628 203 346
                   1081 204 365 654 207 1384 176 794 179 968
         15        469 1191 1197 1198 201 317 591 1222 1235 599 426 11
                   329 17 744 60 1262 761 146 339 550 554 1158 1013 188
                   458 663 923 175 417 792 419 468
         16        850 598 194 499 106 514 325 1120 418 328 1257 1131 1133
                   63 638 1014 258 934 810 577 742 1338 824 825 652 747
                   79 28 847 543 1070
         17        1194 672 770 1201 291 677 970 1208 91 977 334 1099 622
                   455 718 798 218 55 918 1140 1142 173 353 1302 933 186
                   50 943 945 661 755 290 392 1062
         18        887 1051 359 309 767 1156 769 616 484 488 935 937 532
                   675 8 791 1346 743 36 1119 1376 160 695 699 95 1216
                   1049
         19        620 911 727 86 1067 26 833 928 1265 842 446 845 450
                   1285 474 683 1094 1303 1308 640 1317 1322 216 748 868
                   452 193 375 713 59 147 1382 261 1053 1136 890 819
         20        260 741 485 676 88 376 636 1071 818 319 687 690 1286
                   151 1291 100 642 345 297 299 566 1331 24 1339 610 255
                   947 105 1215 1125 786 410 1224 667 530
         21        73 467 437 957 1143 691 288 401 701 444 1161 600 152
                   336 448 294 919 1297 831 120 929 834 773 341 453 159
                   129 391 1118 1213 1032 1121 857 1034 678 394
         22        801 854 1165 997 627 76 650 1172 1236 1314 1086 196
                   1009 1334 1252 1096 1192 1258 1360 712 53 621 1269 1273
                   800 1027 1276 1159 1279
         23        412 902 904 987 753 584 110 760 534 259 298 1182 542
                   495 839 714 1311 606 551 425 789 504 396 563 564 360
                   871 1368 83 312 142 1380 1253 1386 217 6 891 896
         24        882 1282 232 1206 214 350 944 501 795 327 1313 906 1233
                   952 1018 1087 165 1336 239 41 1250 123 367 408 169 1365
                   1039 318 1041 927 971 1186 321 116 876 387
         25        643 764 473 308 1150 1152 1199 209 144 189 1111 316
                   985 1066 1212 190 12 995 489 492 1042 1176 1240 141
                   1046 241 89
         26        939 511 1320 1260 219 397 44 804 694 335 948 277 61
                   1147 226 1238 1108 1244 1377 1114 1296 427 93 533 436
                   284 711 1395
         27        558 101 763 480 1015 174 281 368 570 1318 402 374 965
                   777 301 841 1340 307 536 787 632 1185 62 69 274 1052
                   507 855 856 509 82 97 700 1000 513 702 37 602
         28        844 1145 1021 607 406 1061 1157 1109 555 134 1354 894
                   962 1217 664 1075 901 858 782 496 838 1085 1180 692
                   1089 1090 498 221
         29        347 1210 1324 15 1045 1332 414 635 206 614 178 806 1
                   737 1097 161 921 788 668 1153 1301 990 994 1310 285
                   1038 930 568
         30        693 384 107 32 302 649 581 369 828 1337 829 895 3 22
                   1234 1352 1353 1138 51 861 633 243 1367 1369 1300 244
                   978 245 1022 984 1028 916 556 1068 875
         31        31 74 1319 931 899 111 420 716 1162 348 646 112 781
                   352 1129 1130 976 1350 724 914 1177 757 184 1293 315
                   205 655 820 38 1243 1107 1304 1306 1187 544 954 121
                   1251 1195 399
         32        1249 177 993 758 119 736 230 491 272 898 1218 1184 1264
                   98 814 422 47 703 562 529 1132 351 548 1072 728 1204
                   586 1077
         33        171 247 180 1355 837 793 1287 135 1230 166 416 1327
                   1105 99 133 689 519 1268 723 537 42 234 1392 1141 170
         34        58 439 639 553 749 897 1307 472 1309 1229 523 623 1026
                   393 508 65 1164 964 608 208 657 250 879 634 373 29 974
                   1146
         35        648 212 470 1343 878 912 797 137 1231 886 585 762 1054
                   20 557 588 766 256 867 1098 840 963 1333 996 1335 386
                   228 1397
         36        776 150 454 1363 54 52 1057 432 1374 1126 198 1155 681
                   296 364 270 1064 1065 1137 124 729
         37        1270 1271 573 863 705 185 445 428 40 582 162 81 908
                   500 853 104 70 192 1385 251 1196 541 1031 859 1170 720
         38        465 624 215 1148 626 1101 697 377 659 157 305 187 1323
                   631
         39        1001 1002 125 688 155 883 1227 430 809 641 463 25 10
                   1016 479 434 1390 435 565 131 1023 731
         40        752 276 431 383 832 1239 915 1173 594 671 1134 980 306
                   1372 1267
         41        1349 510 1073 1190 494 1225 429 666 1078 1362 358 2
                   852 344 94 1345 538
         42        618 340 197 503 505 1139 1223 1284 145 253 936
         43        1341 1328 1344 164 656 154 526 1246 388 182 233 662
         44        1256 1079 982 1298 1100 1012 379 808 1124 220 1396 619
         45        1357 71 398 1381 1189 1088 552 745 754 592 893 289 1110
                   880 848 462 67
         46        267 1342 342 262 354 1020 363 403 1200 411 865 679 1003
                   1375 1292 440
         47        1232 143 366 292 561 378 735 836 1029 1295
         48        313 372 113 738 617 1025 481 1283 482 404 248 1214 881
                   338 531 263
         49        1289 449 249 78 231 459 822 925 236 310
         50        475
         51        77 1095 574 796
         52        593 991 779 1076 108 471
         53        807 1356 1325 1383
         54        596 1351
         55        1364 955 13
         56        486 579
         57        293 1228 869
         58        478 1393 903
         59        122 520
         60        756 651 303
         61        1102
         62        138
         63        266
         66        254



COVARIANCE COVERAGE OF DATA

Minimum covariance coverage value   0.100

     Number of missing data patterns             2


     PROPORTION OF DATA PRESENT


           Covariance Coverage
              WB            PEERS         FAMILY        WEAK_TIE      WEEKEND
              ________      ________      ________      ________      ________
 WB             1.000
 PEERS          1.000         1.000
 FAMILY         1.000         1.000         1.000
 WEAK_TIE       1.000         1.000         1.000         1.000
 WEEKEND        1.000         1.000         1.000         1.000         1.000
 E              1.000         1.000         1.000         1.000         1.000


           Covariance Coverage
              E
              ________
 E              1.000



UNIVARIATE SAMPLE STATISTICS


     UNIVARIATE HIGHER-ORDER MOMENT DESCRIPTIVE STATISTICS

         Variable/         Mean/     Skewness/   Minimum/ % with                Percentiles
        Sample Size      Variance    Kurtosis    Maximum  Min/Max      20%/60%    40%/80%    Median

     WB                    2.994      -0.503       1.000    0.99%       2.333      3.000      3.000
           29699.000       0.455      -0.159       4.000   10.81%       3.333      3.667
     PEERS                 0.498       0.009       0.000   50.24%       0.000      0.000      0.000
           29712.000       0.250      -2.000       1.000   49.76%       1.000      1.000
     FAMILY                0.071       3.351       0.000   92.94%       0.000      0.000      0.000
           29712.000       0.066       9.231       1.000    7.06%       0.000      0.000
     WEAK_TIES             0.128       2.233       0.000   87.25%       0.000      0.000      0.000
           29712.000       0.111       2.988       1.000   12.75%       0.000      0.000
     WEEKEND               0.259       1.102       0.000   74.12%       0.000      0.000      0.000
           29712.000       0.192      -0.787       1.000   25.88%       0.000      1.000
     E                     0.000       0.041      -2.010    0.27%      -0.760     -0.260     -0.010
            1132.000       0.674      -0.495       1.865    0.97%       0.240      0.740


THE MODEL ESTIMATION TERMINATED NORMALLY

     USE THE FBITERATIONS OPTION TO INCREASE THE NUMBER OF ITERATIONS BY A FACTOR
     OF AT LEAST TWO TO CHECK CONVERGENCE AND THAT THE PSR VALUE DOES NOT INCREASE.



MODEL FIT INFORMATION

Number of Free Parameters                              32

Information Criteria

          Deviance (DIC)                       100041.855
          Estimated Number of Parameters (pD)    4178.751



MODEL RESULTS

                                Posterior  One-Tailed         95% C.I.
                    Estimate       S.D.      P-Value   Lower 2.5%  Upper 2.5%  Significance

Within Level

 WB         ON
    WEEKEND            0.075       0.007      0.000       0.061       0.089      *

 Variances
    PEERS              0.201       0.002      0.000       0.198       0.204      *
    FAMILY             0.059       0.000      0.000       0.058       0.060      *
    WEAK_TIES          0.104       0.001      0.000       0.102       0.106      *

 Residual Variances
    WB                 0.241       0.002      0.000       0.237       0.245      *

Between Level

 S1         ON
    E                 -0.022       0.012      0.034      -0.044       0.002

 S2         ON
    E                 -0.022       0.022      0.164      -0.066       0.021

 S3         ON
    E                 -0.031       0.014      0.015      -0.057      -0.003      *

 WB         ON
    PEERS             -0.016       0.085      0.424      -0.188       0.146
    FAMILY             0.174       0.212      0.211      -0.245       0.582
    WEAK_TIES         -0.274       0.222      0.110      -0.707       0.170
    E                  0.107       0.017      0.000       0.073       0.142      *

 WB       WITH
    S1                -0.020       0.004      0.000      -0.029      -0.012      *
    S2                -0.023       0.008      0.001      -0.039      -0.008      *
    S3                -0.026       0.005      0.000      -0.037      -0.017      *

 S1       WITH
    S2                 0.024       0.006      0.000       0.014       0.036      *
    S3                 0.012       0.003      0.000       0.006       0.018      *

 S2       WITH
    S3                 0.002       0.006      0.369      -0.008       0.015

 Means
    PEERS              0.514       0.007      0.000       0.500       0.529      *
    FAMILY             0.070       0.003      0.000       0.064       0.076      *
    WEAK_TIES          0.131       0.003      0.000       0.124       0.137      *

 Intercepts
    WB                 2.992       0.071      0.000       2.853       3.131      *
    S1                 0.175       0.010      0.000       0.156       0.194      *
    S2                 0.170       0.018      0.000       0.134       0.205      *
    S3                 0.035       0.012      0.001       0.012       0.058      *

 Variances
    PEERS              0.049       0.002      0.000       0.044       0.054      *
    FAMILY             0.007       0.000      0.000       0.006       0.008      *
    WEAK_TIES          0.008       0.001      0.000       0.007       0.009      *

 Residual Variances
    WB                 0.196       0.009      0.000       0.179       0.214      *
    S1                 0.030       0.004      0.000       0.023       0.039      *
    S2                 0.080       0.012      0.000       0.058       0.105      *
    S3                 0.017       0.005      0.000       0.009       0.028      *


STANDARDIZED MODEL RESULTS


STDYX Standardization

                                Posterior  One-Tailed         95% C.I.
                    Estimate       S.D.      P-Value   Lower 2.5%  Upper 2.5%  Significance

Within-Level Standardized Estimates Averaged Over Clusters

 S1 | WB ON
    PEERS              0.149       0.007      0.000       0.136       0.163      *

 S2 | WB ON
    FAMILY             0.078       0.007      0.000       0.064       0.092      *

 S3 | WB ON
    WEAK_TIES          0.022       0.007      0.000       0.008       0.035      *

 WB         ON
    WEEKEND            0.059       0.005      0.000       0.048       0.069      *

 Variances
    PEERS              1.000       0.000      0.000       1.000       1.000
    FAMILY             1.000       0.000      0.000       1.000       1.000
    WEAK_TIES          1.000       0.000      0.000       1.000       1.000

 Residual Variances
    WB                 0.923       0.004      0.000       0.914       0.930      *

Between Level

 S1         ON
    E                 -0.072       0.039      0.034      -0.149       0.006

 S2         ON
    E                 -0.045       0.045      0.164      -0.134       0.043

 S3         ON
    E                 -0.136       0.064      0.015      -0.266      -0.012      *

 WB         ON
    PEERS             -0.008       0.042      0.424      -0.091       0.072
    FAMILY             0.032       0.039      0.211      -0.046       0.108
    WEAK_TIES         -0.054       0.043      0.110      -0.137       0.033
    E                  0.139       0.022      0.000       0.095       0.182      *

 WB       WITH
    S1                -0.262       0.056      0.000      -0.374      -0.153      *
    S2                -0.187       0.062      0.001      -0.307      -0.061      *
    S3                -0.461       0.091      0.000      -0.638      -0.287      *

 S1       WITH
    S2                 0.495       0.091      0.000       0.299       0.653      *
    S3                 0.524       0.108      0.000       0.295       0.734      *

 S2       WITH
    S3                 0.061       0.164      0.369      -0.227       0.393

 Means
    PEERS              2.332       0.066      0.000       2.204       2.464      *
    FAMILY             0.842       0.042      0.000       0.761       0.926      *
    WEAK_TIES          1.497       0.063      0.000       1.376       1.621      *

 Intercepts
    WB                 6.667       0.214      0.000       6.242       7.074      *
    S1                 1.001       0.087      0.000       0.843       1.184      *
    S2                 0.602       0.080      0.000       0.456       0.769      *
    S3                 0.268       0.102      0.001       0.089       0.488      *

 Variances
    PEERS              1.000       0.000      0.000       1.000       1.000
    FAMILY             1.000       0.000      0.000       1.000       1.000
    WEAK_TIES          1.000       0.000      0.000       1.000       1.000

 Residual Variances
    WB                 0.972       0.010      0.000       0.949       0.986      *
    S1                 0.995       0.006      0.000       0.978       1.000      *
    S2                 0.998       0.005      0.000       0.982       1.000      *
    S3                 0.981       0.019      0.000       0.929       1.000      *


STDY Standardization

                                Posterior  One-Tailed         95% C.I.
                    Estimate       S.D.      P-Value   Lower 2.5%  Upper 2.5%  Significance

Within-Level Standardized Estimates Averaged Over Clusters

 S1 | WB ON
    PEERS              0.149       0.007      0.000       0.136       0.163      *

 S2 | WB ON
    FAMILY             0.078       0.007      0.000       0.064       0.092      *

 S3 | WB ON
    WEAK_TIES          0.022       0.007      0.000       0.008       0.035      *

 WB         ON
    WEEKEND            0.147       0.013      0.000       0.121       0.173      *

 Variances
    PEERS              1.000       0.000      0.000       1.000       1.000
    FAMILY             1.000       0.000      0.000       1.000       1.000
    WEAK_TIES          1.000       0.000      0.000       1.000       1.000

 Residual Variances
    WB                 0.923       0.004      0.000       0.914       0.930      *

Between Level

 S1         ON
    E                 -0.124       0.067      0.034      -0.257       0.010

 S2         ON
    E                 -0.078       0.078      0.164      -0.231       0.075

 S3         ON
    E                 -0.235       0.111      0.015      -0.460      -0.021      *

 WB         ON
    PEERS             -0.008       0.042      0.424      -0.091       0.072
    FAMILY             0.032       0.039      0.211      -0.046       0.108
    WEAK_TIES         -0.054       0.043      0.110      -0.137       0.033
    E                  0.240       0.038      0.000       0.164       0.314      *

 WB       WITH
    S1                -0.262       0.056      0.000      -0.374      -0.153      *
    S2                -0.187       0.062      0.001      -0.307      -0.061      *
    S3                -0.461       0.091      0.000      -0.638      -0.287      *

 S1       WITH
    S2                 0.495       0.091      0.000       0.299       0.653      *
    S3                 0.524       0.108      0.000       0.295       0.734      *

 S2       WITH
    S3                 0.061       0.164      0.369      -0.227       0.393

 Means
    PEERS              2.332       0.066      0.000       2.204       2.464      *
    FAMILY             0.842       0.042      0.000       0.761       0.926      *
    WEAK_TIES          1.497       0.063      0.000       1.376       1.621      *

 Intercepts
    WB                 6.667       0.214      0.000       6.242       7.074      *
    S1                 1.001       0.087      0.000       0.843       1.184      *
    S2                 0.602       0.080      0.000       0.456       0.769      *
    S3                 0.268       0.102      0.001       0.089       0.488      *

 Variances
    PEERS              1.000       0.000      0.000       1.000       1.000
    FAMILY             1.000       0.000      0.000       1.000       1.000
    WEAK_TIES          1.000       0.000      0.000       1.000       1.000

 Residual Variances
    WB                 0.972       0.010      0.000       0.949       0.986      *
    S1                 0.995       0.006      0.000       0.978       1.000      *
    S2                 0.998       0.005      0.000       0.982       1.000      *
    S3                 0.981       0.019      0.000       0.929       1.000      *


R-SQUARE

Within-Level R-Square Averaged Across Clusters

                                Posterior  One-Tailed         95% C.I.
    Variable        Estimate       S.D.      P-Value   Lower 2.5%  Upper 2.5%

    WB                 0.077       0.004      0.000       0.070       0.086

Between Level

                                Posterior  One-Tailed         95% C.I.
    Variable        Estimate       S.D.      P-Value   Lower 2.5%  Upper 2.5%

    WB                 0.028       0.010      0.000       0.014       0.051

                                Posterior  One-Tailed         95% C.I.
    Variable        Estimate       S.D.      P-Value   Lower 2.5%  Upper 2.5%

    S1                 0.005       0.006      0.000       0.000       0.022
    S2                 0.002       0.005      0.000       0.000       0.018
    S3                 0.019       0.019      0.000       0.000       0.071


TECHNICAL 1 OUTPUT


     PARAMETER SPECIFICATION FOR WITHIN


           NU
              WB            PEERS         FAMILY        WEAK_TIE      WEEKEND
              ________      ________      ________      ________      ________
                    0             0             0             0             0


           LAMBDA
              WB            PEERS         FAMILY        WEAK_TIE      WEEKEND
              ________      ________      ________      ________      ________
 WB                 0             0             0             0             0
 PEERS              0             0             0             0             0
 FAMILY             0             0             0             0             0
 WEAK_TIE           0             0             0             0             0
 WEEKEND            0             0             0             0             0


           THETA
              WB            PEERS         FAMILY        WEAK_TIE      WEEKEND
              ________      ________      ________      ________      ________
 WB                 0
 PEERS              0             0
 FAMILY             0             0             0
 WEAK_TIE           0             0             0             0
 WEEKEND            0             0             0             0             0


           ALPHA
              WB            PEERS         FAMILY        WEAK_TIE      WEEKEND
              ________      ________      ________      ________      ________
                    0             0             0             0             0


           BETA
              WB            PEERS         FAMILY        WEAK_TIE      WEEKEND
              ________      ________      ________      ________      ________
 WB                 0             0             0             0             1
 PEERS              0             0             0             0             0
 FAMILY             0             0             0             0             0
 WEAK_TIE           0             0             0             0             0
 WEEKEND            0             0             0             0             0


           PSI
              WB            PEERS         FAMILY        WEAK_TIE      WEEKEND
              ________      ________      ________      ________      ________
 WB                 2
 PEERS              0             3
 FAMILY             0             0             4
 WEAK_TIE           0             0             0             5
 WEEKEND            0             0             0             0             0


     PARAMETER SPECIFICATION FOR BETWEEN


           NU
              WB            PEERS         FAMILY        WEAK_TIE      E
              ________      ________      ________      ________      ________
                    0             0             0             0             0


           LAMBDA
              S1            S2            S3            WB            PEERS
              ________      ________      ________      ________      ________
 WB                 0             0             0             0             0
 PEERS              0             0             0             0             0
 FAMILY             0             0             0             0             0
 WEAK_TIE           0             0             0             0             0
 E                  0             0             0             0             0


           LAMBDA
              FAMILY        WEAK_TIE      E
              ________      ________      ________
 WB                 0             0             0
 PEERS              0             0             0
 FAMILY             0             0             0
 WEAK_TIE           0             0             0
 E                  0             0             0


           THETA
              WB            PEERS         FAMILY        WEAK_TIE      E
              ________      ________      ________      ________      ________
 WB                 0
 PEERS              0             0
 FAMILY             0             0             0
 WEAK_TIE           0             0             0             0
 E                  0             0             0             0             0


           ALPHA
              S1            S2            S3            WB            PEERS
              ________      ________      ________      ________      ________
                    6             7             8             9            10


           ALPHA
              FAMILY        WEAK_TIE      E
              ________      ________      ________
                   11            12             0


           BETA
              S1            S2            S3            WB            PEERS
              ________      ________      ________      ________      ________
 S1                 0             0             0             0             0
 S2                 0             0             0             0             0
 S3                 0             0             0             0             0
 WB                 0             0             0             0            16
 PEERS              0             0             0             0             0
 FAMILY             0             0             0             0             0
 WEAK_TIE           0             0             0             0             0
 E                  0             0             0             0             0


           BETA
              FAMILY        WEAK_TIE      E
              ________      ________      ________
 S1                 0             0            13
 S2                 0             0            14
 S3                 0             0            15
 WB                17            18            19
 PEERS              0             0             0
 FAMILY             0             0             0
 WEAK_TIE           0             0             0
 E                  0             0             0


           PSI
              S1            S2            S3            WB            PEERS
              ________      ________      ________      ________      ________
 S1                20
 S2                21            22
 S3                23            24            25
 WB                26            27            28            29
 PEERS              0             0             0             0            30
 FAMILY             0             0             0             0             0
 WEAK_TIE           0             0             0             0             0
 E                  0             0             0             0             0


           PSI
              FAMILY        WEAK_TIE      E
              ________      ________      ________
 FAMILY            31
 WEAK_TIE           0            32
 E                  0             0             0


     STARTING VALUES FOR WITHIN


           NU
              WB            PEERS         FAMILY        WEAK_TIE      WEEKEND
              ________      ________      ________      ________      ________
                0.000         0.000         0.000         0.000         0.000


           LAMBDA
              WB            PEERS         FAMILY        WEAK_TIE      WEEKEND
              ________      ________      ________      ________      ________
 WB             1.000         0.000         0.000         0.000         0.000
 PEERS          0.000         1.000         0.000         0.000         0.000
 FAMILY         0.000         0.000         1.000         0.000         0.000
 WEAK_TIE       0.000         0.000         0.000         1.000         0.000
 WEEKEND        0.000         0.000         0.000         0.000         1.000


           THETA
              WB            PEERS         FAMILY        WEAK_TIE      WEEKEND
              ________      ________      ________      ________      ________
 WB             0.000
 PEERS          0.000         0.000
 FAMILY         0.000         0.000         0.000
 WEAK_TIE       0.000         0.000         0.000         0.000
 WEEKEND        0.000         0.000         0.000         0.000         0.000


           ALPHA
              WB            PEERS         FAMILY        WEAK_TIE      WEEKEND
              ________      ________      ________      ________      ________
                0.000         0.000         0.000         0.000         0.000


           BETA
              WB            PEERS         FAMILY        WEAK_TIE      WEEKEND
              ________      ________      ________      ________      ________
 WB             0.000         0.000         0.000         0.000         0.000
 PEERS          0.000         0.000         0.000         0.000         0.000
 FAMILY         0.000         0.000         0.000         0.000         0.000
 WEAK_TIE       0.000         0.000         0.000         0.000         0.000
 WEEKEND        0.000         0.000         0.000         0.000         0.000


           PSI
              WB            PEERS         FAMILY        WEAK_TIE      WEEKEND
              ________      ________      ________      ________      ________
 WB             0.227
 PEERS          0.000         0.125
 FAMILY         0.000         0.000         0.033
 WEAK_TIE       0.000         0.000         0.000         0.056
 WEEKEND        0.000         0.000         0.000         0.000         0.096


     STARTING VALUES FOR BETWEEN


           NU
              WB            PEERS         FAMILY        WEAK_TIE      E
              ________      ________      ________      ________      ________
                0.000         0.000         0.000         0.000         0.000


           LAMBDA
              S1            S2            S3            WB            PEERS
              ________      ________      ________      ________      ________
 WB             0.000         0.000         0.000         1.000         0.000
 PEERS          0.000         0.000         0.000         0.000         1.000
 FAMILY         0.000         0.000         0.000         0.000         0.000
 WEAK_TIE       0.000         0.000         0.000         0.000         0.000
 E              0.000         0.000         0.000         0.000         0.000


           LAMBDA
              FAMILY        WEAK_TIE      E
              ________      ________      ________
 WB             0.000         0.000         0.000
 PEERS          0.000         0.000         0.000
 FAMILY         1.000         0.000         0.000
 WEAK_TIE       0.000         1.000         0.000
 E              0.000         0.000         1.000


           THETA
              WB            PEERS         FAMILY        WEAK_TIE      E
              ________      ________      ________      ________      ________
 WB             0.000
 PEERS          0.000         0.000
 FAMILY         0.000         0.000         0.000
 WEAK_TIE       0.000         0.000         0.000         0.000
 E              0.000         0.000         0.000         0.000         0.000


           ALPHA
              S1            S2            S3            WB            PEERS
              ________      ________      ________      ________      ________
                0.000         0.000         0.000         2.994         0.498


           ALPHA
              FAMILY        WEAK_TIE      E
              ________      ________      ________
                0.071         0.128         0.000


           BETA
              S1            S2            S3            WB            PEERS
              ________      ________      ________      ________      ________
 S1             0.000         0.000         0.000         0.000         0.000
 S2             0.000         0.000         0.000         0.000         0.000
 S3             0.000         0.000         0.000         0.000         0.000
 WB             0.000         0.000         0.000         0.000         0.000
 PEERS          0.000         0.000         0.000         0.000         0.000
 FAMILY         0.000         0.000         0.000         0.000         0.000
 WEAK_TIE       0.000         0.000         0.000         0.000         0.000
 E              0.000         0.000         0.000         0.000         0.000


           BETA
              FAMILY        WEAK_TIE      E
              ________      ________      ________
 S1             0.000         0.000         0.000
 S2             0.000         0.000         0.000
 S3             0.000         0.000         0.000
 WB             0.000         0.000         0.000
 PEERS          0.000         0.000         0.000
 FAMILY         0.000         0.000         0.000
 WEAK_TIE       0.000         0.000         0.000
 E              0.000         0.000         0.000


           PSI
              S1            S2            S3            WB            PEERS
              ________      ________      ________      ________      ________
 S1             1.000
 S2             0.000         1.000
 S3             0.000         0.000         1.000
 WB             0.000         0.000         0.000         0.227
 PEERS          0.000         0.000         0.000         0.000         0.125
 FAMILY         0.000         0.000         0.000         0.000         0.000
 WEAK_TIE       0.000         0.000         0.000         0.000         0.000
 E              0.000         0.000         0.000         0.000         0.000


           PSI
              FAMILY        WEAK_TIE      E
              ________      ________      ________
 FAMILY         0.033
 WEAK_TIE       0.000         0.056
 E              0.000         0.000         0.336



     PRIORS FOR ALL PARAMETERS            PRIOR MEAN      PRIOR VARIANCE     PRIOR STD. DEV.

     Parameter 1~N(0.000,infinity)           0.0000            infinity            infinity
     Parameter 2~IG(-1.000,0.000)          infinity            infinity            infinity
     Parameter 3~IG(-1.000,0.000)          infinity            infinity            infinity
     Parameter 4~IG(-1.000,0.000)          infinity            infinity            infinity
     Parameter 5~IG(-1.000,0.000)          infinity            infinity            infinity
     Parameter 6~N(0.000,infinity)           0.0000            infinity            infinity
     Parameter 7~N(0.000,infinity)           0.0000            infinity            infinity
     Parameter 8~N(0.000,infinity)           0.0000            infinity            infinity
     Parameter 9~N(0.000,infinity)           0.0000            infinity            infinity
     Parameter 10~N(0.000,infinity)          0.0000            infinity            infinity
     Parameter 11~N(0.000,infinity)          0.0000            infinity            infinity
     Parameter 12~N(0.000,infinity)          0.0000            infinity            infinity
     Parameter 13~N(0.000,infinity)          0.0000            infinity            infinity
     Parameter 14~N(0.000,infinity)          0.0000            infinity            infinity
     Parameter 15~N(0.000,infinity)          0.0000            infinity            infinity
     Parameter 16~N(0.000,infinity)          0.0000            infinity            infinity
     Parameter 17~N(0.000,infinity)          0.0000            infinity            infinity
     Parameter 18~N(0.000,infinity)          0.0000            infinity            infinity
     Parameter 19~N(0.000,infinity)          0.0000            infinity            infinity
     Parameter 20~IW(0.000,-5)             infinity            infinity            infinity
     Parameter 21~IW(0.000,-5)             infinity            infinity            infinity
     Parameter 22~IW(0.000,-5)             infinity            infinity            infinity
     Parameter 23~IW(0.000,-5)             infinity            infinity            infinity
     Parameter 24~IW(0.000,-5)             infinity            infinity            infinity
     Parameter 25~IW(0.000,-5)             infinity            infinity            infinity
     Parameter 26~IW(0.000,-5)             infinity            infinity            infinity
     Parameter 27~IW(0.000,-5)             infinity            infinity            infinity
     Parameter 28~IW(0.000,-5)             infinity            infinity            infinity
     Parameter 29~IW(0.000,-5)             infinity            infinity            infinity
     Parameter 30~IG(-1.000,0.000)         infinity            infinity            infinity
     Parameter 31~IG(-1.000,0.000)         infinity            infinity            infinity
     Parameter 32~IG(-1.000,0.000)         infinity            infinity            infinity


TECHNICAL 8 OUTPUT


   TECHNICAL 8 OUTPUT FOR BAYES ESTIMATION

     CHAIN    BSEED
     1        0
     2        285380

                     POTENTIAL       PARAMETER WITH
     ITERATION    SCALE REDUCTION      HIGHEST PSR
     100              1.141               14
     200              1.597               22
     300              1.072               6
     400              1.058               25
     500              1.082               24
     600              1.116               24
     700              1.119               24
     800              1.121               24
     900              1.111               24
     1000             1.131               8
     1100             1.097               8
     1200             1.061               8
     1300             1.062               8
     1400             1.046               8
     1500             1.022               22
     1600             1.007               22
     1700             1.016               13
     1800             1.011               24
     1900             1.018               28
     2000             1.021               28
     2100             1.018               25
     2200             1.032               25
     2300             1.051               25
     2400             1.066               25
     2500             1.076               25
     2600             1.096               25
     2700             1.120               25
     2800             1.136               25
     2900             1.139               25
     3000             1.149               25
     3100             1.144               25
     3200             1.142               25
     3300             1.130               25
     3400             1.110               25
     3500             1.102               25
     3600             1.086               25
     3700             1.069               25
     3800             1.059               25
     3900             1.051               25
     4000             1.049               25
     4100             1.043               25
     4200             1.044               25
     4300             1.045               25
     4400             1.033               25
     4500             1.026               25
     4600             1.021               25
     4700             1.019               25
     4800             1.019               25
     4900             1.014               25
     5000             1.008               25
     5100             1.006               14
     5200             1.007               14
     5300             1.005               14
     5400             1.005               14
     5500             1.007               8
     5600             1.009               8
     5700             1.008               8
     5800             1.006               8
     5900             1.005               8
     6000             1.005               8
     6100             1.004               27
     6200             1.004               25
     6300             1.005               25
     6400             1.005               25
     6500             1.004               25
     6600             1.003               25
     6700             1.003               14
     6800             1.004               14
     6900             1.003               21
     7000             1.003               21
     7100             1.004               21
     7200             1.003               21
     7300             1.003               25
     7400             1.003               25
     7500             1.004               25
     7600             1.005               25
     7700             1.006               25
     7800             1.006               25
     7900             1.006               25
     8000             1.004               8
     8100             1.006               25
     8200             1.006               25
     8300             1.007               25
     8400             1.008               25
     8500             1.011               25
     8600             1.012               25
     8700             1.011               25
     8800             1.008               25
     8900             1.009               25
     9000             1.010               25
     9100             1.008               25
     9200             1.007               25
     9300             1.007               25
     9400             1.007               25
     9500             1.010               25
     9600             1.012               25
     9700             1.012               25
     9800             1.012               14
     9900             1.013               14
     10000            1.015               14


     Beginning Time:  03:07:44
        Ending Time:  03:17:14
       Elapsed Time:  00:09:30



MUTHEN & MUTHEN
3463 Stoner Ave.
Los Angeles, CA  90066

Tel: (310) 391-9971
Fax: (310) 391-8971
Web: www.StatModel.com
Support: Support@StatModel.com

Copyright (c) 1998-2020 Muthen & Muthen
