Mplus VERSION 8.5 (Mac)
MUTHEN & MUTHEN
03/16/2022   9:56 AM

INPUT INSTRUCTIONS

  TITLE: Analysis 2+3
  DATA: FILE = analysis3_S3.dat;
  VARIABLE:
  NAMES = ID AB angry worried happy sad WB stressed lonely
  peers family weak_ties
  E A C N O gender ethnicity SES weekend;
  USEVARIABLES = AB
  peers family weak_ties
  weekend N;
  CLUSTER = ID;
  WITHIN = weekend;
  BETWEEN = N;
  MISSING = .;
  DEFINE: CENTER N (GRANDMEAN);
  ANALYSIS: TYPE = TWOLEVEL RANDOM; ESTIMATOR = BAYES;
  BITERATIONS = (10000); PROCESSORS = 2;
  MODEL:
  %WITHIN%
  ! Affect balance is predicted by peers, the slope is random
  S1 | AB ON peers;
  ! Affect balance is predicted by family, the slope is random
  S2 | AB ON family;
  ! Affect balance is predicted by weak ties, the slope is random
  S3 | AB ON weak_ties;
  ! Control for weekend
  AB ON weekend;
  %BETWEEN%
  ! Covariance between intercept and slopes
  AB S1-S3 WITH AB S1-S3;
  ! The intercept is predicted by peers
  AB ON peers;
  ! The intercept is predicted by family
  AB ON family;
  ! The intercept is predicted by weak ties
  AB ON weak_ties;
  ! The intercept is predicted by neuroticism
  AB ON N;
  ! The slopes are predicted by neuroticism
  S1-S3 ON N;
  OUTPUT: STDYX STDY TECH8;



*** WARNING in VARIABLE command
  Note that only the first 8 characters of variable names are used in the output.
  Shorten variable names to avoid any confusion.
*** WARNING in MODEL command
  In the MODEL command, the x variable on the WITHIN level has been turned into a
  y variable to enable latent variable decomposition.  This variable will be treated
  as a y-variable on both levels:  PEERS
*** WARNING in MODEL command
  In the MODEL command, the x variable on the WITHIN level has been turned into a
  y variable to enable latent variable decomposition.  This variable will be treated
  as a y-variable on both levels:  FAMILY
*** WARNING in MODEL command
  In the MODEL command, the x variable on the WITHIN level has been turned into a
  y variable to enable latent variable decomposition.  This variable will be treated
  as a y-variable on both levels:  WEAK_TIES
*** WARNING
  One or more individual-level variables have no variation within a
  cluster for the following clusters.

     Variable   Cluster IDs with no within-cluster variation

      PEERS       160 516 10 608 96 740 598 816 737 131 327 93 130 494 128 352 781 263 884 662
                  532 14 118 358 185 262 851 248 876 276 718 697 428 143 594 156 862 562 36 298
                  124 552 767 303 355 730 591 480 642 45 341 103 587 40 764 603
      FAMILY      160 516 240 806 271 485 625 666 96 740 404 844 369 473 598 280 203 816 820 856
                  737 701 846 555 69 173 669 321 39 135 372 311 237 94 831 183 564 752 110 804
                  381 5 722 93 376 887 671 90 495 834 531 80 37 295 635 322 168 663 230 21 609
                  269 67 142 482 41 236 400 179 31 19 420 533 808 547 643 647 29 657 323 375 367
                  717 439 723 391 632 105 82 339 509 382 721 490 261 653 640 351 672 324 282 291
                  629 146 502 486 57 11 214 627 793 631 554 745 545 876 758 815 76 610 691 313
                  126 430 845 699 378 182 854 81 683 246 3 333 25 199 119 582 257 823 883 650
                  561 830 853 54 700 443 178 218 782 517 426 186 674 344 865 396 537 770 45 570
                  521 707 711 766 283
      WEAK_TIE    160 516 240 10 806 271 608 625 302 96 4 404 844 369 473 203 856 737 880 350
                  846 630 238 290 171 173 152 321 778 703 372 311 306 94 176 183 110 585 804 335
                  381 825 413 797 427 99 887 789 61 834 37 501 635 128 663 230 398 615 656 269
                  798 142 482 400 58 835 595 352 620 533 547 643 29 375 645 695 499 340 289 664
                  391 632 157 805 221 212 509 600 490 592 225 783 680 6 324 282 734 788 239 565
                  502 486 522 165 11 500 667 185 712 568 287 631 554 448 847 524 545 829 758 101
                  815 228 610 233 845 98 792 860 684 534 143 854 81 452 683 3 751 333 549 612
                  210 599 823 685 774 803 102 137 54 686 24 68 506 637 355 266 278 344 865 396
                  824 154 766 406 114 40 55 807 603
      WEEKEND     160 516 240 10 806 271 485 666 49 96 598 737

*** WARNING
  Data set contains cases with missing on x-variables.
  These cases were not included in the analysis.
  Number of cases with missing on x-variables:  5845
   6 WARNING(S) FOUND IN THE INPUT INSTRUCTIONS



Analysis 2+3

SUMMARY OF ANALYSIS

Number of groups                                                 1
Number of observations                                       50103

Number of dependent variables                                    4
Number of independent variables                                  2
Number of continuous latent variables                            3

Observed dependent variables

  Continuous
   AB          PEERS       FAMILY      WEAK_TIES

Observed independent variables
   WEEKEND     N

Continuous latent variables
   S1          S2          S3

Variables with special functions

  Cluster variable      ID

  Within variables
   WEEKEND

  Between variables
   N

  Centering (GRANDMEAN)
   N


Estimator                                                    BAYES
Specifications for Bayesian Estimation
  Point estimate                                            MEDIAN
  Number of Markov chain Monte Carlo (MCMC) chains               2
  Random seed for the first chain                                0
  Starting value information                           UNPERTURBED
  Algorithm used for Markov chain Monte Carlo           GIBBS(PX1)
  Convergence criterion                                  0.500D-01
  Maximum number of iterations                               50000
  K-th iteration used for thinning                               1

Input data file(s)
  analysis3_S3.dat
Input data format  FREE


SUMMARY OF DATA

     Number of clusters                        761

       Size (s)    Cluster ID with Size s

          1        63 477 756
          2        160
          3        516
          4        240 10 806
          5        271 485 608 625
          6        302 666 49 96
          7        4 790 740
          9        404 844
         10        369 473
         11        598 280 203
         12        761 816 820 405 856
         13        52 737 481 558 880
         14        701 350
         16        846 162 630
         17        555
         18        238 265 732
         19        69 290
         22        689
         23        171 173
         24        317 654
         25        152
         26        669 321
         27        529 778 39
         28        703 170 374
         30        459 135 372 311
         31        237 472 306 497
         32        131 814 579 94 888
         33        831 176
         34        183 564
         35        752 110
         36        585 804 335
         37        381 332
         38        825 274 5 510 435
         39        370 336 84 651 722 83 491
         40        403 413 327
         41        93 797
         42        202 215 130
         43        376 556 292 427 99 328 887 2
         44        331 789
         45        316 671 877 424 61 90
         46        495 864 127 834 531 80 850 348
         47        494 37 848 474 501
         48        295 635 337 128 322 463 168 354
         49        663 779 784 230 467 398 21 8 748 609 615 760 656 765
         50        16 269 67 462 20 401 163 523 798
         51        88 142 731 596 277 434 380
         52        482 41 236 729 681 872 833 400 660 179
         53        611 749 31 812 19 244
         54        817 58 164 310 871 194 698 769 835 595 352
         55        445 420 620 533 808 547 235 643 647 727
         56        29 85 657 633 551 198 704 706 886 323 375
         57        623 367 296 371 717 439 723 781
         58        356 470 809 645 768 613 695 217 499 458 340 289 664
                   838 391
         59        263 884 632 157 528
         60        810 567 795 273 72 105 805 82 492 858 863 379
         61        577 97 753 252 715 624 221 223 339 776 212 368 475 509
                   738 382 319 799
         62        46 721 652 600 343 490 123 662 133 592 432 705 261 532
                   716
         63        153 653 14 399 285 640 66 496 253 668 225 351 783 672
                   680
         64        6 227 324 325 132 542 75 282 125 734 431 386 788 43
                   239 291 118 584 629 293
         65        604 259 565 77 571 146 692 216 231 502 819 486 488 785
                   204 250 747 553 57 522 165 670
         66        843 241 22 11 500 454 622 408 358 733 249 214 821 557
                   667 185 794 712 330 229 95
         67        262 429 315 851 349 568 13 572 281 866 47 450 192 209
                   627 793 286 287 796 631 554 243 115
         68        362 448 188 750 248 634 479 709 791 573 847 308 18 471
                   719 560 258
         69        305 117 745 524 545 373 111 876 416 300 754 636 829
                   758 639 101
         70        815 417 628 76 800 228 518 222 177 191 276
         71        260 301 718 89 213 200 201 882 610 839 691 446
         72        313 364 682 739 304 195 233 126 430 539 697 318 845
                   699 98 520 792 92 64
         73        451 860 428 762 254 268 869 646 357 159 33 684 42 363
                   566 534 535 220 447 378 519 143
         74        155 100 513 407 182 854 1 813 81 678 415 452 841 187
                   219
         75        414 461 384 594 683 514 425 601 626 744 388 746 419
                   246
         76        190 644 489 777 3 665 751 247 333 53 156 25 546 655
                   138 549 122
         77        423 441 270 312 677 347 161 505 713 837 612
         78        586 199 119 210 145 582 676 409 257 599 780 714 65
         79        755 208 264 167 763 515 536 353 569 775 621 189 842
                   440
         80        525 823 685 774 883 862 818 498 543 690
         81        562 849 36 840 73 51 614 589 275 659 803
         82        102 597 607 26 650 836 826 561 830
         83        412 618 619
         84        193 855 453 34 483 256 137 853
         85        377 720 298 54 686 62
         86        402 124 251 32 606 24 299 444 28 700 232
         87        15 511 548
         88        552 345 726 272
         89        393 508 411 767 234 881
         90        394 303 757 559 772 694 476 181 68
         91        141 338 465 728 443 506 708 27 637 355 484
         92        178 59 266
         93        50 602 578 827 172 87
         94        563 147 9 730 218 675 782
         95        517 591 278 426 366
         96        186 390 674 344 865 480 469 648 151
         97        642 396 824
         98        109 154 679 537 174 74 255
         99        245 770 605 267 45 226
        101        12 437 570 107
        102        71 759 38 385
        103        140 487 507
        105        658 307 148
        106        120
        107        129 521
        109        106 158 421 360 418
        110        341
        111        707
        112        580 588
        113        711 103 766
        114        283 406 114 530
        115        449 587 40
        116        55
        117        346
        118        436
        119        743
        120        687
        124        180
        126        801 861
        130        764
        131        771
        134        807
        138        603
        141        873



COVARIANCE COVERAGE OF DATA

Minimum covariance coverage value   0.100

     Number of missing data patterns             2


     PROPORTION OF DATA PRESENT


           Covariance Coverage
              AB            PEERS         FAMILY        WEAK_TIE      WEEKEND
              ________      ________      ________      ________      ________
 AB             0.990
 PEERS          0.990         1.000
 FAMILY         0.990         1.000         1.000
 WEAK_TIE       0.990         1.000         1.000         1.000
 WEEKEND        0.990         1.000         1.000         1.000         1.000
 N              0.990         1.000         1.000         1.000         1.000


           Covariance Coverage
              N
              ________
 N              1.000



UNIVARIATE SAMPLE STATISTICS


     UNIVARIATE HIGHER-ORDER MOMENT DESCRIPTIVE STATISTICS

         Variable/         Mean/     Skewness/   Minimum/ % with                Percentiles
        Sample Size      Variance    Kurtosis    Maximum  Min/Max      20%/60%    40%/80%    Median

     AB                    0.924      -0.231      -3.000    0.37%       0.000      0.667      1.000
           49608.000       1.691      -0.408       3.000   10.99%       1.333      2.000
     PEERS                 0.240       1.220       0.000   76.04%       0.000      0.000      0.000
           50103.000       0.182      -0.511       1.000   23.96%       0.000      1.000
     FAMILY                0.096       2.735       0.000   90.36%       0.000      0.000      0.000
           50103.000       0.087       5.482       1.000    9.64%       0.000      0.000
     WEAK_TIES             0.054       3.957       0.000   94.63%       0.000      0.000      0.000
           50103.000       0.051      13.662       1.000    5.37%       0.000      0.000
     WEEKEND               0.267       1.054       0.000   73.31%       0.000      0.000      0.000
           50103.000       0.196      -0.890       1.000   26.69%       0.000      1.000
     N                     0.000      -0.057      -2.095    0.13%      -0.679     -0.179     -0.012
             761.000       0.636      -0.437       1.821    0.26%       0.238      0.738


THE MODEL ESTIMATION TERMINATED NORMALLY

     USE THE FBITERATIONS OPTION TO INCREASE THE NUMBER OF ITERATIONS BY A FACTOR
     OF AT LEAST TWO TO CHECK CONVERGENCE AND THAT THE PSR VALUE DOES NOT INCREASE.



MODEL FIT INFORMATION

Number of Free Parameters                              32

Information Criteria

          Deviance (DIC)                       185958.075
          Estimated Number of Parameters (pD)    3420.735



MODEL RESULTS

                                Posterior  One-Tailed         95% C.I.
                    Estimate       S.D.      P-Value   Lower 2.5%  Upper 2.5%  Significance

Within Level

 AB         ON
    WEEKEND            0.243       0.010      0.000       0.223       0.262      *

 Variances
    PEERS              0.140       0.001      0.000       0.138       0.142      *
    FAMILY             0.074       0.000      0.000       0.073       0.075      *
    WEAK_TIES          0.048       0.000      0.000       0.047       0.048      *

 Residual Variances
    AB                 0.934       0.006      0.000       0.923       0.946      *

Between Level

 S1         ON
    N                  0.038       0.023      0.051      -0.008       0.084

 S2         ON
    N                 -0.001       0.032      0.486      -0.063       0.061

 S3         ON
    N                  0.013       0.030      0.337      -0.046       0.072

 AB         ON
    PEERS              0.956       0.137      0.000       0.687       1.223      *
    FAMILY             0.955       0.255      0.000       0.445       1.460      *
    WEAK_TIES          0.715       0.498      0.075      -0.277       1.708
    N                 -0.509       0.033      0.000      -0.572      -0.444      *

 AB       WITH
    S1                -0.046       0.013      0.000      -0.073      -0.020      *
    S2                -0.029       0.018      0.055      -0.063       0.007
    S3                -0.039       0.018      0.012      -0.075      -0.006      *

 S1       WITH
    S2                 0.029       0.012      0.011       0.005       0.054      *
    S3                 0.026       0.012      0.015       0.002       0.050      *

 S2       WITH
    S3                 0.012       0.016      0.200      -0.016       0.044

 Means
    PEERS              0.257       0.008      0.000       0.241       0.272      *
    FAMILY             0.096       0.004      0.000       0.088       0.105      *
    WEAK_TIES          0.055       0.002      0.000       0.050       0.060      *

 Intercepts
    AB                 0.500       0.064      0.000       0.375       0.624      *
    S1                 0.448       0.019      0.000       0.412       0.485      *
    S2                 0.259       0.026      0.000       0.209       0.309      *
    S3                 0.131       0.025      0.000       0.080       0.181      *

 Variances
    PEERS              0.045       0.002      0.000       0.040       0.050      *
    FAMILY             0.013       0.001      0.000       0.012       0.015      *
    WEAK_TIES          0.003       0.000      0.000       0.003       0.004      *

 Residual Variances
    AB                 0.489       0.027      0.000       0.440       0.545      *
    S1                 0.115       0.013      0.000       0.092       0.142      *
    S2                 0.168       0.022      0.000       0.129       0.216      *
    S3                 0.070       0.019      0.000       0.038       0.112      *


STANDARDIZED MODEL RESULTS


STDYX Standardization

                                Posterior  One-Tailed         95% C.I.
                    Estimate       S.D.      P-Value   Lower 2.5%  Upper 2.5%  Significance

Within-Level Standardized Estimates Averaged Over Clusters

 S1 | AB ON
    PEERS              0.164       0.005      0.000       0.154       0.174      *

 S2 | AB ON
    FAMILY             0.069       0.006      0.000       0.058       0.080      *

 S3 | AB ON
    WEAK_TIES          0.029       0.005      0.000       0.019       0.037      *

 AB         ON
    WEEKEND            0.103       0.004      0.000       0.095       0.112      *

 Variances
    PEERS              1.000       0.000      0.000       1.000       1.000
    FAMILY             1.000       0.000      0.000       1.000       1.000
    WEAK_TIES          1.000       0.000      0.000       1.000       1.000

 Residual Variances
    AB                 0.927       0.003      0.000       0.921       0.932      *

Between Level

 S1         ON
    N                  0.065       0.039      0.051      -0.014       0.140

 S2         ON
    N                 -0.001       0.044      0.486      -0.089       0.085

 S3         ON
    N                  0.028       0.067      0.337      -0.100       0.162

 AB         ON
    PEERS              0.254       0.035      0.000       0.185       0.321      *
    FAMILY             0.137       0.036      0.000       0.065       0.207      *
    WEAK_TIES          0.053       0.037      0.075      -0.021       0.125
    N                 -0.367       0.022      0.000      -0.410      -0.322      *

 AB       WITH
    S1                -0.195       0.055      0.000      -0.301      -0.085      *
    S2                -0.101       0.061      0.055      -0.218       0.023
    S3                -0.214       0.095      0.012      -0.406      -0.032      *

 S1       WITH
    S2                 0.211       0.086      0.011       0.034       0.370      *
    S3                 0.290       0.130      0.015       0.025       0.531      *

 S2       WITH
    S3                 0.117       0.140      0.200      -0.157       0.383

 Means
    PEERS              1.215       0.050      0.000       1.117       1.314      *
    FAMILY             0.845       0.045      0.000       0.756       0.934      *
    WEAK_TIES          0.939       0.051      0.000       0.840       1.043      *

 Intercepts
    AB                 0.630       0.088      0.000       0.459       0.803      *
    S1                 1.318       0.091      0.000       1.149       1.505      *
    S2                 0.631       0.075      0.000       0.490       0.785      *
    S3                 0.497       0.114      0.000       0.291       0.740      *

 Variances
    PEERS              1.000       0.000      0.000       1.000       1.000
    FAMILY             1.000       0.000      0.000       1.000       1.000
    WEAK_TIES          1.000       0.000      0.000       1.000       1.000

 Residual Variances
    AB                 0.775       0.025      0.000       0.723       0.824      *
    S1                 0.996       0.005      0.000       0.980       1.000      *
    S2                 0.999       0.003      0.000       0.990       1.000      *
    S3                 0.998       0.008      0.000       0.973       1.000      *


STDY Standardization

                                Posterior  One-Tailed         95% C.I.
                    Estimate       S.D.      P-Value   Lower 2.5%  Upper 2.5%  Significance

Within-Level Standardized Estimates Averaged Over Clusters

 S1 | AB ON
    PEERS              0.164       0.005      0.000       0.154       0.174      *

 S2 | AB ON
    FAMILY             0.069       0.006      0.000       0.058       0.080      *

 S3 | AB ON
    WEAK_TIES          0.029       0.005      0.000       0.019       0.037      *

 AB         ON
    WEEKEND            0.242       0.010      0.000       0.223       0.263      *

 Variances
    PEERS              1.000       0.000      0.000       1.000       1.000
    FAMILY             1.000       0.000      0.000       1.000       1.000
    WEAK_TIES          1.000       0.000      0.000       1.000       1.000

 Residual Variances
    AB                 0.927       0.003      0.000       0.921       0.932      *

Between Level

 S1         ON
    N                  0.113       0.068      0.051      -0.024       0.245

 S2         ON
    N                 -0.002       0.077      0.486      -0.156       0.148

 S3         ON
    N                  0.048       0.116      0.337      -0.175       0.283

 AB         ON
    PEERS              0.254       0.035      0.000       0.185       0.321      *
    FAMILY             0.137       0.036      0.000       0.065       0.207      *
    WEAK_TIES          0.053       0.037      0.075      -0.021       0.125
    N                 -0.640       0.039      0.000      -0.715      -0.562      *

 AB       WITH
    S1                -0.195       0.055      0.000      -0.301      -0.085      *
    S2                -0.101       0.061      0.055      -0.218       0.023
    S3                -0.214       0.095      0.012      -0.406      -0.032      *

 S1       WITH
    S2                 0.211       0.086      0.011       0.034       0.370      *
    S3                 0.290       0.130      0.015       0.025       0.531      *

 S2       WITH
    S3                 0.117       0.140      0.200      -0.157       0.383

 Means
    PEERS              1.215       0.050      0.000       1.117       1.314      *
    FAMILY             0.845       0.045      0.000       0.756       0.934      *
    WEAK_TIES          0.939       0.051      0.000       0.840       1.043      *

 Intercepts
    AB                 0.630       0.088      0.000       0.459       0.803      *
    S1                 1.318       0.091      0.000       1.149       1.505      *
    S2                 0.631       0.075      0.000       0.490       0.785      *
    S3                 0.497       0.114      0.000       0.291       0.740      *

 Variances
    PEERS              1.000       0.000      0.000       1.000       1.000
    FAMILY             1.000       0.000      0.000       1.000       1.000
    WEAK_TIES          1.000       0.000      0.000       1.000       1.000

 Residual Variances
    AB                 0.775       0.025      0.000       0.723       0.824      *
    S1                 0.996       0.005      0.000       0.980       1.000      *
    S2                 0.999       0.003      0.000       0.990       1.000      *
    S3                 0.998       0.008      0.000       0.973       1.000      *


R-SQUARE

Within-Level R-Square Averaged Across Clusters

                                Posterior  One-Tailed         95% C.I.
    Variable        Estimate       S.D.      P-Value   Lower 2.5%  Upper 2.5%

    AB                 0.073       0.003      0.000       0.068       0.079

Between Level

                                Posterior  One-Tailed         95% C.I.
    Variable        Estimate       S.D.      P-Value   Lower 2.5%  Upper 2.5%

    AB                 0.225       0.025      0.000       0.176       0.277

                                Posterior  One-Tailed         95% C.I.
    Variable        Estimate       S.D.      P-Value   Lower 2.5%  Upper 2.5%

    S1                 0.004       0.005      0.000       0.000       0.020
    S2                 0.001       0.003      0.000       0.000       0.010
    S3                 0.002       0.008      0.000       0.000       0.027


TECHNICAL 1 OUTPUT


     PARAMETER SPECIFICATION FOR WITHIN


           NU
              AB            PEERS         FAMILY        WEAK_TIE      WEEKEND
              ________      ________      ________      ________      ________
                    0             0             0             0             0


           LAMBDA
              AB            PEERS         FAMILY        WEAK_TIE      WEEKEND
              ________      ________      ________      ________      ________
 AB                 0             0             0             0             0
 PEERS              0             0             0             0             0
 FAMILY             0             0             0             0             0
 WEAK_TIE           0             0             0             0             0
 WEEKEND            0             0             0             0             0


           THETA
              AB            PEERS         FAMILY        WEAK_TIE      WEEKEND
              ________      ________      ________      ________      ________
 AB                 0
 PEERS              0             0
 FAMILY             0             0             0
 WEAK_TIE           0             0             0             0
 WEEKEND            0             0             0             0             0


           ALPHA
              AB            PEERS         FAMILY        WEAK_TIE      WEEKEND
              ________      ________      ________      ________      ________
                    0             0             0             0             0


           BETA
              AB            PEERS         FAMILY        WEAK_TIE      WEEKEND
              ________      ________      ________      ________      ________
 AB                 0             0             0             0             1
 PEERS              0             0             0             0             0
 FAMILY             0             0             0             0             0
 WEAK_TIE           0             0             0             0             0
 WEEKEND            0             0             0             0             0


           PSI
              AB            PEERS         FAMILY        WEAK_TIE      WEEKEND
              ________      ________      ________      ________      ________
 AB                 2
 PEERS              0             3
 FAMILY             0             0             4
 WEAK_TIE           0             0             0             5
 WEEKEND            0             0             0             0             0


     PARAMETER SPECIFICATION FOR BETWEEN


           NU
              AB            PEERS         FAMILY        WEAK_TIE      N
              ________      ________      ________      ________      ________
                    0             0             0             0             0


           LAMBDA
              S1            S2            S3            AB            PEERS
              ________      ________      ________      ________      ________
 AB                 0             0             0             0             0
 PEERS              0             0             0             0             0
 FAMILY             0             0             0             0             0
 WEAK_TIE           0             0             0             0             0
 N                  0             0             0             0             0


           LAMBDA
              FAMILY        WEAK_TIE      N
              ________      ________      ________
 AB                 0             0             0
 PEERS              0             0             0
 FAMILY             0             0             0
 WEAK_TIE           0             0             0
 N                  0             0             0


           THETA
              AB            PEERS         FAMILY        WEAK_TIE      N
              ________      ________      ________      ________      ________
 AB                 0
 PEERS              0             0
 FAMILY             0             0             0
 WEAK_TIE           0             0             0             0
 N                  0             0             0             0             0


           ALPHA
              S1            S2            S3            AB            PEERS
              ________      ________      ________      ________      ________
                    6             7             8             9            10


           ALPHA
              FAMILY        WEAK_TIE      N
              ________      ________      ________
                   11            12             0


           BETA
              S1            S2            S3            AB            PEERS
              ________      ________      ________      ________      ________
 S1                 0             0             0             0             0
 S2                 0             0             0             0             0
 S3                 0             0             0             0             0
 AB                 0             0             0             0            16
 PEERS              0             0             0             0             0
 FAMILY             0             0             0             0             0
 WEAK_TIE           0             0             0             0             0
 N                  0             0             0             0             0


           BETA
              FAMILY        WEAK_TIE      N
              ________      ________      ________
 S1                 0             0            13
 S2                 0             0            14
 S3                 0             0            15
 AB                17            18            19
 PEERS              0             0             0
 FAMILY             0             0             0
 WEAK_TIE           0             0             0
 N                  0             0             0


           PSI
              S1            S2            S3            AB            PEERS
              ________      ________      ________      ________      ________
 S1                20
 S2                21            22
 S3                23            24            25
 AB                26            27            28            29
 PEERS              0             0             0             0            30
 FAMILY             0             0             0             0             0
 WEAK_TIE           0             0             0             0             0
 N                  0             0             0             0             0


           PSI
              FAMILY        WEAK_TIE      N
              ________      ________      ________
 FAMILY            31
 WEAK_TIE           0            32
 N                  0             0             0


     STARTING VALUES FOR WITHIN


           NU
              AB            PEERS         FAMILY        WEAK_TIE      WEEKEND
              ________      ________      ________      ________      ________
                0.000         0.000         0.000         0.000         0.000


           LAMBDA
              AB            PEERS         FAMILY        WEAK_TIE      WEEKEND
              ________      ________      ________      ________      ________
 AB             1.000         0.000         0.000         0.000         0.000
 PEERS          0.000         1.000         0.000         0.000         0.000
 FAMILY         0.000         0.000         1.000         0.000         0.000
 WEAK_TIE       0.000         0.000         0.000         1.000         0.000
 WEEKEND        0.000         0.000         0.000         0.000         1.000


           THETA
              AB            PEERS         FAMILY        WEAK_TIE      WEEKEND
              ________      ________      ________      ________      ________
 AB             0.000
 PEERS          0.000         0.000
 FAMILY         0.000         0.000         0.000
 WEAK_TIE       0.000         0.000         0.000         0.000
 WEEKEND        0.000         0.000         0.000         0.000         0.000


           ALPHA
              AB            PEERS         FAMILY        WEAK_TIE      WEEKEND
              ________      ________      ________      ________      ________
                0.000         0.000         0.000         0.000         0.000


           BETA
              AB            PEERS         FAMILY        WEAK_TIE      WEEKEND
              ________      ________      ________      ________      ________
 AB             0.000         0.000         0.000         0.000         0.000
 PEERS          0.000         0.000         0.000         0.000         0.000
 FAMILY         0.000         0.000         0.000         0.000         0.000
 WEAK_TIE       0.000         0.000         0.000         0.000         0.000
 WEEKEND        0.000         0.000         0.000         0.000         0.000


           PSI
              AB            PEERS         FAMILY        WEAK_TIE      WEEKEND
              ________      ________      ________      ________      ________
 AB             0.845
 PEERS          0.000         0.091
 FAMILY         0.000         0.000         0.044
 WEAK_TIE       0.000         0.000         0.000         0.025
 WEEKEND        0.000         0.000         0.000         0.000         0.098


     STARTING VALUES FOR BETWEEN


           NU
              AB            PEERS         FAMILY        WEAK_TIE      N
              ________      ________      ________      ________      ________
                0.000         0.000         0.000         0.000         0.000


           LAMBDA
              S1            S2            S3            AB            PEERS
              ________      ________      ________      ________      ________
 AB             0.000         0.000         0.000         1.000         0.000
 PEERS          0.000         0.000         0.000         0.000         1.000
 FAMILY         0.000         0.000         0.000         0.000         0.000
 WEAK_TIE       0.000         0.000         0.000         0.000         0.000
 N              0.000         0.000         0.000         0.000         0.000


           LAMBDA
              FAMILY        WEAK_TIE      N
              ________      ________      ________
 AB             0.000         0.000         0.000
 PEERS          0.000         0.000         0.000
 FAMILY         1.000         0.000         0.000
 WEAK_TIE       0.000         1.000         0.000
 N              0.000         0.000         1.000


           THETA
              AB            PEERS         FAMILY        WEAK_TIE      N
              ________      ________      ________      ________      ________
 AB             0.000
 PEERS          0.000         0.000
 FAMILY         0.000         0.000         0.000
 WEAK_TIE       0.000         0.000         0.000         0.000
 N              0.000         0.000         0.000         0.000         0.000


           ALPHA
              S1            S2            S3            AB            PEERS
              ________      ________      ________      ________      ________
                0.000         0.000         0.000         0.924         0.240


           ALPHA
              FAMILY        WEAK_TIE      N
              ________      ________      ________
                0.096         0.054         0.000


           BETA
              S1            S2            S3            AB            PEERS
              ________      ________      ________      ________      ________
 S1             0.000         0.000         0.000         0.000         0.000
 S2             0.000         0.000         0.000         0.000         0.000
 S3             0.000         0.000         0.000         0.000         0.000
 AB             0.000         0.000         0.000         0.000         0.000
 PEERS          0.000         0.000         0.000         0.000         0.000
 FAMILY         0.000         0.000         0.000         0.000         0.000
 WEAK_TIE       0.000         0.000         0.000         0.000         0.000
 N              0.000         0.000         0.000         0.000         0.000


           BETA
              FAMILY        WEAK_TIE      N
              ________      ________      ________
 S1             0.000         0.000         0.000
 S2             0.000         0.000         0.000
 S3             0.000         0.000         0.000
 AB             0.000         0.000         0.000
 PEERS          0.000         0.000         0.000
 FAMILY         0.000         0.000         0.000
 WEAK_TIE       0.000         0.000         0.000
 N              0.000         0.000         0.000


           PSI
              S1            S2            S3            AB            PEERS
              ________      ________      ________      ________      ________
 S1             1.000
 S2             0.000         1.000
 S3             0.000         0.000         1.000
 AB             0.000         0.000         0.000         0.845
 PEERS          0.000         0.000         0.000         0.000         0.091
 FAMILY         0.000         0.000         0.000         0.000         0.000
 WEAK_TIE       0.000         0.000         0.000         0.000         0.000
 N              0.000         0.000         0.000         0.000         0.000


           PSI
              FAMILY        WEAK_TIE      N
              ________      ________      ________
 FAMILY         0.044
 WEAK_TIE       0.000         0.025
 N              0.000         0.000         0.329



     PRIORS FOR ALL PARAMETERS            PRIOR MEAN      PRIOR VARIANCE     PRIOR STD. DEV.

     Parameter 1~N(0.000,infinity)           0.0000            infinity            infinity
     Parameter 2~IG(-1.000,0.000)          infinity            infinity            infinity
     Parameter 3~IG(-1.000,0.000)          infinity            infinity            infinity
     Parameter 4~IG(-1.000,0.000)          infinity            infinity            infinity
     Parameter 5~IG(-1.000,0.000)          infinity            infinity            infinity
     Parameter 6~N(0.000,infinity)           0.0000            infinity            infinity
     Parameter 7~N(0.000,infinity)           0.0000            infinity            infinity
     Parameter 8~N(0.000,infinity)           0.0000            infinity            infinity
     Parameter 9~N(0.000,infinity)           0.0000            infinity            infinity
     Parameter 10~N(0.000,infinity)          0.0000            infinity            infinity
     Parameter 11~N(0.000,infinity)          0.0000            infinity            infinity
     Parameter 12~N(0.000,infinity)          0.0000            infinity            infinity
     Parameter 13~N(0.000,infinity)          0.0000            infinity            infinity
     Parameter 14~N(0.000,infinity)          0.0000            infinity            infinity
     Parameter 15~N(0.000,infinity)          0.0000            infinity            infinity
     Parameter 16~N(0.000,infinity)          0.0000            infinity            infinity
     Parameter 17~N(0.000,infinity)          0.0000            infinity            infinity
     Parameter 18~N(0.000,infinity)          0.0000            infinity            infinity
     Parameter 19~N(0.000,infinity)          0.0000            infinity            infinity
     Parameter 20~IW(0.000,-5)             infinity            infinity            infinity
     Parameter 21~IW(0.000,-5)             infinity            infinity            infinity
     Parameter 22~IW(0.000,-5)             infinity            infinity            infinity
     Parameter 23~IW(0.000,-5)             infinity            infinity            infinity
     Parameter 24~IW(0.000,-5)             infinity            infinity            infinity
     Parameter 25~IW(0.000,-5)             infinity            infinity            infinity
     Parameter 26~IW(0.000,-5)             infinity            infinity            infinity
     Parameter 27~IW(0.000,-5)             infinity            infinity            infinity
     Parameter 28~IW(0.000,-5)             infinity            infinity            infinity
     Parameter 29~IW(0.000,-5)             infinity            infinity            infinity
     Parameter 30~IG(-1.000,0.000)         infinity            infinity            infinity
     Parameter 31~IG(-1.000,0.000)         infinity            infinity            infinity
     Parameter 32~IG(-1.000,0.000)         infinity            infinity            infinity


TECHNICAL 8 OUTPUT


   TECHNICAL 8 OUTPUT FOR BAYES ESTIMATION

     CHAIN    BSEED
     1        0
     2        285380

                     POTENTIAL       PARAMETER WITH
     ITERATION    SCALE REDUCTION      HIGHEST PSR
     100              2.743               25
     200              1.298               24
     300              1.458               25
     400              1.138               20
     500              1.158               21
     600              1.281               23
     700              1.211               25
     800              1.215               25
     900              1.163               25
     1000             1.078               25
     1100             1.045               25
     1200             1.023               14
     1300             1.050               24
     1400             1.096               25
     1500             1.171               25
     1600             1.180               25
     1700             1.128               25
     1800             1.126               25
     1900             1.175               25
     2000             1.235               25
     2100             1.190               25
     2200             1.225               25
     2300             1.147               25
     2400             1.148               25
     2500             1.112               25
     2600             1.095               25
     2700             1.060               25
     2800             1.038               25
     2900             1.024               25
     3000             1.015               25
     3100             1.009               25
     3200             1.010               23
     3300             1.019               25
     3400             1.021               25
     3500             1.030               23
     3600             1.031               23
     3700             1.039               23
     3800             1.047               23
     3900             1.049               23
     4000             1.038               23
     4100             1.038               23
     4200             1.043               23
     4300             1.028               23
     4400             1.025               23
     4500             1.013               23
     4600             1.016               23
     4700             1.023               23
     4800             1.023               23
     4900             1.013               23
     5000             1.015               23
     5100             1.016               23
     5200             1.018               23
     5300             1.024               23
     5400             1.027               23
     5500             1.029               23
     5600             1.026               23
     5700             1.027               23
     5800             1.021               23
     5900             1.019               23
     6000             1.020               23
     6100             1.019               23
     6200             1.022               23
     6300             1.025               23
     6400             1.019               23
     6500             1.022               23
     6600             1.021               23
     6700             1.017               25
     6800             1.016               25
     6900             1.014               25
     7000             1.013               25
     7100             1.010               25
     7200             1.010               25
     7300             1.010               25
     7400             1.010               25
     7500             1.009               23
     7600             1.008               8
     7700             1.008               25
     7800             1.013               25
     7900             1.015               25
     8000             1.012               25
     8100             1.010               8
     8200             1.010               8
     8300             1.008               25
     8400             1.009               25
     8500             1.012               25
     8600             1.009               25
     8700             1.010               25
     8800             1.013               25
     8900             1.015               25
     9000             1.022               25
     9100             1.021               25
     9200             1.015               25
     9300             1.014               25
     9400             1.011               25
     9500             1.009               25
     9600             1.007               25
     9700             1.009               25
     9800             1.013               23
     9900             1.013               25
     10000            1.014               25


     Beginning Time:  09:56:24
        Ending Time:  10:06:20
       Elapsed Time:  00:09:56



MUTHEN & MUTHEN
3463 Stoner Ave.
Los Angeles, CA  90066

Tel: (310) 391-9971
Fax: (310) 391-8971
Web: www.StatModel.com
Support: Support@StatModel.com

Copyright (c) 1998-2020 Muthen & Muthen
