Mplus VERSION 8.5 (Mac)
MUTHEN & MUTHEN
03/16/2022   5:58 AM

INPUT INSTRUCTIONS

  TITLE: Analysis 2+3
  DATA: FILE = analysis3_S1.dat;
  VARIABLE:
  NAMES = ID WB content stressed lonely
  peers family weak_ties
  E A C N O gender ethnicity SES weekend;
  USEVARIABLES = lonely
  peers family weak_ties
  weekend;
  CLUSTER = ID;
  WITHIN = weekend;
  MISSING = .;
  ANALYSIS: TYPE = TWOLEVEL RANDOM; ESTIMATOR = BAYES;
  BITERATIONS = (10000); PROCESSORS = 2;
  MODEL:
  %WITHIN%
  ! Loneliness is predicted by peers, the slope is random
  S1 | lonely ON peers;
  ! Loneliness is predicted by family, the slope is random
  S2 | lonely ON family;
  ! Loneliness is predicted by weak ties, the slope is random
  S3 | lonely ON weak_ties;
  ! Control for weekend
  lonely ON weekend;
  %BETWEEN%
  ! Covariance between intercept and slopes
  lonely S1-S3 WITH lonely S1-S3;
  ! The intercept is predicted by peers
  lonely ON peers;
  ! The intercept is predicted by family
  lonely ON family;
  ! The intercept is predicted by weak ties
  lonely ON weak_ties;
  OUTPUT: STDYX STDY TECH8;



*** WARNING in VARIABLE command
  Note that only the first 8 characters of variable names are used in the output.
  Shorten variable names to avoid any confusion.
*** WARNING in MODEL command
  In the MODEL command, the x variable on the WITHIN level has been turned into a
  y variable to enable latent variable decomposition.  This variable will be treated
  as a y-variable on both levels:  PEERS
*** WARNING in MODEL command
  In the MODEL command, the x variable on the WITHIN level has been turned into a
  y variable to enable latent variable decomposition.  This variable will be treated
  as a y-variable on both levels:  FAMILY
*** WARNING in MODEL command
  In the MODEL command, the x variable on the WITHIN level has been turned into a
  y variable to enable latent variable decomposition.  This variable will be treated
  as a y-variable on both levels:  WEAK_TIES
*** WARNING
  One or more individual-level variables have no variation within a
  cluster for the following clusters.

     Variable   Cluster IDs with no within-cluster variation

      LONELY      127 183 717 314 331 332 1082 460 16 46 1167 942 1348 587 1259 759 849 424 973
                  246 304 1379 1128 846 571 575 629 549 466 1106 438 1074 784 9 660 1011 1278
                  922 264 23 605 609 1359 1371 300 115 739 1058 168 628 346 179 512 175 792 419
                  850 672 770 977 114 1112 622 1140 186 309 1275 1376 160 95 26 1265 842 446 193
                  1136 890 1254 741 1071 690 24 73 467 957 401 1178 831 834 53 1159 412 904 753
                  1084 551 425 396 708 350 1233 1150 1199 1066 489 939 44 694 989 1296 427 436
                  711 965 62 702 1109 496 15 206 614 873 655 1306 399 1249 1193 529 99 42 200
                  749 1229 1164 208 657 250 470 878 583 585 1137 361 428 541 1170 720 215 866
                  125 1227 852 355 505 1328 388 893 363 1292 1295 313 531 263 1321 459 779 108
                  1325 478 520 266
      PEERS       127 181 183 195 765 314 331 385 460 1040 46 1348 1006 775 246 567 413 988 90
                  645 913 1128 1179 816 1008 578 1294 525 956 1389 9 732 87 148 115 739 783 512
                  17 514 638 934 747 535 497 86 59 1224 159 1172 891 1199 229 93 281 496 556 1305
                  98 1024 372 1325
      FAMILY      127 181 183 717 765 314 331 332 1082 385 1326 460 1391 16 4 1040 46 1091 1167
                  1274 992 1348 1006 587 1059 167 775 938 380 323 202 722 524 424 1116 973 33
                  1219 128 14 1035 413 988 1093 569 1123 343 90 304 637 476 213 139 913 1128 1280
                  1290 1242 910 958 130 1179 235 64 1237 998 571 575 1017 5 589 409 816 117 851
                  877 805 719 843 1008 1209 227 522 885 136 578 774 528 946 959 967 549 799 560
                  278 153 57 709 68 525 956 1033 1373 546 1203 1394 1074 1092 784 1007 456 811
                  830 237 265 1069 407 451 275 951 1144 1278 1149 103 518 1163 1330 1166 433 732
                  966 264 441 23 870 421 87 527 547 941 605 464 613 1371 1050 357 1175 674 400
                  685 704 827 405 300 222 7 860 874 242 1261 917 628 203 346 1081 365 654 783
                  207 176 794 179 469 1198 201 512 317 591 1222 599 426 540 60 339 550 772 188
                  458 923 419 468 194 499 106 514 1120 328 1257 1131 1133 638 258 934 1312 824
                  825 652 535 847 543 672 770 677 1208 864 611 334 1099 622 455 718 798 918 1140
                  173 933 945 497 392 359 812 715 484 1275 937 675 8 791 1346 1115 743 1119 1376
                  699 1216 1049 620 515 727 86 833 1265 683 1094 640 1322 601 193 375 713 59 147
                  1053 890 819 676 88 636 687 690 151 698 642 345 707 297 1331 1339 255 105 1215
                  786 1224 730 667 530 447 73 467 1143 401 444 1161 600 336 919 831 929 932 834
                  159 391 1213 286 900 854 1165 56 1009 1252 969 1192 53 1269 1027 1159 412 904
                  753 584 1084 110 760 534 259 298 714 604 282 551 789 504 360 1368 83 1253 6
                  891 896 350 944 710 327 356 952 506 1087 239 1250 367 169 1365 927 1044 1186
                  321 116 387 308 1152 189 1111 316 1212 746 12 489 141 1046 89 511 397 44 804
                  335 948 277 61 1238 989 1114 93 436 711 516 368 102 576 1340 787 1185 62 1052
                  507 702 844 271 134 1217 1075 858 496 692 1090 1210 1045 751 635 206 614 806
                  921 788 924 994 1310 1038 930 34 568 581 828 1337 1234 1138 51 861 1367 1369
                  873 916 556 1315 1319 420 352 976 724 1177 757 184 1293 1304 544 954 121 1251
                  1195 177 758 491 1218 1184 422 47 703 1193 548 728 586 1077 171 180 1355 1105
                  99 133 1268 723 234 1392 58 749 149 897 1307 472 393 508 65 208 657 250 879
                  634 212 415 490 585 762 557 963 1333 228 776 224 52 1057 198 681 1137 124 1271
                  361 324 445 40 1288 1385 541 1031 1266 720 659 305 688 1227 641 10 1390 565
                  752 383 306 510 1190 494 1225 1078 362 505 1220 145 936 1344 109 656 1357 592
                  893 267 354 403 865 1003 1375 440 1241 143 735 248 647 531 1289 1321 459 925
                  574 593 991 486 293
      WEAK_TIE    127 181 183 717 314 332 1326 460 1040 46 1091 1167 942 992 1348 1004 1006 775
                  938 1259 722 524 759 423 1116 246 14 413 988 569 1169 304 1248 637 476 1055
                  139 913 1128 771 790 49 653 130 1171 389 571 816 851 877 719 843 118 1008 522
                  885 578 774 528 153 68 525 956 438 19 1007 456 644 237 407 951 39 1149 1166
                  975 337 732 1207 87 457 1117 547 1050 1168 1174 400 685 827 706 860 1058 783
                  469 1198 512 1235 11 60 550 772 458 194 106 514 325 328 63 638 934 79 535 847
                  543 1208 864 622 55 1142 273 50 497 1060 1062 371 1115 743 1376 86 1285 1303
                  1103 601 59 1254 741 1071 345 1224 288 701 919 831 932 159 394 801 900 1314
                  85 1096 712 1273 1027 1277 604 504 564 442 6 891 708 906 1018 1041 971 387 1111
                  1320 804 226 93 368 102 509 513 844 1021 607 406 496 1090 1210 751 921 1038
                  568 369 828 633 984 556 875 1319 931 976 315 121 1072 180 837 1105 1268 149
                  657 333 490 588 454 1057 681 296 729 1385 720 1227 565 1023 431 980 344 538
                  362 808 398 1375 738 459 122
      WEEKEND     127 183 717 195 314 331 1082 385 1326 1391 16 4 1040 46 1091 1167 1274 992 1348
                  587 938 202 722 423 973 33 567 988 1123 343 395 213 1154 771 790 846 653 130
                  235 389 5 117 843 227 950 967 799 546 1389 1074 750 275 1278 1149 433 975 922
                  803 706 7 1211 917 179 1222 1013 850 1302 943 755 371 474 868 24 1213 876 607
                  99

   5 WARNING(S) FOUND IN THE INPUT INSTRUCTIONS



Analysis 2+3

SUMMARY OF ANALYSIS

Number of groups                                                 1
Number of observations                                       34323

Number of dependent variables                                    4
Number of independent variables                                  1
Number of continuous latent variables                            3

Observed dependent variables

  Continuous
   LONELY      PEERS       FAMILY      WEAK_TIES

Observed independent variables
   WEEKEND

Continuous latent variables
   S1          S2          S3

Variables with special functions

  Cluster variable      ID

  Within variables
   WEEKEND


Estimator                                                    BAYES
Specifications for Bayesian Estimation
  Point estimate                                            MEDIAN
  Number of Markov chain Monte Carlo (MCMC) chains               2
  Random seed for the first chain                                0
  Starting value information                           UNPERTURBED
  Algorithm used for Markov chain Monte Carlo           GIBBS(PX1)
  Convergence criterion                                  0.500D-01
  Maximum number of iterations                               50000
  K-th iteration used for thinning                               1

Input data file(s)
  analysis3_S1.dat
Input data format  FREE


SUMMARY OF DATA

     Number of clusters                       1351

       Size (s)    Cluster ID with Size s

          1        27 75 84 595 612 670 740 768 1010 1030 1181 1388
          2        127 181 183 717 195 765 314 331 332 1082 385 1326 460
                   1391
          3        16 4 1040 46 1091 1167 942 1274 992 1348 1004 1006
          4        587 1059 167 775 938 380 1259 323 202 722 524 759
          5        849 423 424 1116 973 33 1219 246 567 128 14 1035 413
          6        988 1093 569 1123 343 1169 90 304 1247 1248 637 645
                   476 1055 1379 395 213
          7        1245 139 913 1128 1154 1280 1290 771 66 790 846 1242
          8        910 49 653 80 1160 958 130 1171 1179 235 64 1237 998
                   389 571 575 1017 5 589 409 816 92 117 851 877
          9        805 719 843 118 1008 1209 227 629 522 885 136 578 774
                   528 946 950 1294 778 959 967 549 799
         10        560 1063 278 466 153 1106 57 709 68 580 525 956 1033
                   210 1373 546 438 1389 1203 1394
         11        1074 1080 682 19 1092 443 784 1007 456 9 644 811 750
                   830 237 30 660 265 1069
         12        407 451 275 665 1011 951 39 1255 287 1144 1278 1149
                   103 518 1163 1330 1166 433 975 337 732 733 922
         13        966 264 441 1207 23 979 870 421 87 527 457 148 1117
                   547 941 605 803 609 464 613 559 1359 1371 1050 1168
                   357 1056 1174 1175
         14        674 400 685 704 826 827 706 1005 405 300 222 7 860 115
                   1019 874 1211 18 884 739 1048 889 907 242 1058 1261
                   168 917 628 203 346 1081 204 365 269 654 783 207 1384
                   176 794 179 968
         15        469 1191 1197 1198 201 1205 512 317 591 322 1222 1235
                   599 426 11 329 17 744 540 60 1262 761 146 339 550 772
                   554 1158 1013 188 458 663 923 175 417 792 419 468
         16        850 72 320 597 598 194 499 106 514 325 1120 1122 418
                   328 1257 1131 1133 63 638 1014 258 934 810 1312 577
                   742 1338 824 825 652 747 79 535 28 847 543 1070
         17        1194 672 770 1201 291 677 970 1208 91 864 977 611 334
                   1099 114 1112 622 455 718 572 798 218 55 918 1140 1142
                   173 353 1302 933 273 186 50 191 943 1361 945 661 755
                   290 497 392 1060 1062
         18        887 1051 359 309 812 767 1156 715 769 371 616 484 488
                   1275 935 937 532 630 240 675 1183 8 791 1346 949 1115
                   743 36 1119 1376 160 695 699 95 1216 1049
         19        620 911 515 727 86 1067 26 833 928 1265 842 446 845
                   450 1285 474 683 1094 1303 1308 640 1317 1322 1103 216
                   748 601 868 452 193 375 713 59 147 1382 261 1053 1136
                   890 819
         20        260 1254 741 485 676 88 376 636 1071 818 319 687 690
                   1286 151 1291 698 100 642 345 707 297 940 299 566 1331
                   24 1339 610 255 947 105 1215 1125 786 410 1224 730 667
                   530 961 447
         21        73 467 437 957 1143 691 288 401 268 701 444 1161 600
                   152 336 448 294 983 919 1297 502 1178 831 120 929 932
                   834 773 341 453 382 159 129 391 1118 734 1213 1032 1121
                   857 1034 678 1127 286 394
         22        801 900 854 1165 997 627 56 76 650 1172 1236 1314 1083
                   1086 85 196 1009 1334 1252 969 1096 1192 1258 1360 712
                   53 621 477 1269 1273 800 1027 1276 1159 1279
         23        412 902 904 126 987 753 584 1084 110 1277 760 534 259
                   298 1182 542 487 199 495 839 714 279 1311 604 282 606
                   721 551 425 789 504 396 1043 862 563 564 360 871 1368
                   83 312 142 802 1380 442 1253 1386 217 6 891 896
         24        882 615 1282 232 1206 214 708 350 944 710 501 795 327
                   356 1313 906 1233 952 506 1018 1087 165 1336 239 41
                   1250 123 367 408 169 1365 1039 318 1041 927 1044 971
                   225 1186 257 321 116 876 387
         25        643 764 473 308 1150 1152 1199 209 144 189 1111 684
                   316 985 1066 1212 190 746 12 995 489 492 815 1042 1176
                   48 1240 141 1046 241 89
         26        939 511 1320 1260 229 219 397 44 804 694 335 948 277
                   61 1147 226 1238 1108 989 1244 280 1377 1114 1296 427
                   1037 93 533 436 284 711 1395
         27        558 101 658 763 516 480 1015 174 281 368 370 570 1318
                   102 402 374 965 576 777 301 841 252 1340 307 536 787
                   632 1185 62 69 274 1052 507 855 856 509 82 97 700 1000
                   513 702 37 602
         28        844 1145 625 271 1021 1151 607 406 1061 1157 1109 311
                   555 134 156 1354 894 390 962 1217 664 1075 901 858 782
                   496 838 1085 211 1180 692 1089 1090 498 221
         29        347 1210 1324 15 1045 483 1332 414 751 635 206 614 178
                   806 1 737 1097 161 921 788 668 924 1153 1301 990 96
                   994 1310 285 1038 823 930 34 568
         30        693 384 107 32 302 649 581 369 828 1337 829 895 3 22
                   1234 1352 1353 1138 51 861 633 243 1367 283 1369 909
                   1300 244 978 245 873 1022 984 1028 916 556 1315 1068
                   875
         31        31 74 1319 931 899 111 420 716 1162 461 348 646 112
                   781 352 1129 1130 976 1350 724 914 1226 1177 757 184
                   1293 315 205 655 820 38 1243 1107 1304 1305 1306 1187
                   544 954 121 1251 1195 399
         32        1249 177 238 993 758 119 736 230 491 272 898 1218 1184
                   1264 98 814 422 47 703 1193 562 529 1132 351 548 1072
                   728 1204 586 1077
         33        171 247 180 1355 1024 837 793 1287 135 1230 166 416
                   1327 1105 99 133 689 519 1268 723 537 42 234 1392 1141
                   170
         34        58 439 639 553 200 749 149 897 1307 472 1309 1229 523
                   623 1026 393 508 1316 65 1164 545 964 608 208 657 250
                   879 634 373 29 974 1146
         35        648 212 470 1343 415 878 912 797 333 696 137 1231 886
                   583 490 585 762 1054 20 557 588 766 256 867 1098 813
                   840 963 1333 996 1335 386 228 1397
         36        776 150 454 224 1363 926 54 1202 52 1057 432 1374 1126
                   1104 198 1155 681 296 364 270 1064 1065 1137 1113 124
                   729
         37        1270 1271 573 361 863 324 705 185 445 428 1366 40 603
                   582 162 1288 81 908 500 853 104 70 192 1385 251 1196
                   541 1031 859 1266 1170 720
         38        465 624 215 1148 626 1101 697 866 377 659 157 305 872
                   187 1323 631
         39        1001 1002 125 688 155 883 223 1227 1281 430 809 641
                   463 25 10 1016 479 434 1390 435 565 131 1023 731
         40        752 276 431 590 383 832 1239 915 1173 594 671 1134 980
                   835 306 1372 1267
         41        1349 510 1073 1190 494 1225 429 666 1078 1362 358 2
                   852 344 94 1345 538 362
         42        618 330 340 197 503 355 505 1220 1139 1223 1284 145
                   253 936
         43        1341 1328 1344 109 539 164 656 154 526 1246 388 182
                   233 662
         44        1256 1079 982 1298 686 1100 1012 379 808 1124 220 1396
                   619
         45        1357 71 398 1381 1189 1088 552 745 754 592 893 289 1110
                   880 848 462 67
         46        267 1342 342 262 354 1020 363 403 1200 411 865 679 1003
                   1375 1292 440
         47        1241 1232 143 366 292 561 378 735 836 1029 1295
         48        313 372 113 738 617 1025 140 481 1283 482 404 248 1214
                   881 647 338 531 263
         49        1289 1321 449 249 78 231 459 822 925 236 310
         50        475 1299
         51        77 1095 574 796 780
         52        593 991 779 1076 108 471
         53        807 1356 1325 1383
         54        596 1351
         55        1364 955 13
         56        486 579
         57        293 1228 869
         58        478 1393 903
         59        122 520
         60        756 651 303
         61        1102
         62        138
         63        266
         66        254



COVARIANCE COVERAGE OF DATA

Minimum covariance coverage value   0.100

     Number of missing data patterns             2


     PROPORTION OF DATA PRESENT


           Covariance Coverage
              LONELY        PEERS         FAMILY        WEAK_TIE      WEEKEND
              ________      ________      ________      ________      ________
 LONELY         0.999
 PEERS          0.999         1.000
 FAMILY         0.999         1.000         1.000
 WEAK_TIE       0.999         1.000         1.000         1.000
 WEEKEND        0.999         1.000         1.000         1.000         1.000



UNIVARIATE SAMPLE STATISTICS


     UNIVARIATE HIGHER-ORDER MOMENT DESCRIPTIVE STATISTICS

         Variable/         Mean/     Skewness/   Minimum/ % with                Percentiles
        Sample Size      Variance    Kurtosis    Maximum  Min/Max      20%/60%    40%/80%    Median

     LONELY                1.548       1.449       1.000   61.47%       1.000      1.000      1.000
           34274.000       0.654       1.396       4.000    3.99%       1.000      2.000
     PEERS                 0.501      -0.004       0.000   49.91%       0.000      0.000      1.000
           34323.000       0.250      -2.000       1.000   50.09%       1.000      1.000
     FAMILY                0.071       3.330       0.000   92.86%       0.000      0.000      0.000
           34323.000       0.066       9.086       1.000    7.14%       0.000      0.000
     WEAK_TIES             0.126       2.250       0.000   87.37%       0.000      0.000      0.000
           34323.000       0.110       3.060       1.000   12.63%       0.000      0.000
     WEEKEND               0.258       1.107       0.000   74.21%       0.000      0.000      0.000
           34323.000       0.191      -0.775       1.000   25.79%       0.000      1.000


THE MODEL ESTIMATION TERMINATED NORMALLY

     USE THE FBITERATIONS OPTION TO INCREASE THE NUMBER OF ITERATIONS BY A FACTOR
     OF AT LEAST TWO TO CHECK CONVERGENCE AND THAT THE PSR VALUE DOES NOT INCREASE.



MODEL FIT INFORMATION

Number of Free Parameters                              28

Information Criteria

          Deviance (DIC)                       127998.790
          Estimated Number of Parameters (pD)    5027.281



MODEL RESULTS

                                Posterior  One-Tailed         95% C.I.
                    Estimate       S.D.      P-Value   Lower 2.5%  Upper 2.5%  Significance

Within Level

 LONELY     ON
    WEEKEND           -0.018       0.008      0.012      -0.033      -0.003      *

 Variances
    PEERS              0.200       0.002      0.000       0.196       0.203      *
    FAMILY             0.059       0.000      0.000       0.058       0.060      *
    WEAK_TIES          0.103       0.001      0.000       0.101       0.105      *

 Residual Variances
    LONELY             0.348       0.003      0.000       0.342       0.354      *

Between Level

 LONELY     ON
    PEERS              0.109       0.092      0.118      -0.070       0.288
    FAMILY             0.238       0.237      0.166      -0.237       0.687
    WEAK_TIES          0.498       0.242      0.020       0.018       0.966      *

 LONELY   WITH
    S1                -0.064       0.007      0.000      -0.079      -0.051      *
    S2                -0.054       0.011      0.000      -0.077      -0.032      *
    S3                -0.075       0.009      0.000      -0.094      -0.059      *

 S1       WITH
    S2                 0.048       0.008      0.000       0.031       0.065      *
    S3                 0.043       0.006      0.000       0.031       0.056      *

 S2       WITH
    S3                 0.026       0.010      0.005       0.007       0.047      *

 Means
    PEERS              0.517       0.007      0.000       0.504       0.530      *
    FAMILY             0.071       0.003      0.000       0.066       0.077      *
    WEAK_TIES          0.130       0.003      0.000       0.124       0.136      *
    S1                -0.172       0.012      0.000      -0.195      -0.149      *
    S2                -0.114       0.020      0.000      -0.155      -0.077      *
    S3                -0.150       0.014      0.000      -0.178      -0.122      *

 Intercepts
    LONELY             1.450       0.078      0.000       1.299       1.605      *

 Variances
    PEERS              0.050       0.002      0.000       0.046       0.055      *
    FAMILY             0.007       0.000      0.000       0.006       0.008      *
    WEAK_TIES          0.008       0.000      0.000       0.007       0.009      *
    S1                 0.062       0.006      0.000       0.051       0.075      *
    S2                 0.115       0.017      0.000       0.084       0.150      *
    S3                 0.064       0.010      0.000       0.046       0.085      *

 Residual Variances
    LONELY             0.303       0.013      0.000       0.279       0.328      *


STANDARDIZED MODEL RESULTS


STDYX Standardization

                                Posterior  One-Tailed         95% C.I.
                    Estimate       S.D.      P-Value   Lower 2.5%  Upper 2.5%  Significance

Within-Level Standardized Estimates Averaged Over Clusters

 S1 | LONELY ON
    PEERS             -0.118       0.007      0.000      -0.131      -0.105      *

 S2 | LONELY ON
    FAMILY            -0.042       0.006      0.000      -0.055      -0.030      *

 S3 | LONELY ON
    WEAK_TIES         -0.074       0.007      0.000      -0.086      -0.060      *

 LONELY     ON
    WEEKEND           -0.012       0.005      0.012      -0.022      -0.002      *

 Variances
    PEERS              1.000       0.000      0.000       1.000       1.000
    FAMILY             1.000       0.000      0.000       1.000       1.000
    WEAK_TIES          1.000       0.000      0.000       1.000       1.000

 Residual Variances
    LONELY             0.919       0.005      0.000       0.909       0.927      *

Between Level

 LONELY     ON
    PEERS              0.044       0.037      0.118      -0.028       0.116
    FAMILY             0.036       0.036      0.166      -0.036       0.105
    WEAK_TIES          0.080       0.039      0.020       0.003       0.155      *

 LONELY   WITH
    S1                -0.471       0.045      0.000      -0.558      -0.379      *
    S2                -0.291       0.059      0.000      -0.405      -0.177      *
    S3                -0.546       0.055      0.000      -0.650      -0.438      *

 S1       WITH
    S2                 0.566       0.073      0.000       0.403       0.694      *
    S3                 0.684       0.059      0.000       0.563       0.792      *

 S2       WITH
    S3                 0.310       0.108      0.005       0.090       0.509      *

 Means
    PEERS              2.310       0.060      0.000       2.194       2.429      *
    FAMILY             0.844       0.040      0.000       0.765       0.923      *
    WEAK_TIES          1.467       0.056      0.000       1.359       1.579      *
    S1                -0.689       0.061      0.000      -0.815      -0.576      *
    S2                -0.338       0.067      0.000      -0.479      -0.220      *
    S3                -0.594       0.074      0.000      -0.752      -0.462      *

 Intercepts
    LONELY             2.621       0.154      0.000       2.316       2.918      *

 Variances
    PEERS              1.000       0.000      0.000       1.000       1.000
    FAMILY             1.000       0.000      0.000       1.000       1.000
    WEAK_TIES          1.000       0.000      0.000       1.000       1.000
    S1                 1.000       0.000      0.000       1.000       1.000
    S2                 1.000       0.000      0.000       1.000       1.000
    S3                 1.000       0.000      0.000       1.000       1.000

 Residual Variances
    LONELY             0.988       0.010      0.000       0.961       0.999      *


STDY Standardization

                                Posterior  One-Tailed         95% C.I.
                    Estimate       S.D.      P-Value   Lower 2.5%  Upper 2.5%  Significance

Within-Level Standardized Estimates Averaged Over Clusters

 S1 | LONELY ON
    PEERS             -0.118       0.007      0.000      -0.131      -0.105      *

 S2 | LONELY ON
    FAMILY            -0.042       0.006      0.000      -0.055      -0.030      *

 S3 | LONELY ON
    WEAK_TIES         -0.074       0.007      0.000      -0.086      -0.060      *

 LONELY     ON
    WEEKEND           -0.030       0.013      0.012      -0.055      -0.005      *

 Variances
    PEERS              1.000       0.000      0.000       1.000       1.000
    FAMILY             1.000       0.000      0.000       1.000       1.000
    WEAK_TIES          1.000       0.000      0.000       1.000       1.000

 Residual Variances
    LONELY             0.919       0.005      0.000       0.909       0.927      *

Between Level

 LONELY     ON
    PEERS              0.044       0.037      0.118      -0.028       0.116
    FAMILY             0.036       0.036      0.166      -0.036       0.105
    WEAK_TIES          0.080       0.039      0.020       0.003       0.155      *

 LONELY   WITH
    S1                -0.471       0.045      0.000      -0.558      -0.379      *
    S2                -0.291       0.059      0.000      -0.405      -0.177      *
    S3                -0.546       0.055      0.000      -0.650      -0.438      *

 S1       WITH
    S2                 0.566       0.073      0.000       0.403       0.694      *
    S3                 0.684       0.059      0.000       0.563       0.792      *

 S2       WITH
    S3                 0.310       0.108      0.005       0.090       0.509      *

 Means
    PEERS              2.310       0.060      0.000       2.194       2.429      *
    FAMILY             0.844       0.040      0.000       0.765       0.923      *
    WEAK_TIES          1.467       0.056      0.000       1.359       1.579      *
    S1                -0.689       0.061      0.000      -0.815      -0.576      *
    S2                -0.338       0.067      0.000      -0.479      -0.220      *
    S3                -0.594       0.074      0.000      -0.752      -0.462      *

 Intercepts
    LONELY             2.621       0.154      0.000       2.316       2.918      *

 Variances
    PEERS              1.000       0.000      0.000       1.000       1.000
    FAMILY             1.000       0.000      0.000       1.000       1.000
    WEAK_TIES          1.000       0.000      0.000       1.000       1.000
    S1                 1.000       0.000      0.000       1.000       1.000
    S2                 1.000       0.000      0.000       1.000       1.000
    S3                 1.000       0.000      0.000       1.000       1.000

 Residual Variances
    LONELY             0.988       0.010      0.000       0.961       0.999      *


R-SQUARE

Within-Level R-Square Averaged Across Clusters

                                Posterior  One-Tailed         95% C.I.
    Variable        Estimate       S.D.      P-Value   Lower 2.5%  Upper 2.5%

    LONELY             0.081       0.005      0.000       0.073       0.091

Between Level

                                Posterior  One-Tailed         95% C.I.
    Variable        Estimate       S.D.      P-Value   Lower 2.5%  Upper 2.5%

    LONELY             0.012       0.010      0.000       0.001       0.038


TECHNICAL 1 OUTPUT


     PARAMETER SPECIFICATION FOR WITHIN


           NU
              LONELY        PEERS         FAMILY        WEAK_TIE      WEEKEND
              ________      ________      ________      ________      ________
                    0             0             0             0             0


           LAMBDA
              LONELY        PEERS         FAMILY        WEAK_TIE      WEEKEND
              ________      ________      ________      ________      ________
 LONELY             0             0             0             0             0
 PEERS              0             0             0             0             0
 FAMILY             0             0             0             0             0
 WEAK_TIE           0             0             0             0             0
 WEEKEND            0             0             0             0             0


           THETA
              LONELY        PEERS         FAMILY        WEAK_TIE      WEEKEND
              ________      ________      ________      ________      ________
 LONELY             0
 PEERS              0             0
 FAMILY             0             0             0
 WEAK_TIE           0             0             0             0
 WEEKEND            0             0             0             0             0


           ALPHA
              LONELY        PEERS         FAMILY        WEAK_TIE      WEEKEND
              ________      ________      ________      ________      ________
                    0             0             0             0             0


           BETA
              LONELY        PEERS         FAMILY        WEAK_TIE      WEEKEND
              ________      ________      ________      ________      ________
 LONELY             0             0             0             0             1
 PEERS              0             0             0             0             0
 FAMILY             0             0             0             0             0
 WEAK_TIE           0             0             0             0             0
 WEEKEND            0             0             0             0             0


           PSI
              LONELY        PEERS         FAMILY        WEAK_TIE      WEEKEND
              ________      ________      ________      ________      ________
 LONELY             2
 PEERS              0             3
 FAMILY             0             0             4
 WEAK_TIE           0             0             0             5
 WEEKEND            0             0             0             0             0


     PARAMETER SPECIFICATION FOR BETWEEN


           NU
              LONELY        PEERS         FAMILY        WEAK_TIE
              ________      ________      ________      ________
                    0             0             0             0


           LAMBDA
              S1            S2            S3            LONELY        PEERS
              ________      ________      ________      ________      ________
 LONELY             0             0             0             0             0
 PEERS              0             0             0             0             0
 FAMILY             0             0             0             0             0
 WEAK_TIE           0             0             0             0             0


           LAMBDA
              FAMILY        WEAK_TIE
              ________      ________
 LONELY             0             0
 PEERS              0             0
 FAMILY             0             0
 WEAK_TIE           0             0


           THETA
              LONELY        PEERS         FAMILY        WEAK_TIE
              ________      ________      ________      ________
 LONELY             0
 PEERS              0             0
 FAMILY             0             0             0
 WEAK_TIE           0             0             0             0


           ALPHA
              S1            S2            S3            LONELY        PEERS
              ________      ________      ________      ________      ________
                    6             7             8             9            10


           ALPHA
              FAMILY        WEAK_TIE
              ________      ________
                   11            12


           BETA
              S1            S2            S3            LONELY        PEERS
              ________      ________      ________      ________      ________
 S1                 0             0             0             0             0
 S2                 0             0             0             0             0
 S3                 0             0             0             0             0
 LONELY             0             0             0             0            13
 PEERS              0             0             0             0             0
 FAMILY             0             0             0             0             0
 WEAK_TIE           0             0             0             0             0


           BETA
              FAMILY        WEAK_TIE
              ________      ________
 S1                 0             0
 S2                 0             0
 S3                 0             0
 LONELY            14            15
 PEERS              0             0
 FAMILY             0             0
 WEAK_TIE           0             0


           PSI
              S1            S2            S3            LONELY        PEERS
              ________      ________      ________      ________      ________
 S1                16
 S2                17            18
 S3                19            20            21
 LONELY            22            23            24            25
 PEERS              0             0             0             0            26
 FAMILY             0             0             0             0             0
 WEAK_TIE           0             0             0             0             0


           PSI
              FAMILY        WEAK_TIE
              ________      ________
 FAMILY            27
 WEAK_TIE           0            28


     STARTING VALUES FOR WITHIN


           NU
              LONELY        PEERS         FAMILY        WEAK_TIE      WEEKEND
              ________      ________      ________      ________      ________
                0.000         0.000         0.000         0.000         0.000


           LAMBDA
              LONELY        PEERS         FAMILY        WEAK_TIE      WEEKEND
              ________      ________      ________      ________      ________
 LONELY         1.000         0.000         0.000         0.000         0.000
 PEERS          0.000         1.000         0.000         0.000         0.000
 FAMILY         0.000         0.000         1.000         0.000         0.000
 WEAK_TIE       0.000         0.000         0.000         1.000         0.000
 WEEKEND        0.000         0.000         0.000         0.000         1.000


           THETA
              LONELY        PEERS         FAMILY        WEAK_TIE      WEEKEND
              ________      ________      ________      ________      ________
 LONELY         0.000
 PEERS          0.000         0.000
 FAMILY         0.000         0.000         0.000
 WEAK_TIE       0.000         0.000         0.000         0.000
 WEEKEND        0.000         0.000         0.000         0.000         0.000


           ALPHA
              LONELY        PEERS         FAMILY        WEAK_TIE      WEEKEND
              ________      ________      ________      ________      ________
                0.000         0.000         0.000         0.000         0.000


           BETA
              LONELY        PEERS         FAMILY        WEAK_TIE      WEEKEND
              ________      ________      ________      ________      ________
 LONELY         0.000         0.000         0.000         0.000         0.000
 PEERS          0.000         0.000         0.000         0.000         0.000
 FAMILY         0.000         0.000         0.000         0.000         0.000
 WEAK_TIE       0.000         0.000         0.000         0.000         0.000
 WEEKEND        0.000         0.000         0.000         0.000         0.000


           PSI
              LONELY        PEERS         FAMILY        WEAK_TIE      WEEKEND
              ________      ________      ________      ________      ________
 LONELY         0.327
 PEERS          0.000         0.125
 FAMILY         0.000         0.000         0.033
 WEAK_TIE       0.000         0.000         0.000         0.055
 WEEKEND        0.000         0.000         0.000         0.000         0.096


     STARTING VALUES FOR BETWEEN


           NU
              LONELY        PEERS         FAMILY        WEAK_TIE
              ________      ________      ________      ________
                0.000         0.000         0.000         0.000


           LAMBDA
              S1            S2            S3            LONELY        PEERS
              ________      ________      ________      ________      ________
 LONELY         0.000         0.000         0.000         1.000         0.000
 PEERS          0.000         0.000         0.000         0.000         1.000
 FAMILY         0.000         0.000         0.000         0.000         0.000
 WEAK_TIE       0.000         0.000         0.000         0.000         0.000


           LAMBDA
              FAMILY        WEAK_TIE
              ________      ________
 LONELY         0.000         0.000
 PEERS          0.000         0.000
 FAMILY         1.000         0.000
 WEAK_TIE       0.000         1.000


           THETA
              LONELY        PEERS         FAMILY        WEAK_TIE
              ________      ________      ________      ________
 LONELY         0.000
 PEERS          0.000         0.000
 FAMILY         0.000         0.000         0.000
 WEAK_TIE       0.000         0.000         0.000         0.000


           ALPHA
              S1            S2            S3            LONELY        PEERS
              ________      ________      ________      ________      ________
                0.000         0.000         0.000         1.548         0.501


           ALPHA
              FAMILY        WEAK_TIE
              ________      ________
                0.071         0.126


           BETA
              S1            S2            S3            LONELY        PEERS
              ________      ________      ________      ________      ________
 S1             0.000         0.000         0.000         0.000         0.000
 S2             0.000         0.000         0.000         0.000         0.000
 S3             0.000         0.000         0.000         0.000         0.000
 LONELY         0.000         0.000         0.000         0.000         0.000
 PEERS          0.000         0.000         0.000         0.000         0.000
 FAMILY         0.000         0.000         0.000         0.000         0.000
 WEAK_TIE       0.000         0.000         0.000         0.000         0.000


           BETA
              FAMILY        WEAK_TIE
              ________      ________
 S1             0.000         0.000
 S2             0.000         0.000
 S3             0.000         0.000
 LONELY         0.000         0.000
 PEERS          0.000         0.000
 FAMILY         0.000         0.000
 WEAK_TIE       0.000         0.000


           PSI
              S1            S2            S3            LONELY        PEERS
              ________      ________      ________      ________      ________
 S1             1.000
 S2             0.000         1.000
 S3             0.000         0.000         1.000
 LONELY         0.000         0.000         0.000         0.327
 PEERS          0.000         0.000         0.000         0.000         0.125
 FAMILY         0.000         0.000         0.000         0.000         0.000
 WEAK_TIE       0.000         0.000         0.000         0.000         0.000


           PSI
              FAMILY        WEAK_TIE
              ________      ________
 FAMILY         0.033
 WEAK_TIE       0.000         0.055



     PRIORS FOR ALL PARAMETERS            PRIOR MEAN      PRIOR VARIANCE     PRIOR STD. DEV.

     Parameter 1~N(0.000,infinity)           0.0000            infinity            infinity
     Parameter 2~IG(-1.000,0.000)          infinity            infinity            infinity
     Parameter 3~IG(-1.000,0.000)          infinity            infinity            infinity
     Parameter 4~IG(-1.000,0.000)          infinity            infinity            infinity
     Parameter 5~IG(-1.000,0.000)          infinity            infinity            infinity
     Parameter 6~N(0.000,infinity)           0.0000            infinity            infinity
     Parameter 7~N(0.000,infinity)           0.0000            infinity            infinity
     Parameter 8~N(0.000,infinity)           0.0000            infinity            infinity
     Parameter 9~N(0.000,infinity)           0.0000            infinity            infinity
     Parameter 10~N(0.000,infinity)          0.0000            infinity            infinity
     Parameter 11~N(0.000,infinity)          0.0000            infinity            infinity
     Parameter 12~N(0.000,infinity)          0.0000            infinity            infinity
     Parameter 13~N(0.000,infinity)          0.0000            infinity            infinity
     Parameter 14~N(0.000,infinity)          0.0000            infinity            infinity
     Parameter 15~N(0.000,infinity)          0.0000            infinity            infinity
     Parameter 16~IW(0.000,-5)             infinity            infinity            infinity
     Parameter 17~IW(0.000,-5)             infinity            infinity            infinity
     Parameter 18~IW(0.000,-5)             infinity            infinity            infinity
     Parameter 19~IW(0.000,-5)             infinity            infinity            infinity
     Parameter 20~IW(0.000,-5)             infinity            infinity            infinity
     Parameter 21~IW(0.000,-5)             infinity            infinity            infinity
     Parameter 22~IW(0.000,-5)             infinity            infinity            infinity
     Parameter 23~IW(0.000,-5)             infinity            infinity            infinity
     Parameter 24~IW(0.000,-5)             infinity            infinity            infinity
     Parameter 25~IW(0.000,-5)             infinity            infinity            infinity
     Parameter 26~IG(-1.000,0.000)         infinity            infinity            infinity
     Parameter 27~IG(-1.000,0.000)         infinity            infinity            infinity
     Parameter 28~IG(-1.000,0.000)         infinity            infinity            infinity


TECHNICAL 8 OUTPUT


   TECHNICAL 8 OUTPUT FOR BAYES ESTIMATION

     CHAIN    BSEED
     1        0
     2        285380

                     POTENTIAL       PARAMETER WITH
     ITERATION    SCALE REDUCTION      HIGHEST PSR
     100              1.239               23
     200              1.153               7
     300              1.121               18
     400              1.065               21
     500              1.045               8
     600              1.078               7
     700              1.071               20
     800              1.076               7
     900              1.062               7
     1000             1.035               20
     1100             1.027               23
     1200             1.065               23
     1300             1.067               23
     1400             1.090               21
     1500             1.126               18
     1600             1.110               18
     1700             1.110               18
     1800             1.124               18
     1900             1.084               18
     2000             1.090               18
     2100             1.075               18
     2200             1.064               18
     2300             1.070               18
     2400             1.046               21
     2500             1.037               21
     2600             1.049               21
     2700             1.043               21
     2800             1.028               21
     2900             1.035               21
     3000             1.034               21
     3100             1.047               21
     3200             1.048               21
     3300             1.041               21
     3400             1.048               21
     3500             1.039               21
     3600             1.061               21
     3700             1.070               21
     3800             1.061               21
     3900             1.047               21
     4000             1.046               21
     4100             1.043               21
     4200             1.036               21
     4300             1.021               21
     4400             1.017               21
     4500             1.018               23
     4600             1.019               23
     4700             1.020               23
     4800             1.024               23
     4900             1.022               20
     5000             1.025               20
     5100             1.029               20
     5200             1.031               20
     5300             1.032               20
     5400             1.031               20
     5500             1.044               20
     5600             1.044               20
     5700             1.044               20
     5800             1.047               20
     5900             1.046               20
     6000             1.043               20
     6100             1.041               20
     6200             1.036               20
     6300             1.041               20
     6400             1.044               20
     6500             1.051               20
     6600             1.053               20
     6700             1.055               20
     6800             1.056               20
     6900             1.057               20
     7000             1.045               20
     7100             1.044               20
     7200             1.032               20
     7300             1.038               20
     7400             1.051               20
     7500             1.055               20
     7600             1.053               20
     7700             1.049               20
     7800             1.049               20
     7900             1.055               20
     8000             1.047               20
     8100             1.038               20
     8200             1.029               20
     8300             1.024               20
     8400             1.026               20
     8500             1.025               20
     8600             1.018               20
     8700             1.015               20
     8800             1.012               20
     8900             1.012               20
     9000             1.010               20
     9100             1.006               20
     9200             1.005               18
     9300             1.005               18
     9400             1.005               18
     9500             1.004               18
     9600             1.005               18
     9700             1.006               18
     9800             1.005               18
     9900             1.006               18
     10000            1.007               18


     Beginning Time:  05:58:19
        Ending Time:  06:08:46
       Elapsed Time:  00:10:27



MUTHEN & MUTHEN
3463 Stoner Ave.
Los Angeles, CA  90066

Tel: (310) 391-9971
Fax: (310) 391-8971
Web: www.StatModel.com
Support: Support@StatModel.com

Copyright (c) 1998-2020 Muthen & Muthen
