Mplus VERSION 8.5 (Mac)
MUTHEN & MUTHEN
03/16/2022  12:16 PM

INPUT INSTRUCTIONS

  TITLE: Analysis 2+3
  DATA: FILE = analysis3_S3.dat;
  VARIABLE:
  NAMES = ID AB angry worried happy sad WB stressed lonely
  peers family weak_ties
  E A C N O gender ethnicity SES weekend;
  USEVARIABLES = happy
  peers family weak_ties
  weekend;
  CLUSTER = ID;
  WITHIN = weekend;
  MISSING = .;
  ANALYSIS: TYPE = TWOLEVEL RANDOM; ESTIMATOR = BAYES;
  BITERATIONS = (10000); PROCESSORS = 2;
  MODEL:
  %WITHIN%
  ! Happiness is predicted by peers, the slope is random
  S1 | happy ON peers;
  ! Happiness is predicted by family, the slope is random
  S2 | happy ON family;
  ! Happiness is predicted by weak ties, the slope is random
  S3 | happy ON weak_ties;
  ! Control for weekend
  happy ON weekend;
  %BETWEEN%
  ! Covariance between intercept and slopes
  happy S1-S3 WITH happy S1-S3;
  ! The intercept is predicted by peers
  happy ON peers;
  ! The intercept is predicted by family
  happy ON family;
  ! The intercept is predicted by weak ties
  happy ON weak_ties;
  OUTPUT: STDYX STDY TECH8;



*** WARNING in VARIABLE command
  Note that only the first 8 characters of variable names are used in the output.
  Shorten variable names to avoid any confusion.
*** WARNING in MODEL command
  In the MODEL command, the x variable on the WITHIN level has been turned into a
  y variable to enable latent variable decomposition.  This variable will be treated
  as a y-variable on both levels:  PEERS
*** WARNING in MODEL command
  In the MODEL command, the x variable on the WITHIN level has been turned into a
  y variable to enable latent variable decomposition.  This variable will be treated
  as a y-variable on both levels:  FAMILY
*** WARNING in MODEL command
  In the MODEL command, the x variable on the WITHIN level has been turned into a
  y variable to enable latent variable decomposition.  This variable will be treated
  as a y-variable on both levels:  WEAK_TIES
*** WARNING
  One or more individual-level variables have no variation within a
  cluster for the following clusters.

     Variable   Cluster IDs with no within-cluster variation

      HAPPY       160 242 593 240 271 171 797 502
      PEERS       160 736 242 516 593 10 608 96 740 598 816 737 131 327 93 130 494 128 696 822
                  352 781 263 884 662 532 14 118 358 741 185 262 851 248 876 276 718 697 428 143
                  594 156 387 862 562 36 298 124 552 544 767 303 355 224 730 591 480 642 45 341
                  103 587 40 764 603
      FAMILY      160 736 242 649 516 240 806 271 485 625 666 342 96 742 740 206 404 844 369 144
                  473 598 280 203 816 820 856 737 169 701 867 846 555 69 173 669 321 39 116 135
                  372 311 885 237 94 831 183 564 752 110 804 381 5 79 722 617 93 468 376 887 671
                  90 495 834 531 80 504 37 295 635 322 168 663 230 21 609 269 67 802 142 482 41
                  236 400 179 31 19 44 420 533 808 547 643 647 29 583 657 323 375 367 334 717
                  439 723 48 361 391 166 632 136 105 82 339 509 382 721 490 261 653 197 640 351
                  672 324 282 291 629 146 502 486 57 11 139 214 581 627 793 631 554 745 545 876
                  758 550 815 870 76 389 610 691 297 313 126 430 845 699 35 378 112 182 854 81
                  683 661 246 3 333 25 205 199 119 582 257 823 883 650 561 830 853 54 700 673
                  443 178 218 782 517 426 186 674 344 865 396 537 770 45 570 521 707 711 766 283
      WEAK_TIE    160 242 649 516 593 240 10 806 271 608 625 302 342 96 742 4 206 404 844 369
                  473 203 856 737 880 350 846 630 238 527 422 290 171 173 152 321 309 778 703
                  372 311 885 306 94 176 183 110 585 804 335 456 381 825 617 413 108 797 468 427
                  99 887 789 61 834 37 501 635 128 663 230 398 615 656 269 798 802 207 142 482
                  400 822 44 58 835 595 352 620 533 547 643 29 375 645 695 499 91 340 289 664
                  391 166 632 157 805 221 212 509 457 702 600 490 592 225 783 680 6 324 282 734
                  788 239 565 502 486 522 165 11 500 741 667 185 712 568 287 631 554 448 847 524
                  545 829 758 101 550 815 870 228 610 233 845 98 792 860 35 684 534 143 854 81
                  452 683 464 3 751 333 549 612 210 599 387 823 685 774 803 102 137 575 54 686
                  395 24 673 544 68 506 637 355 266 786 278 344 865 396 824 154 392 766 406 114
                  40 55 807 603
      WEEKEND     160 736 242 649 516 593 240 10 806 271 485 666 342 49 96 144 598 737 527

   5 WARNING(S) FOUND IN THE INPUT INSTRUCTIONS



Analysis 2+3

SUMMARY OF ANALYSIS

Number of groups                                                 1
Number of observations                                       55948

Number of dependent variables                                    4
Number of independent variables                                  1
Number of continuous latent variables                            3

Observed dependent variables

  Continuous
   HAPPY       PEERS       FAMILY      WEAK_TIES

Observed independent variables
   WEEKEND

Continuous latent variables
   S1          S2          S3

Variables with special functions

  Cluster variable      ID

  Within variables
   WEEKEND


Estimator                                                    BAYES
Specifications for Bayesian Estimation
  Point estimate                                            MEDIAN
  Number of Markov chain Monte Carlo (MCMC) chains               2
  Random seed for the first chain                                0
  Starting value information                           UNPERTURBED
  Algorithm used for Markov chain Monte Carlo           GIBBS(PX1)
  Convergence criterion                                  0.500D-01
  Maximum number of iterations                               50000
  K-th iteration used for thinning                               1

Input data file(s)
  analysis3_S3.dat
Input data format  FREE


SUMMARY OF DATA

     Number of clusters                        862

       Size (s)    Cluster ID with Size s

          1        63 477 756
          2        160 736 242
          3        649 516 593
          4        240 10 806
          5        271 485 608 625
          6        302 666 342 49 96
          7        742 4 790 740
          8        206
          9        404 844
         10        369 144 473
         11        598 280 203
         12        761 816 820 405 856
         13        52 737 481 558 880
         14        169 701 867 350
         16        846 162 630 688
         17        555
         18        238 265 732
         19        527 422 69 290
         22        689
         23        171 173
         24        317 654
         25        152
         26        669 321
         27        309 529 778 39
         28        703 170 374
         29        116
         30        459 135 372 311 885
         31        237 472 306 497
         32        131 814 579 60 94 888
         33        831 176
         34        183 857 564
         35        752 110 23
         36        724 585 804 335
         37        456 381 332
         38        825 274 5 510 435
         39        370 336 84 79 651 722 83 491
         40        403 617 413 327
         41        108 93 797
         42        468 202 215 130
         43        376 556 292 427 99 328 887 2
         44        331 789
         45        316 671 877 424 61 90 590
         46        495 864 127 834 531 80 850 348
         47        504 494 37 848 474 501 832
         48        295 635 337 128 322 463 168 354
         49        663 779 784 230 467 398 21 8 748 609 615 760 656 765
         50        16 269 67 462 20 696 401 163 523 798 802
         51        88 207 142 731 596 277 434 314 380
         52        482 41 236 729 681 872 833 17 400 660 179
         53        611 749 31 812 410 19 244 822 44
         54        284 817 526 58 164 310 871 194 874 698 769 835 595 352
         55        445 420 620 533 808 547 235 643 647 727 512
         56        29 85 583 868 657 633 551 198 879 704 706 886 323 375
         57        623 367 334 296 371 717 439 723 48 781
         58        356 470 809 645 768 361 613 695 217 499 828 458 91 340
                   289 664 838 391
         59        166 263 884 632 136 157 528
         60        810 567 795 273 72 105 78 805 82 492 858 863 379
         61        577 97 753 252 715 624 221 223 339 776 212 368 475 509
                   457 121 738 382 319 799 702
         62        46 721 652 600 343 490 123 662 133 773 592 432 705 261
                   532 716
         63        153 653 197 14 399 285 640 66 875 496 253 668 225 351
                   783 672 680
         64        6 227 324 325 132 542 75 282 125 734 431 386 788 113
                   43 239 291 118 584 629 293
         65        604 259 565 77 571 146 692 216 231 502 819 486 488 785
                   204 250 747 553 57 522 165 670
         66        843 241 22 11 500 454 622 408 358 733 249 139 326 214
                   821 557 741 667 185 794 712 330 229 95
         67        262 429 315 329 851 349 568 13 572 281 866 47 581 450
                   192 209 627 793 286 287 796 631 554 243 115
         68        362 448 188 750 248 634 479 709 791 573 847 308 18 471
                   719 560 258
         69        305 117 745 524 545 373 111 876 416 300 754 636 829
                   758 639 101
         70        550 815 870 417 628 76 389 800 228 616 518 222 177 725
                   191 276
         71        260 301 718 641 89 213 200 201 882 610 839 691 297 446
         72        313 466 364 682 739 304 195 233 126 430 539 697 318
                   845 699 98 520 792 92 64 576
         73        451 860 428 762 254 268 35 869 646 357 159 33 684 42
                   363 566 534 535 220 447 378 519 143
         74        112 155 100 513 407 182 854 1 813 81 678 415 452 841
                   187 219
         75        414 461 384 433 594 683 514 661 464 425 359 601 626
                   744 388 746 442 419 246
         76        190 644 489 777 3 665 751 247 333 53 156 25 546 655
                   138 549 122
         77        423 441 270 312 677 347 161 505 713 205 837 612
         78        586 199 119 210 145 878 582 676 409 257 599 780 714
                   65
         79        755 638 387 208 264 167 763 515 536 353 569 775 621
                   540 189 842 440
         80        525 823 685 774 883 862 818 498 543 690
         81        562 849 36 840 73 51 614 589 275 659 803
         82        102 597 607 26 650 836 826 561 538 830
         83        412 618 619
         84        193 855 453 34 455 483 256 137 438 853
         85        575 377 720 298 54 686 62 395
         86        402 124 251 32 606 24 365 299 444 28 700 232
         87        15 511 548 397
         88        673 552 345 726 272
         89        544 393 508 411 767 234 881
         90        394 303 757 559 772 694 476 181 68
         91        141 338 465 728 443 506 708 27 637 355 484
         92        178 59 266 224
         93        50 602 578 827 172 87
         94        563 147 9 786 730 218 675 782
         95        517 591 278 426 366
         96        186 390 674 344 865 480 469 648 151
         97        642 396 824
         98        109 154 679 537 174 320 74 255
         99        288 245 770 605 267 493 45 226
        101        12 437 570 107
        102        71 759 38 385
        103        140 487 507
        104        294
        105        658 307 148
        106        120
        107        129 521
        109        106 158 421 360 418
        110        341
        111        707
        112        859 392 580 588
        113        711 103 766
        114        283 406 114 530
        115        449 587 40
        116        55
        117        346
        118        436
        119        743
        120        687
        124        180
        126        801 861
        130        764
        131        771
        134        807
        138        603
        141        873



COVARIANCE COVERAGE OF DATA

Minimum covariance coverage value   0.100

     Number of missing data patterns             2


     PROPORTION OF DATA PRESENT


           Covariance Coverage
              HAPPY         PEERS         FAMILY        WEAK_TIE      WEEKEND
              ________      ________      ________      ________      ________
 HAPPY          0.990
 PEERS          0.990         1.000
 FAMILY         0.990         1.000         1.000
 WEAK_TIE       0.990         1.000         1.000         1.000
 WEEKEND        0.990         1.000         1.000         1.000         1.000



UNIVARIATE SAMPLE STATISTICS


     UNIVARIATE HIGHER-ORDER MOMENT DESCRIPTIVE STATISTICS

         Variable/         Mean/     Skewness/   Minimum/ % with                Percentiles
        Sample Size      Variance    Kurtosis    Maximum  Min/Max      20%/60%    40%/80%    Median

     HAPPY                 2.436       0.110       1.000   19.52%       2.000      2.000      2.000
           55394.000       0.984      -1.026       4.000   17.36%       3.000      3.000
     PEERS                 0.240       1.219       0.000   76.03%       0.000      0.000      0.000
           55948.000       0.182      -0.513       1.000   23.97%       0.000      1.000
     FAMILY                0.093       2.805       0.000   90.71%       0.000      0.000      0.000
           55948.000       0.084       5.870       1.000    9.29%       0.000      0.000
     WEAK_TIES             0.053       3.986       0.000   94.69%       0.000      0.000      0.000
           55948.000       0.050      13.887       1.000    5.31%       0.000      0.000
     WEEKEND               0.265       1.064       0.000   73.48%       0.000      0.000      0.000
           55948.000       0.195      -0.868       1.000   26.52%       0.000      1.000


THE MODEL ESTIMATION TERMINATED NORMALLY

     USE THE FBITERATIONS OPTION TO INCREASE THE NUMBER OF ITERATIONS BY A FACTOR
     OF AT LEAST TWO TO CHECK CONVERGENCE AND THAT THE PSR VALUE DOES NOT INCREASE.



MODEL FIT INFORMATION

Number of Free Parameters                              28

Information Criteria

          Deviance (DIC)                       172336.812
          Estimated Number of Parameters (pD)    3903.327



MODEL RESULTS

                                Posterior  One-Tailed         95% C.I.
                    Estimate       S.D.      P-Value   Lower 2.5%  Upper 2.5%  Significance

Within Level

 HAPPY      ON
    WEEKEND            0.151       0.007      0.000       0.137       0.165      *

 Variances
    PEERS              0.140       0.001      0.000       0.139       0.142      *
    FAMILY             0.072       0.000      0.000       0.071       0.073      *
    WEAK_TIES          0.047       0.000      0.000       0.046       0.048      *

 Residual Variances
    HAPPY              0.516       0.003      0.000       0.510       0.522      *

Between Level

 HAPPY      ON
    PEERS              0.853       0.113      0.000       0.632       1.074      *
    FAMILY             0.462       0.217      0.016       0.038       0.887      *
    WEAK_TIES          0.063       0.407      0.436      -0.724       0.862

 HAPPY    WITH
    S1                -0.051       0.009      0.000      -0.070      -0.034      *
    S2                -0.038       0.011      0.000      -0.061      -0.016      *
    S3                -0.029       0.011      0.004      -0.051      -0.007      *

 S1       WITH
    S2                 0.021       0.007      0.002       0.007       0.036      *
    S3                 0.012       0.007      0.046      -0.002       0.026

 S2       WITH
    S3                 0.016       0.009      0.026       0.000       0.035

 Means
    PEERS              0.257       0.007      0.000       0.243       0.272      *
    FAMILY             0.092       0.004      0.000       0.084       0.100      *
    WEAK_TIES          0.055       0.002      0.000       0.050       0.059      *
    S1                 0.416       0.014      0.000       0.389       0.444      *
    S2                 0.262       0.018      0.000       0.227       0.297      *
    S3                 0.100       0.018      0.000       0.067       0.136      *

 Intercepts
    HAPPY              2.151       0.053      0.000       2.048       2.255      *

 Variances
    PEERS              0.044       0.002      0.000       0.040       0.049      *
    FAMILY             0.012       0.001      0.000       0.011       0.014      *
    WEAK_TIES          0.004       0.000      0.000       0.003       0.004      *
    S1                 0.084       0.008      0.000       0.070       0.100      *
    S2                 0.092       0.011      0.000       0.073       0.115      *
    S3                 0.038       0.011      0.000       0.019       0.061      *

 Residual Variances
    HAPPY              0.392       0.020      0.000       0.356       0.434      *


STANDARDIZED MODEL RESULTS


STDYX Standardization

                                Posterior  One-Tailed         95% C.I.
                    Estimate       S.D.      P-Value   Lower 2.5%  Upper 2.5%  Significance

Within-Level Standardized Estimates Averaged Over Clusters

 S1 | HAPPY ON
    PEERS              0.202       0.005      0.000       0.193       0.211      *

 S2 | HAPPY ON
    FAMILY             0.092       0.005      0.000       0.082       0.102      *

 S3 | HAPPY ON
    WEAK_TIES          0.027       0.005      0.000       0.018       0.037      *

 HAPPY      ON
    WEEKEND            0.085       0.004      0.000       0.077       0.093      *

 Variances
    PEERS              1.000       0.000      0.000       1.000       1.000
    FAMILY             1.000       0.000      0.000       1.000       1.000
    WEAK_TIES          1.000       0.000      0.000       1.000       1.000

 Residual Variances
    HAPPY              0.911       0.003      0.000       0.905       0.916      *

Between Level

 HAPPY      ON
    PEERS              0.274       0.034      0.000       0.205       0.340      *
    FAMILY             0.079       0.036      0.016       0.007       0.149      *
    WEAK_TIES          0.006       0.037      0.436      -0.066       0.079

 HAPPY    WITH
    S1                -0.282       0.046      0.000      -0.370      -0.190      *
    S2                -0.203       0.058      0.000      -0.312      -0.086      *
    S3                -0.238       0.092      0.004      -0.424      -0.061      *

 S1       WITH
    S2                 0.242       0.079      0.002       0.086       0.396      *
    S3                 0.206       0.120      0.046      -0.034       0.426

 S2       WITH
    S3                 0.278       0.142      0.026      -0.001       0.556

 Means
    PEERS              1.222       0.046      0.000       1.131       1.312      *
    FAMILY             0.827       0.042      0.000       0.745       0.911      *
    WEAK_TIES          0.917       0.047      0.000       0.826       1.010      *
    S1                 1.437       0.081      0.000       1.280       1.598      *
    S2                 0.865       0.078      0.000       0.717       1.027      *
    S3                 0.516       0.119      0.000       0.323       0.790      *

 Intercepts
    HAPPY              3.285       0.135      0.000       3.018       3.551      *

 Variances
    PEERS              1.000       0.000      0.000       1.000       1.000
    FAMILY             1.000       0.000      0.000       1.000       1.000
    WEAK_TIES          1.000       0.000      0.000       1.000       1.000
    S1                 1.000       0.000      0.000       1.000       1.000
    S2                 1.000       0.000      0.000       1.000       1.000
    S3                 1.000       0.000      0.000       1.000       1.000

 Residual Variances
    HAPPY              0.916       0.021      0.000       0.869       0.954      *


STDY Standardization

                                Posterior  One-Tailed         95% C.I.
                    Estimate       S.D.      P-Value   Lower 2.5%  Upper 2.5%  Significance

Within-Level Standardized Estimates Averaged Over Clusters

 S1 | HAPPY ON
    PEERS              0.202       0.005      0.000       0.193       0.211      *

 S2 | HAPPY ON
    FAMILY             0.092       0.005      0.000       0.082       0.102      *

 S3 | HAPPY ON
    WEAK_TIES          0.027       0.005      0.000       0.018       0.037      *

 HAPPY      ON
    WEEKEND            0.201       0.010      0.000       0.182       0.219      *

 Variances
    PEERS              1.000       0.000      0.000       1.000       1.000
    FAMILY             1.000       0.000      0.000       1.000       1.000
    WEAK_TIES          1.000       0.000      0.000       1.000       1.000

 Residual Variances
    HAPPY              0.911       0.003      0.000       0.905       0.916      *

Between Level

 HAPPY      ON
    PEERS              0.274       0.034      0.000       0.205       0.340      *
    FAMILY             0.079       0.036      0.016       0.007       0.149      *
    WEAK_TIES          0.006       0.037      0.436      -0.066       0.079

 HAPPY    WITH
    S1                -0.282       0.046      0.000      -0.370      -0.190      *
    S2                -0.203       0.058      0.000      -0.312      -0.086      *
    S3                -0.238       0.092      0.004      -0.424      -0.061      *

 S1       WITH
    S2                 0.242       0.079      0.002       0.086       0.396      *
    S3                 0.206       0.120      0.046      -0.034       0.426

 S2       WITH
    S3                 0.278       0.142      0.026      -0.001       0.556

 Means
    PEERS              1.222       0.046      0.000       1.131       1.312      *
    FAMILY             0.827       0.042      0.000       0.745       0.911      *
    WEAK_TIES          0.917       0.047      0.000       0.826       1.010      *
    S1                 1.437       0.081      0.000       1.280       1.598      *
    S2                 0.865       0.078      0.000       0.717       1.027      *
    S3                 0.516       0.119      0.000       0.323       0.790      *

 Intercepts
    HAPPY              3.285       0.135      0.000       3.018       3.551      *

 Variances
    PEERS              1.000       0.000      0.000       1.000       1.000
    FAMILY             1.000       0.000      0.000       1.000       1.000
    WEAK_TIES          1.000       0.000      0.000       1.000       1.000
    S1                 1.000       0.000      0.000       1.000       1.000
    S2                 1.000       0.000      0.000       1.000       1.000
    S3                 1.000       0.000      0.000       1.000       1.000

 Residual Variances
    HAPPY              0.916       0.021      0.000       0.869       0.954      *


R-SQUARE

Within-Level R-Square Averaged Across Clusters

                                Posterior  One-Tailed         95% C.I.
    Variable        Estimate       S.D.      P-Value   Lower 2.5%  Upper 2.5%

    HAPPY              0.089       0.003      0.000       0.084       0.095

Between Level

                                Posterior  One-Tailed         95% C.I.
    Variable        Estimate       S.D.      P-Value   Lower 2.5%  Upper 2.5%

    HAPPY              0.084       0.021      0.000       0.046       0.131


TECHNICAL 1 OUTPUT


     PARAMETER SPECIFICATION FOR WITHIN


           NU
              HAPPY         PEERS         FAMILY        WEAK_TIE      WEEKEND
              ________      ________      ________      ________      ________
                    0             0             0             0             0


           LAMBDA
              HAPPY         PEERS         FAMILY        WEAK_TIE      WEEKEND
              ________      ________      ________      ________      ________
 HAPPY              0             0             0             0             0
 PEERS              0             0             0             0             0
 FAMILY             0             0             0             0             0
 WEAK_TIE           0             0             0             0             0
 WEEKEND            0             0             0             0             0


           THETA
              HAPPY         PEERS         FAMILY        WEAK_TIE      WEEKEND
              ________      ________      ________      ________      ________
 HAPPY              0
 PEERS              0             0
 FAMILY             0             0             0
 WEAK_TIE           0             0             0             0
 WEEKEND            0             0             0             0             0


           ALPHA
              HAPPY         PEERS         FAMILY        WEAK_TIE      WEEKEND
              ________      ________      ________      ________      ________
                    0             0             0             0             0


           BETA
              HAPPY         PEERS         FAMILY        WEAK_TIE      WEEKEND
              ________      ________      ________      ________      ________
 HAPPY              0             0             0             0             1
 PEERS              0             0             0             0             0
 FAMILY             0             0             0             0             0
 WEAK_TIE           0             0             0             0             0
 WEEKEND            0             0             0             0             0


           PSI
              HAPPY         PEERS         FAMILY        WEAK_TIE      WEEKEND
              ________      ________      ________      ________      ________
 HAPPY              2
 PEERS              0             3
 FAMILY             0             0             4
 WEAK_TIE           0             0             0             5
 WEEKEND            0             0             0             0             0


     PARAMETER SPECIFICATION FOR BETWEEN


           NU
              HAPPY         PEERS         FAMILY        WEAK_TIE
              ________      ________      ________      ________
                    0             0             0             0


           LAMBDA
              S1            S2            S3            HAPPY         PEERS
              ________      ________      ________      ________      ________
 HAPPY              0             0             0             0             0
 PEERS              0             0             0             0             0
 FAMILY             0             0             0             0             0
 WEAK_TIE           0             0             0             0             0


           LAMBDA
              FAMILY        WEAK_TIE
              ________      ________
 HAPPY              0             0
 PEERS              0             0
 FAMILY             0             0
 WEAK_TIE           0             0


           THETA
              HAPPY         PEERS         FAMILY        WEAK_TIE
              ________      ________      ________      ________
 HAPPY              0
 PEERS              0             0
 FAMILY             0             0             0
 WEAK_TIE           0             0             0             0


           ALPHA
              S1            S2            S3            HAPPY         PEERS
              ________      ________      ________      ________      ________
                    6             7             8             9            10


           ALPHA
              FAMILY        WEAK_TIE
              ________      ________
                   11            12


           BETA
              S1            S2            S3            HAPPY         PEERS
              ________      ________      ________      ________      ________
 S1                 0             0             0             0             0
 S2                 0             0             0             0             0
 S3                 0             0             0             0             0
 HAPPY              0             0             0             0            13
 PEERS              0             0             0             0             0
 FAMILY             0             0             0             0             0
 WEAK_TIE           0             0             0             0             0


           BETA
              FAMILY        WEAK_TIE
              ________      ________
 S1                 0             0
 S2                 0             0
 S3                 0             0
 HAPPY             14            15
 PEERS              0             0
 FAMILY             0             0
 WEAK_TIE           0             0


           PSI
              S1            S2            S3            HAPPY         PEERS
              ________      ________      ________      ________      ________
 S1                16
 S2                17            18
 S3                19            20            21
 HAPPY             22            23            24            25
 PEERS              0             0             0             0            26
 FAMILY             0             0             0             0             0
 WEAK_TIE           0             0             0             0             0


           PSI
              FAMILY        WEAK_TIE
              ________      ________
 FAMILY            27
 WEAK_TIE           0            28


     STARTING VALUES FOR WITHIN


           NU
              HAPPY         PEERS         FAMILY        WEAK_TIE      WEEKEND
              ________      ________      ________      ________      ________
                0.000         0.000         0.000         0.000         0.000


           LAMBDA
              HAPPY         PEERS         FAMILY        WEAK_TIE      WEEKEND
              ________      ________      ________      ________      ________
 HAPPY          1.000         0.000         0.000         0.000         0.000
 PEERS          0.000         1.000         0.000         0.000         0.000
 FAMILY         0.000         0.000         1.000         0.000         0.000
 WEAK_TIE       0.000         0.000         0.000         1.000         0.000
 WEEKEND        0.000         0.000         0.000         0.000         1.000


           THETA
              HAPPY         PEERS         FAMILY        WEAK_TIE      WEEKEND
              ________      ________      ________      ________      ________
 HAPPY          0.000
 PEERS          0.000         0.000
 FAMILY         0.000         0.000         0.000
 WEAK_TIE       0.000         0.000         0.000         0.000
 WEEKEND        0.000         0.000         0.000         0.000         0.000


           ALPHA
              HAPPY         PEERS         FAMILY        WEAK_TIE      WEEKEND
              ________      ________      ________      ________      ________
                0.000         0.000         0.000         0.000         0.000


           BETA
              HAPPY         PEERS         FAMILY        WEAK_TIE      WEEKEND
              ________      ________      ________      ________      ________
 HAPPY          0.000         0.000         0.000         0.000         0.000
 PEERS          0.000         0.000         0.000         0.000         0.000
 FAMILY         0.000         0.000         0.000         0.000         0.000
 WEAK_TIE       0.000         0.000         0.000         0.000         0.000
 WEEKEND        0.000         0.000         0.000         0.000         0.000


           PSI
              HAPPY         PEERS         FAMILY        WEAK_TIE      WEEKEND
              ________      ________      ________      ________      ________
 HAPPY          0.492
 PEERS          0.000         0.091
 FAMILY         0.000         0.000         0.042
 WEAK_TIE       0.000         0.000         0.000         0.025
 WEEKEND        0.000         0.000         0.000         0.000         0.097


     STARTING VALUES FOR BETWEEN


           NU
              HAPPY         PEERS         FAMILY        WEAK_TIE
              ________      ________      ________      ________
                0.000         0.000         0.000         0.000


           LAMBDA
              S1            S2            S3            HAPPY         PEERS
              ________      ________      ________      ________      ________
 HAPPY          0.000         0.000         0.000         1.000         0.000
 PEERS          0.000         0.000         0.000         0.000         1.000
 FAMILY         0.000         0.000         0.000         0.000         0.000
 WEAK_TIE       0.000         0.000         0.000         0.000         0.000


           LAMBDA
              FAMILY        WEAK_TIE
              ________      ________
 HAPPY          0.000         0.000
 PEERS          0.000         0.000
 FAMILY         1.000         0.000
 WEAK_TIE       0.000         1.000


           THETA
              HAPPY         PEERS         FAMILY        WEAK_TIE
              ________      ________      ________      ________
 HAPPY          0.000
 PEERS          0.000         0.000
 FAMILY         0.000         0.000         0.000
 WEAK_TIE       0.000         0.000         0.000         0.000


           ALPHA
              S1            S2            S3            HAPPY         PEERS
              ________      ________      ________      ________      ________
                0.000         0.000         0.000         2.436         0.240


           ALPHA
              FAMILY        WEAK_TIE
              ________      ________
                0.093         0.053


           BETA
              S1            S2            S3            HAPPY         PEERS
              ________      ________      ________      ________      ________
 S1             0.000         0.000         0.000         0.000         0.000
 S2             0.000         0.000         0.000         0.000         0.000
 S3             0.000         0.000         0.000         0.000         0.000
 HAPPY          0.000         0.000         0.000         0.000         0.000
 PEERS          0.000         0.000         0.000         0.000         0.000
 FAMILY         0.000         0.000         0.000         0.000         0.000
 WEAK_TIE       0.000         0.000         0.000         0.000         0.000


           BETA
              FAMILY        WEAK_TIE
              ________      ________
 S1             0.000         0.000
 S2             0.000         0.000
 S3             0.000         0.000
 HAPPY          0.000         0.000
 PEERS          0.000         0.000
 FAMILY         0.000         0.000
 WEAK_TIE       0.000         0.000


           PSI
              S1            S2            S3            HAPPY         PEERS
              ________      ________      ________      ________      ________
 S1             1.000
 S2             0.000         1.000
 S3             0.000         0.000         1.000
 HAPPY          0.000         0.000         0.000         0.492
 PEERS          0.000         0.000         0.000         0.000         0.091
 FAMILY         0.000         0.000         0.000         0.000         0.000
 WEAK_TIE       0.000         0.000         0.000         0.000         0.000


           PSI
              FAMILY        WEAK_TIE
              ________      ________
 FAMILY         0.042
 WEAK_TIE       0.000         0.025



     PRIORS FOR ALL PARAMETERS            PRIOR MEAN      PRIOR VARIANCE     PRIOR STD. DEV.

     Parameter 1~N(0.000,infinity)           0.0000            infinity            infinity
     Parameter 2~IG(-1.000,0.000)          infinity            infinity            infinity
     Parameter 3~IG(-1.000,0.000)          infinity            infinity            infinity
     Parameter 4~IG(-1.000,0.000)          infinity            infinity            infinity
     Parameter 5~IG(-1.000,0.000)          infinity            infinity            infinity
     Parameter 6~N(0.000,infinity)           0.0000            infinity            infinity
     Parameter 7~N(0.000,infinity)           0.0000            infinity            infinity
     Parameter 8~N(0.000,infinity)           0.0000            infinity            infinity
     Parameter 9~N(0.000,infinity)           0.0000            infinity            infinity
     Parameter 10~N(0.000,infinity)          0.0000            infinity            infinity
     Parameter 11~N(0.000,infinity)          0.0000            infinity            infinity
     Parameter 12~N(0.000,infinity)          0.0000            infinity            infinity
     Parameter 13~N(0.000,infinity)          0.0000            infinity            infinity
     Parameter 14~N(0.000,infinity)          0.0000            infinity            infinity
     Parameter 15~N(0.000,infinity)          0.0000            infinity            infinity
     Parameter 16~IW(0.000,-5)             infinity            infinity            infinity
     Parameter 17~IW(0.000,-5)             infinity            infinity            infinity
     Parameter 18~IW(0.000,-5)             infinity            infinity            infinity
     Parameter 19~IW(0.000,-5)             infinity            infinity            infinity
     Parameter 20~IW(0.000,-5)             infinity            infinity            infinity
     Parameter 21~IW(0.000,-5)             infinity            infinity            infinity
     Parameter 22~IW(0.000,-5)             infinity            infinity            infinity
     Parameter 23~IW(0.000,-5)             infinity            infinity            infinity
     Parameter 24~IW(0.000,-5)             infinity            infinity            infinity
     Parameter 25~IW(0.000,-5)             infinity            infinity            infinity
     Parameter 26~IG(-1.000,0.000)         infinity            infinity            infinity
     Parameter 27~IG(-1.000,0.000)         infinity            infinity            infinity
     Parameter 28~IG(-1.000,0.000)         infinity            infinity            infinity


TECHNICAL 8 OUTPUT


   TECHNICAL 8 OUTPUT FOR BAYES ESTIMATION

     CHAIN    BSEED
     1        0
     2        285380

                     POTENTIAL       PARAMETER WITH
     ITERATION    SCALE REDUCTION      HIGHEST PSR
     100              1.379               24
     200              1.320               24
     300              1.103               19
     400              1.079               19
     500              1.089               8
     600              1.068               8
     700              1.050               8
     800              1.040               24
     900              1.047               24
     1000             1.012               19
     1100             1.065               20
     1200             1.068               20
     1300             1.026               20
     1400             1.046               21
     1500             1.073               21
     1600             1.116               21
     1700             1.107               21
     1800             1.132               21
     1900             1.203               21
     2000             1.264               21
     2100             1.298               21
     2200             1.285               21
     2300             1.194               21
     2400             1.114               21
     2500             1.143               21
     2600             1.154               21
     2700             1.162               21
     2800             1.135               21
     2900             1.094               21
     3000             1.059               21
     3100             1.049               21
     3200             1.030               21
     3300             1.013               21
     3400             1.022               21
     3500             1.019               21
     3600             1.004               21
     3700             1.003               24
     3800             1.007               20
     3900             1.006               20
     4000             1.021               21
     4100             1.025               21
     4200             1.037               21
     4300             1.059               21
     4400             1.052               21
     4500             1.052               21
     4600             1.043               21
     4700             1.025               21
     4800             1.027               21
     4900             1.025               21
     5000             1.028               21
     5100             1.025               21
     5200             1.029               21
     5300             1.036               21
     5400             1.042               21
     5500             1.046               21
     5600             1.035               21
     5700             1.023               21
     5800             1.017               21
     5900             1.015               21
     6000             1.009               21
     6100             1.005               21
     6200             1.006               21
     6300             1.006               21
     6400             1.007               23
     6500             1.010               23
     6600             1.012               23
     6700             1.009               23
     6800             1.011               23
     6900             1.010               23
     7000             1.011               23
     7100             1.009               23
     7200             1.010               23
     7300             1.007               23
     7400             1.007               23
     7500             1.006               23
     7600             1.006               23
     7700             1.005               23
     7800             1.007               21
     7900             1.009               21
     8000             1.013               21
     8100             1.013               21
     8200             1.013               21
     8300             1.012               21
     8400             1.015               21
     8500             1.021               21
     8600             1.025               21
     8700             1.026               21
     8800             1.026               21
     8900             1.024               21
     9000             1.019               21
     9100             1.025               21
     9200             1.027               21
     9300             1.019               21
     9400             1.019               21
     9500             1.023               21
     9600             1.025               21
     9700             1.030               21
     9800             1.032               21
     9900             1.028               21
     10000            1.024               21


     Beginning Time:  12:16:48
        Ending Time:  12:27:18
       Elapsed Time:  00:10:30



MUTHEN & MUTHEN
3463 Stoner Ave.
Los Angeles, CA  90066

Tel: (310) 391-9971
Fax: (310) 391-8971
Web: www.StatModel.com
Support: Support@StatModel.com

Copyright (c) 1998-2020 Muthen & Muthen
