Mplus VERSION 8.5 (Mac)
MUTHEN & MUTHEN
03/16/2022   7:29 AM

INPUT INSTRUCTIONS

  TITLE: Analysis 2+3
  DATA: FILE = analysis3_S2.dat;
  VARIABLE:
  NAMES = ID WB content stressed lonely
  peers family weak_ties
  E A C N O gender ethnicity SES weekend;
  USEVARIABLES = content
  peers family weak_ties
  weekend;
  CLUSTER = ID;
  WITHIN = weekend;
  MISSING = .;
  ANALYSIS: TYPE = TWOLEVEL RANDOM; ESTIMATOR = BAYES;
  BITERATIONS = (10000); PROCESSORS = 2;
  MODEL:
  %WITHIN%
  ! Contentment is predicted by peers, the slope is random
  S1 | content ON peers;
  ! Contentment is predicted by family, the slope is random
  S2 | content ON family;
  ! Contentment is predicted by weak ties, the slope is random
  S3 | content ON weak_ties;
  ! Control for weekend
  content ON weekend;
  %BETWEEN%
  ! Covariance between intercept and slopes
  content S1-S3 WITH content S1-S3;
  ! The intercept is predicted by peers
  content ON peers;
  ! The intercept is predicted by family
  content ON family;
  ! The intercept is predicted by weak ties
  content ON weak_ties;
  OUTPUT: STDYX STDY TECH8;



*** WARNING in VARIABLE command
  Note that only the first 8 characters of variable names are used in the output.
  Shorten variable names to avoid any confusion.
*** WARNING in MODEL command
  In the MODEL command, the x variable on the WITHIN level has been turned into a
  y variable to enable latent variable decomposition.  This variable will be treated
  as a y-variable on both levels:  PEERS
*** WARNING in MODEL command
  In the MODEL command, the x variable on the WITHIN level has been turned into a
  y variable to enable latent variable decomposition.  This variable will be treated
  as a y-variable on both levels:  FAMILY
*** WARNING in MODEL command
  In the MODEL command, the x variable on the WITHIN level has been turned into a
  y variable to enable latent variable decomposition.  This variable will be treated
  as a y-variable on both levels:  WEAK_TIES
*** WARNING
  One or more individual-level variables have no variation within a
  cluster for the following clusters.

     Variable   Cluster IDs with no within-cluster variation

      CONTENT     134 157 171 384 751 791 100 13 65 352 96 533 563 720 623 629 700 795 610
      PEERS       134 504 261 703 69 384 751 781 791 13 605 440 65 805 307 680 93 352 603 498
                  513 209 373 165 114 335 11 589 333 276 357 649 241 579 752 390 341 617 832 760
                  311 518 364 286 291
      FAMILY      134 504 157 261 171 703 69 384 751 781 791 100 13 605 440 197 198 65 741 293
                  39 350 805 565 856 277 240 650 404 502 3 349 669 680 93 352 353 382 289 762
                  557 5 268 537 50 96 595 498 368 205 515 118 513 316 140 209 238 150 163 626
                  777 783 533 657 114 314 231 321 480 335 489 11 182 133 212 747 425 599 691 698
                  276 216 61 343 126 443 849 857 417 107 312 649 563 111 568 300 229 689 454 597
                  559 615 574 102 814 836 362 668 334 6 10 437 462 30 329 483 676 672 123 608
                  623 110 519 826 491 842 144 822 631 645 750 398 72 601 241 285 616 618 288 435
                  99 629 217 137 98 213 325 279 627 753 414 772 58 260 328 387 494 695 799 409
                  542 390 360 392 178 195 45 104 768 677 298 854 688 255 706 256 434 470 219 745
                  820 318 4 522 634 845 233 535 852 253 564 746 152 206 457 179 771 200 472 671
                  371 786 548 79 82 531 173 381 642 782 846 536 724 517 495 94 481 575 700 764
                  612 379 734 816 12 271 760 712 49 769 719 570 294 88 725 361 236 591 474 511
                  739 14 578 606 825 331 773 804 658 290 180 736 108 433 269 458 242 577 469 320
                  590 22 843 428 596 848 506 419 835 401 838 405 588 164 26 138 740 449 803 475
                  758 464 78 824 7 416 459 47 784 274 743 654 60 15 539 77 749 57 172 246 415
                  20 730 402 609 87 62 28 83 153 514 136 572 815 598 490 356 520 580 584 499 659
                  287 850 479 465
      WEAK_TIE    215 134 497 504 157 261 703 69 384 751 781 791 100 13 605 440 65 741 293 350
                  805 277 307 151 650 438 349 680 93 352 289 603 595 498 368 205 118 351 140 209
                  510 626 657 114 621 326 11 68 262 599 276 216 194 61 126 142 302 546 312 649
                  563 229 836 220 668 334 10 463 30 329 567 441 505 19 748 376 645 619 620 471
                  239 241 288 244 213 807 222 635 451 695 466 754 542 390 482 4 36 683 837 380
                  564 571 206 412 67 531 583 516 543 411 809 760 675 48 224 606 704 180 718 802
                  297 776 184 756 242 421 166 230 540 59 106 573 84 378 355 444 730 609 87 738
                  202 705 667 24 44 521
      WEEKEND     134 504 157 261 69 751 781 791 100 605 440 197 293 39 350 805 307 650 404 502
                  3 349 680 93 762 5 268 537 496 595 339 515 513 316 209 321 742 849 407 357 668
                  375 786

   5 WARNING(S) FOUND IN THE INPUT INSTRUCTIONS



Analysis 2+3

SUMMARY OF ANALYSIS

Number of groups                                                 1
Number of observations                                       20851

Number of dependent variables                                    4
Number of independent variables                                  1
Number of continuous latent variables                            3

Observed dependent variables

  Continuous
   CONTENT     PEERS       FAMILY      WEAK_TIES

Observed independent variables
   WEEKEND

Continuous latent variables
   S1          S2          S3

Variables with special functions

  Cluster variable      ID

  Within variables
   WEEKEND


Estimator                                                    BAYES
Specifications for Bayesian Estimation
  Point estimate                                            MEDIAN
  Number of Markov chain Monte Carlo (MCMC) chains               2
  Random seed for the first chain                                0
  Starting value information                           UNPERTURBED
  Algorithm used for Markov chain Monte Carlo           GIBBS(PX1)
  Convergence criterion                                  0.500D-01
  Maximum number of iterations                               50000
  K-th iteration used for thinning                               1

Input data file(s)
  analysis3_S2.dat
Input data format  FREE


SUMMARY OF DATA

     Number of clusters                        841

       Size (s)    Cluster ID with Size s

          1        21 33 46 121 131 189 208 218 259 283 301 450 453 486
                   556 594 664 708 723 818
          2        215 134 497 504 157 261 171 703 69 384 751 781 791 100
          3        13 605 440 197 198 65 741 293 39 350 805 565 856
          4        277 307 151 240 650 404 502 438
          5        3 349 669 680 93 352 353 382 289 762 557 292 5 603 268
          6        537 50 456 96 496 595 339 498 643 368 806 205 515
          7        118 351 513 687 316 140 363 209
          8        238 278 150 510 604 163 626 777 373 783 533 657 165
                   114 296
          9        314 231 321 742 621 326 480 335 489 11 17 589 147 182
         10        133 212 485 68 747 64 425 432 262 38 333 599 691 698
                   276
         11        216 194 61 343 126 532 443 142 828 849 247 857
         12        302 407 417 728 107 357 546 312 646 649 265 563 111
                   568 673 300 229 847 689 454 597
         13        478 559 317 615 2 155 574 701 102 814 162 720 836 839
                   220 362 85 668
         14        766 306 334 587 789 6 10 437 812 651 653 462 463 30
                   329 483 676 567
         15        672 305 123 608 75 441 790 623 793 505 267 110 366 519
                   823 826 487 19 491 842 369 552 748 555
         16        376 410 144 822 631 778 29 645 592 442 310 744 619 620
         17        750 122 509 303 92 398 72 471 601 239 35 241 685 285
                   553 616 618 288 435 244 99 23 629 217 137 372 91 579
         18        98 34 213 325 279 627 807 406 512 222 644 753 370 763
                   414 772 528 58 73 375 788
         19        635 702 757 451 707 260 711 86 328 387 829 158 211 494
                   473 695 117 799
         20        66 752 466 754 409 31 632 477 199 542 682 732 204 43
                   390 191 76 360 797
         21        392 178 403 195 45 41 341 104 264 768 770 633 500 677
                   834 639 298 785 482 617 854 688 245
         22        255 706 256 434 467 713 470 722 338 113 798 560 733
                   397 670 810 219 745 566 820 821 318 161 4 36 683 522
                   90 837 452 634 844 845 233 535 852 380 855 541 253
         23        564 746 275 420 152 63 571 206 156 457 149 143 179 32
                   412 771 694 817 200 472
         24        112 67 628 690 671 840 159 371 786 729 18 232 427 190
                   663 548
         25        501 1 79 681 82 531 173 381 841 243 642 782 846 622
                   536 819 727 105 583 759
         26        160 715 774 717 385 81 678 724 516 517 56 132 613 737
                   495 257 94
         27        716 225 481 721 693 40 830 832 125 575 794 700 359 764
                   612 379 734 295 562 332 816 709 543 411 493
         28        281 250 809 593 12 221 174 271 760 176 712 70 313 624
                   853 675 71 48 119
         29        237 49 769 266 95 719 570 294 280 88 394 725 361 51
                   236 591 761 666 474 827 365
         30        648 354 833 808 714 511 258 739 327 224 14 578 455 422
                   423 606 825 331 773 804 115
         31        704 658 290 180 9 524 488 600 736 530 234 223 210 718
                   851 187 340 801 108 170 468
         32        545 802 167 408 297 433 776 614 184 299 269 458 756
                   460 561 311 534 400 103 129 386 446 424
         33        638 42 395 242 421 577 469 270 320 518 146 590 130 22
                   697 527 843 428 8 596 249 848 166 630 503 251 674 230
                   506 27
         34        540 59 795 419 183 544 116 835 401 611 838 226 282 405
                   37 588 127 430 52 388 55 164 652 507 436 625 26 16 792
         35        124 169 138 765 431 740 449 803 475 399 758 97 660 684
         36        106 573 464 78 824 7 181 445 735 581 665 315
         37        416 168 74 84 538 459 342 80 779 47 647 101 784
         38        547 274 551 322 641 391 787 743 656 447 175 484 476
                   203
         39        726 654 25 60 347 89 15 636 201 539 640 54 186
         40        378 77 344 749 109 582 767 355
         41        444 57 172 813 128 358 246 415 439 20 263 120 273 730
                   686
         42        364 377 248 508 286 780 402 602 177 396 214
         43        135 609 731 492 87 196 62 254 28 738 558
         44        83 153 576 227 235 193 514 699 662 202 393 154
         45        705 136 607 185 348 572
         46        667 815 272 309 323 554 374
         47        598 585 24 800 367 811 692 490 319 356
         48        520 228 655 139 426
         49        661 413 418 580 308 550 529
         50        44 188 610
         51        569 584 521
         52        389 499 324
         53        429 659
         54        696 287
         55        252 850 284
         56        755 337 383 479 775
         57        345
         58        148
         59        53 465 141 525
         60        192
         62        346
         63        291



COVARIANCE COVERAGE OF DATA

Minimum covariance coverage value   0.100

     Number of missing data patterns             2


     PROPORTION OF DATA PRESENT


           Covariance Coverage
              CONTENT       PEERS         FAMILY        WEAK_TIE      WEEKEND
              ________      ________      ________      ________      ________
 CONTENT        0.996
 PEERS          0.996         1.000
 FAMILY         0.996         1.000         1.000
 WEAK_TIE       0.996         1.000         1.000         1.000
 WEEKEND        0.996         1.000         1.000         1.000         1.000



UNIVARIATE SAMPLE STATISTICS


     UNIVARIATE HIGHER-ORDER MOMENT DESCRIPTIVE STATISTICS

         Variable/         Mean/     Skewness/   Minimum/ % with                Percentiles
        Sample Size      Variance    Kurtosis    Maximum  Min/Max      20%/60%    40%/80%    Median

     CONTENT               2.590       0.044       1.000   10.66%       2.000      2.000      3.000
           20773.000       0.824      -0.841       4.000   18.44%       3.000      3.000
     PEERS                 0.451       0.197       0.000   54.89%       0.000      0.000      0.000
           20851.000       0.248      -1.961       1.000   45.11%       1.000      1.000
     FAMILY                0.093       2.796       0.000   90.67%       0.000      0.000      0.000
           20851.000       0.085       5.818       1.000    9.33%       0.000      0.000
     WEAK_TIES             0.135       2.131       0.000   86.46%       0.000      0.000      0.000
           20851.000       0.117       2.543       1.000   13.54%       0.000      0.000
     WEEKEND               0.292       0.916       0.000   70.83%       0.000      0.000      0.000
           20851.000       0.207      -1.160       1.000   29.17%       0.000      1.000


THE MODEL ESTIMATION TERMINATED NORMALLY

     USE THE FBITERATIONS OPTION TO INCREASE THE NUMBER OF ITERATIONS BY A FACTOR
     OF AT LEAST TWO TO CHECK CONVERGENCE AND THAT THE PSR VALUE DOES NOT INCREASE.



MODEL FIT INFORMATION

Number of Free Parameters                              28

Information Criteria

          Deviance (DIC)                        89781.622
          Estimated Number of Parameters (pD)    2983.154



MODEL RESULTS

                                Posterior  One-Tailed         95% C.I.
                    Estimate       S.D.      P-Value   Lower 2.5%  Upper 2.5%  Significance

Within Level

 CONTENT    ON
    WEEKEND            0.137       0.012      0.000       0.115       0.160      *

 Variances
    PEERS              0.193       0.002      0.000       0.189       0.197      *
    FAMILY             0.073       0.001      0.000       0.072       0.075      *
    WEAK_TIES          0.108       0.001      0.000       0.106       0.110      *

 Residual Variances
    CONTENT            0.500       0.005      0.000       0.490       0.511      *

Between Level

 CONTENT    ON
    PEERS              0.508       0.112      0.000       0.290       0.732      *
    FAMILY             0.622       0.233      0.004       0.169       1.086      *
    WEAK_TIES          0.786       0.270      0.001       0.259       1.320      *

 CONTENT  WITH
    S1                 0.000       0.008      0.491      -0.015       0.015
    S2                -0.012       0.014      0.198      -0.040       0.015
    S3                -0.025       0.011      0.007      -0.046      -0.005      *

 S1       WITH
    S2                 0.003       0.010      0.353      -0.013       0.025
    S3                 0.003       0.007      0.360      -0.010       0.018

 S2       WITH
    S3                 0.006       0.013      0.307      -0.018       0.031

 Means
    PEERS              0.467       0.009      0.000       0.449       0.484      *
    FAMILY             0.092       0.004      0.000       0.084       0.101      *
    WEAK_TIES          0.140       0.004      0.000       0.132       0.149      *
    S1                 0.274       0.015      0.000       0.245       0.303      *
    S2                 0.302       0.026      0.000       0.253       0.353      *
    S3                 0.024       0.019      0.103      -0.013       0.061

 Intercepts
    CONTENT            2.153       0.091      0.000       1.971       2.328      *

 Variances
    PEERS              0.054       0.003      0.000       0.048       0.061      *
    FAMILY             0.012       0.001      0.000       0.010       0.013      *
    WEAK_TIES          0.010       0.001      0.000       0.009       0.012      *
    S1                 0.024       0.009      0.000       0.007       0.043      *
    S2                 0.079       0.019      0.000       0.046       0.120      *
    S3                 0.038       0.012      0.000       0.016       0.065      *

 Residual Variances
    CONTENT            0.279       0.016      0.000       0.250       0.312      *


STANDARDIZED MODEL RESULTS


STDYX Standardization

                                Posterior  One-Tailed         95% C.I.
                    Estimate       S.D.      P-Value   Lower 2.5%  Upper 2.5%  Significance

Within-Level Standardized Estimates Averaged Over Clusters

 S1 | CONTENT ON
    PEERS              0.162       0.008      0.000       0.145       0.177      *

 S2 | CONTENT ON
    FAMILY             0.110       0.009      0.000       0.093       0.128      *

 S3 | CONTENT ON
    WEAK_TIES          0.010       0.008      0.106      -0.005       0.026

 CONTENT    ON
    WEEKEND            0.076       0.007      0.000       0.064       0.090      *

 Variances
    PEERS              1.000       0.000      0.000       1.000       1.000
    FAMILY             1.000       0.000      0.000       1.000       1.000
    WEAK_TIES          1.000       0.000      0.000       1.000       1.000

 Residual Variances
    CONTENT            0.929       0.006      0.000       0.916       0.940      *

Between Level

 CONTENT    ON
    PEERS              0.214       0.045      0.000       0.124       0.300      *
    FAMILY             0.121       0.044      0.004       0.033       0.205      *
    WEAK_TIES          0.143       0.048      0.001       0.048       0.235      *

 CONTENT  WITH
    S1                -0.002       0.101      0.491      -0.193       0.201
    S2                -0.083       0.096      0.198      -0.269       0.106
    S3                -0.245       0.108      0.007      -0.470      -0.053      *

 S1       WITH
    S2                 0.082       0.209      0.353      -0.347       0.462
    S3                 0.094       0.243      0.360      -0.458       0.484

 S2       WITH
    S3                 0.115       0.226      0.307      -0.380       0.513

 Means
    PEERS              2.007       0.069      0.000       1.871       2.143      *
    FAMILY             0.861       0.049      0.000       0.765       0.960      *
    WEAK_TIES          1.398       0.067      0.000       1.271       1.534      *
    S1                 1.756       0.490      0.000       1.288       3.280      *
    S2                 1.077       0.163      0.000       0.813       1.439      *
    S3                 0.126       0.100      0.103      -0.070       0.321

 Intercepts
    CONTENT            3.894       0.242      0.000       3.411       4.374      *

 Variances
    PEERS              1.000       0.000      0.000       1.000       1.000
    FAMILY             1.000       0.000      0.000       1.000       1.000
    WEAK_TIES          1.000       0.000      0.000       1.000       1.000
    S1                 1.000       0.000      0.000       1.000       1.000
    S2                 1.000       0.000      0.000       1.000       1.000
    S3                 1.000       0.000      0.000       1.000       1.000

 Residual Variances
    CONTENT            0.916       0.033      0.000       0.841       0.969      *


STDY Standardization

                                Posterior  One-Tailed         95% C.I.
                    Estimate       S.D.      P-Value   Lower 2.5%  Upper 2.5%  Significance

Within-Level Standardized Estimates Averaged Over Clusters

 S1 | CONTENT ON
    PEERS              0.162       0.008      0.000       0.145       0.177      *

 S2 | CONTENT ON
    FAMILY             0.110       0.009      0.000       0.093       0.128      *

 S3 | CONTENT ON
    WEAK_TIES          0.010       0.008      0.106      -0.005       0.026

 CONTENT    ON
    WEEKEND            0.186       0.016      0.000       0.156       0.219      *

 Variances
    PEERS              1.000       0.000      0.000       1.000       1.000
    FAMILY             1.000       0.000      0.000       1.000       1.000
    WEAK_TIES          1.000       0.000      0.000       1.000       1.000

 Residual Variances
    CONTENT            0.929       0.006      0.000       0.916       0.940      *

Between Level

 CONTENT    ON
    PEERS              0.214       0.045      0.000       0.124       0.300      *
    FAMILY             0.121       0.044      0.004       0.033       0.205      *
    WEAK_TIES          0.143       0.048      0.001       0.048       0.235      *

 CONTENT  WITH
    S1                -0.002       0.101      0.491      -0.193       0.201
    S2                -0.083       0.096      0.198      -0.269       0.106
    S3                -0.245       0.108      0.007      -0.470      -0.053      *

 S1       WITH
    S2                 0.082       0.209      0.353      -0.347       0.462
    S3                 0.094       0.243      0.360      -0.458       0.484

 S2       WITH
    S3                 0.115       0.226      0.307      -0.380       0.513

 Means
    PEERS              2.007       0.069      0.000       1.871       2.143      *
    FAMILY             0.861       0.049      0.000       0.765       0.960      *
    WEAK_TIES          1.398       0.067      0.000       1.271       1.534      *
    S1                 1.756       0.490      0.000       1.288       3.280      *
    S2                 1.077       0.163      0.000       0.813       1.439      *
    S3                 0.126       0.100      0.103      -0.070       0.321

 Intercepts
    CONTENT            3.894       0.242      0.000       3.411       4.374      *

 Variances
    PEERS              1.000       0.000      0.000       1.000       1.000
    FAMILY             1.000       0.000      0.000       1.000       1.000
    WEAK_TIES          1.000       0.000      0.000       1.000       1.000
    S1                 1.000       0.000      0.000       1.000       1.000
    S2                 1.000       0.000      0.000       1.000       1.000
    S3                 1.000       0.000      0.000       1.000       1.000

 Residual Variances
    CONTENT            0.916       0.033      0.000       0.841       0.969      *


R-SQUARE

Within-Level R-Square Averaged Across Clusters

                                Posterior  One-Tailed         95% C.I.
    Variable        Estimate       S.D.      P-Value   Lower 2.5%  Upper 2.5%

    CONTENT            0.071       0.006      0.000       0.060       0.084

Between Level

                                Posterior  One-Tailed         95% C.I.
    Variable        Estimate       S.D.      P-Value   Lower 2.5%  Upper 2.5%

    CONTENT            0.084       0.033      0.000       0.031       0.159


TECHNICAL 1 OUTPUT


     PARAMETER SPECIFICATION FOR WITHIN


           NU
              CONTENT       PEERS         FAMILY        WEAK_TIE      WEEKEND
              ________      ________      ________      ________      ________
                    0             0             0             0             0


           LAMBDA
              CONTENT       PEERS         FAMILY        WEAK_TIE      WEEKEND
              ________      ________      ________      ________      ________
 CONTENT            0             0             0             0             0
 PEERS              0             0             0             0             0
 FAMILY             0             0             0             0             0
 WEAK_TIE           0             0             0             0             0
 WEEKEND            0             0             0             0             0


           THETA
              CONTENT       PEERS         FAMILY        WEAK_TIE      WEEKEND
              ________      ________      ________      ________      ________
 CONTENT            0
 PEERS              0             0
 FAMILY             0             0             0
 WEAK_TIE           0             0             0             0
 WEEKEND            0             0             0             0             0


           ALPHA
              CONTENT       PEERS         FAMILY        WEAK_TIE      WEEKEND
              ________      ________      ________      ________      ________
                    0             0             0             0             0


           BETA
              CONTENT       PEERS         FAMILY        WEAK_TIE      WEEKEND
              ________      ________      ________      ________      ________
 CONTENT            0             0             0             0             1
 PEERS              0             0             0             0             0
 FAMILY             0             0             0             0             0
 WEAK_TIE           0             0             0             0             0
 WEEKEND            0             0             0             0             0


           PSI
              CONTENT       PEERS         FAMILY        WEAK_TIE      WEEKEND
              ________      ________      ________      ________      ________
 CONTENT            2
 PEERS              0             3
 FAMILY             0             0             4
 WEAK_TIE           0             0             0             5
 WEEKEND            0             0             0             0             0


     PARAMETER SPECIFICATION FOR BETWEEN


           NU
              CONTENT       PEERS         FAMILY        WEAK_TIE
              ________      ________      ________      ________
                    0             0             0             0


           LAMBDA
              S1            S2            S3            CONTENT       PEERS
              ________      ________      ________      ________      ________
 CONTENT            0             0             0             0             0
 PEERS              0             0             0             0             0
 FAMILY             0             0             0             0             0
 WEAK_TIE           0             0             0             0             0


           LAMBDA
              FAMILY        WEAK_TIE
              ________      ________
 CONTENT            0             0
 PEERS              0             0
 FAMILY             0             0
 WEAK_TIE           0             0


           THETA
              CONTENT       PEERS         FAMILY        WEAK_TIE
              ________      ________      ________      ________
 CONTENT            0
 PEERS              0             0
 FAMILY             0             0             0
 WEAK_TIE           0             0             0             0


           ALPHA
              S1            S2            S3            CONTENT       PEERS
              ________      ________      ________      ________      ________
                    6             7             8             9            10


           ALPHA
              FAMILY        WEAK_TIE
              ________      ________
                   11            12


           BETA
              S1            S2            S3            CONTENT       PEERS
              ________      ________      ________      ________      ________
 S1                 0             0             0             0             0
 S2                 0             0             0             0             0
 S3                 0             0             0             0             0
 CONTENT            0             0             0             0            13
 PEERS              0             0             0             0             0
 FAMILY             0             0             0             0             0
 WEAK_TIE           0             0             0             0             0


           BETA
              FAMILY        WEAK_TIE
              ________      ________
 S1                 0             0
 S2                 0             0
 S3                 0             0
 CONTENT           14            15
 PEERS              0             0
 FAMILY             0             0
 WEAK_TIE           0             0


           PSI
              S1            S2            S3            CONTENT       PEERS
              ________      ________      ________      ________      ________
 S1                16
 S2                17            18
 S3                19            20            21
 CONTENT           22            23            24            25
 PEERS              0             0             0             0            26
 FAMILY             0             0             0             0             0
 WEAK_TIE           0             0             0             0             0


           PSI
              FAMILY        WEAK_TIE
              ________      ________
 FAMILY            27
 WEAK_TIE           0            28


     STARTING VALUES FOR WITHIN


           NU
              CONTENT       PEERS         FAMILY        WEAK_TIE      WEEKEND
              ________      ________      ________      ________      ________
                0.000         0.000         0.000         0.000         0.000


           LAMBDA
              CONTENT       PEERS         FAMILY        WEAK_TIE      WEEKEND
              ________      ________      ________      ________      ________
 CONTENT        1.000         0.000         0.000         0.000         0.000
 PEERS          0.000         1.000         0.000         0.000         0.000
 FAMILY         0.000         0.000         1.000         0.000         0.000
 WEAK_TIE       0.000         0.000         0.000         1.000         0.000
 WEEKEND        0.000         0.000         0.000         0.000         1.000


           THETA
              CONTENT       PEERS         FAMILY        WEAK_TIE      WEEKEND
              ________      ________      ________      ________      ________
 CONTENT        0.000
 PEERS          0.000         0.000
 FAMILY         0.000         0.000         0.000
 WEAK_TIE       0.000         0.000         0.000         0.000
 WEEKEND        0.000         0.000         0.000         0.000         0.000


           ALPHA
              CONTENT       PEERS         FAMILY        WEAK_TIE      WEEKEND
              ________      ________      ________      ________      ________
                0.000         0.000         0.000         0.000         0.000


           BETA
              CONTENT       PEERS         FAMILY        WEAK_TIE      WEEKEND
              ________      ________      ________      ________      ________
 CONTENT        0.000         0.000         0.000         0.000         0.000
 PEERS          0.000         0.000         0.000         0.000         0.000
 FAMILY         0.000         0.000         0.000         0.000         0.000
 WEAK_TIE       0.000         0.000         0.000         0.000         0.000
 WEEKEND        0.000         0.000         0.000         0.000         0.000


           PSI
              CONTENT       PEERS         FAMILY        WEAK_TIE      WEEKEND
              ________      ________      ________      ________      ________
 CONTENT        0.412
 PEERS          0.000         0.124
 FAMILY         0.000         0.000         0.042
 WEAK_TIE       0.000         0.000         0.000         0.059
 WEEKEND        0.000         0.000         0.000         0.000         0.103


     STARTING VALUES FOR BETWEEN


           NU
              CONTENT       PEERS         FAMILY        WEAK_TIE
              ________      ________      ________      ________
                0.000         0.000         0.000         0.000


           LAMBDA
              S1            S2            S3            CONTENT       PEERS
              ________      ________      ________      ________      ________
 CONTENT        0.000         0.000         0.000         1.000         0.000
 PEERS          0.000         0.000         0.000         0.000         1.000
 FAMILY         0.000         0.000         0.000         0.000         0.000
 WEAK_TIE       0.000         0.000         0.000         0.000         0.000


           LAMBDA
              FAMILY        WEAK_TIE
              ________      ________
 CONTENT        0.000         0.000
 PEERS          0.000         0.000
 FAMILY         1.000         0.000
 WEAK_TIE       0.000         1.000


           THETA
              CONTENT       PEERS         FAMILY        WEAK_TIE
              ________      ________      ________      ________
 CONTENT        0.000
 PEERS          0.000         0.000
 FAMILY         0.000         0.000         0.000
 WEAK_TIE       0.000         0.000         0.000         0.000


           ALPHA
              S1            S2            S3            CONTENT       PEERS
              ________      ________      ________      ________      ________
                0.000         0.000         0.000         2.590         0.451


           ALPHA
              FAMILY        WEAK_TIE
              ________      ________
                0.093         0.135


           BETA
              S1            S2            S3            CONTENT       PEERS
              ________      ________      ________      ________      ________
 S1             0.000         0.000         0.000         0.000         0.000
 S2             0.000         0.000         0.000         0.000         0.000
 S3             0.000         0.000         0.000         0.000         0.000
 CONTENT        0.000         0.000         0.000         0.000         0.000
 PEERS          0.000         0.000         0.000         0.000         0.000
 FAMILY         0.000         0.000         0.000         0.000         0.000
 WEAK_TIE       0.000         0.000         0.000         0.000         0.000


           BETA
              FAMILY        WEAK_TIE
              ________      ________
 S1             0.000         0.000
 S2             0.000         0.000
 S3             0.000         0.000
 CONTENT        0.000         0.000
 PEERS          0.000         0.000
 FAMILY         0.000         0.000
 WEAK_TIE       0.000         0.000


           PSI
              S1            S2            S3            CONTENT       PEERS
              ________      ________      ________      ________      ________
 S1             1.000
 S2             0.000         1.000
 S3             0.000         0.000         1.000
 CONTENT        0.000         0.000         0.000         0.412
 PEERS          0.000         0.000         0.000         0.000         0.124
 FAMILY         0.000         0.000         0.000         0.000         0.000
 WEAK_TIE       0.000         0.000         0.000         0.000         0.000


           PSI
              FAMILY        WEAK_TIE
              ________      ________
 FAMILY         0.042
 WEAK_TIE       0.000         0.059



     PRIORS FOR ALL PARAMETERS            PRIOR MEAN      PRIOR VARIANCE     PRIOR STD. DEV.

     Parameter 1~N(0.000,infinity)           0.0000            infinity            infinity
     Parameter 2~IG(-1.000,0.000)          infinity            infinity            infinity
     Parameter 3~IG(-1.000,0.000)          infinity            infinity            infinity
     Parameter 4~IG(-1.000,0.000)          infinity            infinity            infinity
     Parameter 5~IG(-1.000,0.000)          infinity            infinity            infinity
     Parameter 6~N(0.000,infinity)           0.0000            infinity            infinity
     Parameter 7~N(0.000,infinity)           0.0000            infinity            infinity
     Parameter 8~N(0.000,infinity)           0.0000            infinity            infinity
     Parameter 9~N(0.000,infinity)           0.0000            infinity            infinity
     Parameter 10~N(0.000,infinity)          0.0000            infinity            infinity
     Parameter 11~N(0.000,infinity)          0.0000            infinity            infinity
     Parameter 12~N(0.000,infinity)          0.0000            infinity            infinity
     Parameter 13~N(0.000,infinity)          0.0000            infinity            infinity
     Parameter 14~N(0.000,infinity)          0.0000            infinity            infinity
     Parameter 15~N(0.000,infinity)          0.0000            infinity            infinity
     Parameter 16~IW(0.000,-5)             infinity            infinity            infinity
     Parameter 17~IW(0.000,-5)             infinity            infinity            infinity
     Parameter 18~IW(0.000,-5)             infinity            infinity            infinity
     Parameter 19~IW(0.000,-5)             infinity            infinity            infinity
     Parameter 20~IW(0.000,-5)             infinity            infinity            infinity
     Parameter 21~IW(0.000,-5)             infinity            infinity            infinity
     Parameter 22~IW(0.000,-5)             infinity            infinity            infinity
     Parameter 23~IW(0.000,-5)             infinity            infinity            infinity
     Parameter 24~IW(0.000,-5)             infinity            infinity            infinity
     Parameter 25~IW(0.000,-5)             infinity            infinity            infinity
     Parameter 26~IG(-1.000,0.000)         infinity            infinity            infinity
     Parameter 27~IG(-1.000,0.000)         infinity            infinity            infinity
     Parameter 28~IG(-1.000,0.000)         infinity            infinity            infinity


TECHNICAL 8 OUTPUT


   TECHNICAL 8 OUTPUT FOR BAYES ESTIMATION

     CHAIN    BSEED
     1        0
     2        285380

                     POTENTIAL       PARAMETER WITH
     ITERATION    SCALE REDUCTION      HIGHEST PSR
     100              1.612               20
     200              1.486               21
     300              1.639               21
     400              2.131               21
     500              1.690               17
     600              1.439               17
     700              1.269               17
     800              1.167               20
     900              1.226               20
     1000             1.320               20
     1100             1.655               20
     1200             1.491               20
     1300             1.364               20
     1400             1.185               20
     1500             1.129               20
     1600             1.146               20
     1700             1.191               21
     1800             1.332               21
     1900             1.235               21
     2000             1.174               21
     2100             1.108               21
     2200             1.084               21
     2300             1.092               21
     2400             1.094               17
     2500             1.079               17
     2600             1.053               17
     2700             1.011               17
     2800             1.015               23
     2900             1.012               23
     3000             1.018               18
     3100             1.019               18
     3200             1.021               18
     3300             1.027               18
     3400             1.030               18
     3500             1.036               18
     3600             1.050               18
     3700             1.058               18
     3800             1.048               18
     3900             1.039               21
     4000             1.050               21
     4100             1.062               21
     4200             1.058               21
     4300             1.045               21
     4400             1.051               21
     4500             1.072               21
     4600             1.089               21
     4700             1.085               21
     4800             1.091               21
     4900             1.119               21
     5000             1.133               21
     5100             1.146               21
     5200             1.153               21
     5300             1.160               21
     5400             1.147               21
     5500             1.145               21
     5600             1.121               21
     5700             1.124               21
     5800             1.127               21
     5900             1.114               21
     6000             1.121               21
     6100             1.097               21
     6200             1.081               21
     6300             1.062               21
     6400             1.041               21
     6500             1.037               21
     6600             1.047               21
     6700             1.055               21
     6800             1.056               21
     6900             1.051               21
     7000             1.041               21
     7100             1.030               21
     7200             1.018               19
     7300             1.014               19
     7400             1.014               19
     7500             1.022               16
     7600             1.026               16
     7700             1.027               16
     7800             1.032               16
     7900             1.033               16
     8000             1.034               16
     8100             1.033               16
     8200             1.031               17
     8300             1.031               17
     8400             1.032               16
     8500             1.031               16
     8600             1.037               16
     8700             1.044               16
     8800             1.049               16
     8900             1.054               16
     9000             1.049               16
     9100             1.040               16
     9200             1.036               16
     9300             1.028               16
     9400             1.024               16
     9500             1.021               16
     9600             1.020               16
     9700             1.024               16
     9800             1.030               16
     9900             1.033               16
     10000            1.032               16


     Beginning Time:  07:29:55
        Ending Time:  07:36:24
       Elapsed Time:  00:06:29



MUTHEN & MUTHEN
3463 Stoner Ave.
Los Angeles, CA  90066

Tel: (310) 391-9971
Fax: (310) 391-8971
Web: www.StatModel.com
Support: Support@StatModel.com

Copyright (c) 1998-2020 Muthen & Muthen
