Mplus VERSION 8.5 (Mac)
MUTHEN & MUTHEN
03/16/2022   7:07 PM

INPUT INSTRUCTIONS

  TITLE: Analysis 2+3
  DATA: FILE = analysis3_S3.dat;
  VARIABLE:
  NAMES = ID AB angry worried happy sad WB stressed lonely
  peers family weak_ties
  E A C N O gender ethnicity SES weekend;
  USEVARIABLES = AB
  peers family weak_ties
  weekend A gender ethnicity SES;
  CLUSTER = ID;
  WITHIN = weekend;
  BETWEEN = A gender ethnicity SES;
  MISSING = .;
  DEFINE: CENTER A (GRANDMEAN);
  ANALYSIS: TYPE = TWOLEVEL RANDOM; ESTIMATOR = BAYES;
  BITERATIONS = (10000); PROCESSORS = 2;
  MODEL:
  %WITHIN%
  ! Affect balance is predicted by peers, the slope is random
  S1 | AB ON peers;
  ! Affect balance is predicted by family, the slope is random
  S2 | AB ON family;
  ! Affect balance is predicted by weak ties, the slope is random
  S3 | AB ON weak_ties;
  ! Control for weekend
  AB ON weekend;
  %BETWEEN%
  ! Covariance between intercept and slopes
  AB S1-S3 WITH AB S1-S3;
  ! The intercept is predicted by peers
  AB ON peers;
  ! The intercept is predicted by family
  AB ON family;
  ! The intercept is predicted by weak ties
  AB ON weak_ties;
  ! The intercept is predicted by agreeableness
  AB ON A;
  ! The slopes are predicted by agreeableness
  S1-S3 ON A;
  ! Control for demographic variables
  AB ON gender ethnicity SES;
  OUTPUT: STDYX STDY TECH8;



*** WARNING in VARIABLE command
  Note that only the first 8 characters of variable names are used in the output.
  Shorten variable names to avoid any confusion.
*** WARNING in MODEL command
  In the MODEL command, the x variable on the WITHIN level has been turned into a
  y variable to enable latent variable decomposition.  This variable will be treated
  as a y-variable on both levels:  PEERS
*** WARNING in MODEL command
  In the MODEL command, the x variable on the WITHIN level has been turned into a
  y variable to enable latent variable decomposition.  This variable will be treated
  as a y-variable on both levels:  FAMILY
*** WARNING in MODEL command
  In the MODEL command, the x variable on the WITHIN level has been turned into a
  y variable to enable latent variable decomposition.  This variable will be treated
  as a y-variable on both levels:  WEAK_TIES
*** WARNING
  One or more individual-level variables have no variation within a
  cluster for the following clusters.

     Variable   Cluster IDs with no within-cluster variation

      PEERS       160 516 608 96 740 598 816 737 131 327 93 130 494 128 352 781 263 884 662 532
                  14 118 358 185 262 851 248 876 276 718 697 428 143 594 156 862 562 36 298 124
                  552 767 303 355 730 591 480 642 45 341 103 587 40 764 603
      FAMILY      160 516 240 806 271 485 625 666 96 740 844 369 473 598 280 203 816 820 856 737
                  701 846 555 69 173 669 321 135 372 311 237 94 831 183 564 752 110 804 381 5
                  722 93 376 887 671 90 495 834 531 80 37 295 635 322 168 663 230 21 609 269 67
                  142 482 41 236 400 179 31 19 420 533 808 547 643 647 29 657 323 375 367 717
                  439 723 391 632 105 82 339 509 382 721 490 261 653 640 351 672 324 282 291 629
                  146 502 486 57 11 214 627 793 631 554 745 545 876 758 815 76 610 691 313 430
                  845 699 378 182 854 81 683 246 3 333 25 199 119 582 257 823 883 650 561 830
                  853 54 700 443 178 218 782 517 426 186 674 344 865 396 770 45 570 521 707 711
                  766 283
      WEAK_TIE    160 516 240 806 271 608 625 302 96 4 844 369 473 203 856 737 880 350 846 630
                  238 290 171 173 152 321 778 703 372 311 306 94 176 183 110 585 804 335 381 825
                  413 797 427 99 887 61 834 37 501 635 128 663 230 398 615 656 269 798 142 482
                  400 58 835 595 352 620 533 547 643 29 375 645 695 499 340 289 664 391 632 157
                  805 221 212 509 600 490 592 225 783 680 6 324 282 734 788 239 502 486 522 165
                  11 500 667 185 712 568 287 631 554 448 847 524 545 829 758 101 815 228 610 233
                  845 98 792 860 684 534 143 854 81 452 683 3 751 333 549 612 210 599 823 685
                  774 803 102 137 54 686 24 68 506 637 355 266 278 344 865 396 824 154 766 406
                  114 40 55 807 603
      WEEKEND     160 516 240 806 271 485 666 49 96 598 737

*** WARNING
  Data set contains cases with missing on x-variables.
  These cases were not included in the analysis.
  Number of cases with missing on x-variables:  6624
   6 WARNING(S) FOUND IN THE INPUT INSTRUCTIONS



Analysis 2+3

SUMMARY OF ANALYSIS

Number of groups                                                 1
Number of observations                                       49324

Number of dependent variables                                    4
Number of independent variables                                  5
Number of continuous latent variables                            3

Observed dependent variables

  Continuous
   AB          PEERS       FAMILY      WEAK_TIES

Observed independent variables
   WEEKEND     A           GENDER      ETHNICIT    SES

Continuous latent variables
   S1          S2          S3

Variables with special functions

  Cluster variable      ID

  Within variables
   WEEKEND

  Between variables
   A           GENDER      ETHNICIT    SES

  Centering (GRANDMEAN)
   A


Estimator                                                    BAYES
Specifications for Bayesian Estimation
  Point estimate                                            MEDIAN
  Number of Markov chain Monte Carlo (MCMC) chains               2
  Random seed for the first chain                                0
  Starting value information                           UNPERTURBED
  Algorithm used for Markov chain Monte Carlo           GIBBS(PX1)
  Convergence criterion                                  0.500D-01
  Maximum number of iterations                               50000
  K-th iteration used for thinning                               1

Input data file(s)
  analysis3_S3.dat
Input data format  FREE


SUMMARY OF DATA

     Number of clusters                        747

       Size (s)    Cluster ID with Size s

          1        63 477 756
          2        160
          3        516
          4        240 806
          5        271 485 608 625
          6        302 666 49 96
          7        4 790 740
          9        844
         10        369 473
         11        598 280 203
         12        761 816 820 405 856
         13        52 737 481 558 880
         14        701 350
         16        846 162 630
         17        555
         18        238 265 732
         19        69 290
         22        689
         23        171 173
         24        317 654
         25        152
         26        669 321
         27        529 778
         28        703 170 374
         30        459 135 372 311
         31        237 472 306 497
         32        131 814 579 94 888
         33        831 176
         34        183 564
         35        752 110
         36        585 804 335
         37        381 332
         38        825 274 5 510
         39        370 336 84 651 722 83 491
         40        403 413 327
         41        93 797
         42        202 215 130
         43        376 556 292 427 99 328 887 2
         44        331
         45        316 671 877 424 61 90
         46        495 864 127 834 531 80 850 348
         47        494 37 848 474 501
         48        295 635 337 128 322 168 354
         49        663 779 784 230 467 398 21 8 748 609 615 760 656 765
         50        16 269 67 462 20 401 163 523 798
         51        88 142 731 596 277 434 314 380
         52        482 41 236 729 681 872 833 400 660 179
         53        611 749 31 812 19 244
         54        817 58 164 310 871 194 698 769 835 595 352
         55        445 420 620 533 808 547 235 643 647 727
         56        29 85 657 633 551 198 704 886 323 375
         57        623 367 296 371 717 439 723 781
         58        356 470 809 645 768 613 695 217 499 458 340 289 664
                   838 391
         59        263 884 632 157 528
         60        810 567 795 273 72 105 805 82 492 858 863 379
         61        577 97 753 252 715 624 221 223 339 776 212 368 475 509
                   738 382 319
         62        46 721 652 600 343 490 123 662 133 592 432 705 261 532
                   716
         63        153 653 14 399 285 640 66 496 253 668 225 351 783 672
                   680
         64        6 227 324 325 132 542 75 282 125 734 431 386 788 43
                   239 291 118 584 629 293
         65        604 259 77 571 146 692 216 231 502 819 486 488 785 204
                   250 747 553 57 522 165 670
         66        843 241 22 11 500 454 622 408 358 733 249 214 821 557
                   667 185 794 712 330 229 95
         67        262 429 315 851 349 568 13 572 281 866 47 450 192 209
                   627 793 286 287 796 631 554 243 115
         68        362 448 188 750 248 634 479 709 791 573 847 308 18 471
                   719 560 258
         69        305 117 745 524 545 373 111 876 416 300 754 636 829
                   758 639 101
         70        815 417 628 76 800 228 518 222 177 191 276
         71        301 718 89 213 200 882 610 839 691 446
         72        313 364 682 739 304 195 233 430 539 697 318 845 699
                   98 520 792 92 64
         73        451 860 428 762 254 268 869 646 357 159 33 684 42 363
                   566 534 535 220 447 378 519 143
         74        155 100 513 407 182 854 1 813 81 678 415 452 841 187
                   219
         75        414 461 384 594 683 514 425 601 626 744 388 746 419
                   246
         76        190 644 489 777 3 665 751 333 53 156 25 546 655 138
                   549 122
         77        423 441 270 312 677 347 161 505 713 837 612
         78        586 199 119 210 145 582 676 409 257 599 780 714 65
         79        755 264 167 763 515 536 353 569 775 621 189 842 440
         80        525 823 685 774 883 862 818 498 543 690
         81        562 849 36 840 73 51 614 589 275 659 803
         82        102 597 607 26 650 836 826 561 830
         83        412 618 619
         84        193 855 453 34 483 256 137 853
         85        377 720 298 54 686 62
         86        402 124 251 32 606 24 299 444 28 700 232
         87        15 511 548 397
         88        552 345 726 272
         89        393 508 411 767 234 881
         90        394 303 757 559 772 694 476 181 68
         91        141 338 465 728 443 506 708 27 637 355 484
         92        178 59 266
         93        50 602 578 827 172 87
         94        563 147 9 730 218 675 782
         95        517 591 278 426 366
         96        186 390 674 344 865 480 469 648 151
         97        642 396 824
         98        109 154 679 174 255
         99        245 770 605 267 45 226
        101        12 437 570 107
        102        71 759 38 385
        103        140 487 507
        105        658 307 148
        106        120
        107        129 521
        109        106 158 421 360 418
        110        341
        111        707
        112        580 588
        113        711 103 766
        114        283 406 114 530
        115        449 587 40
        116        55
        117        346
        118        436
        119        743
        120        687
        124        180
        126        801 861
        130        764
        131        771
        134        807
        138        603
        141        873



COVARIANCE COVERAGE OF DATA

Minimum covariance coverage value   0.100

     Number of missing data patterns             2


     PROPORTION OF DATA PRESENT


           Covariance Coverage
              AB            PEERS         FAMILY        WEAK_TIE      WEEKEND
              ________      ________      ________      ________      ________
 AB             0.990
 PEERS          0.990         1.000
 FAMILY         0.990         1.000         1.000
 WEAK_TIE       0.990         1.000         1.000         1.000
 WEEKEND        0.990         1.000         1.000         1.000         1.000
 A              0.990         1.000         1.000         1.000         1.000
 GENDER         0.990         1.000         1.000         1.000         1.000
 ETHNICIT       0.990         1.000         1.000         1.000         1.000
 SES            0.990         1.000         1.000         1.000         1.000


           Covariance Coverage
              A             GENDER        ETHNICIT      SES
              ________      ________      ________      ________
 A              1.000
 GENDER         1.000         1.000
 ETHNICIT       1.000         1.000         1.000
 SES            1.000         1.000         1.000         1.000



UNIVARIATE SAMPLE STATISTICS


     UNIVARIATE HIGHER-ORDER MOMENT DESCRIPTIVE STATISTICS

         Variable/         Mean/     Skewness/   Minimum/ % with                Percentiles
        Sample Size      Variance    Kurtosis    Maximum  Min/Max      20%/60%    40%/80%    Median

     AB                    0.935      -0.238      -3.000    0.38%       0.000      0.667      1.000
           48836.000       1.695      -0.410       3.000   11.19%       1.333      2.000
     PEERS                 0.241       1.212       0.000   75.91%       0.000      0.000      0.000
           49324.000       0.183      -0.532       1.000   24.09%       0.000      1.000
     FAMILY                0.097       2.733       0.000   90.35%       0.000      0.000      0.000
           49324.000       0.087       5.467       1.000    9.65%       0.000      0.000
     WEAK_TIES             0.054       3.962       0.000   94.64%       0.000      0.000      0.000
           49324.000       0.051      13.698       1.000    5.36%       0.000      0.000
     WEEKEND               0.267       1.053       0.000   73.29%       0.000      0.000      0.000
           49324.000       0.196      -0.891       1.000   26.71%       0.000      1.000
     A                     0.000      -0.339      -1.727    0.27%      -0.477     -0.144      0.023
             747.000       0.337      -0.281       1.273    0.27%       0.190      0.523
     GENDER                0.701      -0.881       0.000   29.85%       0.000      1.000      1.000
             747.000       0.209      -1.225       1.000   70.15%       1.000      1.000
     ETHNICITY             0.663      -0.688       0.000   33.73%       0.000      1.000      1.000
             747.000       0.224      -1.527       1.000   66.27%       1.000      1.000
     SES                   0.819      -1.659       0.000   18.07%       1.000      1.000      1.000
             747.000       0.148       0.754       1.000   81.93%       1.000      1.000


THE MODEL ESTIMATION TERMINATED NORMALLY

     USE THE FBITERATIONS OPTION TO INCREASE THE NUMBER OF ITERATIONS BY A FACTOR
     OF AT LEAST TWO TO CHECK CONVERGENCE AND THAT THE PSR VALUE DOES NOT INCREASE.



MODEL FIT INFORMATION

Number of Free Parameters                              35

Information Criteria

          Deviance (DIC)                       183070.030
          Estimated Number of Parameters (pD)    3376.127



MODEL RESULTS

                                Posterior  One-Tailed         95% C.I.
                    Estimate       S.D.      P-Value   Lower 2.5%  Upper 2.5%  Significance

Within Level

 AB         ON
    WEEKEND            0.244       0.010      0.000       0.224       0.263      *

 Variances
    PEERS              0.140       0.001      0.000       0.139       0.142      *
    FAMILY             0.074       0.000      0.000       0.073       0.075      *
    WEAK_TIES          0.048       0.000      0.000       0.047       0.048      *

 Residual Variances
    AB                 0.933       0.006      0.000       0.921       0.945      *

Between Level

 S1         ON
    A                 -0.039       0.033      0.125      -0.102       0.026

 S2         ON
    A                  0.011       0.044      0.394      -0.073       0.098

 S3         ON
    A                  0.025       0.043      0.273      -0.056       0.108

 AB         ON
    PEERS              1.021       0.166      0.000       0.696       1.346      *
    FAMILY             1.055       0.296      0.000       0.477       1.633      *
    WEAK_TIES          0.299       0.569      0.302      -0.799       1.413
    A                  0.253       0.050      0.000       0.153       0.352      *
    GENDER            -0.269       0.066      0.000      -0.397      -0.140      *
    ETHNICITY         -0.078       0.066      0.123      -0.209       0.052
    SES               -0.060       0.079      0.221      -0.213       0.095

 AB       WITH
    S1                -0.056       0.016      0.000      -0.088      -0.027      *
    S2                -0.038       0.021      0.035      -0.080       0.003
    S3                -0.043       0.021      0.017      -0.085      -0.004      *

 S1       WITH
    S2                 0.027       0.013      0.013       0.003       0.052      *
    S3                 0.025       0.012      0.023       0.001       0.049      *

 S2       WITH
    S3                 0.015       0.016      0.170      -0.016       0.047

 Means
    PEERS              0.259       0.008      0.000       0.243       0.275      *
    FAMILY             0.096       0.004      0.000       0.088       0.105      *
    WEAK_TIES          0.055       0.002      0.000       0.050       0.060      *

 Intercepts
    AB                 0.793       0.120      0.000       0.554       1.032      *
    S1                 0.450       0.019      0.000       0.414       0.486      *
    S2                 0.260       0.026      0.000       0.209       0.310      *
    S3                 0.134       0.025      0.000       0.085       0.182      *

 Variances
    PEERS              0.045       0.003      0.000       0.040       0.050      *
    FAMILY             0.013       0.001      0.000       0.012       0.015      *
    WEAK_TIES          0.003       0.000      0.000       0.003       0.004      *

 Residual Variances
    AB                 0.623       0.035      0.000       0.561       0.695      *
    S1                 0.116       0.013      0.000       0.092       0.142      *
    S2                 0.166       0.022      0.000       0.128       0.213      *
    S3                 0.068       0.017      0.000       0.040       0.107      *


STANDARDIZED MODEL RESULTS


STDYX Standardization

                                Posterior  One-Tailed         95% C.I.
                    Estimate       S.D.      P-Value   Lower 2.5%  Upper 2.5%  Significance

Within-Level Standardized Estimates Averaged Over Clusters

 S1 | AB ON
    PEERS              0.165       0.005      0.000       0.155       0.175      *

 S2 | AB ON
    FAMILY             0.069       0.006      0.000       0.058       0.081      *

 S3 | AB ON
    WEAK_TIES          0.028       0.005      0.000       0.019       0.038      *

 AB         ON
    WEEKEND            0.104       0.004      0.000       0.095       0.112      *

 Variances
    PEERS              1.000       0.000      0.000       1.000       1.000
    FAMILY             1.000       0.000      0.000       1.000       1.000
    WEAK_TIES          1.000       0.000      0.000       1.000       1.000

 Residual Variances
    AB                 0.927       0.003      0.000       0.921       0.931      *

Between Level

 S1         ON
    A                 -0.048       0.040      0.125      -0.124       0.032

 S2         ON
    A                  0.012       0.045      0.394      -0.075       0.101

 S3         ON
    A                  0.041       0.069      0.273      -0.090       0.178

 AB         ON
    PEERS              0.257       0.040      0.000       0.178       0.333      *
    FAMILY             0.144       0.039      0.000       0.066       0.219      *
    WEAK_TIES          0.021       0.039      0.302      -0.055       0.097
    A                  0.125       0.025      0.000       0.075       0.173      *
    GENDER            -0.104       0.025      0.000      -0.152      -0.054      *
    ETHNICITY         -0.031       0.026      0.123      -0.082       0.020
    SES               -0.019       0.025      0.221      -0.068       0.031

 AB       WITH
    S1                -0.209       0.056      0.000      -0.316      -0.100      *
    S2                -0.118       0.065      0.035      -0.242       0.011
    S3                -0.211       0.098      0.017      -0.402      -0.019      *

 S1       WITH
    S2                 0.197       0.086      0.013       0.024       0.360      *
    S3                 0.277       0.129      0.023       0.006       0.519      *

 S2       WITH
    S3                 0.142       0.148      0.170      -0.163       0.429

 Means
    PEERS              1.218       0.051      0.000       1.118       1.320      *
    FAMILY             0.841       0.045      0.000       0.752       0.928      *
    WEAK_TIES          0.947       0.051      0.000       0.849       1.051      *

 Intercepts
    AB                 0.941       0.149      0.000       0.649       1.238      *
    S1                 1.322       0.090      0.000       1.155       1.509      *
    S2                 0.637       0.076      0.000       0.494       0.793      *
    S3                 0.509       0.115      0.000       0.307       0.765      *

 Variances
    PEERS              1.000       0.000      0.000       1.000       1.000
    FAMILY             1.000       0.000      0.000       1.000       1.000
    WEAK_TIES          1.000       0.000      0.000       1.000       1.000

 Residual Variances
    AB                 0.879       0.027      0.000       0.821       0.928      *
    S1                 0.998       0.004      0.000       0.985       1.000      *
    S2                 0.999       0.003      0.000       0.989       1.000      *
    S3                 0.997       0.009      0.000       0.968       1.000      *


STDY Standardization

                                Posterior  One-Tailed         95% C.I.
                    Estimate       S.D.      P-Value   Lower 2.5%  Upper 2.5%  Significance

Within-Level Standardized Estimates Averaged Over Clusters

 S1 | AB ON
    PEERS              0.165       0.005      0.000       0.155       0.175      *

 S2 | AB ON
    FAMILY             0.069       0.006      0.000       0.058       0.081      *

 S3 | AB ON
    WEAK_TIES          0.028       0.005      0.000       0.019       0.038      *

 AB         ON
    WEEKEND            0.243       0.010      0.000       0.222       0.262      *

 Variances
    PEERS              1.000       0.000      0.000       1.000       1.000
    FAMILY             1.000       0.000      0.000       1.000       1.000
    WEAK_TIES          1.000       0.000      0.000       1.000       1.000

 Residual Variances
    AB                 0.927       0.003      0.000       0.921       0.931      *

Between Level

 S1         ON
    A                 -0.115       0.097      0.125      -0.298       0.077

 S2         ON
    A                  0.028       0.107      0.394      -0.180       0.241

 S3         ON
    A                  0.098       0.165      0.273      -0.216       0.429

 AB         ON
    PEERS              0.257       0.040      0.000       0.178       0.333      *
    FAMILY             0.144       0.039      0.000       0.066       0.219      *
    WEAK_TIES          0.021       0.039      0.302      -0.055       0.097
    A                  0.300       0.060      0.000       0.181       0.417      *
    GENDER            -0.319       0.076      0.000      -0.466      -0.166      *
    ETHNICITY         -0.093       0.079      0.123      -0.248       0.061
    SES               -0.071       0.093      0.221      -0.251       0.113

 AB       WITH
    S1                -0.209       0.056      0.000      -0.316      -0.100      *
    S2                -0.118       0.065      0.035      -0.242       0.011
    S3                -0.211       0.098      0.017      -0.402      -0.019      *

 S1       WITH
    S2                 0.197       0.086      0.013       0.024       0.360      *
    S3                 0.277       0.129      0.023       0.006       0.519      *

 S2       WITH
    S3                 0.142       0.148      0.170      -0.163       0.429

 Means
    PEERS              1.218       0.051      0.000       1.118       1.320      *
    FAMILY             0.841       0.045      0.000       0.752       0.928      *
    WEAK_TIES          0.947       0.051      0.000       0.849       1.051      *

 Intercepts
    AB                 0.941       0.149      0.000       0.649       1.238      *
    S1                 1.322       0.090      0.000       1.155       1.509      *
    S2                 0.637       0.076      0.000       0.494       0.793      *
    S3                 0.509       0.115      0.000       0.307       0.765      *

 Variances
    PEERS              1.000       0.000      0.000       1.000       1.000
    FAMILY             1.000       0.000      0.000       1.000       1.000
    WEAK_TIES          1.000       0.000      0.000       1.000       1.000

 Residual Variances
    AB                 0.879       0.027      0.000       0.821       0.928      *
    S1                 0.998       0.004      0.000       0.985       1.000      *
    S2                 0.999       0.003      0.000       0.989       1.000      *
    S3                 0.997       0.009      0.000       0.968       1.000      *


R-SQUARE

Within-Level R-Square Averaged Across Clusters

                                Posterior  One-Tailed         95% C.I.
    Variable        Estimate       S.D.      P-Value   Lower 2.5%  Upper 2.5%

    AB                 0.073       0.003      0.000       0.069       0.079

Between Level

                                Posterior  One-Tailed         95% C.I.
    Variable        Estimate       S.D.      P-Value   Lower 2.5%  Upper 2.5%

    AB                 0.121       0.027      0.000       0.072       0.179

                                Posterior  One-Tailed         95% C.I.
    Variable        Estimate       S.D.      P-Value   Lower 2.5%  Upper 2.5%

    S1                 0.002       0.004      0.000       0.000       0.015
    S2                 0.001       0.003      0.000       0.000       0.011
    S3                 0.003       0.009      0.000       0.000       0.032


TECHNICAL 1 OUTPUT


     PARAMETER SPECIFICATION FOR WITHIN


           NU
              AB            PEERS         FAMILY        WEAK_TIE      WEEKEND
              ________      ________      ________      ________      ________
                    0             0             0             0             0


           LAMBDA
              AB            PEERS         FAMILY        WEAK_TIE      WEEKEND
              ________      ________      ________      ________      ________
 AB                 0             0             0             0             0
 PEERS              0             0             0             0             0
 FAMILY             0             0             0             0             0
 WEAK_TIE           0             0             0             0             0
 WEEKEND            0             0             0             0             0


           THETA
              AB            PEERS         FAMILY        WEAK_TIE      WEEKEND
              ________      ________      ________      ________      ________
 AB                 0
 PEERS              0             0
 FAMILY             0             0             0
 WEAK_TIE           0             0             0             0
 WEEKEND            0             0             0             0             0


           ALPHA
              AB            PEERS         FAMILY        WEAK_TIE      WEEKEND
              ________      ________      ________      ________      ________
                    0             0             0             0             0


           BETA
              AB            PEERS         FAMILY        WEAK_TIE      WEEKEND
              ________      ________      ________      ________      ________
 AB                 0             0             0             0             1
 PEERS              0             0             0             0             0
 FAMILY             0             0             0             0             0
 WEAK_TIE           0             0             0             0             0
 WEEKEND            0             0             0             0             0


           PSI
              AB            PEERS         FAMILY        WEAK_TIE      WEEKEND
              ________      ________      ________      ________      ________
 AB                 2
 PEERS              0             3
 FAMILY             0             0             4
 WEAK_TIE           0             0             0             5
 WEEKEND            0             0             0             0             0


     PARAMETER SPECIFICATION FOR BETWEEN


           NU
              AB            PEERS         FAMILY        WEAK_TIE      A
              ________      ________      ________      ________      ________
                    0             0             0             0             0


           NU
              GENDER        ETHNICIT      SES
              ________      ________      ________
                    0             0             0


           LAMBDA
              S1            S2            S3            AB            PEERS
              ________      ________      ________      ________      ________
 AB                 0             0             0             0             0
 PEERS              0             0             0             0             0
 FAMILY             0             0             0             0             0
 WEAK_TIE           0             0             0             0             0
 A                  0             0             0             0             0
 GENDER             0             0             0             0             0
 ETHNICIT           0             0             0             0             0
 SES                0             0             0             0             0


           LAMBDA
              FAMILY        WEAK_TIE      A             GENDER        ETHNICIT
              ________      ________      ________      ________      ________
 AB                 0             0             0             0             0
 PEERS              0             0             0             0             0
 FAMILY             0             0             0             0             0
 WEAK_TIE           0             0             0             0             0
 A                  0             0             0             0             0
 GENDER             0             0             0             0             0
 ETHNICIT           0             0             0             0             0
 SES                0             0             0             0             0


           LAMBDA
              SES
              ________
 AB                 0
 PEERS              0
 FAMILY             0
 WEAK_TIE           0
 A                  0
 GENDER             0
 ETHNICIT           0
 SES                0


           THETA
              AB            PEERS         FAMILY        WEAK_TIE      A
              ________      ________      ________      ________      ________
 AB                 0
 PEERS              0             0
 FAMILY             0             0             0
 WEAK_TIE           0             0             0             0
 A                  0             0             0             0             0
 GENDER             0             0             0             0             0
 ETHNICIT           0             0             0             0             0
 SES                0             0             0             0             0


           THETA
              GENDER        ETHNICIT      SES
              ________      ________      ________
 GENDER             0
 ETHNICIT           0             0
 SES                0             0             0


           ALPHA
              S1            S2            S3            AB            PEERS
              ________      ________      ________      ________      ________
                    6             7             8             9            10


           ALPHA
              FAMILY        WEAK_TIE      A             GENDER        ETHNICIT
              ________      ________      ________      ________      ________
                   11            12             0             0             0


           ALPHA
              SES
              ________
                    0


           BETA
              S1            S2            S3            AB            PEERS
              ________      ________      ________      ________      ________
 S1                 0             0             0             0             0
 S2                 0             0             0             0             0
 S3                 0             0             0             0             0
 AB                 0             0             0             0            16
 PEERS              0             0             0             0             0
 FAMILY             0             0             0             0             0
 WEAK_TIE           0             0             0             0             0
 A                  0             0             0             0             0
 GENDER             0             0             0             0             0
 ETHNICIT           0             0             0             0             0
 SES                0             0             0             0             0


           BETA
              FAMILY        WEAK_TIE      A             GENDER        ETHNICIT
              ________      ________      ________      ________      ________
 S1                 0             0            13             0             0
 S2                 0             0            14             0             0
 S3                 0             0            15             0             0
 AB                17            18            19            20            21
 PEERS              0             0             0             0             0
 FAMILY             0             0             0             0             0
 WEAK_TIE           0             0             0             0             0
 A                  0             0             0             0             0
 GENDER             0             0             0             0             0
 ETHNICIT           0             0             0             0             0
 SES                0             0             0             0             0


           BETA
              SES
              ________
 S1                 0
 S2                 0
 S3                 0
 AB                22
 PEERS              0
 FAMILY             0
 WEAK_TIE           0
 A                  0
 GENDER             0
 ETHNICIT           0
 SES                0


           PSI
              S1            S2            S3            AB            PEERS
              ________      ________      ________      ________      ________
 S1                23
 S2                24            25
 S3                26            27            28
 AB                29            30            31            32
 PEERS              0             0             0             0            33
 FAMILY             0             0             0             0             0
 WEAK_TIE           0             0             0             0             0
 A                  0             0             0             0             0
 GENDER             0             0             0             0             0
 ETHNICIT           0             0             0             0             0
 SES                0             0             0             0             0


           PSI
              FAMILY        WEAK_TIE      A             GENDER        ETHNICIT
              ________      ________      ________      ________      ________
 FAMILY            34
 WEAK_TIE           0            35
 A                  0             0             0
 GENDER             0             0             0             0
 ETHNICIT           0             0             0             0             0
 SES                0             0             0             0             0


           PSI
              SES
              ________
 SES                0


     STARTING VALUES FOR WITHIN


           NU
              AB            PEERS         FAMILY        WEAK_TIE      WEEKEND
              ________      ________      ________      ________      ________
                0.000         0.000         0.000         0.000         0.000


           LAMBDA
              AB            PEERS         FAMILY        WEAK_TIE      WEEKEND
              ________      ________      ________      ________      ________
 AB             1.000         0.000         0.000         0.000         0.000
 PEERS          0.000         1.000         0.000         0.000         0.000
 FAMILY         0.000         0.000         1.000         0.000         0.000
 WEAK_TIE       0.000         0.000         0.000         1.000         0.000
 WEEKEND        0.000         0.000         0.000         0.000         1.000


           THETA
              AB            PEERS         FAMILY        WEAK_TIE      WEEKEND
              ________      ________      ________      ________      ________
 AB             0.000
 PEERS          0.000         0.000
 FAMILY         0.000         0.000         0.000
 WEAK_TIE       0.000         0.000         0.000         0.000
 WEEKEND        0.000         0.000         0.000         0.000         0.000


           ALPHA
              AB            PEERS         FAMILY        WEAK_TIE      WEEKEND
              ________      ________      ________      ________      ________
                0.000         0.000         0.000         0.000         0.000


           BETA
              AB            PEERS         FAMILY        WEAK_TIE      WEEKEND
              ________      ________      ________      ________      ________
 AB             0.000         0.000         0.000         0.000         0.000
 PEERS          0.000         0.000         0.000         0.000         0.000
 FAMILY         0.000         0.000         0.000         0.000         0.000
 WEAK_TIE       0.000         0.000         0.000         0.000         0.000
 WEEKEND        0.000         0.000         0.000         0.000         0.000


           PSI
              AB            PEERS         FAMILY        WEAK_TIE      WEEKEND
              ________      ________      ________      ________      ________
 AB             0.847
 PEERS          0.000         0.091
 FAMILY         0.000         0.000         0.044
 WEAK_TIE       0.000         0.000         0.000         0.025
 WEEKEND        0.000         0.000         0.000         0.000         0.098


     STARTING VALUES FOR BETWEEN


           NU
              AB            PEERS         FAMILY        WEAK_TIE      A
              ________      ________      ________      ________      ________
                0.000         0.000         0.000         0.000         0.000


           NU
              GENDER        ETHNICIT      SES
              ________      ________      ________
                0.000         0.000         0.000


           LAMBDA
              S1            S2            S3            AB            PEERS
              ________      ________      ________      ________      ________
 AB             0.000         0.000         0.000         1.000         0.000
 PEERS          0.000         0.000         0.000         0.000         1.000
 FAMILY         0.000         0.000         0.000         0.000         0.000
 WEAK_TIE       0.000         0.000         0.000         0.000         0.000
 A              0.000         0.000         0.000         0.000         0.000
 GENDER         0.000         0.000         0.000         0.000         0.000
 ETHNICIT       0.000         0.000         0.000         0.000         0.000
 SES            0.000         0.000         0.000         0.000         0.000


           LAMBDA
              FAMILY        WEAK_TIE      A             GENDER        ETHNICIT
              ________      ________      ________      ________      ________
 AB             0.000         0.000         0.000         0.000         0.000
 PEERS          0.000         0.000         0.000         0.000         0.000
 FAMILY         1.000         0.000         0.000         0.000         0.000
 WEAK_TIE       0.000         1.000         0.000         0.000         0.000
 A              0.000         0.000         1.000         0.000         0.000
 GENDER         0.000         0.000         0.000         1.000         0.000
 ETHNICIT       0.000         0.000         0.000         0.000         1.000
 SES            0.000         0.000         0.000         0.000         0.000


           LAMBDA
              SES
              ________
 AB             0.000
 PEERS          0.000
 FAMILY         0.000
 WEAK_TIE       0.000
 A              0.000
 GENDER         0.000
 ETHNICIT       0.000
 SES            1.000


           THETA
              AB            PEERS         FAMILY        WEAK_TIE      A
              ________      ________      ________      ________      ________
 AB             0.000
 PEERS          0.000         0.000
 FAMILY         0.000         0.000         0.000
 WEAK_TIE       0.000         0.000         0.000         0.000
 A              0.000         0.000         0.000         0.000         0.000
 GENDER         0.000         0.000         0.000         0.000         0.000
 ETHNICIT       0.000         0.000         0.000         0.000         0.000
 SES            0.000         0.000         0.000         0.000         0.000


           THETA
              GENDER        ETHNICIT      SES
              ________      ________      ________
 GENDER         0.000
 ETHNICIT       0.000         0.000
 SES            0.000         0.000         0.000


           ALPHA
              S1            S2            S3            AB            PEERS
              ________      ________      ________      ________      ________
                0.000         0.000         0.000         0.935         0.241


           ALPHA
              FAMILY        WEAK_TIE      A             GENDER        ETHNICIT
              ________      ________      ________      ________      ________
                0.097         0.054         0.000         0.000         0.000


           ALPHA
              SES
              ________
                0.000


           BETA
              S1            S2            S3            AB            PEERS
              ________      ________      ________      ________      ________
 S1             0.000         0.000         0.000         0.000         0.000
 S2             0.000         0.000         0.000         0.000         0.000
 S3             0.000         0.000         0.000         0.000         0.000
 AB             0.000         0.000         0.000         0.000         0.000
 PEERS          0.000         0.000         0.000         0.000         0.000
 FAMILY         0.000         0.000         0.000         0.000         0.000
 WEAK_TIE       0.000         0.000         0.000         0.000         0.000
 A              0.000         0.000         0.000         0.000         0.000
 GENDER         0.000         0.000         0.000         0.000         0.000
 ETHNICIT       0.000         0.000         0.000         0.000         0.000
 SES            0.000         0.000         0.000         0.000         0.000


           BETA
              FAMILY        WEAK_TIE      A             GENDER        ETHNICIT
              ________      ________      ________      ________      ________
 S1             0.000         0.000         0.000         0.000         0.000
 S2             0.000         0.000         0.000         0.000         0.000
 S3             0.000         0.000         0.000         0.000         0.000
 AB             0.000         0.000         0.000         0.000         0.000
 PEERS          0.000         0.000         0.000         0.000         0.000
 FAMILY         0.000         0.000         0.000         0.000         0.000
 WEAK_TIE       0.000         0.000         0.000         0.000         0.000
 A              0.000         0.000         0.000         0.000         0.000
 GENDER         0.000         0.000         0.000         0.000         0.000
 ETHNICIT       0.000         0.000         0.000         0.000         0.000
 SES            0.000         0.000         0.000         0.000         0.000


           BETA
              SES
              ________
 S1             0.000
 S2             0.000
 S3             0.000
 AB             0.000
 PEERS          0.000
 FAMILY         0.000
 WEAK_TIE       0.000
 A              0.000
 GENDER         0.000
 ETHNICIT       0.000
 SES            0.000


           PSI
              S1            S2            S3            AB            PEERS
              ________      ________      ________      ________      ________
 S1             1.000
 S2             0.000         1.000
 S3             0.000         0.000         1.000
 AB             0.000         0.000         0.000         0.847
 PEERS          0.000         0.000         0.000         0.000         0.091
 FAMILY         0.000         0.000         0.000         0.000         0.000
 WEAK_TIE       0.000         0.000         0.000         0.000         0.000
 A              0.000         0.000         0.000         0.000         0.000
 GENDER         0.000         0.000         0.000         0.000         0.000
 ETHNICIT       0.000         0.000         0.000         0.000         0.000
 SES            0.000         0.000         0.000         0.000         0.000


           PSI
              FAMILY        WEAK_TIE      A             GENDER        ETHNICIT
              ________      ________      ________      ________      ________
 FAMILY         0.044
 WEAK_TIE       0.000         0.025
 A              0.000         0.000         0.173
 GENDER         0.000         0.000         0.000         0.107
 ETHNICIT       0.000         0.000         0.000         0.000         0.111
 SES            0.000         0.000         0.000         0.000         0.000


           PSI
              SES
              ________
 SES            0.074



     PRIORS FOR ALL PARAMETERS            PRIOR MEAN      PRIOR VARIANCE     PRIOR STD. DEV.

     Parameter 1~N(0.000,infinity)           0.0000            infinity            infinity
     Parameter 2~IG(-1.000,0.000)          infinity            infinity            infinity
     Parameter 3~IG(-1.000,0.000)          infinity            infinity            infinity
     Parameter 4~IG(-1.000,0.000)          infinity            infinity            infinity
     Parameter 5~IG(-1.000,0.000)          infinity            infinity            infinity
     Parameter 6~N(0.000,infinity)           0.0000            infinity            infinity
     Parameter 7~N(0.000,infinity)           0.0000            infinity            infinity
     Parameter 8~N(0.000,infinity)           0.0000            infinity            infinity
     Parameter 9~N(0.000,infinity)           0.0000            infinity            infinity
     Parameter 10~N(0.000,infinity)          0.0000            infinity            infinity
     Parameter 11~N(0.000,infinity)          0.0000            infinity            infinity
     Parameter 12~N(0.000,infinity)          0.0000            infinity            infinity
     Parameter 13~N(0.000,infinity)          0.0000            infinity            infinity
     Parameter 14~N(0.000,infinity)          0.0000            infinity            infinity
     Parameter 15~N(0.000,infinity)          0.0000            infinity            infinity
     Parameter 16~N(0.000,infinity)          0.0000            infinity            infinity
     Parameter 17~N(0.000,infinity)          0.0000            infinity            infinity
     Parameter 18~N(0.000,infinity)          0.0000            infinity            infinity
     Parameter 19~N(0.000,infinity)          0.0000            infinity            infinity
     Parameter 20~N(0.000,infinity)          0.0000            infinity            infinity
     Parameter 21~N(0.000,infinity)          0.0000            infinity            infinity
     Parameter 22~N(0.000,infinity)          0.0000            infinity            infinity
     Parameter 23~IW(0.000,-5)             infinity            infinity            infinity
     Parameter 24~IW(0.000,-5)             infinity            infinity            infinity
     Parameter 25~IW(0.000,-5)             infinity            infinity            infinity
     Parameter 26~IW(0.000,-5)             infinity            infinity            infinity
     Parameter 27~IW(0.000,-5)             infinity            infinity            infinity
     Parameter 28~IW(0.000,-5)             infinity            infinity            infinity
     Parameter 29~IW(0.000,-5)             infinity            infinity            infinity
     Parameter 30~IW(0.000,-5)             infinity            infinity            infinity
     Parameter 31~IW(0.000,-5)             infinity            infinity            infinity
     Parameter 32~IW(0.000,-5)             infinity            infinity            infinity
     Parameter 33~IG(-1.000,0.000)         infinity            infinity            infinity
     Parameter 34~IG(-1.000,0.000)         infinity            infinity            infinity
     Parameter 35~IG(-1.000,0.000)         infinity            infinity            infinity


TECHNICAL 8 OUTPUT


   TECHNICAL 8 OUTPUT FOR BAYES ESTIMATION

     CHAIN    BSEED
     1        0
     2        285380

                     POTENTIAL       PARAMETER WITH
     ITERATION    SCALE REDUCTION      HIGHEST PSR
     100              1.165               27
     200              1.214               8
     300              1.248               31
     400              1.567               27
     500              1.113               27
     600              1.034               8
     700              1.072               28
     800              1.091               28
     900              1.251               26
     1000             1.295               28
     1100             1.505               28
     1200             1.573               28
     1300             1.411               28
     1400             1.322               28
     1500             1.392               28
     1600             1.323               28
     1700             1.210               28
     1800             1.201               28
     1900             1.112               28
     2000             1.105               28
     2100             1.064               28
     2200             1.032               28
     2300             1.026               28
     2400             1.024               28
     2500             1.023               28
     2600             1.035               28
     2700             1.036               28
     2800             1.057               28
     2900             1.066               28
     3000             1.065               28
     3100             1.053               28
     3200             1.067               28
     3300             1.068               28
     3400             1.056               28
     3500             1.035               28
     3600             1.032               28
     3700             1.020               28
     3800             1.017               26
     3900             1.008               26
     4000             1.007               26
     4100             1.006               26
     4200             1.009               26
     4300             1.011               26
     4400             1.013               27
     4500             1.015               27
     4600             1.014               27
     4700             1.015               27
     4800             1.017               27
     4900             1.010               27
     5000             1.010               27
     5100             1.013               27
     5200             1.013               27
     5300             1.015               27
     5400             1.019               27
     5500             1.022               27
     5600             1.027               27
     5700             1.021               27
     5800             1.024               28
     5900             1.026               28
     6000             1.027               28
     6100             1.024               28
     6200             1.041               28
     6300             1.049               28
     6400             1.040               28
     6500             1.033               28
     6600             1.034               28
     6700             1.036               28
     6800             1.031               28
     6900             1.032               27
     7000             1.030               27
     7100             1.023               27
     7200             1.024               27
     7300             1.019               28
     7400             1.017               28
     7500             1.015               28
     7600             1.016               28
     7700             1.011               28
     7800             1.013               28
     7900             1.011               28
     8000             1.006               28
     8100             1.002               28
     8200             1.001               28
     8300             1.001               7
     8400             1.001               7
     8500             1.001               27
     8600             1.002               31
     8700             1.002               31
     8800             1.003               31
     8900             1.002               31
     9000             1.002               31
     9100             1.002               31
     9200             1.002               31
     9300             1.002               31
     9400             1.003               31
     9500             1.003               27
     9600             1.003               27
     9700             1.002               24
     9800             1.004               27
     9900             1.004               27
     10000            1.003               24


     Beginning Time:  19:07:48
        Ending Time:  19:19:30
       Elapsed Time:  00:11:42



MUTHEN & MUTHEN
3463 Stoner Ave.
Los Angeles, CA  90066

Tel: (310) 391-9971
Fax: (310) 391-8971
Web: www.StatModel.com
Support: Support@StatModel.com

Copyright (c) 1998-2020 Muthen & Muthen
