Mplus VERSION 8.5 (Mac)
MUTHEN & MUTHEN
03/16/2022   6:31 PM

INPUT INSTRUCTIONS

  TITLE: Analysis 2+3
  DATA: FILE = analysis3_S2.dat;
  VARIABLE:
  NAMES = ID WB content stressed lonely
  peers family weak_ties
  E A C N O gender ethnicity SES weekend;
  USEVARIABLES = WB
  peers family weak_ties
  weekend A gender ethnicity SES;
  CLUSTER = ID;
  WITHIN = weekend;
  BETWEEN = A gender ethnicity SES;
  MISSING = .;
  DEFINE: CENTER A (GRANDMEAN);
  ANALYSIS: TYPE = TWOLEVEL RANDOM; ESTIMATOR = BAYES;
  BITERATIONS = (10000); PROCESSORS = 2;
  MODEL:
  %WITHIN%
  ! Well-being is predicted by peers, the slope is random
  S1 | WB ON peers;
  ! Well-being is predicted by family, the slope is random
  S2 | WB ON family;
  ! Well-being is predicted by weak ties, the slope is random
  S3 | WB ON weak_ties;
  ! Control for weekend
  WB ON weekend;
  %BETWEEN%
  ! Covariance between intercept and slopes
  WB S1-S3 WITH WB S1-S3;
  ! The intercept is predicted by peers
  WB ON peers;
  ! The intercept is predicted by family
  WB ON family;
  ! The intercept is predicted by weak ties
  WB ON weak_ties;
  ! The intercept is predicted by agreeableness
  WB ON A;
  ! The slopes are predicted by agreeableness
  S1-S3 ON A;
  ! Control for demographic variables
  WB ON gender ethnicity SES;
  OUTPUT: STDYX STDY TECH8;



*** WARNING in VARIABLE command
  Note that only the first 8 characters of variable names are used in the output.
  Shorten variable names to avoid any confusion.
*** WARNING in MODEL command
  In the MODEL command, the x variable on the WITHIN level has been turned into a
  y variable to enable latent variable decomposition.  This variable will be treated
  as a y-variable on both levels:  PEERS
*** WARNING in MODEL command
  In the MODEL command, the x variable on the WITHIN level has been turned into a
  y variable to enable latent variable decomposition.  This variable will be treated
  as a y-variable on both levels:  FAMILY
*** WARNING in MODEL command
  In the MODEL command, the x variable on the WITHIN level has been turned into a
  y variable to enable latent variable decomposition.  This variable will be treated
  as a y-variable on both levels:  WEAK_TIES
*** WARNING
  One or more individual-level variables have no variation within a
  cluster for the following clusters.

     Variable   Cluster IDs with no within-cluster variation

      WB          134 157
      PEERS       134 703 307 680 603 498 589 276 241 364
      FAMILY      134 157 703 197 293 350 277 650 502 680 382 498 368 118 316 777 783 533 657
                  480 133 212 747 425 599 698 276 216 343 126 849 417 107 563 814 836 362 668
                  10 483 672 123 608 842 631 398 72 241 435 99 217 137 325 279 772 387 695 542
                  45 677 854 470 318 522 845 179 771 371 82 531 782 481 700 12 49 769 294 361
                  474 739 578 773 804 736 108 458 320 22 428 596 848 506 401 838 405 164 26 138
                  740 758 464 78 824 459 784 654 57 172 20 87 514 136 572 520 499 659 850 465
      WEAK_TIE    215 134 157 703 293 350 277 307 650 680 603 498 368 118 657 621 326 599 276
                  216 194 126 142 302 563 836 220 668 10 463 748 471 241 244 222 635 451 695 754
                  542 36 380 67 531 583 516 809 704 718 776 756 421 540 573 378 444 87 738 202
                  667
      WEEKEND     134 157 197 293 350 307 650 502 680 316 849 668

*** WARNING
  Data set contains cases with missing on x-variables.
  These cases were not included in the analysis.
  Number of cases with missing on x-variables:  13060
   6 WARNING(S) FOUND IN THE INPUT INSTRUCTIONS



Analysis 2+3

SUMMARY OF ANALYSIS

Number of groups                                                 1
Number of observations                                        7791

Number of dependent variables                                    4
Number of independent variables                                  5
Number of continuous latent variables                            3

Observed dependent variables

  Continuous
   WB          PEERS       FAMILY      WEAK_TIES

Observed independent variables
   WEEKEND     A           GENDER      ETHNICIT    SES

Continuous latent variables
   S1          S2          S3

Variables with special functions

  Cluster variable      ID

  Within variables
   WEEKEND

  Between variables
   A           GENDER      ETHNICIT    SES

  Centering (GRANDMEAN)
   A


Estimator                                                    BAYES
Specifications for Bayesian Estimation
  Point estimate                                            MEDIAN
  Number of Markov chain Monte Carlo (MCMC) chains               2
  Random seed for the first chain                                0
  Starting value information                           UNPERTURBED
  Algorithm used for Markov chain Monte Carlo           GIBBS(PX1)
  Convergence criterion                                  0.500D-01
  Maximum number of iterations                               50000
  K-th iteration used for thinning                               1

Input data file(s)
  analysis3_S2.dat
Input data format  FREE


SUMMARY OF DATA

     Number of clusters                        307

       Size (s)    Cluster ID with Size s

          1        46 301 450 453 594 723
          2        215 134 157 703
          3        197 293 350
          4        277 307 650 502
          5        680 382 603
          6        498 368
          7        118 316 363
          8        777 783 533 657
          9        621 326 480 589
         10        133 212 747 425 432 38 599 698 276
         11        216 194 343 126 142 849
         12        302 417 107 563 847
         13        155 814 162 836 220 362 668
         14        766 789 10 812 463 483
         15        672 305 123 608 267 366 842 748
         16        631 29 592 744
         17        509 92 398 72 471 241 685 435 244 99 23 217 137 91
         18        325 279 222 644 370 763 772 528
         19        635 757 451 707 387 158 695
         20        66 754 31 542 732 43 191
         21        403 45 41 264 770 677 639 785 854 245
         22        467 713 470 798 670 566 821 318 36 522 845 380
         23        63 143 179 32 771 694 817
         24        67 628 690 159 371 232 427 190
         25        501 681 82 531 243 782 622 819 583
         26        160 715 717 385 516 737
         27        225 481 693 40 794 700 562 709 493
         28        250 809 12 221 174 176 853 71
         29        49 769 95 294 361 474
         30        354 833 808 739 327 578 773 804
         31        704 736 530 234 718 108
         32        167 776 614 458 756 460 534 400 386 446
         33        421 320 146 130 22 527 428 596 249 848 630 674 506
         34        540 795 116 401 838 226 405 127 52 388 164 652 625 26
         35        138 740 758
         36        573 464 78 824 581 665
         37        538 459 647 101 784
         38        551 641 391 656 476
         39        726 654 636 640 186
         40        378 767
         41        444 57 172 439 20 273
         42        364 377 780 602 177
         43        87 738
         44        576 514 699 202
         45        136 607 572
         46        667 272 323
         47        367 692 319
         48        520
         49        418 308 529
         51        569
         52        499
         53        659
         54        696
         55        252 850 284
         56        775
         59        465 141 525



COVARIANCE COVERAGE OF DATA

Minimum covariance coverage value   0.100

     Number of missing data patterns             2


     PROPORTION OF DATA PRESENT


           Covariance Coverage
              WB            PEERS         FAMILY        WEAK_TIE      WEEKEND
              ________      ________      ________      ________      ________
 WB             0.998
 PEERS          0.998         1.000
 FAMILY         0.998         1.000         1.000
 WEAK_TIE       0.998         1.000         1.000         1.000
 WEEKEND        0.998         1.000         1.000         1.000         1.000
 A              0.998         1.000         1.000         1.000         1.000
 GENDER         0.998         1.000         1.000         1.000         1.000
 ETHNICIT       0.998         1.000         1.000         1.000         1.000
 SES            0.998         1.000         1.000         1.000         1.000


           Covariance Coverage
              A             GENDER        ETHNICIT      SES
              ________      ________      ________      ________
 A              1.000
 GENDER         1.000         1.000
 ETHNICIT       1.000         1.000         1.000
 SES            1.000         1.000         1.000         1.000



UNIVARIATE SAMPLE STATISTICS


     UNIVARIATE HIGHER-ORDER MOMENT DESCRIPTIVE STATISTICS

         Variable/         Mean/     Skewness/   Minimum/ % with                Percentiles
        Sample Size      Variance    Kurtosis    Maximum  Min/Max      20%/60%    40%/80%    Median

     WB                    2.984      -0.542       1.000    1.26%       2.333      3.000      3.000
            7772.000       0.462      -0.084       4.000   10.16%       3.333      3.667
     PEERS                 0.451       0.197       0.000   54.91%       0.000      0.000      0.000
            7791.000       0.248      -1.961       1.000   45.09%       1.000      1.000
     FAMILY                0.089       2.877       0.000   91.05%       0.000      0.000      0.000
            7791.000       0.081       6.276       1.000    8.95%       0.000      0.000
     WEAK_TIES             0.123       2.291       0.000   87.67%       0.000      0.000      0.000
            7791.000       0.108       3.248       1.000   12.33%       0.000      0.000
     WEEKEND               0.297       0.888       0.000   70.30%       0.000      0.000      0.000
            7791.000       0.209      -1.211       1.000   29.70%       0.000      1.000
     A                     0.000      -0.418      -2.339    0.33%      -0.672     -0.117     -0.006
             307.000       0.403       0.158       1.328    0.33%       0.216      0.550
     GENDER                0.645      -0.606       0.000   35.50%       0.000      1.000      1.000
             307.000       0.229      -1.633       1.000   64.50%       1.000      1.000
     ETHNICITY             0.681      -0.776       0.000   31.92%       0.000      1.000      1.000
             307.000       0.217      -1.398       1.000   68.08%       1.000      1.000
     SES                   0.870      -2.197       0.000   13.03%       1.000      1.000      1.000
             307.000       0.113       2.825       1.000   86.97%       1.000      1.000


THE MODEL ESTIMATION TERMINATED NORMALLY

     USE THE FBITERATIONS OPTION TO INCREASE THE NUMBER OF ITERATIONS BY A FACTOR
     OF AT LEAST TWO TO CHECK CONVERGENCE AND THAT THE PSR VALUE DOES NOT INCREASE.



MODEL FIT INFORMATION

Number of Free Parameters                              35

Information Criteria

          Deviance (DIC)                        27637.237
          Estimated Number of Parameters (pD)    1151.247



MODEL RESULTS

                                Posterior  One-Tailed         95% C.I.
                    Estimate       S.D.      P-Value   Lower 2.5%  Upper 2.5%  Significance

Within Level

 WB         ON
    WEEKEND            0.122       0.013      0.000       0.097       0.148      *

 Variances
    PEERS              0.199       0.003      0.000       0.193       0.206      *
    FAMILY             0.069       0.001      0.000       0.067       0.072      *
    WEAK_TIES          0.100       0.002      0.000       0.097       0.104      *

 Residual Variances
    WB                 0.255       0.004      0.000       0.247       0.264      *

Between Level

 S1         ON
    A                  0.015       0.029      0.304      -0.042       0.073

 S2         ON
    A                  0.026       0.051      0.296      -0.076       0.129

 S3         ON
    A                  0.052       0.037      0.080      -0.019       0.126

 WB         ON
    PEERS              0.058       0.149      0.345      -0.222       0.357
    FAMILY            -0.085       0.284      0.386      -0.636       0.476
    WEAK_TIES         -0.314       0.362      0.192      -1.046       0.390
    A                  0.128       0.041      0.001       0.046       0.208      *
    GENDER            -0.089       0.052      0.040      -0.192       0.011
    ETHNICITY         -0.078       0.053      0.070      -0.184       0.028
    SES               -0.100       0.073      0.090      -0.243       0.045

 WB       WITH
    S1                -0.016       0.009      0.027      -0.033       0.000
    S2                -0.018       0.014      0.090      -0.046       0.009
    S3                -0.043       0.010      0.000      -0.064      -0.024      *

 S1       WITH
    S2                 0.022       0.010      0.007       0.004       0.044      *
    S3                 0.001       0.006      0.407      -0.009       0.016

 S2       WITH
    S3                 0.007       0.011      0.246      -0.013       0.029

 Means
    PEERS              0.467       0.014      0.000       0.439       0.495      *
    FAMILY             0.091       0.007      0.000       0.076       0.105      *
    WEAK_TIES          0.127       0.007      0.000       0.114       0.140      *

 Intercepts
    WB                 3.144       0.136      0.000       2.889       3.419      *
    S1                 0.187       0.019      0.000       0.150       0.223      *
    S2                 0.187       0.033      0.000       0.122       0.249      *
    S3                 0.082       0.023      0.000       0.035       0.124      *

 Variances
    PEERS              0.049       0.005      0.000       0.040       0.060      *
    FAMILY             0.013       0.001      0.000       0.010       0.016      *
    WEAK_TIES          0.009       0.001      0.000       0.007       0.011      *

 Residual Variances
    WB                 0.176       0.016      0.000       0.147       0.210      *
    S1                 0.026       0.008      0.000       0.013       0.044      *
    S2                 0.071       0.022      0.000       0.037       0.121      *
    S3                 0.023       0.008      0.000       0.011       0.043      *


STANDARDIZED MODEL RESULTS


STDYX Standardization

                                Posterior  One-Tailed         95% C.I.
                    Estimate       S.D.      P-Value   Lower 2.5%  Upper 2.5%  Significance

Within-Level Standardized Estimates Averaged Over Clusters

 S1 | WB ON
    PEERS              0.155       0.014      0.000       0.127       0.181      *

 S2 | WB ON
    FAMILY             0.090       0.014      0.000       0.061       0.117      *

 S3 | WB ON
    WEAK_TIES          0.048       0.014      0.002       0.018       0.072      *

 WB         ON
    WEEKEND            0.096       0.010      0.000       0.078       0.116      *

 Variances
    PEERS              1.000       0.000      0.000       1.000       1.000
    FAMILY             1.000       0.000      0.000       1.000       1.000
    WEAK_TIES          1.000       0.000      0.000       1.000       1.000

 Residual Variances
    WB                 0.914       0.009      0.000       0.896       0.931      *

Between Level

 S1         ON
    A                  0.040       0.079      0.304      -0.110       0.199

 S2         ON
    A                  0.043       0.083      0.296      -0.122       0.205

 S3         ON
    A                  0.149       0.101      0.080      -0.054       0.340

 WB         ON
    PEERS              0.030       0.076      0.345      -0.113       0.180
    FAMILY            -0.023       0.074      0.386      -0.165       0.124
    WEAK_TIES         -0.067       0.076      0.192      -0.219       0.084
    A                  0.128       0.041      0.001       0.046       0.207      *
    GENDER            -0.068       0.040      0.040      -0.147       0.009
    ETHNICITY         -0.061       0.041      0.070      -0.142       0.022
    SES               -0.059       0.043      0.090      -0.142       0.027

 WB       WITH
    S1                -0.237       0.125      0.027      -0.486       0.005
    S2                -0.166       0.122      0.090      -0.403       0.077
    S3                -0.686       0.147      0.000      -0.950      -0.384      *

 S1       WITH
    S2                 0.518       0.185      0.007       0.124       0.838      *
    S3                 0.061       0.243      0.407      -0.391       0.534

 S2       WITH
    S3                 0.186       0.252      0.246      -0.367       0.603

 Means
    PEERS              2.112       0.122      0.000       1.874       2.355      *
    FAMILY             0.805       0.078      0.000       0.652       0.959      *
    WEAK_TIES          1.378       0.112      0.000       1.164       1.604      *

 Intercepts
    WB                 7.296       0.442      0.000       6.415       8.145      *
    S1                 1.151       0.222      0.000       0.810       1.686      *
    S2                 0.701       0.168      0.000       0.417       1.074      *
    S3                 0.523       0.185      0.000       0.217       0.962      *

 Variances
    PEERS              1.000       0.000      0.000       1.000       1.000
    FAMILY             1.000       0.000      0.000       1.000       1.000
    WEAK_TIES          1.000       0.000      0.000       1.000       1.000

 Residual Variances
    WB                 0.945       0.023      0.000       0.887       0.978      *
    S1                 0.996       0.011      0.000       0.960       1.000      *
    S2                 0.996       0.012      0.000       0.957       1.000      *
    S3                 0.978       0.032      0.000       0.884       1.000      *


STDY Standardization

                                Posterior  One-Tailed         95% C.I.
                    Estimate       S.D.      P-Value   Lower 2.5%  Upper 2.5%  Significance

Within-Level Standardized Estimates Averaged Over Clusters

 S1 | WB ON
    PEERS              0.155       0.014      0.000       0.127       0.181      *

 S2 | WB ON
    FAMILY             0.090       0.014      0.000       0.061       0.117      *

 S3 | WB ON
    WEAK_TIES          0.048       0.014      0.002       0.018       0.072      *

 WB         ON
    WEEKEND            0.231       0.024      0.000       0.185       0.279      *

 Variances
    PEERS              1.000       0.000      0.000       1.000       1.000
    FAMILY             1.000       0.000      0.000       1.000       1.000
    WEAK_TIES          1.000       0.000      0.000       1.000       1.000

 Residual Variances
    WB                 0.914       0.009      0.000       0.896       0.931      *

Between Level

 S1         ON
    A                  0.093       0.182      0.304      -0.254       0.462

 S2         ON
    A                  0.101       0.192      0.296      -0.284       0.476

 S3         ON
    A                  0.345       0.234      0.080      -0.124       0.788

 WB         ON
    PEERS              0.030       0.076      0.345      -0.113       0.180
    FAMILY            -0.023       0.074      0.386      -0.165       0.124
    WEAK_TIES         -0.067       0.076      0.192      -0.219       0.084
    A                  0.297       0.095      0.001       0.107       0.480      *
    GENDER            -0.205       0.120      0.040      -0.442       0.027
    ETHNICITY         -0.182       0.123      0.070      -0.424       0.066
    SES               -0.232       0.169      0.090      -0.558       0.105

 WB       WITH
    S1                -0.237       0.125      0.027      -0.486       0.005
    S2                -0.166       0.122      0.090      -0.403       0.077
    S3                -0.686       0.147      0.000      -0.950      -0.384      *

 S1       WITH
    S2                 0.518       0.185      0.007       0.124       0.838      *
    S3                 0.061       0.243      0.407      -0.391       0.534

 S2       WITH
    S3                 0.186       0.252      0.246      -0.367       0.603

 Means
    PEERS              2.112       0.122      0.000       1.874       2.355      *
    FAMILY             0.805       0.078      0.000       0.652       0.959      *
    WEAK_TIES          1.378       0.112      0.000       1.164       1.604      *

 Intercepts
    WB                 7.296       0.442      0.000       6.415       8.145      *
    S1                 1.151       0.222      0.000       0.810       1.686      *
    S2                 0.701       0.168      0.000       0.417       1.074      *
    S3                 0.523       0.185      0.000       0.217       0.962      *

 Variances
    PEERS              1.000       0.000      0.000       1.000       1.000
    FAMILY             1.000       0.000      0.000       1.000       1.000
    WEAK_TIES          1.000       0.000      0.000       1.000       1.000

 Residual Variances
    WB                 0.945       0.023      0.000       0.887       0.978      *
    S1                 0.996       0.011      0.000       0.960       1.000      *
    S2                 0.996       0.012      0.000       0.957       1.000      *
    S3                 0.978       0.032      0.000       0.884       1.000      *


R-SQUARE

Within-Level R-Square Averaged Across Clusters

                                Posterior  One-Tailed         95% C.I.
    Variable        Estimate       S.D.      P-Value   Lower 2.5%  Upper 2.5%

    WB                 0.086       0.009      0.000       0.069       0.104

Between Level

                                Posterior  One-Tailed         95% C.I.
    Variable        Estimate       S.D.      P-Value   Lower 2.5%  Upper 2.5%

    WB                 0.055       0.023      0.000       0.022       0.113

                                Posterior  One-Tailed         95% C.I.
    Variable        Estimate       S.D.      P-Value   Lower 2.5%  Upper 2.5%

    S1                 0.004       0.011      0.000       0.000       0.040
    S2                 0.004       0.012      0.000       0.000       0.043
    S3                 0.022       0.032      0.000       0.000       0.116


TECHNICAL 1 OUTPUT


     PARAMETER SPECIFICATION FOR WITHIN


           NU
              WB            PEERS         FAMILY        WEAK_TIE      WEEKEND
              ________      ________      ________      ________      ________
                    0             0             0             0             0


           LAMBDA
              WB            PEERS         FAMILY        WEAK_TIE      WEEKEND
              ________      ________      ________      ________      ________
 WB                 0             0             0             0             0
 PEERS              0             0             0             0             0
 FAMILY             0             0             0             0             0
 WEAK_TIE           0             0             0             0             0
 WEEKEND            0             0             0             0             0


           THETA
              WB            PEERS         FAMILY        WEAK_TIE      WEEKEND
              ________      ________      ________      ________      ________
 WB                 0
 PEERS              0             0
 FAMILY             0             0             0
 WEAK_TIE           0             0             0             0
 WEEKEND            0             0             0             0             0


           ALPHA
              WB            PEERS         FAMILY        WEAK_TIE      WEEKEND
              ________      ________      ________      ________      ________
                    0             0             0             0             0


           BETA
              WB            PEERS         FAMILY        WEAK_TIE      WEEKEND
              ________      ________      ________      ________      ________
 WB                 0             0             0             0             1
 PEERS              0             0             0             0             0
 FAMILY             0             0             0             0             0
 WEAK_TIE           0             0             0             0             0
 WEEKEND            0             0             0             0             0


           PSI
              WB            PEERS         FAMILY        WEAK_TIE      WEEKEND
              ________      ________      ________      ________      ________
 WB                 2
 PEERS              0             3
 FAMILY             0             0             4
 WEAK_TIE           0             0             0             5
 WEEKEND            0             0             0             0             0


     PARAMETER SPECIFICATION FOR BETWEEN


           NU
              WB            PEERS         FAMILY        WEAK_TIE      A
              ________      ________      ________      ________      ________
                    0             0             0             0             0


           NU
              GENDER        ETHNICIT      SES
              ________      ________      ________
                    0             0             0


           LAMBDA
              S1            S2            S3            WB            PEERS
              ________      ________      ________      ________      ________
 WB                 0             0             0             0             0
 PEERS              0             0             0             0             0
 FAMILY             0             0             0             0             0
 WEAK_TIE           0             0             0             0             0
 A                  0             0             0             0             0
 GENDER             0             0             0             0             0
 ETHNICIT           0             0             0             0             0
 SES                0             0             0             0             0


           LAMBDA
              FAMILY        WEAK_TIE      A             GENDER        ETHNICIT
              ________      ________      ________      ________      ________
 WB                 0             0             0             0             0
 PEERS              0             0             0             0             0
 FAMILY             0             0             0             0             0
 WEAK_TIE           0             0             0             0             0
 A                  0             0             0             0             0
 GENDER             0             0             0             0             0
 ETHNICIT           0             0             0             0             0
 SES                0             0             0             0             0


           LAMBDA
              SES
              ________
 WB                 0
 PEERS              0
 FAMILY             0
 WEAK_TIE           0
 A                  0
 GENDER             0
 ETHNICIT           0
 SES                0


           THETA
              WB            PEERS         FAMILY        WEAK_TIE      A
              ________      ________      ________      ________      ________
 WB                 0
 PEERS              0             0
 FAMILY             0             0             0
 WEAK_TIE           0             0             0             0
 A                  0             0             0             0             0
 GENDER             0             0             0             0             0
 ETHNICIT           0             0             0             0             0
 SES                0             0             0             0             0


           THETA
              GENDER        ETHNICIT      SES
              ________      ________      ________
 GENDER             0
 ETHNICIT           0             0
 SES                0             0             0


           ALPHA
              S1            S2            S3            WB            PEERS
              ________      ________      ________      ________      ________
                    6             7             8             9            10


           ALPHA
              FAMILY        WEAK_TIE      A             GENDER        ETHNICIT
              ________      ________      ________      ________      ________
                   11            12             0             0             0


           ALPHA
              SES
              ________
                    0


           BETA
              S1            S2            S3            WB            PEERS
              ________      ________      ________      ________      ________
 S1                 0             0             0             0             0
 S2                 0             0             0             0             0
 S3                 0             0             0             0             0
 WB                 0             0             0             0            16
 PEERS              0             0             0             0             0
 FAMILY             0             0             0             0             0
 WEAK_TIE           0             0             0             0             0
 A                  0             0             0             0             0
 GENDER             0             0             0             0             0
 ETHNICIT           0             0             0             0             0
 SES                0             0             0             0             0


           BETA
              FAMILY        WEAK_TIE      A             GENDER        ETHNICIT
              ________      ________      ________      ________      ________
 S1                 0             0            13             0             0
 S2                 0             0            14             0             0
 S3                 0             0            15             0             0
 WB                17            18            19            20            21
 PEERS              0             0             0             0             0
 FAMILY             0             0             0             0             0
 WEAK_TIE           0             0             0             0             0
 A                  0             0             0             0             0
 GENDER             0             0             0             0             0
 ETHNICIT           0             0             0             0             0
 SES                0             0             0             0             0


           BETA
              SES
              ________
 S1                 0
 S2                 0
 S3                 0
 WB                22
 PEERS              0
 FAMILY             0
 WEAK_TIE           0
 A                  0
 GENDER             0
 ETHNICIT           0
 SES                0


           PSI
              S1            S2            S3            WB            PEERS
              ________      ________      ________      ________      ________
 S1                23
 S2                24            25
 S3                26            27            28
 WB                29            30            31            32
 PEERS              0             0             0             0            33
 FAMILY             0             0             0             0             0
 WEAK_TIE           0             0             0             0             0
 A                  0             0             0             0             0
 GENDER             0             0             0             0             0
 ETHNICIT           0             0             0             0             0
 SES                0             0             0             0             0


           PSI
              FAMILY        WEAK_TIE      A             GENDER        ETHNICIT
              ________      ________      ________      ________      ________
 FAMILY            34
 WEAK_TIE           0            35
 A                  0             0             0
 GENDER             0             0             0             0
 ETHNICIT           0             0             0             0             0
 SES                0             0             0             0             0


           PSI
              SES
              ________
 SES                0


     STARTING VALUES FOR WITHIN


           NU
              WB            PEERS         FAMILY        WEAK_TIE      WEEKEND
              ________      ________      ________      ________      ________
                0.000         0.000         0.000         0.000         0.000


           LAMBDA
              WB            PEERS         FAMILY        WEAK_TIE      WEEKEND
              ________      ________      ________      ________      ________
 WB             1.000         0.000         0.000         0.000         0.000
 PEERS          0.000         1.000         0.000         0.000         0.000
 FAMILY         0.000         0.000         1.000         0.000         0.000
 WEAK_TIE       0.000         0.000         0.000         1.000         0.000
 WEEKEND        0.000         0.000         0.000         0.000         1.000


           THETA
              WB            PEERS         FAMILY        WEAK_TIE      WEEKEND
              ________      ________      ________      ________      ________
 WB             0.000
 PEERS          0.000         0.000
 FAMILY         0.000         0.000         0.000
 WEAK_TIE       0.000         0.000         0.000         0.000
 WEEKEND        0.000         0.000         0.000         0.000         0.000


           ALPHA
              WB            PEERS         FAMILY        WEAK_TIE      WEEKEND
              ________      ________      ________      ________      ________
                0.000         0.000         0.000         0.000         0.000


           BETA
              WB            PEERS         FAMILY        WEAK_TIE      WEEKEND
              ________      ________      ________      ________      ________
 WB             0.000         0.000         0.000         0.000         0.000
 PEERS          0.000         0.000         0.000         0.000         0.000
 FAMILY         0.000         0.000         0.000         0.000         0.000
 WEAK_TIE       0.000         0.000         0.000         0.000         0.000
 WEEKEND        0.000         0.000         0.000         0.000         0.000


           PSI
              WB            PEERS         FAMILY        WEAK_TIE      WEEKEND
              ________      ________      ________      ________      ________
 WB             0.231
 PEERS          0.000         0.124
 FAMILY         0.000         0.000         0.041
 WEAK_TIE       0.000         0.000         0.000         0.054
 WEEKEND        0.000         0.000         0.000         0.000         0.104


     STARTING VALUES FOR BETWEEN


           NU
              WB            PEERS         FAMILY        WEAK_TIE      A
              ________      ________      ________      ________      ________
                0.000         0.000         0.000         0.000         0.000


           NU
              GENDER        ETHNICIT      SES
              ________      ________      ________
                0.000         0.000         0.000


           LAMBDA
              S1            S2            S3            WB            PEERS
              ________      ________      ________      ________      ________
 WB             0.000         0.000         0.000         1.000         0.000
 PEERS          0.000         0.000         0.000         0.000         1.000
 FAMILY         0.000         0.000         0.000         0.000         0.000
 WEAK_TIE       0.000         0.000         0.000         0.000         0.000
 A              0.000         0.000         0.000         0.000         0.000
 GENDER         0.000         0.000         0.000         0.000         0.000
 ETHNICIT       0.000         0.000         0.000         0.000         0.000
 SES            0.000         0.000         0.000         0.000         0.000


           LAMBDA
              FAMILY        WEAK_TIE      A             GENDER        ETHNICIT
              ________      ________      ________      ________      ________
 WB             0.000         0.000         0.000         0.000         0.000
 PEERS          0.000         0.000         0.000         0.000         0.000
 FAMILY         1.000         0.000         0.000         0.000         0.000
 WEAK_TIE       0.000         1.000         0.000         0.000         0.000
 A              0.000         0.000         1.000         0.000         0.000
 GENDER         0.000         0.000         0.000         1.000         0.000
 ETHNICIT       0.000         0.000         0.000         0.000         1.000
 SES            0.000         0.000         0.000         0.000         0.000


           LAMBDA
              SES
              ________
 WB             0.000
 PEERS          0.000
 FAMILY         0.000
 WEAK_TIE       0.000
 A              0.000
 GENDER         0.000
 ETHNICIT       0.000
 SES            1.000


           THETA
              WB            PEERS         FAMILY        WEAK_TIE      A
              ________      ________      ________      ________      ________
 WB             0.000
 PEERS          0.000         0.000
 FAMILY         0.000         0.000         0.000
 WEAK_TIE       0.000         0.000         0.000         0.000
 A              0.000         0.000         0.000         0.000         0.000
 GENDER         0.000         0.000         0.000         0.000         0.000
 ETHNICIT       0.000         0.000         0.000         0.000         0.000
 SES            0.000         0.000         0.000         0.000         0.000


           THETA
              GENDER        ETHNICIT      SES
              ________      ________      ________
 GENDER         0.000
 ETHNICIT       0.000         0.000
 SES            0.000         0.000         0.000


           ALPHA
              S1            S2            S3            WB            PEERS
              ________      ________      ________      ________      ________
                0.000         0.000         0.000         2.984         0.451


           ALPHA
              FAMILY        WEAK_TIE      A             GENDER        ETHNICIT
              ________      ________      ________      ________      ________
                0.089         0.123         0.000         0.000         0.000


           ALPHA
              SES
              ________
                0.000


           BETA
              S1            S2            S3            WB            PEERS
              ________      ________      ________      ________      ________
 S1             0.000         0.000         0.000         0.000         0.000
 S2             0.000         0.000         0.000         0.000         0.000
 S3             0.000         0.000         0.000         0.000         0.000
 WB             0.000         0.000         0.000         0.000         0.000
 PEERS          0.000         0.000         0.000         0.000         0.000
 FAMILY         0.000         0.000         0.000         0.000         0.000
 WEAK_TIE       0.000         0.000         0.000         0.000         0.000
 A              0.000         0.000         0.000         0.000         0.000
 GENDER         0.000         0.000         0.000         0.000         0.000
 ETHNICIT       0.000         0.000         0.000         0.000         0.000
 SES            0.000         0.000         0.000         0.000         0.000


           BETA
              FAMILY        WEAK_TIE      A             GENDER        ETHNICIT
              ________      ________      ________      ________      ________
 S1             0.000         0.000         0.000         0.000         0.000
 S2             0.000         0.000         0.000         0.000         0.000
 S3             0.000         0.000         0.000         0.000         0.000
 WB             0.000         0.000         0.000         0.000         0.000
 PEERS          0.000         0.000         0.000         0.000         0.000
 FAMILY         0.000         0.000         0.000         0.000         0.000
 WEAK_TIE       0.000         0.000         0.000         0.000         0.000
 A              0.000         0.000         0.000         0.000         0.000
 GENDER         0.000         0.000         0.000         0.000         0.000
 ETHNICIT       0.000         0.000         0.000         0.000         0.000
 SES            0.000         0.000         0.000         0.000         0.000


           BETA
              SES
              ________
 S1             0.000
 S2             0.000
 S3             0.000
 WB             0.000
 PEERS          0.000
 FAMILY         0.000
 WEAK_TIE       0.000
 A              0.000
 GENDER         0.000
 ETHNICIT       0.000
 SES            0.000


           PSI
              S1            S2            S3            WB            PEERS
              ________      ________      ________      ________      ________
 S1             1.000
 S2             0.000         1.000
 S3             0.000         0.000         1.000
 WB             0.000         0.000         0.000         0.231
 PEERS          0.000         0.000         0.000         0.000         0.124
 FAMILY         0.000         0.000         0.000         0.000         0.000
 WEAK_TIE       0.000         0.000         0.000         0.000         0.000
 A              0.000         0.000         0.000         0.000         0.000
 GENDER         0.000         0.000         0.000         0.000         0.000
 ETHNICIT       0.000         0.000         0.000         0.000         0.000
 SES            0.000         0.000         0.000         0.000         0.000


           PSI
              FAMILY        WEAK_TIE      A             GENDER        ETHNICIT
              ________      ________      ________      ________      ________
 FAMILY         0.041
 WEAK_TIE       0.000         0.054
 A              0.000         0.000         0.186
 GENDER         0.000         0.000         0.000         0.111
 ETHNICIT       0.000         0.000         0.000         0.000         0.112
 SES            0.000         0.000         0.000         0.000         0.000


           PSI
              SES
              ________
 SES            0.065



     PRIORS FOR ALL PARAMETERS            PRIOR MEAN      PRIOR VARIANCE     PRIOR STD. DEV.

     Parameter 1~N(0.000,infinity)           0.0000            infinity            infinity
     Parameter 2~IG(-1.000,0.000)          infinity            infinity            infinity
     Parameter 3~IG(-1.000,0.000)          infinity            infinity            infinity
     Parameter 4~IG(-1.000,0.000)          infinity            infinity            infinity
     Parameter 5~IG(-1.000,0.000)          infinity            infinity            infinity
     Parameter 6~N(0.000,infinity)           0.0000            infinity            infinity
     Parameter 7~N(0.000,infinity)           0.0000            infinity            infinity
     Parameter 8~N(0.000,infinity)           0.0000            infinity            infinity
     Parameter 9~N(0.000,infinity)           0.0000            infinity            infinity
     Parameter 10~N(0.000,infinity)          0.0000            infinity            infinity
     Parameter 11~N(0.000,infinity)          0.0000            infinity            infinity
     Parameter 12~N(0.000,infinity)          0.0000            infinity            infinity
     Parameter 13~N(0.000,infinity)          0.0000            infinity            infinity
     Parameter 14~N(0.000,infinity)          0.0000            infinity            infinity
     Parameter 15~N(0.000,infinity)          0.0000            infinity            infinity
     Parameter 16~N(0.000,infinity)          0.0000            infinity            infinity
     Parameter 17~N(0.000,infinity)          0.0000            infinity            infinity
     Parameter 18~N(0.000,infinity)          0.0000            infinity            infinity
     Parameter 19~N(0.000,infinity)          0.0000            infinity            infinity
     Parameter 20~N(0.000,infinity)          0.0000            infinity            infinity
     Parameter 21~N(0.000,infinity)          0.0000            infinity            infinity
     Parameter 22~N(0.000,infinity)          0.0000            infinity            infinity
     Parameter 23~IW(0.000,-5)             infinity            infinity            infinity
     Parameter 24~IW(0.000,-5)             infinity            infinity            infinity
     Parameter 25~IW(0.000,-5)             infinity            infinity            infinity
     Parameter 26~IW(0.000,-5)             infinity            infinity            infinity
     Parameter 27~IW(0.000,-5)             infinity            infinity            infinity
     Parameter 28~IW(0.000,-5)             infinity            infinity            infinity
     Parameter 29~IW(0.000,-5)             infinity            infinity            infinity
     Parameter 30~IW(0.000,-5)             infinity            infinity            infinity
     Parameter 31~IW(0.000,-5)             infinity            infinity            infinity
     Parameter 32~IW(0.000,-5)             infinity            infinity            infinity
     Parameter 33~IG(-1.000,0.000)         infinity            infinity            infinity
     Parameter 34~IG(-1.000,0.000)         infinity            infinity            infinity
     Parameter 35~IG(-1.000,0.000)         infinity            infinity            infinity


TECHNICAL 8 OUTPUT


   TECHNICAL 8 OUTPUT FOR BAYES ESTIMATION

     CHAIN    BSEED
     1        0
     2        285380

                     POTENTIAL       PARAMETER WITH
     ITERATION    SCALE REDUCTION      HIGHEST PSR
     100              1.343               25
     200              1.560               24
     300              1.450               8
     400              1.308               15
     500              1.167               8
     600              1.183               28
     700              1.231               28
     800              1.361               28
     900              1.461               28
     1000             1.429               28
     1100             1.279               28
     1200             1.169               28
     1300             1.104               28
     1400             1.070               25
     1500             1.041               25
     1600             1.037               25
     1700             1.037               23
     1800             1.029               13
     1900             1.057               28
     2000             1.056               8
     2100             1.058               8
     2200             1.040               28
     2300             1.040               8
     2400             1.055               8
     2500             1.057               31
     2600             1.072               8
     2700             1.055               8
     2800             1.046               28
     2900             1.044               15
     3000             1.044               15
     3100             1.048               23
     3200             1.051               23
     3300             1.038               15
     3400             1.039               15
     3500             1.041               15
     3600             1.032               15
     3700             1.024               15
     3800             1.017               15
     3900             1.013               30
     4000             1.011               26
     4100             1.013               8
     4200             1.019               8
     4300             1.024               8
     4400             1.032               27
     4500             1.055               27
     4600             1.066               27
     4700             1.048               27
     4800             1.031               25
     4900             1.028               8
     5000             1.033               25
     5100             1.031               25
     5200             1.043               15
     5300             1.054               15
     5400             1.057               15
     5500             1.068               15
     5600             1.078               15
     5700             1.082               15
     5800             1.071               15
     5900             1.068               15
     6000             1.063               15
     6100             1.057               15
     6200             1.046               15
     6300             1.040               15
     6400             1.049               15
     6500             1.055               15
     6600             1.052               15
     6700             1.046               15
     6800             1.039               15
     6900             1.033               15
     7000             1.025               15
     7100             1.019               15
     7200             1.020               15
     7300             1.016               15
     7400             1.017               15
     7500             1.017               15
     7600             1.016               15
     7700             1.014               15
     7800             1.014               15
     7900             1.019               15
     8000             1.019               15
     8100             1.016               15
     8200             1.017               15
     8300             1.012               26
     8400             1.011               26
     8500             1.010               26
     8600             1.012               27
     8700             1.015               27
     8800             1.019               27
     8900             1.021               27
     9000             1.031               27
     9100             1.036               27
     9200             1.038               27
     9300             1.032               27
     9400             1.023               27
     9500             1.019               27
     9600             1.014               27
     9700             1.010               26
     9800             1.011               26
     9900             1.012               26
     10000            1.012               26


     Beginning Time:  18:31:00
        Ending Time:  18:34:08
       Elapsed Time:  00:03:08



MUTHEN & MUTHEN
3463 Stoner Ave.
Los Angeles, CA  90066

Tel: (310) 391-9971
Fax: (310) 391-8971
Web: www.StatModel.com
Support: Support@StatModel.com

Copyright (c) 1998-2020 Muthen & Muthen
