Mplus VERSION 8.5 (Mac)
MUTHEN & MUTHEN
03/16/2022   6:27 PM

INPUT INSTRUCTIONS

  TITLE: Analysis 2+3
  DATA: FILE = analysis3_S2.dat;
  VARIABLE:
  NAMES = ID WB content stressed lonely
  peers family weak_ties
  E A C N O gender ethnicity SES weekend;
  USEVARIABLES = WB
  peers family weak_ties
  weekend E gender ethnicity SES;
  CLUSTER = ID;
  WITHIN = weekend;
  BETWEEN = E gender ethnicity SES;
  MISSING = .;
  DEFINE: CENTER E (GRANDMEAN);
  ANALYSIS: TYPE = TWOLEVEL RANDOM; ESTIMATOR = BAYES;
  BITERATIONS = (10000); PROCESSORS = 2;
  MODEL:
  %WITHIN%
  ! Well-being is predicted by peers, the slope is random
  S1 | WB ON peers;
  ! Well-being is predicted by family, the slope is random
  S2 | WB ON family;
  ! Well-being is predicted by weak ties, the slope is random
  S3 | WB ON weak_ties;
  ! Control for weekend
  WB ON weekend;
  %BETWEEN%
  ! Covariance between intercept and slopes
  WB S1-S3 WITH WB S1-S3;
  ! The intercept is predicted by peers
  WB ON peers;
  ! The intercept is predicted by family
  WB ON family;
  ! The intercept is predicted by weak ties
  WB ON weak_ties;
  ! The intercept is predicted by extraversion
  WB ON E;
  ! The slopes are predicted by extraversion
  S1-S3 ON E;
  ! Control for demographic variables
  WB ON gender ethnicity SES;
  OUTPUT: STDYX STDY TECH8;



*** WARNING in VARIABLE command
  Note that only the first 8 characters of variable names are used in the output.
  Shorten variable names to avoid any confusion.
*** WARNING in MODEL command
  In the MODEL command, the x variable on the WITHIN level has been turned into a
  y variable to enable latent variable decomposition.  This variable will be treated
  as a y-variable on both levels:  PEERS
*** WARNING in MODEL command
  In the MODEL command, the x variable on the WITHIN level has been turned into a
  y variable to enable latent variable decomposition.  This variable will be treated
  as a y-variable on both levels:  FAMILY
*** WARNING in MODEL command
  In the MODEL command, the x variable on the WITHIN level has been turned into a
  y variable to enable latent variable decomposition.  This variable will be treated
  as a y-variable on both levels:  WEAK_TIES
*** WARNING
  One or more individual-level variables have no variation within a
  cluster for the following clusters.

     Variable   Cluster IDs with no within-cluster variation

      WB          134 157
      PEERS       134 703 307 680 603 498 589 276 241 364
      FAMILY      134 157 703 197 293 350 277 650 502 680 382 498 368 118 316 777 783 533 657
                  480 133 212 747 425 599 698 276 216 343 126 849 417 107 563 814 836 362 668
                  10 483 672 123 608 842 631 398 72 241 435 99 217 137 325 279 772 387 695 542
                  45 677 854 470 318 522 845 179 771 371 82 531 782 481 700 12 49 769 294 361
                  474 739 578 773 804 736 108 458 320 22 428 596 848 506 401 838 405 164 26 138
                  740 758 464 78 824 459 784 654 57 172 20 87 514 136 572 520 499 659 850 465
      WEAK_TIE    215 134 157 703 293 350 277 307 650 680 603 498 368 118 657 621 326 599 276
                  216 194 126 142 302 563 836 220 668 10 463 748 471 241 244 222 635 451 695 754
                  542 36 380 67 531 583 516 809 704 718 776 756 421 540 573 378 444 87 738 202
                  667
      WEEKEND     134 157 197 293 350 307 650 502 680 316 849 668

*** WARNING
  Data set contains cases with missing on x-variables.
  These cases were not included in the analysis.
  Number of cases with missing on x-variables:  13060
   6 WARNING(S) FOUND IN THE INPUT INSTRUCTIONS



Analysis 2+3

SUMMARY OF ANALYSIS

Number of groups                                                 1
Number of observations                                        7791

Number of dependent variables                                    4
Number of independent variables                                  5
Number of continuous latent variables                            3

Observed dependent variables

  Continuous
   WB          PEERS       FAMILY      WEAK_TIES

Observed independent variables
   WEEKEND     E           GENDER      ETHNICIT    SES

Continuous latent variables
   S1          S2          S3

Variables with special functions

  Cluster variable      ID

  Within variables
   WEEKEND

  Between variables
   E           GENDER      ETHNICIT    SES

  Centering (GRANDMEAN)
   E


Estimator                                                    BAYES
Specifications for Bayesian Estimation
  Point estimate                                            MEDIAN
  Number of Markov chain Monte Carlo (MCMC) chains               2
  Random seed for the first chain                                0
  Starting value information                           UNPERTURBED
  Algorithm used for Markov chain Monte Carlo           GIBBS(PX1)
  Convergence criterion                                  0.500D-01
  Maximum number of iterations                               50000
  K-th iteration used for thinning                               1

Input data file(s)
  analysis3_S2.dat
Input data format  FREE


SUMMARY OF DATA

     Number of clusters                        307

       Size (s)    Cluster ID with Size s

          1        46 301 450 453 594 723
          2        215 134 157 703
          3        197 293 350
          4        277 307 650 502
          5        680 382 603
          6        498 368
          7        118 316 363
          8        777 783 533 657
          9        621 326 480 589
         10        133 212 747 425 432 38 599 698 276
         11        216 194 343 126 142 849
         12        302 417 107 563 847
         13        155 814 162 836 220 362 668
         14        766 789 10 812 463 483
         15        672 305 123 608 267 366 842 748
         16        631 29 592 744
         17        509 92 398 72 471 241 685 435 244 99 23 217 137 91
         18        325 279 222 644 370 763 772 528
         19        635 757 451 707 387 158 695
         20        66 754 31 542 732 43 191
         21        403 45 41 264 770 677 639 785 854 245
         22        467 713 470 798 670 566 821 318 36 522 845 380
         23        63 143 179 32 771 694 817
         24        67 628 690 159 371 232 427 190
         25        501 681 82 531 243 782 622 819 583
         26        160 715 717 385 516 737
         27        225 481 693 40 794 700 562 709 493
         28        250 809 12 221 174 176 853 71
         29        49 769 95 294 361 474
         30        354 833 808 739 327 578 773 804
         31        704 736 530 234 718 108
         32        167 776 614 458 756 460 534 400 386 446
         33        421 320 146 130 22 527 428 596 249 848 630 674 506
         34        540 795 116 401 838 226 405 127 52 388 164 652 625 26
         35        138 740 758
         36        573 464 78 824 581 665
         37        538 459 647 101 784
         38        551 641 391 656 476
         39        726 654 636 640 186
         40        378 767
         41        444 57 172 439 20 273
         42        364 377 780 602 177
         43        87 738
         44        576 514 699 202
         45        136 607 572
         46        667 272 323
         47        367 692 319
         48        520
         49        418 308 529
         51        569
         52        499
         53        659
         54        696
         55        252 850 284
         56        775
         59        465 141 525



COVARIANCE COVERAGE OF DATA

Minimum covariance coverage value   0.100

     Number of missing data patterns             2


     PROPORTION OF DATA PRESENT


           Covariance Coverage
              WB            PEERS         FAMILY        WEAK_TIE      WEEKEND
              ________      ________      ________      ________      ________
 WB             0.998
 PEERS          0.998         1.000
 FAMILY         0.998         1.000         1.000
 WEAK_TIE       0.998         1.000         1.000         1.000
 WEEKEND        0.998         1.000         1.000         1.000         1.000
 E              0.998         1.000         1.000         1.000         1.000
 GENDER         0.998         1.000         1.000         1.000         1.000
 ETHNICIT       0.998         1.000         1.000         1.000         1.000
 SES            0.998         1.000         1.000         1.000         1.000


           Covariance Coverage
              E             GENDER        ETHNICIT      SES
              ________      ________      ________      ________
 E              1.000
 GENDER         1.000         1.000
 ETHNICIT       1.000         1.000         1.000
 SES            1.000         1.000         1.000         1.000



UNIVARIATE SAMPLE STATISTICS


     UNIVARIATE HIGHER-ORDER MOMENT DESCRIPTIVE STATISTICS

         Variable/         Mean/     Skewness/   Minimum/ % with                Percentiles
        Sample Size      Variance    Kurtosis    Maximum  Min/Max      20%/60%    40%/80%    Median

     WB                    2.984      -0.542       1.000    1.26%       2.333      3.000      3.000
            7772.000       0.462      -0.084       4.000   10.16%       3.333      3.667
     PEERS                 0.451       0.197       0.000   54.91%       0.000      0.000      0.000
            7791.000       0.248      -1.961       1.000   45.09%       1.000      1.000
     FAMILY                0.089       2.877       0.000   91.05%       0.000      0.000      0.000
            7791.000       0.081       6.276       1.000    8.95%       0.000      0.000
     WEAK_TIES             0.123       2.291       0.000   87.67%       0.000      0.000      0.000
            7791.000       0.108       3.248       1.000   12.33%       0.000      0.000
     WEEKEND               0.297       0.888       0.000   70.30%       0.000      0.000      0.000
            7791.000       0.209      -1.211       1.000   29.70%       0.000      1.000
     E                     0.000       0.068      -1.912    0.65%      -0.787     -0.162     -0.037
             307.000       0.701      -0.527       1.963    0.33%       0.213      0.713
     GENDER                0.645      -0.606       0.000   35.50%       0.000      1.000      1.000
             307.000       0.229      -1.633       1.000   64.50%       1.000      1.000
     ETHNICITY             0.681      -0.776       0.000   31.92%       0.000      1.000      1.000
             307.000       0.217      -1.398       1.000   68.08%       1.000      1.000
     SES                   0.870      -2.197       0.000   13.03%       1.000      1.000      1.000
             307.000       0.113       2.825       1.000   86.97%       1.000      1.000


THE MODEL ESTIMATION TERMINATED NORMALLY

     USE THE FBITERATIONS OPTION TO INCREASE THE NUMBER OF ITERATIONS BY A FACTOR
     OF AT LEAST TWO TO CHECK CONVERGENCE AND THAT THE PSR VALUE DOES NOT INCREASE.



MODEL FIT INFORMATION

Number of Free Parameters                              35

Information Criteria

          Deviance (DIC)                        27641.839
          Estimated Number of Parameters (pD)    1154.575



MODEL RESULTS

                                Posterior  One-Tailed         95% C.I.
                    Estimate       S.D.      P-Value   Lower 2.5%  Upper 2.5%  Significance

Within Level

 WB         ON
    WEEKEND            0.122       0.013      0.000       0.097       0.148      *

 Variances
    PEERS              0.199       0.003      0.000       0.193       0.206      *
    FAMILY             0.069       0.001      0.000       0.067       0.072      *
    WEAK_TIES          0.100       0.002      0.000       0.097       0.104      *

 Residual Variances
    WB                 0.255       0.004      0.000       0.247       0.264      *

Between Level

 S1         ON
    E                  0.008       0.023      0.359      -0.036       0.052

 S2         ON
    E                 -0.005       0.039      0.445      -0.083       0.070

 S3         ON
    E                 -0.018       0.029      0.273      -0.076       0.038

 WB         ON
    PEERS              0.068       0.160      0.338      -0.232       0.391
    FAMILY            -0.036       0.290      0.452      -0.596       0.538
    WEAK_TIES         -0.214       0.377      0.284      -0.976       0.511
    E                  0.012       0.033      0.363      -0.054       0.077
    GENDER            -0.068       0.053      0.093      -0.173       0.034
    ETHNICITY         -0.088       0.055      0.055      -0.196       0.020
    SES               -0.101       0.075      0.089      -0.248       0.047

 WB       WITH
    S1                -0.015       0.009      0.036      -0.033       0.001
    S2                -0.017       0.014      0.113      -0.045       0.011
    S3                -0.041       0.010      0.000      -0.062      -0.021      *

 S1       WITH
    S2                 0.022       0.010      0.006       0.005       0.045      *
    S3                 0.001       0.006      0.421      -0.010       0.016

 S2       WITH
    S3                 0.007       0.011      0.254      -0.013       0.030

 Means
    PEERS              0.467       0.014      0.000       0.439       0.495      *
    FAMILY             0.091       0.007      0.000       0.076       0.105      *
    WEAK_TIES          0.127       0.007      0.000       0.114       0.140      *

 Intercepts
    WB                 3.116       0.142      0.000       2.854       3.402      *
    S1                 0.185       0.019      0.000       0.149       0.222      *
    S2                 0.186       0.033      0.000       0.120       0.249      *
    S3                 0.081       0.023      0.001       0.034       0.125      *

 Variances
    PEERS              0.049       0.005      0.000       0.040       0.060      *
    FAMILY             0.013       0.001      0.000       0.010       0.016      *
    WEAK_TIES          0.009       0.001      0.000       0.007       0.011      *

 Residual Variances
    WB                 0.183       0.017      0.000       0.153       0.219      *
    S1                 0.027       0.008      0.000       0.013       0.045      *
    S2                 0.072       0.022      0.000       0.037       0.122      *
    S3                 0.022       0.008      0.000       0.010       0.043      *


STANDARDIZED MODEL RESULTS


STDYX Standardization

                                Posterior  One-Tailed         95% C.I.
                    Estimate       S.D.      P-Value   Lower 2.5%  Upper 2.5%  Significance

Within-Level Standardized Estimates Averaged Over Clusters

 S1 | WB ON
    PEERS              0.154       0.014      0.000       0.126       0.180      *

 S2 | WB ON
    FAMILY             0.089       0.014      0.000       0.060       0.116      *

 S3 | WB ON
    WEAK_TIES          0.048       0.014      0.003       0.018       0.072      *

 WB         ON
    WEEKEND            0.097       0.010      0.000       0.078       0.117      *

 Variances
    PEERS              1.000       0.000      0.000       1.000       1.000
    FAMILY             1.000       0.000      0.000       1.000       1.000
    WEAK_TIES          1.000       0.000      0.000       1.000       1.000

 Residual Variances
    WB                 0.915       0.009      0.000       0.896       0.931      *

Between Level

 S1         ON
    E                  0.030       0.080      0.359      -0.131       0.182

 S2         ON
    E                 -0.011       0.083      0.445      -0.172       0.154

 S3         ON
    E                 -0.071       0.114      0.273      -0.296       0.147

 WB         ON
    PEERS              0.034       0.080      0.338      -0.117       0.194
    FAMILY            -0.010       0.074      0.452      -0.152       0.138
    WEAK_TIES         -0.046       0.079      0.284      -0.202       0.107
    E                  0.016       0.044      0.363      -0.071       0.103
    GENDER            -0.052       0.040      0.093      -0.131       0.026
    ETHNICITY         -0.068       0.042      0.055      -0.150       0.016
    SES               -0.059       0.043      0.089      -0.144       0.027

 WB       WITH
    S1                -0.221       0.124      0.036      -0.470       0.019
    S2                -0.148       0.121      0.113      -0.381       0.094
    S3                -0.646       0.157      0.000      -0.950      -0.330      *

 S1       WITH
    S2                 0.529       0.181      0.006       0.143       0.844      *
    S3                 0.053       0.250      0.421      -0.422       0.539

 S2       WITH
    S3                 0.184       0.259      0.254      -0.369       0.613

 Means
    PEERS              2.112       0.122      0.000       1.874       2.355      *
    FAMILY             0.805       0.078      0.000       0.652       0.959      *
    WEAK_TIES          1.377       0.112      0.000       1.165       1.602      *

 Intercepts
    WB                 7.162       0.453      0.000       6.258       8.025      *
    S1                 1.135       0.223      0.000       0.797       1.677      *
    S2                 0.693       0.169      0.000       0.402       1.067      *
    S3                 0.532       0.196      0.001       0.214       1.017      *

 Variances
    PEERS              1.000       0.000      0.000       1.000       1.000
    FAMILY             1.000       0.000      0.000       1.000       1.000
    WEAK_TIES          1.000       0.000      0.000       1.000       1.000

 Residual Variances
    WB                 0.964       0.021      0.000       0.909       0.989      *
    S1                 0.997       0.010      0.000       0.965       1.000      *
    S2                 0.997       0.010      0.000       0.965       1.000      *
    S3                 0.991       0.024      0.000       0.912       1.000      *


STDY Standardization

                                Posterior  One-Tailed         95% C.I.
                    Estimate       S.D.      P-Value   Lower 2.5%  Upper 2.5%  Significance

Within-Level Standardized Estimates Averaged Over Clusters

 S1 | WB ON
    PEERS              0.154       0.014      0.000       0.126       0.180      *

 S2 | WB ON
    FAMILY             0.089       0.014      0.000       0.060       0.116      *

 S3 | WB ON
    WEAK_TIES          0.048       0.014      0.003       0.018       0.072      *

 WB         ON
    WEEKEND            0.231       0.024      0.000       0.185       0.279      *

 Variances
    PEERS              1.000       0.000      0.000       1.000       1.000
    FAMILY             1.000       0.000      0.000       1.000       1.000
    WEAK_TIES          1.000       0.000      0.000       1.000       1.000

 Residual Variances
    WB                 0.915       0.009      0.000       0.896       0.931      *

Between Level

 S1         ON
    E                  0.052       0.138      0.359      -0.225       0.314

 S2         ON
    E                 -0.019       0.144      0.445      -0.296       0.265

 S3         ON
    E                 -0.122       0.196      0.273      -0.509       0.254

 WB         ON
    PEERS              0.034       0.080      0.338      -0.117       0.194
    FAMILY            -0.010       0.074      0.452      -0.152       0.138
    WEAK_TIES         -0.046       0.079      0.284      -0.202       0.107
    E                  0.028       0.076      0.363      -0.123       0.177
    GENDER            -0.156       0.121      0.093      -0.394       0.078
    ETHNICITY         -0.202       0.125      0.055      -0.448       0.047
    SES               -0.233       0.171      0.089      -0.565       0.107

 WB       WITH
    S1                -0.221       0.124      0.036      -0.470       0.019
    S2                -0.148       0.121      0.113      -0.381       0.094
    S3                -0.646       0.157      0.000      -0.950      -0.330      *

 S1       WITH
    S2                 0.529       0.181      0.006       0.143       0.844      *
    S3                 0.053       0.250      0.421      -0.422       0.539

 S2       WITH
    S3                 0.184       0.259      0.254      -0.369       0.613

 Means
    PEERS              2.112       0.122      0.000       1.874       2.355      *
    FAMILY             0.805       0.078      0.000       0.652       0.959      *
    WEAK_TIES          1.377       0.112      0.000       1.165       1.602      *

 Intercepts
    WB                 7.162       0.453      0.000       6.258       8.025      *
    S1                 1.135       0.223      0.000       0.797       1.677      *
    S2                 0.693       0.169      0.000       0.402       1.067      *
    S3                 0.532       0.196      0.001       0.214       1.017      *

 Variances
    PEERS              1.000       0.000      0.000       1.000       1.000
    FAMILY             1.000       0.000      0.000       1.000       1.000
    WEAK_TIES          1.000       0.000      0.000       1.000       1.000

 Residual Variances
    WB                 0.964       0.021      0.000       0.909       0.989      *
    S1                 0.997       0.010      0.000       0.965       1.000      *
    S2                 0.997       0.010      0.000       0.965       1.000      *
    S3                 0.991       0.024      0.000       0.912       1.000      *


R-SQUARE

Within-Level R-Square Averaged Across Clusters

                                Posterior  One-Tailed         95% C.I.
    Variable        Estimate       S.D.      P-Value   Lower 2.5%  Upper 2.5%

    WB                 0.085       0.009      0.000       0.069       0.104

Between Level

                                Posterior  One-Tailed         95% C.I.
    Variable        Estimate       S.D.      P-Value   Lower 2.5%  Upper 2.5%

    WB                 0.036       0.021      0.000       0.011       0.091

                                Posterior  One-Tailed         95% C.I.
    Variable        Estimate       S.D.      P-Value   Lower 2.5%  Upper 2.5%

    S1                 0.003       0.010      0.000       0.000       0.035
    S2                 0.003       0.010      0.000       0.000       0.035
    S3                 0.009       0.024      0.000       0.000       0.088


TECHNICAL 1 OUTPUT


     PARAMETER SPECIFICATION FOR WITHIN


           NU
              WB            PEERS         FAMILY        WEAK_TIE      WEEKEND
              ________      ________      ________      ________      ________
                    0             0             0             0             0


           LAMBDA
              WB            PEERS         FAMILY        WEAK_TIE      WEEKEND
              ________      ________      ________      ________      ________
 WB                 0             0             0             0             0
 PEERS              0             0             0             0             0
 FAMILY             0             0             0             0             0
 WEAK_TIE           0             0             0             0             0
 WEEKEND            0             0             0             0             0


           THETA
              WB            PEERS         FAMILY        WEAK_TIE      WEEKEND
              ________      ________      ________      ________      ________
 WB                 0
 PEERS              0             0
 FAMILY             0             0             0
 WEAK_TIE           0             0             0             0
 WEEKEND            0             0             0             0             0


           ALPHA
              WB            PEERS         FAMILY        WEAK_TIE      WEEKEND
              ________      ________      ________      ________      ________
                    0             0             0             0             0


           BETA
              WB            PEERS         FAMILY        WEAK_TIE      WEEKEND
              ________      ________      ________      ________      ________
 WB                 0             0             0             0             1
 PEERS              0             0             0             0             0
 FAMILY             0             0             0             0             0
 WEAK_TIE           0             0             0             0             0
 WEEKEND            0             0             0             0             0


           PSI
              WB            PEERS         FAMILY        WEAK_TIE      WEEKEND
              ________      ________      ________      ________      ________
 WB                 2
 PEERS              0             3
 FAMILY             0             0             4
 WEAK_TIE           0             0             0             5
 WEEKEND            0             0             0             0             0


     PARAMETER SPECIFICATION FOR BETWEEN


           NU
              WB            PEERS         FAMILY        WEAK_TIE      E
              ________      ________      ________      ________      ________
                    0             0             0             0             0


           NU
              GENDER        ETHNICIT      SES
              ________      ________      ________
                    0             0             0


           LAMBDA
              S1            S2            S3            WB            PEERS
              ________      ________      ________      ________      ________
 WB                 0             0             0             0             0
 PEERS              0             0             0             0             0
 FAMILY             0             0             0             0             0
 WEAK_TIE           0             0             0             0             0
 E                  0             0             0             0             0
 GENDER             0             0             0             0             0
 ETHNICIT           0             0             0             0             0
 SES                0             0             0             0             0


           LAMBDA
              FAMILY        WEAK_TIE      E             GENDER        ETHNICIT
              ________      ________      ________      ________      ________
 WB                 0             0             0             0             0
 PEERS              0             0             0             0             0
 FAMILY             0             0             0             0             0
 WEAK_TIE           0             0             0             0             0
 E                  0             0             0             0             0
 GENDER             0             0             0             0             0
 ETHNICIT           0             0             0             0             0
 SES                0             0             0             0             0


           LAMBDA
              SES
              ________
 WB                 0
 PEERS              0
 FAMILY             0
 WEAK_TIE           0
 E                  0
 GENDER             0
 ETHNICIT           0
 SES                0


           THETA
              WB            PEERS         FAMILY        WEAK_TIE      E
              ________      ________      ________      ________      ________
 WB                 0
 PEERS              0             0
 FAMILY             0             0             0
 WEAK_TIE           0             0             0             0
 E                  0             0             0             0             0
 GENDER             0             0             0             0             0
 ETHNICIT           0             0             0             0             0
 SES                0             0             0             0             0


           THETA
              GENDER        ETHNICIT      SES
              ________      ________      ________
 GENDER             0
 ETHNICIT           0             0
 SES                0             0             0


           ALPHA
              S1            S2            S3            WB            PEERS
              ________      ________      ________      ________      ________
                    6             7             8             9            10


           ALPHA
              FAMILY        WEAK_TIE      E             GENDER        ETHNICIT
              ________      ________      ________      ________      ________
                   11            12             0             0             0


           ALPHA
              SES
              ________
                    0


           BETA
              S1            S2            S3            WB            PEERS
              ________      ________      ________      ________      ________
 S1                 0             0             0             0             0
 S2                 0             0             0             0             0
 S3                 0             0             0             0             0
 WB                 0             0             0             0            16
 PEERS              0             0             0             0             0
 FAMILY             0             0             0             0             0
 WEAK_TIE           0             0             0             0             0
 E                  0             0             0             0             0
 GENDER             0             0             0             0             0
 ETHNICIT           0             0             0             0             0
 SES                0             0             0             0             0


           BETA
              FAMILY        WEAK_TIE      E             GENDER        ETHNICIT
              ________      ________      ________      ________      ________
 S1                 0             0            13             0             0
 S2                 0             0            14             0             0
 S3                 0             0            15             0             0
 WB                17            18            19            20            21
 PEERS              0             0             0             0             0
 FAMILY             0             0             0             0             0
 WEAK_TIE           0             0             0             0             0
 E                  0             0             0             0             0
 GENDER             0             0             0             0             0
 ETHNICIT           0             0             0             0             0
 SES                0             0             0             0             0


           BETA
              SES
              ________
 S1                 0
 S2                 0
 S3                 0
 WB                22
 PEERS              0
 FAMILY             0
 WEAK_TIE           0
 E                  0
 GENDER             0
 ETHNICIT           0
 SES                0


           PSI
              S1            S2            S3            WB            PEERS
              ________      ________      ________      ________      ________
 S1                23
 S2                24            25
 S3                26            27            28
 WB                29            30            31            32
 PEERS              0             0             0             0            33
 FAMILY             0             0             0             0             0
 WEAK_TIE           0             0             0             0             0
 E                  0             0             0             0             0
 GENDER             0             0             0             0             0
 ETHNICIT           0             0             0             0             0
 SES                0             0             0             0             0


           PSI
              FAMILY        WEAK_TIE      E             GENDER        ETHNICIT
              ________      ________      ________      ________      ________
 FAMILY            34
 WEAK_TIE           0            35
 E                  0             0             0
 GENDER             0             0             0             0
 ETHNICIT           0             0             0             0             0
 SES                0             0             0             0             0


           PSI
              SES
              ________
 SES                0


     STARTING VALUES FOR WITHIN


           NU
              WB            PEERS         FAMILY        WEAK_TIE      WEEKEND
              ________      ________      ________      ________      ________
                0.000         0.000         0.000         0.000         0.000


           LAMBDA
              WB            PEERS         FAMILY        WEAK_TIE      WEEKEND
              ________      ________      ________      ________      ________
 WB             1.000         0.000         0.000         0.000         0.000
 PEERS          0.000         1.000         0.000         0.000         0.000
 FAMILY         0.000         0.000         1.000         0.000         0.000
 WEAK_TIE       0.000         0.000         0.000         1.000         0.000
 WEEKEND        0.000         0.000         0.000         0.000         1.000


           THETA
              WB            PEERS         FAMILY        WEAK_TIE      WEEKEND
              ________      ________      ________      ________      ________
 WB             0.000
 PEERS          0.000         0.000
 FAMILY         0.000         0.000         0.000
 WEAK_TIE       0.000         0.000         0.000         0.000
 WEEKEND        0.000         0.000         0.000         0.000         0.000


           ALPHA
              WB            PEERS         FAMILY        WEAK_TIE      WEEKEND
              ________      ________      ________      ________      ________
                0.000         0.000         0.000         0.000         0.000


           BETA
              WB            PEERS         FAMILY        WEAK_TIE      WEEKEND
              ________      ________      ________      ________      ________
 WB             0.000         0.000         0.000         0.000         0.000
 PEERS          0.000         0.000         0.000         0.000         0.000
 FAMILY         0.000         0.000         0.000         0.000         0.000
 WEAK_TIE       0.000         0.000         0.000         0.000         0.000
 WEEKEND        0.000         0.000         0.000         0.000         0.000


           PSI
              WB            PEERS         FAMILY        WEAK_TIE      WEEKEND
              ________      ________      ________      ________      ________
 WB             0.231
 PEERS          0.000         0.124
 FAMILY         0.000         0.000         0.041
 WEAK_TIE       0.000         0.000         0.000         0.054
 WEEKEND        0.000         0.000         0.000         0.000         0.104


     STARTING VALUES FOR BETWEEN


           NU
              WB            PEERS         FAMILY        WEAK_TIE      E
              ________      ________      ________      ________      ________
                0.000         0.000         0.000         0.000         0.000


           NU
              GENDER        ETHNICIT      SES
              ________      ________      ________
                0.000         0.000         0.000


           LAMBDA
              S1            S2            S3            WB            PEERS
              ________      ________      ________      ________      ________
 WB             0.000         0.000         0.000         1.000         0.000
 PEERS          0.000         0.000         0.000         0.000         1.000
 FAMILY         0.000         0.000         0.000         0.000         0.000
 WEAK_TIE       0.000         0.000         0.000         0.000         0.000
 E              0.000         0.000         0.000         0.000         0.000
 GENDER         0.000         0.000         0.000         0.000         0.000
 ETHNICIT       0.000         0.000         0.000         0.000         0.000
 SES            0.000         0.000         0.000         0.000         0.000


           LAMBDA
              FAMILY        WEAK_TIE      E             GENDER        ETHNICIT
              ________      ________      ________      ________      ________
 WB             0.000         0.000         0.000         0.000         0.000
 PEERS          0.000         0.000         0.000         0.000         0.000
 FAMILY         1.000         0.000         0.000         0.000         0.000
 WEAK_TIE       0.000         1.000         0.000         0.000         0.000
 E              0.000         0.000         1.000         0.000         0.000
 GENDER         0.000         0.000         0.000         1.000         0.000
 ETHNICIT       0.000         0.000         0.000         0.000         1.000
 SES            0.000         0.000         0.000         0.000         0.000


           LAMBDA
              SES
              ________
 WB             0.000
 PEERS          0.000
 FAMILY         0.000
 WEAK_TIE       0.000
 E              0.000
 GENDER         0.000
 ETHNICIT       0.000
 SES            1.000


           THETA
              WB            PEERS         FAMILY        WEAK_TIE      E
              ________      ________      ________      ________      ________
 WB             0.000
 PEERS          0.000         0.000
 FAMILY         0.000         0.000         0.000
 WEAK_TIE       0.000         0.000         0.000         0.000
 E              0.000         0.000         0.000         0.000         0.000
 GENDER         0.000         0.000         0.000         0.000         0.000
 ETHNICIT       0.000         0.000         0.000         0.000         0.000
 SES            0.000         0.000         0.000         0.000         0.000


           THETA
              GENDER        ETHNICIT      SES
              ________      ________      ________
 GENDER         0.000
 ETHNICIT       0.000         0.000
 SES            0.000         0.000         0.000


           ALPHA
              S1            S2            S3            WB            PEERS
              ________      ________      ________      ________      ________
                0.000         0.000         0.000         2.984         0.451


           ALPHA
              FAMILY        WEAK_TIE      E             GENDER        ETHNICIT
              ________      ________      ________      ________      ________
                0.089         0.123         0.000         0.000         0.000


           ALPHA
              SES
              ________
                0.000


           BETA
              S1            S2            S3            WB            PEERS
              ________      ________      ________      ________      ________
 S1             0.000         0.000         0.000         0.000         0.000
 S2             0.000         0.000         0.000         0.000         0.000
 S3             0.000         0.000         0.000         0.000         0.000
 WB             0.000         0.000         0.000         0.000         0.000
 PEERS          0.000         0.000         0.000         0.000         0.000
 FAMILY         0.000         0.000         0.000         0.000         0.000
 WEAK_TIE       0.000         0.000         0.000         0.000         0.000
 E              0.000         0.000         0.000         0.000         0.000
 GENDER         0.000         0.000         0.000         0.000         0.000
 ETHNICIT       0.000         0.000         0.000         0.000         0.000
 SES            0.000         0.000         0.000         0.000         0.000


           BETA
              FAMILY        WEAK_TIE      E             GENDER        ETHNICIT
              ________      ________      ________      ________      ________
 S1             0.000         0.000         0.000         0.000         0.000
 S2             0.000         0.000         0.000         0.000         0.000
 S3             0.000         0.000         0.000         0.000         0.000
 WB             0.000         0.000         0.000         0.000         0.000
 PEERS          0.000         0.000         0.000         0.000         0.000
 FAMILY         0.000         0.000         0.000         0.000         0.000
 WEAK_TIE       0.000         0.000         0.000         0.000         0.000
 E              0.000         0.000         0.000         0.000         0.000
 GENDER         0.000         0.000         0.000         0.000         0.000
 ETHNICIT       0.000         0.000         0.000         0.000         0.000
 SES            0.000         0.000         0.000         0.000         0.000


           BETA
              SES
              ________
 S1             0.000
 S2             0.000
 S3             0.000
 WB             0.000
 PEERS          0.000
 FAMILY         0.000
 WEAK_TIE       0.000
 E              0.000
 GENDER         0.000
 ETHNICIT       0.000
 SES            0.000


           PSI
              S1            S2            S3            WB            PEERS
              ________      ________      ________      ________      ________
 S1             1.000
 S2             0.000         1.000
 S3             0.000         0.000         1.000
 WB             0.000         0.000         0.000         0.231
 PEERS          0.000         0.000         0.000         0.000         0.124
 FAMILY         0.000         0.000         0.000         0.000         0.000
 WEAK_TIE       0.000         0.000         0.000         0.000         0.000
 E              0.000         0.000         0.000         0.000         0.000
 GENDER         0.000         0.000         0.000         0.000         0.000
 ETHNICIT       0.000         0.000         0.000         0.000         0.000
 SES            0.000         0.000         0.000         0.000         0.000


           PSI
              FAMILY        WEAK_TIE      E             GENDER        ETHNICIT
              ________      ________      ________      ________      ________
 FAMILY         0.041
 WEAK_TIE       0.000         0.054
 E              0.000         0.000         0.337
 GENDER         0.000         0.000         0.000         0.111
 ETHNICIT       0.000         0.000         0.000         0.000         0.112
 SES            0.000         0.000         0.000         0.000         0.000


           PSI
              SES
              ________
 SES            0.065



     PRIORS FOR ALL PARAMETERS            PRIOR MEAN      PRIOR VARIANCE     PRIOR STD. DEV.

     Parameter 1~N(0.000,infinity)           0.0000            infinity            infinity
     Parameter 2~IG(-1.000,0.000)          infinity            infinity            infinity
     Parameter 3~IG(-1.000,0.000)          infinity            infinity            infinity
     Parameter 4~IG(-1.000,0.000)          infinity            infinity            infinity
     Parameter 5~IG(-1.000,0.000)          infinity            infinity            infinity
     Parameter 6~N(0.000,infinity)           0.0000            infinity            infinity
     Parameter 7~N(0.000,infinity)           0.0000            infinity            infinity
     Parameter 8~N(0.000,infinity)           0.0000            infinity            infinity
     Parameter 9~N(0.000,infinity)           0.0000            infinity            infinity
     Parameter 10~N(0.000,infinity)          0.0000            infinity            infinity
     Parameter 11~N(0.000,infinity)          0.0000            infinity            infinity
     Parameter 12~N(0.000,infinity)          0.0000            infinity            infinity
     Parameter 13~N(0.000,infinity)          0.0000            infinity            infinity
     Parameter 14~N(0.000,infinity)          0.0000            infinity            infinity
     Parameter 15~N(0.000,infinity)          0.0000            infinity            infinity
     Parameter 16~N(0.000,infinity)          0.0000            infinity            infinity
     Parameter 17~N(0.000,infinity)          0.0000            infinity            infinity
     Parameter 18~N(0.000,infinity)          0.0000            infinity            infinity
     Parameter 19~N(0.000,infinity)          0.0000            infinity            infinity
     Parameter 20~N(0.000,infinity)          0.0000            infinity            infinity
     Parameter 21~N(0.000,infinity)          0.0000            infinity            infinity
     Parameter 22~N(0.000,infinity)          0.0000            infinity            infinity
     Parameter 23~IW(0.000,-5)             infinity            infinity            infinity
     Parameter 24~IW(0.000,-5)             infinity            infinity            infinity
     Parameter 25~IW(0.000,-5)             infinity            infinity            infinity
     Parameter 26~IW(0.000,-5)             infinity            infinity            infinity
     Parameter 27~IW(0.000,-5)             infinity            infinity            infinity
     Parameter 28~IW(0.000,-5)             infinity            infinity            infinity
     Parameter 29~IW(0.000,-5)             infinity            infinity            infinity
     Parameter 30~IW(0.000,-5)             infinity            infinity            infinity
     Parameter 31~IW(0.000,-5)             infinity            infinity            infinity
     Parameter 32~IW(0.000,-5)             infinity            infinity            infinity
     Parameter 33~IG(-1.000,0.000)         infinity            infinity            infinity
     Parameter 34~IG(-1.000,0.000)         infinity            infinity            infinity
     Parameter 35~IG(-1.000,0.000)         infinity            infinity            infinity


TECHNICAL 8 OUTPUT


   TECHNICAL 8 OUTPUT FOR BAYES ESTIMATION

     CHAIN    BSEED
     1        0
     2        285380

                     POTENTIAL       PARAMETER WITH
     ITERATION    SCALE REDUCTION      HIGHEST PSR
     100              1.317               28
     200              1.573               24
     300              1.441               8
     400              1.302               27
     500              1.172               8
     600              1.159               24
     700              1.196               28
     800              1.343               28
     900              1.457               28
     1000             1.440               28
     1100             1.293               28
     1200             1.183               28
     1300             1.118               28
     1400             1.085               28
     1500             1.046               28
     1600             1.037               25
     1700             1.039               23
     1800             1.014               13
     1900             1.046               28
     2000             1.059               8
     2100             1.061               8
     2200             1.040               8
     2300             1.046               8
     2400             1.065               8
     2500             1.066               8
     2600             1.087               8
     2700             1.068               8
     2800             1.046               28
     2900             1.031               15
     3000             1.032               23
     3100             1.049               23
     3200             1.051               23
     3300             1.035               23
     3400             1.030               23
     3500             1.024               23
     3600             1.018               23
     3700             1.014               23
     3800             1.010               23
     3900             1.014               13
     4000             1.014               13
     4100             1.016               26
     4200             1.022               8
     4300             1.029               8
     4400             1.025               15
     4500             1.042               27
     4600             1.050               27
     4700             1.035               27
     4800             1.032               8
     4900             1.035               8
     5000             1.051               15
     5100             1.073               15
     5200             1.104               15
     5300             1.119               15
     5400             1.115               15
     5500             1.109               15
     5600             1.101               15
     5700             1.096               15
     5800             1.091               15
     5900             1.084               15
     6000             1.075               15
     6100             1.074               15
     6200             1.063               15
     6300             1.061               15
     6400             1.064               15
     6500             1.064               15
     6600             1.056               15
     6700             1.051               15
     6800             1.041               15
     6900             1.032               15
     7000             1.026               15
     7100             1.028               15
     7200             1.031               15
     7300             1.029               15
     7400             1.026               15
     7500             1.026               15
     7600             1.024               15
     7700             1.025               15
     7800             1.024               15
     7900             1.029               15
     8000             1.028               15
     8100             1.023               15
     8200             1.023               15
     8300             1.019               15
     8400             1.016               15
     8500             1.020               15
     8600             1.019               27
     8700             1.023               27
     8800             1.029               27
     8900             1.031               27
     9000             1.042               27
     9100             1.048               27
     9200             1.051               27
     9300             1.043               27
     9400             1.032               27
     9500             1.028               27
     9600             1.022               27
     9700             1.016               27
     9800             1.012               27
     9900             1.014               27
     10000            1.016               27


     Beginning Time:  18:27:51
        Ending Time:  18:30:58
       Elapsed Time:  00:03:07



MUTHEN & MUTHEN
3463 Stoner Ave.
Los Angeles, CA  90066

Tel: (310) 391-9971
Fax: (310) 391-8971
Web: www.StatModel.com
Support: Support@StatModel.com

Copyright (c) 1998-2020 Muthen & Muthen
