Mplus VERSION 8.5 (Mac)
MUTHEN & MUTHEN
03/16/2022  12:27 PM

INPUT INSTRUCTIONS

  TITLE: Analysis 2+3
  DATA: FILE = analysis3_S3.dat;
  VARIABLE:
  NAMES = ID AB angry worried happy sad WB stressed lonely
  peers family weak_ties
  E A C N O gender ethnicity SES weekend;
  USEVARIABLES = happy
  peers family weak_ties
  weekend E;
  CLUSTER = ID;
  WITHIN = weekend;
  BETWEEN = E;
  MISSING = .;
  DEFINE: CENTER E (GRANDMEAN);
  ANALYSIS: TYPE = TWOLEVEL RANDOM; ESTIMATOR = BAYES;
  BITERATIONS = (10000); PROCESSORS = 2;
  MODEL:
  %WITHIN%
  ! Happiness is predicted by peers, the slope is random
  S1 | happy ON peers;
  ! Happiness is predicted by family, the slope is random
  S2 | happy ON family;
  ! Happiness is predicted by weak ties, the slope is random
  S3 | happy ON weak_ties;
  ! Control for weekend
  happy ON weekend;
  %BETWEEN%
  ! Covariance between intercept and slopes
  happy S1-S3 WITH happy S1-S3;
  ! The intercept is predicted by peers
  happy ON peers;
  ! The intercept is predicted by family
  happy ON family;
  ! The intercept is predicted by weak ties
  happy ON weak_ties;
  ! The intercept is predicted by extraversion
  happy ON E;
  ! The slopes are predicted by extraversion
  S1-S3 ON E;
  OUTPUT: STDYX STDY TECH8;



*** WARNING in VARIABLE command
  Note that only the first 8 characters of variable names are used in the output.
  Shorten variable names to avoid any confusion.
*** WARNING in MODEL command
  In the MODEL command, the x variable on the WITHIN level has been turned into a
  y variable to enable latent variable decomposition.  This variable will be treated
  as a y-variable on both levels:  PEERS
*** WARNING in MODEL command
  In the MODEL command, the x variable on the WITHIN level has been turned into a
  y variable to enable latent variable decomposition.  This variable will be treated
  as a y-variable on both levels:  FAMILY
*** WARNING in MODEL command
  In the MODEL command, the x variable on the WITHIN level has been turned into a
  y variable to enable latent variable decomposition.  This variable will be treated
  as a y-variable on both levels:  WEAK_TIES
*** WARNING
  One or more individual-level variables have no variation within a
  cluster for the following clusters.

     Variable   Cluster IDs with no within-cluster variation

      HAPPY       160 240 271 171 797 502
      PEERS       160 516 10 608 96 740 598 816 737 131 327 93 130 494 128 352 781 263 884 662
                  532 14 118 358 185 262 851 248 876 276 718 697 428 143 594 156 862 562 36 298
                  124 552 767 303 355 730 591 480 642 45 341 103 587 40 764 603
      FAMILY      160 516 240 806 271 485 625 666 96 740 404 844 369 473 598 280 203 816 820 856
                  737 701 846 555 69 173 669 321 39 135 372 311 237 94 831 183 564 752 110 804
                  381 5 722 93 376 887 671 90 495 834 531 80 37 295 635 322 168 663 230 21 609
                  269 67 142 482 41 236 400 179 31 19 420 533 808 547 643 647 29 657 323 375 367
                  717 439 723 391 632 105 82 339 509 382 721 490 261 653 640 351 672 324 282 291
                  629 146 502 486 57 11 214 627 793 631 554 745 545 876 758 815 76 610 691 313
                  126 430 845 699 378 182 854 81 683 246 3 333 25 199 119 582 257 823 883 650
                  561 830 853 54 700 443 178 218 782 517 426 186 674 344 865 396 537 770 45 570
                  521 707 711 766 283
      WEAK_TIE    160 516 240 10 806 271 608 625 302 96 4 404 844 369 473 203 856 737 880 350
                  846 630 238 290 171 173 152 321 778 703 372 311 306 94 176 183 110 585 804 335
                  381 825 413 797 427 99 887 789 61 834 37 501 635 128 663 230 398 615 656 269
                  798 142 482 400 58 835 595 352 620 533 547 643 29 375 645 695 499 340 289 664
                  391 632 157 805 221 212 509 600 490 592 225 783 680 6 324 282 734 788 239 565
                  502 486 522 165 11 500 667 185 712 568 287 631 554 448 847 524 545 829 758 101
                  815 228 610 233 845 98 792 860 684 534 143 854 81 452 683 3 751 333 549 612
                  210 599 823 685 774 803 102 137 54 686 24 68 506 637 355 266 278 344 865 396
                  824 154 766 406 114 40 55 807 603
      WEEKEND     160 516 240 10 806 271 485 666 49 96 598 737

*** WARNING
  Data set contains cases with missing on x-variables.
  These cases were not included in the analysis.
  Number of cases with missing on x-variables:  5814
   6 WARNING(S) FOUND IN THE INPUT INSTRUCTIONS



Analysis 2+3

SUMMARY OF ANALYSIS

Number of groups                                                 1
Number of observations                                       50134

Number of dependent variables                                    4
Number of independent variables                                  2
Number of continuous latent variables                            3

Observed dependent variables

  Continuous
   HAPPY       PEERS       FAMILY      WEAK_TIES

Observed independent variables
   WEEKEND     E

Continuous latent variables
   S1          S2          S3

Variables with special functions

  Cluster variable      ID

  Within variables
   WEEKEND

  Between variables
   E

  Centering (GRANDMEAN)
   E


Estimator                                                    BAYES
Specifications for Bayesian Estimation
  Point estimate                                            MEDIAN
  Number of Markov chain Monte Carlo (MCMC) chains               2
  Random seed for the first chain                                0
  Starting value information                           UNPERTURBED
  Algorithm used for Markov chain Monte Carlo           GIBBS(PX1)
  Convergence criterion                                  0.500D-01
  Maximum number of iterations                               50000
  K-th iteration used for thinning                               1

Input data file(s)
  analysis3_S3.dat
Input data format  FREE


SUMMARY OF DATA

     Number of clusters                        762

       Size (s)    Cluster ID with Size s

          1        63 477 756
          2        160
          3        516
          4        240 10 806
          5        271 485 608 625
          6        302 666 49 96
          7        4 790 740
          9        404 844
         10        369 473
         11        598 280 203
         12        761 816 820 405 856
         13        52 737 481 558 880
         14        701 350
         16        846 162 630
         17        555
         18        238 265 732
         19        69 290
         22        689
         23        171 173
         24        317 654
         25        152
         26        669 321
         27        529 778 39
         28        703 170 374
         30        459 135 372 311
         31        237 472 306 497
         32        131 814 579 60 94 888
         33        831 176
         34        183 564
         35        752 110
         36        585 804 335
         37        381 332
         38        825 274 5 510 435
         39        370 336 84 651 722 83 491
         40        403 413 327
         41        93 797
         42        202 215 130
         43        376 556 292 427 99 328 887 2
         44        331 789
         45        316 671 877 424 61 90
         46        495 864 127 834 531 80 850 348
         47        494 37 848 474 501
         48        295 635 337 128 322 463 168 354
         49        663 779 784 230 467 398 21 8 748 609 615 760 656
         50        16 269 67 462 20 401 163 523 798
         51        88 142 731 596 277 434 314 380
         52        482 41 236 729 681 872 833 400 660 179
         53        611 749 31 812 19 244
         54        817 58 164 310 871 194 698 769 835 595 352
         55        445 420 620 533 808 547 235 643 647 727
         56        29 85 657 633 551 198 704 706 886 323 375
         57        623 367 296 371 717 439 723 781
         58        356 470 809 645 768 613 695 217 499 458 340 289 664
                   838 391
         59        263 884 632 157 528
         60        810 567 795 273 72 105 805 82 492 858 863 379
         61        577 97 753 252 715 624 221 223 339 776 212 368 475 509
                   738 382 319 799
         62        46 721 652 600 343 490 123 662 133 592 432 705 261 532
                   716
         63        153 653 14 399 285 640 66 496 253 668 225 351 783 672
                   680
         64        6 227 324 325 132 542 75 282 125 734 431 386 788 43
                   239 291 118 584 629 293
         65        604 259 565 77 571 146 692 216 231 502 819 486 488 785
                   204 250 747 553 57 522 165 670
         66        843 241 22 11 500 454 622 408 358 733 249 214 821 557
                   667 185 794 712 330 229 95
         67        262 429 315 851 349 568 13 572 281 866 47 450 192 209
                   627 793 286 287 796 631 554 243 115
         68        362 448 188 750 248 634 479 709 791 573 847 308 18 471
                   719 560 258
         69        305 117 745 524 545 373 111 876 416 300 754 636 829
                   758 639 101
         70        815 417 628 76 800 228 518 222 177 191 276
         71        260 301 718 89 213 200 201 882 610 839 691 446
         72        313 364 682 739 304 195 233 126 430 539 697 318 845
                   699 98 520 792 92 64
         73        451 860 428 762 254 268 869 646 357 159 33 684 42 363
                   566 534 535 220 447 378 519 143
         74        155 100 513 407 182 854 1 813 81 678 415 452 841 187
                   219
         75        414 461 384 594 683 514 425 601 626 744 388 746 419
                   246
         76        190 644 489 777 3 665 751 247 333 53 156 25 546 655
                   138 549 122
         77        423 441 270 312 677 347 161 505 713 837 612
         78        586 199 119 210 145 582 676 409 257 599 780 714 65
         79        755 208 264 167 763 515 536 353 569 775 621 189 842
                   440
         80        525 823 685 774 883 862 818 498 543 690
         81        562 849 36 840 73 51 614 589 275 659 803
         82        102 597 607 26 650 836 826 561 830
         83        412 618 619
         84        193 855 453 34 483 256 137 853
         85        377 720 298 54 686 62
         86        402 124 251 32 606 24 299 444 28 700 232
         87        15 511 548 397
         88        552 345 726 272
         89        393 508 411 767 234 881
         90        394 303 757 559 694 476 181 68
         91        141 338 465 728 443 506 708 27 637 355 484
         92        178 59 266
         93        50 602 578 827 172 87
         94        563 147 9 730 218 675 782
         95        517 591 278 426 366
         96        186 390 674 344 865 480 469 648 151
         97        642 396 824
         98        109 154 679 537 174 74 255
         99        245 770 605 267 45 226
        101        12 437 570 107
        102        71 759 38 385
        103        140 487 507
        105        658 307 148
        106        120
        107        129 521
        109        106 158 421 360 418
        110        341
        111        707
        112        580 588
        113        711 103 766
        114        283 406 114 530
        115        449 587 40
        116        55
        117        346
        118        436
        119        743
        120        687
        124        180
        126        801 861
        130        764
        131        771
        134        807
        138        603
        141        873



COVARIANCE COVERAGE OF DATA

Minimum covariance coverage value   0.100

     Number of missing data patterns             2


     PROPORTION OF DATA PRESENT


           Covariance Coverage
              HAPPY         PEERS         FAMILY        WEAK_TIE      WEEKEND
              ________      ________      ________      ________      ________
 HAPPY          0.990
 PEERS          0.990         1.000
 FAMILY         0.990         1.000         1.000
 WEAK_TIE       0.990         1.000         1.000         1.000
 WEEKEND        0.990         1.000         1.000         1.000         1.000
 E              0.990         1.000         1.000         1.000         1.000


           Covariance Coverage
              E
              ________
 E              1.000



UNIVARIATE SAMPLE STATISTICS


     UNIVARIATE HIGHER-ORDER MOMENT DESCRIPTIVE STATISTICS

         Variable/         Mean/     Skewness/   Minimum/ % with                Percentiles
        Sample Size      Variance    Kurtosis    Maximum  Min/Max      20%/60%    40%/80%    Median

     HAPPY                 2.417       0.134       1.000   19.62%       2.000      2.000      2.000
           49636.000       0.967      -0.995       4.000   16.56%       3.000      3.000
     PEERS                 0.240       1.219       0.000   76.02%       0.000      0.000      0.000
           50134.000       0.182      -0.514       1.000   23.98%       0.000      1.000
     FAMILY                0.096       2.738       0.000   90.38%       0.000      0.000      0.000
           50134.000       0.087       5.499       1.000    9.62%       0.000      0.000
     WEAK_TIES             0.054       3.957       0.000   94.62%       0.000      0.000      0.000
           50134.000       0.051      13.659       1.000    5.38%       0.000      0.000
     WEEKEND               0.267       1.054       0.000   73.31%       0.000      0.000      0.000
           50134.000       0.196      -0.889       1.000   26.69%       0.000      1.000
     E                     0.000      -0.113      -2.018    0.13%      -0.685     -0.185     -0.018
             762.000       0.536      -0.455       1.649    0.13%       0.232      0.649


THE MODEL ESTIMATION TERMINATED NORMALLY

     USE THE FBITERATIONS OPTION TO INCREASE THE NUMBER OF ITERATIONS BY A FACTOR
     OF AT LEAST TWO TO CHECK CONVERGENCE AND THAT THE PSR VALUE DOES NOT INCREASE.



MODEL FIT INFORMATION

Number of Free Parameters                              32

Information Criteria

          Deviance (DIC)                       156835.555
          Estimated Number of Parameters (pD)    3468.611



MODEL RESULTS

                                Posterior  One-Tailed         95% C.I.
                    Estimate       S.D.      P-Value   Lower 2.5%  Upper 2.5%  Significance

Within Level

 HAPPY      ON
    WEEKEND            0.153       0.008      0.000       0.139       0.168      *

 Variances
    PEERS              0.140       0.001      0.000       0.138       0.142      *
    FAMILY             0.074       0.000      0.000       0.073       0.075      *
    WEAK_TIES          0.048       0.000      0.000       0.047       0.048      *

 Residual Variances
    HAPPY              0.519       0.003      0.000       0.512       0.525      *

Between Level

 S1         ON
    E                 -0.019       0.021      0.177      -0.059       0.021

 S2         ON
    E                  0.019       0.027      0.247      -0.036       0.071

 S3         ON
    E                  0.008       0.025      0.374      -0.042       0.059

 HAPPY      ON
    PEERS              0.635       0.112      0.000       0.414       0.853      *
    FAMILY             0.501       0.206      0.008       0.098       0.904      *
    WEAK_TIES         -0.001       0.397      0.499      -0.792       0.771
    E                  0.304       0.030      0.000       0.246       0.363      *

 HAPPY    WITH
    S1                -0.046       0.009      0.000      -0.064      -0.028      *
    S2                -0.037       0.011      0.000      -0.060      -0.016      *
    S3                -0.024       0.010      0.007      -0.045      -0.005      *

 S1       WITH
    S2                 0.021       0.008      0.002       0.006       0.036      *
    S3                 0.013       0.007      0.034      -0.001       0.028

 S2       WITH
    S3                 0.015       0.009      0.052      -0.003       0.033

 Means
    PEERS              0.257       0.008      0.000       0.242       0.273      *
    FAMILY             0.096       0.004      0.000       0.088       0.104      *
    WEAK_TIES          0.055       0.002      0.000       0.050       0.060      *

 Intercepts
    HAPPY              2.191       0.052      0.000       2.090       2.294      *
    S1                 0.423       0.015      0.000       0.394       0.452      *
    S2                 0.267       0.019      0.000       0.230       0.306      *
    S3                 0.106       0.018      0.000       0.070       0.141      *

 Variances
    PEERS              0.045       0.002      0.000       0.040       0.050      *
    FAMILY             0.013       0.001      0.000       0.012       0.014      *
    WEAK_TIES          0.003       0.000      0.000       0.003       0.004      *

 Residual Variances
    HAPPY              0.324       0.018      0.000       0.292       0.361      *
    S1                 0.083       0.008      0.000       0.068       0.101      *
    S2                 0.095       0.012      0.000       0.072       0.120      *
    S3                 0.038       0.010      0.000       0.021       0.060      *


STANDARDIZED MODEL RESULTS


STDYX Standardization

                                Posterior  One-Tailed         95% C.I.
                    Estimate       S.D.      P-Value   Lower 2.5%  Upper 2.5%  Significance

Within-Level Standardized Estimates Averaged Over Clusters

 S1 | HAPPY ON
    PEERS              0.205       0.005      0.000       0.195       0.215      *

 S2 | HAPPY ON
    FAMILY             0.094       0.005      0.000       0.084       0.105      *

 S3 | HAPPY ON
    WEAK_TIES          0.031       0.005      0.000       0.020       0.039      *

 HAPPY      ON
    WEEKEND            0.086       0.004      0.000       0.079       0.095      *

 Variances
    PEERS              1.000       0.000      0.000       1.000       1.000
    FAMILY             1.000       0.000      0.000       1.000       1.000
    WEAK_TIES          1.000       0.000      0.000       1.000       1.000

 Residual Variances
    HAPPY              0.908       0.003      0.000       0.902       0.914      *

Between Level

 S1         ON
    E                 -0.034       0.037      0.177      -0.106       0.038

 S2         ON
    E                  0.031       0.046      0.247      -0.060       0.120

 S3         ON
    E                  0.022       0.068      0.374      -0.114       0.155

 HAPPY      ON
    PEERS              0.221       0.038      0.000       0.146       0.293      *
    FAMILY             0.093       0.038      0.008       0.018       0.166      *
    WEAK_TIES          0.000       0.038      0.499      -0.076       0.074
    E                  0.258       0.025      0.000       0.209       0.306      *

 HAPPY    WITH
    S1                -0.279       0.051      0.000      -0.375      -0.177      *
    S2                -0.215       0.061      0.000      -0.333      -0.096      *
    S3                -0.219       0.089      0.007      -0.391      -0.044      *

 S1       WITH
    S2                 0.240       0.080      0.002       0.071       0.391      *
    S3                 0.240       0.122      0.034      -0.018       0.456

 S2       WITH
    S3                 0.243       0.149      0.052      -0.052       0.535

 Means
    PEERS              1.216       0.050      0.000       1.120       1.318      *
    FAMILY             0.844       0.045      0.000       0.758       0.934      *
    WEAK_TIES          0.942       0.051      0.000       0.841       1.044      *

 Intercepts
    HAPPY              3.597       0.143      0.000       3.314       3.869      *
    S1                 1.465       0.088      0.000       1.296       1.641      *
    S2                 0.869       0.085      0.000       0.713       1.046      *
    S3                 0.543       0.118      0.000       0.330       0.802      *

 Variances
    PEERS              1.000       0.000      0.000       1.000       1.000
    FAMILY             1.000       0.000      0.000       1.000       1.000
    WEAK_TIES          1.000       0.000      0.000       1.000       1.000

 Residual Variances
    HAPPY              0.872       0.021      0.000       0.827       0.910      *
    S1                 0.999       0.003      0.000       0.989       1.000      *
    S2                 0.999       0.004      0.000       0.985       1.000      *
    S3                 0.998       0.007      0.000       0.974       1.000      *


STDY Standardization

                                Posterior  One-Tailed         95% C.I.
                    Estimate       S.D.      P-Value   Lower 2.5%  Upper 2.5%  Significance

Within-Level Standardized Estimates Averaged Over Clusters

 S1 | HAPPY ON
    PEERS              0.205       0.005      0.000       0.195       0.215      *

 S2 | HAPPY ON
    FAMILY             0.094       0.005      0.000       0.084       0.105      *

 S3 | HAPPY ON
    WEAK_TIES          0.031       0.005      0.000       0.020       0.039      *

 HAPPY      ON
    WEEKEND            0.202       0.010      0.000       0.184       0.222      *

 Variances
    PEERS              1.000       0.000      0.000       1.000       1.000
    FAMILY             1.000       0.000      0.000       1.000       1.000
    WEAK_TIES          1.000       0.000      0.000       1.000       1.000

 Residual Variances
    HAPPY              0.908       0.003      0.000       0.902       0.914      *

Between Level

 S1         ON
    E                 -0.065       0.071      0.177      -0.204       0.074

 S2         ON
    E                  0.061       0.089      0.247      -0.116       0.232

 S3         ON
    E                  0.042       0.131      0.374      -0.221       0.300

 HAPPY      ON
    PEERS              0.221       0.038      0.000       0.146       0.293      *
    FAMILY             0.093       0.038      0.008       0.018       0.166      *
    WEAK_TIES          0.000       0.038      0.499      -0.076       0.074
    E                  0.498       0.048      0.000       0.404       0.592      *

 HAPPY    WITH
    S1                -0.279       0.051      0.000      -0.375      -0.177      *
    S2                -0.215       0.061      0.000      -0.333      -0.096      *
    S3                -0.219       0.089      0.007      -0.391      -0.044      *

 S1       WITH
    S2                 0.240       0.080      0.002       0.071       0.391      *
    S3                 0.240       0.122      0.034      -0.018       0.456

 S2       WITH
    S3                 0.243       0.149      0.052      -0.052       0.535

 Means
    PEERS              1.216       0.050      0.000       1.120       1.318      *
    FAMILY             0.844       0.045      0.000       0.758       0.934      *
    WEAK_TIES          0.942       0.051      0.000       0.841       1.044      *

 Intercepts
    HAPPY              3.597       0.143      0.000       3.314       3.869      *
    S1                 1.465       0.088      0.000       1.296       1.641      *
    S2                 0.869       0.085      0.000       0.713       1.046      *
    S3                 0.543       0.118      0.000       0.330       0.802      *

 Variances
    PEERS              1.000       0.000      0.000       1.000       1.000
    FAMILY             1.000       0.000      0.000       1.000       1.000
    WEAK_TIES          1.000       0.000      0.000       1.000       1.000

 Residual Variances
    HAPPY              0.872       0.021      0.000       0.827       0.910      *
    S1                 0.999       0.003      0.000       0.989       1.000      *
    S2                 0.999       0.004      0.000       0.985       1.000      *
    S3                 0.998       0.007      0.000       0.974       1.000      *


R-SQUARE

Within-Level R-Square Averaged Across Clusters

                                Posterior  One-Tailed         95% C.I.
    Variable        Estimate       S.D.      P-Value   Lower 2.5%  Upper 2.5%

    HAPPY              0.092       0.003      0.000       0.086       0.098

Between Level

                                Posterior  One-Tailed         95% C.I.
    Variable        Estimate       S.D.      P-Value   Lower 2.5%  Upper 2.5%

    HAPPY              0.128       0.021      0.000       0.090       0.173

                                Posterior  One-Tailed         95% C.I.
    Variable        Estimate       S.D.      P-Value   Lower 2.5%  Upper 2.5%

    S1                 0.001       0.003      0.000       0.000       0.011
    S2                 0.001       0.004      0.000       0.000       0.015
    S3                 0.002       0.007      0.000       0.000       0.026


TECHNICAL 1 OUTPUT


     PARAMETER SPECIFICATION FOR WITHIN


           NU
              HAPPY         PEERS         FAMILY        WEAK_TIE      WEEKEND
              ________      ________      ________      ________      ________
                    0             0             0             0             0


           LAMBDA
              HAPPY         PEERS         FAMILY        WEAK_TIE      WEEKEND
              ________      ________      ________      ________      ________
 HAPPY              0             0             0             0             0
 PEERS              0             0             0             0             0
 FAMILY             0             0             0             0             0
 WEAK_TIE           0             0             0             0             0
 WEEKEND            0             0             0             0             0


           THETA
              HAPPY         PEERS         FAMILY        WEAK_TIE      WEEKEND
              ________      ________      ________      ________      ________
 HAPPY              0
 PEERS              0             0
 FAMILY             0             0             0
 WEAK_TIE           0             0             0             0
 WEEKEND            0             0             0             0             0


           ALPHA
              HAPPY         PEERS         FAMILY        WEAK_TIE      WEEKEND
              ________      ________      ________      ________      ________
                    0             0             0             0             0


           BETA
              HAPPY         PEERS         FAMILY        WEAK_TIE      WEEKEND
              ________      ________      ________      ________      ________
 HAPPY              0             0             0             0             1
 PEERS              0             0             0             0             0
 FAMILY             0             0             0             0             0
 WEAK_TIE           0             0             0             0             0
 WEEKEND            0             0             0             0             0


           PSI
              HAPPY         PEERS         FAMILY        WEAK_TIE      WEEKEND
              ________      ________      ________      ________      ________
 HAPPY              2
 PEERS              0             3
 FAMILY             0             0             4
 WEAK_TIE           0             0             0             5
 WEEKEND            0             0             0             0             0


     PARAMETER SPECIFICATION FOR BETWEEN


           NU
              HAPPY         PEERS         FAMILY        WEAK_TIE      E
              ________      ________      ________      ________      ________
                    0             0             0             0             0


           LAMBDA
              S1            S2            S3            HAPPY         PEERS
              ________      ________      ________      ________      ________
 HAPPY              0             0             0             0             0
 PEERS              0             0             0             0             0
 FAMILY             0             0             0             0             0
 WEAK_TIE           0             0             0             0             0
 E                  0             0             0             0             0


           LAMBDA
              FAMILY        WEAK_TIE      E
              ________      ________      ________
 HAPPY              0             0             0
 PEERS              0             0             0
 FAMILY             0             0             0
 WEAK_TIE           0             0             0
 E                  0             0             0


           THETA
              HAPPY         PEERS         FAMILY        WEAK_TIE      E
              ________      ________      ________      ________      ________
 HAPPY              0
 PEERS              0             0
 FAMILY             0             0             0
 WEAK_TIE           0             0             0             0
 E                  0             0             0             0             0


           ALPHA
              S1            S2            S3            HAPPY         PEERS
              ________      ________      ________      ________      ________
                    6             7             8             9            10


           ALPHA
              FAMILY        WEAK_TIE      E
              ________      ________      ________
                   11            12             0


           BETA
              S1            S2            S3            HAPPY         PEERS
              ________      ________      ________      ________      ________
 S1                 0             0             0             0             0
 S2                 0             0             0             0             0
 S3                 0             0             0             0             0
 HAPPY              0             0             0             0            16
 PEERS              0             0             0             0             0
 FAMILY             0             0             0             0             0
 WEAK_TIE           0             0             0             0             0
 E                  0             0             0             0             0


           BETA
              FAMILY        WEAK_TIE      E
              ________      ________      ________
 S1                 0             0            13
 S2                 0             0            14
 S3                 0             0            15
 HAPPY             17            18            19
 PEERS              0             0             0
 FAMILY             0             0             0
 WEAK_TIE           0             0             0
 E                  0             0             0


           PSI
              S1            S2            S3            HAPPY         PEERS
              ________      ________      ________      ________      ________
 S1                20
 S2                21            22
 S3                23            24            25
 HAPPY             26            27            28            29
 PEERS              0             0             0             0            30
 FAMILY             0             0             0             0             0
 WEAK_TIE           0             0             0             0             0
 E                  0             0             0             0             0


           PSI
              FAMILY        WEAK_TIE      E
              ________      ________      ________
 FAMILY            31
 WEAK_TIE           0            32
 E                  0             0             0


     STARTING VALUES FOR WITHIN


           NU
              HAPPY         PEERS         FAMILY        WEAK_TIE      WEEKEND
              ________      ________      ________      ________      ________
                0.000         0.000         0.000         0.000         0.000


           LAMBDA
              HAPPY         PEERS         FAMILY        WEAK_TIE      WEEKEND
              ________      ________      ________      ________      ________
 HAPPY          1.000         0.000         0.000         0.000         0.000
 PEERS          0.000         1.000         0.000         0.000         0.000
 FAMILY         0.000         0.000         1.000         0.000         0.000
 WEAK_TIE       0.000         0.000         0.000         1.000         0.000
 WEEKEND        0.000         0.000         0.000         0.000         1.000


           THETA
              HAPPY         PEERS         FAMILY        WEAK_TIE      WEEKEND
              ________      ________      ________      ________      ________
 HAPPY          0.000
 PEERS          0.000         0.000
 FAMILY         0.000         0.000         0.000
 WEAK_TIE       0.000         0.000         0.000         0.000
 WEEKEND        0.000         0.000         0.000         0.000         0.000


           ALPHA
              HAPPY         PEERS         FAMILY        WEAK_TIE      WEEKEND
              ________      ________      ________      ________      ________
                0.000         0.000         0.000         0.000         0.000


           BETA
              HAPPY         PEERS         FAMILY        WEAK_TIE      WEEKEND
              ________      ________      ________      ________      ________
 HAPPY          0.000         0.000         0.000         0.000         0.000
 PEERS          0.000         0.000         0.000         0.000         0.000
 FAMILY         0.000         0.000         0.000         0.000         0.000
 WEAK_TIE       0.000         0.000         0.000         0.000         0.000
 WEEKEND        0.000         0.000         0.000         0.000         0.000


           PSI
              HAPPY         PEERS         FAMILY        WEAK_TIE      WEEKEND
              ________      ________      ________      ________      ________
 HAPPY          0.483
 PEERS          0.000         0.091
 FAMILY         0.000         0.000         0.043
 WEAK_TIE       0.000         0.000         0.000         0.025
 WEEKEND        0.000         0.000         0.000         0.000         0.098


     STARTING VALUES FOR BETWEEN


           NU
              HAPPY         PEERS         FAMILY        WEAK_TIE      E
              ________      ________      ________      ________      ________
                0.000         0.000         0.000         0.000         0.000


           LAMBDA
              S1            S2            S3            HAPPY         PEERS
              ________      ________      ________      ________      ________
 HAPPY          0.000         0.000         0.000         1.000         0.000
 PEERS          0.000         0.000         0.000         0.000         1.000
 FAMILY         0.000         0.000         0.000         0.000         0.000
 WEAK_TIE       0.000         0.000         0.000         0.000         0.000
 E              0.000         0.000         0.000         0.000         0.000


           LAMBDA
              FAMILY        WEAK_TIE      E
              ________      ________      ________
 HAPPY          0.000         0.000         0.000
 PEERS          0.000         0.000         0.000
 FAMILY         1.000         0.000         0.000
 WEAK_TIE       0.000         1.000         0.000
 E              0.000         0.000         1.000


           THETA
              HAPPY         PEERS         FAMILY        WEAK_TIE      E
              ________      ________      ________      ________      ________
 HAPPY          0.000
 PEERS          0.000         0.000
 FAMILY         0.000         0.000         0.000
 WEAK_TIE       0.000         0.000         0.000         0.000
 E              0.000         0.000         0.000         0.000         0.000


           ALPHA
              S1            S2            S3            HAPPY         PEERS
              ________      ________      ________      ________      ________
                0.000         0.000         0.000         2.417         0.240


           ALPHA
              FAMILY        WEAK_TIE      E
              ________      ________      ________
                0.096         0.054         0.000


           BETA
              S1            S2            S3            HAPPY         PEERS
              ________      ________      ________      ________      ________
 S1             0.000         0.000         0.000         0.000         0.000
 S2             0.000         0.000         0.000         0.000         0.000
 S3             0.000         0.000         0.000         0.000         0.000
 HAPPY          0.000         0.000         0.000         0.000         0.000
 PEERS          0.000         0.000         0.000         0.000         0.000
 FAMILY         0.000         0.000         0.000         0.000         0.000
 WEAK_TIE       0.000         0.000         0.000         0.000         0.000
 E              0.000         0.000         0.000         0.000         0.000


           BETA
              FAMILY        WEAK_TIE      E
              ________      ________      ________
 S1             0.000         0.000         0.000
 S2             0.000         0.000         0.000
 S3             0.000         0.000         0.000
 HAPPY          0.000         0.000         0.000
 PEERS          0.000         0.000         0.000
 FAMILY         0.000         0.000         0.000
 WEAK_TIE       0.000         0.000         0.000
 E              0.000         0.000         0.000


           PSI
              S1            S2            S3            HAPPY         PEERS
              ________      ________      ________      ________      ________
 S1             1.000
 S2             0.000         1.000
 S3             0.000         0.000         1.000
 HAPPY          0.000         0.000         0.000         0.483
 PEERS          0.000         0.000         0.000         0.000         0.091
 FAMILY         0.000         0.000         0.000         0.000         0.000
 WEAK_TIE       0.000         0.000         0.000         0.000         0.000
 E              0.000         0.000         0.000         0.000         0.000


           PSI
              FAMILY        WEAK_TIE      E
              ________      ________      ________
 FAMILY         0.043
 WEAK_TIE       0.000         0.025
 E              0.000         0.000         0.268



     PRIORS FOR ALL PARAMETERS            PRIOR MEAN      PRIOR VARIANCE     PRIOR STD. DEV.

     Parameter 1~N(0.000,infinity)           0.0000            infinity            infinity
     Parameter 2~IG(-1.000,0.000)          infinity            infinity            infinity
     Parameter 3~IG(-1.000,0.000)          infinity            infinity            infinity
     Parameter 4~IG(-1.000,0.000)          infinity            infinity            infinity
     Parameter 5~IG(-1.000,0.000)          infinity            infinity            infinity
     Parameter 6~N(0.000,infinity)           0.0000            infinity            infinity
     Parameter 7~N(0.000,infinity)           0.0000            infinity            infinity
     Parameter 8~N(0.000,infinity)           0.0000            infinity            infinity
     Parameter 9~N(0.000,infinity)           0.0000            infinity            infinity
     Parameter 10~N(0.000,infinity)          0.0000            infinity            infinity
     Parameter 11~N(0.000,infinity)          0.0000            infinity            infinity
     Parameter 12~N(0.000,infinity)          0.0000            infinity            infinity
     Parameter 13~N(0.000,infinity)          0.0000            infinity            infinity
     Parameter 14~N(0.000,infinity)          0.0000            infinity            infinity
     Parameter 15~N(0.000,infinity)          0.0000            infinity            infinity
     Parameter 16~N(0.000,infinity)          0.0000            infinity            infinity
     Parameter 17~N(0.000,infinity)          0.0000            infinity            infinity
     Parameter 18~N(0.000,infinity)          0.0000            infinity            infinity
     Parameter 19~N(0.000,infinity)          0.0000            infinity            infinity
     Parameter 20~IW(0.000,-5)             infinity            infinity            infinity
     Parameter 21~IW(0.000,-5)             infinity            infinity            infinity
     Parameter 22~IW(0.000,-5)             infinity            infinity            infinity
     Parameter 23~IW(0.000,-5)             infinity            infinity            infinity
     Parameter 24~IW(0.000,-5)             infinity            infinity            infinity
     Parameter 25~IW(0.000,-5)             infinity            infinity            infinity
     Parameter 26~IW(0.000,-5)             infinity            infinity            infinity
     Parameter 27~IW(0.000,-5)             infinity            infinity            infinity
     Parameter 28~IW(0.000,-5)             infinity            infinity            infinity
     Parameter 29~IW(0.000,-5)             infinity            infinity            infinity
     Parameter 30~IG(-1.000,0.000)         infinity            infinity            infinity
     Parameter 31~IG(-1.000,0.000)         infinity            infinity            infinity
     Parameter 32~IG(-1.000,0.000)         infinity            infinity            infinity


TECHNICAL 8 OUTPUT


   TECHNICAL 8 OUTPUT FOR BAYES ESTIMATION

     CHAIN    BSEED
     1        0
     2        285380

                     POTENTIAL       PARAMETER WITH
     ITERATION    SCALE REDUCTION      HIGHEST PSR
     100              1.343               15
     200              1.331               24
     300              1.125               23
     400              1.400               25
     500              1.241               25
     600              1.153               25
     700              1.070               25
     800              1.033               15
     900              1.013               29
     1000             1.034               23
     1100             1.015               23
     1200             1.014               24
     1300             1.021               24
     1400             1.019               24
     1500             1.060               24
     1600             1.073               24
     1700             1.058               24
     1800             1.046               24
     1900             1.047               24
     2000             1.051               24
     2100             1.054               24
     2200             1.039               24
     2300             1.026               24
     2400             1.026               24
     2500             1.025               24
     2600             1.033               24
     2700             1.034               24
     2800             1.034               24
     2900             1.014               24
     3000             1.013               25
     3100             1.031               25
     3200             1.050               25
     3300             1.057               25
     3400             1.047               25
     3500             1.046               25
     3600             1.043               25
     3700             1.052               25
     3800             1.036               25
     3900             1.022               25
     4000             1.037               25
     4100             1.059               25
     4200             1.037               25
     4300             1.019               25
     4400             1.010               25
     4500             1.006               25
     4600             1.005               25
     4700             1.005               25
     4800             1.008               15
     4900             1.010               15
     5000             1.009               15
     5100             1.013               15
     5200             1.012               15
     5300             1.009               15
     5400             1.010               15
     5500             1.008               15
     5600             1.009               15
     5700             1.009               15
     5800             1.009               15
     5900             1.012               15
     6000             1.014               24
     6100             1.019               24
     6200             1.016               24
     6300             1.021               24
     6400             1.024               24
     6500             1.026               24
     6600             1.032               24
     6700             1.026               24
     6800             1.028               24
     6900             1.026               24
     7000             1.032               24
     7100             1.029               24
     7200             1.028               24
     7300             1.029               24
     7400             1.031               24
     7500             1.031               24
     7600             1.035               24
     7700             1.029               24
     7800             1.024               24
     7900             1.026               24
     8000             1.027               24
     8100             1.027               24
     8200             1.030               25
     8300             1.033               25
     8400             1.027               25
     8500             1.025               25
     8600             1.028               25
     8700             1.029               25
     8800             1.022               25
     8900             1.017               25
     9000             1.017               25
     9100             1.017               25
     9200             1.022               25
     9300             1.016               25
     9400             1.022               25
     9500             1.023               25
     9600             1.020               25
     9700             1.014               25
     9800             1.010               28
     9900             1.009               28
     10000            1.008               28


     Beginning Time:  12:27:20
        Ending Time:  12:37:15
       Elapsed Time:  00:09:55



MUTHEN & MUTHEN
3463 Stoner Ave.
Los Angeles, CA  90066

Tel: (310) 391-9971
Fax: (310) 391-8971
Web: www.StatModel.com
Support: Support@StatModel.com

Copyright (c) 1998-2020 Muthen & Muthen
