Mplus VERSION 8.5 (Mac)
MUTHEN & MUTHEN
03/18/2022  11:27 PM

INPUT INSTRUCTIONS

  TITLE: Analysis 5
  DATA: FILE = analysis4+5_suppl1_S3.dat;
  VARIABLE:
  NAMES = ID AB angry worried happy sad WB stressed lonely
  TVC TCE SN peers family weak_ties
  E A C N O gender ethnicity SES weekend;
  USEVARIABLES = AB
  TCE SN family weak_ties
  weekend A
  txf txw sxf sxw;
  CLUSTER = ID;
  WITHIN = TCE SN family weak_ties weekend
  txf txw sxf sxw;
  BETWEEN = A;
  MISSING = .;
  DEFINE:
  CENTER TCE (GROUPMEAN);
  CENTER SN (GROUPMEAN);
  CENTER family (GROUPMEAN);
  CENTER weak_ties (GROUPMEAN);
  txf=TCE*family;
  txw=TCE*weak_ties;
  sxf=SN*family;
  sxw=SN*weak_ties;
  CENTER A (GRANDMEAN);
  ANALYSIS: TYPE = TWOLEVEL RANDOM; ESTIMATOR = BAYES;
  BITERATIONS = (10000); PROCESSORS = 2;
  MODEL:
  %WITHIN%
  ! Affect balance is predicted by TCE, the slope is random
  S1 | AB ON TCE;
  ! Affect balance is predicted by SN, the slope is random
  S2 | AB ON SN;
  ! Affect balance is predicted by family, the slope is random
  S3 | AB ON family;
  ! Affect balance is predicted by weak ties, the slope is random
  S4 | AB ON weak_ties;
  ! Affect balance is predicted by TCE*family, the slope is random
  S5 | AB ON txf;
  ! Affect balance is predicted by TCE*weak ties, the slope is random
  S6 | AB ON txw;
  ! Affect balance is predicted by SN*family, the slope is random
  S7 | AB ON sxf;
  ! Affect balance is predicted by SN*weak ties, the slope is random
  S8 | AB ON sxw;
  ! Control for weekend
  AB ON weekend;
  %BETWEEN%
  ! Covariance between intercept and slopes
  AB S1-S8 WITH AB S1-S8;
  ! The intercept is predicted by agreeableness
  AB ON A;
  ! The slopes are predicted by agreeableness
  S1-S8 ON A;
  OUTPUT: STDYX STDY TECH8;



*** WARNING in VARIABLE command
  Note that only the first 8 characters of variable names are used in the output.
  Shorten variable names to avoid any confusion.
*** WARNING
  One or more individual-level variables have no variation within a
  cluster for the following clusters.

     Variable   Cluster IDs with no within-cluster variation

      AB          183 75 32 501 210 536 547 558 33 40 639 651 657 667 714 722 729 783 24 382 865
                  54 494 546 807 835 610 502 241 12 861 245
      WEEKEND     180 183 75 77 451 452 204 472 485 486 32 210 80 532 225 534 81 547 558 246 93
                  260 268 14 629 40 636 639 647 295 650 651 118 657 662 49 683 712 714 124 327
                  729 126 130 131 764 783 356 358 810 816 820 24 26 158 379 845 386 397 54 881
                  168 416 59 161 642 162 229 3 480 349 668 671 491 494 42 697 43 510 513 515 517
                  721 520 723 57 733 182 369 374 82 277 768 555 807 818 396 835 843 853 409 864
                  68 69 312 319 888 580 388 141 265 619 2 788 222 280 6 286 528 424 125 431 127
                  670 675 443 370 556 689 691 373 132 64 440 372 539 315 219 772 8 186 188 663
                  553 474 272 9 236 692 47 241 292 851 12 39 858 353 417 179 624 886 300 28 690
                  605 465 612 273 479 707 621 483 281 381 497 191 384 354 569 97 677 685 833 167
                  296 573 340 89 439 808 762 351 95 92 263 860 165 496 882 341 471 826 711 147
                  403 719 448 115 652 877 640 777 779 65 415 181 760 665 138 414 447 674 102 283
                  34
      TXF         180 183 75 77 451 452 461 204 472 485 486 32 500 501 210 80 532 225 534 536
                  81 547 551 558 239 33 246 254 600 93 260 268 269 620 14 629 632 40 636 639 647
                  295 650 651 118 657 662 667 49 683 303 316 712 714 124 327 722 729 328 126 130
                  131 137 761 764 783 356 358 810 816 820 24 26 158 379 842 845 382 865 386 397
                  54 881 168 416 59 170 161 642 459 162 3 480 349 668 671 491 494 686 42 697 699
                  43 173 177 510 513 515 517 721 723 57 363 733 182 369 374 749 82 277 546 768
                  784 66 555 807 390 560 391 818 571 579 396 67 202 99 843 25 853 409 68 69 628
                  312 157 221 888 610 317 716 388 732 265 71 619 505 218 270 769 781 402 2 788
                  222 800 280 521 286 424 125 431 106 127 230 670 83 838 672 675 443 847 689 691
                  695 373 163 132 566 570 64 706 502 440 745 372 314 543 315 219 186 188 663 793
                  553 122 325 474 100 813 814 564 684 15 272 9 236 692 498 47 839 241 292 851
                  12 39 858 353 607 417 247 299 179 624 886 430 346 282 13 782 602 687 529 28
                  690 605 465 694 406 408 73 612 700 273 821 618 707 621 135 483 627 375 46 343
                  281 381 497 191 436 437 569 97 754 518 117 41 444 771 780 462 677 18 685 366
                  622 750 167 525 434 296 848 484 335 340 89 775 589 439 808 323 250 50 509 631
                  744 748 220 463 831 401 549 837 762 599 351 237 770 153 554 849 92 263 426 187
                  450 496 882 341 232 815 21 19 606 178 495 209 407 469 826 1 393 200 152 711
                  147 801 368 403 31 719 448 766 652 110 360 827 507 274 626 215 511 331 38 107
                  869 226 640 74 726 777 362 55 88 508 713 120 785 648 65 324 72 669 614 133 489
                  85 809 682 760 660 490 199 665 567 231 193 427 519 190 261 658 447 613 674 584
                  561 101 633 307 394 102 283 291 850 449 337 795 746 664 591 345 763 289 643
                  16 212 709 445 798 245 344 582 454 419 759 557 412 653 154 731 313 476 819 794
                  747 98 824
      TXW         180 183 75 77 451 452 461 204 472 485 486 32 500 501 210 80 532 225 534 536
                  81 547 551 558 239 33 246 254 600 93 260 268 269 620 14 629 632 40 636 639 647
                  295 650 651 118 657 662 667 49 683 303 316 712 714 124 327 722 729 328 126 130
                  131 137 761 764 783 356 358 810 816 820 24 26 158 379 842 845 382 865 386 397
                  54 881 168 416 59 170 161 642 3 480 668 671 491 494 686 42 697 43 173 177 510
                  513 515 363 182 369 374 749 82 277 546 768 784 66 807 390 560 391 579 396 835
                  202 99 843 853 409 68 69 157 221 888 610 317 716 388 732 604 265 71 615 619
                  505 218 769 781 402 788 222 800 280 521 6 286 528 127 230 670 83 838 672 443
                  847 689 691 695 373 64 502 440 372 314 772 186 188 663 793 553 325 474 814 565
                  684 15 236 238 498 839 592 292 306 851 12 858 353 607 417 299 886 430 346 282
                  13 602 687 529 28 690 605 465 694 406 73 612 700 273 821 618 707 621 135 627
                  375 46 343 381 191 436 739 569 97 754 518 117 771 780 462 176 18 685 167 525
                  848 335 340 89 588 775 589 250 50 509 631 585 220 463 831 549 837 599 351 554
                  849 263 860 165 266 187 496 882 341 815 523 200 152 147 801 403 448 766 110
                  827 626 331 38 107 659 640 726 777 362 55 645 508 713 785 648 65 324 87 669
                  614 803 809 829 682 490 231 193 427 519 190 674 101 307 102 449 664 591 289
                  643 212 798 245 344 154 476 819 568 774 98 824
      SXF         180 183 75 77 451 452 461 204 472 485 486 32 500 501 210 80 532 225 534 536
                  81 547 551 558 239 33 246 254 600 93 260 268 269 620 14 629 632 40 636 639 647
                  295 650 651 118 657 662 667 49 683 303 316 712 714 124 327 722 729 328 126 130
                  131 137 761 764 783 356 358 810 816 820 24 26 158 379 842 845 382 865 386 397
                  54 881 168 416 59 170 161 642 459 162 229 3 480 349 668 671 491 494 686 697
                  699 43 173 177 510 513 515 517 721 520 723 57 363 733 182 369 374 82 277 546
                  768 784 66 555 807 390 560 391 818 571 579 396 67 835 202 99 843 25 853 409
                  864 68 69 628 312 157 319 221 888 610 317 580 716 318 388 141 727 492 732 604
                  262 265 615 619 505 218 270 781 402 2 788 222 800 280 521 6 286 528 424 125
                  431 106 127 230 670 83 838 672 675 443 847 20 370 556 689 691 695 373 163 132
                  566 570 64 706 502 577 745 372 539 543 315 219 772 8 186 188 663 793 553 122
                  325 474 100 813 814 564 565 684 15 272 9 236 692 498 47 839 241 292 306 851
                  12 39 858 353 417 866 418 247 299 179 624 886 430 755 346 282 13 244 782 300
                  602 687 529 28 690 605 465 694 406 408 73 612 700 273 821 618 479 707 621 135
                  483 627 375 46 343 281 381 497 191 384 258 354 739 437 569 97 754 518 117 41
                  444 771 780 462 677 423 18 685 109 833 366 622 750 167 525 434 296 573 848 484
                  335 340 89 588 775 589 439 808 159 323 720 172 50 509 631 585 744 234 748 220
                  463 831 401 646 549 837 762 599 351 237 770 153 554 849 123 95 92 263 861 165
                  426 187 450 681 882 341 232 578 815 189 21 19 606 178 495 209 407 523 469 552
                  871 471 826 1 393 559 152 380 304 711 147 801 357 368 403 155 31 719 470 448
                  766 338 115 652 110 360 877 507 274 626 215 511 514 38 107 869 676 597 305 791
                  767 659 226 640 74 563 726 777 362 55 88 508 713 120 785 648 65 264 276 324
                  371 487 72 87 669 614 133 429 489 803 415 85 181 213 829 682 760 660 490 199
                  421 665 567 475 655 411 231 193 427 138 519 414 190 601 261 658 385 447 613
                  674 584 873 425 561 101 633 394 102 283 291 850 449 337 795 347 746 84 140 664
                  227 591 345 743 763 289 252 643 16 212 709 445 34 798 245 344 364 208 582 454
                  419 759 129 557 412 653 154 731 313 476 819 235 568 794 747 757 98 198 27 530
                  824
      SXW         180 183 75 77 451 452 461 204 472 485 486 32 500 501 210 80 532 225 534 536
                  81 547 551 558 239 33 246 254 600 93 260 268 269 620 14 629 632 40 636 639 647
                  295 650 651 118 657 662 667 49 683 303 316 712 714 124 327 722 729 328 126 130
                  131 137 761 764 783 356 358 810 816 820 24 26 158 379 842 845 382 865 386 397
                  54 881 168 416 59 170 161 642 459 162 229 3 480 349 668 671 491 494 686 42 697
                  699 43 173 177 510 513 517 721 520 723 363 733 182 369 374 82 277 546 768 784
                  66 807 390 560 391 818 396 67 835 202 99 25 409 864 68 69 312 157 319 221 888
                  610 317 580 716 318 388 141 727 492 732 604 262 265 71 615 619 505 218 270 781
                  402 2 788 222 800 280 521 6 286 528 125 431 106 127 230 670 83 838 672 675 443
                  847 370 556 691 695 132 566 570 64 706 502 577 745 372 314 539 543 772 8 186
                  188 663 793 553 122 325 474 100 813 565 684 15 9 692 238 498 839 241 592 292
                  306 851 12 39 858 353 417 866 418 247 299 179 624 430 755 346 282 13 244 782
                  300 602 687 529 28 690 605 465 694 406 408 612 700 273 821 618 479 707 621 135
                  483 627 375 46 343 281 381 191 384 258 354 436 739 97 754 518 117 771 780 462
                  423 176 18 685 109 833 622 750 167 525 434 573 848 484 335 340 89 588 775 589
                  439 808 159 720 172 50 509 631 585 744 234 748 220 831 401 646 549 837 762 599
                  237 153 554 849 123 95 92 263 860 861 165 266 426 681 882 341 578 815 189 21
                  19 495 209 407 523 469 552 871 471 393 200 559 152 380 304 147 801 357 368 155
                  31 719 470 448 766 338 115 652 110 360 877 507 274 626 511 514 38 107 676 597
                  305 791 767 659 226 640 563 726 777 362 55 88 645 508 120 785 648 264 276 324
                  371 487 72 87 669 614 133 429 489 803 415 85 181 213 829 682 760 660 490 199
                  421 665 475 655 411 231 193 427 138 414 190 601 658 385 447 873 425 561 101
                  633 102 283 291 850 449 337 347 746 84 140 664 227 591 345 743 289 252 643 212
                  709 445 34 798 344 364 208 582 454 419 759 129 412 653 154 731 313 476 235 568
                  747 757 774 98 198 27 530 824

*** WARNING
  Data set contains cases with missing on x-variables.
  These cases were not included in the analysis.
  Number of cases with missing on x-variables:  665
*** WARNING
  Data set contains cases with missing on all variables except
  x-variables.  These cases were not included in the analysis.
  Number of cases with missing on all variables except x-variables:  28
   4 WARNING(S) FOUND IN THE INPUT INSTRUCTIONS



Analysis 5

SUMMARY OF ANALYSIS

Number of groups                                                 1
Number of observations                                        5043

Number of dependent variables                                    1
Number of independent variables                                 10
Number of continuous latent variables                            8

Observed dependent variables

  Continuous
   AB

Observed independent variables
   TCE         SN          FAMILY      WEAK_TIE    WEEKEND     A
   TXF         TXW         SXF         SXW

Continuous latent variables
   S1          S2          S3          S4          S5          S6
   S7          S8

Variables with special functions

  Cluster variable      ID

  Within variables
   TCE         SN          FAMILY      WEAK_TIE    WEEKEND     TXF
   TXW         SXF         SXW

  Between variables
   A

  Centering (GRANDMEAN)
   A

  Centering (GROUPMEAN)
   TCE         SN          FAMILY      WEAK_TIE


Estimator                                                    BAYES
Specifications for Bayesian Estimation
  Point estimate                                            MEDIAN
  Number of Markov chain Monte Carlo (MCMC) chains               2
  Random seed for the first chain                                0
  Starting value information                           UNPERTURBED
  Algorithm used for Markov chain Monte Carlo           GIBBS(PX1)
  Convergence criterion                                  0.500D-01
  Maximum number of iterations                               50000
  K-th iteration used for thinning                               1

Input data file(s)
  analysis4+5_suppl1_S3.dat
Input data format  FREE


SUMMARY OF DATA

     Number of clusters                        690

       Size (s)    Cluster ID with Size s

          1        4 22 36 37 51 52 53 90 105 111 119 143 146 156 164 192
                   195 214 228 243 256 257 271 287 293 298 302 310 322
                   330 332 333 350 352 367 376 377 398 400 420 428 432
                   441 446 467 499 506 522 533 562 587 595 598 603 608
                   609 611 625 634 637 656 680 703 704 705 715 718 730
                   734 738 740 752 758 796 805 806 817 823 825 830 836
                   854 872 880 883 884 887 405
          2        180 183 75 77 451 452 461 204 472 485 486 32 500 501
                   210 80 532 225 534 536 81 547 551 558 239 33 246 254
                   600 93 260 268 269 620 14 629 632 40 636 639 647 295
                   650 651 118 657 662 667 49 683 303 316 712 714 124 327
                   722 729 328 126 130 131 137 761 764 783 356 358 810
                   816 820 24 26 158 379 842 845 382 865 386 397 54 881
                   168 416 59 170
          3        161 642 459 162 229 3 480 349 668 671 491 494 686 42
                   697 699 43 173 177 510 513 515 517 721 520 723 57 363
                   733 182 369 374 749 82 277 546 768 784 66 555 807 390
                   560 391 818 571 579 396 67 835 202 99 843 25 853 409
                   864 68 69 628 312 157 319 221 888 610
          4        317 580 716 318 388 141 727 492 732 604 262 265 71 615
                   619 505 218 270 769 781 402 2 788 222 800 280 521 6
                   286 528 424 125 431 106 127 230 670 83 838 672 675 443
                   847 20 370 862 556 689 691 695 373 163 132 566 570 64
                   706 502 577
          5        440 745 372 314 539 543 315 219 772 8 186 188 663 793
                   553 122 325 474 100 813 814 564 565 684 15 272 9 236
                   692 238 498 47 839 241 592 292 306 851 12 39 858 353
                   607 417 866 418 247 299 251 179 728 624 886 430 755
                   346 282 13
          6        244 782 300 602 687 529 28 690 605 465 694 406 408 73
                   612 700 273 821 618 479 707 621 135 483 627 375 46 343
                   281 381 497 191 384 285 258 354 436 739 437 569 97 754
                   518 117 41 444 771 780
          7        462 677 423 176 18 685 109 833 366 622 750 167 525 434
                   296 573 848 484 335 340 89 588 775 589 439 808 348 159
                   323 250 720 172 50 509
          8        631 585 744 234 748 220 463 255 831 401 646 549 837
                   762 599 351 237 770 153 554 849 123 95 92 263 860 861
                   165 266 426 187 450 496 681 882 341 232 578 815
          9        189 21 19 542 606 178 495 209 407 523 469 552 776 871
                   471 826 1 301 393 200 559 152 380 304 711 147 801 357
         10        368 403 155 31 719 470 448 766 338 115 586 652 110 148
                   360 827 877 507 274 626 215 511 331 514 38 841 107
         11        869 676 597 305 791 767 659 226 640 74 563 726 777 362
                   55
         12        88 779 644 645 508 713 120 785 648 65 535 216 264 275
                   276 324 371 487 72 87 669 614 133 429 489
         13        803 863 572 415 85 181 809 458 213 829 682 760 548 660
                   490 199 421 665 567 475 655 411
         14        231 193 855 594 427 308 138 519 414 190 601 708 261
         15        658 385 447 613 674 194 249 584 174 873
         16        596 425 561 101 145 633 307
         17        394 102 283 291 850 449 765
         18        337 795 347 746 84 140 664 623 753 227 591 812 345
         19        743 453 763 289 252 643 16 212 709 445 34
         20        798 245
         21        344 364
         22        208 582 454 62
         23        419 759
         24        679 129 557
         25        412 653 154
         26        731 313 476
         27        819
         29        235 568
         30        794
         31        747
         33        151
         34        757 774
         36        98
         37        198
         39        27
         44        840
         47        530
         49        824



COVARIANCE COVERAGE OF DATA

Minimum covariance coverage value   0.100

     Number of missing data patterns             1


     PROPORTION OF DATA PRESENT


           Covariance Coverage
              AB            TCE           SN            FAMILY        WEAK_TIE
              ________      ________      ________      ________      ________
 AB             1.000
 TCE            1.000         1.000
 SN             1.000         1.000         1.000
 FAMILY         1.000         1.000         1.000         1.000
 WEAK_TIE       1.000         1.000         1.000         1.000         1.000
 WEEKEND        1.000         1.000         1.000         1.000         1.000
 TXF            1.000         1.000         1.000         1.000         1.000
 TXW            1.000         1.000         1.000         1.000         1.000
 SXF            1.000         1.000         1.000         1.000         1.000
 SXW            1.000         1.000         1.000         1.000         1.000
 A              1.000         1.000         1.000         1.000         1.000


           Covariance Coverage
              WEEKEND       TXF           TXW           SXF           SXW
              ________      ________      ________      ________      ________
 WEEKEND        1.000
 TXF            1.000         1.000
 TXW            1.000         1.000         1.000
 SXF            1.000         1.000         1.000         1.000
 SXW            1.000         1.000         1.000         1.000         1.000
 A              1.000         1.000         1.000         1.000         1.000


           Covariance Coverage
              A
              ________
 A              1.000



UNIVARIATE SAMPLE STATISTICS


     UNIVARIATE HIGHER-ORDER MOMENT DESCRIPTIVE STATISTICS

         Variable/         Mean/     Skewness/   Minimum/ % with                Percentiles
        Sample Size      Variance    Kurtosis    Maximum  Min/Max      20%/60%    40%/80%    Median

     AB                    0.903      -0.280      -3.000    0.42%       0.000      0.667      1.000
            5043.000       1.700      -0.364       3.000    9.93%       1.333      2.000
     TCE                   0.000       0.182      -0.966    0.02%      -0.235      0.000      0.000
            5043.000       0.120       0.479       0.960    0.02%       0.000      0.222
     SN                    0.000       1.651      -0.941    0.02%      -0.053      0.000      0.000
            5043.000       0.042       8.313       0.967    0.02%       0.000      0.000
     FAMILY                0.000       1.687      -0.889    0.04%      -0.111      0.000      0.000
            5043.000       0.065       4.470       0.979    0.02%       0.000      0.000
     WEAK_TIES             0.000       0.459      -0.957    0.02%      -0.250     -0.077      0.000
            5043.000       0.129       0.135       0.968    0.02%       0.000      0.286
     WEEKEND               0.185       1.619       0.000   81.46%       0.000      0.000      0.000
            5043.000       0.151       0.621       1.000   18.54%       0.000      0.000
     TXF                  -0.002      -0.381      -0.803    0.02%       0.000      0.000      0.000
            5043.000       0.009      21.180       0.735    0.02%       0.000      0.000
     TXW                  -0.038      -1.714      -0.905    0.02%      -0.080      0.000      0.000
            5043.000       0.021       7.508       0.640    0.02%       0.000      0.002
     SXF                  -0.003      -0.502      -0.790    0.02%       0.000      0.000      0.000
            5043.000       0.002      87.083       0.824    0.02%       0.000      0.000
     SXW                  -0.012      -2.764      -0.809    0.02%       0.000      0.000      0.000
            5043.000       0.007      29.965       0.846    0.02%       0.000      0.000
     A                     0.000      -0.362      -1.730    0.29%      -0.480     -0.147      0.020
             690.000       0.343      -0.265       1.270    0.29%       0.186      0.520


THE MODEL ESTIMATION TERMINATED NORMALLY

     USE THE FBITERATIONS OPTION TO INCREASE THE NUMBER OF ITERATIONS BY A FACTOR
     OF AT LEAST TWO TO CHECK CONVERGENCE AND THAT THE PSR VALUE DOES NOT INCREASE.



MODEL FIT INFORMATION

Number of Free Parameters                              65

Information Criteria

          Deviance (DIC)                        14790.465
          Estimated Number of Parameters (pD)     848.315



MODEL RESULTS

                                Posterior  One-Tailed         95% C.I.
                    Estimate       S.D.      P-Value   Lower 2.5%  Upper 2.5%  Significance

Within Level

 AB         ON
    WEEKEND            0.210       0.040      0.000       0.131       0.288      *

 Residual Variances
    AB                 0.930       0.021      0.000       0.890       0.973      *

Between Level

 S1         ON
    A                  0.146       0.096      0.061      -0.037       0.339

 S2         ON
    A                  0.261       0.185      0.090      -0.129       0.604

 S3         ON
    A                  0.073       0.124      0.287      -0.165       0.317

 S4         ON
    A                  0.105       0.097      0.140      -0.091       0.293

 S5         ON
    A                 -0.096       0.364      0.395      -0.772       0.688

 S6         ON
    A                 -0.488       0.266      0.031      -1.031       0.020

 S7         ON
    A                  0.940       1.267      0.219      -1.372       3.629

 S8         ON
    A                 -0.824       0.502      0.070      -1.667       0.304

 AB         ON
    A                  0.249       0.066      0.000       0.122       0.380      *

 AB       WITH
    S1                -0.091       0.052      0.039      -0.195       0.009
    S2                 0.056       0.095      0.275      -0.132       0.240
    S3                 0.021       0.066      0.368      -0.109       0.152
    S4                -0.076       0.050      0.065      -0.172       0.024
    S5                 0.068       0.186      0.357      -0.285       0.441
    S6                 0.244       0.119      0.014       0.025       0.491      *
    S7                 0.054       0.574      0.463      -1.028       1.241
    S8                 0.389       0.260      0.064      -0.099       0.918

 S1       WITH
    S2                 0.164       0.093      0.019       0.007       0.364      *
    S3                 0.035       0.062      0.278      -0.091       0.159
    S4                 0.052       0.052      0.117      -0.031       0.175
    S5                -0.056       0.156      0.357      -0.378       0.234
    S6                 0.015       0.104      0.445      -0.195       0.216
    S7                 0.175       0.355      0.314      -0.542       0.862
    S8                -0.151       0.223      0.260      -0.618       0.261

 S2       WITH
    S3                 0.089       0.096      0.153      -0.071       0.292
    S4                 0.077       0.082      0.155      -0.062       0.260
    S5                -0.162       0.276      0.273      -0.716       0.377
    S6                -0.046       0.166      0.394      -0.393       0.266
    S7                 0.480       0.577      0.159      -0.459       1.899
    S8                 0.029       0.288      0.455      -0.476       0.692

 S3       WITH
    S4                 0.087       0.070      0.100      -0.040       0.228
    S5                -0.035       0.204      0.434      -0.375       0.420
    S6                 0.072       0.133      0.275      -0.183       0.340
    S7                 0.406       0.458      0.153      -0.303       1.473
    S8                -0.207       0.308      0.244      -0.868       0.347

 S4       WITH
    S5                -0.005       0.139      0.484      -0.279       0.278
    S6                 0.086       0.104      0.178      -0.085       0.331
    S7                 0.123       0.313      0.349      -0.497       0.724
    S8                -0.048       0.213      0.412      -0.449       0.387

 S5       WITH
    S6                 0.481       0.380      0.062      -0.178       1.327
    S7                 0.024       1.153      0.491      -2.528       2.124
    S8                 0.257       0.626      0.319      -0.958       1.574

 S6       WITH
    S7                 0.233       0.791      0.380      -1.311       1.815
    S8                 0.130       0.493      0.387      -0.757       1.168

 S7       WITH
    S8                -0.162       1.451      0.450      -3.168       2.726

 Intercepts
    AB                 0.909       0.039      0.000       0.834       0.985      *
    S1                -0.168       0.059      0.001      -0.292      -0.056      *
    S2                -0.196       0.104      0.028      -0.396       0.005
    S3                -0.264       0.077      0.000      -0.426      -0.123      *
    S4                -0.260       0.058      0.000      -0.384      -0.157      *
    S5                 0.054       0.217      0.405      -0.368       0.480
    S6                 0.254       0.138      0.028      -0.005       0.530
    S7                -0.066       0.648      0.462      -1.368       1.141
    S8                 0.290       0.271      0.136      -0.237       0.848

 Residual Variances
    AB                 0.719       0.053      0.000       0.625       0.831      *
    S1                 0.214       0.066      0.000       0.117       0.372      *
    S2                 0.476       0.166      0.000       0.241       0.878      *
    S3                 0.279       0.112      0.000       0.084       0.524      *
    S4                 0.146       0.058      0.000       0.066       0.294      *
    S5                 1.609       0.662      0.000       0.582       3.168      *
    S6                 0.914       0.341      0.000       0.394       1.698      *
    S7                 7.956       4.493      0.000       2.760      20.044      *
    S8                 2.880       1.221      0.000       1.270       5.971      *


STANDARDIZED MODEL RESULTS


STDYX Standardization

                                Posterior  One-Tailed         95% C.I.
                    Estimate       S.D.      P-Value   Lower 2.5%  Upper 2.5%  Significance

Within-Level Standardized Estimates Averaged Over Clusters

 S1 | AB ON
    TCE               -0.035       0.011      0.001      -0.056      -0.014      *

 S2 | AB ON
    SN                -0.018       0.008      0.009      -0.035      -0.003      *

 S3 | AB ON
    FAMILY            -0.036       0.009      0.000      -0.055      -0.019      *

 S4 | AB ON
    WEAK_TIES         -0.064       0.013      0.000      -0.092      -0.039      *

 S5 | AB ON
    TXF                0.001       0.006      0.447      -0.010       0.011

 S6 | AB ON
    TXW                0.013       0.008      0.049      -0.002       0.028

 S7 | AB ON
    SXF               -0.002       0.004      0.294      -0.009       0.005

 S8 | AB ON
    SXW                0.006       0.005      0.089      -0.003       0.016

 AB         ON
    WEEKEND            0.047       0.009      0.000       0.029       0.063      *

 Residual Variances
    AB                 0.922       0.005      0.000       0.911       0.932      *

Between Level

 S1         ON
    A                  0.125       0.084      0.061      -0.031       0.299

 S2         ON
    A                  0.149       0.107      0.090      -0.075       0.350

 S3         ON
    A                  0.056       0.100      0.287      -0.124       0.269

 S4         ON
    A                  0.109       0.105      0.140      -0.088       0.327

 S5         ON
    A                 -0.030       0.120      0.395      -0.283       0.211

 S6         ON
    A                 -0.200       0.108      0.031      -0.411       0.009

 S7         ON
    A                  0.131       0.164      0.219      -0.211       0.422

 S8         ON
    A                 -0.192       0.124      0.070      -0.428       0.065

 AB         ON
    A                  0.117       0.031      0.000       0.057       0.176      *

 AB       WITH
    S1                -0.232       0.133      0.039      -0.506       0.023
    S2                 0.096       0.162      0.275      -0.219       0.406
    S3                 0.048       0.150      0.368      -0.244       0.351
    S4                -0.236       0.152      0.065      -0.531       0.072
    S5                 0.063       0.174      0.357      -0.288       0.386
    S6                 0.307       0.139      0.014       0.032       0.576      *
    S7                 0.024       0.225      0.463      -0.425       0.439
    S8                 0.277       0.165      0.064      -0.072       0.571

 S1       WITH
    S2                 0.527       0.211      0.019       0.026       0.836      *
    S3                 0.151       0.256      0.278      -0.380       0.627
    S4                 0.301       0.238      0.117      -0.217       0.722
    S5                -0.097       0.257      0.357      -0.597       0.398
    S6                 0.036       0.227      0.445      -0.422       0.454
    S7                 0.134       0.260      0.314      -0.397       0.598
    S8                -0.192       0.267      0.260      -0.657       0.385

 S2       WITH
    S3                 0.268       0.234      0.153      -0.212       0.650
    S4                 0.303       0.269      0.155      -0.338       0.742
    S5                -0.198       0.292      0.273      -0.681       0.440
    S6                -0.073       0.241      0.394      -0.506       0.413
    S7                 0.261       0.251      0.159      -0.245       0.718
    S8                 0.027       0.222      0.455      -0.409       0.454

 S3       WITH
    S4                 0.460       0.296      0.100      -0.272       0.837
    S5                -0.056       0.305      0.434      -0.646       0.512
    S6                 0.156       0.259      0.275      -0.361       0.677
    S7                 0.294       0.257      0.153      -0.240       0.711
    S8                -0.253       0.309      0.244      -0.737       0.370

 S4       WITH
    S5                -0.012       0.267      0.484      -0.547       0.489
    S6                 0.250       0.246      0.178      -0.265       0.700
    S7                 0.116       0.269      0.349      -0.413       0.606
    S8                -0.080       0.305      0.412      -0.645       0.495

 S5       WITH
    S6                 0.419       0.241      0.062      -0.183       0.763
    S7                 0.007       0.305      0.491      -0.608       0.595
    S8                 0.131       0.265      0.319      -0.437       0.618

 S6       WITH
    S7                 0.090       0.265      0.380      -0.423       0.564
    S8                 0.086       0.290      0.387      -0.532       0.613

 S7       WITH
    S8                -0.035       0.270      0.450      -0.533       0.537

 Intercepts
    AB                 1.065       0.060      0.000       0.948       1.181      *
    S1                -0.358       0.134      0.001      -0.645      -0.117      *
    S2                -0.277       0.160      0.028      -0.612       0.006
    S3                -0.509       0.190      0.000      -0.972      -0.215      *
    S4                -0.672       0.194      0.000      -1.124      -0.365      *
    S5                 0.042       0.176      0.405      -0.296       0.398
    S6                 0.261       0.149      0.028      -0.005       0.566
    S7                -0.022       0.227      0.462      -0.461       0.411
    S8                 0.167       0.163      0.136      -0.133       0.523

 Residual Variances
    AB                 0.986       0.007      0.000       0.969       0.997      *
    S1                 0.984       0.024      0.000       0.911       1.000      *
    S2                 0.978       0.034      0.000       0.877       1.000      *
    S3                 0.994       0.020      0.000       0.927       1.000      *
    S4                 0.987       0.031      0.000       0.893       1.000      *
    S5                 0.994       0.024      0.000       0.911       1.000      *
    S6                 0.960       0.046      0.000       0.831       1.000      *
    S7                 0.976       0.051      0.000       0.822       1.000      *
    S8                 0.963       0.049      0.000       0.817       1.000      *


STDY Standardization

                                Posterior  One-Tailed         95% C.I.
                    Estimate       S.D.      P-Value   Lower 2.5%  Upper 2.5%  Significance

Within-Level Standardized Estimates Averaged Over Clusters

 S1 | AB ON
    TCE               -0.177       0.052      0.000      -0.272      -0.067      *

 S2 | AB ON
    SN                -0.188       0.106      0.029      -0.402       0.005

 S3 | AB ON
    FAMILY            -0.269       0.070      0.000      -0.426      -0.149      *

 S4 | AB ON
    WEAK_TIES         -0.264       0.055      0.000      -0.376      -0.159      *

 S5 | AB ON
    TXF                0.051       0.215      0.414      -0.379       0.464

 S6 | AB ON
    TXW                0.269       0.141      0.021       0.008       0.547      *

 S7 | AB ON
    SXF               -0.063       0.537      0.454      -1.121       0.872

 S8 | AB ON
    SXW                0.262       0.257      0.161      -0.259       0.759

 AB         ON
    WEEKEND            0.213       0.039      0.000       0.131       0.287      *

 Residual Variances
    AB                 0.922       0.005      0.000       0.911       0.932      *

Between Level

 S1         ON
    A                  0.313       0.209      0.061      -0.077       0.748

 S2         ON
    A                  0.372       0.268      0.090      -0.188       0.876

 S3         ON
    A                  0.141       0.251      0.287      -0.311       0.672

 S4         ON
    A                  0.272       0.262      0.140      -0.220       0.819

 S5         ON
    A                 -0.074       0.299      0.395      -0.707       0.527

 S6         ON
    A                 -0.501       0.269      0.031      -1.029       0.023

 S7         ON
    A                  0.327       0.410      0.219      -0.528       1.055

 S8         ON
    A                 -0.480       0.311      0.070      -1.070       0.163

 AB         ON
    A                  0.292       0.077      0.000       0.142       0.442      *

 AB       WITH
    S1                -0.232       0.133      0.039      -0.506       0.023
    S2                 0.096       0.162      0.275      -0.219       0.406
    S3                 0.048       0.150      0.368      -0.244       0.351
    S4                -0.236       0.152      0.065      -0.531       0.072
    S5                 0.063       0.174      0.357      -0.288       0.386
    S6                 0.307       0.139      0.014       0.032       0.576      *
    S7                 0.024       0.225      0.463      -0.425       0.439
    S8                 0.277       0.165      0.064      -0.072       0.571

 S1       WITH
    S2                 0.527       0.211      0.019       0.026       0.836      *
    S3                 0.151       0.256      0.278      -0.380       0.627
    S4                 0.301       0.238      0.117      -0.217       0.722
    S5                -0.097       0.257      0.357      -0.597       0.398
    S6                 0.036       0.227      0.445      -0.422       0.454
    S7                 0.134       0.260      0.314      -0.397       0.598
    S8                -0.192       0.267      0.260      -0.657       0.385

 S2       WITH
    S3                 0.268       0.234      0.153      -0.212       0.650
    S4                 0.303       0.269      0.155      -0.338       0.742
    S5                -0.198       0.292      0.273      -0.681       0.440
    S6                -0.073       0.241      0.394      -0.506       0.413
    S7                 0.261       0.251      0.159      -0.245       0.718
    S8                 0.027       0.222      0.455      -0.409       0.454

 S3       WITH
    S4                 0.460       0.296      0.100      -0.272       0.837
    S5                -0.056       0.305      0.434      -0.646       0.512
    S6                 0.156       0.259      0.275      -0.361       0.677
    S7                 0.294       0.257      0.153      -0.240       0.711
    S8                -0.253       0.309      0.244      -0.737       0.370

 S4       WITH
    S5                -0.012       0.267      0.484      -0.547       0.489
    S6                 0.250       0.246      0.178      -0.265       0.700
    S7                 0.116       0.269      0.349      -0.413       0.606
    S8                -0.080       0.305      0.412      -0.645       0.495

 S5       WITH
    S6                 0.419       0.241      0.062      -0.183       0.763
    S7                 0.007       0.305      0.491      -0.608       0.595
    S8                 0.131       0.265      0.319      -0.437       0.618

 S6       WITH
    S7                 0.090       0.265      0.380      -0.423       0.564
    S8                 0.086       0.290      0.387      -0.532       0.613

 S7       WITH
    S8                -0.035       0.270      0.450      -0.533       0.537

 Intercepts
    AB                 1.065       0.060      0.000       0.948       1.181      *
    S1                -0.358       0.134      0.001      -0.645      -0.117      *
    S2                -0.277       0.160      0.028      -0.612       0.006
    S3                -0.509       0.190      0.000      -0.972      -0.215      *
    S4                -0.672       0.194      0.000      -1.124      -0.365      *
    S5                 0.042       0.176      0.405      -0.296       0.398
    S6                 0.261       0.149      0.028      -0.005       0.566
    S7                -0.022       0.227      0.462      -0.461       0.411
    S8                 0.167       0.163      0.136      -0.133       0.523

 Residual Variances
    AB                 0.986       0.007      0.000       0.969       0.997      *
    S1                 0.984       0.024      0.000       0.911       1.000      *
    S2                 0.978       0.034      0.000       0.877       1.000      *
    S3                 0.994       0.020      0.000       0.927       1.000      *
    S4                 0.987       0.031      0.000       0.893       1.000      *
    S5                 0.994       0.024      0.000       0.911       1.000      *
    S6                 0.960       0.046      0.000       0.831       1.000      *
    S7                 0.976       0.051      0.000       0.822       1.000      *
    S8                 0.963       0.049      0.000       0.817       1.000      *


R-SQUARE

Within-Level R-Square Averaged Across Clusters

                                Posterior  One-Tailed         95% C.I.
    Variable        Estimate       S.D.      P-Value   Lower 2.5%  Upper 2.5%

    AB                 0.078       0.005      0.000       0.068       0.089

Between Level

                                Posterior  One-Tailed         95% C.I.
    Variable        Estimate       S.D.      P-Value   Lower 2.5%  Upper 2.5%

    AB                 0.014       0.007      0.000       0.003       0.031

                                Posterior  One-Tailed         95% C.I.
    Variable        Estimate       S.D.      P-Value   Lower 2.5%  Upper 2.5%

    S1                 0.016       0.024      0.000       0.000       0.089
    S2                 0.022       0.034      0.000       0.000       0.122
    S3                 0.006       0.020      0.000       0.000       0.073
    S4                 0.013       0.031      0.000       0.000       0.107
    S5                 0.006       0.024      0.000       0.000       0.089
    S6                 0.040       0.046      0.000       0.000       0.169
    S7                 0.024       0.051      0.000       0.000       0.178
    S8                 0.037       0.049      0.000       0.000       0.183


TECHNICAL 1 OUTPUT


     PARAMETER SPECIFICATION FOR WITHIN


           NU
              AB            TCE           SN            FAMILY        WEAK_TIE
              ________      ________      ________      ________      ________
                    0             0             0             0             0


           NU
              WEEKEND       TXF           TXW           SXF           SXW
              ________      ________      ________      ________      ________
                    0             0             0             0             0


           LAMBDA
              AB            TCE           SN            FAMILY        WEAK_TIE
              ________      ________      ________      ________      ________
 AB                 0             0             0             0             0
 TCE                0             0             0             0             0
 SN                 0             0             0             0             0
 FAMILY             0             0             0             0             0
 WEAK_TIE           0             0             0             0             0
 WEEKEND            0             0             0             0             0
 TXF                0             0             0             0             0
 TXW                0             0             0             0             0
 SXF                0             0             0             0             0
 SXW                0             0             0             0             0


           LAMBDA
              WEEKEND       TXF           TXW           SXF           SXW
              ________      ________      ________      ________      ________
 AB                 0             0             0             0             0
 TCE                0             0             0             0             0
 SN                 0             0             0             0             0
 FAMILY             0             0             0             0             0
 WEAK_TIE           0             0             0             0             0
 WEEKEND            0             0             0             0             0
 TXF                0             0             0             0             0
 TXW                0             0             0             0             0
 SXF                0             0             0             0             0
 SXW                0             0             0             0             0


           THETA
              AB            TCE           SN            FAMILY        WEAK_TIE
              ________      ________      ________      ________      ________
 AB                 0
 TCE                0             0
 SN                 0             0             0
 FAMILY             0             0             0             0
 WEAK_TIE           0             0             0             0             0
 WEEKEND            0             0             0             0             0
 TXF                0             0             0             0             0
 TXW                0             0             0             0             0
 SXF                0             0             0             0             0
 SXW                0             0             0             0             0


           THETA
              WEEKEND       TXF           TXW           SXF           SXW
              ________      ________      ________      ________      ________
 WEEKEND            0
 TXF                0             0
 TXW                0             0             0
 SXF                0             0             0             0
 SXW                0             0             0             0             0


           ALPHA
              AB            TCE           SN            FAMILY        WEAK_TIE
              ________      ________      ________      ________      ________
                    0             0             0             0             0


           ALPHA
              WEEKEND       TXF           TXW           SXF           SXW
              ________      ________      ________      ________      ________
                    0             0             0             0             0


           BETA
              AB            TCE           SN            FAMILY        WEAK_TIE
              ________      ________      ________      ________      ________
 AB                 0             0             0             0             0
 TCE                0             0             0             0             0
 SN                 0             0             0             0             0
 FAMILY             0             0             0             0             0
 WEAK_TIE           0             0             0             0             0
 WEEKEND            0             0             0             0             0
 TXF                0             0             0             0             0
 TXW                0             0             0             0             0
 SXF                0             0             0             0             0
 SXW                0             0             0             0             0


           BETA
              WEEKEND       TXF           TXW           SXF           SXW
              ________      ________      ________      ________      ________
 AB                 1             0             0             0             0
 TCE                0             0             0             0             0
 SN                 0             0             0             0             0
 FAMILY             0             0             0             0             0
 WEAK_TIE           0             0             0             0             0
 WEEKEND            0             0             0             0             0
 TXF                0             0             0             0             0
 TXW                0             0             0             0             0
 SXF                0             0             0             0             0
 SXW                0             0             0             0             0


           PSI
              AB            TCE           SN            FAMILY        WEAK_TIE
              ________      ________      ________      ________      ________
 AB                 2
 TCE                0             0
 SN                 0             0             0
 FAMILY             0             0             0             0
 WEAK_TIE           0             0             0             0             0
 WEEKEND            0             0             0             0             0
 TXF                0             0             0             0             0
 TXW                0             0             0             0             0
 SXF                0             0             0             0             0
 SXW                0             0             0             0             0


           PSI
              WEEKEND       TXF           TXW           SXF           SXW
              ________      ________      ________      ________      ________
 WEEKEND            0
 TXF                0             0
 TXW                0             0             0
 SXF                0             0             0             0
 SXW                0             0             0             0             0


     PARAMETER SPECIFICATION FOR BETWEEN


           NU
              AB            A
              ________      ________
                    0             0


           LAMBDA
              S1            S2            S3            S4            S5
              ________      ________      ________      ________      ________
 AB                 0             0             0             0             0
 A                  0             0             0             0             0


           LAMBDA
              S6            S7            S8            AB            A
              ________      ________      ________      ________      ________
 AB                 0             0             0             0             0
 A                  0             0             0             0             0


           THETA
              AB            A
              ________      ________
 AB                 0
 A                  0             0


           ALPHA
              S1            S2            S3            S4            S5
              ________      ________      ________      ________      ________
                    3             4             5             6             7


           ALPHA
              S6            S7            S8            AB            A
              ________      ________      ________      ________      ________
                    8             9            10            11             0


           BETA
              S1            S2            S3            S4            S5
              ________      ________      ________      ________      ________
 S1                 0             0             0             0             0
 S2                 0             0             0             0             0
 S3                 0             0             0             0             0
 S4                 0             0             0             0             0
 S5                 0             0             0             0             0
 S6                 0             0             0             0             0
 S7                 0             0             0             0             0
 S8                 0             0             0             0             0
 AB                 0             0             0             0             0
 A                  0             0             0             0             0


           BETA
              S6            S7            S8            AB            A
              ________      ________      ________      ________      ________
 S1                 0             0             0             0            12
 S2                 0             0             0             0            13
 S3                 0             0             0             0            14
 S4                 0             0             0             0            15
 S5                 0             0             0             0            16
 S6                 0             0             0             0            17
 S7                 0             0             0             0            18
 S8                 0             0             0             0            19
 AB                 0             0             0             0            20
 A                  0             0             0             0             0


           PSI
              S1            S2            S3            S4            S5
              ________      ________      ________      ________      ________
 S1                21
 S2                22            23
 S3                24            25            26
 S4                27            28            29            30
 S5                31            32            33            34            35
 S6                36            37            38            39            40
 S7                42            43            44            45            46
 S8                49            50            51            52            53
 AB                57            58            59            60            61
 A                  0             0             0             0             0


           PSI
              S6            S7            S8            AB            A
              ________      ________      ________      ________      ________
 S6                41
 S7                47            48
 S8                54            55            56
 AB                62            63            64            65
 A                  0             0             0             0             0


     STARTING VALUES FOR WITHIN


           NU
              AB            TCE           SN            FAMILY        WEAK_TIE
              ________      ________      ________      ________      ________
                0.000         0.000         0.000         0.000         0.000


           NU
              WEEKEND       TXF           TXW           SXF           SXW
              ________      ________      ________      ________      ________
                0.000         0.000         0.000         0.000         0.000


           LAMBDA
              AB            TCE           SN            FAMILY        WEAK_TIE
              ________      ________      ________      ________      ________
 AB             1.000         0.000         0.000         0.000         0.000
 TCE            0.000         1.000         0.000         0.000         0.000
 SN             0.000         0.000         1.000         0.000         0.000
 FAMILY         0.000         0.000         0.000         1.000         0.000
 WEAK_TIE       0.000         0.000         0.000         0.000         1.000
 WEEKEND        0.000         0.000         0.000         0.000         0.000
 TXF            0.000         0.000         0.000         0.000         0.000
 TXW            0.000         0.000         0.000         0.000         0.000
 SXF            0.000         0.000         0.000         0.000         0.000
 SXW            0.000         0.000         0.000         0.000         0.000


           LAMBDA
              WEEKEND       TXF           TXW           SXF           SXW
              ________      ________      ________      ________      ________
 AB             0.000         0.000         0.000         0.000         0.000
 TCE            0.000         0.000         0.000         0.000         0.000
 SN             0.000         0.000         0.000         0.000         0.000
 FAMILY         0.000         0.000         0.000         0.000         0.000
 WEAK_TIE       0.000         0.000         0.000         0.000         0.000
 WEEKEND        1.000         0.000         0.000         0.000         0.000
 TXF            0.000         1.000         0.000         0.000         0.000
 TXW            0.000         0.000         1.000         0.000         0.000
 SXF            0.000         0.000         0.000         1.000         0.000
 SXW            0.000         0.000         0.000         0.000         1.000


           THETA
              AB            TCE           SN            FAMILY        WEAK_TIE
              ________      ________      ________      ________      ________
 AB             0.000
 TCE            0.000         0.000
 SN             0.000         0.000         0.000
 FAMILY         0.000         0.000         0.000         0.000
 WEAK_TIE       0.000         0.000         0.000         0.000         0.000
 WEEKEND        0.000         0.000         0.000         0.000         0.000
 TXF            0.000         0.000         0.000         0.000         0.000
 TXW            0.000         0.000         0.000         0.000         0.000
 SXF            0.000         0.000         0.000         0.000         0.000
 SXW            0.000         0.000         0.000         0.000         0.000


           THETA
              WEEKEND       TXF           TXW           SXF           SXW
              ________      ________      ________      ________      ________
 WEEKEND        0.000
 TXF            0.000         0.000
 TXW            0.000         0.000         0.000
 SXF            0.000         0.000         0.000         0.000
 SXW            0.000         0.000         0.000         0.000         0.000


           ALPHA
              AB            TCE           SN            FAMILY        WEAK_TIE
              ________      ________      ________      ________      ________
                0.000         0.000         0.000         0.000         0.000


           ALPHA
              WEEKEND       TXF           TXW           SXF           SXW
              ________      ________      ________      ________      ________
                0.000         0.000         0.000         0.000         0.000


           BETA
              AB            TCE           SN            FAMILY        WEAK_TIE
              ________      ________      ________      ________      ________
 AB             0.000         0.000         0.000         0.000         0.000
 TCE            0.000         0.000         0.000         0.000         0.000
 SN             0.000         0.000         0.000         0.000         0.000
 FAMILY         0.000         0.000         0.000         0.000         0.000
 WEAK_TIE       0.000         0.000         0.000         0.000         0.000
 WEEKEND        0.000         0.000         0.000         0.000         0.000
 TXF            0.000         0.000         0.000         0.000         0.000
 TXW            0.000         0.000         0.000         0.000         0.000
 SXF            0.000         0.000         0.000         0.000         0.000
 SXW            0.000         0.000         0.000         0.000         0.000


           BETA
              WEEKEND       TXF           TXW           SXF           SXW
              ________      ________      ________      ________      ________
 AB             0.000         0.000         0.000         0.000         0.000
 TCE            0.000         0.000         0.000         0.000         0.000
 SN             0.000         0.000         0.000         0.000         0.000
 FAMILY         0.000         0.000         0.000         0.000         0.000
 WEAK_TIE       0.000         0.000         0.000         0.000         0.000
 WEEKEND        0.000         0.000         0.000         0.000         0.000
 TXF            0.000         0.000         0.000         0.000         0.000
 TXW            0.000         0.000         0.000         0.000         0.000
 SXF            0.000         0.000         0.000         0.000         0.000
 SXW            0.000         0.000         0.000         0.000         0.000


           PSI
              AB            TCE           SN            FAMILY        WEAK_TIE
              ________      ________      ________      ________      ________
 AB             0.850
 TCE            0.000         0.060
 SN             0.000         0.000         0.021
 FAMILY         0.000         0.000         0.000         0.032
 WEAK_TIE       0.000         0.000         0.000         0.000         0.064
 WEEKEND        0.000         0.000         0.000         0.000         0.000
 TXF            0.000         0.000         0.000         0.000         0.000
 TXW            0.000         0.000         0.000         0.000         0.000
 SXF            0.000         0.000         0.000         0.000         0.000
 SXW            0.000         0.000         0.000         0.000         0.000


           PSI
              WEEKEND       TXF           TXW           SXF           SXW
              ________      ________      ________      ________      ________
 WEEKEND        0.076
 TXF            0.000         0.004
 TXW            0.000         0.000         0.011
 SXF            0.000         0.000         0.000         0.001
 SXW            0.000         0.000         0.000         0.000         0.003


     STARTING VALUES FOR BETWEEN


           NU
              AB            A
              ________      ________
                0.000         0.000


           LAMBDA
              S1            S2            S3            S4            S5
              ________      ________      ________      ________      ________
 AB             0.000         0.000         0.000         0.000         0.000
 A              0.000         0.000         0.000         0.000         0.000


           LAMBDA
              S6            S7            S8            AB            A
              ________      ________      ________      ________      ________
 AB             0.000         0.000         0.000         1.000         0.000
 A              0.000         0.000         0.000         0.000         1.000


           THETA
              AB            A
              ________      ________
 AB             0.000
 A              0.000         0.000


           ALPHA
              S1            S2            S3            S4            S5
              ________      ________      ________      ________      ________
                0.000         0.000         0.000         0.000         0.000


           ALPHA
              S6            S7            S8            AB            A
              ________      ________      ________      ________      ________
                0.000         0.000         0.000         0.903         0.000


           BETA
              S1            S2            S3            S4            S5
              ________      ________      ________      ________      ________
 S1             0.000         0.000         0.000         0.000         0.000
 S2             0.000         0.000         0.000         0.000         0.000
 S3             0.000         0.000         0.000         0.000         0.000
 S4             0.000         0.000         0.000         0.000         0.000
 S5             0.000         0.000         0.000         0.000         0.000
 S6             0.000         0.000         0.000         0.000         0.000
 S7             0.000         0.000         0.000         0.000         0.000
 S8             0.000         0.000         0.000         0.000         0.000
 AB             0.000         0.000         0.000         0.000         0.000
 A              0.000         0.000         0.000         0.000         0.000


           BETA
              S6            S7            S8            AB            A
              ________      ________      ________      ________      ________
 S1             0.000         0.000         0.000         0.000         0.000
 S2             0.000         0.000         0.000         0.000         0.000
 S3             0.000         0.000         0.000         0.000         0.000
 S4             0.000         0.000         0.000         0.000         0.000
 S5             0.000         0.000         0.000         0.000         0.000
 S6             0.000         0.000         0.000         0.000         0.000
 S7             0.000         0.000         0.000         0.000         0.000
 S8             0.000         0.000         0.000         0.000         0.000
 AB             0.000         0.000         0.000         0.000         0.000
 A              0.000         0.000         0.000         0.000         0.000


           PSI
              S1            S2            S3            S4            S5
              ________      ________      ________      ________      ________
 S1             1.000
 S2             0.000         1.000
 S3             0.000         0.000         1.000
 S4             0.000         0.000         0.000         1.000
 S5             0.000         0.000         0.000         0.000         1.000
 S6             0.000         0.000         0.000         0.000         0.000
 S7             0.000         0.000         0.000         0.000         0.000
 S8             0.000         0.000         0.000         0.000         0.000
 AB             0.000         0.000         0.000         0.000         0.000
 A              0.000         0.000         0.000         0.000         0.000


           PSI
              S6            S7            S8            AB            A
              ________      ________      ________      ________      ________
 S6             1.000
 S7             0.000         1.000
 S8             0.000         0.000         1.000
 AB             0.000         0.000         0.000         0.850
 A              0.000         0.000         0.000         0.000         0.160



     PRIORS FOR ALL PARAMETERS            PRIOR MEAN      PRIOR VARIANCE     PRIOR STD. DEV.

     Parameter 1~N(0.000,infinity)           0.0000            infinity            infinity
     Parameter 2~IG(-1.000,0.000)          infinity            infinity            infinity
     Parameter 3~N(0.000,infinity)           0.0000            infinity            infinity
     Parameter 4~N(0.000,infinity)           0.0000            infinity            infinity
     Parameter 5~N(0.000,infinity)           0.0000            infinity            infinity
     Parameter 6~N(0.000,infinity)           0.0000            infinity            infinity
     Parameter 7~N(0.000,infinity)           0.0000            infinity            infinity
     Parameter 8~N(0.000,infinity)           0.0000            infinity            infinity
     Parameter 9~N(0.000,infinity)           0.0000            infinity            infinity
     Parameter 10~N(0.000,infinity)          0.0000            infinity            infinity
     Parameter 11~N(0.000,infinity)          0.0000            infinity            infinity
     Parameter 12~N(0.000,infinity)          0.0000            infinity            infinity
     Parameter 13~N(0.000,infinity)          0.0000            infinity            infinity
     Parameter 14~N(0.000,infinity)          0.0000            infinity            infinity
     Parameter 15~N(0.000,infinity)          0.0000            infinity            infinity
     Parameter 16~N(0.000,infinity)          0.0000            infinity            infinity
     Parameter 17~N(0.000,infinity)          0.0000            infinity            infinity
     Parameter 18~N(0.000,infinity)          0.0000            infinity            infinity
     Parameter 19~N(0.000,infinity)          0.0000            infinity            infinity
     Parameter 20~N(0.000,infinity)          0.0000            infinity            infinity
     Parameter 21~IW(0.000,-10)            infinity            infinity            infinity
     Parameter 22~IW(0.000,-10)            infinity            infinity            infinity
     Parameter 23~IW(0.000,-10)            infinity            infinity            infinity
     Parameter 24~IW(0.000,-10)            infinity            infinity            infinity
     Parameter 25~IW(0.000,-10)            infinity            infinity            infinity
     Parameter 26~IW(0.000,-10)            infinity            infinity            infinity
     Parameter 27~IW(0.000,-10)            infinity            infinity            infinity
     Parameter 28~IW(0.000,-10)            infinity            infinity            infinity
     Parameter 29~IW(0.000,-10)            infinity            infinity            infinity
     Parameter 30~IW(0.000,-10)            infinity            infinity            infinity
     Parameter 31~IW(0.000,-10)            infinity            infinity            infinity
     Parameter 32~IW(0.000,-10)            infinity            infinity            infinity
     Parameter 33~IW(0.000,-10)            infinity            infinity            infinity
     Parameter 34~IW(0.000,-10)            infinity            infinity            infinity
     Parameter 35~IW(0.000,-10)            infinity            infinity            infinity
     Parameter 36~IW(0.000,-10)            infinity            infinity            infinity
     Parameter 37~IW(0.000,-10)            infinity            infinity            infinity
     Parameter 38~IW(0.000,-10)            infinity            infinity            infinity
     Parameter 39~IW(0.000,-10)            infinity            infinity            infinity
     Parameter 40~IW(0.000,-10)            infinity            infinity            infinity
     Parameter 41~IW(0.000,-10)            infinity            infinity            infinity
     Parameter 42~IW(0.000,-10)            infinity            infinity            infinity
     Parameter 43~IW(0.000,-10)            infinity            infinity            infinity
     Parameter 44~IW(0.000,-10)            infinity            infinity            infinity
     Parameter 45~IW(0.000,-10)            infinity            infinity            infinity
     Parameter 46~IW(0.000,-10)            infinity            infinity            infinity
     Parameter 47~IW(0.000,-10)            infinity            infinity            infinity
     Parameter 48~IW(0.000,-10)            infinity            infinity            infinity
     Parameter 49~IW(0.000,-10)            infinity            infinity            infinity
     Parameter 50~IW(0.000,-10)            infinity            infinity            infinity
     Parameter 51~IW(0.000,-10)            infinity            infinity            infinity
     Parameter 52~IW(0.000,-10)            infinity            infinity            infinity
     Parameter 53~IW(0.000,-10)            infinity            infinity            infinity
     Parameter 54~IW(0.000,-10)            infinity            infinity            infinity
     Parameter 55~IW(0.000,-10)            infinity            infinity            infinity
     Parameter 56~IW(0.000,-10)            infinity            infinity            infinity
     Parameter 57~IW(0.000,-10)            infinity            infinity            infinity
     Parameter 58~IW(0.000,-10)            infinity            infinity            infinity
     Parameter 59~IW(0.000,-10)            infinity            infinity            infinity
     Parameter 60~IW(0.000,-10)            infinity            infinity            infinity
     Parameter 61~IW(0.000,-10)            infinity            infinity            infinity
     Parameter 62~IW(0.000,-10)            infinity            infinity            infinity
     Parameter 63~IW(0.000,-10)            infinity            infinity            infinity
     Parameter 64~IW(0.000,-10)            infinity            infinity            infinity
     Parameter 65~IW(0.000,-10)            infinity            infinity            infinity


TECHNICAL 8 OUTPUT


   TECHNICAL 8 OUTPUT FOR BAYES ESTIMATION

     CHAIN    BSEED
     1        0
     2        285380

                     POTENTIAL       PARAMETER WITH
     ITERATION    SCALE REDUCTION      HIGHEST PSR
     100              5.656               53
     200              3.081               28
     300              3.543               47
     400              3.244               54
     500              2.595               32
     600              2.677               32
     700              2.813               32
     800              2.938               32
     900              2.954               32
     1000             3.265               32
     1100             2.770               32
     1200             2.671               32
     1300             2.895               32
     1400             2.999               32
     1500             2.806               32
     1600             2.725               32
     1700             2.564               32
     1800             2.486               32
     1900             2.384               32
     2000             2.361               32
     2100             2.305               32
     2200             2.367               32
     2300             2.364               32
     2400             2.041               32
     2500             1.850               32
     2600             1.730               32
     2700             1.684               32
     2800             1.613               32
     2900             1.540               32
     3000             1.562               32
     3100             1.578               32
     3200             1.529               32
     3300             1.538               40
     3400             1.566               40
     3500             1.546               40
     3600             1.584               40
     3700             1.614               40
     3800             1.562               40
     3900             1.575               40
     4000             1.579               40
     4100             1.528               40
     4200             1.468               40
     4300             1.445               40
     4400             1.450               40
     4500             1.476               40
     4600             1.454               40
     4700             1.428               50
     4800             1.411               50
     4900             1.376               50
     5000             1.365               50
     5100             1.339               51
     5200             1.357               51
     5300             1.348               51
     5400             1.365               52
     5500             1.374               52
     5600             1.361               52
     5700             1.371               52
     5800             1.419               52
     5900             1.438               52
     6000             1.457               52
     6100             1.500               52
     6200             1.524               52
     6300             1.546               52
     6400             1.546               52
     6500             1.516               52
     6600             1.485               52
     6700             1.491               52
     6800             1.507               52
     6900             1.519               52
     7000             1.519               52
     7100             1.452               52
     7200             1.414               52
     7300             1.384               52
     7400             1.351               52
     7500             1.316               52
     7600             1.293               52
     7700             1.287               52
     7800             1.304               52
     7900             1.292               52
     8000             1.269               48
     8100             1.272               48
     8200             1.253               48
     8300             1.244               48
     8400             1.237               48
     8500             1.229               48
     8600             1.216               53
     8700             1.228               53
     8800             1.222               53
     8900             1.203               53
     9000             1.167               48
     9100             1.166               52
     9200             1.187               52
     9300             1.205               52
     9400             1.214               52
     9500             1.202               52
     9600             1.191               52
     9700             1.168               52
     9800             1.159               52
     9900             1.133               52
     10000            1.117               52
     10100            1.112               52
     10200            1.109               52
     10300            1.104               52
     10400            1.099               52
     10500            1.102               48
     10600            1.105               48
     10700            1.101               48
     10800            1.091               48


     Beginning Time:  23:27:44
        Ending Time:  23:38:09
       Elapsed Time:  00:10:25



MUTHEN & MUTHEN
3463 Stoner Ave.
Los Angeles, CA  90066

Tel: (310) 391-9971
Fax: (310) 391-8971
Web: www.StatModel.com
Support: Support@StatModel.com

Copyright (c) 1998-2020 Muthen & Muthen
