Mplus VERSION 8.5 (Mac)
MUTHEN & MUTHEN
03/18/2022   8:52 PM

INPUT INSTRUCTIONS

  TITLE: Analysis 5
  DATA: FILE = analysis4+5_suppl1_S1.dat;
  VARIABLE:
  NAMES = ID WB content stressed lonely
  TVC TCE SN peers family weak_ties
  E A C N O gender ethnicity SES weekend;
  USEVARIABLES = WB
  TCE SN family weak_ties
  weekend N
  txf txw sxf sxw;
  CLUSTER = ID;
  WITHIN = TCE SN family weak_ties weekend
  txf txw sxf sxw;
  BETWEEN = N;
  MISSING = .;
  DEFINE:
  CENTER TCE (GROUPMEAN);
  CENTER SN (GROUPMEAN);
  CENTER family (GROUPMEAN);
  CENTER weak_ties (GROUPMEAN);
  txf=TCE*family;
  txw=TCE*weak_ties;
  sxf=SN*family;
  sxw=SN*weak_ties;
  CENTER N (GRANDMEAN);
  ANALYSIS: TYPE = TWOLEVEL RANDOM; ESTIMATOR = BAYES;
  BITERATIONS = (10000); PROCESSORS = 2;
  MODEL:
  %WITHIN%
  ! Well-being is predicted by TCE, the slope is random
  S1 | WB ON TCE;
  ! Well-being is predicted by SN, the slope is random
  S2 | WB ON SN;
  ! Well-being is predicted by family, the slope is random
  S3 | WB ON family;
  ! Well-being is predicted by weak ties, the slope is random
  S4 | WB ON weak_ties;
  ! Well-being is predicted by TCE*family, the slope is random
  S5 | WB ON txf;
  ! Well-being is predicted by TCE*weak ties, the slope is random
  S6 | WB ON txw;
  ! Well-being is predicted by SN*family, the slope is random
  S7 | WB ON sxf;
  ! Well-being is predicted by SN*weak ties, the slope is random
  S8 | WB ON sxw;
  ! Control for weekend
  WB ON weekend;
  %BETWEEN%
  ! Covariance between intercept and slopes
  WB S1-S8 WITH WB S1-S8;
  ! The intercept is predicted by neuroticism
  WB ON N;
  ! The slopes are predicted by neuroticism
  S1-S8 ON N;
  OUTPUT: STDYX STDY TECH8;



*** WARNING in VARIABLE command
  Note that only the first 8 characters of variable names are used in the output.
  Shorten variable names to avoid any confusion.
*** WARNING
  One or more individual-level variables have no variation within a
  cluster for the following clusters.

     Variable   Cluster IDs with no within-cluster variation

      WB          15 760 393 808 423 213 436 893 907 468 496 115 63 979 1017 118 1051 541 124
                  554 563 578 580 287 5 1265 635 1278 37 1308 1310 335 1354 44 498 660 388 668
                  711 1086 422 24 1249 867 263 1346 903 520 317 883 125
      WEEKEND     694 702 704 351 359 747 752 201 106 760 389 391 393 204 400 805 810 209 417
                  838 25 423 213 62 443 893 217 907 452 458 927 468 218 934 938 941 946 496 115
                  234 116 975 63 979 239 1007 1009 1017 1026 118 1033 1051 68 541 1074 1077 1081
                  1087 124 1092 554 29 30 253 563 1119 1126 564 1157 578 580 135 589 266 136 144
                  74 287 5 1224 292 1231 162 1242 1250 36 635 640 1278 86 169 37 1308 1310 335
                  1317 1318 1333 665 1337 1354 1373 672 345 623 480 639 226 275 498 79 655 667
                  978 1000 1008 518 692 693 53 706 1070 713 401 402 732 742 1118 297 553 1132
                  93 207 308 421 779 569 794 1189 577 24 327 1232 1237 819 824 49 1261 837 606
                  854 867 179 263 1339 1346 265 613 1368 898 1382 622 1389 913 316 895 1117 724
                  103 1131 40 1136 55 520 8 173 632 1165 341 220 1197 1208 649 348 350 995 187
                  1252 1258 1013 1015 457 1273 372 375 1049 839 376 1311 230 1327 579 1352 1365
                  20 155 157 876 69 627 633 219 500 321 750 1066 437 378 661 334 383 762 917 918
                  931 791 1125 793 955 1344 145 474 52 865 965 970 171 982 994 712 896 550 1295
                  1018 41 325 251 681 1065 105 1349 1222 804 152 1028 212 329 28 58 536 789 1027
                  1129 656 142 976 1064 857 621 803 868 588 618 829 985 939 174 1238 1204 233
                  214 406 1251 897 1320 481 1302 921 1319
      TXF         685 694 699 702 704 15 351 359 745 747 752 201 106 760 389 391 393 204 798 400
                  801 805 808 206 810 209 417 836 838 25 420 423 213 436 62 441 443 893 217 907
                  452 458 927 468 218 934 938 941 113 946 496 115 234 116 975 63 979 239 1007
                  1009 1017 1026 118 1033 1051 1055 525 68 541 1074 1077 1081 1087 124 1092 554
                  29 30 253 563 1119 1126 564 1157 578 580 260 135 589 266 136 144 74 287 5 1224
                  292 1231 162 1242 1248 1250 36 1265 635 166 1270 640 1278 86 169 654 37 1308
                  1310 335 1317 1318 1333 665 1337 1354 44 1373 672 676 345 623 480 923 636 639
                  275 498 655 657 377 660 380 667 668 1000 514 1006 146 1008 518 51 1020 692 693
                  523 527 703 53 706 530 532 711 1080 713 1086 17 401 719 402 1099 1101 731 732
                  735 1118 297 1120 547 1132 1137 748 299 1147 26 93 207 308 1162 1163 421 779
                  786 569 794 422 98 577 24 327 440 1232 1237 819 822 1247 824 101 49 1261 1262
                  259 600 446 854 856 178 861 1306 867 456 871 874 880 882 179 263 1339 1346 265
                  613 1368 78 1382 622 1389 1390 913 120 605 313 316 1117 724 103 903 411 910
                  1128 1130 1131 40 1136 55 1138 743 8 1148 262 111 1156 173 1160 629 1165 634
                  764 88 531 1182 429 534 220 968 346 1197 1198 542 792 1208 649 222 1219 348
                  350 139 1252 1257 1258 1015 365 457 367 827 830 568 1282 1038 375 1049 376 1311
                  1063 230 50 1335 1075 1351 196 586 1365 20 1 157 203 69 1102 758 826 828 833
                  627 67 847 1210 1039 1214 321 1225 646 176 221 750 285 825 661 334 383 762 1268
                  769 119 1276 1279 445 1100 1284 1287 917 918 1293 161 60 787 677 791 1125 3
                  945 796 190 948 687 1344 1145 145 1357 1359 1150 474 1369 695 52 484 700 1235
                  642 865 962 426 970 171 1256 392 1121 317 883 991 994 1133 357 890 716 896 718
                  288 550 325 267 147 1046 511 681 83 930 105 340 1353 753 459 1367 255 1216 581
                  1222 952 954 990 194 1271 858 593 641 1180 509 470 804 1195 602 1307 435 342
                  879 1028 258 198 1332 565 1041 212 1227 1045 1057 354 533 58 536 1152 6 1155
                  911 789 584 1392 782 1187 1027 1190 1114 737 184 844 1207 963 368 10 1212 245
                  141 656 1322 976 800 621 104 159 868 89 1355 936 1253 1090 548 414 65 1374 1380
                  944 1175 729 776 1078 618 336 551 475 248 1097 134 505 208 453 1292 489 683
                  1238 1176 1177 1393 1345 233 556 727 1215 1264 544 1234 651 214 454 925 112
                  177 1105 728 59 557 659 1184 508 1309 363 852 688 1377 1161 180 887 1331 720
                  1251 1260 806 897 293 538 397 756 757 1192 1054 486 1340 310 298 481 723 188
                  315 921 1001 749 42 360 1385 1230 592 689 1303 121 788 881 1031 585 1246 1375
                  807 125 1319 840 61 1003 472 705
      TXW         685 694 699 702 704 15 351 359 745 747 752 201 106 760 389 391 393 204 798 400
                  801 805 808 206 810 209 417 836 838 25 420 423 213 436 62 441 443 893 217 907
                  452 458 927 468 218 934 938 941 113 946 496 115 234 116 975 63 979 239 1007
                  1009 1017 1026 118 1033 1051 1055 525 68 541 1074 1077 1081 1087 124 1092 554
                  29 30 253 563 1119 1126 564 1157 578 580 260 135 589 266 136 144 74 287 5 1224
                  292 1231 162 1242 1248 1250 36 1265 635 166 1270 640 1278 86 169 654 37 1308
                  1310 335 1317 1318 1333 665 1337 1354 44 1373 672 676 345 480 923 488 636 639
                  226 495 498 79 947 655 657 377 660 388 667 668 978 1000 514 1006 146 1008 51
                  1020 692 693 523 398 527 703 53 706 1070 532 711 1080 713 17 401 719 402 1096
                  1101 731 732 735 742 1118 1120 547 553 1132 748 299 1147 26 93 207 308 1162
                  421 566 779 786 569 794 570 1189 422 98 577 24 430 327 440 1232 1237 819 822
                  1249 101 49 1262 837 259 600 446 606 854 178 861 1297 1306 867 456 1313 871
                  874 880 882 263 1339 1346 265 613 1368 78 898 1382 1386 622 1389 1390 913 120
                  605 313 895 1117 724 103 903 411 910 1128 1130 1131 40 1136 55 1138 520 743
                  8 1148 262 111 526 173 1160 629 632 634 764 88 1182 429 534 220 968 346 1197
                  1198 542 792 1208 348 995 137 139 1245 187 666 1257 1258 1012 1013 1015 365
                  457 367 827 1273 830 568 1282 1038 375 1049 1301 376 1311 1063 230 1327 50 1335
                  1075 1351 1352 586 1365 20 1 155 876 203 69 1102 758 826 19 828 833 626 627
                  307 633 67 847 418 219 1210 1039 1214 321 1225 646 176 95 1066 285 437 825 661
                  334 383 762 1268 769 119 1276 914 1279 445 1284 1285 1287 917 918 1293 161 60
                  931 791 1125 3 945 796 190 948 687 955 1344 691 1145 537 145 1357 1359 1150
                  474 1369 701 1229 700 1235 642 107 482 865 1244 962 965 426 427 970 1256 878
                  982 317 883 991 994 712 1133 890 896 718 288 550 1295 1018 325 906 741 448 1046
                  679 681 83 1065 1349 340 1353 753 631 459 284 1216 581 1222 952 990 993 194
                  1271 795 1089 858 593 641 1180 509 470 1291 804 1194 1195 602 1107 1307 435
                  342 1314 1028 258 1324 439 565 1041 212 1227 1045 1057 1240 329 533 28 58 536
                  1152 82 6 1155 789 338 1392 782 1187 1027 1190 129 1114 737 450 529 184 394
                  844 1207 1124 963 368 10 1129 141 656 374 142 1323 976 1064 1141 857 800 621
                  803 1073 104 159 1350 868 410 89 384 1253 1090 588 548 414 65 1374 1014 1381
                  729 908 776 1079 618 303 551 1139 475 1034 829 1097 134 561 598 985 939 432
                  1223 208 678 1292 513 489 1300 379 1238 122 1176 519 1393 1164 1204 984 863
                  233 1029 842 1298 556 727 1215 869 1076 11 1264 596 544 648 853 651 214 404
                  170 454 925 406 112 177 1105 728 59 557 1184 508 1309 164 363 479 852 270 431
                  1016 1161 180 720 1021 552 1260 806 1062 1196 897 293 538 915 397 1320 738 1146
                  1072 756 386 1192 662 1054 486 298 481 1383 315 921 97 1001 1002 749 1110 928
                  42 249 344 1385 689 1303 121 1364 881 585 1246 1375 807 369 462 434 182 125
                  1319 875 449 781 980 61 1003 463 1283 472 1025 231
      SXF         685 694 699 702 704 15 351 359 745 747 752 201 106 760 389 391 393 204 798 400
                  801 805 808 206 810 209 417 836 838 25 420 423 213 436 62 441 443 893 217 907
                  452 458 927 468 218 934 938 941 113 946 496 115 234 116 975 63 979 239 1007
                  1009 1017 1026 118 1033 1051 1055 525 68 541 1074 1077 1081 1087 124 1092 554
                  29 30 253 563 1119 1126 564 1157 578 580 260 135 589 266 136 144 74 287 5 1224
                  292 1231 162 1242 1248 1250 36 1265 635 166 1270 640 1278 86 169 654 37 1308
                  1310 335 1317 1318 1333 665 1337 1354 44 1373 672 676 345 623 923 488 636 639
                  275 498 79 655 657 377 660 380 664 388 667 668 978 1000 514 1006 146 1008 518
                  51 692 693 523 398 527 703 53 706 1070 530 532 711 1080 713 1086 17 401 719
                  402 1099 1101 731 732 735 742 1118 297 1120 547 1132 1137 748 299 1147 26 93
                  207 308 1162 1163 421 566 779 786 569 794 570 422 98 577 430 327 440 1232 1237
                  819 822 1247 824 1249 101 49 1261 1262 837 259 600 446 854 856 178 861 1297
                  867 456 1313 874 880 882 179 263 1339 1346 265 613 1368 78 898 1382 1386 622
                  1389 1390 913 120 605 316 1117 724 103 903 411 910 1128 1130 1131 40 1136 55
                  1138 520 743 8 262 111 1156 526 173 629 1165 634 341 764 88 531 1182 429 534
                  220 968 346 1197 1198 542 792 1208 649 222 1219 348 350 987 995 137 139 1245
                  1252 1257 1258 1012 1013 1015 365 457 367 827 830 372 568 1282 1038 375 1049
                  839 376 845 1311 1063 230 50 1335 1075 1342 1351 196 586 1365 20 1 155 157 876
                  203 69 758 826 828 408 833 627 633 67 847 418 500 1210 1214 321 1225 646 176
                  221 750 1066 285 437 825 334 383 762 901 902 1268 767 769 119 1276 914 1279
                  445 1100 1284 1287 917 918 1293 161 60 787 677 791 1125 793 945 796 190 948
                  687 1344 691 1145 145 1357 1359 1150 1369 695 52 232 484 700 1235 642 107 482
                  865 965 426 970 171 1256 392 1121 982 317 883 991 994 712 1133 357 890 716 319
                  896 718 288 550 1295 325 906 192 741 267 147 1046 511 681 83 930 832 105 1349
                  340 1353 753 459 1367 255 1216 581 1222 952 954 990 194 1271 1089 858 593 641
                  1098 509 470 804 1194 1195 602 1307 435 152 879 1028 258 1324 198 1332 565 1041
                  212 1227 1045 1057 354 1240 329 533 28 58 536 1152 6 1155 911 789 584 338 1392
                  782 1109 1187 1027 1190 1114 492 737 450 184 394 844 1207 963 368 10 1212 245
                  141 656 374 142 1322 1323 976 857 800 621 104 159 868 410 89 1355 936 1253 1255
                  1090 588 548 414 65 1374 1380 944 1175 776 1078 618 336 551 185 475 558 248
                  829 1097 134 505 208 453 513 489 683 1238 122 1176 1177 519 1393 1345 863 233
                  842 556 727 1215 11 544 648 1085 1234 651 214 1334 1395 454 925 112 177 1105
                  728 59 557 659 1184 997 508 1309 363 852 688 270 1377 1161 180 887 1331 1286
                  720 552 1134 1251 1260 806 1062 1341 897 293 538 397 1320 503 1146 1072 757
                  1192 1054 486 1340 100 310 562 428 298 481 723 188 315 921 1001 749 928 42 360
                  1385 1230 592 689 1303 121 788 881 1031 585 256 1246 1375 807 462 125 1319 840
                  781 980 61 1343 1003 472 705 671 1042 1025 231
      SXW         685 694 699 702 704 15 351 359 745 747 752 201 106 760 389 391 393 204 798 400
                  801 805 808 206 810 209 417 836 838 25 420 423 213 436 62 441 443 893 217 907
                  452 458 927 468 218 934 938 941 113 946 496 115 234 116 975 63 979 239 1007
                  1009 1017 1026 118 1033 1051 1055 525 68 541 1074 1077 1081 1087 124 1092 554
                  29 30 253 563 1119 1126 564 1157 578 580 260 135 589 266 136 144 74 287 5 1224
                  292 1231 162 1242 1248 1250 36 1265 635 166 1270 640 1278 86 169 654 37 1308
                  1310 335 1317 1318 1333 665 1337 1354 44 1373 672 676 345 623 480 923 488 636
                  639 226 495 275 498 79 947 655 657 377 660 664 388 667 668 978 1000 514 1006
                  146 1008 51 692 693 523 398 527 703 53 706 1070 532 711 1080 713 1086 17 401
                  719 402 1096 1099 1101 731 732 735 742 1118 1120 547 553 1132 748 299 1147 26
                  93 207 1162 421 566 779 786 569 794 570 1189 422 98 577 24 430 327 440 1232
                  1237 819 822 1249 101 49 1262 837 259 446 606 854 856 178 861 1297 867 456 1313
                  871 874 880 882 263 1339 1346 265 613 1368 78 898 1382 1386 622 1389 1390 913
                  120 605 895 1117 724 103 903 411 910 1128 1130 1131 40 1136 55 1138 520 743
                  8 262 111 1156 526 173 629 632 634 341 764 88 531 1182 429 534 220 968 346 1197
                  1198 542 792 1208 222 1219 348 350 987 995 137 139 1245 187 666 1257 1258 1012
                  1013 1015 365 457 367 827 1273 830 372 568 1282 1038 375 1049 1301 839 376 845
                  1311 1063 230 1327 50 1335 1075 1342 1351 1352 586 1365 20 1 155 157 876 203
                  69 1102 758 826 19 828 408 833 626 627 307 633 67 847 418 219 500 1210 1039
                  1214 321 1225 646 176 95 1066 285 437 825 661 334 383 762 901 902 1268 767 769
                  119 1276 914 1279 445 1284 1285 1287 917 918 1293 161 60 931 677 791 1125 793
                  945 796 190 948 687 955 1344 691 1145 537 145 1357 1359 1150 474 1369 232 701
                  484 1229 700 1235 642 107 482 865 1244 962 965 426 427 970 1256 392 878 982
                  317 883 991 994 712 1133 890 319 896 718 288 550 1295 1018 325 906 192 741 448
                  147 1046 511 679 681 83 832 1065 1349 340 1353 753 631 459 284 1216 581 1222
                  952 990 993 194 1271 795 1089 858 593 641 1180 1098 509 470 1291 804 1194 1195
                  602 1107 1307 435 342 1314 152 1028 258 1324 439 1332 565 1041 212 1227 1045
                  1057 1240 329 533 28 58 536 1152 82 6 1155 911 789 338 1392 782 1109 1187 1027
                  1190 129 1114 492 737 450 529 184 394 844 1207 1124 963 368 10 245 1129 141
                  656 374 142 1323 976 1064 1141 857 800 621 803 1073 104 159 1350 868 410 89
                  384 936 1253 1255 1090 588 548 414 65 1374 1014 1381 729 908 776 1079 618 303
                  551 1139 185 475 558 1034 829 1097 134 561 598 985 939 432 1223 208 678 513
                  489 1300 379 1238 122 1176 519 1393 1164 1204 984 863 233 1029 842 1298 556
                  727 1215 869 1076 11 596 544 648 853 1085 651 214 404 1334 170 1395 454 925
                  406 112 177 1105 728 59 557 659 1184 997 508 1309 164 363 479 852 270 431 1016
                  1161 180 1331 1286 720 1021 552 1134 1260 806 1062 1196 1341 293 538 915 397
                  1320 503 738 1146 1072 386 1192 662 1054 486 100 310 562 428 298 481 1383 315
                  921 97 1001 1002 749 1110 928 42 360 249 344 1385 592 689 1303 121 1364 881
                  585 256 1246 1375 807 369 462 434 182 125 1319 875 449 781 980 61 1343 1003
                  463 1283 472 705 671 1042 1025 231

*** WARNING
  Data set contains cases with missing on x-variables.
  These cases were not included in the analysis.
  Number of cases with missing on x-variables:  1004
*** WARNING
  Data set contains cases with missing on all variables except
  x-variables.  These cases were not included in the analysis.
  Number of cases with missing on all variables except x-variables:  2
   4 WARNING(S) FOUND IN THE INPUT INSTRUCTIONS



Analysis 5

SUMMARY OF ANALYSIS

Number of groups                                                 1
Number of observations                                        5696

Number of dependent variables                                    1
Number of independent variables                                 10
Number of continuous latent variables                            8

Observed dependent variables

  Continuous
   WB

Observed independent variables
   TCE         SN          FAMILY      WEAK_TIE    WEEKEND     N
   TXF         TXW         SXF         SXW

Continuous latent variables
   S1          S2          S3          S4          S5          S6
   S7          S8

Variables with special functions

  Cluster variable      ID

  Within variables
   TCE         SN          FAMILY      WEAK_TIE    WEEKEND     TXF
   TXW         SXF         SXW

  Between variables
   N

  Centering (GRANDMEAN)
   N

  Centering (GROUPMEAN)
   TCE         SN          FAMILY      WEAK_TIE


Estimator                                                    BAYES
Specifications for Bayesian Estimation
  Point estimate                                            MEDIAN
  Number of Markov chain Monte Carlo (MCMC) chains               2
  Random seed for the first chain                                0
  Starting value information                           UNPERTURBED
  Algorithm used for Markov chain Monte Carlo           GIBBS(PX1)
  Convergence criterion                                  0.500D-01
  Maximum number of iterations                               50000
  K-th iteration used for thinning                               1

Input data file(s)
  analysis4+5_suppl1_S1.dat
Input data format  FREE


SUMMARY OF DATA

     Number of clusters                       1015

       Size (s)    Cluster ID with Size s

          1        4 7 14 18 22 31 54 57 71 73 76 77 81 87 92 99 108 110
                   123 130 151 154 160 165 168 183 189 202 210 215 228
                   235 237 241 242 250 261 272 281 290 291 300 301 305
                   309 328 331 339 343 347 358 373 399 403 412 419 424
                   438 444 476 478 491 494 499 501 504 507 522 543 555
                   559 560 582 591 599 607 610 617 619 624 637 643 644
                   663 675 682 709 714 717 744 754 761 773 778 799 809
                   818 834 843 848 850 851 860 884 889 894 899 916 919
                   929 933 943 950 957 966 973 974 977 996 1004 1032 1059
                   1067 1069 1071 1094 1108 1111 1142 1143 1154 1158 1159
                   1167 1168 1171 1172 1185 1186 1199 1203 1213 1228 1239
                   1259 1267 1269 1280 1294 1304 1336 1356 1379 1384 1388
                   1397
          2        685 694 699 702 704 15 351 359 745 747 752 201 106 760
                   389 391 393 204 798 400 801 805 808 206 810 209 417
                   836 838 25 420 423 213 436 62 441 443 893 217 907 452
                   458 927 468 218 934 938 941 113 946 496 115 234 116
                   975 63 979 239 1007 1009 1017 1026 118 1033 1051 1055
                   525 68 541 1074 1077 1081 1087 124 1092 554 29 30 253
                   563 1119 1126 564 1157 578 580 260 135 589 266 136 144
                   74 287 5 1224 292 1231 162 1242 1248 1250 36 1265 635
                   166 1270 640 1278 86 169 654 37 1308 1310 335 1317 1318
                   1333 665 1337 1354 44 1373 672 676 345
          3        623 480 923 488 636 639 226 495 275 498 79 947 655 657
                   377 660 380 664 388 667 668 978 66 1000 514 1006 146
                   1008 518 51 1020 692 693 523 398 527 703 53 706 1070
                   530 532 711 1080 713 1086 17 401 719 402 1096 1099 1101
                   731 732 735 742 1118 297 1120 547 553 1132 1137 748
                   299 1147 26 93 207 308 1162 1163 421 566 779 786 569
                   794 570 1189 422 98 577 24 430 327 440 1232 1237 819
                   822 1247 824 1249 101 49 1261 1262 837 259 600 446 606
                   854 856 178 861 1297 1306 867 456 1313 871 874 880 882
                   179 263 1339 1346 265 613 1368 78 898 1382 1386 622
                   1389 1390 913
          4        120 605 313 316 895 1117 724 103 903 411 910 1128 1130
                   1131 40 1136 55 1138 520 743 8 1148 262 111 1156 526
                   173 1160 629 632 1165 634 341 764 88 531 1182 429 534
                   220 968 346 1197 1198 542 792 1208 649 222 1219 348
                   350 987 995 137 139 1245 187 666 1252 1257 1258 1012
                   1013 1015 365 457 367 827 1273 830 372 568 1282 1038
                   375 1049 1301 839 376 845 1311 1063 230 1327 1328 50
                   1335 579 1075 1342 1351 1352 196 586 1365 20 1 155 157
                   876 203 69 1102 758
          5        826 19 828 408 833 626 627 307 633 67 847 418 219 500
                   1210 1039 1214 321 1225 646 176 1236 221 95 750 1066
                   285 437 378 825 661 334 383 762 901 902 1268 767 769
                   119 1276 914 1279 445 1100 1284 1285 1287 917 918 1293
                   161 60 931 787 677 791 396 1125 793 3 945 796 190 948
                   687 955 1344 691 1145 537 145 1357 1359 1150 474 1369
                   1153 695 52 232 701 484
          6        1229 94 700 1235 642 107 482 865 1244 962 965 426 427
                   970 171 1256 392 878 1121 982 317 883 991 994 712 1133
                   357 890 797 716 319 896 718 288 550 1295 1018 41 325
                   906 814 192 244 741 267 448 147 1046 511 251 679 681
                   83 930 832 1065 1191 105 1349 340 1068 1353 753 631
                   459 465 1367 255 284 1216 581 1222 952 954
          7        990 993 194 1271 795 1089 858 593 641 1180 1098 509
                   470 1291 804 1194 1195 602 1107 1307 435 342 1314 152
                   879 1028 258 1324 439 198 820 1332 565 1041 212 763
                   1227 1045 138 302 573 1057 354 1240 329 1243 533 28
                   58 536 1372 1152 82 6 1155 911 789 584 338 1392 364
          8        782 1109 1187 1027 1190 129 366 1114 492 737 450 529
                   184 394 844 1207 1124 963 368 10 1212 245 1129 141 656
                   374 142 1322 1323 976 1064 1141 857 800 621 803 1073
                   104 159 1350 868 410 89 384 1355 1005 936 1253 1255
                   1090 588 548 414 65 1374 1014 1380 1381 944 1175 729
          9        859 908 776 1078 1079 618 303 336 551 318 1139 185 475
                   1201 558 248 1034 829 1097 134 561 598 2 505 985 939
                   432 1223 1362 208 453 312 678 1292 174 513 489 1296
                   683 1300 379 1238 122 1176 1177 519 1393
         10        1164 1204 984 1345 863 233 216 1029 842 1298 556 727
                   1215 869 1076 11 1264 596 544 648 853 1085 855 1234
                   1088 651 214 404 1334 170 1395 454
         11        925 406 112 177 1105 728 59 557 659 1184 997 508 1309
                   164 363 479 852 688 270 431 294 1377 1016 1161 180 1061
                   887 1331 1286 720 1021 552 1134 1396 1251
         12        1260 806 1062 1196 1341 897 293 538 915 964 397 1320
                   503 738 1146 1072 756 757 386 1192 662
         13        1054 486 1340 131 100 310 562 428 32 298 481 1383 723
                   1302 188 315 921 1173 1360 97 1001 1002
         14        749 1110 928 42 360 249 344 1385 1230 592 689 1303 13
                   289 121
         15        473 1364 788 881 1031 585 256 1246 1375 807 369 471
         16        462 434 182 125 1319 840
         17        875 1095 449 781 980 61
         18        1343 197 247 841
         20        1200 697 1003 777 463 1283
         21        472 705
         22        671
         23        1042
         24        1025
         26        736 70
         27        594
         29        912
         31        231



COVARIANCE COVERAGE OF DATA

Minimum covariance coverage value   0.100

     Number of missing data patterns             1


     PROPORTION OF DATA PRESENT


           Covariance Coverage
              WB            TCE           SN            FAMILY        WEAK_TIE
              ________      ________      ________      ________      ________
 WB             1.000
 TCE            1.000         1.000
 SN             1.000         1.000         1.000
 FAMILY         1.000         1.000         1.000         1.000
 WEAK_TIE       1.000         1.000         1.000         1.000         1.000
 WEEKEND        1.000         1.000         1.000         1.000         1.000
 TXF            1.000         1.000         1.000         1.000         1.000
 TXW            1.000         1.000         1.000         1.000         1.000
 SXF            1.000         1.000         1.000         1.000         1.000
 SXW            1.000         1.000         1.000         1.000         1.000
 N              1.000         1.000         1.000         1.000         1.000


           Covariance Coverage
              WEEKEND       TXF           TXW           SXF           SXW
              ________      ________      ________      ________      ________
 WEEKEND        1.000
 TXF            1.000         1.000
 TXW            1.000         1.000         1.000
 SXF            1.000         1.000         1.000         1.000
 SXW            1.000         1.000         1.000         1.000         1.000
 N              1.000         1.000         1.000         1.000         1.000


           Covariance Coverage
              N
              ________
 N              1.000



UNIVARIATE SAMPLE STATISTICS


     UNIVARIATE HIGHER-ORDER MOMENT DESCRIPTIVE STATISTICS

         Variable/         Mean/     Skewness/   Minimum/ % with                Percentiles
        Sample Size      Variance    Kurtosis    Maximum  Min/Max      20%/60%    40%/80%    Median

     WB                    2.860      -0.347       1.000    1.21%       2.333      2.667      3.000
            5696.000       0.438      -0.212       4.000    6.76%       3.000      3.333
     TCE                   0.000      -0.232      -0.968    0.02%      -0.333      0.000      0.000
            5696.000       0.140      -0.248       0.929    0.04%       0.071      0.333
     SN                    0.000       0.528      -0.929    0.02%      -0.167      0.000      0.000
            5696.000       0.086       1.961       0.963    0.02%       0.000      0.000
     FAMILY                0.000       1.450      -0.857    0.02%      -0.154      0.000      0.000
            5696.000       0.077       2.917       0.968    0.02%       0.000      0.000
     WEAK_TIES             0.000       2.025      -0.750    0.05%      -0.091      0.000      0.000
            5696.000       0.049       6.797       0.966    0.02%       0.000      0.000
     WEEKEND               0.244       1.195       0.000   75.65%       0.000      0.000      0.000
            5696.000       0.184      -0.571       1.000   24.35%       0.000      1.000
     TXF                  -0.014      -1.139      -0.820    0.02%      -0.031      0.000      0.000
            5696.000       0.016      10.894       0.862    0.02%       0.000      0.000
     TXW                   0.004       0.641      -0.907    0.02%       0.000      0.000      0.000
            5696.000       0.009      22.914       0.852    0.02%       0.000      0.000
     SXF                  -0.012      -1.829      -0.790    0.02%       0.000      0.000      0.000
            5696.000       0.008      23.529       0.796    0.02%       0.000      0.000
     SXW                  -0.003      -1.277      -0.787    0.02%       0.000      0.000      0.000
            5696.000       0.005      46.171       0.796    0.02%       0.000      0.000
     N                     0.000       0.074      -1.955    0.10%      -0.580     -0.205     -0.080
            1015.000       0.563      -0.341       1.920    0.39%       0.170      0.670


THE MODEL ESTIMATION TERMINATED NORMALLY

     USE THE FBITERATIONS OPTION TO INCREASE THE NUMBER OF ITERATIONS BY A FACTOR
     OF AT LEAST TWO TO CHECK CONVERGENCE AND THAT THE PSR VALUE DOES NOT INCREASE.



MODEL FIT INFORMATION

Number of Free Parameters                              65

Information Criteria

          Deviance (DIC)                         8876.893
          Estimated Number of Parameters (pD)    1129.259



MODEL RESULTS

                                Posterior  One-Tailed         95% C.I.
                    Estimate       S.D.      P-Value   Lower 2.5%  Upper 2.5%  Significance

Within Level

 WB         ON
    WEEKEND            0.021       0.017      0.101      -0.011       0.054

 Residual Variances
    WB                 0.228       0.005      0.000       0.218       0.239      *

Between Level

 S1         ON
    N                  0.006       0.043      0.441      -0.076       0.092

 S2         ON
    N                  0.027       0.050      0.297      -0.069       0.125

 S3         ON
    N                 -0.042       0.046      0.176      -0.133       0.050

 S4         ON
    N                 -0.018       0.050      0.358      -0.113       0.083

 S5         ON
    N                 -0.100       0.118      0.193      -0.341       0.126

 S6         ON
    N                 -0.170       0.190      0.202      -0.498       0.247

 S7         ON
    N                 -0.168       0.162      0.147      -0.494       0.148

 S8         ON
    N                 -0.458       0.244      0.027      -0.925       0.006

 WB         ON
    N                 -0.272       0.021      0.000      -0.312      -0.230      *

 WB       WITH
    S1                -0.009       0.013      0.263      -0.035       0.017
    S2                -0.003       0.018      0.428      -0.038       0.031
    S3                -0.015       0.015      0.162      -0.043       0.015
    S4                -0.014       0.019      0.224      -0.052       0.022
    S5                -0.007       0.038      0.427      -0.083       0.069
    S6                -0.025       0.066      0.358      -0.153       0.106
    S7                -0.016       0.057      0.385      -0.129       0.097
    S8                -0.029       0.080      0.358      -0.178       0.134

 S1       WITH
    S2                 0.050       0.020      0.000       0.021       0.098      *
    S3                 0.007       0.016      0.313      -0.020       0.042
    S4                -0.005       0.016      0.376      -0.036       0.028
    S5                -0.079       0.040      0.017      -0.168      -0.008      *
    S6                -0.062       0.048      0.103      -0.155       0.034
    S7                -0.062       0.058      0.139      -0.183       0.049
    S8                -0.030       0.067      0.307      -0.180       0.087

 S2       WITH
    S3                 0.008       0.017      0.318      -0.024       0.040
    S4                -0.001       0.019      0.484      -0.034       0.041
    S5                -0.039       0.041      0.157      -0.130       0.034
    S6                -0.037       0.053      0.234      -0.139       0.073
    S7                -0.045       0.054      0.181      -0.153       0.058
    S8                -0.032       0.069      0.296      -0.183       0.098

 S3       WITH
    S4                 0.029       0.018      0.057      -0.007       0.067
    S5                 0.021       0.035      0.264      -0.049       0.090
    S6                 0.003       0.052      0.478      -0.112       0.095
    S7                 0.006       0.046      0.444      -0.070       0.112
    S8                 0.011       0.068      0.432      -0.118       0.151

 S4       WITH
    S5                 0.029       0.040      0.245      -0.050       0.106
    S6                -0.011       0.048      0.402      -0.118       0.071
    S7                 0.004       0.056      0.473      -0.118       0.101
    S8                -0.004       0.065      0.476      -0.136       0.122

 S5       WITH
    S6                 0.130       0.117      0.097      -0.056       0.400
    S7                 0.149       0.126      0.086      -0.064       0.443
    S8                 0.032       0.155      0.420      -0.231       0.360

 S6       WITH
    S7                 0.079       0.169      0.289      -0.200       0.468
    S8                 0.357       0.227      0.012       0.029       0.876      *

 S7       WITH
    S8                 0.106       0.188      0.293      -0.242       0.503

 Intercepts
    WB                 2.872       0.016      0.000       2.841       2.904      *
    S1                -0.037       0.028      0.095      -0.091       0.019
    S2                -0.032       0.035      0.178      -0.101       0.035
    S3                -0.026       0.032      0.207      -0.090       0.036
    S4                -0.056       0.036      0.066      -0.126       0.017
    S5                 0.078       0.078      0.172      -0.076       0.230
    S6                -0.015       0.125      0.450      -0.240       0.259
    S7                 0.142       0.114      0.096      -0.069       0.372
    S8                 0.161       0.173      0.185      -0.188       0.484

 Residual Variances
    WB                 0.174       0.011      0.000       0.154       0.197      *
    S1                 0.071       0.021      0.000       0.039       0.119      *
    S2                 0.066       0.027      0.000       0.028       0.134      *
    S3                 0.056       0.022      0.000       0.026       0.110      *
    S4                 0.067       0.025      0.000       0.029       0.125      *
    S5                 0.335       0.126      0.000       0.137       0.625      *
    S6                 0.450       0.198      0.000       0.170       0.932      *
    S7                 0.471       0.211      0.000       0.157       0.980      *
    S8                 0.761       0.383      0.000       0.258       1.701      *


STANDARDIZED MODEL RESULTS


STDYX Standardization

                                Posterior  One-Tailed         95% C.I.
                    Estimate       S.D.      P-Value   Lower 2.5%  Upper 2.5%  Significance

Within-Level Standardized Estimates Averaged Over Clusters

 S1 | WB ON
    TCE               -0.018       0.013      0.086      -0.043       0.008

 S2 | WB ON
    SN                -0.009       0.010      0.209      -0.029       0.013

 S3 | WB ON
    FAMILY            -0.005       0.008      0.251      -0.022       0.008

 S4 | WB ON
    WEAK_TIES         -0.010       0.007      0.092      -0.023       0.004

 S5 | WB ON
    TXF                0.006       0.006      0.131      -0.004       0.017

 S6 | WB ON
    TXW               -0.002       0.005      0.387      -0.011       0.010

 S7 | WB ON
    SXF                0.008       0.005      0.062      -0.002       0.018

 S8 | WB ON
    SXW                0.005       0.004      0.130      -0.004       0.013

 WB         ON
    WEEKEND            0.010       0.008      0.109      -0.006       0.026

 Residual Variances
    WB                 0.937       0.006      0.000       0.926       0.948      *

Between Level

 S1         ON
    N                  0.011       0.083      0.441      -0.147       0.178

 S2         ON
    N                  0.053       0.101      0.297      -0.140       0.261

 S3         ON
    N                 -0.087       0.105      0.176      -0.322       0.107

 S4         ON
    N                 -0.034       0.100      0.358      -0.235       0.159

 S5         ON
    N                 -0.087       0.106      0.193      -0.309       0.106

 S6         ON
    N                 -0.126       0.150      0.202      -0.408       0.187

 S7         ON
    N                 -0.125       0.123      0.147      -0.394       0.104

 S8         ON
    N                 -0.263       0.143      0.027      -0.549       0.003

 WB         ON
    N                 -0.313       0.023      0.000      -0.358      -0.266      *

 WB       WITH
    S1                -0.077       0.119      0.263      -0.317       0.156
    S2                -0.031       0.166      0.428      -0.356       0.296
    S3                -0.151       0.151      0.162      -0.440       0.155
    S4                -0.132       0.169      0.224      -0.460       0.202
    S5                -0.028       0.161      0.427      -0.345       0.296
    S6                -0.088       0.239      0.358      -0.530       0.394
    S7                -0.057       0.204      0.385      -0.482       0.332
    S8                -0.079       0.235      0.358      -0.558       0.372

 S1       WITH
    S2                 0.746       0.128      0.000       0.443       0.920      *
    S3                 0.119       0.237      0.313      -0.350       0.561
    S4                -0.073       0.231      0.376      -0.515       0.405
    S5                -0.531       0.194      0.017      -0.862      -0.067      *
    S6                -0.353       0.245      0.103      -0.731       0.229
    S7                -0.355       0.270      0.139      -0.753       0.297
    S8                -0.141       0.264      0.307      -0.645       0.376

 S2       WITH
    S3                 0.131       0.263      0.318      -0.415       0.600
    S4                -0.013       0.281      0.484      -0.487       0.580
    S5                -0.283       0.250      0.157      -0.705       0.254
    S6                -0.229       0.285      0.234      -0.652       0.443
    S7                -0.277       0.272      0.181      -0.682       0.365
    S8                -0.157       0.277      0.296      -0.662       0.406

 S3       WITH
    S4                 0.485       0.250      0.057      -0.143       0.851
    S5                 0.160       0.239      0.264      -0.336       0.573
    S6                 0.018       0.297      0.478      -0.574       0.537
    S7                 0.039       0.269      0.444      -0.443       0.611
    S8                 0.058       0.299      0.432      -0.479       0.625

 S4       WITH
    S5                 0.195       0.265      0.245      -0.333       0.688
    S6                -0.071       0.256      0.402      -0.511       0.442
    S7                 0.022       0.314      0.473      -0.618       0.617
    S8                -0.021       0.282      0.476      -0.540       0.543

 S5       WITH
    S6                 0.358       0.240      0.097      -0.174       0.735
    S7                 0.393       0.247      0.086      -0.236       0.750
    S8                 0.065       0.301      0.420      -0.514       0.602

 S6       WITH
    S7                 0.185       0.335      0.289      -0.556       0.703
    S8                 0.645       0.214      0.012       0.086       0.909      *

 S7       WITH
    S8                 0.178       0.299      0.293      -0.531       0.643

 Intercepts
    WB                 6.539       0.195      0.000       6.167       6.931      *
    S1                -0.137       0.109      0.095      -0.361       0.071
    S2                -0.121       0.140      0.178      -0.409       0.139
    S3                -0.106       0.141      0.207      -0.403       0.159
    S4                -0.218       0.150      0.066      -0.533       0.066
    S5                 0.135       0.138      0.172      -0.136       0.407
    S6                -0.022       0.193      0.450      -0.354       0.418
    S7                 0.203       0.177      0.096      -0.108       0.612
    S8                 0.181       0.207      0.185      -0.205       0.612

 Residual Variances
    WB                 0.902       0.015      0.000       0.872       0.929      *
    S1                 0.997       0.011      0.000       0.964       1.000      *
    S2                 0.994       0.020      0.000       0.931       1.000      *
    S3                 0.991       0.028      0.000       0.897       1.000      *
    S4                 0.995       0.018      0.000       0.939       1.000      *
    S5                 0.991       0.027      0.000       0.904       1.000      *
    S6                 0.980       0.046      0.000       0.832       1.000      *
    S7                 0.983       0.041      0.000       0.845       1.000      *
    S8                 0.931       0.083      0.000       0.698       1.000      *


STDY Standardization

                                Posterior  One-Tailed         95% C.I.
                    Estimate       S.D.      P-Value   Lower 2.5%  Upper 2.5%  Significance

Within-Level Standardized Estimates Averaged Over Clusters

 S1 | WB ON
    TCE               -0.073       0.056      0.097      -0.179       0.040

 S2 | WB ON
    SN                -0.053       0.066      0.223      -0.171       0.091

 S3 | WB ON
    FAMILY            -0.030       0.058      0.301      -0.166       0.067

 S4 | WB ON
    WEAK_TIES         -0.099       0.072      0.099      -0.253       0.049

 S5 | WB ON
    TXF                0.168       0.138      0.109      -0.087       0.439

 S6 | WB ON
    TXW               -0.059       0.198      0.398      -0.370       0.372

 S7 | WB ON
    SXF                0.374       0.222      0.043      -0.051       0.803

 S8 | WB ON
    SXW                0.322       0.287      0.105      -0.226       0.926

 WB         ON
    WEEKEND            0.042       0.033      0.109      -0.025       0.107

 Residual Variances
    WB                 0.937       0.006      0.000       0.926       0.948      *

Between Level

 S1         ON
    N                  0.023       0.163      0.441      -0.291       0.352

 S2         ON
    N                  0.105       0.200      0.297      -0.278       0.515

 S3         ON
    N                 -0.172       0.209      0.176      -0.636       0.211

 S4         ON
    N                 -0.068       0.198      0.358      -0.465       0.314

 S5         ON
    N                 -0.173       0.209      0.193      -0.611       0.210

 S6         ON
    N                 -0.248       0.297      0.202      -0.806       0.370

 S7         ON
    N                 -0.247       0.244      0.147      -0.779       0.205

 S8         ON
    N                 -0.519       0.282      0.027      -1.086       0.006

 WB         ON
    N                 -0.619       0.046      0.000      -0.707      -0.526      *

 WB       WITH
    S1                -0.077       0.119      0.263      -0.317       0.156
    S2                -0.031       0.166      0.428      -0.356       0.296
    S3                -0.151       0.151      0.162      -0.440       0.155
    S4                -0.132       0.169      0.224      -0.460       0.202
    S5                -0.028       0.161      0.427      -0.345       0.296
    S6                -0.088       0.239      0.358      -0.530       0.394
    S7                -0.057       0.204      0.385      -0.482       0.332
    S8                -0.079       0.235      0.358      -0.558       0.372

 S1       WITH
    S2                 0.746       0.128      0.000       0.443       0.920      *
    S3                 0.119       0.237      0.313      -0.350       0.561
    S4                -0.073       0.231      0.376      -0.515       0.405
    S5                -0.531       0.194      0.017      -0.862      -0.067      *
    S6                -0.353       0.245      0.103      -0.731       0.229
    S7                -0.355       0.270      0.139      -0.753       0.297
    S8                -0.141       0.264      0.307      -0.645       0.376

 S2       WITH
    S3                 0.131       0.263      0.318      -0.415       0.600
    S4                -0.013       0.281      0.484      -0.487       0.580
    S5                -0.283       0.250      0.157      -0.705       0.254
    S6                -0.229       0.285      0.234      -0.652       0.443
    S7                -0.277       0.272      0.181      -0.682       0.365
    S8                -0.157       0.277      0.296      -0.662       0.406

 S3       WITH
    S4                 0.485       0.250      0.057      -0.143       0.851
    S5                 0.160       0.239      0.264      -0.336       0.573
    S6                 0.018       0.297      0.478      -0.574       0.537
    S7                 0.039       0.269      0.444      -0.443       0.611
    S8                 0.058       0.299      0.432      -0.479       0.625

 S4       WITH
    S5                 0.195       0.265      0.245      -0.333       0.688
    S6                -0.071       0.256      0.402      -0.511       0.442
    S7                 0.022       0.314      0.473      -0.618       0.617
    S8                -0.021       0.282      0.476      -0.540       0.543

 S5       WITH
    S6                 0.358       0.240      0.097      -0.174       0.735
    S7                 0.393       0.247      0.086      -0.236       0.750
    S8                 0.065       0.301      0.420      -0.514       0.602

 S6       WITH
    S7                 0.185       0.335      0.289      -0.556       0.703
    S8                 0.645       0.214      0.012       0.086       0.909      *

 S7       WITH
    S8                 0.178       0.299      0.293      -0.531       0.643

 Intercepts
    WB                 6.539       0.195      0.000       6.167       6.931      *
    S1                -0.137       0.109      0.095      -0.361       0.071
    S2                -0.121       0.140      0.178      -0.409       0.139
    S3                -0.106       0.141      0.207      -0.403       0.159
    S4                -0.218       0.150      0.066      -0.533       0.066
    S5                 0.135       0.138      0.172      -0.136       0.407
    S6                -0.022       0.193      0.450      -0.354       0.418
    S7                 0.203       0.177      0.096      -0.108       0.612
    S8                 0.181       0.207      0.185      -0.205       0.612

 Residual Variances
    WB                 0.902       0.015      0.000       0.872       0.929      *
    S1                 0.997       0.011      0.000       0.964       1.000      *
    S2                 0.994       0.020      0.000       0.931       1.000      *
    S3                 0.991       0.028      0.000       0.897       1.000      *
    S4                 0.995       0.018      0.000       0.939       1.000      *
    S5                 0.991       0.027      0.000       0.904       1.000      *
    S6                 0.980       0.046      0.000       0.832       1.000      *
    S7                 0.983       0.041      0.000       0.845       1.000      *
    S8                 0.931       0.083      0.000       0.698       1.000      *


R-SQUARE

Within-Level R-Square Averaged Across Clusters

                                Posterior  One-Tailed         95% C.I.
    Variable        Estimate       S.D.      P-Value   Lower 2.5%  Upper 2.5%

    WB                 0.063       0.006      0.000       0.052       0.074

Between Level

                                Posterior  One-Tailed         95% C.I.
    Variable        Estimate       S.D.      P-Value   Lower 2.5%  Upper 2.5%

    WB                 0.098       0.015      0.000       0.071       0.128

                                Posterior  One-Tailed         95% C.I.
    Variable        Estimate       S.D.      P-Value   Lower 2.5%  Upper 2.5%

    S1                 0.003       0.011      0.000       0.000       0.036
    S2                 0.006       0.020      0.000       0.000       0.069
    S3                 0.009       0.028      0.000       0.000       0.103
    S4                 0.005       0.018      0.000       0.000       0.061
    S5                 0.009       0.027      0.000       0.000       0.096
    S6                 0.020       0.046      0.000       0.000       0.168
    S7                 0.017       0.041      0.000       0.000       0.155
    S8                 0.069       0.083      0.000       0.000       0.302


TECHNICAL 1 OUTPUT


     PARAMETER SPECIFICATION FOR WITHIN


           NU
              WB            TCE           SN            FAMILY        WEAK_TIE
              ________      ________      ________      ________      ________
                    0             0             0             0             0


           NU
              WEEKEND       TXF           TXW           SXF           SXW
              ________      ________      ________      ________      ________
                    0             0             0             0             0


           LAMBDA
              WB            TCE           SN            FAMILY        WEAK_TIE
              ________      ________      ________      ________      ________
 WB                 0             0             0             0             0
 TCE                0             0             0             0             0
 SN                 0             0             0             0             0
 FAMILY             0             0             0             0             0
 WEAK_TIE           0             0             0             0             0
 WEEKEND            0             0             0             0             0
 TXF                0             0             0             0             0
 TXW                0             0             0             0             0
 SXF                0             0             0             0             0
 SXW                0             0             0             0             0


           LAMBDA
              WEEKEND       TXF           TXW           SXF           SXW
              ________      ________      ________      ________      ________
 WB                 0             0             0             0             0
 TCE                0             0             0             0             0
 SN                 0             0             0             0             0
 FAMILY             0             0             0             0             0
 WEAK_TIE           0             0             0             0             0
 WEEKEND            0             0             0             0             0
 TXF                0             0             0             0             0
 TXW                0             0             0             0             0
 SXF                0             0             0             0             0
 SXW                0             0             0             0             0


           THETA
              WB            TCE           SN            FAMILY        WEAK_TIE
              ________      ________      ________      ________      ________
 WB                 0
 TCE                0             0
 SN                 0             0             0
 FAMILY             0             0             0             0
 WEAK_TIE           0             0             0             0             0
 WEEKEND            0             0             0             0             0
 TXF                0             0             0             0             0
 TXW                0             0             0             0             0
 SXF                0             0             0             0             0
 SXW                0             0             0             0             0


           THETA
              WEEKEND       TXF           TXW           SXF           SXW
              ________      ________      ________      ________      ________
 WEEKEND            0
 TXF                0             0
 TXW                0             0             0
 SXF                0             0             0             0
 SXW                0             0             0             0             0


           ALPHA
              WB            TCE           SN            FAMILY        WEAK_TIE
              ________      ________      ________      ________      ________
                    0             0             0             0             0


           ALPHA
              WEEKEND       TXF           TXW           SXF           SXW
              ________      ________      ________      ________      ________
                    0             0             0             0             0


           BETA
              WB            TCE           SN            FAMILY        WEAK_TIE
              ________      ________      ________      ________      ________
 WB                 0             0             0             0             0
 TCE                0             0             0             0             0
 SN                 0             0             0             0             0
 FAMILY             0             0             0             0             0
 WEAK_TIE           0             0             0             0             0
 WEEKEND            0             0             0             0             0
 TXF                0             0             0             0             0
 TXW                0             0             0             0             0
 SXF                0             0             0             0             0
 SXW                0             0             0             0             0


           BETA
              WEEKEND       TXF           TXW           SXF           SXW
              ________      ________      ________      ________      ________
 WB                 1             0             0             0             0
 TCE                0             0             0             0             0
 SN                 0             0             0             0             0
 FAMILY             0             0             0             0             0
 WEAK_TIE           0             0             0             0             0
 WEEKEND            0             0             0             0             0
 TXF                0             0             0             0             0
 TXW                0             0             0             0             0
 SXF                0             0             0             0             0
 SXW                0             0             0             0             0


           PSI
              WB            TCE           SN            FAMILY        WEAK_TIE
              ________      ________      ________      ________      ________
 WB                 2
 TCE                0             0
 SN                 0             0             0
 FAMILY             0             0             0             0
 WEAK_TIE           0             0             0             0             0
 WEEKEND            0             0             0             0             0
 TXF                0             0             0             0             0
 TXW                0             0             0             0             0
 SXF                0             0             0             0             0
 SXW                0             0             0             0             0


           PSI
              WEEKEND       TXF           TXW           SXF           SXW
              ________      ________      ________      ________      ________
 WEEKEND            0
 TXF                0             0
 TXW                0             0             0
 SXF                0             0             0             0
 SXW                0             0             0             0             0


     PARAMETER SPECIFICATION FOR BETWEEN


           NU
              WB            N
              ________      ________
                    0             0


           LAMBDA
              S1            S2            S3            S4            S5
              ________      ________      ________      ________      ________
 WB                 0             0             0             0             0
 N                  0             0             0             0             0


           LAMBDA
              S6            S7            S8            WB            N
              ________      ________      ________      ________      ________
 WB                 0             0             0             0             0
 N                  0             0             0             0             0


           THETA
              WB            N
              ________      ________
 WB                 0
 N                  0             0


           ALPHA
              S1            S2            S3            S4            S5
              ________      ________      ________      ________      ________
                    3             4             5             6             7


           ALPHA
              S6            S7            S8            WB            N
              ________      ________      ________      ________      ________
                    8             9            10            11             0


           BETA
              S1            S2            S3            S4            S5
              ________      ________      ________      ________      ________
 S1                 0             0             0             0             0
 S2                 0             0             0             0             0
 S3                 0             0             0             0             0
 S4                 0             0             0             0             0
 S5                 0             0             0             0             0
 S6                 0             0             0             0             0
 S7                 0             0             0             0             0
 S8                 0             0             0             0             0
 WB                 0             0             0             0             0
 N                  0             0             0             0             0


           BETA
              S6            S7            S8            WB            N
              ________      ________      ________      ________      ________
 S1                 0             0             0             0            12
 S2                 0             0             0             0            13
 S3                 0             0             0             0            14
 S4                 0             0             0             0            15
 S5                 0             0             0             0            16
 S6                 0             0             0             0            17
 S7                 0             0             0             0            18
 S8                 0             0             0             0            19
 WB                 0             0             0             0            20
 N                  0             0             0             0             0


           PSI
              S1            S2            S3            S4            S5
              ________      ________      ________      ________      ________
 S1                21
 S2                22            23
 S3                24            25            26
 S4                27            28            29            30
 S5                31            32            33            34            35
 S6                36            37            38            39            40
 S7                42            43            44            45            46
 S8                49            50            51            52            53
 WB                57            58            59            60            61
 N                  0             0             0             0             0


           PSI
              S6            S7            S8            WB            N
              ________      ________      ________      ________      ________
 S6                41
 S7                47            48
 S8                54            55            56
 WB                62            63            64            65
 N                  0             0             0             0             0


     STARTING VALUES FOR WITHIN


           NU
              WB            TCE           SN            FAMILY        WEAK_TIE
              ________      ________      ________      ________      ________
                0.000         0.000         0.000         0.000         0.000


           NU
              WEEKEND       TXF           TXW           SXF           SXW
              ________      ________      ________      ________      ________
                0.000         0.000         0.000         0.000         0.000


           LAMBDA
              WB            TCE           SN            FAMILY        WEAK_TIE
              ________      ________      ________      ________      ________
 WB             1.000         0.000         0.000         0.000         0.000
 TCE            0.000         1.000         0.000         0.000         0.000
 SN             0.000         0.000         1.000         0.000         0.000
 FAMILY         0.000         0.000         0.000         1.000         0.000
 WEAK_TIE       0.000         0.000         0.000         0.000         1.000
 WEEKEND        0.000         0.000         0.000         0.000         0.000
 TXF            0.000         0.000         0.000         0.000         0.000
 TXW            0.000         0.000         0.000         0.000         0.000
 SXF            0.000         0.000         0.000         0.000         0.000
 SXW            0.000         0.000         0.000         0.000         0.000


           LAMBDA
              WEEKEND       TXF           TXW           SXF           SXW
              ________      ________      ________      ________      ________
 WB             0.000         0.000         0.000         0.000         0.000
 TCE            0.000         0.000         0.000         0.000         0.000
 SN             0.000         0.000         0.000         0.000         0.000
 FAMILY         0.000         0.000         0.000         0.000         0.000
 WEAK_TIE       0.000         0.000         0.000         0.000         0.000
 WEEKEND        1.000         0.000         0.000         0.000         0.000
 TXF            0.000         1.000         0.000         0.000         0.000
 TXW            0.000         0.000         1.000         0.000         0.000
 SXF            0.000         0.000         0.000         1.000         0.000
 SXW            0.000         0.000         0.000         0.000         1.000


           THETA
              WB            TCE           SN            FAMILY        WEAK_TIE
              ________      ________      ________      ________      ________
 WB             0.000
 TCE            0.000         0.000
 SN             0.000         0.000         0.000
 FAMILY         0.000         0.000         0.000         0.000
 WEAK_TIE       0.000         0.000         0.000         0.000         0.000
 WEEKEND        0.000         0.000         0.000         0.000         0.000
 TXF            0.000         0.000         0.000         0.000         0.000
 TXW            0.000         0.000         0.000         0.000         0.000
 SXF            0.000         0.000         0.000         0.000         0.000
 SXW            0.000         0.000         0.000         0.000         0.000


           THETA
              WEEKEND       TXF           TXW           SXF           SXW
              ________      ________      ________      ________      ________
 WEEKEND        0.000
 TXF            0.000         0.000
 TXW            0.000         0.000         0.000
 SXF            0.000         0.000         0.000         0.000
 SXW            0.000         0.000         0.000         0.000         0.000


           ALPHA
              WB            TCE           SN            FAMILY        WEAK_TIE
              ________      ________      ________      ________      ________
                0.000         0.000         0.000         0.000         0.000


           ALPHA
              WEEKEND       TXF           TXW           SXF           SXW
              ________      ________      ________      ________      ________
                0.000         0.000         0.000         0.000         0.000


           BETA
              WB            TCE           SN            FAMILY        WEAK_TIE
              ________      ________      ________      ________      ________
 WB             0.000         0.000         0.000         0.000         0.000
 TCE            0.000         0.000         0.000         0.000         0.000
 SN             0.000         0.000         0.000         0.000         0.000
 FAMILY         0.000         0.000         0.000         0.000         0.000
 WEAK_TIE       0.000         0.000         0.000         0.000         0.000
 WEEKEND        0.000         0.000         0.000         0.000         0.000
 TXF            0.000         0.000         0.000         0.000         0.000
 TXW            0.000         0.000         0.000         0.000         0.000
 SXF            0.000         0.000         0.000         0.000         0.000
 SXW            0.000         0.000         0.000         0.000         0.000


           BETA
              WEEKEND       TXF           TXW           SXF           SXW
              ________      ________      ________      ________      ________
 WB             0.000         0.000         0.000         0.000         0.000
 TCE            0.000         0.000         0.000         0.000         0.000
 SN             0.000         0.000         0.000         0.000         0.000
 FAMILY         0.000         0.000         0.000         0.000         0.000
 WEAK_TIE       0.000         0.000         0.000         0.000         0.000
 WEEKEND        0.000         0.000         0.000         0.000         0.000
 TXF            0.000         0.000         0.000         0.000         0.000
 TXW            0.000         0.000         0.000         0.000         0.000
 SXF            0.000         0.000         0.000         0.000         0.000
 SXW            0.000         0.000         0.000         0.000         0.000


           PSI
              WB            TCE           SN            FAMILY        WEAK_TIE
              ________      ________      ________      ________      ________
 WB             0.219
 TCE            0.000         0.070
 SN             0.000         0.000         0.043
 FAMILY         0.000         0.000         0.000         0.038
 WEAK_TIE       0.000         0.000         0.000         0.000         0.025
 WEEKEND        0.000         0.000         0.000         0.000         0.000
 TXF            0.000         0.000         0.000         0.000         0.000
 TXW            0.000         0.000         0.000         0.000         0.000
 SXF            0.000         0.000         0.000         0.000         0.000
 SXW            0.000         0.000         0.000         0.000         0.000


           PSI
              WEEKEND       TXF           TXW           SXF           SXW
              ________      ________      ________      ________      ________
 WEEKEND        0.092
 TXF            0.000         0.008
 TXW            0.000         0.000         0.004
 SXF            0.000         0.000         0.000         0.004
 SXW            0.000         0.000         0.000         0.000         0.003


     STARTING VALUES FOR BETWEEN


           NU
              WB            N
              ________      ________
                0.000         0.000


           LAMBDA
              S1            S2            S3            S4            S5
              ________      ________      ________      ________      ________
 WB             0.000         0.000         0.000         0.000         0.000
 N              0.000         0.000         0.000         0.000         0.000


           LAMBDA
              S6            S7            S8            WB            N
              ________      ________      ________      ________      ________
 WB             0.000         0.000         0.000         1.000         0.000
 N              0.000         0.000         0.000         0.000         1.000


           THETA
              WB            N
              ________      ________
 WB             0.000
 N              0.000         0.000


           ALPHA
              S1            S2            S3            S4            S5
              ________      ________      ________      ________      ________
                0.000         0.000         0.000         0.000         0.000


           ALPHA
              S6            S7            S8            WB            N
              ________      ________      ________      ________      ________
                0.000         0.000         0.000         2.860         0.000


           BETA
              S1            S2            S3            S4            S5
              ________      ________      ________      ________      ________
 S1             0.000         0.000         0.000         0.000         0.000
 S2             0.000         0.000         0.000         0.000         0.000
 S3             0.000         0.000         0.000         0.000         0.000
 S4             0.000         0.000         0.000         0.000         0.000
 S5             0.000         0.000         0.000         0.000         0.000
 S6             0.000         0.000         0.000         0.000         0.000
 S7             0.000         0.000         0.000         0.000         0.000
 S8             0.000         0.000         0.000         0.000         0.000
 WB             0.000         0.000         0.000         0.000         0.000
 N              0.000         0.000         0.000         0.000         0.000


           BETA
              S6            S7            S8            WB            N
              ________      ________      ________      ________      ________
 S1             0.000         0.000         0.000         0.000         0.000
 S2             0.000         0.000         0.000         0.000         0.000
 S3             0.000         0.000         0.000         0.000         0.000
 S4             0.000         0.000         0.000         0.000         0.000
 S5             0.000         0.000         0.000         0.000         0.000
 S6             0.000         0.000         0.000         0.000         0.000
 S7             0.000         0.000         0.000         0.000         0.000
 S8             0.000         0.000         0.000         0.000         0.000
 WB             0.000         0.000         0.000         0.000         0.000
 N              0.000         0.000         0.000         0.000         0.000


           PSI
              S1            S2            S3            S4            S5
              ________      ________      ________      ________      ________
 S1             1.000
 S2             0.000         1.000
 S3             0.000         0.000         1.000
 S4             0.000         0.000         0.000         1.000
 S5             0.000         0.000         0.000         0.000         1.000
 S6             0.000         0.000         0.000         0.000         0.000
 S7             0.000         0.000         0.000         0.000         0.000
 S8             0.000         0.000         0.000         0.000         0.000
 WB             0.000         0.000         0.000         0.000         0.000
 N              0.000         0.000         0.000         0.000         0.000


           PSI
              S6            S7            S8            WB            N
              ________      ________      ________      ________      ________
 S6             1.000
 S7             0.000         1.000
 S8             0.000         0.000         1.000
 WB             0.000         0.000         0.000         0.219
 N              0.000         0.000         0.000         0.000         0.256



     PRIORS FOR ALL PARAMETERS            PRIOR MEAN      PRIOR VARIANCE     PRIOR STD. DEV.

     Parameter 1~N(0.000,infinity)           0.0000            infinity            infinity
     Parameter 2~IG(-1.000,0.000)          infinity            infinity            infinity
     Parameter 3~N(0.000,infinity)           0.0000            infinity            infinity
     Parameter 4~N(0.000,infinity)           0.0000            infinity            infinity
     Parameter 5~N(0.000,infinity)           0.0000            infinity            infinity
     Parameter 6~N(0.000,infinity)           0.0000            infinity            infinity
     Parameter 7~N(0.000,infinity)           0.0000            infinity            infinity
     Parameter 8~N(0.000,infinity)           0.0000            infinity            infinity
     Parameter 9~N(0.000,infinity)           0.0000            infinity            infinity
     Parameter 10~N(0.000,infinity)          0.0000            infinity            infinity
     Parameter 11~N(0.000,infinity)          0.0000            infinity            infinity
     Parameter 12~N(0.000,infinity)          0.0000            infinity            infinity
     Parameter 13~N(0.000,infinity)          0.0000            infinity            infinity
     Parameter 14~N(0.000,infinity)          0.0000            infinity            infinity
     Parameter 15~N(0.000,infinity)          0.0000            infinity            infinity
     Parameter 16~N(0.000,infinity)          0.0000            infinity            infinity
     Parameter 17~N(0.000,infinity)          0.0000            infinity            infinity
     Parameter 18~N(0.000,infinity)          0.0000            infinity            infinity
     Parameter 19~N(0.000,infinity)          0.0000            infinity            infinity
     Parameter 20~N(0.000,infinity)          0.0000            infinity            infinity
     Parameter 21~IW(0.000,-10)            infinity            infinity            infinity
     Parameter 22~IW(0.000,-10)            infinity            infinity            infinity
     Parameter 23~IW(0.000,-10)            infinity            infinity            infinity
     Parameter 24~IW(0.000,-10)            infinity            infinity            infinity
     Parameter 25~IW(0.000,-10)            infinity            infinity            infinity
     Parameter 26~IW(0.000,-10)            infinity            infinity            infinity
     Parameter 27~IW(0.000,-10)            infinity            infinity            infinity
     Parameter 28~IW(0.000,-10)            infinity            infinity            infinity
     Parameter 29~IW(0.000,-10)            infinity            infinity            infinity
     Parameter 30~IW(0.000,-10)            infinity            infinity            infinity
     Parameter 31~IW(0.000,-10)            infinity            infinity            infinity
     Parameter 32~IW(0.000,-10)            infinity            infinity            infinity
     Parameter 33~IW(0.000,-10)            infinity            infinity            infinity
     Parameter 34~IW(0.000,-10)            infinity            infinity            infinity
     Parameter 35~IW(0.000,-10)            infinity            infinity            infinity
     Parameter 36~IW(0.000,-10)            infinity            infinity            infinity
     Parameter 37~IW(0.000,-10)            infinity            infinity            infinity
     Parameter 38~IW(0.000,-10)            infinity            infinity            infinity
     Parameter 39~IW(0.000,-10)            infinity            infinity            infinity
     Parameter 40~IW(0.000,-10)            infinity            infinity            infinity
     Parameter 41~IW(0.000,-10)            infinity            infinity            infinity
     Parameter 42~IW(0.000,-10)            infinity            infinity            infinity
     Parameter 43~IW(0.000,-10)            infinity            infinity            infinity
     Parameter 44~IW(0.000,-10)            infinity            infinity            infinity
     Parameter 45~IW(0.000,-10)            infinity            infinity            infinity
     Parameter 46~IW(0.000,-10)            infinity            infinity            infinity
     Parameter 47~IW(0.000,-10)            infinity            infinity            infinity
     Parameter 48~IW(0.000,-10)            infinity            infinity            infinity
     Parameter 49~IW(0.000,-10)            infinity            infinity            infinity
     Parameter 50~IW(0.000,-10)            infinity            infinity            infinity
     Parameter 51~IW(0.000,-10)            infinity            infinity            infinity
     Parameter 52~IW(0.000,-10)            infinity            infinity            infinity
     Parameter 53~IW(0.000,-10)            infinity            infinity            infinity
     Parameter 54~IW(0.000,-10)            infinity            infinity            infinity
     Parameter 55~IW(0.000,-10)            infinity            infinity            infinity
     Parameter 56~IW(0.000,-10)            infinity            infinity            infinity
     Parameter 57~IW(0.000,-10)            infinity            infinity            infinity
     Parameter 58~IW(0.000,-10)            infinity            infinity            infinity
     Parameter 59~IW(0.000,-10)            infinity            infinity            infinity
     Parameter 60~IW(0.000,-10)            infinity            infinity            infinity
     Parameter 61~IW(0.000,-10)            infinity            infinity            infinity
     Parameter 62~IW(0.000,-10)            infinity            infinity            infinity
     Parameter 63~IW(0.000,-10)            infinity            infinity            infinity
     Parameter 64~IW(0.000,-10)            infinity            infinity            infinity
     Parameter 65~IW(0.000,-10)            infinity            infinity            infinity


TECHNICAL 8 OUTPUT


   TECHNICAL 8 OUTPUT FOR BAYES ESTIMATION

     CHAIN    BSEED
     1        0
     2        285380

                     POTENTIAL       PARAMETER WITH
     ITERATION    SCALE REDUCTION      HIGHEST PSR
     100              5.610               44
     200              4.324               64
     300              3.668               36
     400              3.300               43
     500              2.809               43
     600              2.390               43
     700              2.248               43
     800              2.052               49
     900              2.495               49
     1000             2.698               49
     1100             3.040               49
     1200             2.350               49
     1300             2.098               50
     1400             1.884               28
     1500             1.864               28
     1600             1.619               35
     1700             1.694               35
     1800             1.752               35
     1900             1.725               35
     2000             1.710               35
     2100             1.604               35
     2200             1.566               35
     2300             1.561               35
     2400             1.408               51
     2500             1.454               36
     2600             1.433               36
     2700             1.415               39
     2800             1.437               39
     2900             1.439               39
     3000             1.425               5
     3100             1.417               5
     3200             1.335               42
     3300             1.309               34
     3400             1.292               34
     3500             1.322               34
     3600             1.366               34
     3700             1.381               34
     3800             1.390               34
     3900             1.334               34
     4000             1.300               34
     4100             1.299               34
     4200             1.288               34
     4300             1.275               34
     4400             1.240               32
     4500             1.214               34
     4600             1.223               34
     4700             1.218               35
     4800             1.265               35
     4900             1.296               35
     5000             1.295               28
     5100             1.322               29
     5200             1.336               28
     5300             1.333               29
     5400             1.367               29
     5500             1.381               29
     5600             1.396               29
     5700             1.362               40
     5800             1.373               40
     5900             1.377               40
     6000             1.384               40
     6100             1.399               40
     6200             1.382               40
     6300             1.374               40
     6400             1.358               27
     6500             1.358               27
     6600             1.332               27
     6700             1.318               27
     6800             1.315               29
     6900             1.322               27
     7000             1.343               27
     7100             1.393               27
     7200             1.416               27
     7300             1.380               27
     7400             1.387               30
     7500             1.406               30
     7600             1.384               30
     7700             1.408               50
     7800             1.452               50
     7900             1.461               50
     8000             1.472               50
     8100             1.442               50
     8200             1.448               50
     8300             1.446               50
     8400             1.429               50
     8500             1.397               50
     8600             1.407               50
     8700             1.420               50
     8800             1.419               50
     8900             1.422               50
     9000             1.417               50
     9100             1.404               50
     9200             1.369               50
     9300             1.337               50
     9400             1.337               34
     9500             1.321               34
     9600             1.323               34
     9700             1.334               50
     9800             1.342               50
     9900             1.355               50
     10000            1.332               50
     10100            1.296               50
     10200            1.260               50
     10300            1.262               34
     10400            1.261               34
     10500            1.253               34
     10600            1.249               38
     10700            1.262               42
     10800            1.255               42
     10900            1.240               42
     11000            1.245               38
     11100            1.253               38
     11200            1.255               38
     11300            1.258               38
     11400            1.258               38
     11500            1.251               38
     11600            1.244               38
     11700            1.242               38
     11800            1.249               48
     11900            1.260               48
     12000            1.287               48
     12100            1.316               48
     12200            1.340               48
     12300            1.358               48
     12400            1.381               48
     12500            1.394               48
     12600            1.406               48
     12700            1.394               48
     12800            1.390               48
     12900            1.374               48
     13000            1.349               48
     13100            1.309               48
     13200            1.294               48
     13300            1.270               48
     13400            1.257               55
     13500            1.240               48
     13600            1.223               48
     13700            1.202               48
     13800            1.182               48
     13900            1.169               48
     14000            1.163               38
     14100            1.159               38
     14200            1.152               38
     14300            1.148               38
     14400            1.146               9
     14500            1.147               9
     14600            1.146               9
     14700            1.141               38
     14800            1.135               38
     14900            1.135               38
     15000            1.133               38
     15100            1.143               9
     15200            1.152               63
     15300            1.161               63
     15400            1.168               63
     15500            1.169               63
     15600            1.169               63
     15700            1.171               63
     15800            1.173               63
     15900            1.174               63
     16000            1.172               63
     16100            1.166               63
     16200            1.160               63
     16300            1.151               63
     16400            1.145               63
     16500            1.147               63
     16600            1.149               63
     16700            1.153               63
     16800            1.147               63
     16900            1.136               63
     17000            1.132               63
     17100            1.136               63
     17200            1.138               63
     17300            1.132               63
     17400            1.134               63
     17500            1.136               63
     17600            1.137               63
     17700            1.139               56
     17800            1.144               56
     17900            1.147               56
     18000            1.141               56
     18100            1.138               56
     18200            1.139               56
     18300            1.142               56
     18400            1.141               56
     18500            1.135               56
     18600            1.132               56
     18700            1.134               56
     18800            1.134               63
     18900            1.133               63
     19000            1.134               63
     19100            1.135               63
     19200            1.135               63
     19300            1.137               63
     19400            1.137               63
     19500            1.135               63
     19600            1.130               63
     19700            1.125               63
     19800            1.122               63
     19900            1.122               63
     20000            1.123               63
     20100            1.122               63
     20200            1.123               63
     20300            1.124               63
     20400            1.130               63
     20500            1.131               63
     20600            1.132               63
     20700            1.136               63
     20800            1.135               63
     20900            1.134               63
     21000            1.132               63
     21100            1.124               63
     21200            1.124               63
     21300            1.122               63
     21400            1.123               63
     21500            1.118               63
     21600            1.116               63
     21700            1.117               63
     21800            1.118               63
     21900            1.118               63
     22000            1.114               63
     22100            1.116               63
     22200            1.114               63
     22300            1.113               63
     22400            1.111               63
     22500            1.114               63
     22600            1.105               63
     22700            1.103               63
     22800            1.095               63


     Beginning Time:  20:52:58
        Ending Time:  21:25:03
       Elapsed Time:  00:32:05



MUTHEN & MUTHEN
3463 Stoner Ave.
Los Angeles, CA  90066

Tel: (310) 391-9971
Fax: (310) 391-8971
Web: www.StatModel.com
Support: Support@StatModel.com

Copyright (c) 1998-2020 Muthen & Muthen
