Mplus VERSION 8.5 (Mac)
MUTHEN & MUTHEN
03/18/2022   7:11 PM

INPUT INSTRUCTIONS

  TITLE: Analysis 5
  DATA: FILE = analysis4+5_suppl1_S1.dat;
  VARIABLE:
  NAMES = ID WB content stressed lonely
  TVC TCE SN peers family weak_ties
  E A C N O gender ethnicity SES weekend;
  USEVARIABLES = WB
  TCE SN family weak_ties
  weekend
  txf txw sxf sxw;
  CLUSTER = ID;
  WITHIN = TCE SN family weak_ties weekend
  txf txw sxf sxw;
  MISSING = .;
  DEFINE:
  CENTER TCE (GROUPMEAN);
  CENTER SN (GROUPMEAN);
  CENTER family (GROUPMEAN);
  CENTER weak_ties (GROUPMEAN);
  txf=TCE*family;
  txw=TCE*weak_ties;
  sxf=SN*family;
  sxw=SN*weak_ties;
  ANALYSIS: TYPE = TWOLEVEL RANDOM; ESTIMATOR = BAYES;
  BITERATIONS = (10000); PROCESSORS = 2;
  MODEL:
  %WITHIN%
  ! Well-being is predicted by TCE, the slope is random
  S1 | WB ON TCE;
  ! Well-being is predicted by SN, the slope is random
  S2 | WB ON SN;
  ! Well-being is predicted by family, the slope is random
  S3 | WB ON family;
  ! Well-being is predicted by weak ties, the slope is random
  S4 | WB ON weak_ties;
  ! Well-being is predicted by TCE*family, the slope is random
  S5 | WB ON txf;
  ! Well-being is predicted by TCE*weak ties, the slope is random
  S6 | WB ON txw;
  ! Well-being is predicted by SN*family, the slope is random
  S7 | WB ON sxf;
  ! Well-being is predicted by SN*weak ties, the slope is random
  S8 | WB ON sxw;
  ! Control for weekend
  WB ON weekend;
  %BETWEEN%
  ! Covariance between intercept and slopes
  WB S1-S8 WITH WB S1-S8;
  OUTPUT: STDYX STDY TECH8;



*** WARNING in VARIABLE command
  Note that only the first 8 characters of variable names are used in the output.
  Shorten variable names to avoid any confusion.
*** WARNING
  One or more individual-level variables have no variation within a
  cluster for the following clusters.

     Variable   Cluster IDs with no within-cluster variation

      WB          15 760 393 808 405 423 213 436 870 893 907 468 114 496 115 63 979 1017 1019
                  118 1051 541 124 554 563 578 580 287 5 1265 635 1278 85 37 1308 1310 335 1354
                  44 498 660 388 668 1024 711 1086 422 24 1249 867 263 1346 903 520 823 317 883
                  125
      WEEKEND     694 702 704 710 351 200 722 359 361 747 752 201 106 760 389 391 393 204 400
                  805 810 405 209 417 838 25 423 213 62 443 893 217 907 452 458 927 466 468 218
                  934 938 941 946 227 114 958 496 115 234 116 975 63 979 239 1007 1009 1017 1019
                  1026 118 1033 1043 1051 528 68 541 1074 1077 1081 1087 124 1092 546 554 29 30
                  253 563 1119 1126 1127 564 575 1151 576 1157 578 580 135 589 266 136 144 603
                  74 287 609 5 611 33 1224 292 1231 162 1242 1250 36 635 640 1278 85 86 169 37
                  1308 1310 335 1317 1318 1333 665 1337 1354 1373 672 195 345 623 480 269 639
                  226 275 498 79 655 667 978 983 1000 1008 518 684 1024 692 693 1044 53 706 707
                  1070 713 401 402 732 742 1118 297 553 1132 93 207 308 772 421 779 569 794 1189
                  577 24 322 327 1232 1237 819 824 49 1261 837 337 606 854 862 867 179 263 1339
                  1346 265 613 1368 898 1382 622 1389 913 316 895 1117 724 103 900 1131 40 1136
                  55 520 8 173 632 1165 341 220 1197 1205 1208 1209 649 348 350 995 225 187 1252
                  1258 1013 1015 457 1273 372 375 1049 839 376 1056 1311 230 487 1327 579 698
                  1352 1365 20 155 157 876 69 502 627 80 633 219 273 500 370 321 653 750 1066
                  437 378 661 334 383 762 442 286 917 918 924 931 395 791 1125 793 955 1344 956
                  145 1366 474 52 865 965 970 171 982 994 712 896 497 550 1295 1018 41 325 1037
                  251 681 1065 105 1349 126 1222 771 109 804 152 1028 212 329 28 1149 58 536 789
                  1027 1129 656 142 976 1064 857 621 803 868 1361 588 279 618 829 985 939 174
                  1238 1312 1204 233 1254 516 214 406 1251 897 1320 481 1302 921 1319
      TXF         685 694 699 702 704 15 710 351 200 722 359 361 745 747 752 201 106 760 389 391
                  393 204 798 400 801 805 808 206 810 405 209 417 836 838 25 420 423 213 436 870
                  62 441 443 893 217 451 907 452 458 927 466 468 218 934 938 941 113 946 227 114
                  958 496 115 234 116 975 63 979 239 515 1007 1009 1017 1019 1026 118 1033 1043
                  1051 1055 525 528 68 541 1074 1077 1081 1087 124 1092 546 554 29 30 253 563
                  1119 1126 1127 564 575 1151 576 1157 578 580 260 135 589 266 136 144 603 74
                  287 609 5 611 33 1224 292 1231 162 1242 1248 1250 36 1265 635 166 1270 640 1278
                  85 86 169 654 37 1308 1310 335 1317 1318 1333 665 1337 1354 44 1373 672 195
                  676 345 623 480 923 636 269 639 275 498 655 657 377 660 961 380 667 668 983
                  512 1000 514 1006 146 1008 518 684 51 1020 1024 692 693 523 1044 527 703 53
                  706 707 530 532 711 1080 713 1086 17 401 719 402 1099 1101 731 732 735 545 1118
                  297 1120 547 1132 1137 748 299 1147 26 93 207 308 772 1162 1163 421 779 784
                  786 569 1183 794 422 98 577 24 327 440 1232 1237 819 822 1247 824 101 49 1261
                  1262 259 600 446 337 854 856 178 861 862 1306 867 456 871 874 880 882 179 263
                  1339 1346 265 613 1368 78 1382 268 622 1389 1390 913 1104 120 605 313 316 1117
                  724 103 900 903 411 910 1128 1130 1131 40 1136 55 1138 743 8 1148 262 111 1156
                  751 173 1160 629 1165 634 764 88 531 775 1182 429 534 220 968 346 1197 1198
                  542 792 1205 1208 1209 649 222 1219 348 350 139 34 1252 1257 1258 1015 365 457
                  367 827 830 568 1282 1038 375 1049 376 1056 1311 1060 1063 230 1330 50 1335
                  698 1075 490 1351 196 586 1365 20 1 157 203 69 502 1102 758 826 828 833 627
                  80 67 847 238 273 370 1210 1039 1214 321 864 1225 646 176 653 746 221 750 285
                  825 661 334 383 762 442 1268 769 286 119 1276 1279 445 1100 1284 1287 917 918
                  1293 161 924 783 60 787 677 1315 791 1125 3 945 796 190 948 949 687 1344 956
                  1145 145 1357 1359 1150 474 1369 695 52 304 484 700 1235 642 865 962 426 970
                  171 1256 392 1121 540 317 883 991 994 356 1133 357 890 716 896 718 497 288 550
                  325 267 147 1046 511 681 83 930 105 340 1353 753 1202 686 459 1367 255 257 1216
                  581 1220 1222 771 952 954 990 56 194 1271 858 593 641 1178 1180 109 509 470
                  866 804 1103 1195 602 1307 435 647 342 879 1028 258 198 1332 565 1041 212 1227
                  1045 415 1057 354 533 1149 58 536 1152 6 1155 911 789 584 1392 782 1187 1027
                  1190 1114 737 184 844 1207 963 368 10 1212 245 969 141 656 1322 976 800 621
                  104 159 271 868 89 1355 936 1253 1090 548 414 483 65 1374 1380 1266 944 102
                  1175 601 729 382 776 1078 618 336 551 475 248 1097 134 505 208 453 1292 489
                  683 1238 1176 1177 1393 1312 324 1345 233 556 727 1215 516 1264 544 1226 1234
                  651 214 454 925 112 177 1105 728 59 557 659 1184 508 1309 363 852 688 1377 1161
                  180 887 1331 720 1251 1260 806 897 293 538 397 873 756 757 1192 1054 486 1340
                  310 298 481 723 188 315 921 1001 749 42 360 1385 1230 592 689 1303 121 788 1241
                  881 1031 585 1246 1375 807 125 1319 840 61 1003 472 705
      TXW         685 694 699 702 704 15 710 351 200 722 359 361 745 747 752 201 106 760 389 391
                  393 204 798 400 801 805 808 206 810 405 209 417 836 838 25 420 423 213 436 870
                  62 441 443 893 217 451 907 452 458 927 466 468 218 934 938 941 113 946 227 114
                  958 496 115 234 116 975 63 979 239 515 1007 1009 1017 1019 1026 118 1033 1043
                  1051 1055 525 528 68 541 1074 1077 1081 1087 124 1092 546 554 29 30 253 563
                  1119 1126 1127 564 575 1151 576 1157 578 580 260 135 589 266 136 144 603 74
                  287 609 5 611 33 1224 292 1231 162 1242 1248 1250 36 1265 635 166 1270 640 1278
                  85 86 169 654 37 1308 1310 335 1317 1318 1333 665 1337 1354 44 1373 672 195
                  676 345 480 923 488 636 269 639 226 495 942 498 79 947 655 657 377 660 961 388
                  667 668 978 983 512 1000 514 1006 146 1008 684 51 1020 1024 692 693 523 398
                  1044 527 703 53 706 707 1070 532 711 1080 713 17 401 719 402 1096 1101 731 732
                  735 545 742 1118 1120 547 553 1132 748 299 1147 26 93 207 308 772 1162 421 566
                  779 784 786 569 1183 794 570 1189 422 98 577 24 430 327 440 1232 1237 819 822
                  1249 101 49 1262 837 259 600 446 337 606 854 178 861 1297 862 1306 867 456 1313
                  871 874 880 882 263 1339 1346 265 613 1368 78 898 1382 268 1386 622 1389 1390
                  913 1104 120 605 313 895 1117 724 103 900 903 411 910 1128 1130 1131 40 1136
                  55 1138 520 743 8 1148 262 111 526 751 173 1160 629 632 634 764 88 775 1182
                  429 534 220 968 346 1197 1198 542 792 1205 1208 348 995 137 225 139 1245 187
                  34 815 666 1257 1258 1012 1013 1015 365 457 367 827 1273 830 568 1282 1038 191
                  375 1049 1301 376 1056 1311 1060 1063 230 487 1327 1330 50 1335 1075 490 1351
                  1352 586 1365 20 1 155 876 203 69 502 1102 758 826 19 828 833 626 627 307 80
                  633 67 847 418 238 219 273 1210 1039 1214 321 864 1225 646 176 653 95 1066 285
                  437 825 661 334 383 762 442 1268 769 286 119 1276 914 1279 445 1284 1285 1287
                  917 918 1293 390 161 924 783 60 931 1315 791 1125 3 945 796 190 948 949 687
                  955 1344 956 691 1145 537 145 1357 1359 1150 474 1369 696 701 304 1229 700 1235
                  642 107 482 865 1244 962 965 426 427 970 1256 708 878 540 982 317 883 991 994
                  712 1133 890 896 718 497 288 550 1295 1018 325 906 741 448 1046 679 681 83 1065
                  1349 340 1353 753 686 631 459 257 284 1216 581 1220 1222 771 952 990 56 993
                  194 1271 795 1089 858 593 641 1180 109 509 470 866 1291 804 1103 1194 1195 602
                  1107 1307 435 647 342 477 1314 1028 258 1324 439 565 1041 212 1227 1045 415
                  283 1057 1240 329 533 28 1149 58 536 1152 82 6 1155 789 338 1392 782 1277 1187
                  1027 1190 129 1114 737 450 529 184 394 844 1207 1124 963 368 10 1129 969 141
                  656 374 142 1323 976 1064 1141 857 800 621 803 539 156 1073 104 159 271 1350
                  868 410 89 384 1253 1090 588 548 414 483 65 1374 1014 1381 1266 102 279 601
                  729 780 908 461 382 776 1079 618 303 551 1139 475 1034 829 1097 134 561 598
                  835 223 985 939 432 1223 208 678 1292 513 489 1300 379 1238 122 1176 519 1393
                  1164 1204 324 984 863 233 1029 842 1254 1298 556 727 1215 869 516 1076 11 1264
                  596 544 648 1226 909 853 651 214 333 404 170 454 925 406 112 177 1105 728 1299
                  59 557 1184 508 1309 164 363 479 852 625 211 270 431 1016 1161 180 48 720 1021
                  552 1260 806 1062 1196 897 293 538 915 397 1320 738 1146 873 1072 756 386 1192
                  662 1054 486 590 298 481 1383 315 921 97 1001 1002 749 1110 928 42 72 249 344
                  1385 1281 689 1303 121 1364 96 1241 881 585 1246 1375 807 369 462 434 182 125
                  1319 875 449 781 980 61 1003 463 1283 472 280 1025 231
      SXF         685 694 699 702 704 15 710 351 200 722 359 361 745 747 752 201 106 760 389 391
                  393 204 798 400 801 805 808 206 810 405 209 417 836 838 25 420 423 213 436 870
                  62 441 443 893 217 451 907 452 458 927 466 468 218 934 938 941 113 946 227 114
                  958 496 115 234 116 975 63 979 239 515 1007 1009 1017 1019 1026 118 1033 1043
                  1051 1055 525 528 68 541 1074 1077 1081 1087 124 1092 546 554 29 30 253 563
                  1119 1126 1127 564 575 1151 576 1157 578 580 260 135 589 266 136 144 603 74
                  287 609 5 611 33 1224 292 1231 162 1242 1248 1250 36 1265 635 166 1270 640 1278
                  85 86 169 654 37 1308 1310 335 1317 1318 1333 665 1337 1354 44 1373 672 195
                  676 345 623 923 488 636 269 639 275 942 498 79 655 657 377 660 961 380 664 388
                  667 668 978 983 512 1000 514 1006 146 1008 518 684 51 1024 692 693 523 398 1044
                  527 703 53 706 707 1070 530 532 711 1080 713 1086 17 401 719 402 1099 1101 731
                  732 735 545 742 1118 297 1120 547 1132 1137 748 299 1147 26 93 207 308 772 1162
                  1163 421 566 779 784 786 569 1183 794 570 422 98 577 430 327 440 1232 1237 819
                  822 1247 824 1249 101 49 1261 1262 837 259 600 446 337 854 856 178 861 1297
                  862 867 456 1313 874 880 882 179 263 1339 1346 265 613 1368 78 898 1382 268
                  1386 622 1389 1390 913 1104 120 605 316 1117 724 103 900 903 411 910 1128 1130
                  1131 40 1136 55 1138 520 743 8 262 111 1156 526 751 173 629 1165 634 341 764
                  88 531 775 1182 429 534 220 968 346 1197 1198 542 792 1205 1208 1209 649 222
                  1219 348 350 987 995 137 225 139 1245 34 1252 1257 1258 1012 1013 1015 365 457
                  367 827 830 372 568 1282 1038 191 375 1049 839 376 1056 845 1311 1060 1063 230
                  487 1330 50 1335 698 1075 1342 490 1351 196 586 1365 20 1 155 157 876 203 69
                  502 758 826 828 408 833 627 80 633 67 847 418 238 273 500 370 1210 572 1214
                  321 864 1225 646 176 746 221 750 1066 285 437 825 334 383 762 442 901 902 1268
                  767 769 286 119 1276 914 1279 445 1100 1284 1287 917 918 1293 161 924 783 60
                  787 677 1315 791 1125 793 945 796 190 948 949 687 1344 956 691 1145 145 1357
                  1359 1150 1369 695 52 232 304 823 484 700 1235 642 107 482 865 965 426 970 171
                  1256 872 392 1121 540 982 317 883 991 994 712 356 1133 357 890 716 319 896 718
                  497 288 550 1295 325 906 192 741 267 147 1046 511 681 83 930 832 105 1349 340
                  1353 753 1202 686 459 1367 255 126 1216 581 1220 1222 771 952 954 990 56 194
                  1271 1089 858 593 641 1178 109 1098 509 470 866 804 1103 1194 1195 602 1307
                  435 647 152 879 1028 258 1324 198 1332 565 1041 212 1227 1045 415 1057 354 1240
                  329 533 28 1149 58 536 1152 6 1155 911 789 584 338 1392 782 1109 1187 1027 1190
                  1114 492 737 450 184 394 844 1207 963 368 10 1212 245 969 141 656 374 142 1322
                  1323 976 857 800 621 539 156 104 159 271 868 410 89 1355 936 1253 1255 1090
                  588 548 414 483 65 1374 1380 1266 944 102 1175 601 776 1078 618 336 551 185
                  475 558 248 829 1097 134 223 505 208 453 513 489 683 721 1238 122 1176 1177
                  519 1393 1312 324 1345 863 233 842 1254 556 727 1215 516 11 544 648 1226 1085
                  320 1234 651 214 333 1334 1395 454 925 112 177 1105 728 1299 59 557 659 1184
                  997 508 1309 363 852 688 625 270 1377 1161 180 887 1331 48 1286 720 552 1134
                  1251 1260 806 1062 1341 897 293 538 397 1320 503 1146 873 1072 757 1192 1054
                  486 1340 100 310 562 428 298 481 723 188 315 921 1001 749 928 42 360 72 1385
                  1281 1230 592 689 1303 121 788 96 1241 881 1031 585 256 1246 1375 807 462 125
                  1319 840 781 980 61 1343 802 1003 472 705 671 1042 1025 231 355
      SXW         685 694 699 702 704 15 710 351 200 722 359 361 745 747 752 201 106 760 389 391
                  393 204 798 400 801 805 808 206 810 405 209 417 836 838 25 420 423 213 436 870
                  62 441 443 893 217 451 907 452 458 927 466 468 218 934 938 941 113 946 227 114
                  958 496 115 234 116 975 63 979 239 515 1007 1009 1017 1019 1026 118 1033 1043
                  1051 1055 525 528 68 541 1074 1077 1081 1087 124 1092 546 554 29 30 253 563
                  1119 1126 1127 564 575 1151 576 1157 578 580 260 135 589 266 136 144 603 74
                  287 609 5 611 33 1224 292 1231 162 1242 1248 1250 36 1265 635 166 1270 640 1278
                  85 86 169 654 37 1308 1310 335 1317 1318 1333 665 1337 1354 44 1373 672 195
                  676 345 623 480 923 488 636 269 639 226 495 275 942 498 79 947 655 657 377 660
                  961 664 388 667 668 978 983 512 1000 514 1006 146 1008 684 51 1024 692 693 523
                  398 1044 527 703 53 706 707 1070 532 711 1080 713 1086 17 401 719 402 1096 1099
                  1101 731 732 735 545 742 1118 1120 547 553 1132 748 299 1147 26 93 207 772 1162
                  421 566 779 786 569 1183 794 570 1189 422 98 577 24 430 327 440 1232 1237 819
                  822 1249 101 49 1262 837 259 446 337 606 854 856 178 861 1297 862 867 456 1313
                  871 874 880 882 263 1339 1346 265 613 1368 78 898 1382 268 1386 622 1389 1390
                  913 1104 120 605 895 1117 724 103 900 903 411 910 1128 1130 1131 40 1136 55
                  1138 520 743 8 262 111 1156 526 751 173 629 632 634 341 764 88 531 775 1182
                  429 534 220 968 346 1197 1198 542 792 1205 1208 222 1219 348 350 987 995 137
                  225 139 1245 187 34 815 666 1257 1258 1012 1013 1015 365 457 367 827 1273 830
                  372 568 1282 1038 191 375 1049 1301 839 376 1056 845 1311 1060 1063 230 487
                  1327 1330 50 1335 1075 1342 490 1351 1352 586 1365 20 1 155 157 876 203 69 502
                  1102 758 826 19 828 408 833 626 627 307 80 633 67 847 418 238 219 273 500 370
                  1210 572 1039 1214 321 864 1225 646 176 653 746 95 1066 285 437 825 661 334
                  383 762 442 901 902 1268 767 769 286 119 1276 914 1279 445 1284 1285 1287 917
                  918 1293 390 161 924 783 60 931 677 1315 791 1125 793 945 796 190 948 949 687
                  955 1344 956 691 1145 537 145 1357 1359 1150 474 1369 696 232 701 304 823 484
                  1229 700 1235 642 107 482 865 1244 962 965 426 427 970 1256 872 708 392 878
                  540 982 317 883 991 994 712 356 1133 890 319 896 718 497 288 550 1295 1018 325
                  906 192 741 448 147 1046 511 679 681 83 832 1065 1349 340 1353 753 1202 686
                  631 459 126 284 1216 581 1220 1222 771 952 990 56 993 194 1271 795 1089 858
                  593 641 1180 109 1098 509 470 866 1291 804 1103 1194 1195 602 1107 1307 435
                  647 342 477 1314 152 1028 258 1324 439 1332 565 1041 212 1227 1045 415 283 1057
                  1240 329 533 28 1149 58 536 1152 82 6 1155 911 789 338 1392 782 1277 1109 1187
                  1027 1190 129 1114 492 737 450 529 184 394 844 1207 1124 963 368 10 245 1129
                  969 141 656 374 142 1323 976 1064 1141 857 800 621 803 539 156 1073 104 159
                  271 1350 868 410 89 384 936 1253 1255 1090 588 548 414 483 65 1374 1014 1381
                  1266 102 279 601 729 780 908 461 382 776 1079 618 303 551 1139 185 475 558 1034
                  829 1097 134 561 598 835 223 985 939 432 1223 208 678 513 489 1300 379 721 1238
                  122 1176 519 1393 1164 1204 324 984 863 233 1029 842 1254 1298 556 727 1215
                  869 516 1076 11 596 544 648 1226 909 853 1085 320 651 214 333 404 1334 170 1395
                  454 925 406 112 177 1105 728 1299 59 557 659 1184 997 508 1309 164 363 479 852
                  625 211 270 431 1016 1161 180 1331 48 1286 720 1021 552 1134 1260 806 1062 1196
                  1341 293 538 915 397 1320 503 738 1146 873 1072 386 1192 662 1054 486 100 590
                  310 562 428 298 481 1383 315 921 97 1001 1002 749 1110 928 42 360 72 249 344
                  1385 1281 592 689 1303 121 1364 96 1241 881 585 256 1246 1375 807 369 462 434
                  182 125 1319 875 449 781 980 61 1343 802 1003 463 1283 472 705 280 671 1042
                  1025 231 355

*** WARNING
  Data set contains cases with missing on all variables except
  x-variables.  These cases were not included in the analysis.
  Number of cases with missing on all variables except x-variables:  2
   3 WARNING(S) FOUND IN THE INPUT INSTRUCTIONS



Analysis 5

SUMMARY OF ANALYSIS

Number of groups                                                 1
Number of observations                                        6700

Number of dependent variables                                    1
Number of independent variables                                  9
Number of continuous latent variables                            8

Observed dependent variables

  Continuous
   WB

Observed independent variables
   TCE         SN          FAMILY      WEAK_TIE    WEEKEND     TXF
   TXW         SXF         SXW

Continuous latent variables
   S1          S2          S3          S4          S5          S6
   S7          S8

Variables with special functions

  Cluster variable      ID

  Within variables
   TCE         SN          FAMILY      WEAK_TIE    WEEKEND     TXF
   TXW         SXF         SXW

  Centering (GROUPMEAN)
   TCE         SN          FAMILY      WEAK_TIE


Estimator                                                    BAYES
Specifications for Bayesian Estimation
  Point estimate                                            MEDIAN
  Number of Markov chain Monte Carlo (MCMC) chains               2
  Random seed for the first chain                                0
  Starting value information                           UNPERTURBED
  Algorithm used for Markov chain Monte Carlo           GIBBS(PX1)
  Convergence criterion                                  0.500D-01
  Maximum number of iterations                               50000
  K-th iteration used for thinning                               1

Input data file(s)
  analysis4+5_suppl1_S1.dat
Input data format  FREE


SUMMARY OF DATA

     Number of clusters                       1203

       Size (s)    Cluster ID with Size s

          1        4 7 14 18 22 31 54 57 71 73 76 77 81 87 92 99 108 110
                   117 123 130 151 154 160 165 167 168 183 189 199 202
                   210 215 224 228 229 235 237 240 241 242 250 252 261
                   272 281 282 290 291 300 301 305 309 311 328 331 339
                   343 347 358 362 373 399 403 412 419 424 438 444 476
                   478 491 494 499 501 504 506 507 522 535 543 555 559
                   560 582 587 591 597 599 604 607 610 612 617 619 624
                   637 643 644 645 658 663 670 675 682 709 714 717 740
                   744 754 759 761 773 778 790 799 809 812 818 834 843
                   848 850 851 860 884 885 889 894 899 916 919 929 932
                   933 943 950 957 959 966 973 974 977 996 1004 1032 1059
                   1067 1069 1071 1091 1094 1108 1111 1112 1113 1115 1142
                   1143 1154 1158 1159 1167 1168 1169 1171 1172 1174 1185
                   1186 1193 1199 1203 1211 1213 1228 1239 1259 1267 1269
                   1275 1280 1288 1290 1294 1304 1316 1336 1356 1379 1384
                   1388 1397
          2        685 694 699 702 704 15 710 351 200 722 359 361 745 747
                   752 201 106 760 389 391 393 204 798 400 801 805 808
                   206 810 405 209 417 836 838 25 420 423 213 436 870 62
                   441 443 893 217 451 907 452 458 927 466 468 218 934
                   938 941 113 946 227 114 958 496 115 234 116 975 63 979
                   239 515 1007 1009 1017 1019 1026 118 1033 1043 1051
                   1055 525 528 68 541 1074 1077 1081 1087 124 1092 546
                   554 29 30 253 563 1119 1126 1127 564 575 1151 576 1157
                   578 580 260 135 589 266 136 144 603 74 287 609 5 611
                   33 1224 292 1231 162 1242 1248 1250 36 1265 635 166
                   1270 640 1278 85 86 169 654 37 1308 1310 335 1317 1318
                   1333 665 1337 1354 44 1373 672 195 676 345
          3        623 480 923 488 636 269 639 226 495 275 942 498 79 947
                   655 657 377 660 961 380 664 388 667 668 978 66 983 512
                   1000 514 1006 146 1008 518 684 51 1020 1024 692 693
                   523 398 1044 527 703 53 706 707 1070 530 532 711 1080
                   713 1086 17 401 719 402 1096 1099 1101 731 732 735 545
                   742 1118 297 1120 1122 547 553 1132 1137 748 299 1147
                   26 93 207 308 772 1162 1163 421 566 779 784 786 569
                   1183 794 570 1189 422 98 577 24 430 322 327 440 1232
                   1237 819 822 1247 824 1249 101 49 1261 1262 837 259
                   600 446 337 606 854 856 178 861 1297 862 1306 867 456
                   1313 871 874 880 882 179 263 1339 1346 265 613 1368
                   78 898 1382 268 1386 622 1389 1390 913
          4        1104 120 605 313 316 895 1117 724 103 900 903 411 910
                   1128 1130 1131 40 1136 55 1138 520 743 8 1148 262 111
                   1156 526 751 173 1160 629 632 1165 634 341 764 88 531
                   775 1182 429 534 220 968 346 1197 1198 542 792 1205
                   1208 1209 649 222 1219 348 350 987 995 137 225 139 1245
                   187 34 815 666 1252 1257 1258 1012 1013 1015 365 457
                   367 827 1273 830 372 568 1282 1038 191 375 1049 1301
                   839 376 1056 845 1311 1060 1063 230 487 1327 1328 1330
                   50 1335 579 698 1075 1342 490 1351 1352 196 586 1365
                   1083 20 1 155 157 876 203 69 502 1102 758
          5        826 19 828 408 833 626 627 307 630 80 633 67 847 418
                   238 219 273 500 370 1210 572 1039 1214 321 864 1225
                   646 176 653 1236 746 221 95 750 1066 285 437 378 825
                   661 334 383 762 442 901 902 1268 767 769 286 119 1276
                   914 1279 445 1100 1284 1285 1287 917 918 1293 390 161
                   924 783 60 931 395 787 677 1315 791 396 1125 793 3 945
                   796 190 948 949 687 955 1344 956 691 1145 537 145 1357
                   1359 1150 1366 474 1369 1153 695 696 52 232 701 304
                   823 484
          6        1229 94 700 1235 642 107 482 865 1244 962 965 426 427
                   970 171 1256 872 708 392 878 1121 540 982 317 883 991
                   994 712 356 1133 357 890 797 716 319 896 718 497 288
                   550 1295 1018 41 325 906 814 192 244 1037 741 267 448
                   147 1046 511 251 679 681 83 930 832 1065 1191 105 1349
                   340 1068 1353 753 1202 686 631 459 465 1367 255 257
                   126 284 1216 581 1220 1222 771 952 954
          7        990 56 993 194 1271 795 1089 858 593 641 1178 1180 109
                   1098 509 470 866 1291 804 1103 1194 1195 602 1107 940
                   1307 435 647 342 477 1314 152 879 1028 258 1324 439
                   198 820 1332 565 1041 212 763 1227 1045 138 302 415
                   283 573 1057 354 1240 329 1243 533 28 1149 58 536 1372
                   1152 82 6 1155 911 789 584 338 1392 364
          8        782 1277 1109 1187 1027 1190 129 366 1114 492 737 450
                   529 184 394 844 1207 1124 963 368 10 1212 245 1129 969
                   141 656 374 142 1322 1323 976 1064 1141 857 800 621
                   803 539 156 926 1073 104 159 271 1350 868 410 89 384
                   1355 1005 936 1253 1361 1255 1090 588 548 414 483 65
                   1374 1014 1380 1381 1266 944 102 1175 279 601 729 780
          9        859 908 461 382 776 1078 1079 618 303 336 551 318 1139
                   185 475 1201 558 248 1034 829 1097 134 561 598 2 835
                   223 505 985 939 432 1223 1362 208 453 312 678 1292 174
                   513 489 1296 683 1300 379 721 1238 122 1176 1177 519
                   1393 1312
         10        1164 1204 324 984 1345 863 233 216 1029 842 1254 1298
                   556 727 1215 869 516 1076 11 1264 596 544 648 1226 909
                   853 1085 320 855 1234 1088 651 214 333 404 1334 170
                   1395 454
         11        925 406 112 177 1105 728 1299 59 557 659 1184 997 508
                   1309 164 363 479 852 688 625 211 270 431 294 1377 1016
                   1161 180 1061 887 1331 48 1286 720 1021 552 1134 1396
                   1251
         12        1260 806 1062 1196 1341 897 293 538 915 964 397 1320
                   503 738 1146 873 1072 756 757 386 1192 662
         13        1054 486 1340 131 100 590 310 562 428 32 298 481 1383
                   723 1302 188 315 921 1173 1360 97 1001 1002
         14        749 1110 928 42 360 72 249 344 1385 1281 1230 592 689
                   1303 13 583 289 121
         15        473 1364 788 96 1241 881 1031 585 256 1246 1375 807
                   369 471
         16        462 434 182 125 1319 840
         17        875 1095 449 781 980 61
         18        1343 197 247 841
         19        802 615
         20        1200 697 1003 777 463 1283
         21        472 705
         22        280 671
         23        1042
         24        1025
         26        736 330 70
         27        594
         29        912
         31        231
         35        355
         39        140



COVARIANCE COVERAGE OF DATA

Minimum covariance coverage value   0.100

     Number of missing data patterns             1


     PROPORTION OF DATA PRESENT


           Covariance Coverage
              WB            TCE           SN            FAMILY        WEAK_TIE
              ________      ________      ________      ________      ________
 WB             1.000
 TCE            1.000         1.000
 SN             1.000         1.000         1.000
 FAMILY         1.000         1.000         1.000         1.000
 WEAK_TIE       1.000         1.000         1.000         1.000         1.000
 WEEKEND        1.000         1.000         1.000         1.000         1.000
 TXF            1.000         1.000         1.000         1.000         1.000
 TXW            1.000         1.000         1.000         1.000         1.000
 SXF            1.000         1.000         1.000         1.000         1.000
 SXW            1.000         1.000         1.000         1.000         1.000


           Covariance Coverage
              WEEKEND       TXF           TXW           SXF           SXW
              ________      ________      ________      ________      ________
 WEEKEND        1.000
 TXF            1.000         1.000
 TXW            1.000         1.000         1.000
 SXF            1.000         1.000         1.000         1.000
 SXW            1.000         1.000         1.000         1.000         1.000



UNIVARIATE SAMPLE STATISTICS


     UNIVARIATE HIGHER-ORDER MOMENT DESCRIPTIVE STATISTICS

         Variable/         Mean/     Skewness/   Minimum/ % with                Percentiles
        Sample Size      Variance    Kurtosis    Maximum  Min/Max      20%/60%    40%/80%    Median

     WB                    2.841      -0.333       1.000    1.36%       2.333      2.667      3.000
            6700.000       0.447      -0.237       4.000    6.54%       3.000      3.333
     TCE                   0.000      -0.273      -0.971    0.01%      -0.333      0.000      0.000
            6700.000       0.140      -0.239       0.929    0.03%       0.077      0.300
     SN                    0.000       0.589      -0.929    0.01%      -0.167      0.000      0.000
            6700.000       0.085       2.076       0.963    0.01%       0.000      0.000
     FAMILY                0.000       1.502      -0.857    0.01%      -0.154      0.000      0.000
            6700.000       0.077       2.971       0.971    0.01%       0.000      0.000
     WEAK_TIES             0.000       2.048      -0.750    0.04%      -0.083      0.000      0.000
            6700.000       0.049       6.871       0.966    0.01%       0.000      0.000
     WEEKEND               0.240       1.218       0.000   76.00%       0.000      0.000      0.000
            6700.000       0.182      -0.518       1.000   24.00%       0.000      1.000
     TXF                  -0.013      -1.294      -0.820    0.01%      -0.031      0.000      0.000
            6700.000       0.016      11.062       0.862    0.01%       0.000      0.000
     TXW                   0.003       0.215      -0.907    0.01%       0.000      0.000      0.000
            6700.000       0.009      22.760       0.852    0.01%       0.000      0.000
     SXF                  -0.012      -1.724      -0.790    0.03%       0.000      0.000      0.000
            6700.000       0.008      24.209       0.796    0.01%       0.000      0.000
     SXW                  -0.002      -0.680      -0.787    0.01%       0.000      0.000      0.000
            6700.000       0.005      46.490       0.796    0.01%       0.000      0.000


THE MODEL ESTIMATION TERMINATED NORMALLY

     USE THE FBITERATIONS OPTION TO INCREASE THE NUMBER OF ITERATIONS BY A FACTOR
     OF AT LEAST TWO TO CHECK CONVERGENCE AND THAT THE PSR VALUE DOES NOT INCREASE.



MODEL FIT INFORMATION

Number of Free Parameters                              56

Information Criteria

          Deviance (DIC)                        10552.753
          Estimated Number of Parameters (pD)    1339.224



MODEL RESULTS

                                Posterior  One-Tailed         95% C.I.
                    Estimate       S.D.      P-Value   Lower 2.5%  Upper 2.5%  Significance

Within Level

 WB         ON
    WEEKEND            0.017       0.016      0.147      -0.014       0.047

 Residual Variances
    WB                 0.232       0.005      0.000       0.222       0.241      *

Between Level

 WB       WITH
    S1                -0.009       0.013      0.242      -0.034       0.016
    S2                -0.015       0.016      0.175      -0.046       0.015
    S3                -0.007       0.015      0.308      -0.038       0.022
    S4                -0.020       0.019      0.153      -0.059       0.017
    S5                -0.023       0.040      0.273      -0.101       0.055
    S6                -0.032       0.060      0.305      -0.150       0.086
    S7                -0.020       0.054      0.356      -0.123       0.093
    S8                 0.003       0.083      0.486      -0.161       0.160

 S1       WITH
    S2                 0.037       0.017      0.000       0.011       0.076      *
    S3                 0.006       0.014      0.326      -0.020       0.033
    S4                -0.002       0.018      0.460      -0.034       0.035
    S5                -0.078       0.034      0.001      -0.156      -0.022      *
    S6                -0.067       0.042      0.036      -0.162       0.005
    S7                -0.064       0.053      0.092      -0.181       0.026
    S8                -0.026       0.060      0.326      -0.148       0.086

 S2       WITH
    S3                 0.008       0.017      0.322      -0.023       0.042
    S4                 0.009       0.023      0.359      -0.033       0.055
    S5                -0.038       0.038      0.126      -0.119       0.036
    S6                -0.035       0.049      0.209      -0.145       0.047
    S7                -0.026       0.046      0.261      -0.135       0.051
    S8                -0.022       0.065      0.351      -0.153       0.103

 S3       WITH
    S4                 0.035       0.017      0.012       0.004       0.071      *
    S5                 0.016       0.033      0.306      -0.047       0.084
    S6                 0.004       0.039      0.460      -0.071       0.083
    S7                -0.001       0.043      0.491      -0.071       0.102
    S8                 0.007       0.060      0.450      -0.123       0.117

 S4       WITH
    S5                 0.022       0.038      0.269      -0.052       0.101
    S6                -0.011       0.043      0.386      -0.101       0.071
    S7                -0.017       0.053      0.372      -0.128       0.075
    S8                -0.030       0.062      0.303      -0.156       0.086

 S5       WITH
    S6                 0.152       0.097      0.036      -0.016       0.366
    S7                 0.140       0.111      0.080      -0.046       0.388
    S8                 0.038       0.127      0.365      -0.202       0.319

 S6       WITH
    S7                 0.162       0.128      0.091      -0.072       0.427
    S8                 0.333       0.173      0.002       0.058       0.736      *

 S7       WITH
    S8                 0.112       0.190      0.250      -0.177       0.547

 Means
    WB                 2.852       0.016      0.000       2.820       2.883      *
    S1                -0.038       0.025      0.064      -0.086       0.011
    S2                -0.024       0.030      0.211      -0.084       0.035
    S3                -0.029       0.028      0.154      -0.083       0.025
    S4                -0.061       0.034      0.037      -0.127       0.005
    S5                 0.111       0.070      0.055      -0.025       0.251
    S6                 0.003       0.117      0.490      -0.223       0.222
    S7                 0.120       0.100      0.100      -0.070       0.328
    S8                 0.125       0.156      0.182      -0.240       0.415

 Variances
    WB                 0.217       0.012      0.000       0.195       0.242      *
    S1                 0.058       0.018      0.000       0.026       0.098      *
    S2                 0.059       0.023      0.000       0.022       0.110      *
    S3                 0.056       0.020      0.000       0.023       0.101      *
    S4                 0.074       0.023      0.000       0.035       0.125      *
    S5                 0.301       0.111      0.000       0.118       0.558      *
    S6                 0.420       0.173      0.000       0.170       0.847      *
    S7                 0.454       0.205      0.000       0.138       0.955      *
    S8                 0.685       0.294      0.000       0.278       1.428      *


STANDARDIZED MODEL RESULTS


STDYX Standardization

                                Posterior  One-Tailed         95% C.I.
                    Estimate       S.D.      P-Value   Lower 2.5%  Upper 2.5%  Significance

Within-Level Standardized Estimates Averaged Over Clusters

 S1 | WB ON
    TCE               -0.017       0.010      0.036      -0.036       0.002

 S2 | WB ON
    SN                -0.006       0.008      0.206      -0.021       0.009

 S3 | WB ON
    FAMILY            -0.008       0.007      0.128      -0.021       0.006

 S4 | WB ON
    WEAK_TIES         -0.013       0.006      0.009      -0.024      -0.002      *

 S5 | WB ON
    TXF                0.009       0.005      0.043      -0.001       0.018

 S6 | WB ON
    TXW               -0.001       0.006      0.449      -0.012       0.012

 S7 | WB ON
    SXF                0.004       0.005      0.226      -0.004       0.014

 S8 | WB ON
    SXW                0.003       0.006      0.343      -0.011       0.012

 WB         ON
    WEEKEND            0.008       0.008      0.166      -0.008       0.022

 Residual Variances
    WB                 0.942       0.005      0.000       0.932       0.951      *

Between Level

 WB       WITH
    S1                -0.078       0.114      0.242      -0.307       0.143
    S2                -0.138       0.148      0.175      -0.439       0.139
    S3                -0.070       0.140      0.308      -0.340       0.213
    S4                -0.159       0.153      0.153      -0.457       0.131
    S5                -0.091       0.157      0.273      -0.403       0.212
    S6                -0.103       0.196      0.305      -0.474       0.307
    S7                -0.065       0.181      0.356      -0.449       0.258
    S8                 0.009       0.208      0.486      -0.375       0.420

 S1       WITH
    S2                 0.658       0.144      0.000       0.313       0.859      *
    S3                 0.116       0.232      0.326      -0.379       0.502
    S4                -0.033       0.277      0.460      -0.528       0.513
    S5                -0.612       0.169      0.001      -0.864      -0.217      *
    S6                -0.451       0.224      0.036      -0.818       0.040
    S7                -0.428       0.265      0.092      -0.841       0.192
    S8                -0.146       0.282      0.326      -0.679       0.372

 S2       WITH
    S3                 0.152       0.280      0.322      -0.424       0.640
    S4                 0.141       0.338      0.359      -0.523       0.749
    S5                -0.307       0.264      0.126      -0.762       0.265
    S6                -0.246       0.295      0.209      -0.811       0.286
    S7                -0.169       0.267      0.261      -0.652       0.404
    S8                -0.123       0.316      0.351      -0.735       0.493

 S3       WITH
    S4                 0.572       0.206      0.012       0.084       0.887      *
    S5                 0.134       0.240      0.306      -0.379       0.563
    S6                 0.030       0.249      0.460      -0.470       0.459
    S7                -0.006       0.245      0.491      -0.446       0.544
    S8                 0.039       0.294      0.450      -0.587       0.539

 S4       WITH
    S5                 0.161       0.248      0.269      -0.341       0.609
    S6                -0.066       0.235      0.386      -0.507       0.405
    S7                -0.101       0.281      0.372      -0.649       0.437
    S8                -0.139       0.258      0.303      -0.631       0.349

 S5       WITH
    S6                 0.445       0.221      0.036      -0.060       0.816
    S7                 0.404       0.239      0.080      -0.162       0.754
    S8                 0.091       0.258      0.365      -0.411       0.603

 S6       WITH
    S7                 0.398       0.246      0.091      -0.190       0.748
    S8                 0.635       0.175      0.002       0.196       0.862      *

 S7       WITH
    S8                 0.226       0.301      0.250      -0.351       0.755

 Means
    WB                 6.116       0.175      0.000       5.784       6.471      *
    S1                -0.160       0.112      0.064      -0.395       0.043
    S2                -0.102       0.132      0.211      -0.373       0.150
    S3                -0.123       0.125      0.154      -0.387       0.106
    S4                -0.226       0.130      0.037      -0.480       0.020
    S5                 0.201       0.143      0.055      -0.044       0.526
    S6                 0.005       0.183      0.490      -0.342       0.360
    S7                 0.184       0.157      0.100      -0.112       0.529
    S8                 0.152       0.202      0.182      -0.290       0.592

 Variances
    WB                 1.000       0.000      0.000       1.000       1.000
    S1                 1.000       0.000      0.000       1.000       1.000
    S2                 1.000       0.000      0.000       1.000       1.000
    S3                 1.000       0.000      0.000       1.000       1.000
    S4                 1.000       0.000      0.000       1.000       1.000
    S5                 1.000       0.000      0.000       1.000       1.000
    S6                 1.000       0.000      0.000       1.000       1.000
    S7                 1.000       0.000      0.000       1.000       1.000
    S8                 1.000       0.000      0.000       1.000       1.000


STDY Standardization

                                Posterior  One-Tailed         95% C.I.
                    Estimate       S.D.      P-Value   Lower 2.5%  Upper 2.5%  Significance

Within-Level Standardized Estimates Averaged Over Clusters

 S1 | WB ON
    TCE               -0.074       0.041      0.035      -0.150       0.008

 S2 | WB ON
    SN                -0.037       0.049      0.234      -0.128       0.062

 S3 | WB ON
    FAMILY            -0.055       0.052      0.172      -0.148       0.050

 S4 | WB ON
    WEAK_TIES         -0.149       0.063      0.008      -0.272      -0.032      *

 S5 | WB ON
    TXF                0.211       0.117      0.044      -0.032       0.439

 S6 | WB ON
    TXW               -0.058       0.264      0.434      -0.526       0.464

 S7 | WB ON
    SXF                0.147       0.211      0.225      -0.159       0.632

 S8 | WB ON
    SXW                0.195       0.439      0.331      -0.760       0.829

 WB         ON
    WEEKEND            0.032       0.032      0.166      -0.033       0.092

 Residual Variances
    WB                 0.942       0.005      0.000       0.932       0.951      *

Between Level

 WB       WITH
    S1                -0.078       0.114      0.242      -0.307       0.143
    S2                -0.138       0.148      0.175      -0.439       0.139
    S3                -0.070       0.140      0.308      -0.340       0.213
    S4                -0.159       0.153      0.153      -0.457       0.131
    S5                -0.091       0.157      0.273      -0.403       0.212
    S6                -0.103       0.196      0.305      -0.474       0.307
    S7                -0.065       0.181      0.356      -0.449       0.258
    S8                 0.009       0.208      0.486      -0.375       0.420

 S1       WITH
    S2                 0.658       0.144      0.000       0.313       0.859      *
    S3                 0.116       0.232      0.326      -0.379       0.502
    S4                -0.033       0.277      0.460      -0.528       0.513
    S5                -0.612       0.169      0.001      -0.864      -0.217      *
    S6                -0.451       0.224      0.036      -0.818       0.040
    S7                -0.428       0.265      0.092      -0.841       0.192
    S8                -0.146       0.282      0.326      -0.679       0.372

 S2       WITH
    S3                 0.152       0.280      0.322      -0.424       0.640
    S4                 0.141       0.338      0.359      -0.523       0.749
    S5                -0.307       0.264      0.126      -0.762       0.265
    S6                -0.246       0.295      0.209      -0.811       0.286
    S7                -0.169       0.267      0.261      -0.652       0.404
    S8                -0.123       0.316      0.351      -0.735       0.493

 S3       WITH
    S4                 0.572       0.206      0.012       0.084       0.887      *
    S5                 0.134       0.240      0.306      -0.379       0.563
    S6                 0.030       0.249      0.460      -0.470       0.459
    S7                -0.006       0.245      0.491      -0.446       0.544
    S8                 0.039       0.294      0.450      -0.587       0.539

 S4       WITH
    S5                 0.161       0.248      0.269      -0.341       0.609
    S6                -0.066       0.235      0.386      -0.507       0.405
    S7                -0.101       0.281      0.372      -0.649       0.437
    S8                -0.139       0.258      0.303      -0.631       0.349

 S5       WITH
    S6                 0.445       0.221      0.036      -0.060       0.816
    S7                 0.404       0.239      0.080      -0.162       0.754
    S8                 0.091       0.258      0.365      -0.411       0.603

 S6       WITH
    S7                 0.398       0.246      0.091      -0.190       0.748
    S8                 0.635       0.175      0.002       0.196       0.862      *

 S7       WITH
    S8                 0.226       0.301      0.250      -0.351       0.755

 Means
    WB                 6.116       0.175      0.000       5.784       6.471      *
    S1                -0.160       0.112      0.064      -0.395       0.043
    S2                -0.102       0.132      0.211      -0.373       0.150
    S3                -0.123       0.125      0.154      -0.387       0.106
    S4                -0.226       0.130      0.037      -0.480       0.020
    S5                 0.201       0.143      0.055      -0.044       0.526
    S6                 0.005       0.183      0.490      -0.342       0.360
    S7                 0.184       0.157      0.100      -0.112       0.529
    S8                 0.152       0.202      0.182      -0.290       0.592

 Variances
    WB                 1.000       0.000      0.000       1.000       1.000
    S1                 1.000       0.000      0.000       1.000       1.000
    S2                 1.000       0.000      0.000       1.000       1.000
    S3                 1.000       0.000      0.000       1.000       1.000
    S4                 1.000       0.000      0.000       1.000       1.000
    S5                 1.000       0.000      0.000       1.000       1.000
    S6                 1.000       0.000      0.000       1.000       1.000
    S7                 1.000       0.000      0.000       1.000       1.000
    S8                 1.000       0.000      0.000       1.000       1.000


R-SQUARE

Within-Level R-Square Averaged Across Clusters

                                Posterior  One-Tailed         95% C.I.
    Variable        Estimate       S.D.      P-Value   Lower 2.5%  Upper 2.5%

    WB                 0.058       0.005      0.000       0.049       0.068


TECHNICAL 1 OUTPUT


     PARAMETER SPECIFICATION FOR WITHIN


           NU
              WB            TCE           SN            FAMILY        WEAK_TIE
              ________      ________      ________      ________      ________
                    0             0             0             0             0


           NU
              WEEKEND       TXF           TXW           SXF           SXW
              ________      ________      ________      ________      ________
                    0             0             0             0             0


           LAMBDA
              WB            TCE           SN            FAMILY        WEAK_TIE
              ________      ________      ________      ________      ________
 WB                 0             0             0             0             0
 TCE                0             0             0             0             0
 SN                 0             0             0             0             0
 FAMILY             0             0             0             0             0
 WEAK_TIE           0             0             0             0             0
 WEEKEND            0             0             0             0             0
 TXF                0             0             0             0             0
 TXW                0             0             0             0             0
 SXF                0             0             0             0             0
 SXW                0             0             0             0             0


           LAMBDA
              WEEKEND       TXF           TXW           SXF           SXW
              ________      ________      ________      ________      ________
 WB                 0             0             0             0             0
 TCE                0             0             0             0             0
 SN                 0             0             0             0             0
 FAMILY             0             0             0             0             0
 WEAK_TIE           0             0             0             0             0
 WEEKEND            0             0             0             0             0
 TXF                0             0             0             0             0
 TXW                0             0             0             0             0
 SXF                0             0             0             0             0
 SXW                0             0             0             0             0


           THETA
              WB            TCE           SN            FAMILY        WEAK_TIE
              ________      ________      ________      ________      ________
 WB                 0
 TCE                0             0
 SN                 0             0             0
 FAMILY             0             0             0             0
 WEAK_TIE           0             0             0             0             0
 WEEKEND            0             0             0             0             0
 TXF                0             0             0             0             0
 TXW                0             0             0             0             0
 SXF                0             0             0             0             0
 SXW                0             0             0             0             0


           THETA
              WEEKEND       TXF           TXW           SXF           SXW
              ________      ________      ________      ________      ________
 WEEKEND            0
 TXF                0             0
 TXW                0             0             0
 SXF                0             0             0             0
 SXW                0             0             0             0             0


           ALPHA
              WB            TCE           SN            FAMILY        WEAK_TIE
              ________      ________      ________      ________      ________
                    0             0             0             0             0


           ALPHA
              WEEKEND       TXF           TXW           SXF           SXW
              ________      ________      ________      ________      ________
                    0             0             0             0             0


           BETA
              WB            TCE           SN            FAMILY        WEAK_TIE
              ________      ________      ________      ________      ________
 WB                 0             0             0             0             0
 TCE                0             0             0             0             0
 SN                 0             0             0             0             0
 FAMILY             0             0             0             0             0
 WEAK_TIE           0             0             0             0             0
 WEEKEND            0             0             0             0             0
 TXF                0             0             0             0             0
 TXW                0             0             0             0             0
 SXF                0             0             0             0             0
 SXW                0             0             0             0             0


           BETA
              WEEKEND       TXF           TXW           SXF           SXW
              ________      ________      ________      ________      ________
 WB                 1             0             0             0             0
 TCE                0             0             0             0             0
 SN                 0             0             0             0             0
 FAMILY             0             0             0             0             0
 WEAK_TIE           0             0             0             0             0
 WEEKEND            0             0             0             0             0
 TXF                0             0             0             0             0
 TXW                0             0             0             0             0
 SXF                0             0             0             0             0
 SXW                0             0             0             0             0


           PSI
              WB            TCE           SN            FAMILY        WEAK_TIE
              ________      ________      ________      ________      ________
 WB                 2
 TCE                0             0
 SN                 0             0             0
 FAMILY             0             0             0             0
 WEAK_TIE           0             0             0             0             0
 WEEKEND            0             0             0             0             0
 TXF                0             0             0             0             0
 TXW                0             0             0             0             0
 SXF                0             0             0             0             0
 SXW                0             0             0             0             0


           PSI
              WEEKEND       TXF           TXW           SXF           SXW
              ________      ________      ________      ________      ________
 WEEKEND            0
 TXF                0             0
 TXW                0             0             0
 SXF                0             0             0             0
 SXW                0             0             0             0             0


     PARAMETER SPECIFICATION FOR BETWEEN


           NU
              WB
              ________
                    0


           LAMBDA
              S1            S2            S3            S4            S5
              ________      ________      ________      ________      ________
 WB                 0             0             0             0             0


           LAMBDA
              S6            S7            S8            WB
              ________      ________      ________      ________
 WB                 0             0             0             0


           THETA
              WB
              ________
 WB                 0


           ALPHA
              S1            S2            S3            S4            S5
              ________      ________      ________      ________      ________
                    3             4             5             6             7


           ALPHA
              S6            S7            S8            WB
              ________      ________      ________      ________
                    8             9            10            11


           BETA
              S1            S2            S3            S4            S5
              ________      ________      ________      ________      ________
 S1                 0             0             0             0             0
 S2                 0             0             0             0             0
 S3                 0             0             0             0             0
 S4                 0             0             0             0             0
 S5                 0             0             0             0             0
 S6                 0             0             0             0             0
 S7                 0             0             0             0             0
 S8                 0             0             0             0             0
 WB                 0             0             0             0             0


           BETA
              S6            S7            S8            WB
              ________      ________      ________      ________
 S1                 0             0             0             0
 S2                 0             0             0             0
 S3                 0             0             0             0
 S4                 0             0             0             0
 S5                 0             0             0             0
 S6                 0             0             0             0
 S7                 0             0             0             0
 S8                 0             0             0             0
 WB                 0             0             0             0


           PSI
              S1            S2            S3            S4            S5
              ________      ________      ________      ________      ________
 S1                12
 S2                13            14
 S3                15            16            17
 S4                18            19            20            21
 S5                22            23            24            25            26
 S6                27            28            29            30            31
 S7                33            34            35            36            37
 S8                40            41            42            43            44
 WB                48            49            50            51            52


           PSI
              S6            S7            S8            WB
              ________      ________      ________      ________
 S6                32
 S7                38            39
 S8                45            46            47
 WB                53            54            55            56


     STARTING VALUES FOR WITHIN


           NU
              WB            TCE           SN            FAMILY        WEAK_TIE
              ________      ________      ________      ________      ________
                0.000         0.000         0.000         0.000         0.000


           NU
              WEEKEND       TXF           TXW           SXF           SXW
              ________      ________      ________      ________      ________
                0.000         0.000         0.000         0.000         0.000


           LAMBDA
              WB            TCE           SN            FAMILY        WEAK_TIE
              ________      ________      ________      ________      ________
 WB             1.000         0.000         0.000         0.000         0.000
 TCE            0.000         1.000         0.000         0.000         0.000
 SN             0.000         0.000         1.000         0.000         0.000
 FAMILY         0.000         0.000         0.000         1.000         0.000
 WEAK_TIE       0.000         0.000         0.000         0.000         1.000
 WEEKEND        0.000         0.000         0.000         0.000         0.000
 TXF            0.000         0.000         0.000         0.000         0.000
 TXW            0.000         0.000         0.000         0.000         0.000
 SXF            0.000         0.000         0.000         0.000         0.000
 SXW            0.000         0.000         0.000         0.000         0.000


           LAMBDA
              WEEKEND       TXF           TXW           SXF           SXW
              ________      ________      ________      ________      ________
 WB             0.000         0.000         0.000         0.000         0.000
 TCE            0.000         0.000         0.000         0.000         0.000
 SN             0.000         0.000         0.000         0.000         0.000
 FAMILY         0.000         0.000         0.000         0.000         0.000
 WEAK_TIE       0.000         0.000         0.000         0.000         0.000
 WEEKEND        1.000         0.000         0.000         0.000         0.000
 TXF            0.000         1.000         0.000         0.000         0.000
 TXW            0.000         0.000         1.000         0.000         0.000
 SXF            0.000         0.000         0.000         1.000         0.000
 SXW            0.000         0.000         0.000         0.000         1.000


           THETA
              WB            TCE           SN            FAMILY        WEAK_TIE
              ________      ________      ________      ________      ________
 WB             0.000
 TCE            0.000         0.000
 SN             0.000         0.000         0.000
 FAMILY         0.000         0.000         0.000         0.000
 WEAK_TIE       0.000         0.000         0.000         0.000         0.000
 WEEKEND        0.000         0.000         0.000         0.000         0.000
 TXF            0.000         0.000         0.000         0.000         0.000
 TXW            0.000         0.000         0.000         0.000         0.000
 SXF            0.000         0.000         0.000         0.000         0.000
 SXW            0.000         0.000         0.000         0.000         0.000


           THETA
              WEEKEND       TXF           TXW           SXF           SXW
              ________      ________      ________      ________      ________
 WEEKEND        0.000
 TXF            0.000         0.000
 TXW            0.000         0.000         0.000
 SXF            0.000         0.000         0.000         0.000
 SXW            0.000         0.000         0.000         0.000         0.000


           ALPHA
              WB            TCE           SN            FAMILY        WEAK_TIE
              ________      ________      ________      ________      ________
                0.000         0.000         0.000         0.000         0.000


           ALPHA
              WEEKEND       TXF           TXW           SXF           SXW
              ________      ________      ________      ________      ________
                0.000         0.000         0.000         0.000         0.000


           BETA
              WB            TCE           SN            FAMILY        WEAK_TIE
              ________      ________      ________      ________      ________
 WB             0.000         0.000         0.000         0.000         0.000
 TCE            0.000         0.000         0.000         0.000         0.000
 SN             0.000         0.000         0.000         0.000         0.000
 FAMILY         0.000         0.000         0.000         0.000         0.000
 WEAK_TIE       0.000         0.000         0.000         0.000         0.000
 WEEKEND        0.000         0.000         0.000         0.000         0.000
 TXF            0.000         0.000         0.000         0.000         0.000
 TXW            0.000         0.000         0.000         0.000         0.000
 SXF            0.000         0.000         0.000         0.000         0.000
 SXW            0.000         0.000         0.000         0.000         0.000


           BETA
              WEEKEND       TXF           TXW           SXF           SXW
              ________      ________      ________      ________      ________
 WB             0.000         0.000         0.000         0.000         0.000
 TCE            0.000         0.000         0.000         0.000         0.000
 SN             0.000         0.000         0.000         0.000         0.000
 FAMILY         0.000         0.000         0.000         0.000         0.000
 WEAK_TIE       0.000         0.000         0.000         0.000         0.000
 WEEKEND        0.000         0.000         0.000         0.000         0.000
 TXF            0.000         0.000         0.000         0.000         0.000
 TXW            0.000         0.000         0.000         0.000         0.000
 SXF            0.000         0.000         0.000         0.000         0.000
 SXW            0.000         0.000         0.000         0.000         0.000


           PSI
              WB            TCE           SN            FAMILY        WEAK_TIE
              ________      ________      ________      ________      ________
 WB             0.223
 TCE            0.000         0.070
 SN             0.000         0.000         0.042
 FAMILY         0.000         0.000         0.000         0.039
 WEAK_TIE       0.000         0.000         0.000         0.000         0.024
 WEEKEND        0.000         0.000         0.000         0.000         0.000
 TXF            0.000         0.000         0.000         0.000         0.000
 TXW            0.000         0.000         0.000         0.000         0.000
 SXF            0.000         0.000         0.000         0.000         0.000
 SXW            0.000         0.000         0.000         0.000         0.000


           PSI
              WEEKEND       TXF           TXW           SXF           SXW
              ________      ________      ________      ________      ________
 WEEKEND        0.091
 TXF            0.000         0.008
 TXW            0.000         0.000         0.004
 SXF            0.000         0.000         0.000         0.004
 SXW            0.000         0.000         0.000         0.000         0.003


     STARTING VALUES FOR BETWEEN


           NU
              WB
              ________
                0.000


           LAMBDA
              S1            S2            S3            S4            S5
              ________      ________      ________      ________      ________
 WB             0.000         0.000         0.000         0.000         0.000


           LAMBDA
              S6            S7            S8            WB
              ________      ________      ________      ________
 WB             0.000         0.000         0.000         1.000


           THETA
              WB
              ________
 WB             0.000


           ALPHA
              S1            S2            S3            S4            S5
              ________      ________      ________      ________      ________
                0.000         0.000         0.000         0.000         0.000


           ALPHA
              S6            S7            S8            WB
              ________      ________      ________      ________
                0.000         0.000         0.000         2.841


           BETA
              S1            S2            S3            S4            S5
              ________      ________      ________      ________      ________
 S1             0.000         0.000         0.000         0.000         0.000
 S2             0.000         0.000         0.000         0.000         0.000
 S3             0.000         0.000         0.000         0.000         0.000
 S4             0.000         0.000         0.000         0.000         0.000
 S5             0.000         0.000         0.000         0.000         0.000
 S6             0.000         0.000         0.000         0.000         0.000
 S7             0.000         0.000         0.000         0.000         0.000
 S8             0.000         0.000         0.000         0.000         0.000
 WB             0.000         0.000         0.000         0.000         0.000


           BETA
              S6            S7            S8            WB
              ________      ________      ________      ________
 S1             0.000         0.000         0.000         0.000
 S2             0.000         0.000         0.000         0.000
 S3             0.000         0.000         0.000         0.000
 S4             0.000         0.000         0.000         0.000
 S5             0.000         0.000         0.000         0.000
 S6             0.000         0.000         0.000         0.000
 S7             0.000         0.000         0.000         0.000
 S8             0.000         0.000         0.000         0.000
 WB             0.000         0.000         0.000         0.000


           PSI
              S1            S2            S3            S4            S5
              ________      ________      ________      ________      ________
 S1             1.000
 S2             0.000         1.000
 S3             0.000         0.000         1.000
 S4             0.000         0.000         0.000         1.000
 S5             0.000         0.000         0.000         0.000         1.000
 S6             0.000         0.000         0.000         0.000         0.000
 S7             0.000         0.000         0.000         0.000         0.000
 S8             0.000         0.000         0.000         0.000         0.000
 WB             0.000         0.000         0.000         0.000         0.000


           PSI
              S6            S7            S8            WB
              ________      ________      ________      ________
 S6             1.000
 S7             0.000         1.000
 S8             0.000         0.000         1.000
 WB             0.000         0.000         0.000         0.223



     PRIORS FOR ALL PARAMETERS            PRIOR MEAN      PRIOR VARIANCE     PRIOR STD. DEV.

     Parameter 1~N(0.000,infinity)           0.0000            infinity            infinity
     Parameter 2~IG(-1.000,0.000)          infinity            infinity            infinity
     Parameter 3~N(0.000,infinity)           0.0000            infinity            infinity
     Parameter 4~N(0.000,infinity)           0.0000            infinity            infinity
     Parameter 5~N(0.000,infinity)           0.0000            infinity            infinity
     Parameter 6~N(0.000,infinity)           0.0000            infinity            infinity
     Parameter 7~N(0.000,infinity)           0.0000            infinity            infinity
     Parameter 8~N(0.000,infinity)           0.0000            infinity            infinity
     Parameter 9~N(0.000,infinity)           0.0000            infinity            infinity
     Parameter 10~N(0.000,infinity)          0.0000            infinity            infinity
     Parameter 11~N(0.000,infinity)          0.0000            infinity            infinity
     Parameter 12~IW(0.000,-10)            infinity            infinity            infinity
     Parameter 13~IW(0.000,-10)            infinity            infinity            infinity
     Parameter 14~IW(0.000,-10)            infinity            infinity            infinity
     Parameter 15~IW(0.000,-10)            infinity            infinity            infinity
     Parameter 16~IW(0.000,-10)            infinity            infinity            infinity
     Parameter 17~IW(0.000,-10)            infinity            infinity            infinity
     Parameter 18~IW(0.000,-10)            infinity            infinity            infinity
     Parameter 19~IW(0.000,-10)            infinity            infinity            infinity
     Parameter 20~IW(0.000,-10)            infinity            infinity            infinity
     Parameter 21~IW(0.000,-10)            infinity            infinity            infinity
     Parameter 22~IW(0.000,-10)            infinity            infinity            infinity
     Parameter 23~IW(0.000,-10)            infinity            infinity            infinity
     Parameter 24~IW(0.000,-10)            infinity            infinity            infinity
     Parameter 25~IW(0.000,-10)            infinity            infinity            infinity
     Parameter 26~IW(0.000,-10)            infinity            infinity            infinity
     Parameter 27~IW(0.000,-10)            infinity            infinity            infinity
     Parameter 28~IW(0.000,-10)            infinity            infinity            infinity
     Parameter 29~IW(0.000,-10)            infinity            infinity            infinity
     Parameter 30~IW(0.000,-10)            infinity            infinity            infinity
     Parameter 31~IW(0.000,-10)            infinity            infinity            infinity
     Parameter 32~IW(0.000,-10)            infinity            infinity            infinity
     Parameter 33~IW(0.000,-10)            infinity            infinity            infinity
     Parameter 34~IW(0.000,-10)            infinity            infinity            infinity
     Parameter 35~IW(0.000,-10)            infinity            infinity            infinity
     Parameter 36~IW(0.000,-10)            infinity            infinity            infinity
     Parameter 37~IW(0.000,-10)            infinity            infinity            infinity
     Parameter 38~IW(0.000,-10)            infinity            infinity            infinity
     Parameter 39~IW(0.000,-10)            infinity            infinity            infinity
     Parameter 40~IW(0.000,-10)            infinity            infinity            infinity
     Parameter 41~IW(0.000,-10)            infinity            infinity            infinity
     Parameter 42~IW(0.000,-10)            infinity            infinity            infinity
     Parameter 43~IW(0.000,-10)            infinity            infinity            infinity
     Parameter 44~IW(0.000,-10)            infinity            infinity            infinity
     Parameter 45~IW(0.000,-10)            infinity            infinity            infinity
     Parameter 46~IW(0.000,-10)            infinity            infinity            infinity
     Parameter 47~IW(0.000,-10)            infinity            infinity            infinity
     Parameter 48~IW(0.000,-10)            infinity            infinity            infinity
     Parameter 49~IW(0.000,-10)            infinity            infinity            infinity
     Parameter 50~IW(0.000,-10)            infinity            infinity            infinity
     Parameter 51~IW(0.000,-10)            infinity            infinity            infinity
     Parameter 52~IW(0.000,-10)            infinity            infinity            infinity
     Parameter 53~IW(0.000,-10)            infinity            infinity            infinity
     Parameter 54~IW(0.000,-10)            infinity            infinity            infinity
     Parameter 55~IW(0.000,-10)            infinity            infinity            infinity
     Parameter 56~IW(0.000,-10)            infinity            infinity            infinity


TECHNICAL 8 OUTPUT


   TECHNICAL 8 OUTPUT FOR BAYES ESTIMATION

     CHAIN    BSEED
     1        0
     2        285380

                     POTENTIAL       PARAMETER WITH
     ITERATION    SCALE REDUCTION      HIGHEST PSR
     100              4.546               10
     200              6.420               27
     300              5.676               27
     400              3.004               32
     500              2.760               32
     600              2.644               18
     700              2.836               18
     800              2.321               18
     900              2.156               18
     1000             1.887               18
     1100             1.789               38
     1200             1.865               38
     1300             2.096               28
     1400             2.056               38
     1500             2.229               38
     1600             2.441               38
     1700             2.567               38
     1800             2.736               38
     1900             2.690               38
     2000             2.602               38
     2100             2.663               38
     2200             2.442               38
     2300             2.262               23
     2400             2.082               23
     2500             2.105               23
     2600             1.895               18
     2700             1.929               18
     2800             1.859               18
     2900             1.801               18
     3000             1.581               18
     3100             1.667               53
     3200             1.698               53
     3300             1.703               53
     3400             1.647               53
     3500             1.725               29
     3600             1.661               29
     3700             1.613               26
     3800             1.610               29
     3900             1.623               53
     4000             1.651               53
     4100             1.627               53
     4200             1.476               16
     4300             1.543               16
     4400             1.573               38
     4500             1.632               38
     4600             1.684               38
     4700             1.689               38
     4800             1.768               38
     4900             1.801               38
     5000             1.849               38
     5100             1.885               38
     5200             1.854               38
     5300             1.872               38
     5400             1.894               38
     5500             1.936               38
     5600             1.955               38
     5700             1.982               38
     5800             2.031               38
     5900             1.997               38
     6000             1.987               38
     6100             2.017               38
     6200             1.987               38
     6300             1.931               38
     6400             1.909               38
     6500             1.843               16
     6600             1.829               16
     6700             1.789               16
     6800             1.745               16
     6900             1.702               16
     7000             1.661               16
     7100             1.640               16
     7200             1.652               16
     7300             1.647               16
     7400             1.625               16
     7500             1.578               16
     7600             1.546               16
     7700             1.512               16
     7800             1.488               16
     7900             1.416               16
     8000             1.383               16
     8100             1.350               16
     8200             1.341               16
     8300             1.325               16
     8400             1.314               16
     8500             1.309               38
     8600             1.310               38
     8700             1.306               38
     8800             1.279               38
     8900             1.274               38
     9000             1.275               38
     9100             1.266               38
     9200             1.260               34
     9300             1.253               38
     9400             1.250               38
     9500             1.248               38
     9600             1.233               38
     9700             1.226               38
     9800             1.224               38
     9900             1.212               38
     10000            1.207               39
     10100            1.201               39
     10200            1.200               16
     10300            1.200               39
     10400            1.199               39
     10500            1.186               39
     10600            1.187               39
     10700            1.172               16
     10800            1.182               16
     10900            1.195               16
     11000            1.196               16
     11100            1.200               16
     11200            1.198               16
     11300            1.184               16
     11400            1.179               16
     11500            1.170               16
     11600            1.165               16
     11700            1.152               16
     11800            1.148               16
     11900            1.142               16
     12000            1.138               41
     12100            1.137               41
     12200            1.138               41
     12300            1.125               16
     12400            1.125               40
     12500            1.121               40
     12600            1.118               40
     12700            1.120               40
     12800            1.119               39
     12900            1.124               39
     13000            1.125               40
     13100            1.136               40
     13200            1.145               40
     13300            1.148               40
     13400            1.151               40
     13500            1.158               41
     13600            1.173               41
     13700            1.186               41
     13800            1.188               41
     13900            1.191               41
     14000            1.193               41
     14100            1.196               41
     14200            1.197               41
     14300            1.198               41
     14400            1.203               41
     14500            1.209               41
     14600            1.206               41
     14700            1.203               41
     14800            1.203               41
     14900            1.201               41
     15000            1.200               41
     15100            1.189               41
     15200            1.185               41
     15300            1.179               41
     15400            1.172               41
     15500            1.163               41
     15600            1.153               41
     15700            1.147               41
     15800            1.146               41
     15900            1.141               41
     16000            1.142               41
     16100            1.144               41
     16200            1.149               41
     16300            1.149               41
     16400            1.147               41
     16500            1.140               41
     16600            1.132               41
     16700            1.129               41
     16800            1.125               41
     16900            1.121               41
     17000            1.117               41
     17100            1.110               41
     17200            1.107               28
     17300            1.106               28
     17400            1.107               28
     17500            1.107               28
     17600            1.107               28
     17700            1.100               28
     17800            1.087               28


     Beginning Time:  19:11:38
        Ending Time:  19:37:49
       Elapsed Time:  00:26:11



MUTHEN & MUTHEN
3463 Stoner Ave.
Los Angeles, CA  90066

Tel: (310) 391-9971
Fax: (310) 391-8971
Web: www.StatModel.com
Support: Support@StatModel.com

Copyright (c) 1998-2020 Muthen & Muthen
