Mplus VERSION 8.5 (Mac)
MUTHEN & MUTHEN
03/18/2022   3:38 PM

INPUT INSTRUCTIONS

  TITLE: Analysis 2+3
  DATA: FILE = analysis2_suppl1_S1.dat;
  VARIABLE:
  NAMES = ID WB content stressed lonely
  TVC TCE SN
  E A C N O gender ethnicity SES weekend;
  USEVARIABLES = WB
  TVC TCE SN
  weekend;
  CLUSTER = ID;
  WITHIN = weekend;
  MISSING = .;
  ANALYSIS: TYPE = TWOLEVEL RANDOM; ESTIMATOR = BAYES;
  BITERATIONS = (10000); PROCESSORS = 2;
  MODEL:
  %WITHIN%
  ! Well-being is predicted by TVC, the slope is random
  S1 | WB ON TVC;
  ! Well-being is predicted by TCE, the slope is random
  S2 | WB ON TCE;
  ! Well-being is predicted by SN, the slope is random
  S3 | WB ON SN;
  ! Control for weekend
  WB ON weekend;
  %BETWEEN%
  ! Covariance between intercept and slopes
  WB S1-S3 WITH WB S1-S3;
  ! The intercept is predicted by TVC
  WB ON TVC;
  ! The intercept is predicted by TCE
  WB ON TCE;
  ! The intercept is predicted by SN
  WB ON SN;
  OUTPUT: STDYX STDY TECH8;



*** WARNING in MODEL command
  In the MODEL command, the x variable on the WITHIN level has been turned into a
  y variable to enable latent variable decomposition.  This variable will be treated
  as a y-variable on both levels:  TVC
*** WARNING in MODEL command
  In the MODEL command, the x variable on the WITHIN level has been turned into a
  y variable to enable latent variable decomposition.  This variable will be treated
  as a y-variable on both levels:  TCE
*** WARNING in MODEL command
  In the MODEL command, the x variable on the WITHIN level has been turned into a
  y variable to enable latent variable decomposition.  This variable will be treated
  as a y-variable on both levels:  SN
*** WARNING
  One or more individual-level variables have no variation within a
  cluster for the following clusters.

     Variable   Cluster IDs with no within-cluster variation

      WB          118 123 64 1167 63 87 202 7 263 343 1171 46 571 823 1265 660 160 317 485 831
                  125
      TVC         235 790 92 118 904 331 988 332 1033 419 128 525 1123 560 1167 587 1224 1274
                  1280 63 1326 1336 717 87 1387 202 7 578 314 1069 1077 86 1101 670 1118 136 343
                  1168 1171 761 1193 1203 409 210 1248 1262 805 227 889 512 951 46 93 946 950
                  528 30 549 567 571 351 1059 599 352 613 620 1106 637 130 1119 39 1131 1154 26
                  732 153 49 438 441 770 1217 1237 1242 775 451 452 455 467 851 860 874 518 1368
                  910 919 764 1056 543 175 421 1087 1091 778 783 799 5 812 580 1127 189 1144 44
                  882 328 9 90 464 34 469 672 80 706 707 967 1265 514 989 1294 106 739 1007 527
                  1384 237 55 877 346 890 443 907 922 923 730 569 278 945 376 744 957 1179 755
                  190 1198 977 998 1250 322 792 522 663 146 1058 37 1338 1376 685 704 1092 151
                  52 53 277 604 8 1163 1165 497 771 206 95 622 415 636 213 218 1210 327 1008 19
                  1236 1011 836 1261 682 546 1278 547 186 1084 1330 1333 110 193 1373 250 1111
                  575 577 259 400 563 971 239 811 407 815 1191 145 699 834 1019 586 714 499 165
                  1074 734 10 442 1310 261 325 534 446 935 766 941 387 650 1063 1185 1186 68 879
                  668 968 1218 605 809 899 979 1244 747 243 1273 1125 515 930 933 1308 1142 205
                  1027 1346 1162 1359 337 1371 1050 530 168 551 556 954 827 494 102 22 91 1112
                  73 148 1121 1122 334 297 29 690 1315 1150 234 416 710 417 1367 1052 715 718
                  1060 1197 1081 864 31 970 601 120 687 608 271 1115 367 405 994 1120 141 502
                  621 711 509 624 1133 927 1015 627 1293 371 1143 169 453 336 1045 196 649 1053
                  582 282 1172 286 850 532 425 115 1213 692 629 1222 698 51 1238 703 359 540 365
                  847 772 260 89 1269 1145 1147 550 862 1285 41 868 504 299 1312 794 724 1176
                  268 900 1187 50 252 996 883 1257 224 887 17 894 969 1067 1159 748 640 402 1083
                  134 1316 769 412 773 477 716 238 420 727 949 542 1043 220 6 798 693 1206 1138
                  1309 1212 700 1216 339 99 652 565 1225 1234 760 1339 59 490 895 617 38 833 674
                  139 533 62 390 345 1267 348 858 1369 69 422 1380 1094 828 124 831 15 516 144
                  1226 1227 1235 188 1057 638 806 116 568 1350 354 1260 25 689 274 20 737 1282
                  926 119 212 1232 657 658 1114 886 944 536 634 109 361 1276 544 391 347 921 368
                  1301 581 584 439 1252 855 1319 557 1096 241 508 47 12 61 435 1170 236 939 1034
                  1220 1189 217 681 1100 1363 436 150 614 83 2 1375 840 178 728 753 1392 1284
                  228 214 244 230 125 42 267 796 548 459 1192 1022 585 1065 752 133 635 311 545
                  618 639 893 81 301 880 632 180 1307 1155 305 1002 866 414 280 215 852 112 1288
                  655 272 77 296 579 491 324 1113 149 108 162 1054 1345 1239 776 440 607 720 386
                  383 813 58 782 1003 1321 1223 161 1305 1355 510 626 247 1073 432 1393 143 735
                  78 541 71 745 98 454 121 865 553 187 1241 1271 197 1372 1289 266 363 1351 1328
                  1356 1078 593 1023 366 1357 1001 574 651 903 254 1325 807 404
      TCE         790 92 904 331 988 332 1033 1123 560 1166 1167 587 167 1224 1274 63 1336 87
                  1387 240 7 578 591 86 195 1101 670 1118 675 136 761 1203 409 1262 1275 818 512
                  938 951 46 93 528 983 549 199 571 1009 76 599 352 613 620 637 130 1119 39 1131
                  732 153 49 770 1217 774 451 452 455 467 57 851 1368 910 1056 175 778 783 799
                  812 1144 444 609 9 90 464 34 80 514 739 1020 1384 877 346 890 922 569 278 945
                  755 190 1198 961 466 977 476 1250 628 792 522 1338 246 843 277 622 415 213 653
                  661 1008 60 546 1084 884 1330 1333 110 193 932 399 563 811 407 36 474 1019 160
                  300 1039 257 734 442 913 261 935 766 1117 387 643 650 207 1218 605 276 747 929
                  1308 1140 205 1027 229 943 1050 308 644 974 1112 871 148 29 176 690 1150 1318
                  416 610 1052 1174 715 1207 608 624 627 371 3 1160 582 532 425 629 703 358 540
                  365 260 291 962 794 1176 1182 74 996 694 640 916 769 412 773 727 1180 506 403
                  798 1309 85 485 896 38 24 674 1 139 411 897 948 1108 1215 831 15 382 114 1235
                  638 737 209 212 1304 886 480 1353 361 848 581 1319 1270 47 12 61 1170 236 217
                  681 1363 614 313 178 808 1022 54 585 555 867 893 154 1306 1038 306 1264 281
                  215 112 272 296 200 1113 149 729 1239 1024 813 1003 1305 754 510 143 1148 1214
                  1228 1289 731 756 478 1102 1023 619 362 779 1325 1292
      SN          235 790 92 904 988 123 1033 128 64 535 1123 560 1166 587 167 1224 1274 1280
                  63 1326 717 87 1387 202 240 263 1006 578 314 591 1069 1077 86 1101 670 1118
                  675 136 343 204 1168 1171 409 1248 1259 1262 1275 818 889 512 938 951 46 934
                  93 942 946 973 983 549 199 567 571 1009 33 76 351 352 613 1099 620 1106 39 1131
                  1154 26 722 732 49 438 1219 774 455 467 57 860 1365 910 919 1056 543 175 778
                  783 1127 1128 1144 823 589 44 444 609 882 328 9 90 464 469 672 80 706 958 967
                  514 103 1294 1311 353 739 1007 527 237 55 877 346 709 890 907 265 275 922 923
                  730 278 945 376 458 744 957 1179 755 1183 961 389 476 488 1245 998 628 660 663
                  126 1058 37 1338 246 843 1376 685 1386 1092 151 1136 277 604 8 496 415 636 213
                  218 1208 327 437 1008 1011 1032 836 60 677 854 1278 1084 884 1330 885 14 570
                  1373 1111 575 577 259 932 457 399 1149 400 966 971 811 978 982 407 819 145 484
                  834 418 839 160 300 712 714 499 511 1258 304 603 165 1074 1310 1317 325 633
                  446 766 941 387 645 650 147 956 1063 1185 487 870 68 668 1218 809 899 1103 203
                  1109 1255 276 741 456 917 243 1125 929 933 1140 1142 1324 205 1157 229 1346
                  1359 1371 393 943 1050 79 168 159 1205 494 644 102 963 743 22 91 572 329 974
                  73 392 148 597 690 350 793 918 1315 1151 152 1156 416 804 610 417 1174 715 1060
                  370 1389 1197 31 232 601 356 687 608 554 902 367 994 141 502 621 711 509 713
                  1130 1279 1293 371 1297 1028 169 1053 319 282 1172 286 844 1382 468 425 115
                  1213 751 51 1240 1017 359 847 772 89 291 1269 1147 550 862 868 504 791 507 876
                  800 724 1086 1332 268 1187 50 1195 252 911 742 321 500 501 1051 1254 224 694
                  894 969 1067 1159 142 702 290 101 1313 1316 1097 410 201 191 857 258 238 949
                  676 222 542 1043 1390 28 113 6 686 506 245 1286 856 403 693 156 997 558 339
                  99 652 760 659 1354 485 11 896 617 38 830 833 842 1266 1072 829 408 62 345 1202
                  948 656 1267 309 858 1108 69 1161 96 786 965 1094 124 831 516 987 995 166 40
                  1062 758 638 806 568 1260 1012 25 721 274 426 1281 1152 119 928 262 1303 1304
                  1232 658 1114 789 623 886 256 1253 341 837 901 634 288 360 56 391 1085 1089
                  921 848 1132 898 526 1249 1194 557 185 625 223 562 157 241 508 450 48 72 642
                  65 435 1170 236 1026 1334 802 1344 1071 1363 1105 614 489 753 1392 691 1284
                  762 228 808 1295 214 445 1337 230 125 42 796 1192 1022 54 137 1199 555 867 752
                  838 225 483 311 639 1397 298 990 154 394 1323 301 397 880 906 306 1184 305 863
                  253 1104 925 281 852 1288 655 77 296 200 270 149 108 980 162 184 1287 111 492
                  440 607 1024 781 523 383 292 782 1321 333 161 1305 754 1331 1395 510 1349 705
                  1146 428 338 143 192 78 872 541 470 1341 208 67 1320 1042 98 482 373 454 552
                  1214 539 462 398 233 865 1025 1228 832 1374 749 1342 1289 731 472 363 822 1351
                  478 936 1356 1023 388 1357 619 503 372 671 362 231 1001 574 310 903 779 520
                  254 1325 592 122 807 355
      WEEKEND     235 790 92 118 904 331 332 1033 419 128 64 535 1123 560 1167 587 1224 1274 1280
                  63 1326 1336 717 1387 202 7 263 578 591 1077 86 195 670 1118 136 343 204 1171
                  761 1193 805 423 818 227 938 46 93 946 30 983 549 199 567 1009 33 76 351 352
                  613 620 637 130 1131 1154 732 153 49 438 1209 770 774 1237 452 57 518 1365 1368
                  919 1056 173 175 421 1087 1091 117 799 5 812 189 1169 328 9 80 706 967 103 1311
                  353 106 739 1007 1384 237 395 55 1126 275 922 458 957 755 389 316 401 322 628
                  126 37 246 843 1092 375 53 1136 8 496 771 213 653 1208 226 437 1008 682 546
                  1278 559 1084 1333 250 577 932 1149 563 978 982 474 145 160 1258 1074 442 1310
                  261 1317 325 766 207 487 803 917 1273 929 1308 179 1027 1157 943 494 974 976
                  1112 148 334 297 29 918 1318 152 804 710 1174 1389 554 994 1013 371 1028 649
                  1172 750 850 1213 291 862 41 868 876 1312 724 1361 500 1254 142 702 412 857
                  28 220 273 99 896 24 829 965 1000 1129 25 20 1044 623 1251 837 1319 939 681
                  1327 406 607

   4 WARNING(S) FOUND IN THE INPUT INSTRUCTIONS



Analysis 2+3

SUMMARY OF ANALYSIS

Number of groups                                                 1
Number of observations                                       19007

Number of dependent variables                                    4
Number of independent variables                                  1
Number of continuous latent variables                            3

Observed dependent variables

  Continuous
   WB          TVC         TCE         SN

Observed independent variables
   WEEKEND

Continuous latent variables
   S1          S2          S3

Variables with special functions

  Cluster variable      ID

  Within variables
   WEEKEND


Estimator                                                    BAYES
Specifications for Bayesian Estimation
  Point estimate                                            MEDIAN
  Number of Markov chain Monte Carlo (MCMC) chains               2
  Random seed for the first chain                                0
  Starting value information                           UNPERTURBED
  Algorithm used for Markov chain Monte Carlo           GIBBS(PX1)
  Convergence criterion                                  0.500D-01
  Maximum number of iterations                               50000
  K-th iteration used for thinning                               1

Input data file(s)
  analysis2_suppl1_S1.dat
Input data format  FREE


SUMMARY OF DATA

     Number of clusters                       1333

       Size (s)    Cluster ID with Size s

          1        4 18 84 132 181 183 242 323 385 424 524 612 616 733
                   740 765 817 849 959 992 1004 1035 1048 1082 1093 1116
                   1158 1181 1211 1290 1348 1379 1388
          2        235 790 92 118 904 331 988 332 123 1033 419 128 64 525
                   535 1123 560 1166 1167 587 167 1224 1274 1280 63 1326
                   1336 717 87 1387 202
          3        240 7 263 1006 578 314 591 1069 1077 86 195 1101 670
                   1118 675 136 343 204 1168 1171 761 1193 1203 409 210
                   1248 1259 1262 805 1275 423 818 227 889 512 938 951
                   46
          4        934 93 942 946 950 528 30 973 983 549 199 567 571 1009
                   33 76 351 1059 599 352 613 380 1099 620 1106 637 130
                   1119 39 1131 1154 26 722 732 153 49 759 438 441 1209
                   770 1217 1219 774 1237 1242 775 451 452 455 467 57 851
                   860 874 518 1365 1368 287 910 919
          5        764 1056 543 173 175 421 1087 1091 778 783 117 799 801
                   5 812 580 1127 1128 189 1144 823 589 44 444 609 1169
                   882 328 9 90 464 34 667 469 672 80 706 958 707 967 1265
                   514 719 103 989 1294 1311 353 106 739 1007 527 1020
                   1384 237 395
          6        55 877 346 709 890 443 907 265 1126 275 922 923 1137
                   730 569 278 945 376 458 744 957 1179 755 1183 190 1198
                   961 466 23 977 389 476 488 316 1245 998 1250 401 322
                   628 1268 792 522 660 663 126 146 1058 37 1338 246 1075
                   843 1376 685 695 1386 704 1092
          7        375 151 52 53 1136 277 604 8 496 1163 1165 497 771 206
                   95 622 415 636 213 653 218 661 1208 226 1210 327 437
                   1008 19 1236 1011 825 1032 826 836 60 1261 1055 677
                   682 854 546 1278 547 186 559 1084 884 1330 1333 885
                   110 14 193 570 1373 250 1111 575 577 259 932
          8        457 399 1149 400 966 563 971 239 811 978 982 407 815
                   36 474 1191 819 145 484 699 834 418 839 1019 160 586
                   300 712 1039 714 499 511 1258 304 603 165 1074 257 734
                   1080 10 377 442 913 1310 261 1317 325 534 633 446 935
                   766 1117 941 387 643 645 650 147 956 207
          9        1063 1185 1186 487 1070 870 107 68 879 357 668 968 1218
                   803 605 809 899 979 1244 1103 1247 203 1109 1255 276
                   741 456 917 747 243 1273 1125 515 929 930 824 933 1308
                   1014 1140 1142 1324 179 205 1027 1157 229 1346 1162
                   1359 940 337 1371 393 943 1050 79 530 308 168
         10        551 556 159 269 1205 954 827 427 494 644 102 963 743
                   22 91 572 329 974 976 1112 871 73 392 148 1121 1122
                   448 334 297 29 597 176 690 784 1291 600 350 793 918
                   1315 1150 1318 1151 152 1156 234 416 804 610 710 810
                   417 1367 66 1052 814 1174 715 317 718 1060 370 1389
         11        1197 1081 864 31 1207 232 970 601 120 396 683 356 687
                   608 271 554 1115 902 367 405 994 1120 141 502 621 711
                   509 713 624 1130 1013 1133 1279 927 1015 627 1293 371
                   1297 1143 630 1028 169 453 3 336 1041 1045 1160 196
                   384 649 1053 319 582 654 282 1172 746 286 844 1382 750
                   850 468 532 425
         12        115 1213 692 820 629 1222 751 698 51 1238 1240 1017
                   703 285 358 359 540 365 847 772 260 947 89 291 1269
                   1145 1147 952 550 861 862 1285 41 868 504 962 1296 791
                   1300 507 876 299 1312 794 795 82 800 724 1086 1332 1176
                   268 1090 1182 74 900 1361 194 1187 465 50 1195 252 911
                   1107 255 996 742 576 321
         13        500 1046 501 284 1051 1254 883 1257 631 224 887 694
                   1153 17 894 969 1067 1159 142 748 640 701 975 702 402
                   290 1083 763 916 101 984 985 646 1313 134 1316 1097
                   769 410 924 606 412 1005 773 845 477 201 191 716 664
                   857 129 258 238 420 727 949 498 676 222 542 1043 1390
         14        1180 28 113 220 221 1277 6 686 506 245 1286 856 403
                   798 693 273 1206 1138 156 1309 513 997 558 1212 700
                   1216 85 339 99 652 565 1225 1231 1234 760 1339 566 659
                   1354 485 11 59 490 895 896 617 320 38 830 833 24 674
                   1 842 1266
         15        1298 461 1072 829 283 139 408 533 62 307 538 411 1322
                   573 611 390 897 94 345 1202 948 656 1267 309 348 858
                   1108 374 216 1369 69 422 1215 1161 1380 96 786 177 1066
                   598 1068 965
         16        1094 828 124 312 831 15 279 516 987 1302 144 1226 1227
                   1229 382 114 1235 188 1057 995 166 40 1062 758 1000
                   638 678 806 116 1129 568 1350 1352 354 1260 105 1012
                   25 721 689 1201 219 174 100 274 426 20 737 155 1281
                   1282 1152
         17        293 209 926 119 928 212 262 1044 1303 1304 588 1232
                   657 658 1049 473 1114 789 623 88 886 256 991 944 1251
                   1253 993 341 665 837 480 708 536 1353 537 602 901 634
                   288 109 1139 360 361 1276 544 56 391 1085 767 347 1089
                   921 648
         18        368 1301 848 581 1132 898 1134 526 584 1249 1190 1314
                   439 1252 855 1194 1319 557 1256 135 909 185 1096 625
                   223 562 157 318 241 508 1270 450 47 48 72 12 641 642
                   65 364 61 1016 684 435 1170 1076 236 1026 939 1178
         19        1061 1334 1034 802 1220 1344 1037 97 1189 430 217 681
                   1100 1360 1071 1363 436 1105 150 614 83 2 1375 519 489
                   1141 840 841 313 178 728 303 753 1392
         20        691 1284 1064 762 228 302 808 1243 1295 214 1327 445
                   1196 244 479 1177 1337 230 211 249 757 125 564 42
         21        170 267 796 548 1018 459 1192 666 1022 54 585 137 1065
                   1199 495 696 555 294 867 752 838 225 483 133 635 914
                   311 545 1335 618 639 1397
         22        298 893 964 340 1230 990 590 154 394 1323 81 301 397
                   835 880 662 906 131 632 180 1306 1307 1038 138 306 463
         23        1184 315 1155 305 1002 863 777 1264 866 615 253 1104
                   1164 925 414 280 955 873 281 1204 215 434 723 1175 852
                   908 112 1288 655 272 77 296 579
         24        406 200 491 431 688 270 583 324 1113 149 878 108 980
                   162 184 1054 1385 1345 1287 1098 787 788 111 344
         25        561 492 729 1340 1239 13 1377 776 440 607 1024 781 198
                   720 335 529 869 386 523
         26        383 931 813 58 171 292 782 875 1003 679 1021 1321 1223
                   333 161 1305 1355 797 754 1331 1395 697
         27        531 915 510 626 1029 1031 1349 705 481 1146 247 428
                   248 1073 596 338 432 1393 143 192
         28        735 78 872 738 541 330 470 251 71 859 1341 208 1124
                   745 1148 67 1320 70 369 594 1042 98 482 104
         29        373 1381 1343 1200 454 1173 552 1214 289 539 462 121
                   398 1246
         30        853 233 342 865 1025 553 187 1241 1228 832 1271 378
                   379 197
         31        164 736 1374 749 429 1342 881
         32        1383 1372 1088 1289 1364 912
         33        731 505 32 472 266 363 1362 822 475
         34        756 1351 478 780 936 1328 1356 1102
         35        1078 1366 593 1023
         36        366 388
         37        1357 619 503 449 1396 1095
         38        1283 372 486 671 362
         39        1110 231
         40        1001 647 471 574 310
         41        651 140
         42        903 1299
         43        779 182 1079
         44        520 254
         46        1325 592 1292
         49        122
         50        807 404
         51        355



COVARIANCE COVERAGE OF DATA

Minimum covariance coverage value   0.100

     Number of missing data patterns             2


     PROPORTION OF DATA PRESENT


           Covariance Coverage
              WB            TVC           TCE           SN            WEEKEND
              ________      ________      ________      ________      ________
 WB             0.999
 TVC            0.999         1.000
 TCE            0.999         1.000         1.000
 SN             0.999         1.000         1.000         1.000
 WEEKEND        0.999         1.000         1.000         1.000         1.000



UNIVARIATE SAMPLE STATISTICS


     UNIVARIATE HIGHER-ORDER MOMENT DESCRIPTIVE STATISTICS

         Variable/         Mean/     Skewness/   Minimum/ % with                Percentiles
        Sample Size      Variance    Kurtosis    Maximum  Min/Max      20%/60%    40%/80%    Median

     WB                    2.869      -0.401       1.000    1.54%       2.333      2.667      3.000
           18989.000       0.471      -0.225       4.000    7.61%       3.000      3.333
     TVC                   0.079       3.122       0.000   92.10%       0.000      0.000      0.000
           19007.000       0.073       7.749       1.000    7.90%       0.000      0.000
     TCE                   0.262       1.082       0.000   73.78%       0.000      0.000      0.000
           19007.000       0.193      -0.830       1.000   26.22%       0.000      1.000
     SN                    0.115       2.418       0.000   88.53%       0.000      0.000      0.000
           19007.000       0.102       3.848       1.000   11.47%       0.000      0.000
     WEEKEND               0.235       1.250       0.000   76.50%       0.000      0.000      0.000
           19007.000       0.180      -0.438       1.000   23.50%       0.000      1.000


THE MODEL ESTIMATION TERMINATED NORMALLY

     USE THE FBITERATIONS OPTION TO INCREASE THE NUMBER OF ITERATIONS BY A FACTOR
     OF AT LEAST TWO TO CHECK CONVERGENCE AND THAT THE PSR VALUE DOES NOT INCREASE.



MODEL FIT INFORMATION

Number of Free Parameters                              28

Information Criteria

          Deviance (DIC)                        54536.830
          Estimated Number of Parameters (pD)    4510.585



MODEL RESULTS

                                Posterior  One-Tailed         95% C.I.
                    Estimate       S.D.      P-Value   Lower 2.5%  Upper 2.5%  Significance

Within Level

 WB         ON
    WEEKEND            0.033       0.009      0.000       0.016       0.050      *

 Variances
    TVC                0.065       0.001      0.000       0.064       0.066      *
    TCE                0.146       0.002      0.000       0.143       0.149      *
    SN                 0.075       0.001      0.000       0.073       0.076      *

 Residual Variances
    WB                 0.231       0.003      0.000       0.226       0.236      *

Between Level

 WB         ON
    TVC               -0.403       0.201      0.021      -0.807      -0.012      *
    TCE               -0.162       0.073      0.013      -0.306      -0.019      *
    SN                -0.165       0.092      0.037      -0.347       0.015

 WB       WITH
    S1                -0.018       0.009      0.027      -0.037       0.000
    S2                -0.016       0.006      0.007      -0.028      -0.003      *
    S3                -0.020       0.008      0.007      -0.037      -0.004      *

 S1       WITH
    S2                 0.031       0.008      0.000       0.016       0.047      *
    S3                 0.011       0.009      0.103      -0.005       0.029

 S2       WITH
    S3                 0.020       0.006      0.000       0.008       0.030      *

 Means
    TVC                0.084       0.003      0.000       0.078       0.090      *
    TCE                0.280       0.007      0.000       0.266       0.294      *
    SN                 0.127       0.005      0.000       0.117       0.138      *
    S1                 0.026       0.018      0.072      -0.009       0.062
    S2                 0.001       0.012      0.448      -0.022       0.026
    S3                 0.042       0.016      0.002       0.011       0.074      *

 Intercepts
    WB                 2.955       0.034      0.000       2.888       3.022      *

 Variances
    TVC                0.008       0.001      0.000       0.007       0.010      *
    TCE                0.051       0.003      0.000       0.046       0.056      *
    SN                 0.031       0.002      0.000       0.028       0.034      *
    S1                 0.066       0.014      0.000       0.042       0.096      *
    S2                 0.033       0.006      0.000       0.022       0.046      *
    S3                 0.027       0.008      0.000       0.013       0.043      *

 Residual Variances
    WB                 0.228       0.010      0.000       0.210       0.249      *


STANDARDIZED MODEL RESULTS


STDYX Standardization

                                Posterior  One-Tailed         95% C.I.
                    Estimate       S.D.      P-Value   Lower 2.5%  Upper 2.5%  Significance

Within-Level Standardized Estimates Averaged Over Clusters

 S1 | WB ON
    TVC                0.013       0.009      0.060      -0.003       0.029

 S2 | WB ON
    TCE                0.000       0.008      0.479      -0.016       0.017

 S3 | WB ON
    SN                 0.025       0.009      0.001       0.007       0.043      *

 WB         ON
    WEEKEND            0.023       0.006      0.001       0.011       0.034      *

 Variances
    TVC                1.000       0.000      0.000       1.000       1.000
    TCE                1.000       0.000      0.000       1.000       1.000
    SN                 1.000       0.000      0.000       1.000       1.000

 Residual Variances
    WB                 0.954       0.005      0.000       0.944       0.965      *

Between Level

 WB         ON
    TVC               -0.077       0.038      0.021      -0.152      -0.002      *
    TCE               -0.076       0.034      0.013      -0.142      -0.009      *
    SN                -0.060       0.033      0.037      -0.125       0.006

 WB       WITH
    S1                -0.149       0.077      0.027      -0.300       0.002
    S2                -0.184       0.072      0.007      -0.322      -0.040      *
    S3                -0.263       0.104      0.007      -0.467      -0.062      *

 S1       WITH
    S2                 0.678       0.125      0.000       0.403       0.917      *
    S3                 0.268       0.195      0.103      -0.131       0.605

 S2       WITH
    S3                 0.680       0.142      0.000       0.314       0.863      *

 Means
    TVC                0.921       0.047      0.000       0.830       1.015      *
    TCE                1.239       0.043      0.000       1.155       1.326      *
    SN                 0.724       0.035      0.000       0.657       0.793      *
    S1                 0.102       0.072      0.072      -0.032       0.246
    S2                 0.008       0.067      0.448      -0.120       0.144
    S3                 0.256       0.114      0.002       0.071       0.523      *

 Intercepts
    WB                 6.128       0.140      0.000       5.851       6.399      *

 Variances
    TVC                1.000       0.000      0.000       1.000       1.000
    TCE                1.000       0.000      0.000       1.000       1.000
    SN                 1.000       0.000      0.000       1.000       1.000
    S1                 1.000       0.000      0.000       1.000       1.000
    S2                 1.000       0.000      0.000       1.000       1.000
    S3                 1.000       0.000      0.000       1.000       1.000

 Residual Variances
    WB                 0.983       0.010      0.000       0.958       0.996      *


STDY Standardization

                                Posterior  One-Tailed         95% C.I.
                    Estimate       S.D.      P-Value   Lower 2.5%  Upper 2.5%  Significance

Within-Level Standardized Estimates Averaged Over Clusters

 S1 | WB ON
    TVC                0.013       0.009      0.060      -0.003       0.029

 S2 | WB ON
    TCE                0.000       0.008      0.479      -0.016       0.017

 S3 | WB ON
    SN                 0.025       0.009      0.001       0.007       0.043      *

 WB         ON
    WEEKEND            0.068       0.018      0.001       0.033       0.102      *

 Variances
    TVC                1.000       0.000      0.000       1.000       1.000
    TCE                1.000       0.000      0.000       1.000       1.000
    SN                 1.000       0.000      0.000       1.000       1.000

 Residual Variances
    WB                 0.954       0.005      0.000       0.944       0.965      *

Between Level

 WB         ON
    TVC               -0.077       0.038      0.021      -0.152      -0.002      *
    TCE               -0.076       0.034      0.013      -0.142      -0.009      *
    SN                -0.060       0.033      0.037      -0.125       0.006

 WB       WITH
    S1                -0.149       0.077      0.027      -0.300       0.002
    S2                -0.184       0.072      0.007      -0.322      -0.040      *
    S3                -0.263       0.104      0.007      -0.467      -0.062      *

 S1       WITH
    S2                 0.678       0.125      0.000       0.403       0.917      *
    S3                 0.268       0.195      0.103      -0.131       0.605

 S2       WITH
    S3                 0.680       0.142      0.000       0.314       0.863      *

 Means
    TVC                0.921       0.047      0.000       0.830       1.015      *
    TCE                1.239       0.043      0.000       1.155       1.326      *
    SN                 0.724       0.035      0.000       0.657       0.793      *
    S1                 0.102       0.072      0.072      -0.032       0.246
    S2                 0.008       0.067      0.448      -0.120       0.144
    S3                 0.256       0.114      0.002       0.071       0.523      *

 Intercepts
    WB                 6.128       0.140      0.000       5.851       6.399      *

 Variances
    TVC                1.000       0.000      0.000       1.000       1.000
    TCE                1.000       0.000      0.000       1.000       1.000
    SN                 1.000       0.000      0.000       1.000       1.000
    S1                 1.000       0.000      0.000       1.000       1.000
    S2                 1.000       0.000      0.000       1.000       1.000
    S3                 1.000       0.000      0.000       1.000       1.000

 Residual Variances
    WB                 0.983       0.010      0.000       0.958       0.996      *


R-SQUARE

Within-Level R-Square Averaged Across Clusters

                                Posterior  One-Tailed         95% C.I.
    Variable        Estimate       S.D.      P-Value   Lower 2.5%  Upper 2.5%

    WB                 0.046       0.005      0.000       0.035       0.056

Between Level

                                Posterior  One-Tailed         95% C.I.
    Variable        Estimate       S.D.      P-Value   Lower 2.5%  Upper 2.5%

    WB                 0.017       0.010      0.000       0.004       0.042


TECHNICAL 1 OUTPUT


     PARAMETER SPECIFICATION FOR WITHIN


           NU
              WB            TVC           TCE           SN            WEEKEND
              ________      ________      ________      ________      ________
                    0             0             0             0             0


           LAMBDA
              WB            TVC           TCE           SN            WEEKEND
              ________      ________      ________      ________      ________
 WB                 0             0             0             0             0
 TVC                0             0             0             0             0
 TCE                0             0             0             0             0
 SN                 0             0             0             0             0
 WEEKEND            0             0             0             0             0


           THETA
              WB            TVC           TCE           SN            WEEKEND
              ________      ________      ________      ________      ________
 WB                 0
 TVC                0             0
 TCE                0             0             0
 SN                 0             0             0             0
 WEEKEND            0             0             0             0             0


           ALPHA
              WB            TVC           TCE           SN            WEEKEND
              ________      ________      ________      ________      ________
                    0             0             0             0             0


           BETA
              WB            TVC           TCE           SN            WEEKEND
              ________      ________      ________      ________      ________
 WB                 0             0             0             0             1
 TVC                0             0             0             0             0
 TCE                0             0             0             0             0
 SN                 0             0             0             0             0
 WEEKEND            0             0             0             0             0


           PSI
              WB            TVC           TCE           SN            WEEKEND
              ________      ________      ________      ________      ________
 WB                 2
 TVC                0             3
 TCE                0             0             4
 SN                 0             0             0             5
 WEEKEND            0             0             0             0             0


     PARAMETER SPECIFICATION FOR BETWEEN


           NU
              WB            TVC           TCE           SN
              ________      ________      ________      ________
                    0             0             0             0


           LAMBDA
              S1            S2            S3            WB            TVC
              ________      ________      ________      ________      ________
 WB                 0             0             0             0             0
 TVC                0             0             0             0             0
 TCE                0             0             0             0             0
 SN                 0             0             0             0             0


           LAMBDA
              TCE           SN
              ________      ________
 WB                 0             0
 TVC                0             0
 TCE                0             0
 SN                 0             0


           THETA
              WB            TVC           TCE           SN
              ________      ________      ________      ________
 WB                 0
 TVC                0             0
 TCE                0             0             0
 SN                 0             0             0             0


           ALPHA
              S1            S2            S3            WB            TVC
              ________      ________      ________      ________      ________
                    6             7             8             9            10


           ALPHA
              TCE           SN
              ________      ________
                   11            12


           BETA
              S1            S2            S3            WB            TVC
              ________      ________      ________      ________      ________
 S1                 0             0             0             0             0
 S2                 0             0             0             0             0
 S3                 0             0             0             0             0
 WB                 0             0             0             0            13
 TVC                0             0             0             0             0
 TCE                0             0             0             0             0
 SN                 0             0             0             0             0


           BETA
              TCE           SN
              ________      ________
 S1                 0             0
 S2                 0             0
 S3                 0             0
 WB                14            15
 TVC                0             0
 TCE                0             0
 SN                 0             0


           PSI
              S1            S2            S3            WB            TVC
              ________      ________      ________      ________      ________
 S1                16
 S2                17            18
 S3                19            20            21
 WB                22            23            24            25
 TVC                0             0             0             0            26
 TCE                0             0             0             0             0
 SN                 0             0             0             0             0


           PSI
              TCE           SN
              ________      ________
 TCE               27
 SN                 0            28


     STARTING VALUES FOR WITHIN


           NU
              WB            TVC           TCE           SN            WEEKEND
              ________      ________      ________      ________      ________
                0.000         0.000         0.000         0.000         0.000


           LAMBDA
              WB            TVC           TCE           SN            WEEKEND
              ________      ________      ________      ________      ________
 WB             1.000         0.000         0.000         0.000         0.000
 TVC            0.000         1.000         0.000         0.000         0.000
 TCE            0.000         0.000         1.000         0.000         0.000
 SN             0.000         0.000         0.000         1.000         0.000
 WEEKEND        0.000         0.000         0.000         0.000         1.000


           THETA
              WB            TVC           TCE           SN            WEEKEND
              ________      ________      ________      ________      ________
 WB             0.000
 TVC            0.000         0.000
 TCE            0.000         0.000         0.000
 SN             0.000         0.000         0.000         0.000
 WEEKEND        0.000         0.000         0.000         0.000         0.000


           ALPHA
              WB            TVC           TCE           SN            WEEKEND
              ________      ________      ________      ________      ________
                0.000         0.000         0.000         0.000         0.000


           BETA
              WB            TVC           TCE           SN            WEEKEND
              ________      ________      ________      ________      ________
 WB             0.000         0.000         0.000         0.000         0.000
 TVC            0.000         0.000         0.000         0.000         0.000
 TCE            0.000         0.000         0.000         0.000         0.000
 SN             0.000         0.000         0.000         0.000         0.000
 WEEKEND        0.000         0.000         0.000         0.000         0.000


           PSI
              WB            TVC           TCE           SN            WEEKEND
              ________      ________      ________      ________      ________
 WB             0.236
 TVC            0.000         0.036
 TCE            0.000         0.000         0.097
 SN             0.000         0.000         0.000         0.051
 WEEKEND        0.000         0.000         0.000         0.000         0.090


     STARTING VALUES FOR BETWEEN


           NU
              WB            TVC           TCE           SN
              ________      ________      ________      ________
                0.000         0.000         0.000         0.000


           LAMBDA
              S1            S2            S3            WB            TVC
              ________      ________      ________      ________      ________
 WB             0.000         0.000         0.000         1.000         0.000
 TVC            0.000         0.000         0.000         0.000         1.000
 TCE            0.000         0.000         0.000         0.000         0.000
 SN             0.000         0.000         0.000         0.000         0.000


           LAMBDA
              TCE           SN
              ________      ________
 WB             0.000         0.000
 TVC            0.000         0.000
 TCE            1.000         0.000
 SN             0.000         1.000


           THETA
              WB            TVC           TCE           SN
              ________      ________      ________      ________
 WB             0.000
 TVC            0.000         0.000
 TCE            0.000         0.000         0.000
 SN             0.000         0.000         0.000         0.000


           ALPHA
              S1            S2            S3            WB            TVC
              ________      ________      ________      ________      ________
                0.000         0.000         0.000         2.869         0.079


           ALPHA
              TCE           SN
              ________      ________
                0.262         0.115


           BETA
              S1            S2            S3            WB            TVC
              ________      ________      ________      ________      ________
 S1             0.000         0.000         0.000         0.000         0.000
 S2             0.000         0.000         0.000         0.000         0.000
 S3             0.000         0.000         0.000         0.000         0.000
 WB             0.000         0.000         0.000         0.000         0.000
 TVC            0.000         0.000         0.000         0.000         0.000
 TCE            0.000         0.000         0.000         0.000         0.000
 SN             0.000         0.000         0.000         0.000         0.000


           BETA
              TCE           SN
              ________      ________
 S1             0.000         0.000
 S2             0.000         0.000
 S3             0.000         0.000
 WB             0.000         0.000
 TVC            0.000         0.000
 TCE            0.000         0.000
 SN             0.000         0.000


           PSI
              S1            S2            S3            WB            TVC
              ________      ________      ________      ________      ________
 S1             1.000
 S2             0.000         1.000
 S3             0.000         0.000         1.000
 WB             0.000         0.000         0.000         0.236
 TVC            0.000         0.000         0.000         0.000         0.036
 TCE            0.000         0.000         0.000         0.000         0.000
 SN             0.000         0.000         0.000         0.000         0.000


           PSI
              TCE           SN
              ________      ________
 TCE            0.097
 SN             0.000         0.051



     PRIORS FOR ALL PARAMETERS            PRIOR MEAN      PRIOR VARIANCE     PRIOR STD. DEV.

     Parameter 1~N(0.000,infinity)           0.0000            infinity            infinity
     Parameter 2~IG(-1.000,0.000)          infinity            infinity            infinity
     Parameter 3~IG(-1.000,0.000)          infinity            infinity            infinity
     Parameter 4~IG(-1.000,0.000)          infinity            infinity            infinity
     Parameter 5~IG(-1.000,0.000)          infinity            infinity            infinity
     Parameter 6~N(0.000,infinity)           0.0000            infinity            infinity
     Parameter 7~N(0.000,infinity)           0.0000            infinity            infinity
     Parameter 8~N(0.000,infinity)           0.0000            infinity            infinity
     Parameter 9~N(0.000,infinity)           0.0000            infinity            infinity
     Parameter 10~N(0.000,infinity)          0.0000            infinity            infinity
     Parameter 11~N(0.000,infinity)          0.0000            infinity            infinity
     Parameter 12~N(0.000,infinity)          0.0000            infinity            infinity
     Parameter 13~N(0.000,infinity)          0.0000            infinity            infinity
     Parameter 14~N(0.000,infinity)          0.0000            infinity            infinity
     Parameter 15~N(0.000,infinity)          0.0000            infinity            infinity
     Parameter 16~IW(0.000,-5)             infinity            infinity            infinity
     Parameter 17~IW(0.000,-5)             infinity            infinity            infinity
     Parameter 18~IW(0.000,-5)             infinity            infinity            infinity
     Parameter 19~IW(0.000,-5)             infinity            infinity            infinity
     Parameter 20~IW(0.000,-5)             infinity            infinity            infinity
     Parameter 21~IW(0.000,-5)             infinity            infinity            infinity
     Parameter 22~IW(0.000,-5)             infinity            infinity            infinity
     Parameter 23~IW(0.000,-5)             infinity            infinity            infinity
     Parameter 24~IW(0.000,-5)             infinity            infinity            infinity
     Parameter 25~IW(0.000,-5)             infinity            infinity            infinity
     Parameter 26~IG(-1.000,0.000)         infinity            infinity            infinity
     Parameter 27~IG(-1.000,0.000)         infinity            infinity            infinity
     Parameter 28~IG(-1.000,0.000)         infinity            infinity            infinity


TECHNICAL 8 OUTPUT


   TECHNICAL 8 OUTPUT FOR BAYES ESTIMATION

     CHAIN    BSEED
     1        0
     2        285380

                     POTENTIAL       PARAMETER WITH
     ITERATION    SCALE REDUCTION      HIGHEST PSR
     100              1.569               8
     200              1.285               22
     300              1.141               16
     400              1.475               19
     500              1.612               19
     600              1.714               19
     700              1.599               19
     800              1.575               19
     900              1.485               19
     1000             1.604               19
     1100             1.517               19
     1200             1.395               19
     1300             1.228               19
     1400             1.127               19
     1500             1.112               19
     1600             1.122               16
     1700             1.103               16
     1800             1.118               16
     1900             1.117               16
     2000             1.105               16
     2100             1.058               16
     2200             1.044               16
     2300             1.030               16
     2400             1.029               22
     2500             1.036               8
     2600             1.079               8
     2700             1.110               8
     2800             1.136               19
     2900             1.217               19
     3000             1.231               19
     3100             1.209               19
     3200             1.209               19
     3300             1.200               19
     3400             1.176               19
     3500             1.138               19
     3600             1.116               19
     3700             1.095               19
     3800             1.088               19
     3900             1.073               24
     4000             1.092               24
     4100             1.099               24
     4200             1.122               24
     4300             1.123               24
     4400             1.119               24
     4500             1.125               24
     4600             1.140               24
     4700             1.149               24
     4800             1.146               24
     4900             1.144               24
     5000             1.149               24
     5100             1.154               24
     5200             1.164               24
     5300             1.157               24
     5400             1.158               24
     5500             1.162               24
     5600             1.169               24
     5700             1.198               24
     5800             1.220               24
     5900             1.217               24
     6000             1.223               24
     6100             1.226               24
     6200             1.221               24
     6300             1.213               24
     6400             1.210               24
     6500             1.198               24
     6600             1.194               24
     6700             1.213               21
     6800             1.226               21
     6900             1.229               21
     7000             1.236               21
     7100             1.232               21
     7200             1.217               21
     7300             1.209               21
     7400             1.194               21
     7500             1.179               21
     7600             1.183               21
     7700             1.190               21
     7800             1.186               21
     7900             1.181               21
     8000             1.168               21
     8100             1.164               21
     8200             1.155               21
     8300             1.149               21
     8400             1.145               21
     8500             1.145               21
     8600             1.143               21
     8700             1.138               21
     8800             1.133               21
     8900             1.122               21
     9000             1.121               21
     9100             1.116               21
     9200             1.105               21
     9300             1.095               21
     9400             1.088               21
     9500             1.085               21
     9600             1.075               21
     9700             1.062               21
     9800             1.065               21
     9900             1.071               21
     10000            1.069               21


     Beginning Time:  15:38:59
        Ending Time:  15:47:43
       Elapsed Time:  00:08:44



MUTHEN & MUTHEN
3463 Stoner Ave.
Los Angeles, CA  90066

Tel: (310) 391-9971
Fax: (310) 391-8971
Web: www.StatModel.com
Support: Support@StatModel.com

Copyright (c) 1998-2020 Muthen & Muthen
