Mplus VERSION 8.5 (Mac)
MUTHEN & MUTHEN
03/18/2022   5:25 PM

INPUT INSTRUCTIONS

  TITLE: Analysis 2+3
  DATA: FILE = analysis2_suppl1_S3.dat;
  VARIABLE:
  NAMES = ID AB angry worried happy sad WB stressed lonely
  TVC TCE SN
  E A C N O gender ethnicity SES weekend;
  USEVARIABLES = AB
  TVC TCE SN
  weekend C;
  CLUSTER = ID;
  WITHIN = weekend;
  BETWEEN = C;
  MISSING = .;
  DEFINE: CENTER C (GRANDMEAN);
  ANALYSIS: TYPE = TWOLEVEL RANDOM; ESTIMATOR = BAYES;
  BITERATIONS = (10000); PROCESSORS = 2;
  MODEL:
  %WITHIN%
  ! Affect balance is predicted by TVC, the slope is random
  S1 | AB ON TVC;
  ! Affect balance is predicted by TCE, the slope is random
  S2 | AB ON TCE;
  ! Affect balance is predicted by SN, the slope is random
  S3 | AB ON SN;
  ! Control for weekend
  AB ON weekend;
  %BETWEEN%
  ! Covariance between intercept and slopes
  AB S1-S3 WITH AB S1-S3;
  ! The intercept is predicted by TVC
  AB ON TVC;
  ! The intercept is predicted by TCE
  AB ON TCE;
  ! The intercept is predicted by SN
  AB ON SN;
  ! The intercept is predicted by conscientiousness
  AB ON C;
  ! The slopes are predicted by conscientiousness
  S1-S3 ON C;
  OUTPUT: STDYX STDY TECH8;



*** WARNING in MODEL command
  In the MODEL command, the x variable on the WITHIN level has been turned into a
  y variable to enable latent variable decomposition.  This variable will be treated
  as a y-variable on both levels:  TVC
*** WARNING in MODEL command
  In the MODEL command, the x variable on the WITHIN level has been turned into a
  y variable to enable latent variable decomposition.  This variable will be treated
  as a y-variable on both levels:  TCE
*** WARNING in MODEL command
  In the MODEL command, the x variable on the WITHIN level has been turned into a
  y variable to enable latent variable decomposition.  This variable will be treated
  as a y-variable on both levels:  SN
*** WARNING
  One or more individual-level variables have no variation within a
  cluster for the following clusters.

     Variable   Cluster IDs with no within-cluster variation

      AB          171 657 797
      TVC         203 302 350 473 666 160 844 481 516 240 142 10 790 856 701 630 4 846 290 405
                  96 880 761 52 555 37 317 94 698 816 737 500 372 635 69 265 400 399 783 531 778
                  884 398 248 152 336 170 217 381 804 712 643 223 797 834 311 825 432 259 413
                  427 656 322 717 595 524 61 355 230 228 547 631 287 792 793 854 253 111 823 663
                  446 3 339 482 233 101 533 672 758 664 554 58 858 98 81 488 102 815 218 103 246
                  686 428 678 185 476 751 210 796 441 697 76 333 11 599 452 667 545 36 378 114
                  845 824 548 506 685 865 603 344 45 74 807
      TCE         203 302 473 666 160 171 844 516 240 806 142 790 271 856 625 701 820 630 657
                  846 49 290 558 689 740 598 880 761 37 579 94 698 491 534 737 372 635 639 69
                  703 374 367 332 399 752 531 90 472 778 651 173 671 328 669 729 814 327 248 632
                  336 217 640 324 75 804 99 314 223 690 888 722 797 403 842 501 647 510 474 331
                  83 311 143 382 131 435 257 443 356 259 519 546 157 872 800 887 202 77 186 691
                  609 5 316 146 853 551 250 236 836 817 40 717 192 188 191 204 269 810 463 524
                  362 93 61 886 838 409 496 730 784 355 749 715 809 239 325 631 117 376 611 286
                  792 46 253 738 187 111 310 768 704 785 830 668 243 637 430 490 769 819 843 716
                  3 662 42 339 482 781 486 66 233 273 754 256 225 14 293 499 705 461 231 64 105
                  299 263 53 827 343 33 97 488 71 780 352 351 161 626 54 416 849 29 103 680 686
                  518 82 18 549 837 678 185 177 522 358 821 713 200 214 764 600 373 15 521 751
                  509 118 777 682 254 267 694 330 51 515 28 76 465 126 11 124 634 22 607 195 882
                  190 667 648 268 883 222 839 545 621 378 718 182 801 851 440 114 505 363 876
                  278 68 119 147 650 726 24 589 569 525 193 397 107 619 245 156 775 50 618 12
                  436 605 562 298 700 602 642 508 390 158 303 687 537 449 38 45 396 307 587 346
                  180 766 55 771
      SN          203 302 350 473 666 160 171 844 481 516 240 806 142 10 790 271 485 856 625 701
                  820 630 657 4 846 290 280 608 405 740 598 96 52 317 127 369 94 732 321 698 162
                  491 375 816 534 737 635 639 265 306 627 374 400 332 654 354 125 399 752 386
                  531 39 462 90 472 778 651 173 529 884 168 671 864 110 669 398 183 2 212 652
                  808 327 248 632 152 336 217 380 381 640 831 165 295 75 804 99 712 643 439 523
                  223 690 888 391 722 434 727 877 797 834 274 72 459 553 833 300 501 370 647 510
                  805 135 474 83 84 495 311 479 8 237 514 143 382 131 292 435 257 443 401 130
                  825 402 585 356 432 681 259 546 43 660 413 427 157 872 800 159 179 887 492 202
                  528 77 186 691 656 609 5 871 316 803 146 470 322 551 560 244 835 836 260 80
                  817 40 717 798 137 789 192 595 745 31 188 313 191 204 695 417 269 810 850 213
                  524 494 866 362 791 739 93 61 319 415 409 730 784 355 220 227 228 547 384 715
                  467 239 325 89 388 454 117 67 513 376 379 88 611 115 620 622 420 286 287 792
                  854 46 253 738 556 310 318 448 768 823 568 704 604 123 19 471 785 615 663 830
                  446 668 243 85 637 277 430 716 662 829 132 706 407 339 482 781 721 486 6 153
                  731 66 782 233 561 167 101 709 533 337 672 754 719 758 256 368 225 14 445 364
                  664 357 760 293 554 499 646 58 705 371 291 231 858 241 733 539 762 64 105 818
                  221 98 21 299 655 263 53 723 133 746 624 343 414 164 699 475 33 97 488 633 393
                  780 352 520 262 161 626 54 734 416 815 489 281 425 565 849 29 218 451 338 103
                  100 246 680 226 518 428 82 447 18 549 837 678 305 229 32 185 177 522 692 270
                  358 821 511 312 13 214 764 476 629 521 751 431 210 118 235 25 109 429 777 796
                  601 441 665 682 484 258 614 254 653 582 264 566 408 92 267 694 330 697 744 201
                  51 570 304 28 597 714 76 465 209 333 172 11 747 181 599 573 138 124 452 634
                  22 349 847 612 252 95 750 195 412 882 190 648 268 883 755 222 683 676 839 545
                  36 483 621 536 378 718 182 502 801 208 720 851 377 636 114 505 363 876 767 278
                  122 517 675 68 813 845 119 247 147 283 347 650 726 423 419 24 543 824 525 559
                  193 397 107 87 498 619 156 360 775 50 659 199 618 12 189 26 757 426 506 411
                  605 345 865 772 562 34 141 59 881 580 603 27 298 198 487 700 602 552 642 480
                  508 9 129 390 385 530 120 234 507 469 687 759 537 658 578 140 707 449 38 421
                  45 587 418 346 588 341 180 406 766 55 743 771 807 873
      WEEKEND     203 302 473 666 160 171 481 516 240 806 10 271 485 856 820 49 558 280 598 369
                  737 553

*** WARNING
  Data set contains cases with missing on x-variables.
  These cases were not included in the analysis.
  Number of cases with missing on x-variables:  4482
   5 WARNING(S) FOUND IN THE INPUT INSTRUCTIONS



Analysis 2+3

SUMMARY OF ANALYSIS

Number of groups                                                 1
Number of observations                                       36553

Number of dependent variables                                    4
Number of independent variables                                  2
Number of continuous latent variables                            3

Observed dependent variables

  Continuous
   AB          TVC         TCE         SN

Observed independent variables
   WEEKEND     C

Continuous latent variables
   S1          S2          S3

Variables with special functions

  Cluster variable      ID

  Within variables
   WEEKEND

  Between variables
   C

  Centering (GRANDMEAN)
   C


Estimator                                                    BAYES
Specifications for Bayesian Estimation
  Point estimate                                            MEDIAN
  Number of Markov chain Monte Carlo (MCMC) chains               2
  Random seed for the first chain                                0
  Starting value information                           UNPERTURBED
  Algorithm used for Markov chain Monte Carlo           GIBBS(PX1)
  Convergence criterion                                  0.500D-01
  Maximum number of iterations                               50000
  K-th iteration used for thinning                               1

Input data file(s)
  analysis2_suppl1_S3.dat
Input data format  FREE


SUMMARY OF DATA

     Number of clusters                        760

       Size (s)    Cluster ID with Size s

          1        128 477 756
          2        203 302 350 473 666 160 171 844
          3        481 516 240 806 142
          4        10 790 271 485 856
          5        625 701 820 630
          6        657 4 846 49
          7        290 558 280 608 689 405 740
          8        598 96 880
          9        761 52 555 37
         10        579 317 127
         11        369 94 732 321
         12        698 848 162 491
         13        375 816 534 737 497 500 372 635 639
         14        69 265 306
         15        627
         16        703 374 367 400 238 332
         17        654 748 354 125 399
         18        783 752 386
         19        531 39 462 90 472 778 651 173
         20        529 884 168
         21        671 864 110 335 328 669
         22        398 645 183 2 212 729
         23        652 808 814 327 248 632 152
         24        336 170 217 176 380 381 640 324 831
         25        165 295 75 804 99 564 712
         26        643 439 314 523 223 628 690 888
         27        391 722 434 727 41 877 797 834 274
         28        72 459 553 403 833 300 842 501 370 647 510 805 135 474
                   812 331 83
         29        84 495 296 311 479 8 237
         30        514 567 143 285 301 382 131 292 435 257 348
         31        308 443 401 130 16 825
         32        402 585 356 432 681 259 519 546
         33        43 660 413 215 427 623 157 872 577 800 159 179 887 492
         34        202 528 77 186 691 670
         35        779 656 609 5 871 316 803 146 470 322
         36        853 551 250 236 560 596 244 835 836 260 80 613 817
         37        40 717 798 137 163 789
         38        192 595 745 31 188 313 765 191 204 695
         39        417 269 810 850 463 213 524 494 866 788 362 323 791
                   739 93 61 319 886 838 415
         40        409 496 730 784 355 230 220 227 228 547 424 384 749
                   715 289 467 809 239
         41        325 89 388 454 631 117 67 513 376 379 88 611 282 115
                   620 622
         42        315 420 286 287 792 793 854 46 253 860 738
         43        187 111 556 310 542 318 448 768 823 568 704 604
         44        123 19 471 785 615 663 830 446 668 243 85 637
         45        277 430 490 219 711 769 819 843 20 716 3 662 829 132
         46        706 407 42 339 482 781 261 721 486 6 353 153 731
         47        66 782 47 233 561 167 101 709 273 533 337 672 754 719
                   758 674 256 368 225 14 445
         48        364 664 357 677 760 340
         49        293 554 499 646 194 58 705 371 795 458 776 291 461 231
         50        858 241 733 539 762 64 105 794 818 221 98 21 299 655
                   263 586 557
         51        53 723 272 827 133 746 81 624 343 414 164 699 475 33
         52        97 488 633 393 863 71 780 352 520 102 262
         53        351 161 626 54 763 734 416 815 489
         54        841 1 281 425 565 849 29 218 451 338
         55        103 100 246 680 226 686 518 428 82 447 18
         56        549 837 678 305 229 32 185 177 522 692
         57        270 358 821 713 511 312 200 13 214 764 600 373 15 476
                   629 521 751
         58        509 431 216 210 118 235 25 109 429 777
         59        796 155 601 799 441 665 682 592 484 258 614 276 254
         60        653 582 264 450 566 532 174 869 408 62
         61        92 394 535 275 267 694 330 697 73 744 201 51 515 570
                   304 28
         62        597 714 76 465 584 126 209 333 172 232 11 747 181
         63        571 599 573 138 124 452 634 22 349 847 612 252
         64        95 607 750 195 862 753 412 882 190 667 648 268 684
         65        883 755 222 683 676 453
         66        839 545 36 572 483 621 536 378 718 182 502
         67        855 801 208 720 851 377 440
         68        636 249 114 505
         69        65 610 363 876
         70        644 767 278 122 444 517
         71        675 840 68 57 813 145 845 119 247 147 283
         72        151 347 650 726 423 563 419
         73        251 24 589 543 569 824 525
         74        559 193 397 107 87 498
         75        619 245 156
         76        360
         77        775 50 659 154 199 255 618 12
         78        606 594 189 26
         79        757 548 436 426
         80        266 506 411 605 685 345 865
         81        772 562 826 34
         82        141 59 881 366 580
         83        679 437 774 603
         84        27
         85        298 198
         86        487 700 728 602 552
         88        642 480 508 9 129 390
         89        158 385 303 530
         90        120 148 234 507 469
         91        687 708
         92        759 537 178 658
         93        591 578
         95        140 344
         96        707 449
         97        38 421 45 396 74
         98        307 770
        100        587
        103        418
        106        346 588 341
        109        106 180
        112        406 766
        114        55
        116        743
        119        771
        127        807
        130        873



COVARIANCE COVERAGE OF DATA

Minimum covariance coverage value   0.100

     Number of missing data patterns             2


     PROPORTION OF DATA PRESENT


           Covariance Coverage
              AB            TVC           TCE           SN            WEEKEND
              ________      ________      ________      ________      ________
 AB             0.988
 TVC            0.988         1.000
 TCE            0.988         1.000         1.000
 SN             0.988         1.000         1.000         1.000
 WEEKEND        0.988         1.000         1.000         1.000         1.000
 C              0.988         1.000         1.000         1.000         1.000


           Covariance Coverage
              C
              ________
 C              1.000



UNIVARIATE SAMPLE STATISTICS


     UNIVARIATE HIGHER-ORDER MOMENT DESCRIPTIVE STATISTICS

         Variable/         Mean/     Skewness/   Minimum/ % with                Percentiles
        Sample Size      Variance    Kurtosis    Maximum  Min/Max      20%/60%    40%/80%    Median

     AB                    0.767      -0.148      -3.000    0.42%      -0.333      0.333      0.667
           36122.000       1.623      -0.321       3.000    8.27%       1.000      2.000
     TVC                   0.085       2.977       0.000   91.51%       0.000      0.000      0.000
           36553.000       0.078       6.865       1.000    8.49%       0.000      0.000
     TCE                   0.065       3.538       0.000   93.53%       0.000      0.000      0.000
           36553.000       0.061      10.518       1.000    6.47%       0.000      0.000
     SN                    0.014       8.279       0.000   98.60%       0.000      0.000      0.000
           36553.000       0.014      66.546       1.000    1.40%       0.000      0.000
     WEEKEND               0.236       1.244       0.000   76.40%       0.000      0.000      0.000
           36553.000       0.180      -0.454       1.000   23.60%       0.000      1.000
     C                     0.000      -0.155      -1.966    0.13%      -0.550     -0.133      0.034
             760.000       0.411      -0.175       1.534    0.13%       0.117      0.534


THE MODEL ESTIMATION TERMINATED NORMALLY

     USE THE FBITERATIONS OPTION TO INCREASE THE NUMBER OF ITERATIONS BY A FACTOR
     OF AT LEAST TWO TO CHECK CONVERGENCE AND THAT THE PSR VALUE DOES NOT INCREASE.



MODEL FIT INFORMATION

Number of Free Parameters                              32

Information Criteria

          Deviance (DIC)                        45012.201
          Estimated Number of Parameters (pD)    2961.880



MODEL RESULTS

                                Posterior  One-Tailed         95% C.I.
                    Estimate       S.D.      P-Value   Lower 2.5%  Upper 2.5%  Significance

Within Level

 AB         ON
    WEEKEND            0.210       0.012      0.000       0.187       0.234      *

 Variances
    TVC                0.072       0.001      0.000       0.071       0.073      *
    TCE                0.047       0.000      0.000       0.046       0.048      *
    SN                 0.012       0.000      0.000       0.012       0.013      *

 Residual Variances
    AB                 0.914       0.007      0.000       0.900       0.927      *

Between Level

 S1         ON
    C                 -0.008       0.038      0.408      -0.081       0.066

 S2         ON
    C                 -0.043       0.043      0.154      -0.130       0.038

 S3         ON
    C                 -0.008       0.091      0.469      -0.186       0.172

 AB         ON
    TVC                0.128       0.429      0.384      -0.720       0.973
    TCE                0.030       0.265      0.452      -0.496       0.539
    SN                 1.349       0.811      0.051      -0.230       2.904
    C                  0.235       0.048      0.000       0.142       0.328      *

 AB       WITH
    S1                -0.032       0.020      0.058      -0.071       0.008
    S2                -0.006       0.026      0.400      -0.056       0.046
    S3                -0.022       0.050      0.322      -0.124       0.069

 S1       WITH
    S2                 0.035       0.017      0.017       0.003       0.071      *
    S3                 0.017       0.033      0.295      -0.041       0.085

 S2       WITH
    S3                 0.079       0.034      0.007       0.015       0.145      *

 Means
    TVC                0.089       0.003      0.000       0.083       0.096      *
    TCE                0.072       0.005      0.000       0.063       0.081      *
    SN                 0.016       0.002      0.000       0.013       0.020      *

 Intercepts
    AB                 0.733       0.055      0.000       0.624       0.841      *
    S1                 0.196       0.025      0.000       0.147       0.245      *
    S2                 0.135       0.029      0.000       0.078       0.191      *
    S3                 0.161       0.061      0.004       0.040       0.280      *

 Variances
    TVC                0.007       0.000      0.000       0.006       0.008      *
    TCE                0.015       0.001      0.000       0.013       0.017      *
    SN                 0.002       0.000      0.000       0.002       0.002      *

 Residual Variances
    AB                 0.680       0.037      0.000       0.612       0.756      *
    S1                 0.101       0.020      0.000       0.066       0.144      *
    S2                 0.080       0.021      0.000       0.045       0.129      *
    S3                 0.204       0.067      0.000       0.098       0.365      *


STANDARDIZED MODEL RESULTS


STDYX Standardization

                                Posterior  One-Tailed         95% C.I.
                    Estimate       S.D.      P-Value   Lower 2.5%  Upper 2.5%  Significance

Within-Level Standardized Estimates Averaged Over Clusters

 S1 | AB ON
    TVC                0.054       0.006      0.000       0.041       0.066      *

 S2 | AB ON
    TCE                0.029       0.006      0.000       0.017       0.040      *

 S3 | AB ON
    SN                 0.018       0.008      0.008       0.003       0.032      *

 AB         ON
    WEEKEND            0.086       0.005      0.000       0.077       0.096      *

 Variances
    TVC                1.000       0.000      0.000       1.000       1.000
    TCE                1.000       0.000      0.000       1.000       1.000
    SN                 1.000       0.000      0.000       1.000       1.000

 Residual Variances
    AB                 0.974       0.002      0.000       0.969       0.978      *

Between Level

 S1         ON
    C                 -0.012       0.055      0.408      -0.119       0.095

 S2         ON
    C                 -0.070       0.070      0.154      -0.214       0.060

 S3         ON
    C                 -0.007       0.092      0.469      -0.195       0.170

 AB         ON
    TVC                0.013       0.042      0.384      -0.070       0.096
    TCE                0.004       0.039      0.452      -0.072       0.079
    SN                 0.067       0.040      0.051      -0.012       0.145
    C                  0.129       0.026      0.000       0.077       0.179      *

 AB       WITH
    S1                -0.122       0.076      0.058      -0.266       0.031
    S2                -0.028       0.112      0.400      -0.235       0.199
    S3                -0.058       0.132      0.322      -0.313       0.199

 S1       WITH
    S2                 0.401       0.174      0.017       0.034       0.712      *
    S3                 0.120       0.228      0.295      -0.316       0.590

 S2       WITH
    S3                 0.645       0.214      0.007       0.133       0.914      *

 Means
    TVC                1.082       0.055      0.000       0.976       1.192      *
    TCE                0.593       0.041      0.000       0.513       0.673      *
    SN                 0.392       0.042      0.000       0.311       0.475      *

 Intercepts
    AB                 0.877       0.071      0.000       0.736       1.014      *
    S1                 0.619       0.100      0.000       0.442       0.831      *
    S2                 0.474       0.121      0.000       0.263       0.732      *
    S3                 0.357       0.146      0.004       0.084       0.656      *

 Variances
    TVC                1.000       0.000      0.000       1.000       1.000
    TCE                1.000       0.000      0.000       1.000       1.000
    SN                 1.000       0.000      0.000       1.000       1.000

 Residual Variances
    AB                 0.974       0.009      0.000       0.952       0.989      *
    S1                 0.999       0.005      0.000       0.984       1.000      *
    S2                 0.995       0.013      0.000       0.954       1.000      *
    S3                 0.996       0.012      0.000       0.957       1.000      *


STDY Standardization

                                Posterior  One-Tailed         95% C.I.
                    Estimate       S.D.      P-Value   Lower 2.5%  Upper 2.5%  Significance

Within-Level Standardized Estimates Averaged Over Clusters

 S1 | AB ON
    TVC                0.054       0.006      0.000       0.041       0.066      *

 S2 | AB ON
    TCE                0.029       0.006      0.000       0.017       0.040      *

 S3 | AB ON
    SN                 0.018       0.008      0.008       0.003       0.032      *

 AB         ON
    WEEKEND            0.217       0.012      0.000       0.194       0.242      *

 Variances
    TVC                1.000       0.000      0.000       1.000       1.000
    TCE                1.000       0.000      0.000       1.000       1.000
    SN                 1.000       0.000      0.000       1.000       1.000

 Residual Variances
    AB                 0.974       0.002      0.000       0.969       0.978      *

Between Level

 S1         ON
    C                 -0.026       0.119      0.408      -0.261       0.207

 S2         ON
    C                 -0.152       0.153      0.154      -0.468       0.132

 S3         ON
    C                 -0.016       0.202      0.469      -0.426       0.371

 AB         ON
    TVC                0.013       0.042      0.384      -0.070       0.096
    TCE                0.004       0.039      0.452      -0.072       0.079
    SN                 0.067       0.040      0.051      -0.012       0.145
    C                  0.281       0.057      0.000       0.169       0.391      *

 AB       WITH
    S1                -0.122       0.076      0.058      -0.266       0.031
    S2                -0.028       0.112      0.400      -0.235       0.199
    S3                -0.058       0.132      0.322      -0.313       0.199

 S1       WITH
    S2                 0.401       0.174      0.017       0.034       0.712      *
    S3                 0.120       0.228      0.295      -0.316       0.590

 S2       WITH
    S3                 0.645       0.214      0.007       0.133       0.914      *

 Means
    TVC                1.082       0.055      0.000       0.976       1.192      *
    TCE                0.593       0.041      0.000       0.513       0.673      *
    SN                 0.392       0.042      0.000       0.311       0.475      *

 Intercepts
    AB                 0.877       0.071      0.000       0.736       1.014      *
    S1                 0.619       0.100      0.000       0.442       0.831      *
    S2                 0.474       0.121      0.000       0.263       0.732      *
    S3                 0.357       0.146      0.004       0.084       0.656      *

 Variances
    TVC                1.000       0.000      0.000       1.000       1.000
    TCE                1.000       0.000      0.000       1.000       1.000
    SN                 1.000       0.000      0.000       1.000       1.000

 Residual Variances
    AB                 0.974       0.009      0.000       0.952       0.989      *
    S1                 0.999       0.005      0.000       0.984       1.000      *
    S2                 0.995       0.013      0.000       0.954       1.000      *
    S3                 0.996       0.012      0.000       0.957       1.000      *


R-SQUARE

Within-Level R-Square Averaged Across Clusters

                                Posterior  One-Tailed         95% C.I.
    Variable        Estimate       S.D.      P-Value   Lower 2.5%  Upper 2.5%

    AB                 0.026       0.002      0.000       0.022       0.031

Between Level

                                Posterior  One-Tailed         95% C.I.
    Variable        Estimate       S.D.      P-Value   Lower 2.5%  Upper 2.5%

    AB                 0.026       0.009      0.000       0.011       0.048

                                Posterior  One-Tailed         95% C.I.
    Variable        Estimate       S.D.      P-Value   Lower 2.5%  Upper 2.5%

    S1                 0.001       0.005      0.000       0.000       0.016
    S2                 0.005       0.013      0.000       0.000       0.046
    S3                 0.004       0.012      0.000       0.000       0.043


TECHNICAL 1 OUTPUT


     PARAMETER SPECIFICATION FOR WITHIN


           NU
              AB            TVC           TCE           SN            WEEKEND
              ________      ________      ________      ________      ________
                    0             0             0             0             0


           LAMBDA
              AB            TVC           TCE           SN            WEEKEND
              ________      ________      ________      ________      ________
 AB                 0             0             0             0             0
 TVC                0             0             0             0             0
 TCE                0             0             0             0             0
 SN                 0             0             0             0             0
 WEEKEND            0             0             0             0             0


           THETA
              AB            TVC           TCE           SN            WEEKEND
              ________      ________      ________      ________      ________
 AB                 0
 TVC                0             0
 TCE                0             0             0
 SN                 0             0             0             0
 WEEKEND            0             0             0             0             0


           ALPHA
              AB            TVC           TCE           SN            WEEKEND
              ________      ________      ________      ________      ________
                    0             0             0             0             0


           BETA
              AB            TVC           TCE           SN            WEEKEND
              ________      ________      ________      ________      ________
 AB                 0             0             0             0             1
 TVC                0             0             0             0             0
 TCE                0             0             0             0             0
 SN                 0             0             0             0             0
 WEEKEND            0             0             0             0             0


           PSI
              AB            TVC           TCE           SN            WEEKEND
              ________      ________      ________      ________      ________
 AB                 2
 TVC                0             3
 TCE                0             0             4
 SN                 0             0             0             5
 WEEKEND            0             0             0             0             0


     PARAMETER SPECIFICATION FOR BETWEEN


           NU
              AB            TVC           TCE           SN            C
              ________      ________      ________      ________      ________
                    0             0             0             0             0


           LAMBDA
              S1            S2            S3            AB            TVC
              ________      ________      ________      ________      ________
 AB                 0             0             0             0             0
 TVC                0             0             0             0             0
 TCE                0             0             0             0             0
 SN                 0             0             0             0             0
 C                  0             0             0             0             0


           LAMBDA
              TCE           SN            C
              ________      ________      ________
 AB                 0             0             0
 TVC                0             0             0
 TCE                0             0             0
 SN                 0             0             0
 C                  0             0             0


           THETA
              AB            TVC           TCE           SN            C
              ________      ________      ________      ________      ________
 AB                 0
 TVC                0             0
 TCE                0             0             0
 SN                 0             0             0             0
 C                  0             0             0             0             0


           ALPHA
              S1            S2            S3            AB            TVC
              ________      ________      ________      ________      ________
                    6             7             8             9            10


           ALPHA
              TCE           SN            C
              ________      ________      ________
                   11            12             0


           BETA
              S1            S2            S3            AB            TVC
              ________      ________      ________      ________      ________
 S1                 0             0             0             0             0
 S2                 0             0             0             0             0
 S3                 0             0             0             0             0
 AB                 0             0             0             0            16
 TVC                0             0             0             0             0
 TCE                0             0             0             0             0
 SN                 0             0             0             0             0
 C                  0             0             0             0             0


           BETA
              TCE           SN            C
              ________      ________      ________
 S1                 0             0            13
 S2                 0             0            14
 S3                 0             0            15
 AB                17            18            19
 TVC                0             0             0
 TCE                0             0             0
 SN                 0             0             0
 C                  0             0             0


           PSI
              S1            S2            S3            AB            TVC
              ________      ________      ________      ________      ________
 S1                20
 S2                21            22
 S3                23            24            25
 AB                26            27            28            29
 TVC                0             0             0             0            30
 TCE                0             0             0             0             0
 SN                 0             0             0             0             0
 C                  0             0             0             0             0


           PSI
              TCE           SN            C
              ________      ________      ________
 TCE               31
 SN                 0            32
 C                  0             0             0


     STARTING VALUES FOR WITHIN


           NU
              AB            TVC           TCE           SN            WEEKEND
              ________      ________      ________      ________      ________
                0.000         0.000         0.000         0.000         0.000


           LAMBDA
              AB            TVC           TCE           SN            WEEKEND
              ________      ________      ________      ________      ________
 AB             1.000         0.000         0.000         0.000         0.000
 TVC            0.000         1.000         0.000         0.000         0.000
 TCE            0.000         0.000         1.000         0.000         0.000
 SN             0.000         0.000         0.000         1.000         0.000
 WEEKEND        0.000         0.000         0.000         0.000         1.000


           THETA
              AB            TVC           TCE           SN            WEEKEND
              ________      ________      ________      ________      ________
 AB             0.000
 TVC            0.000         0.000
 TCE            0.000         0.000         0.000
 SN             0.000         0.000         0.000         0.000
 WEEKEND        0.000         0.000         0.000         0.000         0.000


           ALPHA
              AB            TVC           TCE           SN            WEEKEND
              ________      ________      ________      ________      ________
                0.000         0.000         0.000         0.000         0.000


           BETA
              AB            TVC           TCE           SN            WEEKEND
              ________      ________      ________      ________      ________
 AB             0.000         0.000         0.000         0.000         0.000
 TVC            0.000         0.000         0.000         0.000         0.000
 TCE            0.000         0.000         0.000         0.000         0.000
 SN             0.000         0.000         0.000         0.000         0.000
 WEEKEND        0.000         0.000         0.000         0.000         0.000


           PSI
              AB            TVC           TCE           SN            WEEKEND
              ________      ________      ________      ________      ________
 AB             0.811
 TVC            0.000         0.039
 TCE            0.000         0.000         0.030
 SN             0.000         0.000         0.000         0.007
 WEEKEND        0.000         0.000         0.000         0.000         0.090


     STARTING VALUES FOR BETWEEN


           NU
              AB            TVC           TCE           SN            C
              ________      ________      ________      ________      ________
                0.000         0.000         0.000         0.000         0.000


           LAMBDA
              S1            S2            S3            AB            TVC
              ________      ________      ________      ________      ________
 AB             0.000         0.000         0.000         1.000         0.000
 TVC            0.000         0.000         0.000         0.000         1.000
 TCE            0.000         0.000         0.000         0.000         0.000
 SN             0.000         0.000         0.000         0.000         0.000
 C              0.000         0.000         0.000         0.000         0.000


           LAMBDA
              TCE           SN            C
              ________      ________      ________
 AB             0.000         0.000         0.000
 TVC            0.000         0.000         0.000
 TCE            1.000         0.000         0.000
 SN             0.000         1.000         0.000
 C              0.000         0.000         1.000


           THETA
              AB            TVC           TCE           SN            C
              ________      ________      ________      ________      ________
 AB             0.000
 TVC            0.000         0.000
 TCE            0.000         0.000         0.000
 SN             0.000         0.000         0.000         0.000
 C              0.000         0.000         0.000         0.000         0.000


           ALPHA
              S1            S2            S3            AB            TVC
              ________      ________      ________      ________      ________
                0.000         0.000         0.000         0.767         0.085


           ALPHA
              TCE           SN            C
              ________      ________      ________
                0.065         0.014         0.000


           BETA
              S1            S2            S3            AB            TVC
              ________      ________      ________      ________      ________
 S1             0.000         0.000         0.000         0.000         0.000
 S2             0.000         0.000         0.000         0.000         0.000
 S3             0.000         0.000         0.000         0.000         0.000
 AB             0.000         0.000         0.000         0.000         0.000
 TVC            0.000         0.000         0.000         0.000         0.000
 TCE            0.000         0.000         0.000         0.000         0.000
 SN             0.000         0.000         0.000         0.000         0.000
 C              0.000         0.000         0.000         0.000         0.000


           BETA
              TCE           SN            C
              ________      ________      ________
 S1             0.000         0.000         0.000
 S2             0.000         0.000         0.000
 S3             0.000         0.000         0.000
 AB             0.000         0.000         0.000
 TVC            0.000         0.000         0.000
 TCE            0.000         0.000         0.000
 SN             0.000         0.000         0.000
 C              0.000         0.000         0.000


           PSI
              S1            S2            S3            AB            TVC
              ________      ________      ________      ________      ________
 S1             1.000
 S2             0.000         1.000
 S3             0.000         0.000         1.000
 AB             0.000         0.000         0.000         0.811
 TVC            0.000         0.000         0.000         0.000         0.039
 TCE            0.000         0.000         0.000         0.000         0.000
 SN             0.000         0.000         0.000         0.000         0.000
 C              0.000         0.000         0.000         0.000         0.000


           PSI
              TCE           SN            C
              ________      ________      ________
 TCE            0.030
 SN             0.000         0.007
 C              0.000         0.000         0.210



     PRIORS FOR ALL PARAMETERS            PRIOR MEAN      PRIOR VARIANCE     PRIOR STD. DEV.

     Parameter 1~N(0.000,infinity)           0.0000            infinity            infinity
     Parameter 2~IG(-1.000,0.000)          infinity            infinity            infinity
     Parameter 3~IG(-1.000,0.000)          infinity            infinity            infinity
     Parameter 4~IG(-1.000,0.000)          infinity            infinity            infinity
     Parameter 5~IG(-1.000,0.000)          infinity            infinity            infinity
     Parameter 6~N(0.000,infinity)           0.0000            infinity            infinity
     Parameter 7~N(0.000,infinity)           0.0000            infinity            infinity
     Parameter 8~N(0.000,infinity)           0.0000            infinity            infinity
     Parameter 9~N(0.000,infinity)           0.0000            infinity            infinity
     Parameter 10~N(0.000,infinity)          0.0000            infinity            infinity
     Parameter 11~N(0.000,infinity)          0.0000            infinity            infinity
     Parameter 12~N(0.000,infinity)          0.0000            infinity            infinity
     Parameter 13~N(0.000,infinity)          0.0000            infinity            infinity
     Parameter 14~N(0.000,infinity)          0.0000            infinity            infinity
     Parameter 15~N(0.000,infinity)          0.0000            infinity            infinity
     Parameter 16~N(0.000,infinity)          0.0000            infinity            infinity
     Parameter 17~N(0.000,infinity)          0.0000            infinity            infinity
     Parameter 18~N(0.000,infinity)          0.0000            infinity            infinity
     Parameter 19~N(0.000,infinity)          0.0000            infinity            infinity
     Parameter 20~IW(0.000,-5)             infinity            infinity            infinity
     Parameter 21~IW(0.000,-5)             infinity            infinity            infinity
     Parameter 22~IW(0.000,-5)             infinity            infinity            infinity
     Parameter 23~IW(0.000,-5)             infinity            infinity            infinity
     Parameter 24~IW(0.000,-5)             infinity            infinity            infinity
     Parameter 25~IW(0.000,-5)             infinity            infinity            infinity
     Parameter 26~IW(0.000,-5)             infinity            infinity            infinity
     Parameter 27~IW(0.000,-5)             infinity            infinity            infinity
     Parameter 28~IW(0.000,-5)             infinity            infinity            infinity
     Parameter 29~IW(0.000,-5)             infinity            infinity            infinity
     Parameter 30~IG(-1.000,0.000)         infinity            infinity            infinity
     Parameter 31~IG(-1.000,0.000)         infinity            infinity            infinity
     Parameter 32~IG(-1.000,0.000)         infinity            infinity            infinity


TECHNICAL 8 OUTPUT


   TECHNICAL 8 OUTPUT FOR BAYES ESTIMATION

     CHAIN    BSEED
     1        0
     2        285380

                     POTENTIAL       PARAMETER WITH
     ITERATION    SCALE REDUCTION      HIGHEST PSR
     100              3.590               22
     200              1.840               25
     300              1.792               25
     400              1.257               21
     500              1.570               23
     600              1.521               23
     700              1.577               23
     800              1.569               23
     900              1.368               24
     1000             1.484               24
     1100             1.298               24
     1200             1.151               24
     1300             1.184               25
     1400             1.125               25
     1500             1.071               25
     1600             1.072               8
     1700             1.102               25
     1800             1.155               25
     1900             1.174               25
     2000             1.144               24
     2100             1.227               24
     2200             1.256               24
     2300             1.269               24
     2400             1.298               24
     2500             1.340               24
     2600             1.322               24
     2700             1.294               24
     2800             1.314               24
     2900             1.369               24
     3000             1.451               24
     3100             1.439               24
     3200             1.405               24
     3300             1.356               24
     3400             1.217               24
     3500             1.217               23
     3600             1.236               23
     3700             1.201               23
     3800             1.175               23
     3900             1.149               23
     4000             1.144               23
     4100             1.153               23
     4200             1.141               23
     4300             1.136               23
     4400             1.145               23
     4500             1.108               23
     4600             1.108               23
     4700             1.106               23
     4800             1.055               23
     4900             1.060               24
     5000             1.080               24
     5100             1.089               24
     5200             1.088               24
     5300             1.075               24
     5400             1.061               24
     5500             1.046               25
     5600             1.042               25
     5700             1.050               25
     5800             1.059               25
     5900             1.065               25
     6000             1.079               25
     6100             1.079               25
     6200             1.072               25
     6300             1.085               25
     6400             1.088               25
     6500             1.077               25
     6600             1.070               25
     6700             1.069               25
     6800             1.078               25
     6900             1.088               25
     7000             1.087               25
     7100             1.099               25
     7200             1.101               25
     7300             1.091               25
     7400             1.083               25
     7500             1.069               25
     7600             1.069               25
     7700             1.067               25
     7800             1.056               25
     7900             1.048               25
     8000             1.034               25
     8100             1.030               25
     8200             1.030               24
     8300             1.033               24
     8400             1.033               24
     8500             1.032               24
     8600             1.031               24
     8700             1.032               24
     8800             1.025               24
     8900             1.022               23
     9000             1.032               23
     9100             1.032               23
     9200             1.034               23
     9300             1.041               23
     9400             1.046               23
     9500             1.052               23
     9600             1.057               23
     9700             1.054               23
     9800             1.045               23
     9900             1.044               23
     10000            1.045               23


     Beginning Time:  17:25:01
        Ending Time:  17:33:34
       Elapsed Time:  00:08:33



MUTHEN & MUTHEN
3463 Stoner Ave.
Los Angeles, CA  90066

Tel: (310) 391-9971
Fax: (310) 391-8971
Web: www.StatModel.com
Support: Support@StatModel.com

Copyright (c) 1998-2020 Muthen & Muthen
