Mplus VERSION 8.5 (Mac)
MUTHEN & MUTHEN
03/18/2022   4:03 PM

INPUT INSTRUCTIONS

  TITLE: Analysis 2+3
  DATA: FILE = analysis2_suppl1_S1.dat;
  VARIABLE:
  NAMES = ID WB content stressed lonely
  TVC TCE SN
  E A C N O gender ethnicity SES weekend;
  USEVARIABLES = WB
  TVC TCE SN
  weekend C;
  CLUSTER = ID;
  WITHIN = weekend;
  BETWEEN = C;
  MISSING = .;
  DEFINE: CENTER C (GRANDMEAN);
  ANALYSIS: TYPE = TWOLEVEL RANDOM; ESTIMATOR = BAYES;
  BITERATIONS = (10000); PROCESSORS = 2;
  MODEL:
  %WITHIN%
  ! Well-being is predicted by TVC, the slope is random
  S1 | WB ON TVC;
  ! Well-being is predicted by TCE, the slope is random
  S2 | WB ON TCE;
  ! Well-being is predicted by SN, the slope is random
  S3 | WB ON SN;
  ! Control for weekend
  WB ON weekend;
  %BETWEEN%
  ! Covariance between intercept and slopes
  WB S1-S3 WITH WB S1-S3;
  ! The intercept is predicted by TVC
  WB ON TVC;
  ! The intercept is predicted by TCE
  WB ON TCE;
  ! The intercept is predicted by SN
  WB ON SN;
  ! The intercept is predicted by conscientiousness
  WB ON C;
  ! The slopes are predicted by conscientiousness
  S1-S3 ON C;
  OUTPUT: STDYX STDY TECH8;



*** WARNING in MODEL command
  In the MODEL command, the x variable on the WITHIN level has been turned into a
  y variable to enable latent variable decomposition.  This variable will be treated
  as a y-variable on both levels:  TVC
*** WARNING in MODEL command
  In the MODEL command, the x variable on the WITHIN level has been turned into a
  y variable to enable latent variable decomposition.  This variable will be treated
  as a y-variable on both levels:  TCE
*** WARNING in MODEL command
  In the MODEL command, the x variable on the WITHIN level has been turned into a
  y variable to enable latent variable decomposition.  This variable will be treated
  as a y-variable on both levels:  SN
*** WARNING
  One or more individual-level variables have no variation within a
  cluster for the following clusters.

     Variable   Cluster IDs with no within-cluster variation

      WB          118 123 64 1167 63 87 202 7 263 343 1171 571 1265 660 160 317 485 831 125
      TVC         235 92 118 904 331 988 332 1033 419 128 525 1123 560 1167 1224 1274 1280 63
                  1336 717 87 202 7 578 1069 1077 86 1101 1118 136 343 1168 1171 761 1203 210
                  1248 1262 805 889 951 93 946 950 30 549 567 571 351 1059 599 352 613 620 1106
                  637 130 1119 39 1131 1154 26 732 153 49 438 441 770 1217 1237 1242 452 455 467
                  851 860 874 518 1368 910 919 764 543 175 421 1087 778 799 5 580 189 1144 44
                  882 328 9 90 464 469 672 706 967 1265 514 1294 106 1007 527 1384 237 55 877
                  346 890 443 907 922 923 569 278 945 376 744 957 1179 755 190 1198 977 998 1250
                  792 522 663 146 1058 37 1338 1376 685 704 1092 151 52 53 277 8 1163 1165 206
                  95 622 636 213 218 1210 327 1008 19 1236 836 1261 682 1278 547 186 1333 110
                  193 1373 250 1111 577 259 400 563 971 239 811 407 1191 145 699 834 586 714 499
                  165 1074 10 1310 261 325 534 446 935 766 941 387 650 1063 1185 1186 68 879 668
                  968 1218 605 809 899 979 1244 747 243 1273 1125 930 933 1308 1142 205 1027 1346
                  1162 1359 1371 1050 530 168 551 556 954 827 494 22 91 73 1121 334 297 29 690
                  1150 234 416 417 1367 1052 718 1197 1081 31 970 120 687 608 367 994 1120 141
                  621 711 509 624 1133 927 1015 627 1293 1143 169 453 336 1045 196 649 1053 582
                  1172 850 532 425 115 1213 692 629 1222 51 1238 703 359 365 847 260 89 1269 1145
                  1147 550 1285 41 868 504 299 794 724 1176 1187 50 996 883 1257 887 17 894 1067
                  1159 748 640 402 134 769 412 773 716 420 727 542 220 6 798 693 1206 1138 1309
                  1212 700 1216 339 99 652 565 1225 1234 760 1339 59 895 617 38 833 674 139 533
                  62 345 1267 348 858 1369 69 422 1380 1094 828 124 831 15 144 1227 1235 188 1057
                  638 806 116 568 1350 354 1260 25 689 274 20 737 1282 119 212 1232 657 1114 886
                  944 536 634 1276 544 391 347 921 368 1301 581 584 439 1252 855 1319 557 1096
                  241 508 47 12 61 435 1170 236 939 1034 1189 217 681 1100 1363 436 150 614 83
                  2 1375 840 178 728 753 1392 1284 228 214 244 230 125 42 267 796 548 459 1192
                  1022 585 1065 752 133 635 618 639 893 81 301 880 632 180 1307 1155 305 1002
                  414 215 852 112 655 272 77 296 579 491 108 162 1054 1345 1239 776 440 607 720
                  386 383 58 782 1003 1223 161 1355 510 626 247 1073 432 1393 143 735 78 541 71
                  745 98 454 121 865 553 187 1271 197 1372 1289 266 363 1351 1328 1356 1078 593
                  1023 366 1357 1001 574 651 903 254 1325 807 404
      TCE         92 904 331 988 332 1033 1123 560 1166 1167 1224 1274 63 1336 87 7 578 591 86
                  1101 1118 675 136 761 1203 1262 818 938 951 93 549 571 1009 76 599 352 613 620
                  637 130 1119 39 1131 732 153 49 770 1217 774 452 455 467 57 851 1368 910 175
                  778 799 1144 444 9 90 464 514 1020 1384 877 346 890 922 569 278 945 755 190
                  1198 977 476 1250 628 792 522 1338 246 843 277 622 213 661 1008 60 884 1333
                  110 193 399 563 811 407 36 474 160 300 1039 913 261 935 766 1117 387 643 650
                  207 1218 605 276 747 929 1308 1140 205 1027 943 1050 308 644 974 871 29 176
                  690 1150 1318 416 610 1052 1207 608 624 627 3 1160 582 532 425 629 703 358 365
                  260 291 962 794 1176 1182 74 996 694 640 916 769 412 773 727 1180 403 798 1309
                  485 896 38 24 674 1 139 411 897 948 1108 1215 831 15 1235 638 737 209 212 1304
                  886 480 1353 848 581 1319 1270 47 12 61 1170 236 217 681 1363 614 313 178 808
                  1022 54 585 555 867 893 154 1306 1038 306 1264 281 215 112 272 296 729 1239
                  1003 754 510 143 1148 1214 1228 1289 731 756 478 1102 1023 619 779 1325 1292
      SN          235 92 904 988 123 1033 128 64 1123 560 1166 1224 1274 1280 63 717 87 202 263
                  1006 578 591 1069 1077 86 1101 1118 675 136 343 204 1168 1171 1248 1259 1262
                  818 889 938 951 934 93 946 973 549 567 571 1009 76 351 352 613 1099 620 1106
                  39 1131 1154 26 732 49 438 1219 774 455 467 57 860 1365 910 919 543 175 778
                  1128 1144 589 44 444 882 328 9 90 464 469 672 706 967 514 103 1294 1311 353
                  1007 527 237 55 877 346 709 890 907 265 275 922 923 278 945 376 458 744 957
                  1179 755 389 476 488 1245 998 628 660 663 1058 37 1338 246 843 1376 685 1386
                  1092 151 1136 277 8 496 636 213 218 1208 327 437 1008 1032 836 60 677 854 1278
                  884 14 570 1373 1111 577 259 457 399 400 966 971 811 978 982 407 819 145 484
                  834 418 839 160 300 712 714 499 511 1258 165 1074 1310 1317 325 633 446 766
                  941 387 650 147 1063 1185 68 668 1218 809 899 203 1109 1255 276 741 456 917
                  243 1125 929 933 1140 1142 1324 205 1157 1346 1359 1371 393 943 1050 79 168
                  159 494 644 963 743 22 91 329 974 73 392 690 350 793 918 152 1156 416 804 610
                  417 1389 1197 31 232 687 608 554 902 367 994 141 621 711 509 713 1130 1279 1293
                  1297 1028 169 1053 319 1172 844 1382 468 425 115 1213 51 1240 1017 359 847 89
                  291 1269 1147 550 868 504 791 507 876 800 724 1086 1332 1187 50 1195 911 742
                  321 500 501 1051 694 894 1067 1159 142 702 290 101 1313 1097 410 201 857 258
                  676 222 542 1390 28 113 6 245 1286 856 403 693 997 558 339 99 652 760 659 1354
                  485 11 896 617 38 830 833 842 1072 829 408 62 345 948 656 1267 309 858 1108
                  69 1161 786 965 1094 124 831 987 995 166 40 1062 758 638 806 568 1260 1012 25
                  274 426 1152 119 928 262 1303 1304 1232 1114 789 623 886 256 1253 341 837 901
                  634 288 360 391 1085 1089 921 848 1132 898 526 1249 1194 557 185 562 157 241
                  508 450 642 65 435 1170 236 1026 1334 1344 1071 1363 1105 614 489 753 1392 691
                  1284 762 228 808 1295 214 445 1337 230 125 42 796 1192 1022 54 137 1199 555
                  867 752 838 639 1397 298 990 154 394 1323 301 397 880 906 306 1184 305 863 253
                  925 281 852 655 77 296 270 108 980 162 184 1287 111 492 440 607 781 523 383
                  292 782 161 754 1331 1395 510 1349 705 1146 428 338 143 192 78 541 470 1341
                  208 67 1320 1042 98 482 373 454 552 1214 462 398 233 865 1025 1228 832 1374
                  749 1342 1289 731 472 363 822 1351 478 936 1356 1023 388 1357 619 503 372 671
                  231 1001 574 310 903 779 520 254 1325 592 122 807
      WEEKEND     235 92 118 904 331 332 1033 419 128 64 1123 560 1167 1224 1274 1280 63 1336
                  717 202 7 263 578 591 1077 86 1118 136 343 204 1171 761 805 423 818 938 93 946
                  30 549 567 1009 76 351 352 613 620 637 130 1131 1154 732 153 49 438 770 774
                  1237 452 57 518 1365 1368 919 173 175 421 1087 799 5 189 328 9 706 967 103 1311
                  353 106 1007 1384 237 395 55 1126 275 922 458 957 755 389 316 401 628 37 246
                  843 1092 375 53 1136 8 496 213 1208 226 437 1008 682 1278 559 1333 250 577 563
                  978 982 474 145 160 1258 1074 1310 261 1317 325 766 207 803 917 1273 929 1308
                  179 1027 1157 943 494 974 976 334 297 29 918 1318 152 804 1389 554 994 1013
                  1028 649 1172 750 850 1213 291 41 868 876 724 500 142 702 412 857 28 220 99
                  896 24 829 965 1000 1129 25 20 623 1251 837 1319 939 681 1327 406 607

*** WARNING
  Data set contains cases with missing on x-variables.
  These cases were not included in the analysis.
  Number of cases with missing on x-variables:  2581
   5 WARNING(S) FOUND IN THE INPUT INSTRUCTIONS



Analysis 2+3

SUMMARY OF ANALYSIS

Number of groups                                                 1
Number of observations                                       16426

Number of dependent variables                                    4
Number of independent variables                                  2
Number of continuous latent variables                            3

Observed dependent variables

  Continuous
   WB          TVC         TCE         SN

Observed independent variables
   WEEKEND     C

Continuous latent variables
   S1          S2          S3

Variables with special functions

  Cluster variable      ID

  Within variables
   WEEKEND

  Between variables
   C

  Centering (GRANDMEAN)
   C


Estimator                                                    BAYES
Specifications for Bayesian Estimation
  Point estimate                                            MEDIAN
  Number of Markov chain Monte Carlo (MCMC) chains               2
  Random seed for the first chain                                0
  Starting value information                           UNPERTURBED
  Algorithm used for Markov chain Monte Carlo           GIBBS(PX1)
  Convergence criterion                                  0.500D-01
  Maximum number of iterations                               50000
  K-th iteration used for thinning                               1

Input data file(s)
  analysis2_suppl1_S1.dat
Input data format  FREE


SUMMARY OF DATA

     Number of clusters                       1121

       Size (s)    Cluster ID with Size s

          1        4 18 84 181 183 242 323 385 424 524 616 733 992 1004
                   1048 1082 1093 1158 1348 1379 1388
          2        235 92 118 904 331 988 332 123 1033 419 128 64 525 1123
                   560 1166 1167 1224 1274 1280 63 1336 717 87 202
          3        7 263 1006 578 591 1069 1077 86 1101 1118 675 136 343
                   204 1168 1171 761 1203 210 1248 1259 1262 805 423 818
                   889 938 951
          4        934 93 946 950 30 973 549 567 571 1009 76 351 1059 599
                   352 613 380 1099 620 1106 637 130 1119 39 1131 1154
                   26 732 153 49 438 441 770 1217 1219 774 1237 1242 452
                   455 467 57 851 860 874 518 1365 1368 287 910 919
          5        764 543 173 175 421 1087 778 799 801 5 580 1128 189
                   1144 589 44 444 882 328 9 90 464 667 469 672 706 967
                   1265 514 719 103 1294 1311 353 106 1007 527 1020 1384
                   237 395
          6        55 877 346 709 890 443 907 265 1126 275 922 923 1137
                   569 278 945 376 458 744 957 1179 755 190 1198 23 977
                   389 476 488 316 1245 998 1250 401 628 1268 792 522 660
                   663 146 1058 37 1338 246 1075 843 1376 685 695 1386
                   704 1092
          7        375 151 52 53 1136 277 8 496 1163 1165 206 95 622 636
                   213 218 661 1208 226 1210 327 437 1008 19 1236 825 1032
                   826 836 60 1261 1055 677 682 854 1278 547 186 559 884
                   1333 110 14 193 570 1373 250 1111 577 259
          8        457 399 400 966 563 971 239 811 978 982 407 36 474 1191
                   819 145 484 699 834 418 839 160 586 300 712 1039 714
                   499 511 1258 165 1074 1080 10 377 913 1310 261 1317
                   325 534 633 446 935 766 1117 941 387 643 650 147 207
          9        1063 1185 1186 1070 107 68 879 357 668 968 1218 803
                   605 809 899 979 1244 1247 203 1109 1255 276 741 456
                   917 747 243 1273 1125 929 930 824 933 1308 1014 1140
                   1142 1324 179 205 1027 1157 1346 1162 1359 1371 393
                   943 1050 79 530 308 168
         10        551 556 159 954 827 427 494 644 963 743 22 91 329 974
                   976 871 73 392 1121 448 334 297 29 176 690 1291 600
                   350 793 918 1150 1318 152 1156 234 416 804 610 810 417
                   1367 66 1052 814 317 718 1389
         11        1197 1081 31 1207 232 970 120 396 683 687 608 554 902
                   367 994 1120 141 621 711 509 713 624 1130 1013 1133
                   1279 927 1015 627 1293 1297 1143 1028 169 453 3 336
                   1041 1045 1160 196 384 649 1053 319 582 654 1172 844
                   1382 750 850 468 532 425
         12        115 1213 692 820 629 1222 51 1238 1240 1017 703 285
                   358 359 365 847 260 947 89 291 1269 1145 1147 952 550
                   861 1285 41 868 504 962 1296 791 1300 507 876 299 794
                   795 82 800 724 1086 1332 1176 1090 1182 74 194 1187
                   465 50 1195 911 1107 255 996 742 321
         13        500 1046 501 284 1051 883 1257 631 887 694 1153 17 894
                   1067 1159 142 748 640 701 975 702 402 290 763 916 101
                   984 985 646 1313 134 1097 769 410 606 412 1005 773 845
                   201 716 664 857 129 258 420 727 498 676 222 542 1390
         14        1180 28 113 220 221 6 245 1286 856 403 798 693 1206
                   1138 1309 513 997 558 1212 700 1216 339 99 652 565 1225
                   1231 1234 760 1339 566 659 1354 485 11 59 895 896 617
                   38 830 833 24 674 1 842
         15        1298 1072 829 139 408 533 62 307 538 411 1322 573 897
                   94 345 948 656 1267 309 348 858 1108 374 216 1369 69
                   422 1215 1161 1380 786 177 1066 598 1068 965
         16        1094 828 124 312 831 15 987 1302 144 1227 1229 1235
                   188 1057 995 166 40 1062 758 1000 638 678 806 116 1129
                   568 1350 1352 354 1260 105 1012 25 689 1201 219 174
                   100 274 426 20 737 155 1282 1152
         17        293 209 119 928 212 262 1303 1304 588 1232 657 1049
                   473 1114 789 623 88 886 256 991 944 1251 1253 993 341
                   665 837 480 536 1353 537 602 901 634 288 1139 360 1276
                   544 391 1085 767 347 1089 921 648
         18        368 1301 848 581 1132 898 1134 526 584 1249 1190 1314
                   439 1252 855 1194 1319 557 1256 135 185 1096 562 157
                   318 241 508 1270 450 47 12 641 642 65 364 61 1016 435
                   1170 1076 236 1026 939
         19        1061 1334 1034 1344 97 1189 430 217 681 1100 1360 1071
                   1363 436 1105 150 614 83 2 1375 519 489 1141 840 841
                   313 178 728 303 753 1392
         20        691 1284 1064 762 228 302 808 1243 1295 214 1327 445
                   1196 244 479 1177 1337 230 249 757 125 564 42
         21        170 267 796 548 1018 459 1192 666 1022 54 585 137 1065
                   1199 495 555 294 867 752 838 133 635 914 1335 618 639
                   1397
         22        298 893 964 340 1230 990 154 394 1323 81 301 397 880
                   662 906 131 632 180 1306 1307 1038 138 306 463
         23        1184 315 1155 305 1002 863 777 1264 253 1164 925 414
                   955 281 1204 215 434 723 1175 852 908 112 655 272 77
                   296 579
         24        406 491 431 688 270 878 108 980 162 184 1054 1385 1345
                   1287 1098 787 788 111 344
         25        561 492 729 1340 1239 13 1377 776 440 607 781 198 720
                   335 529 869 386 523
         26        383 931 58 171 292 782 875 1003 679 1021 1223 161 1355
                   797 754 1331 1395 697
         27        531 915 510 626 1029 1031 1349 705 481 1146 247 428
                   248 1073 596 338 432 1393 143 192
         28        735 78 738 541 470 251 71 859 1341 208 1124 745 1148
                   67 1320 70 369 594 1042 98 482 104
         29        373 1381 1343 1200 454 1173 552 1214 289 462 121 398
                   1246
         30        853 233 342 865 1025 553 187 1228 832 1271 378 379 197
         31        164 736 1374 749 429 1342 881
         32        1383 1372 1088 1289 1364 912
         33        731 505 32 472 266 363 1362 822 475
         34        756 1351 478 936 1328 1356 1102
         35        1078 593 1023
         36        366 388
         37        1357 619 503 449 1396 1095
         38        1283 372 486 671
         39        1110 231
         40        1001 471 574 310
         41        651
         42        903
         43        779 182 1079
         44        520 254
         46        1325 592 1292
         49        122
         50        807 404



COVARIANCE COVERAGE OF DATA

Minimum covariance coverage value   0.100

     Number of missing data patterns             2


     PROPORTION OF DATA PRESENT


           Covariance Coverage
              WB            TVC           TCE           SN            WEEKEND
              ________      ________      ________      ________      ________
 WB             0.999
 TVC            0.999         1.000
 TCE            0.999         1.000         1.000
 SN             0.999         1.000         1.000         1.000
 WEEKEND        0.999         1.000         1.000         1.000         1.000
 C              0.999         1.000         1.000         1.000         1.000


           Covariance Coverage
              C
              ________
 C              1.000



UNIVARIATE SAMPLE STATISTICS


     UNIVARIATE HIGHER-ORDER MOMENT DESCRIPTIVE STATISTICS

         Variable/         Mean/     Skewness/   Minimum/ % with                Percentiles
        Sample Size      Variance    Kurtosis    Maximum  Min/Max      20%/60%    40%/80%    Median

     WB                    2.881      -0.406       1.000    1.42%       2.333      2.667      3.000
           16412.000       0.466      -0.223       4.000    7.78%       3.000      3.333
     TVC                   0.078       3.154       0.000   92.23%       0.000      0.000      0.000
           16426.000       0.072       7.947       1.000    7.77%       0.000      0.000
     TCE                   0.255       1.124       0.000   74.49%       0.000      0.000      0.000
           16426.000       0.190      -0.737       1.000   25.51%       0.000      1.000
     SN                    0.117       2.384       0.000   88.31%       0.000      0.000      0.000
           16426.000       0.103       3.683       1.000   11.69%       0.000      0.000
     WEEKEND               0.237       1.239       0.000   76.33%       0.000      0.000      0.000
           16426.000       0.181      -0.465       1.000   23.67%       0.000      1.000
     C                     0.000      -0.008      -2.016    0.09%      -0.571     -0.238     -0.016
            1121.000       0.399      -0.389       1.540    0.45%       0.206      0.540


THE MODEL ESTIMATION TERMINATED NORMALLY

     USE THE FBITERATIONS OPTION TO INCREASE THE NUMBER OF ITERATIONS BY A FACTOR
     OF AT LEAST TWO TO CHECK CONVERGENCE AND THAT THE PSR VALUE DOES NOT INCREASE.



MODEL FIT INFORMATION

Number of Free Parameters                              32

Information Criteria

          Deviance (DIC)                        46765.737
          Estimated Number of Parameters (pD)    3801.935



MODEL RESULTS

                                Posterior  One-Tailed         95% C.I.
                    Estimate       S.D.      P-Value   Lower 2.5%  Upper 2.5%  Significance

Within Level

 WB         ON
    WEEKEND            0.034       0.009      0.000       0.016       0.053      *

 Variances
    TVC                0.064       0.001      0.000       0.063       0.066      *
    TCE                0.145       0.002      0.000       0.142       0.148      *
    SN                 0.075       0.001      0.000       0.074       0.077      *

 Residual Variances
    WB                 0.229       0.003      0.000       0.223       0.234      *

Between Level

 S1         ON
    C                 -0.002       0.033      0.481      -0.065       0.065

 S2         ON
    C                  0.030       0.020      0.073      -0.010       0.067

 S3         ON
    C                  0.008       0.026      0.383      -0.042       0.059

 WB         ON
    TVC               -0.454       0.222      0.017      -0.888      -0.032      *
    TCE               -0.147       0.079      0.029      -0.305       0.005
    SN                -0.153       0.096      0.059      -0.337       0.036
    C                  0.147       0.024      0.000       0.100       0.193      *

 WB       WITH
    S1                -0.024       0.010      0.010      -0.044      -0.003      *
    S2                -0.022       0.006      0.001      -0.034      -0.009      *
    S3                -0.017       0.009      0.025      -0.034       0.000

 S1       WITH
    S2                 0.024       0.008      0.001       0.010       0.041      *
    S3                 0.018       0.008      0.012       0.002       0.035      *

 S2       WITH
    S3                 0.019       0.006      0.001       0.007       0.031      *

 Means
    TVC                0.082       0.003      0.000       0.075       0.088      *
    TCE                0.274       0.007      0.000       0.259       0.289      *
    SN                 0.129       0.006      0.000       0.117       0.140      *

 Intercepts
    WB                 2.964       0.037      0.000       2.892       3.035      *
    S1                 0.037       0.020      0.030      -0.002       0.076
    S2                 0.009       0.012      0.226      -0.014       0.034
    S3                 0.039       0.017      0.007       0.008       0.074      *

 Variances
    TVC                0.008       0.001      0.000       0.007       0.009      *
    TCE                0.049       0.003      0.000       0.044       0.055      *
    SN                 0.031       0.002      0.000       0.028       0.035      *

 Residual Variances
    WB                 0.219       0.010      0.000       0.200       0.241      *
    S1                 0.072       0.014      0.000       0.047       0.102      *
    S2                 0.025       0.007      0.000       0.013       0.039      *
    S3                 0.024       0.008      0.000       0.011       0.042      *


STANDARDIZED MODEL RESULTS


STDYX Standardization

                                Posterior  One-Tailed         95% C.I.
                    Estimate       S.D.      P-Value   Lower 2.5%  Upper 2.5%  Significance

Within-Level Standardized Estimates Averaged Over Clusters

 S1 | WB ON
    TVC                0.019       0.010      0.022       0.001       0.037      *

 S2 | WB ON
    TCE                0.006       0.009      0.257      -0.010       0.023

 S3 | WB ON
    SN                 0.022       0.009      0.009       0.005       0.041      *

 WB         ON
    WEEKEND            0.024       0.006      0.000       0.012       0.037      *

 Variances
    TVC                1.000       0.000      0.000       1.000       1.000
    TCE                1.000       0.000      0.000       1.000       1.000
    SN                 1.000       0.000      0.000       1.000       1.000

 Residual Variances
    WB                 0.957       0.005      0.000       0.947       0.968      *

Between Level

 S1         ON
    C                 -0.003       0.054      0.481      -0.111       0.107

 S2         ON
    C                  0.084       0.056      0.073      -0.028       0.189

 S3         ON
    C                  0.024       0.078      0.383      -0.121       0.180

 WB         ON
    TVC               -0.084       0.041      0.017      -0.165      -0.006      *
    TCE               -0.069       0.037      0.029      -0.141       0.002
    SN                -0.057       0.036      0.059      -0.125       0.014
    C                  0.137       0.022      0.000       0.093       0.179      *

 WB       WITH
    S1                -0.194       0.080      0.010      -0.346      -0.028      *
    S2                -0.297       0.089      0.001      -0.471      -0.123      *
    S3                -0.233       0.122      0.025      -0.475       0.000

 S1       WITH
    S2                 0.588       0.143      0.001       0.260       0.819      *
    S3                 0.441       0.179      0.012       0.052       0.739      *

 S2       WITH
    S3                 0.818       0.185      0.001       0.324       0.966      *

 Means
    TVC                0.924       0.051      0.000       0.826       1.026      *
    TCE                1.236       0.047      0.000       1.143       1.330      *
    SN                 0.725       0.037      0.000       0.652       0.800      *

 Intercepts
    WB                 6.206       0.155      0.000       5.901       6.510      *
    S1                 0.139       0.076      0.030      -0.006       0.288
    S2                 0.057       0.080      0.226      -0.093       0.225
    S3                 0.255       0.122      0.007       0.051       0.536      *

 Variances
    TVC                1.000       0.000      0.000       1.000       1.000
    TCE                1.000       0.000      0.000       1.000       1.000
    SN                 1.000       0.000      0.000       1.000       1.000

 Residual Variances
    WB                 0.963       0.012      0.000       0.935       0.982      *
    S1                 0.999       0.004      0.000       0.984       1.000      *
    S2                 0.993       0.010      0.000       0.964       1.000      *
    S3                 0.997       0.010      0.000       0.966       1.000      *


STDY Standardization

                                Posterior  One-Tailed         95% C.I.
                    Estimate       S.D.      P-Value   Lower 2.5%  Upper 2.5%  Significance

Within-Level Standardized Estimates Averaged Over Clusters

 S1 | WB ON
    TVC                0.019       0.010      0.022       0.001       0.037      *

 S2 | WB ON
    TCE                0.006       0.009      0.257      -0.010       0.023

 S3 | WB ON
    SN                 0.022       0.009      0.009       0.005       0.041      *

 WB         ON
    WEEKEND            0.070       0.019      0.000       0.034       0.110      *

 Variances
    TVC                1.000       0.000      0.000       1.000       1.000
    TCE                1.000       0.000      0.000       1.000       1.000
    SN                 1.000       0.000      0.000       1.000       1.000

 Residual Variances
    WB                 0.957       0.005      0.000       0.947       0.968      *

Between Level

 S1         ON
    C                 -0.006       0.123      0.481      -0.249       0.240

 S2         ON
    C                  0.189       0.126      0.073      -0.063       0.425

 S3         ON
    C                  0.053       0.174      0.383      -0.271       0.406

 WB         ON
    TVC               -0.084       0.041      0.017      -0.165      -0.006      *
    TCE               -0.069       0.037      0.029      -0.141       0.002
    SN                -0.057       0.036      0.059      -0.125       0.014
    C                  0.309       0.049      0.000       0.210       0.403      *

 WB       WITH
    S1                -0.194       0.080      0.010      -0.346      -0.028      *
    S2                -0.297       0.089      0.001      -0.471      -0.123      *
    S3                -0.233       0.122      0.025      -0.475       0.000

 S1       WITH
    S2                 0.588       0.143      0.001       0.260       0.819      *
    S3                 0.441       0.179      0.012       0.052       0.739      *

 S2       WITH
    S3                 0.818       0.185      0.001       0.324       0.966      *

 Means
    TVC                0.924       0.051      0.000       0.826       1.026      *
    TCE                1.236       0.047      0.000       1.143       1.330      *
    SN                 0.725       0.037      0.000       0.652       0.800      *

 Intercepts
    WB                 6.206       0.155      0.000       5.901       6.510      *
    S1                 0.139       0.076      0.030      -0.006       0.288
    S2                 0.057       0.080      0.226      -0.093       0.225
    S3                 0.255       0.122      0.007       0.051       0.536      *

 Variances
    TVC                1.000       0.000      0.000       1.000       1.000
    TCE                1.000       0.000      0.000       1.000       1.000
    SN                 1.000       0.000      0.000       1.000       1.000

 Residual Variances
    WB                 0.963       0.012      0.000       0.935       0.982      *
    S1                 0.999       0.004      0.000       0.984       1.000      *
    S2                 0.993       0.010      0.000       0.964       1.000      *
    S3                 0.997       0.010      0.000       0.966       1.000      *


R-SQUARE

Within-Level R-Square Averaged Across Clusters

                                Posterior  One-Tailed         95% C.I.
    Variable        Estimate       S.D.      P-Value   Lower 2.5%  Upper 2.5%

    WB                 0.043       0.005      0.000       0.032       0.053

Between Level

                                Posterior  One-Tailed         95% C.I.
    Variable        Estimate       S.D.      P-Value   Lower 2.5%  Upper 2.5%

    WB                 0.037       0.012      0.000       0.018       0.065

                                Posterior  One-Tailed         95% C.I.
    Variable        Estimate       S.D.      P-Value   Lower 2.5%  Upper 2.5%

    S1                 0.001       0.004      0.000       0.000       0.016
    S2                 0.007       0.010      0.000       0.000       0.036
    S3                 0.003       0.010      0.000       0.000       0.034


TECHNICAL 1 OUTPUT


     PARAMETER SPECIFICATION FOR WITHIN


           NU
              WB            TVC           TCE           SN            WEEKEND
              ________      ________      ________      ________      ________
                    0             0             0             0             0


           LAMBDA
              WB            TVC           TCE           SN            WEEKEND
              ________      ________      ________      ________      ________
 WB                 0             0             0             0             0
 TVC                0             0             0             0             0
 TCE                0             0             0             0             0
 SN                 0             0             0             0             0
 WEEKEND            0             0             0             0             0


           THETA
              WB            TVC           TCE           SN            WEEKEND
              ________      ________      ________      ________      ________
 WB                 0
 TVC                0             0
 TCE                0             0             0
 SN                 0             0             0             0
 WEEKEND            0             0             0             0             0


           ALPHA
              WB            TVC           TCE           SN            WEEKEND
              ________      ________      ________      ________      ________
                    0             0             0             0             0


           BETA
              WB            TVC           TCE           SN            WEEKEND
              ________      ________      ________      ________      ________
 WB                 0             0             0             0             1
 TVC                0             0             0             0             0
 TCE                0             0             0             0             0
 SN                 0             0             0             0             0
 WEEKEND            0             0             0             0             0


           PSI
              WB            TVC           TCE           SN            WEEKEND
              ________      ________      ________      ________      ________
 WB                 2
 TVC                0             3
 TCE                0             0             4
 SN                 0             0             0             5
 WEEKEND            0             0             0             0             0


     PARAMETER SPECIFICATION FOR BETWEEN


           NU
              WB            TVC           TCE           SN            C
              ________      ________      ________      ________      ________
                    0             0             0             0             0


           LAMBDA
              S1            S2            S3            WB            TVC
              ________      ________      ________      ________      ________
 WB                 0             0             0             0             0
 TVC                0             0             0             0             0
 TCE                0             0             0             0             0
 SN                 0             0             0             0             0
 C                  0             0             0             0             0


           LAMBDA
              TCE           SN            C
              ________      ________      ________
 WB                 0             0             0
 TVC                0             0             0
 TCE                0             0             0
 SN                 0             0             0
 C                  0             0             0


           THETA
              WB            TVC           TCE           SN            C
              ________      ________      ________      ________      ________
 WB                 0
 TVC                0             0
 TCE                0             0             0
 SN                 0             0             0             0
 C                  0             0             0             0             0


           ALPHA
              S1            S2            S3            WB            TVC
              ________      ________      ________      ________      ________
                    6             7             8             9            10


           ALPHA
              TCE           SN            C
              ________      ________      ________
                   11            12             0


           BETA
              S1            S2            S3            WB            TVC
              ________      ________      ________      ________      ________
 S1                 0             0             0             0             0
 S2                 0             0             0             0             0
 S3                 0             0             0             0             0
 WB                 0             0             0             0            16
 TVC                0             0             0             0             0
 TCE                0             0             0             0             0
 SN                 0             0             0             0             0
 C                  0             0             0             0             0


           BETA
              TCE           SN            C
              ________      ________      ________
 S1                 0             0            13
 S2                 0             0            14
 S3                 0             0            15
 WB                17            18            19
 TVC                0             0             0
 TCE                0             0             0
 SN                 0             0             0
 C                  0             0             0


           PSI
              S1            S2            S3            WB            TVC
              ________      ________      ________      ________      ________
 S1                20
 S2                21            22
 S3                23            24            25
 WB                26            27            28            29
 TVC                0             0             0             0            30
 TCE                0             0             0             0             0
 SN                 0             0             0             0             0
 C                  0             0             0             0             0


           PSI
              TCE           SN            C
              ________      ________      ________
 TCE               31
 SN                 0            32
 C                  0             0             0


     STARTING VALUES FOR WITHIN


           NU
              WB            TVC           TCE           SN            WEEKEND
              ________      ________      ________      ________      ________
                0.000         0.000         0.000         0.000         0.000


           LAMBDA
              WB            TVC           TCE           SN            WEEKEND
              ________      ________      ________      ________      ________
 WB             1.000         0.000         0.000         0.000         0.000
 TVC            0.000         1.000         0.000         0.000         0.000
 TCE            0.000         0.000         1.000         0.000         0.000
 SN             0.000         0.000         0.000         1.000         0.000
 WEEKEND        0.000         0.000         0.000         0.000         1.000


           THETA
              WB            TVC           TCE           SN            WEEKEND
              ________      ________      ________      ________      ________
 WB             0.000
 TVC            0.000         0.000
 TCE            0.000         0.000         0.000
 SN             0.000         0.000         0.000         0.000
 WEEKEND        0.000         0.000         0.000         0.000         0.000


           ALPHA
              WB            TVC           TCE           SN            WEEKEND
              ________      ________      ________      ________      ________
                0.000         0.000         0.000         0.000         0.000


           BETA
              WB            TVC           TCE           SN            WEEKEND
              ________      ________      ________      ________      ________
 WB             0.000         0.000         0.000         0.000         0.000
 TVC            0.000         0.000         0.000         0.000         0.000
 TCE            0.000         0.000         0.000         0.000         0.000
 SN             0.000         0.000         0.000         0.000         0.000
 WEEKEND        0.000         0.000         0.000         0.000         0.000


           PSI
              WB            TVC           TCE           SN            WEEKEND
              ________      ________      ________      ________      ________
 WB             0.233
 TVC            0.000         0.036
 TCE            0.000         0.000         0.095
 SN             0.000         0.000         0.000         0.052
 WEEKEND        0.000         0.000         0.000         0.000         0.090


     STARTING VALUES FOR BETWEEN


           NU
              WB            TVC           TCE           SN            C
              ________      ________      ________      ________      ________
                0.000         0.000         0.000         0.000         0.000


           LAMBDA
              S1            S2            S3            WB            TVC
              ________      ________      ________      ________      ________
 WB             0.000         0.000         0.000         1.000         0.000
 TVC            0.000         0.000         0.000         0.000         1.000
 TCE            0.000         0.000         0.000         0.000         0.000
 SN             0.000         0.000         0.000         0.000         0.000
 C              0.000         0.000         0.000         0.000         0.000


           LAMBDA
              TCE           SN            C
              ________      ________      ________
 WB             0.000         0.000         0.000
 TVC            0.000         0.000         0.000
 TCE            1.000         0.000         0.000
 SN             0.000         1.000         0.000
 C              0.000         0.000         1.000


           THETA
              WB            TVC           TCE           SN            C
              ________      ________      ________      ________      ________
 WB             0.000
 TVC            0.000         0.000
 TCE            0.000         0.000         0.000
 SN             0.000         0.000         0.000         0.000
 C              0.000         0.000         0.000         0.000         0.000


           ALPHA
              S1            S2            S3            WB            TVC
              ________      ________      ________      ________      ________
                0.000         0.000         0.000         2.881         0.078


           ALPHA
              TCE           SN            C
              ________      ________      ________
                0.255         0.117         0.000


           BETA
              S1            S2            S3            WB            TVC
              ________      ________      ________      ________      ________
 S1             0.000         0.000         0.000         0.000         0.000
 S2             0.000         0.000         0.000         0.000         0.000
 S3             0.000         0.000         0.000         0.000         0.000
 WB             0.000         0.000         0.000         0.000         0.000
 TVC            0.000         0.000         0.000         0.000         0.000
 TCE            0.000         0.000         0.000         0.000         0.000
 SN             0.000         0.000         0.000         0.000         0.000
 C              0.000         0.000         0.000         0.000         0.000


           BETA
              TCE           SN            C
              ________      ________      ________
 S1             0.000         0.000         0.000
 S2             0.000         0.000         0.000
 S3             0.000         0.000         0.000
 WB             0.000         0.000         0.000
 TVC            0.000         0.000         0.000
 TCE            0.000         0.000         0.000
 SN             0.000         0.000         0.000
 C              0.000         0.000         0.000


           PSI
              S1            S2            S3            WB            TVC
              ________      ________      ________      ________      ________
 S1             1.000
 S2             0.000         1.000
 S3             0.000         0.000         1.000
 WB             0.000         0.000         0.000         0.233
 TVC            0.000         0.000         0.000         0.000         0.036
 TCE            0.000         0.000         0.000         0.000         0.000
 SN             0.000         0.000         0.000         0.000         0.000
 C              0.000         0.000         0.000         0.000         0.000


           PSI
              TCE           SN            C
              ________      ________      ________
 TCE            0.095
 SN             0.000         0.052
 C              0.000         0.000         0.198



     PRIORS FOR ALL PARAMETERS            PRIOR MEAN      PRIOR VARIANCE     PRIOR STD. DEV.

     Parameter 1~N(0.000,infinity)           0.0000            infinity            infinity
     Parameter 2~IG(-1.000,0.000)          infinity            infinity            infinity
     Parameter 3~IG(-1.000,0.000)          infinity            infinity            infinity
     Parameter 4~IG(-1.000,0.000)          infinity            infinity            infinity
     Parameter 5~IG(-1.000,0.000)          infinity            infinity            infinity
     Parameter 6~N(0.000,infinity)           0.0000            infinity            infinity
     Parameter 7~N(0.000,infinity)           0.0000            infinity            infinity
     Parameter 8~N(0.000,infinity)           0.0000            infinity            infinity
     Parameter 9~N(0.000,infinity)           0.0000            infinity            infinity
     Parameter 10~N(0.000,infinity)          0.0000            infinity            infinity
     Parameter 11~N(0.000,infinity)          0.0000            infinity            infinity
     Parameter 12~N(0.000,infinity)          0.0000            infinity            infinity
     Parameter 13~N(0.000,infinity)          0.0000            infinity            infinity
     Parameter 14~N(0.000,infinity)          0.0000            infinity            infinity
     Parameter 15~N(0.000,infinity)          0.0000            infinity            infinity
     Parameter 16~N(0.000,infinity)          0.0000            infinity            infinity
     Parameter 17~N(0.000,infinity)          0.0000            infinity            infinity
     Parameter 18~N(0.000,infinity)          0.0000            infinity            infinity
     Parameter 19~N(0.000,infinity)          0.0000            infinity            infinity
     Parameter 20~IW(0.000,-5)             infinity            infinity            infinity
     Parameter 21~IW(0.000,-5)             infinity            infinity            infinity
     Parameter 22~IW(0.000,-5)             infinity            infinity            infinity
     Parameter 23~IW(0.000,-5)             infinity            infinity            infinity
     Parameter 24~IW(0.000,-5)             infinity            infinity            infinity
     Parameter 25~IW(0.000,-5)             infinity            infinity            infinity
     Parameter 26~IW(0.000,-5)             infinity            infinity            infinity
     Parameter 27~IW(0.000,-5)             infinity            infinity            infinity
     Parameter 28~IW(0.000,-5)             infinity            infinity            infinity
     Parameter 29~IW(0.000,-5)             infinity            infinity            infinity
     Parameter 30~IG(-1.000,0.000)         infinity            infinity            infinity
     Parameter 31~IG(-1.000,0.000)         infinity            infinity            infinity
     Parameter 32~IG(-1.000,0.000)         infinity            infinity            infinity


TECHNICAL 8 OUTPUT


   TECHNICAL 8 OUTPUT FOR BAYES ESTIMATION

     CHAIN    BSEED
     1        0
     2        285380

                     POTENTIAL       PARAMETER WITH
     ITERATION    SCALE REDUCTION      HIGHEST PSR
     100              1.688               28
     200              1.342               25
     300              1.227               28
     400              1.229               15
     500              1.451               24
     600              1.324               24
     700              1.280               24
     800              1.179               24
     900              1.081               23
     1000             1.059               21
     1100             1.085               28
     1200             1.062               28
     1300             1.094               28
     1400             1.116               23
     1500             1.160               23
     1600             1.221               23
     1700             1.186               23
     1800             1.177               23
     1900             1.195               23
     2000             1.197               23
     2100             1.180               23
     2200             1.262               23
     2300             1.291               23
     2400             1.336               23
     2500             1.304               23
     2600             1.266               23
     2700             1.242               23
     2800             1.174               23
     2900             1.109               23
     3000             1.107               23
     3100             1.119               23
     3200             1.115               23
     3300             1.129               23
     3400             1.123               23
     3500             1.163               23
     3600             1.167               23
     3700             1.141               23
     3800             1.122               23
     3900             1.084               23
     4000             1.058               23
     4100             1.060               20
     4200             1.056               20
     4300             1.073               25
     4400             1.083               25
     4500             1.095               25
     4600             1.116               25
     4700             1.120               25
     4800             1.123               25
     4900             1.136               25
     5000             1.150               25
     5100             1.156               25
     5200             1.151               25
     5300             1.141               25
     5400             1.128               25
     5500             1.124               25
     5600             1.115               25
     5700             1.101               25
     5800             1.122               25
     5900             1.141               25
     6000             1.160               25
     6100             1.174               25
     6200             1.186               25
     6300             1.193               25
     6400             1.189               25
     6500             1.180               25
     6600             1.183               25
     6700             1.171               25
     6800             1.168               25
     6900             1.174               25
     7000             1.181               25
     7100             1.175               25
     7200             1.170               25
     7300             1.181               25
     7400             1.174               25
     7500             1.166               25
     7600             1.145               25
     7700             1.128               25
     7800             1.113               25
     7900             1.107               25
     8000             1.103               25
     8100             1.098               25
     8200             1.097               25
     8300             1.088               25
     8400             1.083               25
     8500             1.076               25
     8600             1.067               25
     8700             1.053               25
     8800             1.045               25
     8900             1.039               25
     9000             1.038               25
     9100             1.034               25
     9200             1.032               25
     9300             1.032               25
     9400             1.035               25
     9500             1.031               25
     9600             1.031               25
     9700             1.030               25
     9800             1.032               25
     9900             1.031               25
     10000            1.027               25


     Beginning Time:  16:03:40
        Ending Time:  16:11:38
       Elapsed Time:  00:07:58



MUTHEN & MUTHEN
3463 Stoner Ave.
Los Angeles, CA  90066

Tel: (310) 391-9971
Fax: (310) 391-8971
Web: www.StatModel.com
Support: Support@StatModel.com

Copyright (c) 1998-2020 Muthen & Muthen
