Mplus VERSION 8.5 (Mac)
MUTHEN & MUTHEN
03/15/2022   1:06 PM

INPUT INSTRUCTIONS

  TITLE: Analysis 2+3
  DATA: FILE = analysis2_S2.dat;
  VARIABLE:
  NAMES = ID WB content stressed lonely
  FTF CMC mixed
  E A C N O gender ethnicity SES weekend;
  USEVARIABLES = WB
  FTF CMC mixed
  weekend E;
  CLUSTER = ID;
  WITHIN = weekend;
  BETWEEN = E;
  MISSING = .;
  DEFINE: CENTER E (GRANDMEAN);
  ANALYSIS: TYPE = TWOLEVEL RANDOM; ESTIMATOR = BAYES;
  BITERATIONS = (10000); PROCESSORS = 2;
  MODEL:
  %WITHIN%
  ! Well-being is predicted by FtF interactions, the slope is random
  S1 | WB ON FTF;
  ! Well-being is predicted by CMC, the slope is random
  S2 | WB ON CMC;
  ! Well-being is predicted by mixed episodes, the slope is random
  S3 | WB ON mixed;
  ! Control for weekend
  WB ON weekend;
  %BETWEEN%
  ! Covariance between intercept and slopes
  WB S1-S3 WITH WB S1-S3;
  ! The intercept is predicted by FtF interactions
  WB ON FTF;
  ! The intercept is predicted by CMC
  WB ON CMC;
  ! The intercept is predicted by mixed episodes
  WB ON mixed;
  ! The intercept is predicted by extraversion
  WB ON E;
  ! The slopes are predicted by extraversion
  S1-S3 ON E;
  OUTPUT: STDYX STDY TECH8;



*** WARNING in MODEL command
  In the MODEL command, the x variable on the WITHIN level has been turned into a
  y variable to enable latent variable decomposition.  This variable will be treated
  as a y-variable on both levels:  FTF
*** WARNING in MODEL command
  In the MODEL command, the x variable on the WITHIN level has been turned into a
  y variable to enable latent variable decomposition.  This variable will be treated
  as a y-variable on both levels:  CMC
*** WARNING in MODEL command
  In the MODEL command, the x variable on the WITHIN level has been turned into a
  y variable to enable latent variable decomposition.  This variable will be treated
  as a y-variable on both levels:  MIXED
*** WARNING
  One or more individual-level variables have no variation within a
  cluster for the following clusters.

     Variable   Cluster IDs with no within-cluster variation

      WB          486 497 453
      FTF         486 723 131 283 703 679 65 599 368 326 307 335 357 619 117 680 134
      CMC         448 486 664 723 131 157 350 679 603 118 513 69 316 182 783 107 198 333 619 644
                  360 519 836 179 727 536 211 320 501 332 311 606 88 582 177 202
      MIXED       486 497 723 565 350 679 382 603 513 96 50 643 93 453 621 599 107 357 312 38
                  574 417 567 568 155 790 826 19 619 362 592 410 646 822 41 707 500 360 711 338
                  677 821 746 90 785 628 32 427 737 690 260 371 836 179 176 642 422 294 237 290
                  428 851 736 776 320 331 614 40 501 251 226 506 630 116 130 395 578 401 175 203
                  547 15 413 779 602 177 377 576 87 272 585 374 396 520 667 324 755 696 148 291
                  346
      WEEKEND     448 486 283 208 157 350 293 197 100 513 69 404 595 93 849 357 668

*** WARNING
  Data set contains cases with missing on x-variables.
  These cases were not included in the analysis.
  Number of cases with missing on x-variables:  5569
   5 WARNING(S) FOUND IN THE INPUT INSTRUCTIONS



Analysis 2+3

SUMMARY OF ANALYSIS

Number of groups                                                 1
Number of observations                                       21349

Number of dependent variables                                    4
Number of independent variables                                  2
Number of continuous latent variables                            3

Observed dependent variables

  Continuous
   WB          FTF         CMC         MIXED

Observed independent variables
   WEEKEND     E

Continuous latent variables
   S1          S2          S3

Variables with special functions

  Cluster variable      ID

  Within variables
   WEEKEND

  Between variables
   E

  Centering (GRANDMEAN)
   E


Estimator                                                    BAYES
Specifications for Bayesian Estimation
  Point estimate                                            MEDIAN
  Number of Markov chain Monte Carlo (MCMC) chains               2
  Random seed for the first chain                                0
  Starting value information                           UNPERTURBED
  Algorithm used for Markov chain Monte Carlo           GIBBS(PX1)
  Convergence criterion                                  0.500D-01
  Maximum number of iterations                               50000
  K-th iteration used for thinning                               1

Input data file(s)
  analysis2_S2.dat
Input data format  FREE


SUMMARY OF DATA

     Number of clusters                        633

       Size (s)    Cluster ID with Size s

          1        46 121 145 207 301 304 336 450 831
          2        448 486 497 664
          3        723 131 283 703
          4        708 208 157 565 350 679
          5        382 293 603 197 215 100
          6        498
          7        65 650 118
          8        513 515 69 96 50 643 277 404
          9        496 595 93 453 621
         10        599 150 316 373
         11        182 368 326 276 247 11 307 849
         12        783 61 502 747 335 777 107
         13        198 140 357 312 38 262
         14        597 668 574 163 689
         15        555 417 2 567 568 847 155 231
         16        657 790 29 563 220 826 212 537 19
         17        649 333 478 126 559 300 619 321 546
         18        698 480 362 334 6 592 672 629 410 644
         19        646 822 343 620 191 117
         20        110 509 363 41 601 194 64 463
         21        43 229 707 500 360 711 338 13 265 10 483 623 216 677
         22        318 370 682 267 380 239 310 244 104 414 485 608
         23        72 98 217 519 23 820 821 680 746 685 753 90 123 36
         24        785 477 532 754 722 628 137
         25        616 564 195 302 528 32 427 737 466 633 750 690 241 845
                   260 701 854
         26        45 398 451 243 371 213 91 772
         27        470 715 306 434 435 328 836 733 190 179 846 807 639
         28        305 457 766 798 76 412 812 782 542 670 176 857
         29        724 727 759 158 832 359 133 471 67 810 713 814 86 700
                   143
         30        531 79 717 533 31 834 48 642 422 406 473 71 817 294
                   237
         31        432 18 325 481 290 108 536 721 566 543 162 570 425 579
                   591
         32        631 327 372 225 428 211 511 173 757 583 381 770 257
                   851 441 219 199
         33        725 634 760 635 736 467 776 522 320 331 614 40
         34        279 802 681 12 501 842 251 666 387 332 671 311 230 94
         35        226 95 271 386 159 617 160 506 146 354 4 709 809 222
                   299 115 848 816 630 606 718
         36        739 596 14 116 92 385 436 421 130 73 164 756 507 49
                   562 431 714 830
         37        771 833 744 408 152 469 395 204 42 400 577 825 578 401
         38        175 82 792 269 693 221 527 203 530 132 258 313 84 22
                   183 232 852 648 516
         39        764 632 768 161 589 245 808 541 52 249 547 624 493 15
                   88 794 795 27
         40        838 187 460 804 582 167 789 476 641 264 674 413 270
                   779 101
         41        743 843 275 581 156 125 638 769 571 134 740 168 472
         42        602 656 773 464 415 282 184 127 26 694 20 142 361 439
                   544 622 765 458 379 8
         43        482 399 177 758 665 801 377 474 551 784 394 54 170 120
                   459 640
         44        234 576 695 172 202 87 297 540 827 186 242 174
         45        652 59 272 246 193 613 593 787 7
         46        348 364 405 57 99 47 25 732 55 355 128 585 112 508 654
         47        374 56 274 763 813 103 37 735 503 83 78 214
         48        688 647 726 780 446 660 824 250 66 263
         49        136 534 295 396 704 538 403 426 655
         50        210 573 699 490 774 423 227 181 748
         51        77 391 135 520 468 692 139 154
         52        358 393 235 636 749 388 402 662 610 600 74 138 667
         53        356 60 514 584 324 97 169 319 266 24
         54        63 499 800 705 625 444
         55        580 738 367 661 819 315
         56        598 389 80 308 755
         57        309 853 569 378 850 730
         58        529 696 287
         59        323 192 609 273
         60        684 550 201 252 51 337 248 607 148 16
         61        278 345 44 775 659 284
         62        572 383 254 525
         63        291 479 53 228
         64        465 767
         65        346 811 366
         66        141 418



COVARIANCE COVERAGE OF DATA

Minimum covariance coverage value   0.100

     Number of missing data patterns             2


     PROPORTION OF DATA PRESENT


           Covariance Coverage
              WB            FTF           CMC           MIXED         WEEKEND
              ________      ________      ________      ________      ________
 WB             0.999
 FTF            0.999         1.000
 CMC            0.999         1.000         1.000
 MIXED          0.999         1.000         1.000         1.000
 WEEKEND        0.999         1.000         1.000         1.000         1.000
 E              0.999         1.000         1.000         1.000         1.000


           Covariance Coverage
              E
              ________
 E              1.000



UNIVARIATE SAMPLE STATISTICS


     UNIVARIATE HIGHER-ORDER MOMENT DESCRIPTIVE STATISTICS

         Variable/         Mean/     Skewness/   Minimum/ % with                Percentiles
        Sample Size      Variance    Kurtosis    Maximum  Min/Max      20%/60%    40%/80%    Median

     WB                    2.982      -0.481       1.000    0.97%       2.333      3.000      3.000
           21322.000       0.430      -0.097       4.000    9.42%       3.333      3.667
     FTF                   0.334       0.703       0.000   66.59%       0.000      0.000      0.000
           21349.000       0.222      -1.505       1.000   33.41%       0.000      1.000
     CMC                   0.238       1.229       0.000   76.18%       0.000      0.000      0.000
           21349.000       0.181      -0.489       1.000   23.82%       0.000      1.000
     MIXED                 0.170       1.752       0.000   82.95%       0.000      0.000      0.000
           21349.000       0.141       1.071       1.000   17.05%       0.000      0.000
     WEEKEND               0.285       0.950       0.000   71.45%       0.000      0.000      0.000
           21349.000       0.204      -1.098       1.000   28.55%       0.000      1.000
     E                     0.000       0.056      -2.057    0.16%      -0.682     -0.182     -0.057
             633.000       0.689      -0.466       1.943    0.63%       0.193      0.818


THE MODEL ESTIMATION TERMINATED NORMALLY

     USE THE FBITERATIONS OPTION TO INCREASE THE NUMBER OF ITERATIONS BY A FACTOR
     OF AT LEAST TWO TO CHECK CONVERGENCE AND THAT THE PSR VALUE DOES NOT INCREASE.



MODEL FIT INFORMATION

Number of Free Parameters                              32

Information Criteria

          Deviance (DIC)                        96182.529
          Estimated Number of Parameters (pD)    2498.158



MODEL RESULTS

                                Posterior  One-Tailed         95% C.I.
                    Estimate       S.D.      P-Value   Lower 2.5%  Upper 2.5%  Significance

Within Level

 WB         ON
    WEEKEND            0.124       0.008      0.000       0.109       0.139      *

 Variances
    FTF                0.201       0.002      0.000       0.197       0.205      *
    CMC                0.158       0.002      0.000       0.155       0.161      *
    MIXED              0.122       0.001      0.000       0.119       0.124      *

 Residual Variances
    WB                 0.245       0.003      0.000       0.241       0.250      *

Between Level

 S1         ON
    E                  0.006       0.015      0.345      -0.023       0.034

 S2         ON
    E                 -0.003       0.015      0.424      -0.033       0.025

 S3         ON
    E                 -0.014       0.019      0.232      -0.050       0.023

 WB         ON
    FTF                0.255       0.169      0.065      -0.072       0.590
    CMC               -0.065       0.143      0.326      -0.345       0.216
    MIXED              0.366       0.141      0.005       0.089       0.646      *
    E                  0.030       0.021      0.079      -0.011       0.072

 WB       WITH
    S1                -0.026       0.005      0.000      -0.036      -0.016      *
    S2                -0.001       0.005      0.393      -0.011       0.009
    S3                -0.024       0.006      0.000      -0.038      -0.012      *

 S1       WITH
    S2                 0.003       0.004      0.234      -0.004       0.010
    S3                 0.026       0.005      0.000       0.016       0.037      *

 S2       WITH
    S3                 0.015       0.005      0.000       0.005       0.025      *

 Means
    FTF                0.335       0.007      0.000       0.321       0.348      *
    CMC                0.245       0.007      0.000       0.231       0.258      *
    MIXED              0.171       0.006      0.000       0.159       0.184      *

 Intercepts
    WB                 2.805       0.096      0.000       2.612       2.995      *
    S1                 0.215       0.012      0.000       0.192       0.240      *
    S2                 0.019       0.013      0.068      -0.005       0.045
    S3                 0.179       0.015      0.000       0.148       0.209      *

 Variances
    FTF                0.022       0.002      0.000       0.019       0.026      *
    CMC                0.025       0.002      0.000       0.022       0.028      *
    MIXED              0.020       0.001      0.000       0.018       0.023      *

 Residual Variances
    WB                 0.162       0.010      0.000       0.144       0.183      *
    S1                 0.030       0.005      0.000       0.021       0.041      *
    S2                 0.016       0.004      0.000       0.008       0.025      *
    S3                 0.037       0.007      0.000       0.024       0.053      *


STANDARDIZED MODEL RESULTS


STDYX Standardization

                                Posterior  One-Tailed         95% C.I.
                    Estimate       S.D.      P-Value   Lower 2.5%  Upper 2.5%  Significance

Within-Level Standardized Estimates Averaged Over Clusters

 S1 | WB ON
    FTF                0.178       0.008      0.000       0.164       0.195      *

 S2 | WB ON
    CMC                0.012       0.009      0.062      -0.003       0.031

 S3 | WB ON
    MIXED              0.115       0.008      0.000       0.099       0.131      *

 WB         ON
    WEEKEND            0.101       0.006      0.000       0.088       0.113      *

 Variances
    FTF                1.000       0.000      0.000       1.000       1.000
    CMC                1.000       0.000      0.000       1.000       1.000
    MIXED              1.000       0.000      0.000       1.000       1.000

 Residual Variances
    WB                 0.903       0.006      0.000       0.892       0.915      *

Between Level

 S1         ON
    E                  0.020       0.050      0.345      -0.079       0.120

 S2         ON
    E                 -0.015       0.073      0.424      -0.168       0.116

 S3         ON
    E                 -0.041       0.057      0.232      -0.157       0.071

 WB         ON
    FTF                0.093       0.061      0.065      -0.026       0.210
    CMC               -0.025       0.055      0.326      -0.132       0.082
    MIXED              0.127       0.048      0.005       0.031       0.221      *
    E                  0.043       0.030      0.079      -0.015       0.103

 WB       WITH
    S1                -0.378       0.072      0.000      -0.514      -0.231      *
    S2                -0.029       0.106      0.393      -0.225       0.192
    S3                -0.318       0.078      0.000      -0.465      -0.160      *

 S1       WITH
    S2                 0.121       0.157      0.234      -0.227       0.381
    S3                 0.782       0.077      0.000       0.596       0.896      *

 S2       WITH
    S3                 0.618       0.138      0.000       0.271       0.792      *

 Means
    FTF                2.247       0.096      0.000       2.060       2.441      *
    CMC                1.555       0.070      0.000       1.418       1.697      *
    MIXED              1.206       0.060      0.000       1.087       1.324      *

 Intercepts
    WB                 6.852       0.353      0.000       6.128       7.504      *
    S1                 1.248       0.128      0.000       1.028       1.525      *
    S2                 0.150       0.108      0.068      -0.040       0.378
    S3                 0.924       0.125      0.000       0.709       1.195      *

 Variances
    FTF                1.000       0.000      0.000       1.000       1.000
    CMC                1.000       0.000      0.000       1.000       1.000
    MIXED              1.000       0.000      0.000       1.000       1.000

 Residual Variances
    WB                 0.967       0.020      0.000       0.914       0.990      *
    S1                 0.999       0.004      0.000       0.985       1.000      *
    S2                 0.997       0.008      0.000       0.971       1.000      *
    S3                 0.998       0.007      0.000       0.975       1.000      *


STDY Standardization

                                Posterior  One-Tailed         95% C.I.
                    Estimate       S.D.      P-Value   Lower 2.5%  Upper 2.5%  Significance

Within-Level Standardized Estimates Averaged Over Clusters

 S1 | WB ON
    FTF                0.178       0.008      0.000       0.164       0.195      *

 S2 | WB ON
    CMC                0.012       0.009      0.062      -0.003       0.031

 S3 | WB ON
    MIXED              0.115       0.008      0.000       0.099       0.131      *

 WB         ON
    WEEKEND            0.238       0.015      0.000       0.208       0.268      *

 Variances
    FTF                1.000       0.000      0.000       1.000       1.000
    CMC                1.000       0.000      0.000       1.000       1.000
    MIXED              1.000       0.000      0.000       1.000       1.000

 Residual Variances
    WB                 0.903       0.006      0.000       0.892       0.915      *

Between Level

 S1         ON
    E                  0.035       0.085      0.345      -0.134       0.202

 S2         ON
    E                 -0.025       0.124      0.424      -0.285       0.197

 S3         ON
    E                 -0.070       0.097      0.232      -0.265       0.119

 WB         ON
    FTF                0.093       0.061      0.065      -0.026       0.210
    CMC               -0.025       0.055      0.326      -0.132       0.082
    MIXED              0.127       0.048      0.005       0.031       0.221      *
    E                  0.073       0.052      0.079      -0.026       0.175

 WB       WITH
    S1                -0.378       0.072      0.000      -0.514      -0.231      *
    S2                -0.029       0.106      0.393      -0.225       0.192
    S3                -0.318       0.078      0.000      -0.465      -0.160      *

 S1       WITH
    S2                 0.121       0.157      0.234      -0.227       0.381
    S3                 0.782       0.077      0.000       0.596       0.896      *

 S2       WITH
    S3                 0.618       0.138      0.000       0.271       0.792      *

 Means
    FTF                2.247       0.096      0.000       2.060       2.441      *
    CMC                1.555       0.070      0.000       1.418       1.697      *
    MIXED              1.206       0.060      0.000       1.087       1.324      *

 Intercepts
    WB                 6.852       0.353      0.000       6.128       7.504      *
    S1                 1.248       0.128      0.000       1.028       1.525      *
    S2                 0.150       0.108      0.068      -0.040       0.378
    S3                 0.924       0.125      0.000       0.709       1.195      *

 Variances
    FTF                1.000       0.000      0.000       1.000       1.000
    CMC                1.000       0.000      0.000       1.000       1.000
    MIXED              1.000       0.000      0.000       1.000       1.000

 Residual Variances
    WB                 0.967       0.020      0.000       0.914       0.990      *
    S1                 0.999       0.004      0.000       0.985       1.000      *
    S2                 0.997       0.008      0.000       0.971       1.000      *
    S3                 0.998       0.007      0.000       0.975       1.000      *


R-SQUARE

Within-Level R-Square Averaged Across Clusters

                                Posterior  One-Tailed         95% C.I.
    Variable        Estimate       S.D.      P-Value   Lower 2.5%  Upper 2.5%

    WB                 0.097       0.006      0.000       0.085       0.108

Between Level

                                Posterior  One-Tailed         95% C.I.
    Variable        Estimate       S.D.      P-Value   Lower 2.5%  Upper 2.5%

    WB                 0.033       0.020      0.000       0.010       0.086

                                Posterior  One-Tailed         95% C.I.
    Variable        Estimate       S.D.      P-Value   Lower 2.5%  Upper 2.5%

    S1                 0.001       0.004      0.000       0.000       0.015
    S2                 0.003       0.008      0.000       0.000       0.029
    S3                 0.002       0.007      0.000       0.000       0.025


TECHNICAL 1 OUTPUT


     PARAMETER SPECIFICATION FOR WITHIN


           NU
              WB            FTF           CMC           MIXED         WEEKEND
              ________      ________      ________      ________      ________
                    0             0             0             0             0


           LAMBDA
              WB            FTF           CMC           MIXED         WEEKEND
              ________      ________      ________      ________      ________
 WB                 0             0             0             0             0
 FTF                0             0             0             0             0
 CMC                0             0             0             0             0
 MIXED              0             0             0             0             0
 WEEKEND            0             0             0             0             0


           THETA
              WB            FTF           CMC           MIXED         WEEKEND
              ________      ________      ________      ________      ________
 WB                 0
 FTF                0             0
 CMC                0             0             0
 MIXED              0             0             0             0
 WEEKEND            0             0             0             0             0


           ALPHA
              WB            FTF           CMC           MIXED         WEEKEND
              ________      ________      ________      ________      ________
                    0             0             0             0             0


           BETA
              WB            FTF           CMC           MIXED         WEEKEND
              ________      ________      ________      ________      ________
 WB                 0             0             0             0             1
 FTF                0             0             0             0             0
 CMC                0             0             0             0             0
 MIXED              0             0             0             0             0
 WEEKEND            0             0             0             0             0


           PSI
              WB            FTF           CMC           MIXED         WEEKEND
              ________      ________      ________      ________      ________
 WB                 2
 FTF                0             3
 CMC                0             0             4
 MIXED              0             0             0             5
 WEEKEND            0             0             0             0             0


     PARAMETER SPECIFICATION FOR BETWEEN


           NU
              WB            FTF           CMC           MIXED         E
              ________      ________      ________      ________      ________
                    0             0             0             0             0


           LAMBDA
              S1            S2            S3            WB            FTF
              ________      ________      ________      ________      ________
 WB                 0             0             0             0             0
 FTF                0             0             0             0             0
 CMC                0             0             0             0             0
 MIXED              0             0             0             0             0
 E                  0             0             0             0             0


           LAMBDA
              CMC           MIXED         E
              ________      ________      ________
 WB                 0             0             0
 FTF                0             0             0
 CMC                0             0             0
 MIXED              0             0             0
 E                  0             0             0


           THETA
              WB            FTF           CMC           MIXED         E
              ________      ________      ________      ________      ________
 WB                 0
 FTF                0             0
 CMC                0             0             0
 MIXED              0             0             0             0
 E                  0             0             0             0             0


           ALPHA
              S1            S2            S3            WB            FTF
              ________      ________      ________      ________      ________
                    6             7             8             9            10


           ALPHA
              CMC           MIXED         E
              ________      ________      ________
                   11            12             0


           BETA
              S1            S2            S3            WB            FTF
              ________      ________      ________      ________      ________
 S1                 0             0             0             0             0
 S2                 0             0             0             0             0
 S3                 0             0             0             0             0
 WB                 0             0             0             0            16
 FTF                0             0             0             0             0
 CMC                0             0             0             0             0
 MIXED              0             0             0             0             0
 E                  0             0             0             0             0


           BETA
              CMC           MIXED         E
              ________      ________      ________
 S1                 0             0            13
 S2                 0             0            14
 S3                 0             0            15
 WB                17            18            19
 FTF                0             0             0
 CMC                0             0             0
 MIXED              0             0             0
 E                  0             0             0


           PSI
              S1            S2            S3            WB            FTF
              ________      ________      ________      ________      ________
 S1                20
 S2                21            22
 S3                23            24            25
 WB                26            27            28            29
 FTF                0             0             0             0            30
 CMC                0             0             0             0             0
 MIXED              0             0             0             0             0
 E                  0             0             0             0             0


           PSI
              CMC           MIXED         E
              ________      ________      ________
 CMC               31
 MIXED              0            32
 E                  0             0             0


     STARTING VALUES FOR WITHIN


           NU
              WB            FTF           CMC           MIXED         WEEKEND
              ________      ________      ________      ________      ________
                0.000         0.000         0.000         0.000         0.000


           LAMBDA
              WB            FTF           CMC           MIXED         WEEKEND
              ________      ________      ________      ________      ________
 WB             1.000         0.000         0.000         0.000         0.000
 FTF            0.000         1.000         0.000         0.000         0.000
 CMC            0.000         0.000         1.000         0.000         0.000
 MIXED          0.000         0.000         0.000         1.000         0.000
 WEEKEND        0.000         0.000         0.000         0.000         1.000


           THETA
              WB            FTF           CMC           MIXED         WEEKEND
              ________      ________      ________      ________      ________
 WB             0.000
 FTF            0.000         0.000
 CMC            0.000         0.000         0.000
 MIXED          0.000         0.000         0.000         0.000
 WEEKEND        0.000         0.000         0.000         0.000         0.000


           ALPHA
              WB            FTF           CMC           MIXED         WEEKEND
              ________      ________      ________      ________      ________
                0.000         0.000         0.000         0.000         0.000


           BETA
              WB            FTF           CMC           MIXED         WEEKEND
              ________      ________      ________      ________      ________
 WB             0.000         0.000         0.000         0.000         0.000
 FTF            0.000         0.000         0.000         0.000         0.000
 CMC            0.000         0.000         0.000         0.000         0.000
 MIXED          0.000         0.000         0.000         0.000         0.000
 WEEKEND        0.000         0.000         0.000         0.000         0.000


           PSI
              WB            FTF           CMC           MIXED         WEEKEND
              ________      ________      ________      ________      ________
 WB             0.215
 FTF            0.000         0.111
 CMC            0.000         0.000         0.091
 MIXED          0.000         0.000         0.000         0.071
 WEEKEND        0.000         0.000         0.000         0.000         0.102


     STARTING VALUES FOR BETWEEN


           NU
              WB            FTF           CMC           MIXED         E
              ________      ________      ________      ________      ________
                0.000         0.000         0.000         0.000         0.000


           LAMBDA
              S1            S2            S3            WB            FTF
              ________      ________      ________      ________      ________
 WB             0.000         0.000         0.000         1.000         0.000
 FTF            0.000         0.000         0.000         0.000         1.000
 CMC            0.000         0.000         0.000         0.000         0.000
 MIXED          0.000         0.000         0.000         0.000         0.000
 E              0.000         0.000         0.000         0.000         0.000


           LAMBDA
              CMC           MIXED         E
              ________      ________      ________
 WB             0.000         0.000         0.000
 FTF            0.000         0.000         0.000
 CMC            1.000         0.000         0.000
 MIXED          0.000         1.000         0.000
 E              0.000         0.000         1.000


           THETA
              WB            FTF           CMC           MIXED         E
              ________      ________      ________      ________      ________
 WB             0.000
 FTF            0.000         0.000
 CMC            0.000         0.000         0.000
 MIXED          0.000         0.000         0.000         0.000
 E              0.000         0.000         0.000         0.000         0.000


           ALPHA
              S1            S2            S3            WB            FTF
              ________      ________      ________      ________      ________
                0.000         0.000         0.000         2.982         0.334


           ALPHA
              CMC           MIXED         E
              ________      ________      ________
                0.238         0.170         0.000


           BETA
              S1            S2            S3            WB            FTF
              ________      ________      ________      ________      ________
 S1             0.000         0.000         0.000         0.000         0.000
 S2             0.000         0.000         0.000         0.000         0.000
 S3             0.000         0.000         0.000         0.000         0.000
 WB             0.000         0.000         0.000         0.000         0.000
 FTF            0.000         0.000         0.000         0.000         0.000
 CMC            0.000         0.000         0.000         0.000         0.000
 MIXED          0.000         0.000         0.000         0.000         0.000
 E              0.000         0.000         0.000         0.000         0.000


           BETA
              CMC           MIXED         E
              ________      ________      ________
 S1             0.000         0.000         0.000
 S2             0.000         0.000         0.000
 S3             0.000         0.000         0.000
 WB             0.000         0.000         0.000
 FTF            0.000         0.000         0.000
 CMC            0.000         0.000         0.000
 MIXED          0.000         0.000         0.000
 E              0.000         0.000         0.000


           PSI
              S1            S2            S3            WB            FTF
              ________      ________      ________      ________      ________
 S1             1.000
 S2             0.000         1.000
 S3             0.000         0.000         1.000
 WB             0.000         0.000         0.000         0.215
 FTF            0.000         0.000         0.000         0.000         0.111
 CMC            0.000         0.000         0.000         0.000         0.000
 MIXED          0.000         0.000         0.000         0.000         0.000
 E              0.000         0.000         0.000         0.000         0.000


           PSI
              CMC           MIXED         E
              ________      ________      ________
 CMC            0.091
 MIXED          0.000         0.071
 E              0.000         0.000         0.349



     PRIORS FOR ALL PARAMETERS            PRIOR MEAN      PRIOR VARIANCE     PRIOR STD. DEV.

     Parameter 1~N(0.000,infinity)           0.0000            infinity            infinity
     Parameter 2~IG(-1.000,0.000)          infinity            infinity            infinity
     Parameter 3~IG(-1.000,0.000)          infinity            infinity            infinity
     Parameter 4~IG(-1.000,0.000)          infinity            infinity            infinity
     Parameter 5~IG(-1.000,0.000)          infinity            infinity            infinity
     Parameter 6~N(0.000,infinity)           0.0000            infinity            infinity
     Parameter 7~N(0.000,infinity)           0.0000            infinity            infinity
     Parameter 8~N(0.000,infinity)           0.0000            infinity            infinity
     Parameter 9~N(0.000,infinity)           0.0000            infinity            infinity
     Parameter 10~N(0.000,infinity)          0.0000            infinity            infinity
     Parameter 11~N(0.000,infinity)          0.0000            infinity            infinity
     Parameter 12~N(0.000,infinity)          0.0000            infinity            infinity
     Parameter 13~N(0.000,infinity)          0.0000            infinity            infinity
     Parameter 14~N(0.000,infinity)          0.0000            infinity            infinity
     Parameter 15~N(0.000,infinity)          0.0000            infinity            infinity
     Parameter 16~N(0.000,infinity)          0.0000            infinity            infinity
     Parameter 17~N(0.000,infinity)          0.0000            infinity            infinity
     Parameter 18~N(0.000,infinity)          0.0000            infinity            infinity
     Parameter 19~N(0.000,infinity)          0.0000            infinity            infinity
     Parameter 20~IW(0.000,-5)             infinity            infinity            infinity
     Parameter 21~IW(0.000,-5)             infinity            infinity            infinity
     Parameter 22~IW(0.000,-5)             infinity            infinity            infinity
     Parameter 23~IW(0.000,-5)             infinity            infinity            infinity
     Parameter 24~IW(0.000,-5)             infinity            infinity            infinity
     Parameter 25~IW(0.000,-5)             infinity            infinity            infinity
     Parameter 26~IW(0.000,-5)             infinity            infinity            infinity
     Parameter 27~IW(0.000,-5)             infinity            infinity            infinity
     Parameter 28~IW(0.000,-5)             infinity            infinity            infinity
     Parameter 29~IW(0.000,-5)             infinity            infinity            infinity
     Parameter 30~IG(-1.000,0.000)         infinity            infinity            infinity
     Parameter 31~IG(-1.000,0.000)         infinity            infinity            infinity
     Parameter 32~IG(-1.000,0.000)         infinity            infinity            infinity


TECHNICAL 8 OUTPUT


   TECHNICAL 8 OUTPUT FOR BAYES ESTIMATION

     CHAIN    BSEED
     1        0
     2        285380

                     POTENTIAL       PARAMETER WITH
     ITERATION    SCALE REDUCTION      HIGHEST PSR
     100              1.480               25
     200              1.077               6
     300              1.094               25
     400              1.133               25
     500              1.103               25
     600              1.164               14
     700              1.088               20
     800              1.084               20
     900              1.092               20
     1000             1.072               27
     1100             1.046               27
     1200             1.039               27
     1300             1.026               27
     1400             1.023               8
     1500             1.009               8
     1600             1.014               8
     1700             1.027               22
     1800             1.046               22
     1900             1.062               22
     2000             1.067               22
     2100             1.064               22
     2200             1.060               22
     2300             1.051               14
     2400             1.049               14
     2500             1.033               14
     2600             1.030               14
     2700             1.036               25
     2800             1.043               25
     2900             1.028               25
     3000             1.027               25
     3100             1.029               25
     3200             1.030               25
     3300             1.027               25
     3400             1.025               25
     3500             1.021               25
     3600             1.017               14
     3700             1.018               14
     3800             1.017               7
     3900             1.018               7
     4000             1.012               7
     4100             1.012               7
     4200             1.010               7
     4300             1.011               14
     4400             1.013               14
     4500             1.010               7
     4600             1.007               25
     4700             1.007               25
     4800             1.007               14
     4900             1.009               14
     5000             1.013               14
     5100             1.016               14
     5200             1.016               14
     5300             1.017               14
     5400             1.018               14
     5500             1.020               14
     5600             1.021               14
     5700             1.019               14
     5800             1.014               14
     5900             1.013               14
     6000             1.013               14
     6100             1.012               14
     6200             1.009               14
     6300             1.008               14
     6400             1.010               7
     6500             1.008               7
     6600             1.010               7
     6700             1.010               7
     6800             1.011               24
     6900             1.011               24
     7000             1.012               24
     7100             1.013               24
     7200             1.015               24
     7300             1.015               24
     7400             1.017               24
     7500             1.018               24
     7600             1.018               24
     7700             1.016               24
     7800             1.018               14
     7900             1.016               14
     8000             1.019               14
     8100             1.023               14
     8200             1.028               14
     8300             1.026               14
     8400             1.025               14
     8500             1.027               14
     8600             1.025               14
     8700             1.025               14
     8800             1.025               14
     8900             1.026               24
     9000             1.030               24
     9100             1.031               14
     9200             1.031               14
     9300             1.032               24
     9400             1.034               14
     9500             1.036               14
     9600             1.037               14
     9700             1.037               24
     9800             1.038               24
     9900             1.038               24
     10000            1.035               24


     Beginning Time:  13:06:11
        Ending Time:  13:12:01
       Elapsed Time:  00:05:50



MUTHEN & MUTHEN
3463 Stoner Ave.
Los Angeles, CA  90066

Tel: (310) 391-9971
Fax: (310) 391-8971
Web: www.StatModel.com
Support: Support@StatModel.com

Copyright (c) 1998-2020 Muthen & Muthen
