Mplus VERSION 8.5 (Mac)
MUTHEN & MUTHEN
03/15/2022  10:08 PM

INPUT INSTRUCTIONS

  TITLE: Analysis 2+3
  DATA: FILE = analysis2_S3.dat;
  VARIABLE:
  NAMES = ID AB angry worried happy sad WB stressed lonely
  FTF CMC mixed
  E A C N O gender ethnicity SES weekend;
  USEVARIABLES = stressed
  FTF CMC mixed
  weekend;
  CLUSTER = ID;
  WITHIN = weekend;
  MISSING = .;
  ANALYSIS: TYPE = TWOLEVEL RANDOM; ESTIMATOR = BAYES;
  BITERATIONS = (10000); PROCESSORS = 2;
  MODEL:
  %WITHIN%
  ! Stress is predicted by FtF interactions, the slope is random
  S1 | stressed ON FTF;
  ! Stress is predicted by CMC, the slope is random
  S2 | stressed ON CMC;
  ! Stress is predicted by mixed episodes, the slope is random
  S3 | stressed ON mixed;
  ! Control for weekend
  stressed ON weekend;
  %BETWEEN%
  ! Covariance between intercept and slopes
  stressed S1-S3 WITH stressed S1-S3;
  ! The intercept is predicted by FtF interactions
  stressed ON FTF;
  ! The intercept is predicted by CMC
  stressed ON CMC;
  ! The intercept is predicted by mixed episodes
  stressed ON mixed;
  OUTPUT: STDYX STDY TECH8;



*** WARNING in MODEL command
  In the MODEL command, the x variable on the WITHIN level has been turned into a
  y variable to enable latent variable decomposition.  This variable will be treated
  as a y-variable on both levels:  FTF
*** WARNING in MODEL command
  In the MODEL command, the x variable on the WITHIN level has been turned into a
  y variable to enable latent variable decomposition.  This variable will be treated
  as a y-variable on both levels:  CMC
*** WARNING in MODEL command
  In the MODEL command, the x variable on the WITHIN level has been turned into a
  y variable to enable latent variable decomposition.  This variable will be treated
  as a y-variable on both levels:  MIXED
*** WARNING
  One or more individual-level variables have no variation within a
  cluster for the following clusters.

     Variable   Cluster IDs with no within-cluster variation

      STRESSED    516 649 271 342 173 76 98
      FTF         516 160 242 240 625 271 96 608 816 169 456 669 235 5 802 82 753 252 502 851
                  610 550 230 282 199 387 57 631 298 700 544 654 178 575 840 396 344 55
      CMC         516 736 160 242 666 742 342 790 404 203 856 737 473 867 290 778 311 94 116 857
                  804 885 61 822 512 223 166 482 339 488 11 259 741 185 545 399 870 76 253 792
                  233 248 378 678 751 142 524 355 103 114
      MIXED       516 485 10 240 625 4 49 790 96 608 816 162 173 170 202 93 61 556 44 322 615
                  609 696 822 768 310 58 223 235 874 166 82 753 431 705 623 488 252 715 502 667
                  571 741 851 229 22 358 821 139 43 545 572 796 262 349 343 249 870 209 634 428
                  304 550 363 750 35 451 573 195 845 813 452 442 156 247 205 601 199 119 387 441
                  189 270 650 543 685 823 862 659 562 618 193 395 878 720 700 606 673 508 881
                  605 552 544 303 728 234 178 772 559 224 50 578 480 602 396 45 344 770 759 38
                  507 148 120 106 421 158 766 707 55 346 587 771 603
      WEEKEND     516 736 160 242 485 10 666 240 649 271 342 49 593 598 737

   4 WARNING(S) FOUND IN THE INPUT INSTRUCTIONS



Analysis 2+3

SUMMARY OF ANALYSIS

Number of groups                                                 1
Number of observations                                       65213

Number of dependent variables                                    4
Number of independent variables                                  1
Number of continuous latent variables                            3

Observed dependent variables

  Continuous
   STRESSED    FTF         CMC         MIXED

Observed independent variables
   WEEKEND

Continuous latent variables
   S1          S2          S3

Variables with special functions

  Cluster variable      ID

  Within variables
   WEEKEND


Estimator                                                    BAYES
Specifications for Bayesian Estimation
  Point estimate                                            MEDIAN
  Number of Markov chain Monte Carlo (MCMC) chains               2
  Random seed for the first chain                                0
  Starting value information                           UNPERTURBED
  Algorithm used for Markov chain Monte Carlo           GIBBS(PX1)
  Convergence criterion                                  0.500D-01
  Maximum number of iterations                               50000
  K-th iteration used for thinning                               1

Input data file(s)
  analysis2_S3.dat
Input data format  FREE


SUMMARY OF DATA

     Number of clusters                        864

       Size (s)    Cluster ID with Size s

          1        63 279 477 756 787
          3        516 736
          4        160
          5        242 485 10
          6        666 240 625 649
          7        271 4 742 342 49 790
          8        96 593
          9        608
         11        404
         12        203 144
         13        280 405 369 816 820 856
         14        206
         15        701
         16        598 737 302
         18        473 806 162 761 688 867
         19        555 880
         20        844 238
         22        169
         23        846 527 290 173
         24        52
         27        558 422
         28        152
         29        170
         31        309 778
         32        689
         33        311
         35        131 94 116
         36        857 23 804 885
         38        60
         39        435
         40        321 888
         41        564 183 202 93 510
         42        306
         43        617
         44        456 651
         45        722 413 374
         46        61 556 887 316
         47        797 669
         48        79 44 322
         49        615 295 491 424 336 724 609
         50        83 108
         51        696 474 671 90 848 269
         53        176 376 236 21 822
         54        20 67
         55        768 590 310 533 526
         56        611 352 58 512 223
         57        168 337 547 467
         58        635 274 472 99 314 163 445 551 235 868 874 494 703 704
                   463
         59        166 370 749 19 499 831
         60        5 802 91 781 760 817 179
         61        656 663 814 82 2 207 164 296 462 482
         62        871 17 401
         63        334 721 263 85 434 872 110 877 738 410 702 495
         64        285 640 600 371 753 105 431 705 592 339 825 623 835
                   595
         65        97 698 488 133 492 630 252 715 672 680 379 832 732 391
         66        643 375 250 11 259 773 706 850 502 716 667 46 146 571
                   8 629 78 741 214 532
         67        367 135 244 221 185 332 851 225 229 380 695 812 501
                   583 22 118 6 31 359
         68        470 432 358 858 821 319 69 368 662 752 139 204 66 729
         69        43 241 113 545 416 281 758 29 80 227 125 565 647 261
                   572 793 796 262 157 381 875 504 349 399 14 72
         70        343 132 293 354 18 243 805 75 523 249 870 670 209 717
                   136 769 76 542 39 692
         71        788 48 253 258 522 200 439 340 712 239 634 231 719 308
                   324 326 177 779 731 429
         72        839 745 645 428 718 610 277 222 810 286 276 408 304
                   733 550 361 784 329 291 834 348
         73        792 363 750 35 233 111 534 496 808 188 863 866 403 33
                   201 325 88 362 560 785 829 451 490 567
         74        248 573 230 282 620 652 528 195 509 228 845 813 879
                   452 727 192 265
         75        854 557 400 475 529 138 479 81 317 215 581 762 665 123
                   13 37 284 442 783
         76        415 378 668 417 156 260 268 713 678 127 683 622 754
                   247 876 539 518 301 882 697 633 699
         77        691 789 205 791 457 596 531 765 800 739 254 520 433
                   382 660 751 142 471 636
         78        100 847 216 684 126 723 446 450 601 77 199 653 246 287
                   459 119 568 122 373 468 577 327 25 841 407 313
         79        725 641 305 357 646 430 869 734 1 585 497 387 165 95
                   330 57 486 884 441 101 112
         80        626 627 347 799 333 117 64 419 182 747 612 189 616 191
                   466 220 569 289 682
         81        661 315 270 115 566 505 714 582 161 794 394
         82        297 318 440 621 448 650 543 685 624 498 828 409
         83        384 823 862 795 350 524 830 525 351 53 36 3 155 677
                   47 655 447 755 883 659 481 535 273
         84        237 584 562 618 860 586 312 187 464 356 483 26 193 777
                   836 838 145 657 197 632 576 210 212 849 815 213
         85        121 84 256 395 536 538 92 540 878 420 51 720 194 412
                   619 513 453
         86        631 604 257 515 798 298 700 599 819 638 89 519
         87        54 386 606 328 323 137 331 41 886 614 219
         88        438 853 554 818 353 124 594 673 24 28
         89        514 508 546 676 628 881 803 639 159 423 377 153 607
         90        167 335 605 740 552 544 744 303 365 589 855 42 843
         91        414 198 613 654 728 411 299 234
         92        178 772 425 130 506 559 809 444 264
         93        726 232 32 548 224 251 147 461 780 50 300
         94        443 454 578 579 68 681 694 9 480
         95        637 833 389 597 690 837 602
         96        266 275 786 65 575 455 397
         97        840 489 763 190 98 15 708 396 292 278 865
         98        59 141 102 364 390 338 393
         99        842 767 775 561 458 143
        100        34 45 511 181 537 344 770 345 549 128
        101        469
        102        500 186 476 746 402 757 388 759 38 493
        103        62 644 288 642
        104        507 426 107 71 782 245 465 171 385 648
        105        74 320 255 87
        106        148 774 226 827 27 294
        107        272 427 658 730 591
        108        517 437 120
        109        355 824 267 151 109 217
        110        398 570 106
        111        421
        112        487 674 675 580 158 174 12 341
        113        864 154 484 418
        114        360 172 103
        115        372 766 283 73 521 707
        116        129 406 686
        117        588 114 55 449 346 679 587
        118        776 826 208
        119        307
        121        40
        122        687
        124        859 748 563 16
        125        436 140
        127        366 180
        128        861
        129        392
        130        553 711 743
        132        771
        134        801
        135        764
        138        807
        143        873
        144        603
        145        218
        151        664
        152        530
        159        709



COVARIANCE COVERAGE OF DATA

Minimum covariance coverage value   0.100

     Number of missing data patterns             2


     PROPORTION OF DATA PRESENT


           Covariance Coverage
              STRESSED      FTF           CMC           MIXED         WEEKEND
              ________      ________      ________      ________      ________
 STRESSED       0.994
 FTF            0.994         1.000
 CMC            0.994         1.000         1.000
 MIXED          0.994         1.000         1.000         1.000
 WEEKEND        0.994         1.000         1.000         1.000         1.000



UNIVARIATE SAMPLE STATISTICS


     UNIVARIATE HIGHER-ORDER MOMENT DESCRIPTIVE STATISTICS

         Variable/         Mean/     Skewness/   Minimum/ % with                Percentiles
        Sample Size      Variance    Kurtosis    Maximum  Min/Max      20%/60%    40%/80%    Median

     STRESSED              2.175       0.422       1.000   29.29%       1.000      2.000      2.000
           64816.000       0.983      -0.869       4.000   12.64%       2.000      3.000
     FTF                   0.206       1.457       0.000   79.44%       0.000      0.000      0.000
           65213.000       0.163       0.122       1.000   20.56%       0.000      1.000
     CMC                   0.129       2.217       0.000   87.13%       0.000      0.000      0.000
           65213.000       0.112       2.917       1.000   12.87%       0.000      0.000
     MIXED                 0.139       2.092       0.000   86.14%       0.000      0.000      0.000
           65213.000       0.119       2.375       1.000   13.86%       0.000      0.000
     WEEKEND               0.266       1.058       0.000   73.38%       0.000      0.000      0.000
           65213.000       0.195      -0.881       1.000   26.62%       0.000      1.000


THE MODEL ESTIMATION TERMINATED NORMALLY

     USE THE FBITERATIONS OPTION TO INCREASE THE NUMBER OF ITERATIONS BY A FACTOR
     OF AT LEAST TWO TO CHECK CONVERGENCE AND THAT THE PSR VALUE DOES NOT INCREASE.



MODEL FIT INFORMATION

Number of Free Parameters                              28

Information Criteria

          Deviance (DIC)                       268384.321
          Estimated Number of Parameters (pD)    3833.538



MODEL RESULTS

                                Posterior  One-Tailed         95% C.I.
                    Estimate       S.D.      P-Value   Lower 2.5%  Upper 2.5%  Significance

Within Level

 STRESSED   ON
    WEEKEND           -0.237       0.007      0.000      -0.250      -0.224      *

 Variances
    FTF                0.144       0.001      0.000       0.142       0.146      *
    CMC                0.099       0.001      0.000       0.098       0.100      *
    MIXED              0.091       0.001      0.000       0.090       0.092      *

 Residual Variances
    STRESSED           0.532       0.003      0.000       0.526       0.538      *

Between Level

 STRESSED   ON
    FTF               -0.348       0.184      0.031      -0.711       0.017
    CMC                0.237       0.224      0.149      -0.202       0.676
    MIXED              0.147       0.141      0.146      -0.130       0.430

 STRESSED WITH
    S1                -0.016       0.007      0.010      -0.030      -0.003      *
    S2                -0.005       0.008      0.288      -0.020       0.011
    S3                -0.025       0.010      0.006      -0.043      -0.006      *

 S1       WITH
    S2                 0.000       0.003      0.494      -0.007       0.007
    S3                 0.025       0.004      0.000       0.017       0.034      *

 S2       WITH
    S3                 0.025       0.005      0.000       0.015       0.035      *

 Means
    FTF                0.207       0.005      0.000       0.197       0.217      *
    CMC                0.128       0.004      0.000       0.120       0.136      *
    MIXED              0.141       0.006      0.000       0.129       0.153      *
    S1                -0.086       0.010      0.000      -0.105      -0.066      *
    S2                 0.084       0.012      0.000       0.060       0.108      *
    S3                 0.021       0.014      0.056      -0.006       0.049

 Intercepts
    STRESSED           2.270       0.062      0.000       2.147       2.394      *

 Variances
    FTF                0.019       0.001      0.000       0.017       0.021      *
    CMC                0.013       0.001      0.000       0.012       0.015      *
    MIXED              0.028       0.001      0.000       0.025       0.031      *
    S1                 0.027       0.004      0.000       0.019       0.035      *
    S2                 0.030       0.005      0.000       0.020       0.042      *
    S3                 0.054       0.008      0.000       0.040       0.071      *

 Residual Variances
    STRESSED           0.437       0.022      0.000       0.398       0.483      *


STANDARDIZED MODEL RESULTS


STDYX Standardization

                                Posterior  One-Tailed         95% C.I.
                    Estimate       S.D.      P-Value   Lower 2.5%  Upper 2.5%  Significance

Within-Level Standardized Estimates Averaged Over Clusters

 S1 | STRESSED ON
    FTF               -0.044       0.004      0.000      -0.052      -0.036      *

 S2 | STRESSED ON
    CMC                0.034       0.004      0.000       0.025       0.043      *

 S3 | STRESSED ON
    MIXED              0.009       0.005      0.021       0.000       0.018      *

 STRESSED   ON
    WEEKEND           -0.135       0.004      0.000      -0.143      -0.128      *

 Variances
    FTF                1.000       0.000      0.000       1.000       1.000
    CMC                1.000       0.000      0.000       1.000       1.000
    MIXED              1.000       0.000      0.000       1.000       1.000

 Residual Variances
    STRESSED           0.957       0.002      0.000       0.954       0.961      *

Between Level

 STRESSED   ON
    FTF               -0.072       0.038      0.031      -0.147       0.004
    CMC                0.041       0.039      0.149      -0.035       0.116
    MIXED              0.037       0.036      0.146      -0.033       0.107

 STRESSED WITH
    S1                -0.150       0.064      0.010      -0.276      -0.026      *
    S2                -0.039       0.070      0.288      -0.172       0.098
    S3                -0.160       0.061      0.006      -0.280      -0.038      *

 S1       WITH
    S2                 0.002       0.123      0.494      -0.251       0.235
    S3                 0.655       0.077      0.000       0.487       0.790      *

 S2       WITH
    S3                 0.627       0.090      0.000       0.421       0.784      *

 Means
    FTF                1.496       0.054      0.000       1.389       1.603      *
    CMC                1.112       0.047      0.000       1.020       1.205      *
    MIXED              0.843       0.041      0.000       0.761       0.923      *
    S1                -0.525       0.075      0.000      -0.681      -0.389      *
    S2                 0.485       0.082      0.000       0.332       0.656      *
    S3                 0.091       0.059      0.056      -0.025       0.209

 Intercepts
    STRESSED           3.413       0.124      0.000       3.167       3.650      *

 Variances
    FTF                1.000       0.000      0.000       1.000       1.000
    CMC                1.000       0.000      0.000       1.000       1.000
    MIXED              1.000       0.000      0.000       1.000       1.000
    S1                 1.000       0.000      0.000       1.000       1.000
    S2                 1.000       0.000      0.000       1.000       1.000
    S3                 1.000       0.000      0.000       1.000       1.000

 Residual Variances
    STRESSED           0.989       0.007      0.000       0.972       0.998      *


STDY Standardization

                                Posterior  One-Tailed         95% C.I.
                    Estimate       S.D.      P-Value   Lower 2.5%  Upper 2.5%  Significance

Within-Level Standardized Estimates Averaged Over Clusters

 S1 | STRESSED ON
    FTF               -0.044       0.004      0.000      -0.052      -0.036      *

 S2 | STRESSED ON
    CMC                0.034       0.004      0.000       0.025       0.043      *

 S3 | STRESSED ON
    MIXED              0.009       0.005      0.021       0.000       0.018      *

 STRESSED   ON
    WEEKEND           -0.317       0.009      0.000      -0.335      -0.301      *

 Variances
    FTF                1.000       0.000      0.000       1.000       1.000
    CMC                1.000       0.000      0.000       1.000       1.000
    MIXED              1.000       0.000      0.000       1.000       1.000

 Residual Variances
    STRESSED           0.957       0.002      0.000       0.954       0.961      *

Between Level

 STRESSED   ON
    FTF               -0.072       0.038      0.031      -0.147       0.004
    CMC                0.041       0.039      0.149      -0.035       0.116
    MIXED              0.037       0.036      0.146      -0.033       0.107

 STRESSED WITH
    S1                -0.150       0.064      0.010      -0.276      -0.026      *
    S2                -0.039       0.070      0.288      -0.172       0.098
    S3                -0.160       0.061      0.006      -0.280      -0.038      *

 S1       WITH
    S2                 0.002       0.123      0.494      -0.251       0.235
    S3                 0.655       0.077      0.000       0.487       0.790      *

 S2       WITH
    S3                 0.627       0.090      0.000       0.421       0.784      *

 Means
    FTF                1.496       0.054      0.000       1.389       1.603      *
    CMC                1.112       0.047      0.000       1.020       1.205      *
    MIXED              0.843       0.041      0.000       0.761       0.923      *
    S1                -0.525       0.075      0.000      -0.681      -0.389      *
    S2                 0.485       0.082      0.000       0.332       0.656      *
    S3                 0.091       0.059      0.056      -0.025       0.209

 Intercepts
    STRESSED           3.413       0.124      0.000       3.167       3.650      *

 Variances
    FTF                1.000       0.000      0.000       1.000       1.000
    CMC                1.000       0.000      0.000       1.000       1.000
    MIXED              1.000       0.000      0.000       1.000       1.000
    S1                 1.000       0.000      0.000       1.000       1.000
    S2                 1.000       0.000      0.000       1.000       1.000
    S3                 1.000       0.000      0.000       1.000       1.000

 Residual Variances
    STRESSED           0.989       0.007      0.000       0.972       0.998      *


R-SQUARE

Within-Level R-Square Averaged Across Clusters

                                Posterior  One-Tailed         95% C.I.
    Variable        Estimate       S.D.      P-Value   Lower 2.5%  Upper 2.5%

    STRESSED           0.043       0.002      0.000       0.039       0.046

Between Level

                                Posterior  One-Tailed         95% C.I.
    Variable        Estimate       S.D.      P-Value   Lower 2.5%  Upper 2.5%

    STRESSED           0.011       0.007      0.000       0.002       0.028


TECHNICAL 1 OUTPUT


     PARAMETER SPECIFICATION FOR WITHIN


           NU
              STRESSED      FTF           CMC           MIXED         WEEKEND
              ________      ________      ________      ________      ________
                    0             0             0             0             0


           LAMBDA
              STRESSED      FTF           CMC           MIXED         WEEKEND
              ________      ________      ________      ________      ________
 STRESSED           0             0             0             0             0
 FTF                0             0             0             0             0
 CMC                0             0             0             0             0
 MIXED              0             0             0             0             0
 WEEKEND            0             0             0             0             0


           THETA
              STRESSED      FTF           CMC           MIXED         WEEKEND
              ________      ________      ________      ________      ________
 STRESSED           0
 FTF                0             0
 CMC                0             0             0
 MIXED              0             0             0             0
 WEEKEND            0             0             0             0             0


           ALPHA
              STRESSED      FTF           CMC           MIXED         WEEKEND
              ________      ________      ________      ________      ________
                    0             0             0             0             0


           BETA
              STRESSED      FTF           CMC           MIXED         WEEKEND
              ________      ________      ________      ________      ________
 STRESSED           0             0             0             0             1
 FTF                0             0             0             0             0
 CMC                0             0             0             0             0
 MIXED              0             0             0             0             0
 WEEKEND            0             0             0             0             0


           PSI
              STRESSED      FTF           CMC           MIXED         WEEKEND
              ________      ________      ________      ________      ________
 STRESSED           2
 FTF                0             3
 CMC                0             0             4
 MIXED              0             0             0             5
 WEEKEND            0             0             0             0             0


     PARAMETER SPECIFICATION FOR BETWEEN


           NU
              STRESSED      FTF           CMC           MIXED
              ________      ________      ________      ________
                    0             0             0             0


           LAMBDA
              S1            S2            S3            STRESSED      FTF
              ________      ________      ________      ________      ________
 STRESSED           0             0             0             0             0
 FTF                0             0             0             0             0
 CMC                0             0             0             0             0
 MIXED              0             0             0             0             0


           LAMBDA
              CMC           MIXED
              ________      ________
 STRESSED           0             0
 FTF                0             0
 CMC                0             0
 MIXED              0             0


           THETA
              STRESSED      FTF           CMC           MIXED
              ________      ________      ________      ________
 STRESSED           0
 FTF                0             0
 CMC                0             0             0
 MIXED              0             0             0             0


           ALPHA
              S1            S2            S3            STRESSED      FTF
              ________      ________      ________      ________      ________
                    6             7             8             9            10


           ALPHA
              CMC           MIXED
              ________      ________
                   11            12


           BETA
              S1            S2            S3            STRESSED      FTF
              ________      ________      ________      ________      ________
 S1                 0             0             0             0             0
 S2                 0             0             0             0             0
 S3                 0             0             0             0             0
 STRESSED           0             0             0             0            13
 FTF                0             0             0             0             0
 CMC                0             0             0             0             0
 MIXED              0             0             0             0             0


           BETA
              CMC           MIXED
              ________      ________
 S1                 0             0
 S2                 0             0
 S3                 0             0
 STRESSED          14            15
 FTF                0             0
 CMC                0             0
 MIXED              0             0


           PSI
              S1            S2            S3            STRESSED      FTF
              ________      ________      ________      ________      ________
 S1                16
 S2                17            18
 S3                19            20            21
 STRESSED          22            23            24            25
 FTF                0             0             0             0            26
 CMC                0             0             0             0             0
 MIXED              0             0             0             0             0


           PSI
              CMC           MIXED
              ________      ________
 CMC               27
 MIXED              0            28


     STARTING VALUES FOR WITHIN


           NU
              STRESSED      FTF           CMC           MIXED         WEEKEND
              ________      ________      ________      ________      ________
                0.000         0.000         0.000         0.000         0.000


           LAMBDA
              STRESSED      FTF           CMC           MIXED         WEEKEND
              ________      ________      ________      ________      ________
 STRESSED       1.000         0.000         0.000         0.000         0.000
 FTF            0.000         1.000         0.000         0.000         0.000
 CMC            0.000         0.000         1.000         0.000         0.000
 MIXED          0.000         0.000         0.000         1.000         0.000
 WEEKEND        0.000         0.000         0.000         0.000         1.000


           THETA
              STRESSED      FTF           CMC           MIXED         WEEKEND
              ________      ________      ________      ________      ________
 STRESSED       0.000
 FTF            0.000         0.000
 CMC            0.000         0.000         0.000
 MIXED          0.000         0.000         0.000         0.000
 WEEKEND        0.000         0.000         0.000         0.000         0.000


           ALPHA
              STRESSED      FTF           CMC           MIXED         WEEKEND
              ________      ________      ________      ________      ________
                0.000         0.000         0.000         0.000         0.000


           BETA
              STRESSED      FTF           CMC           MIXED         WEEKEND
              ________      ________      ________      ________      ________
 STRESSED       0.000         0.000         0.000         0.000         0.000
 FTF            0.000         0.000         0.000         0.000         0.000
 CMC            0.000         0.000         0.000         0.000         0.000
 MIXED          0.000         0.000         0.000         0.000         0.000
 WEEKEND        0.000         0.000         0.000         0.000         0.000


           PSI
              STRESSED      FTF           CMC           MIXED         WEEKEND
              ________      ________      ________      ________      ________
 STRESSED       0.492
 FTF            0.000         0.082
 CMC            0.000         0.000         0.056
 MIXED          0.000         0.000         0.000         0.060
 WEEKEND        0.000         0.000         0.000         0.000         0.098


     STARTING VALUES FOR BETWEEN


           NU
              STRESSED      FTF           CMC           MIXED
              ________      ________      ________      ________
                0.000         0.000         0.000         0.000


           LAMBDA
              S1            S2            S3            STRESSED      FTF
              ________      ________      ________      ________      ________
 STRESSED       0.000         0.000         0.000         1.000         0.000
 FTF            0.000         0.000         0.000         0.000         1.000
 CMC            0.000         0.000         0.000         0.000         0.000
 MIXED          0.000         0.000         0.000         0.000         0.000


           LAMBDA
              CMC           MIXED
              ________      ________
 STRESSED       0.000         0.000
 FTF            0.000         0.000
 CMC            1.000         0.000
 MIXED          0.000         1.000


           THETA
              STRESSED      FTF           CMC           MIXED
              ________      ________      ________      ________
 STRESSED       0.000
 FTF            0.000         0.000
 CMC            0.000         0.000         0.000
 MIXED          0.000         0.000         0.000         0.000


           ALPHA
              S1            S2            S3            STRESSED      FTF
              ________      ________      ________      ________      ________
                0.000         0.000         0.000         2.175         0.206


           ALPHA
              CMC           MIXED
              ________      ________
                0.129         0.139


           BETA
              S1            S2            S3            STRESSED      FTF
              ________      ________      ________      ________      ________
 S1             0.000         0.000         0.000         0.000         0.000
 S2             0.000         0.000         0.000         0.000         0.000
 S3             0.000         0.000         0.000         0.000         0.000
 STRESSED       0.000         0.000         0.000         0.000         0.000
 FTF            0.000         0.000         0.000         0.000         0.000
 CMC            0.000         0.000         0.000         0.000         0.000
 MIXED          0.000         0.000         0.000         0.000         0.000


           BETA
              CMC           MIXED
              ________      ________
 S1             0.000         0.000
 S2             0.000         0.000
 S3             0.000         0.000
 STRESSED       0.000         0.000
 FTF            0.000         0.000
 CMC            0.000         0.000
 MIXED          0.000         0.000


           PSI
              S1            S2            S3            STRESSED      FTF
              ________      ________      ________      ________      ________
 S1             1.000
 S2             0.000         1.000
 S3             0.000         0.000         1.000
 STRESSED       0.000         0.000         0.000         0.492
 FTF            0.000         0.000         0.000         0.000         0.082
 CMC            0.000         0.000         0.000         0.000         0.000
 MIXED          0.000         0.000         0.000         0.000         0.000


           PSI
              CMC           MIXED
              ________      ________
 CMC            0.056
 MIXED          0.000         0.060



     PRIORS FOR ALL PARAMETERS            PRIOR MEAN      PRIOR VARIANCE     PRIOR STD. DEV.

     Parameter 1~N(0.000,infinity)           0.0000            infinity            infinity
     Parameter 2~IG(-1.000,0.000)          infinity            infinity            infinity
     Parameter 3~IG(-1.000,0.000)          infinity            infinity            infinity
     Parameter 4~IG(-1.000,0.000)          infinity            infinity            infinity
     Parameter 5~IG(-1.000,0.000)          infinity            infinity            infinity
     Parameter 6~N(0.000,infinity)           0.0000            infinity            infinity
     Parameter 7~N(0.000,infinity)           0.0000            infinity            infinity
     Parameter 8~N(0.000,infinity)           0.0000            infinity            infinity
     Parameter 9~N(0.000,infinity)           0.0000            infinity            infinity
     Parameter 10~N(0.000,infinity)          0.0000            infinity            infinity
     Parameter 11~N(0.000,infinity)          0.0000            infinity            infinity
     Parameter 12~N(0.000,infinity)          0.0000            infinity            infinity
     Parameter 13~N(0.000,infinity)          0.0000            infinity            infinity
     Parameter 14~N(0.000,infinity)          0.0000            infinity            infinity
     Parameter 15~N(0.000,infinity)          0.0000            infinity            infinity
     Parameter 16~IW(0.000,-5)             infinity            infinity            infinity
     Parameter 17~IW(0.000,-5)             infinity            infinity            infinity
     Parameter 18~IW(0.000,-5)             infinity            infinity            infinity
     Parameter 19~IW(0.000,-5)             infinity            infinity            infinity
     Parameter 20~IW(0.000,-5)             infinity            infinity            infinity
     Parameter 21~IW(0.000,-5)             infinity            infinity            infinity
     Parameter 22~IW(0.000,-5)             infinity            infinity            infinity
     Parameter 23~IW(0.000,-5)             infinity            infinity            infinity
     Parameter 24~IW(0.000,-5)             infinity            infinity            infinity
     Parameter 25~IW(0.000,-5)             infinity            infinity            infinity
     Parameter 26~IG(-1.000,0.000)         infinity            infinity            infinity
     Parameter 27~IG(-1.000,0.000)         infinity            infinity            infinity
     Parameter 28~IG(-1.000,0.000)         infinity            infinity            infinity


TECHNICAL 8 OUTPUT


   TECHNICAL 8 OUTPUT FOR BAYES ESTIMATION

     CHAIN    BSEED
     1        0
     2        285380

                     POTENTIAL       PARAMETER WITH
     ITERATION    SCALE REDUCTION      HIGHEST PSR
     100              1.601               7
     200              1.064               6
     300              1.074               16
     400              1.057               21
     500              1.045               24
     600              1.022               22
     700              1.013               21
     800              1.016               19
     900              1.022               19
     1000             1.023               24
     1100             1.023               6
     1200             1.015               23
     1300             1.027               22
     1400             1.034               23
     1500             1.045               23
     1600             1.049               23
     1700             1.037               23
     1800             1.021               23
     1900             1.026               23
     2000             1.024               23
     2100             1.017               23
     2200             1.019               23
     2300             1.012               23
     2400             1.008               8
     2500             1.008               20
     2600             1.006               20
     2700             1.006               8
     2800             1.003               21
     2900             1.006               23
     3000             1.009               21
     3100             1.009               21
     3200             1.008               21
     3300             1.011               21
     3400             1.011               21
     3500             1.006               21
     3600             1.004               21
     3700             1.004               21
     3800             1.003               16
     3900             1.003               21
     4000             1.004               8
     4100             1.003               16
     4200             1.004               23
     4300             1.005               16
     4400             1.006               23
     4500             1.006               20
     4600             1.005               21
     4700             1.008               21
     4800             1.009               20
     4900             1.009               18
     5000             1.010               18
     5100             1.011               16
     5200             1.013               16
     5300             1.014               17
     5400             1.018               18
     5500             1.022               18
     5600             1.022               18
     5700             1.019               18
     5800             1.018               16
     5900             1.019               18
     6000             1.022               18
     6100             1.029               18
     6200             1.031               18
     6300             1.029               18
     6400             1.030               18
     6500             1.034               18
     6600             1.037               18
     6700             1.039               18
     6800             1.041               18
     6900             1.048               18
     7000             1.052               18
     7100             1.053               18
     7200             1.053               18
     7300             1.048               18
     7400             1.043               18
     7500             1.038               18
     7600             1.033               18
     7700             1.032               18
     7800             1.031               18
     7900             1.027               18
     8000             1.021               18
     8100             1.021               18
     8200             1.018               18
     8300             1.017               18
     8400             1.017               18
     8500             1.018               18
     8600             1.018               18
     8700             1.016               18
     8800             1.014               18
     8900             1.013               18
     9000             1.012               18
     9100             1.013               18
     9200             1.013               18
     9300             1.014               18
     9400             1.014               18
     9500             1.015               18
     9600             1.015               18
     9700             1.015               18
     9800             1.013               18
     9900             1.012               18
     10000            1.013               18


     Beginning Time:  22:08:15
        Ending Time:  22:19:52
       Elapsed Time:  00:11:37



MUTHEN & MUTHEN
3463 Stoner Ave.
Los Angeles, CA  90066

Tel: (310) 391-9971
Fax: (310) 391-8971
Web: www.StatModel.com
Support: Support@StatModel.com

Copyright (c) 1998-2020 Muthen & Muthen
