Mplus VERSION 8.5 (Mac)
MUTHEN & MUTHEN
03/15/2022   9:29 AM

INPUT INSTRUCTIONS

  TITLE: Analysis 2+3
  DATA: FILE = analysis2_S1.dat;
  VARIABLE:
  NAMES = ID WB content stressed lonely
  FTF CMC mixed
  E A C N O gender ethnicity SES weekend;
  USEVARIABLES = WB
  FTF CMC mixed
  weekend O;
  CLUSTER = ID;
  WITHIN = weekend;
  BETWEEN = O;
  MISSING = .;
  DEFINE: CENTER O (GRANDMEAN);
  ANALYSIS: TYPE = TWOLEVEL RANDOM; ESTIMATOR = BAYES;
  BITERATIONS = (10000); PROCESSORS = 2;
  MODEL:
  %WITHIN%
  ! Well-being is predicted by FtF interactions, the slope is random
  S1 | WB ON FTF;
  ! Well-being is predicted by CMC, the slope is random
  S2 | WB ON CMC;
  ! Well-being is predicted by mixed episodes, the slope is random
  S3 | WB ON mixed;
  ! Control for weekend
  WB ON weekend;
  %BETWEEN%
  ! Covariance between intercept and slopes
  WB S1-S3 WITH WB S1-S3;
  ! The intercept is predicted by FtF interactions
  WB ON FTF;
  ! The intercept is predicted by CMC
  WB ON CMC;
  ! The intercept is predicted by mixed episodes
  WB ON mixed;
  ! The intercept is predicted by openness
  WB ON O;
  ! The slopes are predicted by openness
  S1-S3 ON O;
  OUTPUT: STDYX STDY TECH8;



*** WARNING in MODEL command
  In the MODEL command, the x variable on the WITHIN level has been turned into a
  y variable to enable latent variable decomposition.  This variable will be treated
  as a y-variable on both levels:  FTF
*** WARNING in MODEL command
  In the MODEL command, the x variable on the WITHIN level has been turned into a
  y variable to enable latent variable decomposition.  This variable will be treated
  as a y-variable on both levels:  CMC
*** WARNING in MODEL command
  In the MODEL command, the x variable on the WITHIN level has been turned into a
  y variable to enable latent variable decomposition.  This variable will be treated
  as a y-variable on both levels:  MIXED
*** WARNING
  One or more individual-level variables have no variation within a
  cluster for the following clusters.

     Variable   Cluster IDs with no within-cluster variation

      WB          972 831
      FTF         331 1047 1006 181 183 16 938 4 395 1388 380 130 1379 550 827 660 946 59 394
                  426 147 1027 595 201
      CMC         972 181 16 395 413 90 1123 549 811 9 407 1050 571 278 755 39 175 831 1048 650
                  387 638 766 1218 296 1022 1170 277 1023 352 614 886 1363 608 1289 143 1325 205
                  236
      MIXED       331 84 1167 181 1040 16 938 395 1219 323 637 90 1248 235 1280 389 567 118 64
                  799 811 644 1074 1033 709 407 951 1255 794 571 1092 941 468 458 747 654 309
                  884 1303 255 188 935 1302 767 88 499 1051 928 818 831 485 1159 947 261 1094
                  474 73 504 896 83 997 473 123 952 301 1199 1213 281 350 394 607 492 882 1354
                  312 1269 1021 495 297 638 563 15 1108 570 581 31 1300 217 397 781 221 98 272
                  47 111 1287 594 1340 1042 553 166 230 162 228 1374 373 1022 472 964 1164 1170
                  305 736 1239 723 187 523 776 886 383 306 1363 510 253 431 852 1012 1328 754
                  1342 1349 1228 1397 865 372 1214 342 1232 592 1289 573 1292 403 143 822 779
                  1325 236 77 1029 1356 404 122 478 582 651 254
      WEEKEND     331 972 1047 84 1167 717 183 1040 16 938 4 385 395 202 1348 1123 235 389 343
                  799 1074 7 755 850 433 917 868 275 474 1389 607 99

*** WARNING
  Data set contains cases with missing on x-variables.
  These cases were not included in the analysis.
  Number of cases with missing on x-variables:  6120
   5 WARNING(S) FOUND IN THE INPUT INSTRUCTIONS



Analysis 2+3

SUMMARY OF ANALYSIS

Number of groups                                                 1
Number of observations                                       40289

Number of dependent variables                                    4
Number of independent variables                                  2
Number of continuous latent variables                            3

Observed dependent variables

  Continuous
   WB          FTF         CMC         MIXED

Observed independent variables
   WEEKEND     O

Continuous latent variables
   S1          S2          S3

Variables with special functions

  Cluster variable      ID

  Within variables
   WEEKEND

  Between variables
   O

  Centering (GRANDMEAN)
   O


Estimator                                                    BAYES
Specifications for Bayesian Estimation
  Point estimate                                            MEDIAN
  Number of Markov chain Monte Carlo (MCMC) chains               2
  Random seed for the first chain                                0
  Starting value information                           UNPERTURBED
  Algorithm used for Markov chain Monte Carlo           GIBBS(PX1)
  Convergence criterion                                  0.500D-01
  Maximum number of iterations                               50000
  K-th iteration used for thinning                               1

Input data file(s)
  analysis2_S1.dat
Input data format  FREE


SUMMARY OF DATA

     Number of clusters                       1136

       Size (s)    Cluster ID with Size s

          1        21 45 1010
          2        331 972 1047
          3        84 1167
          4        717 1006 181 183 1040 16 938
          5        4 385 395 202 1219
          6        323 637 413 90 1348
          7        1123 1248
          8        235 1242 424 973 1388
          9        476 1280 92 389 343
         10        524 567 569 578 1294 380
         11        851 549 118 64 799 811 988 1373 1128 9
         12        644 1168 1074 19 1203 1033 998
         13        709 967 1154 407 153 951 456
         14        130 1050 1237 1247 1255 1278 877 7 1007 774 794 571
         15        1163 1092 922 941 468
         16        1055 103 332 115 278 825 1379 843 458
         17        1117 265 550 589 591 599 605 613 1171 747 5 527 204
                   913
         18        400 421 60 652 1262 755 654 1059 559 1080 357 704 525
                   1391
         19        443 17 850 309 365 1274 884 732 910 992 1303 255 1338
                   1198 55 1208 160 188 1014 433
         20        917 522 1099 1222 934 935 827 418 1133 1144 325 49 1166
                   1302 792 860 14 805 1062 518 629 1081
         21        1070 660 816 39 761 175 767 291 359 88 1371 868 499
                   1051 554 803
         22        1121 1013 928 818 484 831 485 1159 947 11 719 275 727
                   1317 66 977 345 261 810 1094 474 36 628
         23        1118 207 73 1142 504 896 1058 514 979 1067 423 464 176
                   1004 718 1197 841 30 173
         24        733 1259 966 86 551 1286 1106 1191 743 83 997 950 600
                   674 24
         25        1048 650 798 1250 469 800 473 1261 887 606 193 661 218
                   453 622 1182 123 683 1192 699 391 57 713 1386 952 367
                   854 239
         26        627 159 301 91 1096 1032 392 889 76 316 452 918 1199
                   773 260 1336 455 1346 216 1212 1213 287 946 1389 675
                   1165
         27        1086 258 105 317 598 281 203 446 100 59 489 1131 300
                   336 819 1152 1236 826 179 350 770 353 1253 151
         28        1119 169 927 665 346 394 607 1140 678 830 1257 87 838
                   492 401 1161 110 328 1311 714 632 975 882 513 1090 1354
                   985 580 312 387 425 232
         29        6 706 426 1269 1273 1021 1175 763 712 1282 1111 495
                   141 769 165 297 902 360 419 672 53 168 923 41 786 1360
                   929 1150 1382 638 560 1082 795 563
         30        640 642 15 375 542 995 417 341 933 290 62 1093 1179
                   318 142 610 146 1017 1108 1114 566 147 677 874 744 957
                   1365 570 750 1380 891 480 50 194 1063
         31        801 93 444 18 210 581 687 1207 26 410 1071 777 1008
                   620 38 501 789 31 911 1027 663 438 919 1039 1041
         32        412 847 178 190 1276 1279 667 856 858 12 288 1300 237
                   1005 217 348 676 1318 1145 397 781 1224 221 1238 327
                   307 907 1252 329 834 968 98 1258
         33        984 1109 245 1186 987 937 368 1052 1053 1291 690 692
                   532 844 1306 845 568 308 806 507 374 741 246 547 1085
                   1087 970 213 1034 448 99 242 876 1105 272 1265 1107
         34        47 408 1147 894 134 209 1332 748 302 857 753 1038 636
                   757 758 111 171 1287 728 1384 420 319 334 1136 649
         35        1234 1061 339 1 152 664 639 700 1322 702 594 1331 939
                   244 259 1340 347 128 422 1264 1042 1368 553 184 655
                   787 824 681 1153 1009 166 829
         36        564 1308 106 548 23 990 139 457 1334 685 1157 1158 29
                   867 766 1218 788 189 577 1045 943 1089 974 1293 1240
                   406 1245 562 230
         37        764 954 682 1244 162 616 555 621 556 558 1324 228 54
                   1028 529 1132 701 8 820 321 1352 1353 871 104 116 296
                   208 1374 1215 711 945 437 298 441 177 373 1301
         38        861 749 51 1022 1319 3 1185 689 793 1337 724 1141 1270
                   68 44 842 544 890 439 133 993 1369 703 898 646 274 119
                   121 61 1385 124 472 602 964
         39        20 1320 643 976 729 1164 791 299 1216 180 129 897 1170
                   1054 384 737 277 511 965 762 1296 1297 1066 305 1376
                   1069 1251 1194 1195 912 916 1313 1077 196
         40        1023 491 1177 414 1125 37 736 1217 855 963 69 635 879
                   70 1235 948 428 1239 1392 668
         41        101 565 427 814 222 1172 1335 432 723 1233 895 58 1180
                   40 352 187 523 1057 863 155 614 833 1310 1068 243 97
                   1075 198 595 1268 1395
         42        1156 496 776 1307 276 445 930 1196 1129 931 648 634
                   804 315 335 688 503 65 886 691 996 107 494 383
         43        1046 1072 351 306 641 1363 510 364 944 463 1031 752
                   89 1184 215 253 760 431 742 852 671 82
         44        435 980 1201 1012 1249 1339 1204 904 1206 32 1138 626
                   1359 828 137 693 519 697 994 837 25 430 393 585 586
                   1124 1160 1323 241 1162 1328 154 705
         45        754 1260 936 666 731 623 1355 376 212 42 608 135 695
                   915 848 369 247 161 1126 541 720 429 388 81 619 893
                   1101 859 234 488 226
         46        10 256 1210 1342 1344 465 1148 1349 185 971 1001 1120
                   206 631 1362 470 1187 1314 1227 1228 1189 144 656 436
                   150 251 618 878 440 267 1390 505 416 1143
         47        1367 899 63 22 1341 1078 1377 908 201 840 358 530 284
                   120 875 633 552 982 1397
         48        1155 865 531 372 1016 1214 1073 342 1020 157 1327 716
                   1130 1064 853 1229 1232 182
         49        592 1309 901 1289 745 1049 1015 1146 1173 836 1018 662
                   1079 1000 1285 71
         50        344 378 219 250 1026 536 1097 136 479 462 145 399 808
                   584 450 74 467 1139 588 170 131
         51        573 500 679 962 839 292 1292 1176 1098 1246 403 340
                   174 289 143 310 459 379 498 1333 921 262
         52        509 1345 398 1100 454 832 220 537 313 434 822 377 78
                   233 624 779
         53        1325 28 1002 52 534 738 482 694 386 285 67 354 411 797
                   363 543 205 236
         54        1381 77 881 574 596
         55        231 557 1383 782 449 1295 2 1284 1065 1231 248 735 1396
                   214
         56        396 1029 1256 1230 1110 1200 1088 659 113 1356 1357
         57        1364 906 807 657 475 533 1223 125 991 1375 108 778 593
                   1076 561
         58        1267 402 294 526 404 883 486 164 1243 925 192 1350 1351
                   186 471 79 1134 1190
         59        94 914 1304 122 1025 366 809 955
         60        880 1343 1137 1372 13 478 617 796 197
         61        582 293 903 1271 1298 263
         62        138 978 481 538 1102 756 1003
         63        508 249 520 338 1225 579
         64        651 1283 303 1095 112
         65        266 1393
         66        95
         67        270 869
         72        254



COVARIANCE COVERAGE OF DATA

Minimum covariance coverage value   0.100

     Number of missing data patterns             2


     PROPORTION OF DATA PRESENT


           Covariance Coverage
              WB            FTF           CMC           MIXED         WEEKEND
              ________      ________      ________      ________      ________
 WB             1.000
 FTF            1.000         1.000
 CMC            1.000         1.000         1.000
 MIXED          1.000         1.000         1.000         1.000
 WEEKEND        1.000         1.000         1.000         1.000         1.000
 O              1.000         1.000         1.000         1.000         1.000


           Covariance Coverage
              O
              ________
 O              1.000



UNIVARIATE SAMPLE STATISTICS


     UNIVARIATE HIGHER-ORDER MOMENT DESCRIPTIVE STATISTICS

         Variable/         Mean/     Skewness/   Minimum/ % with                Percentiles
        Sample Size      Variance    Kurtosis    Maximum  Min/Max      20%/60%    40%/80%    Median

     WB                    3.012      -0.522       1.000    0.95%       2.333      3.000      3.000
           40273.000       0.449      -0.123       4.000   11.22%       3.333      3.667
     FTF                   0.317       0.788       0.000   68.33%       0.000      0.000      0.000
           40289.000       0.216      -1.379       1.000   31.67%       0.000      1.000
     CMC                   0.247       1.172       0.000   75.29%       0.000      0.000      0.000
           40289.000       0.186      -0.625       1.000   24.71%       0.000      1.000
     MIXED                 0.212       1.410       0.000   78.81%       0.000      0.000      0.000
           40289.000       0.167      -0.011       1.000   21.19%       0.000      1.000
     WEEKEND               0.255       1.125       0.000   74.51%       0.000      0.000      0.000
           40289.000       0.190      -0.735       1.000   25.49%       0.000      1.000
     O                     0.000      -0.036      -2.024    0.09%      -0.524     -0.124     -0.024
            1136.000       0.370      -0.234       1.476    0.09%       0.176      0.476


THE MODEL ESTIMATION TERMINATED NORMALLY

     USE THE FBITERATIONS OPTION TO INCREASE THE NUMBER OF ITERATIONS BY A FACTOR
     OF AT LEAST TWO TO CHECK CONVERGENCE AND THAT THE PSR VALUE DOES NOT INCREASE.



MODEL FIT INFORMATION

Number of Free Parameters                              32

Information Criteria

          Deviance (DIC)                       184794.197
          Estimated Number of Parameters (pD)    4701.738



MODEL RESULTS

                                Posterior  One-Tailed         95% C.I.
                    Estimate       S.D.      P-Value   Lower 2.5%  Upper 2.5%  Significance

Within Level

 WB         ON
    WEEKEND            0.097       0.006      0.000       0.086       0.109      *

 Variances
    FTF                0.192       0.001      0.000       0.190       0.195      *
    CMC                0.163       0.001      0.000       0.161       0.166      *
    MIXED              0.137       0.001      0.000       0.136       0.139      *

 Residual Variances
    WB                 0.238       0.002      0.000       0.234       0.241      *

Between Level

 S1         ON
    O                  0.015       0.016      0.182      -0.017       0.046

 S2         ON
    O                  0.004       0.016      0.413      -0.028       0.035

 S3         ON
    O                  0.012       0.018      0.264      -0.024       0.047

 WB         ON
    FTF                0.270       0.136      0.024       0.004       0.536      *
    CMC               -0.234       0.120      0.026      -0.467       0.002
    MIXED              0.445       0.099      0.000       0.252       0.636      *
    O                  0.020       0.022      0.185      -0.023       0.062

 WB       WITH
    S1                -0.027       0.004      0.000      -0.036      -0.019      *
    S2                -0.013       0.005      0.001      -0.022      -0.004      *
    S3                -0.029       0.005      0.000      -0.039      -0.019      *

 S1       WITH
    S2                 0.013       0.003      0.000       0.005       0.020      *
    S3                 0.033       0.004      0.000       0.025       0.042      *

 S2       WITH
    S3                 0.022       0.004      0.000       0.014       0.030      *

 Means
    FTF                0.319       0.005      0.000       0.309       0.329      *
    CMC                0.251       0.005      0.000       0.241       0.261      *
    MIXED              0.211       0.006      0.000       0.200       0.222      *

 Intercepts
    WB                 2.842       0.080      0.000       2.686       2.998      *
    S1                 0.211       0.010      0.000       0.192       0.230      *
    S2                 0.020       0.010      0.024       0.000       0.038      *
    S3                 0.200       0.011      0.000       0.179       0.222      *

 Variances
    FTF                0.024       0.001      0.000       0.022       0.027      *
    CMC                0.023       0.001      0.000       0.021       0.026      *
    MIXED              0.030       0.001      0.000       0.027       0.033      *

 Residual Variances
    WB                 0.191       0.009      0.000       0.175       0.208      *
    S1                 0.039       0.004      0.000       0.031       0.047      *
    S2                 0.021       0.004      0.000       0.013       0.030      *
    S3                 0.044       0.006      0.000       0.034       0.056      *


STANDARDIZED MODEL RESULTS


STDYX Standardization

                                Posterior  One-Tailed         95% C.I.
                    Estimate       S.D.      P-Value   Lower 2.5%  Upper 2.5%  Significance

Within-Level Standardized Estimates Averaged Over Clusters

 S1 | WB ON
    FTF                0.171       0.007      0.000       0.158       0.183      *

 S2 | WB ON
    CMC                0.012       0.007      0.058      -0.004       0.025

 S3 | WB ON
    MIXED              0.138       0.006      0.000       0.125       0.150      *

 WB         ON
    WEEKEND            0.077       0.004      0.000       0.068       0.086      *

 Variances
    FTF                1.000       0.000      0.000       1.000       1.000
    CMC                1.000       0.000      0.000       1.000       1.000
    MIXED              1.000       0.000      0.000       1.000       1.000

 Residual Variances
    WB                 0.891       0.005      0.000       0.881       0.900      *

Between Level

 S1         ON
    O                  0.032       0.035      0.182      -0.037       0.100

 S2         ON
    O                  0.012       0.048      0.413      -0.083       0.105

 S3         ON
    O                  0.024       0.038      0.264      -0.050       0.097

 WB         ON
    FTF                0.094       0.047      0.024       0.001       0.184      *
    CMC               -0.080       0.041      0.026      -0.160       0.001
    MIXED              0.171       0.037      0.000       0.097       0.241      *
    O                  0.019       0.021      0.185      -0.022       0.060

 WB       WITH
    S1                -0.320       0.048      0.000      -0.413      -0.221      *
    S2                -0.203       0.071      0.001      -0.339      -0.066      *
    S3                -0.313       0.055      0.000      -0.421      -0.207      *

 S1       WITH
    S2                 0.452       0.086      0.000       0.242       0.591      *
    S3                 0.804       0.044      0.000       0.706       0.880      *

 S2       WITH
    S3                 0.727       0.059      0.000       0.593       0.821      *

 Means
    FTF                2.043       0.063      0.000       1.919       2.169      *
    CMC                1.642       0.053      0.000       1.539       1.749      *
    MIXED              1.223       0.043      0.000       1.140       1.307      *

 Intercepts
    WB                 6.352       0.256      0.000       5.827       6.833      *
    S1                 1.072       0.077      0.000       0.931       1.237      *
    S2                 0.136       0.070      0.024       0.000       0.274      *
    S3                 0.954       0.081      0.000       0.804       1.122      *

 Variances
    FTF                1.000       0.000      0.000       1.000       1.000
    CMC                1.000       0.000      0.000       1.000       1.000
    MIXED              1.000       0.000      0.000       1.000       1.000

 Residual Variances
    WB                 0.951       0.017      0.000       0.910       0.978      *
    S1                 0.999       0.003      0.000       0.990       1.000      *
    S2                 0.999       0.003      0.000       0.988       1.000      *
    S3                 0.999       0.003      0.000       0.990       1.000      *


STDY Standardization

                                Posterior  One-Tailed         95% C.I.
                    Estimate       S.D.      P-Value   Lower 2.5%  Upper 2.5%  Significance

Within-Level Standardized Estimates Averaged Over Clusters

 S1 | WB ON
    FTF                0.171       0.007      0.000       0.158       0.183      *

 S2 | WB ON
    CMC                0.012       0.007      0.058      -0.004       0.025

 S3 | WB ON
    MIXED              0.138       0.006      0.000       0.125       0.150      *

 WB         ON
    WEEKEND            0.188       0.011      0.000       0.166       0.209      *

 Variances
    FTF                1.000       0.000      0.000       1.000       1.000
    CMC                1.000       0.000      0.000       1.000       1.000
    MIXED              1.000       0.000      0.000       1.000       1.000

 Residual Variances
    WB                 0.891       0.005      0.000       0.881       0.900      *

Between Level

 S1         ON
    O                  0.075       0.082      0.182      -0.086       0.233

 S2         ON
    O                  0.027       0.111      0.413      -0.193       0.243

 S3         ON
    O                  0.055       0.087      0.264      -0.116       0.226

 WB         ON
    FTF                0.094       0.047      0.024       0.001       0.184      *
    CMC               -0.080       0.041      0.026      -0.160       0.001
    MIXED              0.171       0.037      0.000       0.097       0.241      *
    O                  0.044       0.049      0.185      -0.052       0.139

 WB       WITH
    S1                -0.320       0.048      0.000      -0.413      -0.221      *
    S2                -0.203       0.071      0.001      -0.339      -0.066      *
    S3                -0.313       0.055      0.000      -0.421      -0.207      *

 S1       WITH
    S2                 0.452       0.086      0.000       0.242       0.591      *
    S3                 0.804       0.044      0.000       0.706       0.880      *

 S2       WITH
    S3                 0.727       0.059      0.000       0.593       0.821      *

 Means
    FTF                2.043       0.063      0.000       1.919       2.169      *
    CMC                1.642       0.053      0.000       1.539       1.749      *
    MIXED              1.223       0.043      0.000       1.140       1.307      *

 Intercepts
    WB                 6.352       0.256      0.000       5.827       6.833      *
    S1                 1.072       0.077      0.000       0.931       1.237      *
    S2                 0.136       0.070      0.024       0.000       0.274      *
    S3                 0.954       0.081      0.000       0.804       1.122      *

 Variances
    FTF                1.000       0.000      0.000       1.000       1.000
    CMC                1.000       0.000      0.000       1.000       1.000
    MIXED              1.000       0.000      0.000       1.000       1.000

 Residual Variances
    WB                 0.951       0.017      0.000       0.910       0.978      *
    S1                 0.999       0.003      0.000       0.990       1.000      *
    S2                 0.999       0.003      0.000       0.988       1.000      *
    S3                 0.999       0.003      0.000       0.990       1.000      *


R-SQUARE

Within-Level R-Square Averaged Across Clusters

                                Posterior  One-Tailed         95% C.I.
    Variable        Estimate       S.D.      P-Value   Lower 2.5%  Upper 2.5%

    WB                 0.109       0.005      0.000       0.100       0.119

Between Level

                                Posterior  One-Tailed         95% C.I.
    Variable        Estimate       S.D.      P-Value   Lower 2.5%  Upper 2.5%

    WB                 0.049       0.017      0.000       0.022       0.090

                                Posterior  One-Tailed         95% C.I.
    Variable        Estimate       S.D.      P-Value   Lower 2.5%  Upper 2.5%

    S1                 0.001       0.003      0.000       0.000       0.010
    S2                 0.001       0.003      0.000       0.000       0.012
    S3                 0.001       0.003      0.000       0.000       0.010


TECHNICAL 1 OUTPUT


     PARAMETER SPECIFICATION FOR WITHIN


           NU
              WB            FTF           CMC           MIXED         WEEKEND
              ________      ________      ________      ________      ________
                    0             0             0             0             0


           LAMBDA
              WB            FTF           CMC           MIXED         WEEKEND
              ________      ________      ________      ________      ________
 WB                 0             0             0             0             0
 FTF                0             0             0             0             0
 CMC                0             0             0             0             0
 MIXED              0             0             0             0             0
 WEEKEND            0             0             0             0             0


           THETA
              WB            FTF           CMC           MIXED         WEEKEND
              ________      ________      ________      ________      ________
 WB                 0
 FTF                0             0
 CMC                0             0             0
 MIXED              0             0             0             0
 WEEKEND            0             0             0             0             0


           ALPHA
              WB            FTF           CMC           MIXED         WEEKEND
              ________      ________      ________      ________      ________
                    0             0             0             0             0


           BETA
              WB            FTF           CMC           MIXED         WEEKEND
              ________      ________      ________      ________      ________
 WB                 0             0             0             0             1
 FTF                0             0             0             0             0
 CMC                0             0             0             0             0
 MIXED              0             0             0             0             0
 WEEKEND            0             0             0             0             0


           PSI
              WB            FTF           CMC           MIXED         WEEKEND
              ________      ________      ________      ________      ________
 WB                 2
 FTF                0             3
 CMC                0             0             4
 MIXED              0             0             0             5
 WEEKEND            0             0             0             0             0


     PARAMETER SPECIFICATION FOR BETWEEN


           NU
              WB            FTF           CMC           MIXED         O
              ________      ________      ________      ________      ________
                    0             0             0             0             0


           LAMBDA
              S1            S2            S3            WB            FTF
              ________      ________      ________      ________      ________
 WB                 0             0             0             0             0
 FTF                0             0             0             0             0
 CMC                0             0             0             0             0
 MIXED              0             0             0             0             0
 O                  0             0             0             0             0


           LAMBDA
              CMC           MIXED         O
              ________      ________      ________
 WB                 0             0             0
 FTF                0             0             0
 CMC                0             0             0
 MIXED              0             0             0
 O                  0             0             0


           THETA
              WB            FTF           CMC           MIXED         O
              ________      ________      ________      ________      ________
 WB                 0
 FTF                0             0
 CMC                0             0             0
 MIXED              0             0             0             0
 O                  0             0             0             0             0


           ALPHA
              S1            S2            S3            WB            FTF
              ________      ________      ________      ________      ________
                    6             7             8             9            10


           ALPHA
              CMC           MIXED         O
              ________      ________      ________
                   11            12             0


           BETA
              S1            S2            S3            WB            FTF
              ________      ________      ________      ________      ________
 S1                 0             0             0             0             0
 S2                 0             0             0             0             0
 S3                 0             0             0             0             0
 WB                 0             0             0             0            16
 FTF                0             0             0             0             0
 CMC                0             0             0             0             0
 MIXED              0             0             0             0             0
 O                  0             0             0             0             0


           BETA
              CMC           MIXED         O
              ________      ________      ________
 S1                 0             0            13
 S2                 0             0            14
 S3                 0             0            15
 WB                17            18            19
 FTF                0             0             0
 CMC                0             0             0
 MIXED              0             0             0
 O                  0             0             0


           PSI
              S1            S2            S3            WB            FTF
              ________      ________      ________      ________      ________
 S1                20
 S2                21            22
 S3                23            24            25
 WB                26            27            28            29
 FTF                0             0             0             0            30
 CMC                0             0             0             0             0
 MIXED              0             0             0             0             0
 O                  0             0             0             0             0


           PSI
              CMC           MIXED         O
              ________      ________      ________
 CMC               31
 MIXED              0            32
 O                  0             0             0


     STARTING VALUES FOR WITHIN


           NU
              WB            FTF           CMC           MIXED         WEEKEND
              ________      ________      ________      ________      ________
                0.000         0.000         0.000         0.000         0.000


           LAMBDA
              WB            FTF           CMC           MIXED         WEEKEND
              ________      ________      ________      ________      ________
 WB             1.000         0.000         0.000         0.000         0.000
 FTF            0.000         1.000         0.000         0.000         0.000
 CMC            0.000         0.000         1.000         0.000         0.000
 MIXED          0.000         0.000         0.000         1.000         0.000
 WEEKEND        0.000         0.000         0.000         0.000         1.000


           THETA
              WB            FTF           CMC           MIXED         WEEKEND
              ________      ________      ________      ________      ________
 WB             0.000
 FTF            0.000         0.000
 CMC            0.000         0.000         0.000
 MIXED          0.000         0.000         0.000         0.000
 WEEKEND        0.000         0.000         0.000         0.000         0.000


           ALPHA
              WB            FTF           CMC           MIXED         WEEKEND
              ________      ________      ________      ________      ________
                0.000         0.000         0.000         0.000         0.000


           BETA
              WB            FTF           CMC           MIXED         WEEKEND
              ________      ________      ________      ________      ________
 WB             0.000         0.000         0.000         0.000         0.000
 FTF            0.000         0.000         0.000         0.000         0.000
 CMC            0.000         0.000         0.000         0.000         0.000
 MIXED          0.000         0.000         0.000         0.000         0.000
 WEEKEND        0.000         0.000         0.000         0.000         0.000


           PSI
              WB            FTF           CMC           MIXED         WEEKEND
              ________      ________      ________      ________      ________
 WB             0.225
 FTF            0.000         0.108
 CMC            0.000         0.000         0.093
 MIXED          0.000         0.000         0.000         0.083
 WEEKEND        0.000         0.000         0.000         0.000         0.095


     STARTING VALUES FOR BETWEEN


           NU
              WB            FTF           CMC           MIXED         O
              ________      ________      ________      ________      ________
                0.000         0.000         0.000         0.000         0.000


           LAMBDA
              S1            S2            S3            WB            FTF
              ________      ________      ________      ________      ________
 WB             0.000         0.000         0.000         1.000         0.000
 FTF            0.000         0.000         0.000         0.000         1.000
 CMC            0.000         0.000         0.000         0.000         0.000
 MIXED          0.000         0.000         0.000         0.000         0.000
 O              0.000         0.000         0.000         0.000         0.000


           LAMBDA
              CMC           MIXED         O
              ________      ________      ________
 WB             0.000         0.000         0.000
 FTF            0.000         0.000         0.000
 CMC            1.000         0.000         0.000
 MIXED          0.000         1.000         0.000
 O              0.000         0.000         1.000


           THETA
              WB            FTF           CMC           MIXED         O
              ________      ________      ________      ________      ________
 WB             0.000
 FTF            0.000         0.000
 CMC            0.000         0.000         0.000
 MIXED          0.000         0.000         0.000         0.000
 O              0.000         0.000         0.000         0.000         0.000


           ALPHA
              S1            S2            S3            WB            FTF
              ________      ________      ________      ________      ________
                0.000         0.000         0.000         3.012         0.317


           ALPHA
              CMC           MIXED         O
              ________      ________      ________
                0.247         0.212         0.000


           BETA
              S1            S2            S3            WB            FTF
              ________      ________      ________      ________      ________
 S1             0.000         0.000         0.000         0.000         0.000
 S2             0.000         0.000         0.000         0.000         0.000
 S3             0.000         0.000         0.000         0.000         0.000
 WB             0.000         0.000         0.000         0.000         0.000
 FTF            0.000         0.000         0.000         0.000         0.000
 CMC            0.000         0.000         0.000         0.000         0.000
 MIXED          0.000         0.000         0.000         0.000         0.000
 O              0.000         0.000         0.000         0.000         0.000


           BETA
              CMC           MIXED         O
              ________      ________      ________
 S1             0.000         0.000         0.000
 S2             0.000         0.000         0.000
 S3             0.000         0.000         0.000
 WB             0.000         0.000         0.000
 FTF            0.000         0.000         0.000
 CMC            0.000         0.000         0.000
 MIXED          0.000         0.000         0.000
 O              0.000         0.000         0.000


           PSI
              S1            S2            S3            WB            FTF
              ________      ________      ________      ________      ________
 S1             1.000
 S2             0.000         1.000
 S3             0.000         0.000         1.000
 WB             0.000         0.000         0.000         0.225
 FTF            0.000         0.000         0.000         0.000         0.108
 CMC            0.000         0.000         0.000         0.000         0.000
 MIXED          0.000         0.000         0.000         0.000         0.000
 O              0.000         0.000         0.000         0.000         0.000


           PSI
              CMC           MIXED         O
              ________      ________      ________
 CMC            0.093
 MIXED          0.000         0.083
 O              0.000         0.000         0.185



     PRIORS FOR ALL PARAMETERS            PRIOR MEAN      PRIOR VARIANCE     PRIOR STD. DEV.

     Parameter 1~N(0.000,infinity)           0.0000            infinity            infinity
     Parameter 2~IG(-1.000,0.000)          infinity            infinity            infinity
     Parameter 3~IG(-1.000,0.000)          infinity            infinity            infinity
     Parameter 4~IG(-1.000,0.000)          infinity            infinity            infinity
     Parameter 5~IG(-1.000,0.000)          infinity            infinity            infinity
     Parameter 6~N(0.000,infinity)           0.0000            infinity            infinity
     Parameter 7~N(0.000,infinity)           0.0000            infinity            infinity
     Parameter 8~N(0.000,infinity)           0.0000            infinity            infinity
     Parameter 9~N(0.000,infinity)           0.0000            infinity            infinity
     Parameter 10~N(0.000,infinity)          0.0000            infinity            infinity
     Parameter 11~N(0.000,infinity)          0.0000            infinity            infinity
     Parameter 12~N(0.000,infinity)          0.0000            infinity            infinity
     Parameter 13~N(0.000,infinity)          0.0000            infinity            infinity
     Parameter 14~N(0.000,infinity)          0.0000            infinity            infinity
     Parameter 15~N(0.000,infinity)          0.0000            infinity            infinity
     Parameter 16~N(0.000,infinity)          0.0000            infinity            infinity
     Parameter 17~N(0.000,infinity)          0.0000            infinity            infinity
     Parameter 18~N(0.000,infinity)          0.0000            infinity            infinity
     Parameter 19~N(0.000,infinity)          0.0000            infinity            infinity
     Parameter 20~IW(0.000,-5)             infinity            infinity            infinity
     Parameter 21~IW(0.000,-5)             infinity            infinity            infinity
     Parameter 22~IW(0.000,-5)             infinity            infinity            infinity
     Parameter 23~IW(0.000,-5)             infinity            infinity            infinity
     Parameter 24~IW(0.000,-5)             infinity            infinity            infinity
     Parameter 25~IW(0.000,-5)             infinity            infinity            infinity
     Parameter 26~IW(0.000,-5)             infinity            infinity            infinity
     Parameter 27~IW(0.000,-5)             infinity            infinity            infinity
     Parameter 28~IW(0.000,-5)             infinity            infinity            infinity
     Parameter 29~IW(0.000,-5)             infinity            infinity            infinity
     Parameter 30~IG(-1.000,0.000)         infinity            infinity            infinity
     Parameter 31~IG(-1.000,0.000)         infinity            infinity            infinity
     Parameter 32~IG(-1.000,0.000)         infinity            infinity            infinity


TECHNICAL 8 OUTPUT


   TECHNICAL 8 OUTPUT FOR BAYES ESTIMATION

     CHAIN    BSEED
     1        0
     2        285380

                     POTENTIAL       PARAMETER WITH
     ITERATION    SCALE REDUCTION      HIGHEST PSR
     100              1.319               15
     200              1.044               14
     300              1.147               15
     400              1.192               15
     500              1.135               15
     600              1.082               14
     700              1.063               14
     800              1.034               14
     900              1.017               6
     1000             1.011               6
     1100             1.013               7
     1200             1.026               7
     1300             1.031               7
     1400             1.034               7
     1500             1.035               7
     1600             1.042               7
     1700             1.041               7
     1800             1.021               7
     1900             1.010               7
     2000             1.010               7
     2100             1.012               7
     2200             1.007               28
     2300             1.012               14
     2400             1.018               14
     2500             1.017               14
     2600             1.020               14
     2700             1.030               14
     2800             1.036               14
     2900             1.036               14
     3000             1.027               14
     3100             1.027               14
     3200             1.020               14
     3300             1.025               14
     3400             1.040               14
     3500             1.037               14
     3600             1.030               14
     3700             1.016               14
     3800             1.008               14
     3900             1.004               14
     4000             1.004               15
     4100             1.003               15
     4200             1.003               14
     4300             1.003               23
     4400             1.002               23
     4500             1.003               20
     4600             1.003               20
     4700             1.003               20
     4800             1.004               20
     4900             1.004               20
     5000             1.004               20
     5100             1.005               20
     5200             1.006               20
     5300             1.008               20
     5400             1.007               20
     5500             1.007               20
     5600             1.005               20
     5700             1.004               20
     5800             1.005               20
     5900             1.005               20
     6000             1.006               20
     6100             1.004               20
     6200             1.004               20
     6300             1.003               20
     6400             1.004               20
     6500             1.004               20
     6600             1.004               20
     6700             1.005               20
     6800             1.004               20
     6900             1.004               22
     7000             1.004               22
     7100             1.005               22
     7200             1.004               24
     7300             1.005               24
     7400             1.005               24
     7500             1.006               24
     7600             1.006               24
     7700             1.006               24
     7800             1.005               24
     7900             1.004               24
     8000             1.004               24
     8100             1.005               24
     8200             1.004               24
     8300             1.004               24
     8400             1.004               24
     8500             1.004               24
     8600             1.003               24
     8700             1.003               24
     8800             1.003               24
     8900             1.003               24
     9000             1.003               24
     9100             1.003               24
     9200             1.004               24
     9300             1.003               24
     9400             1.003               24
     9500             1.004               24
     9600             1.004               24
     9700             1.004               24
     9800             1.004               24
     9900             1.005               24
     10000            1.005               24


     Beginning Time:  09:29:20
        Ending Time:  09:40:06
       Elapsed Time:  00:10:46



MUTHEN & MUTHEN
3463 Stoner Ave.
Los Angeles, CA  90066

Tel: (310) 391-9971
Fax: (310) 391-8971
Web: www.StatModel.com
Support: Support@StatModel.com

Copyright (c) 1998-2020 Muthen & Muthen
