Mplus VERSION 8.5 (Mac)
MUTHEN & MUTHEN
03/15/2022   6:03 PM

INPUT INSTRUCTIONS

  TITLE: Analysis 2+3
  DATA: FILE = analysis2_S3.dat;
  VARIABLE:
  NAMES = ID AB angry worried happy sad WB stressed lonely
  FTF CMC mixed
  E A C N O gender ethnicity SES weekend;
  USEVARIABLES = worried
  FTF CMC mixed
  weekend A;
  CLUSTER = ID;
  WITHIN = weekend;
  BETWEEN = A;
  MISSING = .;
  DEFINE: CENTER A (GRANDMEAN);
  ANALYSIS: TYPE = TWOLEVEL RANDOM; ESTIMATOR = BAYES;
  BITERATIONS = (10000); PROCESSORS = 2;
  MODEL:
  %WITHIN%
  ! Worry is predicted by FtF interactions, the slope is random
  S1 | worried ON FTF;
  ! Worry is predicted by CMC, the slope is random
  S2 | worried ON CMC;
  ! Worry is predicted by mixed episodes, the slope is random
  S3 | worried ON mixed;
  ! Control for weekend
  worried ON weekend;
  %BETWEEN%
  ! Covariance between intercept and slopes
  worried S1-S3 WITH worried S1-S3;
  ! The intercept is predicted by FtF interactions
  worried ON FTF;
  ! The intercept is predicted by CMC
  worried ON CMC;
  ! The intercept is predicted by mixed episodes
  worried ON mixed;
  ! The intercept is predicted by agreeableness
  worried ON A;
  ! The slopes are predicted by agreeableness
  S1-S3 ON A;
  OUTPUT: STDYX STDY TECH8;



*** WARNING in MODEL command
  In the MODEL command, the x variable on the WITHIN level has been turned into a
  y variable to enable latent variable decomposition.  This variable will be treated
  as a y-variable on both levels:  FTF
*** WARNING in MODEL command
  In the MODEL command, the x variable on the WITHIN level has been turned into a
  y variable to enable latent variable decomposition.  This variable will be treated
  as a y-variable on both levels:  CMC
*** WARNING in MODEL command
  In the MODEL command, the x variable on the WITHIN level has been turned into a
  y variable to enable latent variable decomposition.  This variable will be treated
  as a y-variable on both levels:  MIXED
*** WARNING
  One or more individual-level variables have no variation within a
  cluster for the following clusters.

     Variable   Cluster IDs with no within-cluster variation

      WORRIED     485 49 96 608 856 473 797 615 635 502 76 159
      FTF         516 160 240 625 271 96 608 816 669 235 5 82 753 252 502 851 610 230 282 199
                  57 631 298 700 654 178 840 396 344 55
      CMC         516 160 666 790 203 856 737 473 290 778 311 94 804 61 223 482 339 488 11 259
                  185 545 399 76 253 792 233 248 378 678 751 142 524 355 103 114
      MIXED       516 485 10 240 625 4 49 790 96 608 816 162 173 170 202 93 61 556 322 615 609
                  768 310 58 223 235 82 753 431 705 623 488 252 715 502 667 571 851 229 22 358
                  821 43 545 572 796 262 349 343 249 209 634 428 304 363 750 451 573 195 845 813
                  452 156 247 601 199 119 441 189 270 650 543 685 823 862 659 562 618 193 720
                  700 606 508 881 605 552 303 728 234 178 772 559 50 578 480 602 396 45 344 770
                  759 38 507 148 120 106 421 158 766 707 55 346 587 771 603
      WEEKEND     516 160 485 10 666 240 271 49 598 737

*** WARNING
  Data set contains cases with missing on x-variables.
  These cases were not included in the analysis.
  Number of cases with missing on x-variables:  6757
   5 WARNING(S) FOUND IN THE INPUT INSTRUCTIONS



Analysis 2+3

SUMMARY OF ANALYSIS

Number of groups                                                 1
Number of observations                                       58456

Number of dependent variables                                    4
Number of independent variables                                  2
Number of continuous latent variables                            3

Observed dependent variables

  Continuous
   WORRIED     FTF         CMC         MIXED

Observed independent variables
   WEEKEND     A

Continuous latent variables
   S1          S2          S3

Variables with special functions

  Cluster variable      ID

  Within variables
   WEEKEND

  Between variables
   A

  Centering (GRANDMEAN)
   A


Estimator                                                    BAYES
Specifications for Bayesian Estimation
  Point estimate                                            MEDIAN
  Number of Markov chain Monte Carlo (MCMC) chains               2
  Random seed for the first chain                                0
  Starting value information                           UNPERTURBED
  Algorithm used for Markov chain Monte Carlo           GIBBS(PX1)
  Convergence criterion                                  0.500D-01
  Maximum number of iterations                               50000
  K-th iteration used for thinning                               1

Input data file(s)
  analysis2_S3.dat
Input data format  FREE


SUMMARY OF DATA

     Number of clusters                        759

       Size (s)    Cluster ID with Size s

          1        63 279 477 756 787
          3        516
          4        160
          5        485 10
          6        666 240 625
          7        271 4 49 790
          8        96
          9        608
         12        203
         13        280 405 369 816 820 856
         15        701
         16        598 737 302
         18        473 806 162 761
         19        555 880
         20        844 238
         23        846 290 173
         24        52
         27        558
         28        152
         29        170
         31        778
         32        689
         33        311
         35        131 94
         36        804
         40        321 888
         41        564 183 202 93 510
         42        306
         44        651
         45        722 413 374
         46        61 556 887 316
         47        797 669
         48        322
         49        615 295 491 424 336 609
         50        83
         51        474 671 90 848 269
         53        176 376 236 21
         54        20 67
         55        768 310 533
         56        611 352 58 223
         57        168 337 547 467
         58        635 274 472 99 314 163 445 551 235 494 703 704 463
         59        370 749 19 499 831
         60        5 781 760 817 179
         61        656 663 814 82 2 164 296 462 482
         62        871 401
         63        721 263 85 434 872 110 877 738 495
         64        285 640 600 371 753 105 431 705 592 339 825 623 835
                   595
         65        97 698 488 133 492 630 252 715 672 680 379 732 391
         66        643 375 250 11 259 706 850 502 716 667 46 146 571 8
                   629 214 532
         67        367 135 244 221 185 332 851 225 229 380 695 812 501
                   22 118 6 31
         68        470 432 358 858 821 319 69 368 662 752 204 66 729
         69        43 241 545 416 281 758 29 80 227 125 565 647 261 572
                   793 796 262 157 381 349 399 14 72
         70        343 132 293 354 18 243 805 75 523 249 670 209 717 769
                   76 542 39 692
         71        788 253 258 522 200 439 340 712 239 634 231 719 308
                   324 177 779 731 429
         72        839 745 645 428 718 610 277 222 810 286 276 408 304
                   733 784 291 834 348
         73        792 363 750 233 111 534 496 808 188 863 866 403 33 325
                   88 362 560 785 829 451 490 567
         74        248 573 230 282 620 652 528 195 509 228 845 813 452
                   727 192 265
         75        854 557 400 475 529 138 479 81 317 215 762 665 123 13
                   37 783
         76        415 378 668 417 156 260 268 713 678 127 683 622 754
                   247 876 539 518 301 882 697 633 699
         77        691 791 596 531 765 800 739 254 520 382 660 751 142
                   471 636
         78        100 847 216 684 126 723 446 450 601 77 199 653 246 287
                   459 119 568 122 373 577 327 25 841 407 313
         79        305 357 646 430 869 734 1 585 497 165 95 330 57 486
                   884 441 101
         80        626 627 347 333 117 64 419 182 747 612 189 191 220 569
                   289 682
         81        315 270 115 566 505 714 582 161 794 394
         82        318 440 621 448 650 543 685 624 498 409
         83        384 823 862 795 350 524 830 525 351 53 36 3 155 677
                   47 655 447 755 883 659 481 535 273
         84        237 584 562 618 860 586 312 187 356 483 26 193 777 836
                   838 145 657 632 210 212 849 815 213
         85        84 256 536 92 420 51 720 194 412 619 513 453
         86        631 604 257 515 798 298 700 599 819 89 519
         87        54 386 606 328 323 137 331 41 886 614 219
         88        853 554 818 353 124 594 24 28
         89        514 508 546 676 628 881 803 639 159 423 377 153 607
         90        167 335 605 740 552 744 303 589 855 42 843
         91        414 198 613 654 728 411 299 234
         92        178 772 425 130 506 559 809 444 264
         93        726 232 32 548 251 147 461 780 50 300
         94        443 454 578 579 68 681 694 9 480
         95        637 833 597 690 837 602
         96        266 275 65 397
         97        840 489 763 190 98 15 708 396 292 278 865
         98        59 141 102 364 390 338 393
         99        842 767 775 561 458 143
        100        34 45 511 181 344 770 345 549 128
        101        469
        102        500 186 476 746 402 757 388 759 38
        103        62 644 642
        104        507 426 107 71 782 245 465 171 385 648
        105        74 255 87
        106        148 774 226 827 27
        107        272 427 658 730 591
        108        517 437 120
        109        355 824 267 151 109 217
        110        398 570 106
        111        421
        112        487 674 675 580 158 174 12 341
        113        864 154 484 418
        114        360 172 103
        115        372 766 283 73 521 707
        116        129 406 686
        117        588 114 55 449 346 679 587
        118        776 826 208
        119        307
        121        40
        122        687
        124        748 563 16
        125        436 140
        127        366 180
        128        861
        130        553 711 743
        132        771
        134        801
        135        764
        138        807
        143        873
        144        603
        145        218
        151        664
        152        530
        159        709



COVARIANCE COVERAGE OF DATA

Minimum covariance coverage value   0.100

     Number of missing data patterns             2


     PROPORTION OF DATA PRESENT


           Covariance Coverage
              WORRIED       FTF           CMC           MIXED         WEEKEND
              ________      ________      ________      ________      ________
 WORRIED        0.994
 FTF            0.994         1.000
 CMC            0.994         1.000         1.000
 MIXED          0.994         1.000         1.000         1.000
 WEEKEND        0.994         1.000         1.000         1.000         1.000
 A              0.994         1.000         1.000         1.000         1.000


           Covariance Coverage
              A
              ________
 A              1.000



UNIVARIATE SAMPLE STATISTICS


     UNIVARIATE HIGHER-ORDER MOMENT DESCRIPTIVE STATISTICS

         Variable/         Mean/     Skewness/   Minimum/ % with                Percentiles
        Sample Size      Variance    Kurtosis    Maximum  Min/Max      20%/60%    40%/80%    Median

     WORRIED               1.789       0.947       1.000   47.86%       1.000      1.000      2.000
           58130.000       0.832      -0.045       4.000    6.55%       2.000      3.000
     FTF                   0.208       1.439       0.000   79.20%       0.000      0.000      0.000
           58456.000       0.165       0.071       1.000   20.80%       0.000      1.000
     CMC                   0.128       2.225       0.000   87.19%       0.000      0.000      0.000
           58456.000       0.112       2.952       1.000   12.81%       0.000      0.000
     MIXED                 0.143       2.039       0.000   85.69%       0.000      0.000      0.000
           58456.000       0.123       2.156       1.000   14.31%       0.000      0.000
     WEEKEND               0.268       1.049       0.000   73.23%       0.000      0.000      0.000
           58456.000       0.196      -0.899       1.000   26.77%       0.000      1.000
     A                     0.000      -0.390      -2.142    0.13%      -0.475     -0.142      0.025
             759.000       0.342      -0.137       1.275    0.26%       0.191      0.525


THE MODEL ESTIMATION TERMINATED NORMALLY

     USE THE FBITERATIONS OPTION TO INCREASE THE NUMBER OF ITERATIONS BY A FACTOR
     OF AT LEAST TWO TO CHECK CONVERGENCE AND THAT THE PSR VALUE DOES NOT INCREASE.



MODEL FIT INFORMATION

Number of Free Parameters                              32

Information Criteria

          Deviance (DIC)                       238757.409
          Estimated Number of Parameters (pD)    3364.374



MODEL RESULTS

                                Posterior  One-Tailed         95% C.I.
                    Estimate       S.D.      P-Value   Lower 2.5%  Upper 2.5%  Significance

Within Level

 WORRIED    ON
    WEEKEND           -0.215       0.007      0.000      -0.228      -0.202      *

 Variances
    FTF                0.145       0.001      0.000       0.144       0.147      *
    CMC                0.099       0.001      0.000       0.098       0.100      *
    MIXED              0.093       0.001      0.000       0.092       0.094      *

 Residual Variances
    WORRIED            0.499       0.003      0.000       0.493       0.504      *

Between Level

 S1         ON
    A                  0.005       0.017      0.382      -0.027       0.038

 S2         ON
    A                 -0.008       0.023      0.368      -0.053       0.037

 S3         ON
    A                 -0.031       0.024      0.098      -0.079       0.017

 WORRIED    ON
    FTF               -0.332       0.168      0.022      -0.664      -0.010      *
    CMC                0.224       0.207      0.143      -0.196       0.618
    MIXED             -0.031       0.125      0.403      -0.277       0.212
    A                 -0.039       0.036      0.139      -0.111       0.030

 WORRIED  WITH
    S1                -0.022       0.006      0.000      -0.034      -0.011      *
    S2                -0.006       0.007      0.204      -0.021       0.008
    S3                -0.026       0.008      0.001      -0.043      -0.011      *

 S1       WITH
    S2                 0.005       0.004      0.086      -0.002       0.012
    S3                 0.018       0.004      0.000       0.011       0.027      *

 S2       WITH
    S3                 0.024       0.005      0.000       0.015       0.035      *

 Means
    FTF                0.209       0.005      0.000       0.198       0.220      *
    CMC                0.128       0.004      0.000       0.119       0.136      *
    MIXED              0.144       0.006      0.000       0.132       0.157      *

 Intercepts
    WORRIED            1.902       0.058      0.000       1.791       2.017      *
    S1                -0.064       0.010      0.000      -0.084      -0.045      *
    S2                 0.019       0.013      0.075      -0.006       0.044
    S3                 0.006       0.014      0.345      -0.022       0.033

 Variances
    FTF                0.019       0.001      0.000       0.017       0.021      *
    CMC                0.012       0.001      0.000       0.011       0.014      *
    MIXED              0.030       0.002      0.000       0.027       0.033      *

 Residual Variances
    WORRIED            0.322       0.017      0.000       0.289       0.358      *
    S1                 0.017       0.004      0.000       0.011       0.025      *
    S2                 0.036       0.006      0.000       0.026       0.048      *
    S3                 0.048       0.007      0.000       0.035       0.063      *


STANDARDIZED MODEL RESULTS


STDYX Standardization

                                Posterior  One-Tailed         95% C.I.
                    Estimate       S.D.      P-Value   Lower 2.5%  Upper 2.5%  Significance

Within-Level Standardized Estimates Averaged Over Clusters

 S1 | WORRIED ON
    FTF               -0.034       0.005      0.000      -0.042      -0.024      *

 S2 | WORRIED ON
    CMC                0.008       0.005      0.038      -0.001       0.018

 S3 | WORRIED ON
    MIXED              0.003       0.005      0.268      -0.007       0.012

 WORRIED    ON
    WEEKEND           -0.128       0.004      0.000      -0.136      -0.120      *

 Variances
    FTF                1.000       0.000      0.000       1.000       1.000
    CMC                1.000       0.000      0.000       1.000       1.000
    MIXED              1.000       0.000      0.000       1.000       1.000

 Residual Variances
    WORRIED            0.962       0.002      0.000       0.958       0.966      *

Between Level

 S1         ON
    A                  0.017       0.053      0.382      -0.087       0.122

 S2         ON
    A                 -0.017       0.050      0.368      -0.116       0.079

 S3         ON
    A                 -0.059       0.046      0.098      -0.149       0.032

 WORRIED    ON
    FTF               -0.081       0.041      0.022      -0.160      -0.002      *
    CMC                0.044       0.040      0.143      -0.038       0.122
    MIXED             -0.009       0.038      0.403      -0.083       0.063
    A                 -0.028       0.026      0.139      -0.081       0.022

 WORRIED  WITH
    S1                -0.296       0.076      0.000      -0.446      -0.148      *
    S2                -0.057       0.068      0.204      -0.193       0.076
    S3                -0.214       0.063      0.001      -0.335      -0.086      *

 S1       WITH
    S2                 0.196       0.138      0.086      -0.098       0.449
    S3                 0.636       0.093      0.000       0.443       0.809      *

 S2       WITH
    S3                 0.590       0.091      0.000       0.391       0.754      *

 Means
    FTF                1.510       0.058      0.000       1.397       1.622      *
    CMC                1.147       0.051      0.000       1.045       1.247      *
    MIXED              0.838       0.044      0.000       0.752       0.924      *

 Intercepts
    WORRIED            3.332       0.131      0.000       3.068       3.581      *
    S1                -0.488       0.090      0.000      -0.676      -0.325      *
    S2                 0.102       0.069      0.075      -0.033       0.238
    S3                 0.026       0.065      0.345      -0.099       0.152

 Variances
    FTF                1.000       0.000      0.000       1.000       1.000
    CMC                1.000       0.000      0.000       1.000       1.000
    MIXED              1.000       0.000      0.000       1.000       1.000

 Residual Variances
    WORRIED            0.987       0.008      0.000       0.967       0.997      *
    S1                 0.999       0.004      0.000       0.984       1.000      *
    S2                 0.999       0.004      0.000       0.986       1.000      *
    S3                 0.996       0.006      0.000       0.978       1.000      *


STDY Standardization

                                Posterior  One-Tailed         95% C.I.
                    Estimate       S.D.      P-Value   Lower 2.5%  Upper 2.5%  Significance

Within-Level Standardized Estimates Averaged Over Clusters

 S1 | WORRIED ON
    FTF               -0.034       0.005      0.000      -0.042      -0.024      *

 S2 | WORRIED ON
    CMC                0.008       0.005      0.038      -0.001       0.018

 S3 | WORRIED ON
    MIXED              0.003       0.005      0.268      -0.007       0.012

 WORRIED    ON
    WEEKEND           -0.299       0.009      0.000      -0.317      -0.281      *

 Variances
    FTF                1.000       0.000      0.000       1.000       1.000
    CMC                1.000       0.000      0.000       1.000       1.000
    MIXED              1.000       0.000      0.000       1.000       1.000

 Residual Variances
    WORRIED            0.962       0.002      0.000       0.958       0.966      *

Between Level

 S1         ON
    A                  0.040       0.129      0.382      -0.210       0.293

 S2         ON
    A                 -0.041       0.120      0.368      -0.280       0.190

 S3         ON
    A                 -0.142       0.110      0.098      -0.359       0.078

 WORRIED    ON
    FTF               -0.081       0.041      0.022      -0.160      -0.002      *
    CMC                0.044       0.040      0.143      -0.038       0.122
    MIXED             -0.009       0.038      0.403      -0.083       0.063
    A                 -0.068       0.063      0.139      -0.195       0.053

 WORRIED  WITH
    S1                -0.296       0.076      0.000      -0.446      -0.148      *
    S2                -0.057       0.068      0.204      -0.193       0.076
    S3                -0.214       0.063      0.001      -0.335      -0.086      *

 S1       WITH
    S2                 0.196       0.138      0.086      -0.098       0.449
    S3                 0.636       0.093      0.000       0.443       0.809      *

 S2       WITH
    S3                 0.590       0.091      0.000       0.391       0.754      *

 Means
    FTF                1.510       0.058      0.000       1.397       1.622      *
    CMC                1.147       0.051      0.000       1.045       1.247      *
    MIXED              0.838       0.044      0.000       0.752       0.924      *

 Intercepts
    WORRIED            3.332       0.131      0.000       3.068       3.581      *
    S1                -0.488       0.090      0.000      -0.676      -0.325      *
    S2                 0.102       0.069      0.075      -0.033       0.238
    S3                 0.026       0.065      0.345      -0.099       0.152

 Variances
    FTF                1.000       0.000      0.000       1.000       1.000
    CMC                1.000       0.000      0.000       1.000       1.000
    MIXED              1.000       0.000      0.000       1.000       1.000

 Residual Variances
    WORRIED            0.987       0.008      0.000       0.967       0.997      *
    S1                 0.999       0.004      0.000       0.984       1.000      *
    S2                 0.999       0.004      0.000       0.986       1.000      *
    S3                 0.996       0.006      0.000       0.978       1.000      *


R-SQUARE

Within-Level R-Square Averaged Across Clusters

                                Posterior  One-Tailed         95% C.I.
    Variable        Estimate       S.D.      P-Value   Lower 2.5%  Upper 2.5%

    WORRIED            0.038       0.002      0.000       0.034       0.042

Between Level

                                Posterior  One-Tailed         95% C.I.
    Variable        Estimate       S.D.      P-Value   Lower 2.5%  Upper 2.5%

    WORRIED            0.013       0.008      0.000       0.003       0.033

                                Posterior  One-Tailed         95% C.I.
    Variable        Estimate       S.D.      P-Value   Lower 2.5%  Upper 2.5%

    S1                 0.001       0.004      0.000       0.000       0.016
    S2                 0.001       0.004      0.000       0.000       0.014
    S3                 0.004       0.006      0.000       0.000       0.022


TECHNICAL 1 OUTPUT


     PARAMETER SPECIFICATION FOR WITHIN


           NU
              WORRIED       FTF           CMC           MIXED         WEEKEND
              ________      ________      ________      ________      ________
                    0             0             0             0             0


           LAMBDA
              WORRIED       FTF           CMC           MIXED         WEEKEND
              ________      ________      ________      ________      ________
 WORRIED            0             0             0             0             0
 FTF                0             0             0             0             0
 CMC                0             0             0             0             0
 MIXED              0             0             0             0             0
 WEEKEND            0             0             0             0             0


           THETA
              WORRIED       FTF           CMC           MIXED         WEEKEND
              ________      ________      ________      ________      ________
 WORRIED            0
 FTF                0             0
 CMC                0             0             0
 MIXED              0             0             0             0
 WEEKEND            0             0             0             0             0


           ALPHA
              WORRIED       FTF           CMC           MIXED         WEEKEND
              ________      ________      ________      ________      ________
                    0             0             0             0             0


           BETA
              WORRIED       FTF           CMC           MIXED         WEEKEND
              ________      ________      ________      ________      ________
 WORRIED            0             0             0             0             1
 FTF                0             0             0             0             0
 CMC                0             0             0             0             0
 MIXED              0             0             0             0             0
 WEEKEND            0             0             0             0             0


           PSI
              WORRIED       FTF           CMC           MIXED         WEEKEND
              ________      ________      ________      ________      ________
 WORRIED            2
 FTF                0             3
 CMC                0             0             4
 MIXED              0             0             0             5
 WEEKEND            0             0             0             0             0


     PARAMETER SPECIFICATION FOR BETWEEN


           NU
              WORRIED       FTF           CMC           MIXED         A
              ________      ________      ________      ________      ________
                    0             0             0             0             0


           LAMBDA
              S1            S2            S3            WORRIED       FTF
              ________      ________      ________      ________      ________
 WORRIED            0             0             0             0             0
 FTF                0             0             0             0             0
 CMC                0             0             0             0             0
 MIXED              0             0             0             0             0
 A                  0             0             0             0             0


           LAMBDA
              CMC           MIXED         A
              ________      ________      ________
 WORRIED            0             0             0
 FTF                0             0             0
 CMC                0             0             0
 MIXED              0             0             0
 A                  0             0             0


           THETA
              WORRIED       FTF           CMC           MIXED         A
              ________      ________      ________      ________      ________
 WORRIED            0
 FTF                0             0
 CMC                0             0             0
 MIXED              0             0             0             0
 A                  0             0             0             0             0


           ALPHA
              S1            S2            S3            WORRIED       FTF
              ________      ________      ________      ________      ________
                    6             7             8             9            10


           ALPHA
              CMC           MIXED         A
              ________      ________      ________
                   11            12             0


           BETA
              S1            S2            S3            WORRIED       FTF
              ________      ________      ________      ________      ________
 S1                 0             0             0             0             0
 S2                 0             0             0             0             0
 S3                 0             0             0             0             0
 WORRIED            0             0             0             0            16
 FTF                0             0             0             0             0
 CMC                0             0             0             0             0
 MIXED              0             0             0             0             0
 A                  0             0             0             0             0


           BETA
              CMC           MIXED         A
              ________      ________      ________
 S1                 0             0            13
 S2                 0             0            14
 S3                 0             0            15
 WORRIED           17            18            19
 FTF                0             0             0
 CMC                0             0             0
 MIXED              0             0             0
 A                  0             0             0


           PSI
              S1            S2            S3            WORRIED       FTF
              ________      ________      ________      ________      ________
 S1                20
 S2                21            22
 S3                23            24            25
 WORRIED           26            27            28            29
 FTF                0             0             0             0            30
 CMC                0             0             0             0             0
 MIXED              0             0             0             0             0
 A                  0             0             0             0             0


           PSI
              CMC           MIXED         A
              ________      ________      ________
 CMC               31
 MIXED              0            32
 A                  0             0             0


     STARTING VALUES FOR WITHIN


           NU
              WORRIED       FTF           CMC           MIXED         WEEKEND
              ________      ________      ________      ________      ________
                0.000         0.000         0.000         0.000         0.000


           LAMBDA
              WORRIED       FTF           CMC           MIXED         WEEKEND
              ________      ________      ________      ________      ________
 WORRIED        1.000         0.000         0.000         0.000         0.000
 FTF            0.000         1.000         0.000         0.000         0.000
 CMC            0.000         0.000         1.000         0.000         0.000
 MIXED          0.000         0.000         0.000         1.000         0.000
 WEEKEND        0.000         0.000         0.000         0.000         1.000


           THETA
              WORRIED       FTF           CMC           MIXED         WEEKEND
              ________      ________      ________      ________      ________
 WORRIED        0.000
 FTF            0.000         0.000
 CMC            0.000         0.000         0.000
 MIXED          0.000         0.000         0.000         0.000
 WEEKEND        0.000         0.000         0.000         0.000         0.000


           ALPHA
              WORRIED       FTF           CMC           MIXED         WEEKEND
              ________      ________      ________      ________      ________
                0.000         0.000         0.000         0.000         0.000


           BETA
              WORRIED       FTF           CMC           MIXED         WEEKEND
              ________      ________      ________      ________      ________
 WORRIED        0.000         0.000         0.000         0.000         0.000
 FTF            0.000         0.000         0.000         0.000         0.000
 CMC            0.000         0.000         0.000         0.000         0.000
 MIXED          0.000         0.000         0.000         0.000         0.000
 WEEKEND        0.000         0.000         0.000         0.000         0.000


           PSI
              WORRIED       FTF           CMC           MIXED         WEEKEND
              ________      ________      ________      ________      ________
 WORRIED        0.416
 FTF            0.000         0.082
 CMC            0.000         0.000         0.056
 MIXED          0.000         0.000         0.000         0.061
 WEEKEND        0.000         0.000         0.000         0.000         0.098


     STARTING VALUES FOR BETWEEN


           NU
              WORRIED       FTF           CMC           MIXED         A
              ________      ________      ________      ________      ________
                0.000         0.000         0.000         0.000         0.000


           LAMBDA
              S1            S2            S3            WORRIED       FTF
              ________      ________      ________      ________      ________
 WORRIED        0.000         0.000         0.000         1.000         0.000
 FTF            0.000         0.000         0.000         0.000         1.000
 CMC            0.000         0.000         0.000         0.000         0.000
 MIXED          0.000         0.000         0.000         0.000         0.000
 A              0.000         0.000         0.000         0.000         0.000


           LAMBDA
              CMC           MIXED         A
              ________      ________      ________
 WORRIED        0.000         0.000         0.000
 FTF            0.000         0.000         0.000
 CMC            1.000         0.000         0.000
 MIXED          0.000         1.000         0.000
 A              0.000         0.000         1.000


           THETA
              WORRIED       FTF           CMC           MIXED         A
              ________      ________      ________      ________      ________
 WORRIED        0.000
 FTF            0.000         0.000
 CMC            0.000         0.000         0.000
 MIXED          0.000         0.000         0.000         0.000
 A              0.000         0.000         0.000         0.000         0.000


           ALPHA
              S1            S2            S3            WORRIED       FTF
              ________      ________      ________      ________      ________
                0.000         0.000         0.000         1.789         0.208


           ALPHA
              CMC           MIXED         A
              ________      ________      ________
                0.128         0.143         0.000


           BETA
              S1            S2            S3            WORRIED       FTF
              ________      ________      ________      ________      ________
 S1             0.000         0.000         0.000         0.000         0.000
 S2             0.000         0.000         0.000         0.000         0.000
 S3             0.000         0.000         0.000         0.000         0.000
 WORRIED        0.000         0.000         0.000         0.000         0.000
 FTF            0.000         0.000         0.000         0.000         0.000
 CMC            0.000         0.000         0.000         0.000         0.000
 MIXED          0.000         0.000         0.000         0.000         0.000
 A              0.000         0.000         0.000         0.000         0.000


           BETA
              CMC           MIXED         A
              ________      ________      ________
 S1             0.000         0.000         0.000
 S2             0.000         0.000         0.000
 S3             0.000         0.000         0.000
 WORRIED        0.000         0.000         0.000
 FTF            0.000         0.000         0.000
 CMC            0.000         0.000         0.000
 MIXED          0.000         0.000         0.000
 A              0.000         0.000         0.000


           PSI
              S1            S2            S3            WORRIED       FTF
              ________      ________      ________      ________      ________
 S1             1.000
 S2             0.000         1.000
 S3             0.000         0.000         1.000
 WORRIED        0.000         0.000         0.000         0.416
 FTF            0.000         0.000         0.000         0.000         0.082
 CMC            0.000         0.000         0.000         0.000         0.000
 MIXED          0.000         0.000         0.000         0.000         0.000
 A              0.000         0.000         0.000         0.000         0.000


           PSI
              CMC           MIXED         A
              ________      ________      ________
 CMC            0.056
 MIXED          0.000         0.061
 A              0.000         0.000         0.172



     PRIORS FOR ALL PARAMETERS            PRIOR MEAN      PRIOR VARIANCE     PRIOR STD. DEV.

     Parameter 1~N(0.000,infinity)           0.0000            infinity            infinity
     Parameter 2~IG(-1.000,0.000)          infinity            infinity            infinity
     Parameter 3~IG(-1.000,0.000)          infinity            infinity            infinity
     Parameter 4~IG(-1.000,0.000)          infinity            infinity            infinity
     Parameter 5~IG(-1.000,0.000)          infinity            infinity            infinity
     Parameter 6~N(0.000,infinity)           0.0000            infinity            infinity
     Parameter 7~N(0.000,infinity)           0.0000            infinity            infinity
     Parameter 8~N(0.000,infinity)           0.0000            infinity            infinity
     Parameter 9~N(0.000,infinity)           0.0000            infinity            infinity
     Parameter 10~N(0.000,infinity)          0.0000            infinity            infinity
     Parameter 11~N(0.000,infinity)          0.0000            infinity            infinity
     Parameter 12~N(0.000,infinity)          0.0000            infinity            infinity
     Parameter 13~N(0.000,infinity)          0.0000            infinity            infinity
     Parameter 14~N(0.000,infinity)          0.0000            infinity            infinity
     Parameter 15~N(0.000,infinity)          0.0000            infinity            infinity
     Parameter 16~N(0.000,infinity)          0.0000            infinity            infinity
     Parameter 17~N(0.000,infinity)          0.0000            infinity            infinity
     Parameter 18~N(0.000,infinity)          0.0000            infinity            infinity
     Parameter 19~N(0.000,infinity)          0.0000            infinity            infinity
     Parameter 20~IW(0.000,-5)             infinity            infinity            infinity
     Parameter 21~IW(0.000,-5)             infinity            infinity            infinity
     Parameter 22~IW(0.000,-5)             infinity            infinity            infinity
     Parameter 23~IW(0.000,-5)             infinity            infinity            infinity
     Parameter 24~IW(0.000,-5)             infinity            infinity            infinity
     Parameter 25~IW(0.000,-5)             infinity            infinity            infinity
     Parameter 26~IW(0.000,-5)             infinity            infinity            infinity
     Parameter 27~IW(0.000,-5)             infinity            infinity            infinity
     Parameter 28~IW(0.000,-5)             infinity            infinity            infinity
     Parameter 29~IW(0.000,-5)             infinity            infinity            infinity
     Parameter 30~IG(-1.000,0.000)         infinity            infinity            infinity
     Parameter 31~IG(-1.000,0.000)         infinity            infinity            infinity
     Parameter 32~IG(-1.000,0.000)         infinity            infinity            infinity


TECHNICAL 8 OUTPUT


   TECHNICAL 8 OUTPUT FOR BAYES ESTIMATION

     CHAIN    BSEED
     1        0
     2        285380

                     POTENTIAL       PARAMETER WITH
     ITERATION    SCALE REDUCTION      HIGHEST PSR
     100              1.226               13
     200              1.147               27
     300              1.053               24
     400              1.044               7
     500              1.048               22
     600              1.075               14
     700              1.096               14
     800              1.119               15
     900              1.061               15
     1000             1.101               15
     1100             1.045               6
     1200             1.053               6
     1300             1.038               6
     1400             1.055               6
     1500             1.062               6
     1600             1.055               6
     1700             1.041               6
     1800             1.029               6
     1900             1.029               8
     2000             1.021               8
     2100             1.015               14
     2200             1.021               14
     2300             1.023               8
     2400             1.023               14
     2500             1.029               14
     2600             1.030               14
     2700             1.022               14
     2800             1.016               14
     2900             1.014               8
     3000             1.016               8
     3100             1.014               8
     3200             1.009               8
     3300             1.010               8
     3400             1.006               8
     3500             1.008               8
     3600             1.004               8
     3700             1.004               23
     3800             1.004               24
     3900             1.005               25
     4000             1.003               8
     4100             1.004               8
     4200             1.006               8
     4300             1.006               8
     4400             1.007               8
     4500             1.006               8
     4600             1.003               8
     4700             1.002               8
     4800             1.002               8
     4900             1.002               8
     5000             1.004               8
     5100             1.004               8
     5200             1.004               8
     5300             1.005               8
     5400             1.005               8
     5500             1.005               8
     5600             1.007               8
     5700             1.009               8
     5800             1.008               8
     5900             1.006               8
     6000             1.005               8
     6100             1.005               8
     6200             1.005               8
     6300             1.005               8
     6400             1.004               8
     6500             1.003               25
     6600             1.002               25
     6700             1.003               8
     6800             1.004               8
     6900             1.003               8
     7000             1.003               8
     7100             1.004               8
     7200             1.003               8
     7300             1.003               8
     7400             1.002               8
     7500             1.001               24
     7600             1.002               24
     7700             1.002               24
     7800             1.002               24
     7900             1.002               24
     8000             1.002               24
     8100             1.003               24
     8200             1.003               24
     8300             1.003               24
     8400             1.003               24
     8500             1.004               24
     8600             1.004               24
     8700             1.003               24
     8800             1.003               24
     8900             1.002               24
     9000             1.002               24
     9100             1.003               13
     9200             1.003               13
     9300             1.004               13
     9400             1.003               13
     9500             1.003               13
     9600             1.003               13
     9700             1.003               13
     9800             1.004               13
     9900             1.002               13
     10000            1.002               13


     Beginning Time:  18:03:28
        Ending Time:  18:14:21
       Elapsed Time:  00:10:53



MUTHEN & MUTHEN
3463 Stoner Ave.
Los Angeles, CA  90066

Tel: (310) 391-9971
Fax: (310) 391-8971
Web: www.StatModel.com
Support: Support@StatModel.com

Copyright (c) 1998-2020 Muthen & Muthen
