Mplus VERSION 8.5 (Mac)
MUTHEN & MUTHEN
03/16/2022  12:21 AM

INPUT INSTRUCTIONS

  TITLE: Analysis 2+3
  DATA: FILE = analysis2_S1.dat;
  VARIABLE:
  NAMES = ID WB content stressed lonely
  FTF CMC mixed
  E A C N O gender ethnicity SES weekend;
  USEVARIABLES = WB
  FTF CMC mixed
  weekend gender ethnicity SES;
  CLUSTER = ID;
  WITHIN = weekend;
  BETWEEN = gender ethnicity SES;
  MISSING = .;
  ANALYSIS: TYPE = TWOLEVEL RANDOM; ESTIMATOR = BAYES;
  BITERATIONS = (10000); PROCESSORS = 2;
  MODEL:
  %WITHIN%
  ! Well-being is predicted by FtF interactions, the slope is random
  S1 | WB ON FTF;
  ! Well-being is predicted by CMC, the slope is random
  S2 | WB ON CMC;
  ! Well-being is predicted by mixed episodes, the slope is random
  S3 | WB ON mixed;
  ! Control for weekend
  WB ON weekend;
  %BETWEEN%
  ! Covariance between intercept and slopes
  WB S1-S3 WITH WB S1-S3;
  ! The intercept is predicted by FtF interactions
  WB ON FTF;
  ! The intercept is predicted by CMC
  WB ON CMC;
  ! The intercept is predicted by mixed episodes
  WB ON mixed;
  ! Control for demographic variables
  WB ON gender ethnicity SES;
  OUTPUT: STDYX STDY TECH8;



*** WARNING in VARIABLE command
  Note that only the first 8 characters of variable names are used in the output.
  Shorten variable names to avoid any confusion.
*** WARNING in MODEL command
  In the MODEL command, the x variable on the WITHIN level has been turned into a
  y variable to enable latent variable decomposition.  This variable will be treated
  as a y-variable on both levels:  FTF
*** WARNING in MODEL command
  In the MODEL command, the x variable on the WITHIN level has been turned into a
  y variable to enable latent variable decomposition.  This variable will be treated
  as a y-variable on both levels:  CMC
*** WARNING in MODEL command
  In the MODEL command, the x variable on the WITHIN level has been turned into a
  y variable to enable latent variable decomposition.  This variable will be treated
  as a y-variable on both levels:  MIXED
*** WARNING
  One or more individual-level variables have no variation within a
  cluster for the following clusters.

     Variable   Cluster IDs with no within-cluster variation

      WB          972 460 831
      FTF         460 127 1181 1387 1006 181 183 16 775 938 46 942 304 380 132 130 771 1379 550
                  1312 660 946 426 147 1027 201
      CMC         972 460 127 1181 1387 181 16 775 1116 413 1123 811 264 846 278 39 175 831 715
                  1084 1048 387 638 1305 766 296 1022 277 1023 614 886 1363 608 1325 205 236
      MIXED       75 460 127 1167 1387 181 16 775 938 587 637 1035 1248 304 1290 389 645 567 118
                  64 811 1033 709 951 794 941 468 458 747 654 309 935 88 499 1051 928 818 831
                  485 1159 261 1094 73 896 225 83 473 123 301 1199 1213 281 615 350 607 882 1354
                  311 312 1269 495 638 563 1108 570 581 1305 31 1300 217 397 221 98 238 1361 272
                  111 1287 1340 1042 553 166 230 162 228 1022 1164 200 736 1239 723 187 523 362
                  1288 886 383 306 1363 510 224 852 1342 1349 1228 140 1397 865 372 1214 539 1232
                  592 573 1292 822 779 1325 236 1029 1356 404 122 582 651 254
      WEEKEND     75 972 127 1167 1387 717 183 16 938 587 46 1348 1123 389 7 771 1149 117 850
                  433 868 1389 607 99

*** WARNING
  Data set contains cases with missing on x-variables.
  These cases were not included in the analysis.
  Number of cases with missing on x-variables:  13556
   6 WARNING(S) FOUND IN THE INPUT INSTRUCTIONS



Analysis 2+3

SUMMARY OF ANALYSIS

Number of groups                                                 1
Number of observations                                       32853

Number of dependent variables                                    4
Number of independent variables                                  4
Number of continuous latent variables                            3

Observed dependent variables

  Continuous
   WB          FTF         CMC         MIXED

Observed independent variables
   WEEKEND     GENDER      ETHNICIT    SES

Continuous latent variables
   S1          S2          S3

Variables with special functions

  Cluster variable      ID

  Within variables
   WEEKEND

  Between variables
   GENDER      ETHNICIT    SES


Estimator                                                    BAYES
Specifications for Bayesian Estimation
  Point estimate                                            MEDIAN
  Number of Markov chain Monte Carlo (MCMC) chains               2
  Random seed for the first chain                                0
  Starting value information                           UNPERTURBED
  Algorithm used for Markov chain Monte Carlo           GIBBS(PX1)
  Convergence criterion                                  0.500D-01
  Maximum number of iterations                               50000
  K-th iteration used for thinning                               1

Input data file(s)
  analysis2_S1.dat
Input data format  FREE


SUMMARY OF DATA

     Number of clusters                        941

       Size (s)    Cluster ID with Size s

          1        21 27 45 669 768 1010
          2        75 972 460
          3        127 1167 1181 1387
          4        717 1006 181 183 16 775 167 938
          5        1116 587
          6        46 722 637 413 1348 1035
          7        1123 1248 942
          8        304 424 1290
          9        476 92 389 959
         10        524 645 567 569 849 380
         11        118 64 811 132 988 1373 1169
         12        1168 1203 1033 998 33
         13        709 967 1154 1326 153 951 456
         14        130 264 1278 877 7 1007 771 466 794
         15        922 846 941 468
         16        1055 332 115 1209 278 825 1379 1149 458
         17        550 589 599 605 117 613 1171 747 5 913
         18        421 60 652 1262 653 654 1059 559 1080 451 357 1391
         19        443 17 850 309 365 732 910 992 1198 55 1208 160 1014
                   433
         20        522 1099 935 1122 1133 1144 325 49 535 792 1312 860
                   609 14 805 1062 518 629 1205 1081
         21        1070 660 39 175 1193 320 291 359 88 1371 868 499 1051
                   803
         22        1121 1013 928 818 630 831 485 1159 715 11 719 727 1317
                   66 977 345 261 1094 628
         23        1118 734 207 73 870 1142 1275 896 1056 514 1067 176
                   1004 718 1197 841 30 540
         24        961 1259 1084 966 86 551 322 1106 1183 1191 743 225
                   83 1127 600 674 24
         25        1048 864 800 473 730 606 661 218 622 1182 123 683 1192
                   699 391 707 57 191 367 854 239
         26        627 301 91 1096 1032 889 269 76 316 452 1199 773 260
                   1330 1336 455 1346 216 1212 1213 282 506 946 1389
         27        258 105 783 597 281 446 100 489 615 1131 300 819 268
                   1152 1236 826 350 353
         28        169 927 346 607 126 830 1257 87 838 401 72 772 110 199
                   784 1311 714 512 632 882 1090 983 1354 114 311 312 387
                   425 232 812
         29        746 706 426 102 1269 763 1282 1111 495 769 165 902 360
                   419 672 53 168 923 929 1150 1382 638 1082 795 563
         30        640 642 375 995 1083 341 933 290 62 1093 1179 318 142
                   610 1017 1108 1114 566 147 677 957 442 1365 570 750
                   1380 480 48 1063
         31        924 801 96 444 210 581 687 1305 1207 26 410 823 620
                   38 501 789 31 1027 710 663 438 483 1041 601
         32        412 1115 178 190 1276 337 858 288 1300 237 1005 217
                   348 676 85 1318 252 397 1224 221 1238 327 307 907 909
                   1252 329 834 98 1258 576
         33        984 1109 245 987 368 1052 1053 658 690 692 844 1306
                   845 568 308 507 374 741 547 238 1087 1361 862 970 213
                   1034 448 99 242 876 1105 272 1265 1107
         34        1147 229 134 209 1332 286 748 302 753 1038 636 758 111
                   1287 728 1384 420 319 334 1136 382
         35        1234 1061 1112 339 152 639 702 939 1340 347 128 422
                   1264 1042 1368 553 184 655 824 681 1153 166
         36        564 548 23 990 139 1334 1157 1158 29 766 1277 788 189
                   577 1044 1045 943 974 1293 406 562 230
         37        682 1244 162 616 555 621 556 1324 228 813 54 1028 529
                   1132 701 820 321 1353 873 545 296 208 1215 751 711 945
                   437 177 1301
         38        861 749 572 51 1022 1319 3 1185 793 1337 724 1141 68
                   890 1369 703 898 646 119 61 815 1113
         39        20 643 976 729 1164 791 299 1216 180 129 932 384 277
                   511 965 762 1296 1297 1069 1195 390 916 1313 1315 1077
                   196
         40        1023 491 200 414 415 1125 37 736 1217 963 69 879 70
                   948 428 211 1239
         41        101 427 1172 1335 432 723 1233 1178 58 187 523 1057
                   461 863 155 324 614 833 1310 1068 243 97 362
         42        1156 1060 1307 445 930 1196 1129 931 634 804 315 688
                   503 1288 65 886 107 494 383
         43        1046 351 306 1363 510 1316 364 944 463 1031 752 89 866
                   224 215 760 603 742 852 671 82
         44        435 980 1249 1339 904 1206 32 1138 626 1359 137 693
                   519 697 835 837 430 393 585 1124 1160 1162 1281 154
                   705
         45        1260 936 666 731 212 42 608 135 695 915 848 247 161
                   1126 541 388 81 893 1101 859 488
         46        10 256 1210 1342 1344 1148 1349 971 1001 206 1187 1314
                   1227 1228 144 656 436 150 156 1104 618 878 440 267 1390
                   505 140 416 1143
         47        899 333 1341 1078 1377 477 908 201 840 358 530 872 875
                   223 552 1397
         48        759 1155 865 531 372 1016 1214 1073 539 1020 157 1327
                   1202 716 1130 1229 1232 182
         49        592 1309 901 745 1049 1015 1146 1173 836 1018 662 1079
                   1000 1285 71
         50        219 1026 536 1097 271 479 462 399 808 584 450 467 926
                   1139 588 170 131
         51        573 500 679 962 839 1292 1176 340 174 289 310 459 379
                   498 1333 921 262
         52        1345 398 1220 1100 454 832 537 313 434 822 78 233 624
                   779 1321
         53        1325 28 1002 52 738 482 694 411 797 363 205 236
         54        1381 780 881 574 596
         55        231 686 557 1383 782 449 1295 1266 2 1299 1284 1065
                   1231 735
         56        396 1029 1256 1110 659 113 1356 1357
         57        906 807 657 475 533 1223 125 991 1375 108 778 593 1076
                   561
         58        294 526 404 883 486 164 1243 925 192 1350 1351 471 1134
                   1190
         59        94 914 1304 122 366 809 955
         60        1343 1372 197
         61        582 293 1271 1298
         62        138 481 538 1102 756 1003
         63        508 249 338 1225
         64        651 1283 303 112
         65        266
         66        95
         67        270 869
         72        254



COVARIANCE COVERAGE OF DATA

Minimum covariance coverage value   0.100

     Number of missing data patterns             2


     PROPORTION OF DATA PRESENT


           Covariance Coverage
              WB            FTF           CMC           MIXED         WEEKEND
              ________      ________      ________      ________      ________
 WB             1.000
 FTF            1.000         1.000
 CMC            1.000         1.000         1.000
 MIXED          1.000         1.000         1.000         1.000
 WEEKEND        1.000         1.000         1.000         1.000         1.000
 GENDER         1.000         1.000         1.000         1.000         1.000
 ETHNICIT       1.000         1.000         1.000         1.000         1.000
 SES            1.000         1.000         1.000         1.000         1.000


           Covariance Coverage
              GENDER        ETHNICIT      SES
              ________      ________      ________
 GENDER         1.000
 ETHNICIT       1.000         1.000
 SES            1.000         1.000         1.000



UNIVARIATE SAMPLE STATISTICS


     UNIVARIATE HIGHER-ORDER MOMENT DESCRIPTIVE STATISTICS

         Variable/         Mean/     Skewness/   Minimum/ % with                Percentiles
        Sample Size      Variance    Kurtosis    Maximum  Min/Max      20%/60%    40%/80%    Median

     WB                    3.004      -0.523       1.000    0.98%       2.333      3.000      3.000
           32843.000       0.452      -0.127       4.000   10.92%       3.333      3.667
     FTF                   0.317       0.784       0.000   68.25%       0.000      0.000      0.000
           32853.000       0.217      -1.385       1.000   31.75%       0.000      1.000
     CMC                   0.245       1.186       0.000   75.50%       0.000      0.000      0.000
           32853.000       0.185      -0.594       1.000   24.50%       0.000      1.000
     MIXED                 0.207       1.445       0.000   79.29%       0.000      0.000      0.000
           32853.000       0.164       0.089       1.000   20.71%       0.000      1.000
     WEEKEND               0.254       1.129       0.000   74.59%       0.000      0.000      0.000
           32853.000       0.190      -0.724       1.000   25.41%       0.000      1.000
     GENDER                0.624      -0.511       0.000   37.62%       0.000      1.000      1.000
             941.000       0.235      -1.739       1.000   62.38%       1.000      1.000
     ETHNICITY             0.632      -0.549       0.000   36.77%       0.000      1.000      1.000
             941.000       0.232      -1.699       1.000   63.23%       1.000      1.000
     SES                   0.864      -2.123       0.000   13.60%       1.000      1.000      1.000
             941.000       0.118       2.509       1.000   86.40%       1.000      1.000


THE MODEL ESTIMATION TERMINATED NORMALLY

     USE THE FBITERATIONS OPTION TO INCREASE THE NUMBER OF ITERATIONS BY A FACTOR
     OF AT LEAST TWO TO CHECK CONVERGENCE AND THAT THE PSR VALUE DOES NOT INCREASE.



MODEL FIT INFORMATION

Number of Free Parameters                              31

Information Criteria

          Deviance (DIC)                       150200.132
          Estimated Number of Parameters (pD)    3957.447



MODEL RESULTS

                                Posterior  One-Tailed         95% C.I.
                    Estimate       S.D.      P-Value   Lower 2.5%  Upper 2.5%  Significance

Within Level

 WB         ON
    WEEKEND            0.091       0.006      0.000       0.079       0.104      *

 Variances
    FTF                0.192       0.002      0.000       0.189       0.195      *
    CMC                0.162       0.001      0.000       0.160       0.165      *
    MIXED              0.137       0.001      0.000       0.135       0.139      *

 Residual Variances
    WB                 0.237       0.002      0.000       0.233       0.241      *

Between Level

 WB         ON
    FTF                0.167       0.150      0.128      -0.125       0.464
    CMC               -0.246       0.140      0.038      -0.520       0.021
    MIXED              0.304       0.119      0.005       0.071       0.538      *
    GENDER             0.003       0.032      0.463      -0.059       0.065
    ETHNICITY         -0.062       0.032      0.027      -0.125       0.001
    SES               -0.018       0.044      0.337      -0.105       0.069

 WB       WITH
    S1                -0.027       0.005      0.000      -0.037      -0.017      *
    S2                -0.009       0.005      0.041      -0.019       0.001
    S3                -0.027       0.006      0.000      -0.039      -0.015      *

 S1       WITH
    S2                 0.013       0.004      0.000       0.007       0.021      *
    S3                 0.033       0.004      0.000       0.025       0.042      *

 S2       WITH
    S3                 0.026       0.004      0.000       0.018       0.035      *

 Means
    FTF                0.321       0.006      0.000       0.309       0.332      *
    CMC                0.248       0.006      0.000       0.237       0.259      *
    MIXED              0.208       0.006      0.000       0.196       0.219      *
    S1                 0.211       0.011      0.000       0.190       0.232      *
    S2                 0.015       0.011      0.077      -0.005       0.037
    S3                 0.206       0.012      0.000       0.182       0.230      *

 Intercepts
    WB                 2.953       0.101      0.000       2.759       3.151      *

 Variances
    FTF                0.025       0.001      0.000       0.023       0.028      *
    CMC                0.023       0.001      0.000       0.021       0.026      *
    MIXED              0.028       0.002      0.000       0.025       0.031      *
    S1                 0.037       0.004      0.000       0.029       0.047      *
    S2                 0.028       0.005      0.000       0.019       0.038      *
    S3                 0.050       0.006      0.000       0.038       0.064      *

 Residual Variances
    WB                 0.202       0.010      0.000       0.184       0.224      *


STANDARDIZED MODEL RESULTS


STDYX Standardization

                                Posterior  One-Tailed         95% C.I.
                    Estimate       S.D.      P-Value   Lower 2.5%  Upper 2.5%  Significance

Within-Level Standardized Estimates Averaged Over Clusters

 S1 | WB ON
    FTF                0.171       0.007      0.000       0.157       0.185      *

 S2 | WB ON
    CMC                0.008       0.007      0.102      -0.005       0.022

 S3 | WB ON
    MIXED              0.140       0.007      0.000       0.126       0.154      *

 WB         ON
    WEEKEND            0.072       0.005      0.000       0.062       0.082      *

 Variances
    FTF                1.000       0.000      0.000       1.000       1.000
    CMC                1.000       0.000      0.000       1.000       1.000
    MIXED              1.000       0.000      0.000       1.000       1.000

 Residual Variances
    WB                 0.886       0.005      0.000       0.875       0.895      *

Between Level

 WB         ON
    FTF                0.058       0.052      0.128      -0.044       0.160
    CMC               -0.082       0.047      0.038      -0.174       0.007
    MIXED              0.111       0.043      0.005       0.026       0.195      *
    GENDER             0.002       0.024      0.463      -0.044       0.048
    ETHNICITY         -0.046       0.024      0.027      -0.092       0.001
    SES               -0.010       0.024      0.337      -0.058       0.038

 WB       WITH
    S1                -0.312       0.055      0.000      -0.417      -0.204      *
    S2                -0.121       0.070      0.041      -0.253       0.015
    S3                -0.265       0.059      0.000      -0.382      -0.147      *

 S1       WITH
    S2                 0.420       0.083      0.000       0.238       0.562      *
    S3                 0.760       0.050      0.000       0.653       0.846      *

 S2       WITH
    S3                 0.699       0.062      0.000       0.566       0.808      *

 Means
    FTF                2.011       0.068      0.000       1.880       2.146      *
    CMC                1.629       0.058      0.000       1.517       1.744      *
    MIXED              1.243       0.049      0.000       1.150       1.340      *
    S1                 1.091       0.087      0.000       0.935       1.273      *
    S2                 0.091       0.066      0.077      -0.033       0.229
    S3                 0.922       0.083      0.000       0.770       1.096      *

 Intercepts
    WB                 6.460       0.289      0.000       5.881       7.006      *

 Variances
    FTF                1.000       0.000      0.000       1.000       1.000
    CMC                1.000       0.000      0.000       1.000       1.000
    MIXED              1.000       0.000      0.000       1.000       1.000
    S1                 1.000       0.000      0.000       1.000       1.000
    S2                 1.000       0.000      0.000       1.000       1.000
    S3                 1.000       0.000      0.000       1.000       1.000

 Residual Variances
    WB                 0.969       0.014      0.000       0.935       0.988      *


STDY Standardization

                                Posterior  One-Tailed         95% C.I.
                    Estimate       S.D.      P-Value   Lower 2.5%  Upper 2.5%  Significance

Within-Level Standardized Estimates Averaged Over Clusters

 S1 | WB ON
    FTF                0.171       0.007      0.000       0.157       0.185      *

 S2 | WB ON
    CMC                0.008       0.007      0.102      -0.005       0.022

 S3 | WB ON
    MIXED              0.140       0.007      0.000       0.126       0.154      *

 WB         ON
    WEEKEND            0.176       0.013      0.000       0.151       0.200      *

 Variances
    FTF                1.000       0.000      0.000       1.000       1.000
    CMC                1.000       0.000      0.000       1.000       1.000
    MIXED              1.000       0.000      0.000       1.000       1.000

 Residual Variances
    WB                 0.886       0.005      0.000       0.875       0.895      *

Between Level

 WB         ON
    FTF                0.058       0.052      0.128      -0.044       0.160
    CMC               -0.082       0.047      0.038      -0.174       0.007
    MIXED              0.111       0.043      0.005       0.026       0.195      *
    GENDER             0.006       0.070      0.463      -0.130       0.143
    ETHNICITY         -0.136       0.070      0.027      -0.273       0.002
    SES               -0.039       0.097      0.337      -0.229       0.151

 WB       WITH
    S1                -0.312       0.055      0.000      -0.417      -0.204      *
    S2                -0.121       0.070      0.041      -0.253       0.015
    S3                -0.265       0.059      0.000      -0.382      -0.147      *

 S1       WITH
    S2                 0.420       0.083      0.000       0.238       0.562      *
    S3                 0.760       0.050      0.000       0.653       0.846      *

 S2       WITH
    S3                 0.699       0.062      0.000       0.566       0.808      *

 Means
    FTF                2.011       0.068      0.000       1.880       2.146      *
    CMC                1.629       0.058      0.000       1.517       1.744      *
    MIXED              1.243       0.049      0.000       1.150       1.340      *
    S1                 1.091       0.087      0.000       0.935       1.273      *
    S2                 0.091       0.066      0.077      -0.033       0.229
    S3                 0.922       0.083      0.000       0.770       1.096      *

 Intercepts
    WB                 6.460       0.289      0.000       5.881       7.006      *

 Variances
    FTF                1.000       0.000      0.000       1.000       1.000
    CMC                1.000       0.000      0.000       1.000       1.000
    MIXED              1.000       0.000      0.000       1.000       1.000
    S1                 1.000       0.000      0.000       1.000       1.000
    S2                 1.000       0.000      0.000       1.000       1.000
    S3                 1.000       0.000      0.000       1.000       1.000

 Residual Variances
    WB                 0.969       0.014      0.000       0.935       0.988      *


R-SQUARE

Within-Level R-Square Averaged Across Clusters

                                Posterior  One-Tailed         95% C.I.
    Variable        Estimate       S.D.      P-Value   Lower 2.5%  Upper 2.5%

    WB                 0.114       0.005      0.000       0.105       0.125

Between Level

                                Posterior  One-Tailed         95% C.I.
    Variable        Estimate       S.D.      P-Value   Lower 2.5%  Upper 2.5%

    WB                 0.031       0.014      0.000       0.012       0.065


TECHNICAL 1 OUTPUT


     PARAMETER SPECIFICATION FOR WITHIN


           NU
              WB            FTF           CMC           MIXED         WEEKEND
              ________      ________      ________      ________      ________
                    0             0             0             0             0


           LAMBDA
              WB            FTF           CMC           MIXED         WEEKEND
              ________      ________      ________      ________      ________
 WB                 0             0             0             0             0
 FTF                0             0             0             0             0
 CMC                0             0             0             0             0
 MIXED              0             0             0             0             0
 WEEKEND            0             0             0             0             0


           THETA
              WB            FTF           CMC           MIXED         WEEKEND
              ________      ________      ________      ________      ________
 WB                 0
 FTF                0             0
 CMC                0             0             0
 MIXED              0             0             0             0
 WEEKEND            0             0             0             0             0


           ALPHA
              WB            FTF           CMC           MIXED         WEEKEND
              ________      ________      ________      ________      ________
                    0             0             0             0             0


           BETA
              WB            FTF           CMC           MIXED         WEEKEND
              ________      ________      ________      ________      ________
 WB                 0             0             0             0             1
 FTF                0             0             0             0             0
 CMC                0             0             0             0             0
 MIXED              0             0             0             0             0
 WEEKEND            0             0             0             0             0


           PSI
              WB            FTF           CMC           MIXED         WEEKEND
              ________      ________      ________      ________      ________
 WB                 2
 FTF                0             3
 CMC                0             0             4
 MIXED              0             0             0             5
 WEEKEND            0             0             0             0             0


     PARAMETER SPECIFICATION FOR BETWEEN


           NU
              WB            FTF           CMC           MIXED         GENDER
              ________      ________      ________      ________      ________
                    0             0             0             0             0


           NU
              ETHNICIT      SES
              ________      ________
                    0             0


           LAMBDA
              S1            S2            S3            WB            FTF
              ________      ________      ________      ________      ________
 WB                 0             0             0             0             0
 FTF                0             0             0             0             0
 CMC                0             0             0             0             0
 MIXED              0             0             0             0             0
 GENDER             0             0             0             0             0
 ETHNICIT           0             0             0             0             0
 SES                0             0             0             0             0


           LAMBDA
              CMC           MIXED         GENDER        ETHNICIT      SES
              ________      ________      ________      ________      ________
 WB                 0             0             0             0             0
 FTF                0             0             0             0             0
 CMC                0             0             0             0             0
 MIXED              0             0             0             0             0
 GENDER             0             0             0             0             0
 ETHNICIT           0             0             0             0             0
 SES                0             0             0             0             0


           THETA
              WB            FTF           CMC           MIXED         GENDER
              ________      ________      ________      ________      ________
 WB                 0
 FTF                0             0
 CMC                0             0             0
 MIXED              0             0             0             0
 GENDER             0             0             0             0             0
 ETHNICIT           0             0             0             0             0
 SES                0             0             0             0             0


           THETA
              ETHNICIT      SES
              ________      ________
 ETHNICIT           0
 SES                0             0


           ALPHA
              S1            S2            S3            WB            FTF
              ________      ________      ________      ________      ________
                    6             7             8             9            10


           ALPHA
              CMC           MIXED         GENDER        ETHNICIT      SES
              ________      ________      ________      ________      ________
                   11            12             0             0             0


           BETA
              S1            S2            S3            WB            FTF
              ________      ________      ________      ________      ________
 S1                 0             0             0             0             0
 S2                 0             0             0             0             0
 S3                 0             0             0             0             0
 WB                 0             0             0             0            13
 FTF                0             0             0             0             0
 CMC                0             0             0             0             0
 MIXED              0             0             0             0             0
 GENDER             0             0             0             0             0
 ETHNICIT           0             0             0             0             0
 SES                0             0             0             0             0


           BETA
              CMC           MIXED         GENDER        ETHNICIT      SES
              ________      ________      ________      ________      ________
 S1                 0             0             0             0             0
 S2                 0             0             0             0             0
 S3                 0             0             0             0             0
 WB                14            15            16            17            18
 FTF                0             0             0             0             0
 CMC                0             0             0             0             0
 MIXED              0             0             0             0             0
 GENDER             0             0             0             0             0
 ETHNICIT           0             0             0             0             0
 SES                0             0             0             0             0


           PSI
              S1            S2            S3            WB            FTF
              ________      ________      ________      ________      ________
 S1                19
 S2                20            21
 S3                22            23            24
 WB                25            26            27            28
 FTF                0             0             0             0            29
 CMC                0             0             0             0             0
 MIXED              0             0             0             0             0
 GENDER             0             0             0             0             0
 ETHNICIT           0             0             0             0             0
 SES                0             0             0             0             0


           PSI
              CMC           MIXED         GENDER        ETHNICIT      SES
              ________      ________      ________      ________      ________
 CMC               30
 MIXED              0            31
 GENDER             0             0             0
 ETHNICIT           0             0             0             0
 SES                0             0             0             0             0


     STARTING VALUES FOR WITHIN


           NU
              WB            FTF           CMC           MIXED         WEEKEND
              ________      ________      ________      ________      ________
                0.000         0.000         0.000         0.000         0.000


           LAMBDA
              WB            FTF           CMC           MIXED         WEEKEND
              ________      ________      ________      ________      ________
 WB             1.000         0.000         0.000         0.000         0.000
 FTF            0.000         1.000         0.000         0.000         0.000
 CMC            0.000         0.000         1.000         0.000         0.000
 MIXED          0.000         0.000         0.000         1.000         0.000
 WEEKEND        0.000         0.000         0.000         0.000         1.000


           THETA
              WB            FTF           CMC           MIXED         WEEKEND
              ________      ________      ________      ________      ________
 WB             0.000
 FTF            0.000         0.000
 CMC            0.000         0.000         0.000
 MIXED          0.000         0.000         0.000         0.000
 WEEKEND        0.000         0.000         0.000         0.000         0.000


           ALPHA
              WB            FTF           CMC           MIXED         WEEKEND
              ________      ________      ________      ________      ________
                0.000         0.000         0.000         0.000         0.000


           BETA
              WB            FTF           CMC           MIXED         WEEKEND
              ________      ________      ________      ________      ________
 WB             0.000         0.000         0.000         0.000         0.000
 FTF            0.000         0.000         0.000         0.000         0.000
 CMC            0.000         0.000         0.000         0.000         0.000
 MIXED          0.000         0.000         0.000         0.000         0.000
 WEEKEND        0.000         0.000         0.000         0.000         0.000


           PSI
              WB            FTF           CMC           MIXED         WEEKEND
              ________      ________      ________      ________      ________
 WB             0.226
 FTF            0.000         0.108
 CMC            0.000         0.000         0.092
 MIXED          0.000         0.000         0.000         0.082
 WEEKEND        0.000         0.000         0.000         0.000         0.095


     STARTING VALUES FOR BETWEEN


           NU
              WB            FTF           CMC           MIXED         GENDER
              ________      ________      ________      ________      ________
                0.000         0.000         0.000         0.000         0.000


           NU
              ETHNICIT      SES
              ________      ________
                0.000         0.000


           LAMBDA
              S1            S2            S3            WB            FTF
              ________      ________      ________      ________      ________
 WB             0.000         0.000         0.000         1.000         0.000
 FTF            0.000         0.000         0.000         0.000         1.000
 CMC            0.000         0.000         0.000         0.000         0.000
 MIXED          0.000         0.000         0.000         0.000         0.000
 GENDER         0.000         0.000         0.000         0.000         0.000
 ETHNICIT       0.000         0.000         0.000         0.000         0.000
 SES            0.000         0.000         0.000         0.000         0.000


           LAMBDA
              CMC           MIXED         GENDER        ETHNICIT      SES
              ________      ________      ________      ________      ________
 WB             0.000         0.000         0.000         0.000         0.000
 FTF            0.000         0.000         0.000         0.000         0.000
 CMC            1.000         0.000         0.000         0.000         0.000
 MIXED          0.000         1.000         0.000         0.000         0.000
 GENDER         0.000         0.000         1.000         0.000         0.000
 ETHNICIT       0.000         0.000         0.000         1.000         0.000
 SES            0.000         0.000         0.000         0.000         1.000


           THETA
              WB            FTF           CMC           MIXED         GENDER
              ________      ________      ________      ________      ________
 WB             0.000
 FTF            0.000         0.000
 CMC            0.000         0.000         0.000
 MIXED          0.000         0.000         0.000         0.000
 GENDER         0.000         0.000         0.000         0.000         0.000
 ETHNICIT       0.000         0.000         0.000         0.000         0.000
 SES            0.000         0.000         0.000         0.000         0.000


           THETA
              ETHNICIT      SES
              ________      ________
 ETHNICIT       0.000
 SES            0.000         0.000


           ALPHA
              S1            S2            S3            WB            FTF
              ________      ________      ________      ________      ________
                0.000         0.000         0.000         3.004         0.317


           ALPHA
              CMC           MIXED         GENDER        ETHNICIT      SES
              ________      ________      ________      ________      ________
                0.245         0.207         0.000         0.000         0.000


           BETA
              S1            S2            S3            WB            FTF
              ________      ________      ________      ________      ________
 S1             0.000         0.000         0.000         0.000         0.000
 S2             0.000         0.000         0.000         0.000         0.000
 S3             0.000         0.000         0.000         0.000         0.000
 WB             0.000         0.000         0.000         0.000         0.000
 FTF            0.000         0.000         0.000         0.000         0.000
 CMC            0.000         0.000         0.000         0.000         0.000
 MIXED          0.000         0.000         0.000         0.000         0.000
 GENDER         0.000         0.000         0.000         0.000         0.000
 ETHNICIT       0.000         0.000         0.000         0.000         0.000
 SES            0.000         0.000         0.000         0.000         0.000


           BETA
              CMC           MIXED         GENDER        ETHNICIT      SES
              ________      ________      ________      ________      ________
 S1             0.000         0.000         0.000         0.000         0.000
 S2             0.000         0.000         0.000         0.000         0.000
 S3             0.000         0.000         0.000         0.000         0.000
 WB             0.000         0.000         0.000         0.000         0.000
 FTF            0.000         0.000         0.000         0.000         0.000
 CMC            0.000         0.000         0.000         0.000         0.000
 MIXED          0.000         0.000         0.000         0.000         0.000
 GENDER         0.000         0.000         0.000         0.000         0.000
 ETHNICIT       0.000         0.000         0.000         0.000         0.000
 SES            0.000         0.000         0.000         0.000         0.000


           PSI
              S1            S2            S3            WB            FTF
              ________      ________      ________      ________      ________
 S1             1.000
 S2             0.000         1.000
 S3             0.000         0.000         1.000
 WB             0.000         0.000         0.000         0.226
 FTF            0.000         0.000         0.000         0.000         0.108
 CMC            0.000         0.000         0.000         0.000         0.000
 MIXED          0.000         0.000         0.000         0.000         0.000
 GENDER         0.000         0.000         0.000         0.000         0.000
 ETHNICIT       0.000         0.000         0.000         0.000         0.000
 SES            0.000         0.000         0.000         0.000         0.000


           PSI
              CMC           MIXED         GENDER        ETHNICIT      SES
              ________      ________      ________      ________      ________
 CMC            0.092
 MIXED          0.000         0.082
 GENDER         0.000         0.000         0.114
 ETHNICIT       0.000         0.000         0.000         0.115
 SES            0.000         0.000         0.000         0.000         0.063



     PRIORS FOR ALL PARAMETERS            PRIOR MEAN      PRIOR VARIANCE     PRIOR STD. DEV.

     Parameter 1~N(0.000,infinity)           0.0000            infinity            infinity
     Parameter 2~IG(-1.000,0.000)          infinity            infinity            infinity
     Parameter 3~IG(-1.000,0.000)          infinity            infinity            infinity
     Parameter 4~IG(-1.000,0.000)          infinity            infinity            infinity
     Parameter 5~IG(-1.000,0.000)          infinity            infinity            infinity
     Parameter 6~N(0.000,infinity)           0.0000            infinity            infinity
     Parameter 7~N(0.000,infinity)           0.0000            infinity            infinity
     Parameter 8~N(0.000,infinity)           0.0000            infinity            infinity
     Parameter 9~N(0.000,infinity)           0.0000            infinity            infinity
     Parameter 10~N(0.000,infinity)          0.0000            infinity            infinity
     Parameter 11~N(0.000,infinity)          0.0000            infinity            infinity
     Parameter 12~N(0.000,infinity)          0.0000            infinity            infinity
     Parameter 13~N(0.000,infinity)          0.0000            infinity            infinity
     Parameter 14~N(0.000,infinity)          0.0000            infinity            infinity
     Parameter 15~N(0.000,infinity)          0.0000            infinity            infinity
     Parameter 16~N(0.000,infinity)          0.0000            infinity            infinity
     Parameter 17~N(0.000,infinity)          0.0000            infinity            infinity
     Parameter 18~N(0.000,infinity)          0.0000            infinity            infinity
     Parameter 19~IW(0.000,-5)             infinity            infinity            infinity
     Parameter 20~IW(0.000,-5)             infinity            infinity            infinity
     Parameter 21~IW(0.000,-5)             infinity            infinity            infinity
     Parameter 22~IW(0.000,-5)             infinity            infinity            infinity
     Parameter 23~IW(0.000,-5)             infinity            infinity            infinity
     Parameter 24~IW(0.000,-5)             infinity            infinity            infinity
     Parameter 25~IW(0.000,-5)             infinity            infinity            infinity
     Parameter 26~IW(0.000,-5)             infinity            infinity            infinity
     Parameter 27~IW(0.000,-5)             infinity            infinity            infinity
     Parameter 28~IW(0.000,-5)             infinity            infinity            infinity
     Parameter 29~IG(-1.000,0.000)         infinity            infinity            infinity
     Parameter 30~IG(-1.000,0.000)         infinity            infinity            infinity
     Parameter 31~IG(-1.000,0.000)         infinity            infinity            infinity


TECHNICAL 8 OUTPUT


   TECHNICAL 8 OUTPUT FOR BAYES ESTIMATION

     CHAIN    BSEED
     1        0
     2        285380

                     POTENTIAL       PARAMETER WITH
     ITERATION    SCALE REDUCTION      HIGHEST PSR
     100              1.152               13
     200              1.096               6
     300              1.052               21
     400              1.026               24
     500              1.052               24
     600              1.034               24
     700              1.005               7
     800              1.008               6
     900              1.020               24
     1000             1.028               24
     1100             1.037               24
     1200             1.034               24
     1300             1.023               21
     1400             1.027               7
     1500             1.034               7
     1600             1.019               7
     1700             1.010               15
     1800             1.012               15
     1900             1.015               15
     2000             1.015               7
     2100             1.011               24
     2200             1.010               24
     2300             1.011               24
     2400             1.010               24
     2500             1.016               24
     2600             1.019               24
     2700             1.023               24
     2800             1.020               24
     2900             1.015               24
     3000             1.015               24
     3100             1.016               24
     3200             1.014               24
     3300             1.007               24
     3400             1.007               24
     3500             1.008               24
     3600             1.010               24
     3700             1.007               24
     3800             1.005               24
     3900             1.005               7
     4000             1.005               21
     4100             1.005               21
     4200             1.005               13
     4300             1.005               13
     4400             1.006               24
     4500             1.007               24
     4600             1.006               24
     4700             1.006               21
     4800             1.005               21
     4900             1.004               21
     5000             1.005               21
     5100             1.006               21
     5200             1.006               21
     5300             1.005               21
     5400             1.006               21
     5500             1.006               21
     5600             1.008               21
     5700             1.009               21
     5800             1.009               21
     5900             1.007               21
     6000             1.005               21
     6100             1.002               24
     6200             1.002               24
     6300             1.003               24
     6400             1.004               24
     6500             1.004               24
     6600             1.003               24
     6700             1.003               24
     6800             1.004               24
     6900             1.006               24
     7000             1.007               24
     7100             1.007               24
     7200             1.006               24
     7300             1.006               24
     7400             1.005               24
     7500             1.004               24
     7600             1.004               24
     7700             1.004               24
     7800             1.004               24
     7900             1.004               24
     8000             1.004               24
     8100             1.004               24
     8200             1.004               24
     8300             1.003               24
     8400             1.002               24
     8500             1.003               24
     8600             1.003               24
     8700             1.003               24
     8800             1.004               24
     8900             1.005               24
     9000             1.006               24
     9100             1.006               24
     9200             1.006               24
     9300             1.007               24
     9400             1.007               24
     9500             1.008               24
     9600             1.007               24
     9700             1.006               24
     9800             1.007               24
     9900             1.006               24
     10000            1.006               24


     Beginning Time:  00:21:08
        Ending Time:  00:31:04
       Elapsed Time:  00:09:56



MUTHEN & MUTHEN
3463 Stoner Ave.
Los Angeles, CA  90066

Tel: (310) 391-9971
Fax: (310) 391-8971
Web: www.StatModel.com
Support: Support@StatModel.com

Copyright (c) 1998-2020 Muthen & Muthen
