Mplus VERSION 8.5 (Mac)
MUTHEN & MUTHEN
03/15/2022  12:58 PM

INPUT INSTRUCTIONS

  TITLE: Analysis 2+3
  DATA: FILE = analysis2_S2.dat;
  VARIABLE:
  NAMES = ID WB content stressed lonely
  FTF CMC mixed
  E A C N O gender ethnicity SES weekend;
  USEVARIABLES = WB
  FTF CMC mixed
  weekend;
  CLUSTER = ID;
  WITHIN = weekend;
  MISSING = .;
  ANALYSIS: TYPE = TWOLEVEL RANDOM; ESTIMATOR = BAYES;
  BITERATIONS = (10000); PROCESSORS = 2;
  MODEL:
  %WITHIN%
  ! Well-being is predicted by FtF interactions, the slope is random
  S1 | WB ON FTF;
  ! Well-being is predicted by CMC, the slope is random
  S2 | WB ON CMC;
  ! Well-being is predicted by mixed episodes, the slope is random
  S3 | WB ON mixed;
  ! Control for weekend
  WB ON weekend;
  %BETWEEN%
  ! Covariance between intercept and slopes
  WB S1-S3 WITH WB S1-S3;
  ! The intercept is predicted by FtF interactions
  WB ON FTF;
  ! The intercept is predicted by CMC
  WB ON CMC;
  ! The intercept is predicted by mixed episodes
  WB ON mixed;
  OUTPUT: STDYX STDY TECH8;



*** WARNING in MODEL command
  In the MODEL command, the x variable on the WITHIN level has been turned into a
  y variable to enable latent variable decomposition.  This variable will be treated
  as a y-variable on both levels:  FTF
*** WARNING in MODEL command
  In the MODEL command, the x variable on the WITHIN level has been turned into a
  y variable to enable latent variable decomposition.  This variable will be treated
  as a y-variable on both levels:  CMC
*** WARNING in MODEL command
  In the MODEL command, the x variable on the WITHIN level has been turned into a
  y variable to enable latent variable decomposition.  This variable will be treated
  as a y-variable on both levels:  MIXED
*** WARNING
  One or more individual-level variables have no variation within a
  cluster for the following clusters.

     Variable   Cluster IDs with no within-cluster variation

      WB          384 486 497 171 261 453
      FTF         384 21 486 556 710 526 723 131 791 283 703 741 605 679 349 65 456 599 368 326
                  307 335 357 828 102 619 117 680 329 296 105 134
      CMC         384 448 486 664 751 723 131 791 157 605 350 679 603 118 513 69 456 209 289 316
                  182 728 783 107 198 510 442 333 619 644 360 519 491 836 179 727 536 211 518
                  320 501 332 311 517 606 88 582 177 202
      MIXED       384 21 486 497 171 261 723 791 565 605 805 350 679 382 438 603 268 5 349 3 557
                  205 513 96 456 50 489 643 165 93 604 453 621 599 339 238 107 357 312 38 574
                  409 417 567 568 155 442 790 826 19 720 619 362 592 410 646 618 822 829 41 494
                  707 500 360 711 338 677 778 706 341 786 255 821 746 178 837 90 785 628 253 32
                  427 737 745 690 260 663 371 734 836 179 176 752 612 642 422 281 294 237 290
                  9 428 851 518 736 776 320 331 433 614 40 590 501 251 226 506 517 630 116 130
                  719 395 578 401 175 445 203 547 15 413 779 602 561 177 377 492 576 87 272 585
                  185 286 374 396 520 667 324 429 755 696 148 291 346
      WEEKEND     448 486 556 751 261 283 39 208 157 605 350 293 197 268 100 3 513 69 404 209
                  595 93 849 407 357 668 375 786

   4 WARNING(S) FOUND IN THE INPUT INSTRUCTIONS



Analysis 2+3

SUMMARY OF ANALYSIS

Number of groups                                                 1
Number of observations                                       26918

Number of dependent variables                                    4
Number of independent variables                                  1
Number of continuous latent variables                            3

Observed dependent variables

  Continuous
   WB          FTF         CMC         MIXED

Observed independent variables
   WEEKEND

Continuous latent variables
   S1          S2          S3

Variables with special functions

  Cluster variable      ID

  Within variables
   WEEKEND


Estimator                                                    BAYES
Specifications for Bayesian Estimation
  Point estimate                                            MEDIAN
  Number of Markov chain Monte Carlo (MCMC) chains               2
  Random seed for the first chain                                0
  Starting value information                           UNPERTURBED
  Algorithm used for Markov chain Monte Carlo           GIBBS(PX1)
  Convergence criterion                                  0.500D-01
  Maximum number of iterations                               50000
  K-th iteration used for thinning                               1

Input data file(s)
  analysis2_S2.dat
Input data format  FREE


SUMMARY OF DATA

     Number of clusters                        849

       Size (s)    Cluster ID with Size s

          1        33 46 121 145 189 207 218 259 301 304 336 450 818 831
          2        384 448 21 486 497 556 664 710 751 171 261
          3        526 723 131 791 283 703
          4        39 708 208 157 741 565 605 805 350 679
          5        504 382 293 438 603 781 197 215 268 100
          6        498 353 5 349 3
          7        65 151 650 440 352 118 557 205 856
          8        513 515 292 69 96 456 50 489 643 277 404 165
          9        626 496 209 595 93 687 806 604 453 621
         10        599 339 150 238 289 316 373 240
         11        182 742 368 326 17 276 247 11 307 849 728
         12        783 61 502 407 747 335 777 107
         13        198 140 357 312 510 38 262
         14        597 443 668 762 574 163 689
         15        555 409 417 669 2 567 568 847 155 231
         16        442 657 790 29 563 220 673 826 828 75 212 537 19
         17        649 333 720 478 126 559 300 102 619 321 34 546
         18        698 645 480 362 552 334 6 592 672 351 629 410 644
         19        314 376 646 618 822 823 343 620 829 437 191 117 111
         20        110 509 363 627 41 601 194 64 303 615 839 147 788 463
         21        494 43 288 229 707 793 500 360 711 338 13 265 10 483
                   623 216 677 58 778
         22        487 318 370 682 285 375 267 380 706 239 68 310 462 244
                   298 104 414 485 341 608 553
         23        72 786 98 217 255 519 23 85 390 820 821 397 680 746
                   178 685 753 837 90 123 369 36
         24        785 256 477 532 691 754 722 628 206 253 137
         25        35 651 616 564 195 302 528 797 32 427 737 466 144 745
                   329 633 750 392 122 690 241 844 845 260 701 854 560
         26        45 702 398 451 149 653 243 663 371 213 91 772 491 734
         27        470 715 306 434 435 328 836 733 799 190 179 846 807
                   639 200 420
         28        548 305 457 1 766 798 233 76 296 412 812 782 542 670
                   176 857
         29        724 727 759 317 158 832 359 133 471 67 810 713 814 86
                   700 512 143
         30        712 531 79 717 752 533 31 834 48 612 642 422 406 473
                   71 817 281 294 237
         31        236 432 18 325 481 290 108 536 81 9 721 566 543 162
                   570 425 575 579 591
         32        631 327 372 675 225 505 428 211 511 173 113 757 840
                   583 381 365 770 257 851 441 219 199
         33        725 518 634 760 683 635 736 467 776 522 320 331 697
                   114 433 614 40 452
         34        676 70 590 729 761 279 802 681 12 501 842 251 666 387
                   411 332 671 311 230 94
         35        226 95 271 386 159 617 160 506 146 803 354 4 841 709
                   809 222 299 115 848 816 517 630 606 718
         36        739 596 14 116 92 385 436 421 130 73 164 756 507 49
                   430 562 431 714 830
         37        280 340 771 833 180 744 719 408 152 469 119 395 204
                   42 416 400 577 825 578 455 401
         38        175 82 792 445 269 658 693 221 527 203 530 132 258 313
                   84 22 611 105 183 232 424 852 495 855 648 516
         39        764 632 768 161 589 535 245 808 419 541 52 249 109 547
                   624 493 342 15 88 166 794 795 27
         40        838 678 187 460 804 582 167 789 476 641 264 674 413
                   270 835 779 101
         41        743 843 454 275 581 156 125 638 769 571 134 740 168
                   472
         42        602 30 656 773 464 415 282 184 127 26 694 561 587 20
                   142 361 439 322 544 622 765 458 379 8
         43        482 399 177 758 665 801 377 474 551 784 488 686 394
                   54 170 120 459 640
         44        475 234 492 224 124 576 695 172 202 87 297 539 540 827
                   484 186 242 731 174 545 106
         45        652 524 59 272 246 193 613 593 787 7
         46        348 364 405 57 99 47 25 732 55 89 355 128 585 185 286
                   112 62 508 654
         47        374 56 223 274 763 813 103 37 735 558 503 83 78 28 214
         48        688 647 726 554 780 446 660 824 153 250 129 66 263
         49        136 534 295 396 704 716 344 538 403 426 655
         50        210 573 699 490 774 423 227 447 181 748
         51        815 77 391 135 520 468 692 139 449 154
         52        358 393 235 636 749 388 402 662 610 600 74 138 667
         53        356 60 514 584 324 429 97 169 319 266 24
         54        63 499 800 588 705 625 444
         55        580 738 367 661 188 819 315
         56        598 196 389 80 308 755
         57        309 853 569 378 850 730
         58        529 696 287
         59        323 192 609 273
         60        684 550 201 252 51 337 248 607 148 16
         61        278 345 44 775 659 284
         62        572 383 254 525 521
         63        291 479 53 228
         64        465 767
         65        346 811 347 366
         66        141 418



COVARIANCE COVERAGE OF DATA

Minimum covariance coverage value   0.100

     Number of missing data patterns             2


     PROPORTION OF DATA PRESENT


           Covariance Coverage
              WB            FTF           CMC           MIXED         WEEKEND
              ________      ________      ________      ________      ________
 WB             0.999
 FTF            0.999         1.000
 CMC            0.999         1.000         1.000
 MIXED          0.999         1.000         1.000         1.000
 WEEKEND        0.999         1.000         1.000         1.000         1.000



UNIVARIATE SAMPLE STATISTICS


     UNIVARIATE HIGHER-ORDER MOMENT DESCRIPTIVE STATISTICS

         Variable/         Mean/     Skewness/   Minimum/ % with                Percentiles
        Sample Size      Variance    Kurtosis    Maximum  Min/Max      20%/60%    40%/80%    Median

     WB                    2.977      -0.483       1.000    1.06%       2.333      3.000      3.000
           26888.000       0.442      -0.121       4.000    9.63%       3.333      3.667
     FTF                   0.332       0.715       0.000   66.82%       0.000      0.000      0.000
           26918.000       0.222      -1.489       1.000   33.18%       0.000      1.000
     CMC                   0.249       1.164       0.000   75.14%       0.000      0.000      0.000
           26918.000       0.187      -0.646       1.000   24.86%       0.000      1.000
     MIXED                 0.172       1.742       0.000   82.84%       0.000      0.000      0.000
           26918.000       0.142       1.034       1.000   17.16%       0.000      0.000
     WEEKEND               0.284       0.956       0.000   71.57%       0.000      0.000      0.000
           26918.000       0.203      -1.086       1.000   28.43%       0.000      1.000


THE MODEL ESTIMATION TERMINATED NORMALLY

     USE THE FBITERATIONS OPTION TO INCREASE THE NUMBER OF ITERATIONS BY A FACTOR
     OF AT LEAST TWO TO CHECK CONVERGENCE AND THAT THE PSR VALUE DOES NOT INCREASE.



MODEL FIT INFORMATION

Number of Free Parameters                              28

Information Criteria

          Deviance (DIC)                       121470.372
          Estimated Number of Parameters (pD)    3302.584



MODEL RESULTS

                                Posterior  One-Tailed         95% C.I.
                    Estimate       S.D.      P-Value   Lower 2.5%  Upper 2.5%  Significance

Within Level

 WB         ON
    WEEKEND            0.125       0.007      0.000       0.111       0.138      *

 Variances
    FTF                0.199       0.002      0.000       0.196       0.203      *
    CMC                0.159       0.001      0.000       0.156       0.162      *
    MIXED              0.122       0.001      0.000       0.120       0.124      *

 Residual Variances
    WB                 0.246       0.002      0.000       0.242       0.251      *

Between Level

 WB         ON
    FTF                0.306       0.152      0.021       0.015       0.610      *
    CMC               -0.180       0.126      0.078      -0.423       0.063
    MIXED              0.434       0.123      0.000       0.190       0.681      *

 WB       WITH
    S1                -0.026       0.005      0.000      -0.036      -0.017      *
    S2                -0.006       0.005      0.126      -0.015       0.004
    S3                -0.028       0.006      0.000      -0.041      -0.016      *

 S1       WITH
    S2                -0.001       0.003      0.432      -0.006       0.006
    S3                 0.023       0.004      0.000       0.016       0.032      *

 S2       WITH
    S3                 0.011       0.004      0.001       0.003       0.020      *

 Means
    FTF                0.332       0.006      0.000       0.320       0.344      *
    CMC                0.256       0.006      0.000       0.243       0.268      *
    MIXED              0.173       0.006      0.000       0.162       0.184      *
    S1                 0.212       0.011      0.000       0.190       0.233      *
    S2                 0.009       0.011      0.175      -0.010       0.031
    S3                 0.183       0.014      0.000       0.156       0.210      *

 Intercepts
    WB                 2.787       0.086      0.000       2.616       2.948      *

 Variances
    FTF                0.023       0.001      0.000       0.020       0.026      *
    CMC                0.029       0.002      0.000       0.026       0.033      *
    MIXED              0.021       0.001      0.000       0.019       0.024      *
    S1                 0.028       0.005      0.000       0.020       0.037      *
    S2                 0.013       0.004      0.000       0.007       0.022      *
    S3                 0.038       0.007      0.000       0.027       0.052      *

 Residual Variances
    WB                 0.178       0.010      0.000       0.160       0.198      *


STANDARDIZED MODEL RESULTS


STDYX Standardization

                                Posterior  One-Tailed         95% C.I.
                    Estimate       S.D.      P-Value   Lower 2.5%  Upper 2.5%  Significance

Within-Level Standardized Estimates Averaged Over Clusters

 S1 | WB ON
    FTF                0.176       0.007      0.000       0.161       0.190      *

 S2 | WB ON
    CMC                0.007       0.008      0.184      -0.008       0.022

 S3 | WB ON
    MIXED              0.118       0.008      0.000       0.102       0.133      *

 WB         ON
    WEEKEND            0.100       0.006      0.000       0.089       0.111      *

 Variances
    FTF                1.000       0.000      0.000       1.000       1.000
    CMC                1.000       0.000      0.000       1.000       1.000
    MIXED              1.000       0.000      0.000       1.000       1.000

 Residual Variances
    WB                 0.904       0.006      0.000       0.892       0.913      *

Between Level

 WB         ON
    FTF                0.107       0.052      0.021       0.005       0.210      *
    CMC               -0.072       0.050      0.078      -0.168       0.024
    MIXED              0.147       0.041      0.000       0.065       0.227      *

 WB       WITH
    S1                -0.374       0.070      0.000      -0.508      -0.240      *
    S2                -0.119       0.105      0.126      -0.329       0.085
    S3                -0.342       0.074      0.000      -0.487      -0.198      *

 S1       WITH
    S2                -0.032       0.169      0.432      -0.379       0.265
    S3                 0.725       0.069      0.000       0.580       0.846      *

 S2       WITH
    S3                 0.511       0.125      0.001       0.206       0.711      *

 Means
    FTF                2.198       0.082      0.000       2.040       2.362      *
    CMC                1.495       0.059      0.000       1.379       1.612      *
    MIXED              1.184       0.052      0.000       1.085       1.288      *
    S1                 1.277       0.117      0.000       1.061       1.526      *
    S2                 0.083       0.096      0.175      -0.088       0.287
    S3                 0.943       0.108      0.000       0.744       1.170      *

 Intercepts
    WB                 6.467       0.296      0.000       5.865       7.019      *

 Variances
    FTF                1.000       0.000      0.000       1.000       1.000
    CMC                1.000       0.000      0.000       1.000       1.000
    MIXED              1.000       0.000      0.000       1.000       1.000
    S1                 1.000       0.000      0.000       1.000       1.000
    S2                 1.000       0.000      0.000       1.000       1.000
    S3                 1.000       0.000      0.000       1.000       1.000

 Residual Variances
    WB                 0.957       0.018      0.000       0.912       0.983      *


STDY Standardization

                                Posterior  One-Tailed         95% C.I.
                    Estimate       S.D.      P-Value   Lower 2.5%  Upper 2.5%  Significance

Within-Level Standardized Estimates Averaged Over Clusters

 S1 | WB ON
    FTF                0.176       0.007      0.000       0.161       0.190      *

 S2 | WB ON
    CMC                0.007       0.008      0.184      -0.008       0.022

 S3 | WB ON
    MIXED              0.118       0.008      0.000       0.102       0.133      *

 WB         ON
    WEEKEND            0.239       0.013      0.000       0.213       0.265      *

 Variances
    FTF                1.000       0.000      0.000       1.000       1.000
    CMC                1.000       0.000      0.000       1.000       1.000
    MIXED              1.000       0.000      0.000       1.000       1.000

 Residual Variances
    WB                 0.904       0.006      0.000       0.892       0.913      *

Between Level

 WB         ON
    FTF                0.107       0.052      0.021       0.005       0.210      *
    CMC               -0.072       0.050      0.078      -0.168       0.024
    MIXED              0.147       0.041      0.000       0.065       0.227      *

 WB       WITH
    S1                -0.374       0.070      0.000      -0.508      -0.240      *
    S2                -0.119       0.105      0.126      -0.329       0.085
    S3                -0.342       0.074      0.000      -0.487      -0.198      *

 S1       WITH
    S2                -0.032       0.169      0.432      -0.379       0.265
    S3                 0.725       0.069      0.000       0.580       0.846      *

 S2       WITH
    S3                 0.511       0.125      0.001       0.206       0.711      *

 Means
    FTF                2.198       0.082      0.000       2.040       2.362      *
    CMC                1.495       0.059      0.000       1.379       1.612      *
    MIXED              1.184       0.052      0.000       1.085       1.288      *
    S1                 1.277       0.117      0.000       1.061       1.526      *
    S2                 0.083       0.096      0.175      -0.088       0.287
    S3                 0.943       0.108      0.000       0.744       1.170      *

 Intercepts
    WB                 6.467       0.296      0.000       5.865       7.019      *

 Variances
    FTF                1.000       0.000      0.000       1.000       1.000
    CMC                1.000       0.000      0.000       1.000       1.000
    MIXED              1.000       0.000      0.000       1.000       1.000
    S1                 1.000       0.000      0.000       1.000       1.000
    S2                 1.000       0.000      0.000       1.000       1.000
    S3                 1.000       0.000      0.000       1.000       1.000

 Residual Variances
    WB                 0.957       0.018      0.000       0.912       0.983      *


R-SQUARE

Within-Level R-Square Averaged Across Clusters

                                Posterior  One-Tailed         95% C.I.
    Variable        Estimate       S.D.      P-Value   Lower 2.5%  Upper 2.5%

    WB                 0.096       0.006      0.000       0.086       0.108

Between Level

                                Posterior  One-Tailed         95% C.I.
    Variable        Estimate       S.D.      P-Value   Lower 2.5%  Upper 2.5%

    WB                 0.043       0.018      0.000       0.017       0.088


TECHNICAL 1 OUTPUT


     PARAMETER SPECIFICATION FOR WITHIN


           NU
              WB            FTF           CMC           MIXED         WEEKEND
              ________      ________      ________      ________      ________
                    0             0             0             0             0


           LAMBDA
              WB            FTF           CMC           MIXED         WEEKEND
              ________      ________      ________      ________      ________
 WB                 0             0             0             0             0
 FTF                0             0             0             0             0
 CMC                0             0             0             0             0
 MIXED              0             0             0             0             0
 WEEKEND            0             0             0             0             0


           THETA
              WB            FTF           CMC           MIXED         WEEKEND
              ________      ________      ________      ________      ________
 WB                 0
 FTF                0             0
 CMC                0             0             0
 MIXED              0             0             0             0
 WEEKEND            0             0             0             0             0


           ALPHA
              WB            FTF           CMC           MIXED         WEEKEND
              ________      ________      ________      ________      ________
                    0             0             0             0             0


           BETA
              WB            FTF           CMC           MIXED         WEEKEND
              ________      ________      ________      ________      ________
 WB                 0             0             0             0             1
 FTF                0             0             0             0             0
 CMC                0             0             0             0             0
 MIXED              0             0             0             0             0
 WEEKEND            0             0             0             0             0


           PSI
              WB            FTF           CMC           MIXED         WEEKEND
              ________      ________      ________      ________      ________
 WB                 2
 FTF                0             3
 CMC                0             0             4
 MIXED              0             0             0             5
 WEEKEND            0             0             0             0             0


     PARAMETER SPECIFICATION FOR BETWEEN


           NU
              WB            FTF           CMC           MIXED
              ________      ________      ________      ________
                    0             0             0             0


           LAMBDA
              S1            S2            S3            WB            FTF
              ________      ________      ________      ________      ________
 WB                 0             0             0             0             0
 FTF                0             0             0             0             0
 CMC                0             0             0             0             0
 MIXED              0             0             0             0             0


           LAMBDA
              CMC           MIXED
              ________      ________
 WB                 0             0
 FTF                0             0
 CMC                0             0
 MIXED              0             0


           THETA
              WB            FTF           CMC           MIXED
              ________      ________      ________      ________
 WB                 0
 FTF                0             0
 CMC                0             0             0
 MIXED              0             0             0             0


           ALPHA
              S1            S2            S3            WB            FTF
              ________      ________      ________      ________      ________
                    6             7             8             9            10


           ALPHA
              CMC           MIXED
              ________      ________
                   11            12


           BETA
              S1            S2            S3            WB            FTF
              ________      ________      ________      ________      ________
 S1                 0             0             0             0             0
 S2                 0             0             0             0             0
 S3                 0             0             0             0             0
 WB                 0             0             0             0            13
 FTF                0             0             0             0             0
 CMC                0             0             0             0             0
 MIXED              0             0             0             0             0


           BETA
              CMC           MIXED
              ________      ________
 S1                 0             0
 S2                 0             0
 S3                 0             0
 WB                14            15
 FTF                0             0
 CMC                0             0
 MIXED              0             0


           PSI
              S1            S2            S3            WB            FTF
              ________      ________      ________      ________      ________
 S1                16
 S2                17            18
 S3                19            20            21
 WB                22            23            24            25
 FTF                0             0             0             0            26
 CMC                0             0             0             0             0
 MIXED              0             0             0             0             0


           PSI
              CMC           MIXED
              ________      ________
 CMC               27
 MIXED              0            28


     STARTING VALUES FOR WITHIN


           NU
              WB            FTF           CMC           MIXED         WEEKEND
              ________      ________      ________      ________      ________
                0.000         0.000         0.000         0.000         0.000


           LAMBDA
              WB            FTF           CMC           MIXED         WEEKEND
              ________      ________      ________      ________      ________
 WB             1.000         0.000         0.000         0.000         0.000
 FTF            0.000         1.000         0.000         0.000         0.000
 CMC            0.000         0.000         1.000         0.000         0.000
 MIXED          0.000         0.000         0.000         1.000         0.000
 WEEKEND        0.000         0.000         0.000         0.000         1.000


           THETA
              WB            FTF           CMC           MIXED         WEEKEND
              ________      ________      ________      ________      ________
 WB             0.000
 FTF            0.000         0.000
 CMC            0.000         0.000         0.000
 MIXED          0.000         0.000         0.000         0.000
 WEEKEND        0.000         0.000         0.000         0.000         0.000


           ALPHA
              WB            FTF           CMC           MIXED         WEEKEND
              ________      ________      ________      ________      ________
                0.000         0.000         0.000         0.000         0.000


           BETA
              WB            FTF           CMC           MIXED         WEEKEND
              ________      ________      ________      ________      ________
 WB             0.000         0.000         0.000         0.000         0.000
 FTF            0.000         0.000         0.000         0.000         0.000
 CMC            0.000         0.000         0.000         0.000         0.000
 MIXED          0.000         0.000         0.000         0.000         0.000
 WEEKEND        0.000         0.000         0.000         0.000         0.000


           PSI
              WB            FTF           CMC           MIXED         WEEKEND
              ________      ________      ________      ________      ________
 WB             0.221
 FTF            0.000         0.111
 CMC            0.000         0.000         0.093
 MIXED          0.000         0.000         0.000         0.071
 WEEKEND        0.000         0.000         0.000         0.000         0.102


     STARTING VALUES FOR BETWEEN


           NU
              WB            FTF           CMC           MIXED
              ________      ________      ________      ________
                0.000         0.000         0.000         0.000


           LAMBDA
              S1            S2            S3            WB            FTF
              ________      ________      ________      ________      ________
 WB             0.000         0.000         0.000         1.000         0.000
 FTF            0.000         0.000         0.000         0.000         1.000
 CMC            0.000         0.000         0.000         0.000         0.000
 MIXED          0.000         0.000         0.000         0.000         0.000


           LAMBDA
              CMC           MIXED
              ________      ________
 WB             0.000         0.000
 FTF            0.000         0.000
 CMC            1.000         0.000
 MIXED          0.000         1.000


           THETA
              WB            FTF           CMC           MIXED
              ________      ________      ________      ________
 WB             0.000
 FTF            0.000         0.000
 CMC            0.000         0.000         0.000
 MIXED          0.000         0.000         0.000         0.000


           ALPHA
              S1            S2            S3            WB            FTF
              ________      ________      ________      ________      ________
                0.000         0.000         0.000         2.977         0.332


           ALPHA
              CMC           MIXED
              ________      ________
                0.249         0.172


           BETA
              S1            S2            S3            WB            FTF
              ________      ________      ________      ________      ________
 S1             0.000         0.000         0.000         0.000         0.000
 S2             0.000         0.000         0.000         0.000         0.000
 S3             0.000         0.000         0.000         0.000         0.000
 WB             0.000         0.000         0.000         0.000         0.000
 FTF            0.000         0.000         0.000         0.000         0.000
 CMC            0.000         0.000         0.000         0.000         0.000
 MIXED          0.000         0.000         0.000         0.000         0.000


           BETA
              CMC           MIXED
              ________      ________
 S1             0.000         0.000
 S2             0.000         0.000
 S3             0.000         0.000
 WB             0.000         0.000
 FTF            0.000         0.000
 CMC            0.000         0.000
 MIXED          0.000         0.000


           PSI
              S1            S2            S3            WB            FTF
              ________      ________      ________      ________      ________
 S1             1.000
 S2             0.000         1.000
 S3             0.000         0.000         1.000
 WB             0.000         0.000         0.000         0.221
 FTF            0.000         0.000         0.000         0.000         0.111
 CMC            0.000         0.000         0.000         0.000         0.000
 MIXED          0.000         0.000         0.000         0.000         0.000


           PSI
              CMC           MIXED
              ________      ________
 CMC            0.093
 MIXED          0.000         0.071



     PRIORS FOR ALL PARAMETERS            PRIOR MEAN      PRIOR VARIANCE     PRIOR STD. DEV.

     Parameter 1~N(0.000,infinity)           0.0000            infinity            infinity
     Parameter 2~IG(-1.000,0.000)          infinity            infinity            infinity
     Parameter 3~IG(-1.000,0.000)          infinity            infinity            infinity
     Parameter 4~IG(-1.000,0.000)          infinity            infinity            infinity
     Parameter 5~IG(-1.000,0.000)          infinity            infinity            infinity
     Parameter 6~N(0.000,infinity)           0.0000            infinity            infinity
     Parameter 7~N(0.000,infinity)           0.0000            infinity            infinity
     Parameter 8~N(0.000,infinity)           0.0000            infinity            infinity
     Parameter 9~N(0.000,infinity)           0.0000            infinity            infinity
     Parameter 10~N(0.000,infinity)          0.0000            infinity            infinity
     Parameter 11~N(0.000,infinity)          0.0000            infinity            infinity
     Parameter 12~N(0.000,infinity)          0.0000            infinity            infinity
     Parameter 13~N(0.000,infinity)          0.0000            infinity            infinity
     Parameter 14~N(0.000,infinity)          0.0000            infinity            infinity
     Parameter 15~N(0.000,infinity)          0.0000            infinity            infinity
     Parameter 16~IW(0.000,-5)             infinity            infinity            infinity
     Parameter 17~IW(0.000,-5)             infinity            infinity            infinity
     Parameter 18~IW(0.000,-5)             infinity            infinity            infinity
     Parameter 19~IW(0.000,-5)             infinity            infinity            infinity
     Parameter 20~IW(0.000,-5)             infinity            infinity            infinity
     Parameter 21~IW(0.000,-5)             infinity            infinity            infinity
     Parameter 22~IW(0.000,-5)             infinity            infinity            infinity
     Parameter 23~IW(0.000,-5)             infinity            infinity            infinity
     Parameter 24~IW(0.000,-5)             infinity            infinity            infinity
     Parameter 25~IW(0.000,-5)             infinity            infinity            infinity
     Parameter 26~IG(-1.000,0.000)         infinity            infinity            infinity
     Parameter 27~IG(-1.000,0.000)         infinity            infinity            infinity
     Parameter 28~IG(-1.000,0.000)         infinity            infinity            infinity


TECHNICAL 8 OUTPUT


   TECHNICAL 8 OUTPUT FOR BAYES ESTIMATION

     CHAIN    BSEED
     1        0
     2        285380

                     POTENTIAL       PARAMETER WITH
     ITERATION    SCALE REDUCTION      HIGHEST PSR
     100              1.219               16
     200              1.129               21
     300              1.131               21
     400              1.064               13
     500              1.053               21
     600              1.093               7
     700              1.040               8
     800              1.027               8
     900              1.020               8
     1000             1.019               6
     1100             1.058               6
     1200             1.069               6
     1300             1.083               6
     1400             1.050               6
     1500             1.038               6
     1600             1.031               6
     1700             1.035               6
     1800             1.039               6
     1900             1.025               6
     2000             1.011               8
     2100             1.015               8
     2200             1.009               18
     2300             1.017               18
     2400             1.031               18
     2500             1.046               18
     2600             1.059               18
     2700             1.051               18
     2800             1.061               18
     2900             1.072               18
     3000             1.075               18
     3100             1.075               18
     3200             1.070               18
     3300             1.058               18
     3400             1.053               18
     3500             1.040               18
     3600             1.042               18
     3700             1.036               18
     3800             1.035               18
     3900             1.036               18
     4000             1.033               18
     4100             1.031               18
     4200             1.031               18
     4300             1.035               18
     4400             1.040               18
     4500             1.042               18
     4600             1.043               18
     4700             1.042               18
     4800             1.040               18
     4900             1.034               18
     5000             1.024               18
     5100             1.018               18
     5200             1.014               18
     5300             1.014               18
     5400             1.016               18
     5500             1.014               21
     5600             1.013               16
     5700             1.015               16
     5800             1.017               16
     5900             1.020               16
     6000             1.023               16
     6100             1.028               16
     6200             1.035               16
     6300             1.038               16
     6400             1.040               16
     6500             1.041               16
     6600             1.044               16
     6700             1.044               16
     6800             1.045               16
     6900             1.047               16
     7000             1.047               16
     7100             1.049               16
     7200             1.045               16
     7300             1.042               16
     7400             1.041               16
     7500             1.042               16
     7600             1.040               16
     7700             1.039               16
     7800             1.039               16
     7900             1.040               16
     8000             1.037               16
     8100             1.034               16
     8200             1.032               16
     8300             1.030               16
     8400             1.031               16
     8500             1.032               16
     8600             1.031               16
     8700             1.031               16
     8800             1.030               16
     8900             1.027               16
     9000             1.026               16
     9100             1.024               16
     9200             1.023               16
     9300             1.022               16
     9400             1.023               16
     9500             1.023               16
     9600             1.021               16
     9700             1.021               16
     9800             1.019               16
     9900             1.020               16
     10000            1.021               16


     Beginning Time:  12:58:59
        Ending Time:  13:06:09
       Elapsed Time:  00:07:10



MUTHEN & MUTHEN
3463 Stoner Ave.
Los Angeles, CA  90066

Tel: (310) 391-9971
Fax: (310) 391-8971
Web: www.StatModel.com
Support: Support@StatModel.com

Copyright (c) 1998-2020 Muthen & Muthen
