Mplus VERSION 8.5 (Mac)
MUTHEN & MUTHEN
03/15/2022  10:41 PM

INPUT INSTRUCTIONS

  TITLE: Analysis 2+3
  DATA: FILE = analysis2_S3.dat;
  VARIABLE:
  NAMES = ID AB angry worried happy sad WB stressed lonely
  FTF CMC mixed
  E A C N O gender ethnicity SES weekend;
  USEVARIABLES = stressed
  FTF CMC mixed
  weekend C;
  CLUSTER = ID;
  WITHIN = weekend;
  BETWEEN = C;
  MISSING = .;
  DEFINE: CENTER C (GRANDMEAN);
  ANALYSIS: TYPE = TWOLEVEL RANDOM; ESTIMATOR = BAYES;
  BITERATIONS = (10000); PROCESSORS = 2;
  MODEL:
  %WITHIN%
  ! Stress is predicted by FtF interactions, the slope is random
  S1 | stressed ON FTF;
  ! Stress is predicted by CMC, the slope is random
  S2 | stressed ON CMC;
  ! Stress is predicted by mixed episodes, the slope is random
  S3 | stressed ON mixed;
  ! Control for weekend
  stressed ON weekend;
  %BETWEEN%
  ! Covariance between intercept and slopes
  stressed S1-S3 WITH stressed S1-S3;
  ! The intercept is predicted by FtF interactions
  stressed ON FTF;
  ! The intercept is predicted by CMC
  stressed ON CMC;
  ! The intercept is predicted by mixed episodes
  stressed ON mixed;
  ! The intercept is predicted by conscientiousness
  stressed ON C;
  ! The slopes are predicted by conscientiousness
  S1-S3 ON C;
  OUTPUT: STDYX STDY TECH8;



*** WARNING in MODEL command
  In the MODEL command, the x variable on the WITHIN level has been turned into a
  y variable to enable latent variable decomposition.  This variable will be treated
  as a y-variable on both levels:  FTF
*** WARNING in MODEL command
  In the MODEL command, the x variable on the WITHIN level has been turned into a
  y variable to enable latent variable decomposition.  This variable will be treated
  as a y-variable on both levels:  CMC
*** WARNING in MODEL command
  In the MODEL command, the x variable on the WITHIN level has been turned into a
  y variable to enable latent variable decomposition.  This variable will be treated
  as a y-variable on both levels:  MIXED
*** WARNING
  One or more individual-level variables have no variation within a
  cluster for the following clusters.

     Variable   Cluster IDs with no within-cluster variation

      STRESSED    516 271 173 76 98
      FTF         516 160 240 625 271 96 608 816 669 235 5 82 753 252 502 851 610 230 282 199
                  57 631 298 700 654 178 840 396 344 55
      CMC         516 160 666 790 203 856 737 473 290 778 311 94 804 61 223 482 339 488 11 259
                  185 545 399 76 253 792 233 248 378 678 751 142 524 355 103 114
      MIXED       516 485 10 240 625 4 49 790 96 608 816 162 173 170 202 93 61 556 322 615 609
                  768 310 58 223 235 82 753 431 705 623 488 252 715 502 667 571 851 229 22 358
                  821 43 545 572 796 262 349 343 249 209 634 428 304 363 750 451 573 195 845 813
                  452 156 247 601 199 119 441 189 270 650 543 685 823 862 659 562 618 193 720
                  700 606 508 881 605 552 303 728 234 178 772 559 50 578 480 602 396 45 344 770
                  759 38 507 148 120 106 421 158 766 707 55 346 587 771 603
      WEEKEND     516 160 485 10 666 240 271 49 598 737

*** WARNING
  Data set contains cases with missing on x-variables.
  These cases were not included in the analysis.
  Number of cases with missing on x-variables:  6516
   5 WARNING(S) FOUND IN THE INPUT INSTRUCTIONS



Analysis 2+3

SUMMARY OF ANALYSIS

Number of groups                                                 1
Number of observations                                       58697

Number of dependent variables                                    4
Number of independent variables                                  2
Number of continuous latent variables                            3

Observed dependent variables

  Continuous
   STRESSED    FTF         CMC         MIXED

Observed independent variables
   WEEKEND     C

Continuous latent variables
   S1          S2          S3

Variables with special functions

  Cluster variable      ID

  Within variables
   WEEKEND

  Between variables
   C

  Centering (GRANDMEAN)
   C


Estimator                                                    BAYES
Specifications for Bayesian Estimation
  Point estimate                                            MEDIAN
  Number of Markov chain Monte Carlo (MCMC) chains               2
  Random seed for the first chain                                0
  Starting value information                           UNPERTURBED
  Algorithm used for Markov chain Monte Carlo           GIBBS(PX1)
  Convergence criterion                                  0.500D-01
  Maximum number of iterations                               50000
  K-th iteration used for thinning                               1

Input data file(s)
  analysis2_S3.dat
Input data format  FREE


SUMMARY OF DATA

     Number of clusters                        763

       Size (s)    Cluster ID with Size s

          1        63 279 477 756 787
          3        516
          4        160
          5        485 10
          6        666 240 625
          7        271 4 49 790
          8        96
          9        608
         12        203
         13        280 405 369 816 820 856
         15        701
         16        598 737 302
         18        473 806 162 761
         19        555 880
         20        844 238
         23        846 290 173
         24        52
         27        558
         28        152
         29        170
         31        778
         32        689
         33        311
         35        131 94
         36        804
         39        435
         40        321 888
         41        564 183 202 93 510
         42        306
         44        651
         45        722 413 374
         46        61 556 887 316
         47        797 669
         48        322
         49        615 295 491 424 336 609
         50        83
         51        474 671 90 848 269
         53        176 376 236 21
         54        20 67
         55        768 310 533
         56        611 352 58 223
         57        168 337 547 467
         58        635 274 472 99 314 163 445 551 235 494 703 704 463
         59        370 749 19 499 831
         60        5 781 760 817 179
         61        656 663 814 82 2 164 296 462 482
         62        871 401
         63        721 263 85 434 872 110 877 738 495
         64        285 640 600 371 753 105 431 705 592 339 825 623 835
                   595
         65        97 698 488 133 492 630 252 715 672 680 379 732 391
         66        643 375 250 11 259 706 850 502 716 667 46 146 571 8
                   629 214 532
         67        367 135 244 221 185 332 851 225 229 380 695 812 501
                   22 118 6 31
         68        470 432 358 858 821 319 69 368 662 752 204 66 729
         69        43 241 545 416 281 758 29 80 227 125 565 647 261 572
                   793 796 262 157 381 349 399 14 72
         70        343 132 293 354 18 243 805 75 523 249 670 209 717 769
                   76 542 39 692
         71        788 253 258 522 200 439 340 712 239 634 231 719 308
                   324 177 779 731 429
         72        839 745 645 428 718 610 277 222 810 286 276 408 304
                   733 784 291 834 348
         73        792 363 750 233 111 534 496 808 188 863 866 403 33 201
                   325 88 362 560 785 829 451 490 567
         74        248 573 230 282 620 652 528 195 509 228 845 813 452
                   727 192 265
         75        854 557 400 475 529 138 479 81 317 215 762 665 123 13
                   37 783
         76        415 378 668 417 156 260 268 713 678 127 683 622 754
                   247 876 539 518 301 882 697 633 699
         77        691 789 791 596 531 765 800 739 254 520 382 660 751
                   142 471 636
         78        100 847 216 684 126 723 446 450 601 77 199 653 246 287
                   459 119 568 122 373 577 327 25 841 407 313
         79        305 357 646 430 869 734 1 585 497 165 95 330 57 486
                   884 441 101
         80        626 627 347 799 333 117 64 419 182 747 612 189 191 220
                   569 289 682
         81        315 270 115 566 505 714 582 161 794 394
         82        318 440 621 448 650 543 685 624 498 409
         83        384 823 862 795 350 524 830 525 351 53 36 3 155 677
                   47 655 447 755 883 659 481 535 273
         84        237 584 562 618 860 586 312 187 356 483 26 193 777 836
                   838 145 657 632 210 212 849 815 213
         85        84 256 536 92 420 51 720 194 412 619 513 453
         86        631 604 257 515 798 298 700 599 819 89 519
         87        54 386 606 328 323 137 331 41 886 614 219
         88        853 554 818 353 124 594 24 28
         89        514 508 546 676 628 881 803 639 159 423 377 153 607
         90        167 335 605 740 552 744 303 589 855 42 843
         91        414 198 613 654 728 411 299 234
         92        178 772 425 130 506 559 809 444 264
         93        726 232 32 548 251 147 461 780 50 300
         94        443 454 578 579 68 681 694 9 480
         95        637 833 597 690 837 602
         96        266 275 65 397
         97        840 489 763 190 98 15 708 396 292 278 865
         98        59 141 102 364 390 338 393
         99        842 767 775 561 458 143
        100        34 45 511 181 537 344 770 345 549 128
        101        469
        102        500 186 476 746 402 757 388 759 38
        103        62 644 642
        104        507 426 107 71 782 245 465 171 385 648
        105        74 255 87
        106        148 774 226 827 27
        107        272 427 658 730 591
        108        517 437 120
        109        355 824 267 151 109 217
        110        398 570 106
        111        421
        112        487 674 675 580 158 174 12 341
        113        864 154 484 418
        114        360 172 103
        115        372 766 283 73 521 707
        116        129 406 686
        117        588 114 55 449 346 679 587
        118        776 826 208
        119        307
        121        40
        122        687
        124        748 563 16
        125        436 140
        127        366 180
        130        553 711 743
        132        771
        134        801
        135        764
        138        807
        143        873
        144        603
        145        218
        151        664
        152        530
        159        709



COVARIANCE COVERAGE OF DATA

Minimum covariance coverage value   0.100

     Number of missing data patterns             2


     PROPORTION OF DATA PRESENT


           Covariance Coverage
              STRESSED      FTF           CMC           MIXED         WEEKEND
              ________      ________      ________      ________      ________
 STRESSED       0.994
 FTF            0.994         1.000
 CMC            0.994         1.000         1.000
 MIXED          0.994         1.000         1.000         1.000
 WEEKEND        0.994         1.000         1.000         1.000         1.000
 C              0.994         1.000         1.000         1.000         1.000


           Covariance Coverage
              C
              ________
 C              1.000



UNIVARIATE SAMPLE STATISTICS


     UNIVARIATE HIGHER-ORDER MOMENT DESCRIPTIVE STATISTICS

         Variable/         Mean/     Skewness/   Minimum/ % with                Percentiles
        Sample Size      Variance    Kurtosis    Maximum  Min/Max      20%/60%    40%/80%    Median

     STRESSED              2.181       0.417       1.000   28.79%       1.000      2.000      2.000
           58372.000       0.976      -0.860       4.000   12.60%       2.000      3.000
     FTF                   0.207       1.444       0.000   79.27%       0.000      0.000      0.000
           58697.000       0.164       0.085       1.000   20.73%       0.000      1.000
     CMC                   0.129       2.217       0.000   87.13%       0.000      0.000      0.000
           58697.000       0.112       2.917       1.000   12.87%       0.000      0.000
     MIXED                 0.143       2.038       0.000   85.68%       0.000      0.000      0.000
           58697.000       0.123       2.152       1.000   14.32%       0.000      0.000
     WEEKEND               0.267       1.051       0.000   73.26%       0.000      0.000      0.000
           58697.000       0.196      -0.896       1.000   26.74%       0.000      1.000
     C                     0.000      -0.153      -1.966    0.13%      -0.549     -0.132      0.034
             763.000       0.410      -0.175       1.534    0.13%       0.118      0.534


THE MODEL ESTIMATION TERMINATED NORMALLY

     USE THE FBITERATIONS OPTION TO INCREASE THE NUMBER OF ITERATIONS BY A FACTOR
     OF AT LEAST TWO TO CHECK CONVERGENCE AND THAT THE PSR VALUE DOES NOT INCREASE.



MODEL FIT INFORMATION

Number of Free Parameters                              32

Information Criteria

          Deviance (DIC)                       244195.624
          Estimated Number of Parameters (pD)    3418.329



MODEL RESULTS

                                Posterior  One-Tailed         95% C.I.
                    Estimate       S.D.      P-Value   Lower 2.5%  Upper 2.5%  Significance

Within Level

 STRESSED   ON
    WEEKEND           -0.241       0.007      0.000      -0.255      -0.227      *

 Variances
    FTF                0.145       0.001      0.000       0.143       0.147      *
    CMC                0.100       0.001      0.000       0.098       0.101      *
    MIXED              0.093       0.001      0.000       0.092       0.094      *

 Residual Variances
    STRESSED           0.537       0.003      0.000       0.531       0.543      *

Between Level

 S1         ON
    C                  0.004       0.017      0.394      -0.029       0.038

 S2         ON
    C                 -0.033       0.020      0.046      -0.073       0.005

 S3         ON
    C                 -0.002       0.023      0.463      -0.048       0.042

 STRESSED   ON
    FTF               -0.324       0.189      0.041      -0.691       0.045
    CMC                0.232       0.241      0.165      -0.247       0.704
    MIXED              0.123       0.145      0.195      -0.163       0.412
    C                 -0.031       0.038      0.205      -0.106       0.042

 STRESSED WITH
    S1                -0.017       0.007      0.010      -0.031      -0.003      *
    S2                -0.003       0.009      0.361      -0.020       0.015
    S3                -0.026       0.010      0.003      -0.047      -0.007      *

 S1       WITH
    S2                 0.000       0.004      0.483      -0.008       0.008
    S3                 0.025       0.004      0.000       0.017       0.034      *

 S2       WITH
    S3                 0.024       0.005      0.000       0.015       0.035      *

 Means
    FTF                0.208       0.005      0.000       0.198       0.219      *
    CMC                0.128       0.004      0.000       0.120       0.137      *
    MIXED              0.144       0.006      0.000       0.131       0.157      *

 Intercepts
    STRESSED           2.276       0.066      0.000       2.146       2.405      *
    S1                -0.087       0.011      0.000      -0.109      -0.065      *
    S2                 0.082       0.013      0.000       0.057       0.108      *
    S3                 0.019       0.015      0.092      -0.009       0.049

 Variances
    FTF                0.019       0.001      0.000       0.017       0.021      *
    CMC                0.013       0.001      0.000       0.011       0.014      *
    MIXED              0.030       0.002      0.000       0.027       0.033      *

 Residual Variances
    STRESSED           0.426       0.023      0.000       0.384       0.472      *
    S1                 0.028       0.004      0.000       0.021       0.037      *
    S2                 0.029       0.006      0.000       0.020       0.042      *
    S3                 0.056       0.008      0.000       0.041       0.072      *


STANDARDIZED MODEL RESULTS


STDYX Standardization

                                Posterior  One-Tailed         95% C.I.
                    Estimate       S.D.      P-Value   Lower 2.5%  Upper 2.5%  Significance

Within-Level Standardized Estimates Averaged Over Clusters

 S1 | STRESSED ON
    FTF               -0.043       0.005      0.000      -0.053      -0.034      *

 S2 | STRESSED ON
    CMC                0.035       0.005      0.000       0.025       0.044      *

 S3 | STRESSED ON
    MIXED              0.008       0.005      0.050      -0.002       0.017

 STRESSED   ON
    WEEKEND           -0.138       0.004      0.000      -0.146      -0.130      *

 Variances
    FTF                1.000       0.000      0.000       1.000       1.000
    CMC                1.000       0.000      0.000       1.000       1.000
    MIXED              1.000       0.000      0.000       1.000       1.000

 Residual Variances
    STRESSED           0.956       0.002      0.000       0.952       0.960      *

Between Level

 S1         ON
    C                  0.012       0.046      0.394      -0.076       0.102

 S2         ON
    C                 -0.088       0.053      0.046      -0.195       0.015

 S3         ON
    C                 -0.004       0.044      0.463      -0.091       0.081

 STRESSED   ON
    FTF               -0.068       0.040      0.041      -0.145       0.010
    CMC                0.040       0.041      0.165      -0.042       0.120
    MIXED              0.032       0.038      0.195      -0.043       0.108
    C                 -0.021       0.026      0.205      -0.073       0.029

 STRESSED WITH
    S1                -0.153       0.065      0.010      -0.281      -0.024      *
    S2                -0.028       0.077      0.361      -0.172       0.130
    S3                -0.173       0.063      0.003      -0.295      -0.049      *

 S1       WITH
    S2                -0.005       0.134      0.483      -0.288       0.241
    S3                 0.634       0.074      0.000       0.479       0.768      *

 S2       WITH
    S3                 0.611       0.089      0.000       0.400       0.750      *

 Means
    FTF                1.505       0.058      0.000       1.394       1.619      *
    CMC                1.145       0.051      0.000       1.046       1.245      *
    MIXED              0.838       0.043      0.000       0.752       0.923      *

 Intercepts
    STRESSED           3.467       0.133      0.000       3.202       3.724      *
    S1                -0.519       0.076      0.000      -0.674      -0.376      *
    S2                 0.475       0.086      0.000       0.321       0.656      *
    S3                 0.083       0.063      0.092      -0.039       0.207

 Variances
    FTF                1.000       0.000      0.000       1.000       1.000
    CMC                1.000       0.000      0.000       1.000       1.000
    MIXED              1.000       0.000      0.000       1.000       1.000

 Residual Variances
    STRESSED           0.988       0.007      0.000       0.971       0.997      *
    S1                 0.999       0.003      0.000       0.988       1.000      *
    S2                 0.992       0.010      0.000       0.962       1.000      *
    S3                 0.999       0.003      0.000       0.990       1.000      *


STDY Standardization

                                Posterior  One-Tailed         95% C.I.
                    Estimate       S.D.      P-Value   Lower 2.5%  Upper 2.5%  Significance

Within-Level Standardized Estimates Averaged Over Clusters

 S1 | STRESSED ON
    FTF               -0.043       0.005      0.000      -0.053      -0.034      *

 S2 | STRESSED ON
    CMC                0.035       0.005      0.000       0.025       0.044      *

 S3 | STRESSED ON
    MIXED              0.008       0.005      0.050      -0.002       0.017

 STRESSED   ON
    WEEKEND           -0.322       0.009      0.000      -0.341      -0.304      *

 Variances
    FTF                1.000       0.000      0.000       1.000       1.000
    CMC                1.000       0.000      0.000       1.000       1.000
    MIXED              1.000       0.000      0.000       1.000       1.000

 Residual Variances
    STRESSED           0.956       0.002      0.000       0.952       0.960      *

Between Level

 S1         ON
    C                  0.027       0.101      0.394      -0.169       0.224

 S2         ON
    C                 -0.195       0.117      0.046      -0.431       0.032

 S3         ON
    C                 -0.008       0.097      0.463      -0.201       0.180

 STRESSED   ON
    FTF               -0.068       0.040      0.041      -0.145       0.010
    CMC                0.040       0.041      0.165      -0.042       0.120
    MIXED              0.032       0.038      0.195      -0.043       0.108
    C                 -0.047       0.057      0.205      -0.161       0.064

 STRESSED WITH
    S1                -0.153       0.065      0.010      -0.281      -0.024      *
    S2                -0.028       0.077      0.361      -0.172       0.130
    S3                -0.173       0.063      0.003      -0.295      -0.049      *

 S1       WITH
    S2                -0.005       0.134      0.483      -0.288       0.241
    S3                 0.634       0.074      0.000       0.479       0.768      *

 S2       WITH
    S3                 0.611       0.089      0.000       0.400       0.750      *

 Means
    FTF                1.505       0.058      0.000       1.394       1.619      *
    CMC                1.145       0.051      0.000       1.046       1.245      *
    MIXED              0.838       0.043      0.000       0.752       0.923      *

 Intercepts
    STRESSED           3.467       0.133      0.000       3.202       3.724      *
    S1                -0.519       0.076      0.000      -0.674      -0.376      *
    S2                 0.475       0.086      0.000       0.321       0.656      *
    S3                 0.083       0.063      0.092      -0.039       0.207

 Variances
    FTF                1.000       0.000      0.000       1.000       1.000
    CMC                1.000       0.000      0.000       1.000       1.000
    MIXED              1.000       0.000      0.000       1.000       1.000

 Residual Variances
    STRESSED           0.988       0.007      0.000       0.971       0.997      *
    S1                 0.999       0.003      0.000       0.988       1.000      *
    S2                 0.992       0.010      0.000       0.962       1.000      *
    S3                 0.999       0.003      0.000       0.990       1.000      *


R-SQUARE

Within-Level R-Square Averaged Across Clusters

                                Posterior  One-Tailed         95% C.I.
    Variable        Estimate       S.D.      P-Value   Lower 2.5%  Upper 2.5%

    STRESSED           0.044       0.002      0.000       0.040       0.048

Between Level

                                Posterior  One-Tailed         95% C.I.
    Variable        Estimate       S.D.      P-Value   Lower 2.5%  Upper 2.5%

    STRESSED           0.012       0.007      0.000       0.003       0.029

                                Posterior  One-Tailed         95% C.I.
    Variable        Estimate       S.D.      P-Value   Lower 2.5%  Upper 2.5%

    S1                 0.001       0.003      0.000       0.000       0.012
    S2                 0.008       0.010      0.000       0.000       0.038
    S3                 0.001       0.003      0.000       0.000       0.010


TECHNICAL 1 OUTPUT


     PARAMETER SPECIFICATION FOR WITHIN


           NU
              STRESSED      FTF           CMC           MIXED         WEEKEND
              ________      ________      ________      ________      ________
                    0             0             0             0             0


           LAMBDA
              STRESSED      FTF           CMC           MIXED         WEEKEND
              ________      ________      ________      ________      ________
 STRESSED           0             0             0             0             0
 FTF                0             0             0             0             0
 CMC                0             0             0             0             0
 MIXED              0             0             0             0             0
 WEEKEND            0             0             0             0             0


           THETA
              STRESSED      FTF           CMC           MIXED         WEEKEND
              ________      ________      ________      ________      ________
 STRESSED           0
 FTF                0             0
 CMC                0             0             0
 MIXED              0             0             0             0
 WEEKEND            0             0             0             0             0


           ALPHA
              STRESSED      FTF           CMC           MIXED         WEEKEND
              ________      ________      ________      ________      ________
                    0             0             0             0             0


           BETA
              STRESSED      FTF           CMC           MIXED         WEEKEND
              ________      ________      ________      ________      ________
 STRESSED           0             0             0             0             1
 FTF                0             0             0             0             0
 CMC                0             0             0             0             0
 MIXED              0             0             0             0             0
 WEEKEND            0             0             0             0             0


           PSI
              STRESSED      FTF           CMC           MIXED         WEEKEND
              ________      ________      ________      ________      ________
 STRESSED           2
 FTF                0             3
 CMC                0             0             4
 MIXED              0             0             0             5
 WEEKEND            0             0             0             0             0


     PARAMETER SPECIFICATION FOR BETWEEN


           NU
              STRESSED      FTF           CMC           MIXED         C
              ________      ________      ________      ________      ________
                    0             0             0             0             0


           LAMBDA
              S1            S2            S3            STRESSED      FTF
              ________      ________      ________      ________      ________
 STRESSED           0             0             0             0             0
 FTF                0             0             0             0             0
 CMC                0             0             0             0             0
 MIXED              0             0             0             0             0
 C                  0             0             0             0             0


           LAMBDA
              CMC           MIXED         C
              ________      ________      ________
 STRESSED           0             0             0
 FTF                0             0             0
 CMC                0             0             0
 MIXED              0             0             0
 C                  0             0             0


           THETA
              STRESSED      FTF           CMC           MIXED         C
              ________      ________      ________      ________      ________
 STRESSED           0
 FTF                0             0
 CMC                0             0             0
 MIXED              0             0             0             0
 C                  0             0             0             0             0


           ALPHA
              S1            S2            S3            STRESSED      FTF
              ________      ________      ________      ________      ________
                    6             7             8             9            10


           ALPHA
              CMC           MIXED         C
              ________      ________      ________
                   11            12             0


           BETA
              S1            S2            S3            STRESSED      FTF
              ________      ________      ________      ________      ________
 S1                 0             0             0             0             0
 S2                 0             0             0             0             0
 S3                 0             0             0             0             0
 STRESSED           0             0             0             0            16
 FTF                0             0             0             0             0
 CMC                0             0             0             0             0
 MIXED              0             0             0             0             0
 C                  0             0             0             0             0


           BETA
              CMC           MIXED         C
              ________      ________      ________
 S1                 0             0            13
 S2                 0             0            14
 S3                 0             0            15
 STRESSED          17            18            19
 FTF                0             0             0
 CMC                0             0             0
 MIXED              0             0             0
 C                  0             0             0


           PSI
              S1            S2            S3            STRESSED      FTF
              ________      ________      ________      ________      ________
 S1                20
 S2                21            22
 S3                23            24            25
 STRESSED          26            27            28            29
 FTF                0             0             0             0            30
 CMC                0             0             0             0             0
 MIXED              0             0             0             0             0
 C                  0             0             0             0             0


           PSI
              CMC           MIXED         C
              ________      ________      ________
 CMC               31
 MIXED              0            32
 C                  0             0             0


     STARTING VALUES FOR WITHIN


           NU
              STRESSED      FTF           CMC           MIXED         WEEKEND
              ________      ________      ________      ________      ________
                0.000         0.000         0.000         0.000         0.000


           LAMBDA
              STRESSED      FTF           CMC           MIXED         WEEKEND
              ________      ________      ________      ________      ________
 STRESSED       1.000         0.000         0.000         0.000         0.000
 FTF            0.000         1.000         0.000         0.000         0.000
 CMC            0.000         0.000         1.000         0.000         0.000
 MIXED          0.000         0.000         0.000         1.000         0.000
 WEEKEND        0.000         0.000         0.000         0.000         1.000


           THETA
              STRESSED      FTF           CMC           MIXED         WEEKEND
              ________      ________      ________      ________      ________
 STRESSED       0.000
 FTF            0.000         0.000
 CMC            0.000         0.000         0.000
 MIXED          0.000         0.000         0.000         0.000
 WEEKEND        0.000         0.000         0.000         0.000         0.000


           ALPHA
              STRESSED      FTF           CMC           MIXED         WEEKEND
              ________      ________      ________      ________      ________
                0.000         0.000         0.000         0.000         0.000


           BETA
              STRESSED      FTF           CMC           MIXED         WEEKEND
              ________      ________      ________      ________      ________
 STRESSED       0.000         0.000         0.000         0.000         0.000
 FTF            0.000         0.000         0.000         0.000         0.000
 CMC            0.000         0.000         0.000         0.000         0.000
 MIXED          0.000         0.000         0.000         0.000         0.000
 WEEKEND        0.000         0.000         0.000         0.000         0.000


           PSI
              STRESSED      FTF           CMC           MIXED         WEEKEND
              ________      ________      ________      ________      ________
 STRESSED       0.488
 FTF            0.000         0.082
 CMC            0.000         0.000         0.056
 MIXED          0.000         0.000         0.000         0.061
 WEEKEND        0.000         0.000         0.000         0.000         0.098


     STARTING VALUES FOR BETWEEN


           NU
              STRESSED      FTF           CMC           MIXED         C
              ________      ________      ________      ________      ________
                0.000         0.000         0.000         0.000         0.000


           LAMBDA
              S1            S2            S3            STRESSED      FTF
              ________      ________      ________      ________      ________
 STRESSED       0.000         0.000         0.000         1.000         0.000
 FTF            0.000         0.000         0.000         0.000         1.000
 CMC            0.000         0.000         0.000         0.000         0.000
 MIXED          0.000         0.000         0.000         0.000         0.000
 C              0.000         0.000         0.000         0.000         0.000


           LAMBDA
              CMC           MIXED         C
              ________      ________      ________
 STRESSED       0.000         0.000         0.000
 FTF            0.000         0.000         0.000
 CMC            1.000         0.000         0.000
 MIXED          0.000         1.000         0.000
 C              0.000         0.000         1.000


           THETA
              STRESSED      FTF           CMC           MIXED         C
              ________      ________      ________      ________      ________
 STRESSED       0.000
 FTF            0.000         0.000
 CMC            0.000         0.000         0.000
 MIXED          0.000         0.000         0.000         0.000
 C              0.000         0.000         0.000         0.000         0.000


           ALPHA
              S1            S2            S3            STRESSED      FTF
              ________      ________      ________      ________      ________
                0.000         0.000         0.000         2.181         0.207


           ALPHA
              CMC           MIXED         C
              ________      ________      ________
                0.129         0.143         0.000


           BETA
              S1            S2            S3            STRESSED      FTF
              ________      ________      ________      ________      ________
 S1             0.000         0.000         0.000         0.000         0.000
 S2             0.000         0.000         0.000         0.000         0.000
 S3             0.000         0.000         0.000         0.000         0.000
 STRESSED       0.000         0.000         0.000         0.000         0.000
 FTF            0.000         0.000         0.000         0.000         0.000
 CMC            0.000         0.000         0.000         0.000         0.000
 MIXED          0.000         0.000         0.000         0.000         0.000
 C              0.000         0.000         0.000         0.000         0.000


           BETA
              CMC           MIXED         C
              ________      ________      ________
 S1             0.000         0.000         0.000
 S2             0.000         0.000         0.000
 S3             0.000         0.000         0.000
 STRESSED       0.000         0.000         0.000
 FTF            0.000         0.000         0.000
 CMC            0.000         0.000         0.000
 MIXED          0.000         0.000         0.000
 C              0.000         0.000         0.000


           PSI
              S1            S2            S3            STRESSED      FTF
              ________      ________      ________      ________      ________
 S1             1.000
 S2             0.000         1.000
 S3             0.000         0.000         1.000
 STRESSED       0.000         0.000         0.000         0.488
 FTF            0.000         0.000         0.000         0.000         0.082
 CMC            0.000         0.000         0.000         0.000         0.000
 MIXED          0.000         0.000         0.000         0.000         0.000
 C              0.000         0.000         0.000         0.000         0.000


           PSI
              CMC           MIXED         C
              ________      ________      ________
 CMC            0.056
 MIXED          0.000         0.061
 C              0.000         0.000         0.205



     PRIORS FOR ALL PARAMETERS            PRIOR MEAN      PRIOR VARIANCE     PRIOR STD. DEV.

     Parameter 1~N(0.000,infinity)           0.0000            infinity            infinity
     Parameter 2~IG(-1.000,0.000)          infinity            infinity            infinity
     Parameter 3~IG(-1.000,0.000)          infinity            infinity            infinity
     Parameter 4~IG(-1.000,0.000)          infinity            infinity            infinity
     Parameter 5~IG(-1.000,0.000)          infinity            infinity            infinity
     Parameter 6~N(0.000,infinity)           0.0000            infinity            infinity
     Parameter 7~N(0.000,infinity)           0.0000            infinity            infinity
     Parameter 8~N(0.000,infinity)           0.0000            infinity            infinity
     Parameter 9~N(0.000,infinity)           0.0000            infinity            infinity
     Parameter 10~N(0.000,infinity)          0.0000            infinity            infinity
     Parameter 11~N(0.000,infinity)          0.0000            infinity            infinity
     Parameter 12~N(0.000,infinity)          0.0000            infinity            infinity
     Parameter 13~N(0.000,infinity)          0.0000            infinity            infinity
     Parameter 14~N(0.000,infinity)          0.0000            infinity            infinity
     Parameter 15~N(0.000,infinity)          0.0000            infinity            infinity
     Parameter 16~N(0.000,infinity)          0.0000            infinity            infinity
     Parameter 17~N(0.000,infinity)          0.0000            infinity            infinity
     Parameter 18~N(0.000,infinity)          0.0000            infinity            infinity
     Parameter 19~N(0.000,infinity)          0.0000            infinity            infinity
     Parameter 20~IW(0.000,-5)             infinity            infinity            infinity
     Parameter 21~IW(0.000,-5)             infinity            infinity            infinity
     Parameter 22~IW(0.000,-5)             infinity            infinity            infinity
     Parameter 23~IW(0.000,-5)             infinity            infinity            infinity
     Parameter 24~IW(0.000,-5)             infinity            infinity            infinity
     Parameter 25~IW(0.000,-5)             infinity            infinity            infinity
     Parameter 26~IW(0.000,-5)             infinity            infinity            infinity
     Parameter 27~IW(0.000,-5)             infinity            infinity            infinity
     Parameter 28~IW(0.000,-5)             infinity            infinity            infinity
     Parameter 29~IW(0.000,-5)             infinity            infinity            infinity
     Parameter 30~IG(-1.000,0.000)         infinity            infinity            infinity
     Parameter 31~IG(-1.000,0.000)         infinity            infinity            infinity
     Parameter 32~IG(-1.000,0.000)         infinity            infinity            infinity


TECHNICAL 8 OUTPUT


   TECHNICAL 8 OUTPUT FOR BAYES ESTIMATION

     CHAIN    BSEED
     1        0
     2        285380

                     POTENTIAL       PARAMETER WITH
     ITERATION    SCALE REDUCTION      HIGHEST PSR
     100              1.167               6
     200              1.127               24
     300              1.141               14
     400              1.107               25
     500              1.056               22
     600              1.049               22
     700              1.047               7
     800              1.064               7
     900              1.098               7
     1000             1.064               7
     1100             1.049               14
     1200             1.082               14
     1300             1.033               27
     1400             1.020               6
     1500             1.020               25
     1600             1.017               27
     1700             1.019               28
     1800             1.026               7
     1900             1.032               7
     2000             1.048               7
     2100             1.042               7
     2200             1.031               7
     2300             1.014               13
     2400             1.012               14
     2500             1.020               14
     2600             1.041               14
     2700             1.043               14
     2800             1.042               14
     2900             1.045               14
     3000             1.048               14
     3100             1.053               14
     3200             1.042               14
     3300             1.041               14
     3400             1.033               14
     3500             1.028               14
     3600             1.016               14
     3700             1.013               22
     3800             1.014               21
     3900             1.016               21
     4000             1.019               21
     4100             1.017               21
     4200             1.019               21
     4300             1.021               21
     4400             1.022               21
     4500             1.025               21
     4600             1.021               21
     4700             1.019               21
     4800             1.017               21
     4900             1.014               21
     5000             1.011               21
     5100             1.010               28
     5200             1.010               28
     5300             1.009               28
     5400             1.007               28
     5500             1.006               28
     5600             1.006               28
     5700             1.004               28
     5800             1.004               13
     5900             1.005               13
     6000             1.006               13
     6100             1.007               13
     6200             1.008               13
     6300             1.007               13
     6400             1.006               13
     6500             1.006               13
     6600             1.004               27
     6700             1.004               27
     6800             1.006               27
     6900             1.006               27
     7000             1.005               27
     7100             1.004               13
     7200             1.005               13
     7300             1.003               13
     7400             1.004               13
     7500             1.004               13
     7600             1.004               13
     7700             1.005               13
     7800             1.006               13
     7900             1.006               13
     8000             1.007               22
     8100             1.008               22
     8200             1.009               22
     8300             1.010               22
     8400             1.012               22
     8500             1.012               22
     8600             1.014               22
     8700             1.014               22
     8800             1.014               22
     8900             1.013               22
     9000             1.012               21
     9100             1.012               22
     9200             1.015               22
     9300             1.015               22
     9400             1.016               22
     9500             1.015               22
     9600             1.013               22
     9700             1.012               22
     9800             1.012               22
     9900             1.012               22
     10000            1.012               22


     Beginning Time:  22:41:52
        Ending Time:  22:52:48
       Elapsed Time:  00:10:56



MUTHEN & MUTHEN
3463 Stoner Ave.
Los Angeles, CA  90066

Tel: (310) 391-9971
Fax: (310) 391-8971
Web: www.StatModel.com
Support: Support@StatModel.com

Copyright (c) 1998-2020 Muthen & Muthen
