Mplus VERSION 8.5 (Mac)
MUTHEN & MUTHEN
03/15/2022   6:36 PM

INPUT INSTRUCTIONS

  TITLE: Analysis 2+3
  DATA: FILE = analysis2_S3.dat;
  VARIABLE:
  NAMES = ID AB angry worried happy sad WB stressed lonely
  FTF CMC mixed
  E A C N O gender ethnicity SES weekend;
  USEVARIABLES = worried
  FTF CMC mixed
  weekend O;
  CLUSTER = ID;
  WITHIN = weekend;
  BETWEEN = O;
  MISSING = .;
  DEFINE: CENTER O (GRANDMEAN);
  ANALYSIS: TYPE = TWOLEVEL RANDOM; ESTIMATOR = BAYES;
  BITERATIONS = (10000); PROCESSORS = 2;
  MODEL:
  %WITHIN%
  ! Worry is predicted by FtF interactions, the slope is random
  S1 | worried ON FTF;
  ! Worry is predicted by CMC, the slope is random
  S2 | worried ON CMC;
  ! Worry is predicted by mixed episodes, the slope is random
  S3 | worried ON mixed;
  ! Control for weekend
  worried ON weekend;
  %BETWEEN%
  ! Covariance between intercept and slopes
  worried S1-S3 WITH worried S1-S3;
  ! The intercept is predicted by FtF interactions
  worried ON FTF;
  ! The intercept is predicted by CMC
  worried ON CMC;
  ! The intercept is predicted by mixed episodes
  worried ON mixed;
  ! The intercept is predicted by openness
  worried ON O;
  ! The slopes are predicted by openness
  S1-S3 ON O;
  OUTPUT: STDYX STDY TECH8;



*** WARNING in MODEL command
  In the MODEL command, the x variable on the WITHIN level has been turned into a
  y variable to enable latent variable decomposition.  This variable will be treated
  as a y-variable on both levels:  FTF
*** WARNING in MODEL command
  In the MODEL command, the x variable on the WITHIN level has been turned into a
  y variable to enable latent variable decomposition.  This variable will be treated
  as a y-variable on both levels:  CMC
*** WARNING in MODEL command
  In the MODEL command, the x variable on the WITHIN level has been turned into a
  y variable to enable latent variable decomposition.  This variable will be treated
  as a y-variable on both levels:  MIXED
*** WARNING
  One or more individual-level variables have no variation within a
  cluster for the following clusters.

     Variable   Cluster IDs with no within-cluster variation

      WORRIED     485 49 96 608 856 473 797 615 635 502 76 159
      FTF         516 160 240 625 271 96 608 816 669 235 5 82 753 252 502 851 610 230 282 199
                  57 631 298 700 654 178 840 396 344 55
      CMC         516 160 666 790 404 203 856 737 473 290 778 311 94 804 61 223 482 339 488 11
                  259 185 545 399 76 253 792 233 248 378 678 751 142 524 355 103 114
      MIXED       516 485 10 240 625 4 49 790 96 608 816 162 173 170 202 93 61 556 322 615 768
                  310 58 223 235 82 753 431 705 623 488 252 715 502 667 571 851 229 22 358 821
                  43 545 572 796 262 349 343 249 209 634 428 304 363 750 451 573 195 845 813 452
                  156 247 601 199 119 441 189 270 650 543 685 823 862 659 562 618 193 720 700
                  606 508 881 605 552 303 728 234 178 772 559 50 578 480 602 396 45 344 770 759
                  38 507 148 120 106 421 158 766 707 55 346 587 771 603
      WEEKEND     516 160 485 10 666 240 271 49 598 737

*** WARNING
  Data set contains cases with missing on x-variables.
  These cases were not included in the analysis.
  Number of cases with missing on x-variables:  6615
   5 WARNING(S) FOUND IN THE INPUT INSTRUCTIONS



Analysis 2+3

SUMMARY OF ANALYSIS

Number of groups                                                 1
Number of observations                                       58598

Number of dependent variables                                    4
Number of independent variables                                  2
Number of continuous latent variables                            3

Observed dependent variables

  Continuous
   WORRIED     FTF         CMC         MIXED

Observed independent variables
   WEEKEND     O

Continuous latent variables
   S1          S2          S3

Variables with special functions

  Cluster variable      ID

  Within variables
   WEEKEND

  Between variables
   O

  Centering (GRANDMEAN)
   O


Estimator                                                    BAYES
Specifications for Bayesian Estimation
  Point estimate                                            MEDIAN
  Number of Markov chain Monte Carlo (MCMC) chains               2
  Random seed for the first chain                                0
  Starting value information                           UNPERTURBED
  Algorithm used for Markov chain Monte Carlo           GIBBS(PX1)
  Convergence criterion                                  0.500D-01
  Maximum number of iterations                               50000
  K-th iteration used for thinning                               1

Input data file(s)
  analysis2_S3.dat
Input data format  FREE


SUMMARY OF DATA

     Number of clusters                        761

       Size (s)    Cluster ID with Size s

          1        63 279 477 756 787
          3        516
          4        160
          5        485 10
          6        666 240 625
          7        271 4 49 790
          8        96
          9        608
         11        404
         12        203
         13        280 405 369 816 820 856
         15        701
         16        598 737 302
         18        473 806 162 761
         19        555 880
         20        844 238
         23        846 290 173
         24        52
         27        558
         28        152
         29        170
         31        778
         32        689
         33        311
         35        131 94
         36        804
         39        435
         40        321 888
         41        564 183 202 93 510
         42        306
         44        651
         45        722 413 374
         46        61 556 887 316
         47        797 669
         48        322
         49        615 295 491 424 336
         50        83
         51        474 671 90 848 269
         53        176 376 236 21
         54        20 67
         55        768 310 533
         56        611 352 58 223
         57        168 547 467
         58        635 274 472 99 314 163 445 551 235 494 703 704 463
         59        370 19 499 831
         60        5 781 760 817 179
         61        656 663 814 82 2 164 296 462 482
         62        871 401
         63        721 263 85 434 872 110 877 738 495
         64        285 640 600 371 753 105 431 705 592 339 825 623 835
                   595
         65        97 698 488 133 492 630 252 715 672 680 379 732 391
         66        643 375 250 11 259 706 850 502 716 667 46 146 571 8
                   629 214 532
         67        367 135 244 221 185 332 851 225 229 380 695 812 501
                   22 118 6 31
         68        470 432 358 858 821 319 69 368 662 752 204 66 729
         69        43 241 545 416 281 758 29 80 227 125 565 647 261 572
                   793 796 262 157 381 349 399 14 72
         70        343 132 293 354 18 243 805 75 523 249 670 209 717 769
                   76 542 39 692
         71        788 253 258 522 200 439 340 712 239 634 231 719 308
                   324 177 779 731 429
         72        839 745 645 428 718 610 277 222 810 286 276 408 304
                   733 784 291 834 348
         73        792 363 750 233 111 534 496 808 188 863 866 403 33 201
                   325 88 362 560 829 451 490 567
         74        248 573 230 282 620 652 528 195 509 228 845 813 452
                   727 192 265
         75        854 557 400 475 529 138 479 81 317 215 762 665 123 13
                   37 783
         76        415 378 668 417 156 260 268 713 678 127 683 622 754
                   247 876 539 518 301 882 697 633 699
         77        691 789 791 596 531 765 800 739 254 520 382 660 751
                   142 471 636
         78        100 847 216 684 126 723 446 450 601 77 199 653 246 287
                   459 119 568 122 373 577 327 25 841 407 313
         79        305 357 646 430 869 734 1 585 497 165 95 330 57 486
                   884 441 101
         80        626 627 347 799 333 117 64 419 182 747 612 189 191 220
                   569 289 682
         81        315 270 115 566 505 714 582 161 794 394
         82        318 440 621 448 650 543 685 624 498 409
         83        384 823 862 795 350 524 830 525 351 53 36 3 155 677
                   47 655 447 755 883 659 481 535 273
         84        237 584 562 618 860 586 312 187 356 483 26 193 777 836
                   838 145 657 632 210 212 849 815 213
         85        84 256 536 92 420 51 720 194 412 619 513 453
         86        631 604 257 515 798 298 700 599 819 89 519
         87        54 386 606 328 323 137 331 41 886 614 219
         88        853 554 818 353 124 594 24 28
         89        514 508 546 676 628 881 803 639 159 423 377 153 607
         90        167 335 605 740 552 744 303 589 855 42 843
         91        414 198 613 654 728 411 299 234
         92        178 772 425 130 506 559 809 444 264
         93        726 232 32 548 251 147 461 780 50 300
         94        443 454 578 579 68 681 694 9 480
         95        637 833 597 690 837 602
         96        266 275 65 397
         97        840 489 763 190 98 15 708 396 292 278 865
         98        59 141 102 364 390 338 393
         99        842 767 775 561 458 143
        100        34 45 511 181 537 344 770 345 549 128
        101        469
        102        500 186 476 746 402 757 388 759 38
        103        62 644 642
        104        507 426 107 71 782 245 465 171 385 648
        105        74 255 87
        106        148 774 226 827 27
        107        272 427 658 730 591
        108        517 437 120
        109        355 824 267 151 109 217
        110        398 570 106
        111        421
        112        487 674 675 580 158 174 12 341
        113        864 154 484 418
        114        360 172 103
        115        372 766 283 73 521 707
        116        129 406 686
        117        588 114 55 449 346 679 587
        118        776 826 208
        119        307
        121        40
        122        687
        124        748 563 16
        125        436 140
        127        366 180
        128        861
        130        553 711 743
        132        771
        134        801
        135        764
        138        807
        143        873
        144        603
        145        218
        151        664
        152        530
        159        709



COVARIANCE COVERAGE OF DATA

Minimum covariance coverage value   0.100

     Number of missing data patterns             2


     PROPORTION OF DATA PRESENT


           Covariance Coverage
              WORRIED       FTF           CMC           MIXED         WEEKEND
              ________      ________      ________      ________      ________
 WORRIED        0.994
 FTF            0.994         1.000
 CMC            0.994         1.000         1.000
 MIXED          0.994         1.000         1.000         1.000
 WEEKEND        0.994         1.000         1.000         1.000         1.000
 O              0.994         1.000         1.000         1.000         1.000


           Covariance Coverage
              O
              ________
 O              1.000



UNIVARIATE SAMPLE STATISTICS


     UNIVARIATE HIGHER-ORDER MOMENT DESCRIPTIVE STATISTICS

         Variable/         Mean/     Skewness/   Minimum/ % with                Percentiles
        Sample Size      Variance    Kurtosis    Maximum  Min/Max      20%/60%    40%/80%    Median

     WORRIED               1.788       0.945       1.000   47.83%       1.000      1.000      2.000
           58272.000       0.829      -0.046       4.000    6.48%       2.000      3.000
     FTF                   0.207       1.444       0.000   79.27%       0.000      0.000      0.000
           58598.000       0.164       0.085       1.000   20.73%       0.000      1.000
     CMC                   0.128       2.223       0.000   87.17%       0.000      0.000      0.000
           58598.000       0.112       2.941       1.000   12.83%       0.000      0.000
     MIXED                 0.143       2.037       0.000   85.68%       0.000      0.000      0.000
           58598.000       0.123       2.151       1.000   14.32%       0.000      0.000
     WEEKEND               0.268       1.050       0.000   73.25%       0.000      0.000      0.000
           58598.000       0.196      -0.897       1.000   26.75%       0.000      1.000
     O                     0.000      -0.212      -1.898    0.13%      -0.565     -0.148      0.018
             761.000       0.423      -0.485       1.268    1.58%       0.185      0.602


THE MODEL ESTIMATION TERMINATED NORMALLY

     USE THE FBITERATIONS OPTION TO INCREASE THE NUMBER OF ITERATIONS BY A FACTOR
     OF AT LEAST TWO TO CHECK CONVERGENCE AND THAT THE PSR VALUE DOES NOT INCREASE.



MODEL FIT INFORMATION

Number of Free Parameters                              32

Information Criteria

          Deviance (DIC)                       239054.964
          Estimated Number of Parameters (pD)    3373.755



MODEL RESULTS

                                Posterior  One-Tailed         95% C.I.
                    Estimate       S.D.      P-Value   Lower 2.5%  Upper 2.5%  Significance

Within Level

 WORRIED    ON
    WEEKEND           -0.213       0.007      0.000      -0.226      -0.200      *

 Variances
    FTF                0.145       0.001      0.000       0.143       0.147      *
    CMC                0.099       0.001      0.000       0.098       0.100      *
    MIXED              0.093       0.001      0.000       0.092       0.094      *

 Residual Variances
    WORRIED            0.497       0.003      0.000       0.491       0.503      *

Between Level

 S1         ON
    O                  0.002       0.015      0.446      -0.028       0.032

 S2         ON
    O                 -0.024       0.020      0.104      -0.064       0.015

 S3         ON
    O                 -0.001       0.022      0.483      -0.044       0.041

 WORRIED    ON
    FTF               -0.378       0.166      0.013      -0.702      -0.049      *
    CMC                0.139       0.208      0.255      -0.270       0.549
    MIXED             -0.044       0.125      0.366      -0.279       0.202
    O                  0.077       0.032      0.009       0.014       0.140      *

 WORRIED  WITH
    S1                -0.022       0.006      0.000      -0.034      -0.011      *
    S2                -0.006       0.007      0.225      -0.020       0.009
    S3                -0.028       0.008      0.000      -0.044      -0.011      *

 S1       WITH
    S2                 0.005       0.004      0.087      -0.002       0.013
    S3                 0.019       0.004      0.000       0.012       0.027      *

 S2       WITH
    S3                 0.025       0.005      0.000       0.015       0.035      *

 Means
    FTF                0.208       0.005      0.000       0.198       0.219      *
    CMC                0.128       0.004      0.000       0.119       0.136      *
    MIXED              0.144       0.006      0.000       0.132       0.157      *

 Intercepts
    WORRIED            1.922       0.058      0.000       1.811       2.039      *
    S1                -0.063       0.010      0.000      -0.082      -0.044      *
    S2                 0.021       0.013      0.045      -0.003       0.047
    S3                 0.005       0.014      0.373      -0.023       0.033

 Variances
    FTF                0.019       0.001      0.000       0.017       0.021      *
    CMC                0.013       0.001      0.000       0.011       0.014      *
    MIXED              0.030       0.002      0.000       0.027       0.033      *

 Residual Variances
    WORRIED            0.319       0.017      0.000       0.288       0.355      *
    S1                 0.018       0.004      0.000       0.011       0.026      *
    S2                 0.036       0.006      0.000       0.026       0.049      *
    S3                 0.048       0.007      0.000       0.035       0.063      *


STANDARDIZED MODEL RESULTS


STDYX Standardization

                                Posterior  One-Tailed         95% C.I.
                    Estimate       S.D.      P-Value   Lower 2.5%  Upper 2.5%  Significance

Within-Level Standardized Estimates Averaged Over Clusters

 S1 | WORRIED ON
    FTF               -0.034       0.004      0.000      -0.042      -0.025      *

 S2 | WORRIED ON
    CMC                0.009       0.005      0.030       0.000       0.018

 S3 | WORRIED ON
    MIXED              0.002       0.005      0.319      -0.007       0.012

 WORRIED    ON
    WEEKEND           -0.127       0.004      0.000      -0.135      -0.119      *

 Variances
    FTF                1.000       0.000      0.000       1.000       1.000
    CMC                1.000       0.000      0.000       1.000       1.000
    MIXED              1.000       0.000      0.000       1.000       1.000

 Residual Variances
    WORRIED            0.962       0.002      0.000       0.958       0.966      *

Between Level

 S1         ON
    O                  0.008       0.053      0.446      -0.096       0.112

 S2         ON
    O                 -0.059       0.048      0.104      -0.153       0.035

 S3         ON
    O                 -0.002       0.045      0.483      -0.091       0.087

 WORRIED    ON
    FTF               -0.092       0.040      0.013      -0.170      -0.012      *
    CMC                0.027       0.041      0.255      -0.053       0.107
    MIXED             -0.013       0.038      0.366      -0.084       0.061
    O                  0.062       0.026      0.009       0.012       0.112      *

 WORRIED  WITH
    S1                -0.297       0.075      0.000      -0.443      -0.149      *
    S2                -0.052       0.069      0.225      -0.185       0.087
    S3                -0.224       0.065      0.000      -0.347      -0.094      *

 S1       WITH
    S2                 0.187       0.138      0.087      -0.083       0.465
    S3                 0.661       0.093      0.000       0.457       0.815      *

 S2       WITH
    S3                 0.592       0.096      0.000       0.392       0.771      *

 Means
    FTF                1.505       0.057      0.000       1.396       1.621      *
    CMC                1.143       0.050      0.000       1.045       1.241      *
    MIXED              0.840       0.044      0.000       0.754       0.925      *

 Intercepts
    WORRIED            3.372       0.128      0.000       3.122       3.619      *
    S1                -0.468       0.088      0.000      -0.659      -0.311      *
    S2                 0.111       0.068      0.045      -0.017       0.248
    S3                 0.021       0.065      0.373      -0.106       0.148

 Variances
    FTF                1.000       0.000      0.000       1.000       1.000
    CMC                1.000       0.000      0.000       1.000       1.000
    MIXED              1.000       0.000      0.000       1.000       1.000

 Residual Variances
    WORRIED            0.983       0.009      0.000       0.961       0.995      *
    S1                 0.999       0.004      0.000       0.985       1.000      *
    S2                 0.996       0.006      0.000       0.977       1.000      *
    S3                 0.999       0.003      0.000       0.990       1.000      *


STDY Standardization

                                Posterior  One-Tailed         95% C.I.
                    Estimate       S.D.      P-Value   Lower 2.5%  Upper 2.5%  Significance

Within-Level Standardized Estimates Averaged Over Clusters

 S1 | WORRIED ON
    FTF               -0.034       0.004      0.000      -0.042      -0.025      *

 S2 | WORRIED ON
    CMC                0.009       0.005      0.030       0.000       0.018

 S3 | WORRIED ON
    MIXED              0.002       0.005      0.319      -0.007       0.012

 WORRIED    ON
    WEEKEND           -0.296       0.009      0.000      -0.314      -0.277      *

 Variances
    FTF                1.000       0.000      0.000       1.000       1.000
    CMC                1.000       0.000      0.000       1.000       1.000
    MIXED              1.000       0.000      0.000       1.000       1.000

 Residual Variances
    WORRIED            0.962       0.002      0.000       0.958       0.966      *

Between Level

 S1         ON
    O                  0.016       0.116      0.446      -0.209       0.243

 S2         ON
    O                 -0.128       0.103      0.104      -0.333       0.076

 S3         ON
    O                 -0.004       0.099      0.483      -0.198       0.189

 WORRIED    ON
    FTF               -0.092       0.040      0.013      -0.170      -0.012      *
    CMC                0.027       0.041      0.255      -0.053       0.107
    MIXED             -0.013       0.038      0.366      -0.084       0.061
    O                  0.135       0.056      0.009       0.025       0.243      *

 WORRIED  WITH
    S1                -0.297       0.075      0.000      -0.443      -0.149      *
    S2                -0.052       0.069      0.225      -0.185       0.087
    S3                -0.224       0.065      0.000      -0.347      -0.094      *

 S1       WITH
    S2                 0.187       0.138      0.087      -0.083       0.465
    S3                 0.661       0.093      0.000       0.457       0.815      *

 S2       WITH
    S3                 0.592       0.096      0.000       0.392       0.771      *

 Means
    FTF                1.505       0.057      0.000       1.396       1.621      *
    CMC                1.143       0.050      0.000       1.045       1.241      *
    MIXED              0.840       0.044      0.000       0.754       0.925      *

 Intercepts
    WORRIED            3.372       0.128      0.000       3.122       3.619      *
    S1                -0.468       0.088      0.000      -0.659      -0.311      *
    S2                 0.111       0.068      0.045      -0.017       0.248
    S3                 0.021       0.065      0.373      -0.106       0.148

 Variances
    FTF                1.000       0.000      0.000       1.000       1.000
    CMC                1.000       0.000      0.000       1.000       1.000
    MIXED              1.000       0.000      0.000       1.000       1.000

 Residual Variances
    WORRIED            0.983       0.009      0.000       0.961       0.995      *
    S1                 0.999       0.004      0.000       0.985       1.000      *
    S2                 0.996       0.006      0.000       0.977       1.000      *
    S3                 0.999       0.003      0.000       0.990       1.000      *


R-SQUARE

Within-Level R-Square Averaged Across Clusters

                                Posterior  One-Tailed         95% C.I.
    Variable        Estimate       S.D.      P-Value   Lower 2.5%  Upper 2.5%

    WORRIED            0.038       0.002      0.000       0.034       0.042

Between Level

                                Posterior  One-Tailed         95% C.I.
    Variable        Estimate       S.D.      P-Value   Lower 2.5%  Upper 2.5%

    WORRIED            0.017       0.009      0.000       0.005       0.039

                                Posterior  One-Tailed         95% C.I.
    Variable        Estimate       S.D.      P-Value   Lower 2.5%  Upper 2.5%

    S1                 0.001       0.004      0.000       0.000       0.015
    S2                 0.004       0.006      0.000       0.000       0.023
    S3                 0.001       0.003      0.000       0.000       0.010


TECHNICAL 1 OUTPUT


     PARAMETER SPECIFICATION FOR WITHIN


           NU
              WORRIED       FTF           CMC           MIXED         WEEKEND
              ________      ________      ________      ________      ________
                    0             0             0             0             0


           LAMBDA
              WORRIED       FTF           CMC           MIXED         WEEKEND
              ________      ________      ________      ________      ________
 WORRIED            0             0             0             0             0
 FTF                0             0             0             0             0
 CMC                0             0             0             0             0
 MIXED              0             0             0             0             0
 WEEKEND            0             0             0             0             0


           THETA
              WORRIED       FTF           CMC           MIXED         WEEKEND
              ________      ________      ________      ________      ________
 WORRIED            0
 FTF                0             0
 CMC                0             0             0
 MIXED              0             0             0             0
 WEEKEND            0             0             0             0             0


           ALPHA
              WORRIED       FTF           CMC           MIXED         WEEKEND
              ________      ________      ________      ________      ________
                    0             0             0             0             0


           BETA
              WORRIED       FTF           CMC           MIXED         WEEKEND
              ________      ________      ________      ________      ________
 WORRIED            0             0             0             0             1
 FTF                0             0             0             0             0
 CMC                0             0             0             0             0
 MIXED              0             0             0             0             0
 WEEKEND            0             0             0             0             0


           PSI
              WORRIED       FTF           CMC           MIXED         WEEKEND
              ________      ________      ________      ________      ________
 WORRIED            2
 FTF                0             3
 CMC                0             0             4
 MIXED              0             0             0             5
 WEEKEND            0             0             0             0             0


     PARAMETER SPECIFICATION FOR BETWEEN


           NU
              WORRIED       FTF           CMC           MIXED         O
              ________      ________      ________      ________      ________
                    0             0             0             0             0


           LAMBDA
              S1            S2            S3            WORRIED       FTF
              ________      ________      ________      ________      ________
 WORRIED            0             0             0             0             0
 FTF                0             0             0             0             0
 CMC                0             0             0             0             0
 MIXED              0             0             0             0             0
 O                  0             0             0             0             0


           LAMBDA
              CMC           MIXED         O
              ________      ________      ________
 WORRIED            0             0             0
 FTF                0             0             0
 CMC                0             0             0
 MIXED              0             0             0
 O                  0             0             0


           THETA
              WORRIED       FTF           CMC           MIXED         O
              ________      ________      ________      ________      ________
 WORRIED            0
 FTF                0             0
 CMC                0             0             0
 MIXED              0             0             0             0
 O                  0             0             0             0             0


           ALPHA
              S1            S2            S3            WORRIED       FTF
              ________      ________      ________      ________      ________
                    6             7             8             9            10


           ALPHA
              CMC           MIXED         O
              ________      ________      ________
                   11            12             0


           BETA
              S1            S2            S3            WORRIED       FTF
              ________      ________      ________      ________      ________
 S1                 0             0             0             0             0
 S2                 0             0             0             0             0
 S3                 0             0             0             0             0
 WORRIED            0             0             0             0            16
 FTF                0             0             0             0             0
 CMC                0             0             0             0             0
 MIXED              0             0             0             0             0
 O                  0             0             0             0             0


           BETA
              CMC           MIXED         O
              ________      ________      ________
 S1                 0             0            13
 S2                 0             0            14
 S3                 0             0            15
 WORRIED           17            18            19
 FTF                0             0             0
 CMC                0             0             0
 MIXED              0             0             0
 O                  0             0             0


           PSI
              S1            S2            S3            WORRIED       FTF
              ________      ________      ________      ________      ________
 S1                20
 S2                21            22
 S3                23            24            25
 WORRIED           26            27            28            29
 FTF                0             0             0             0            30
 CMC                0             0             0             0             0
 MIXED              0             0             0             0             0
 O                  0             0             0             0             0


           PSI
              CMC           MIXED         O
              ________      ________      ________
 CMC               31
 MIXED              0            32
 O                  0             0             0


     STARTING VALUES FOR WITHIN


           NU
              WORRIED       FTF           CMC           MIXED         WEEKEND
              ________      ________      ________      ________      ________
                0.000         0.000         0.000         0.000         0.000


           LAMBDA
              WORRIED       FTF           CMC           MIXED         WEEKEND
              ________      ________      ________      ________      ________
 WORRIED        1.000         0.000         0.000         0.000         0.000
 FTF            0.000         1.000         0.000         0.000         0.000
 CMC            0.000         0.000         1.000         0.000         0.000
 MIXED          0.000         0.000         0.000         1.000         0.000
 WEEKEND        0.000         0.000         0.000         0.000         1.000


           THETA
              WORRIED       FTF           CMC           MIXED         WEEKEND
              ________      ________      ________      ________      ________
 WORRIED        0.000
 FTF            0.000         0.000
 CMC            0.000         0.000         0.000
 MIXED          0.000         0.000         0.000         0.000
 WEEKEND        0.000         0.000         0.000         0.000         0.000


           ALPHA
              WORRIED       FTF           CMC           MIXED         WEEKEND
              ________      ________      ________      ________      ________
                0.000         0.000         0.000         0.000         0.000


           BETA
              WORRIED       FTF           CMC           MIXED         WEEKEND
              ________      ________      ________      ________      ________
 WORRIED        0.000         0.000         0.000         0.000         0.000
 FTF            0.000         0.000         0.000         0.000         0.000
 CMC            0.000         0.000         0.000         0.000         0.000
 MIXED          0.000         0.000         0.000         0.000         0.000
 WEEKEND        0.000         0.000         0.000         0.000         0.000


           PSI
              WORRIED       FTF           CMC           MIXED         WEEKEND
              ________      ________      ________      ________      ________
 WORRIED        0.415
 FTF            0.000         0.082
 CMC            0.000         0.000         0.056
 MIXED          0.000         0.000         0.000         0.061
 WEEKEND        0.000         0.000         0.000         0.000         0.098


     STARTING VALUES FOR BETWEEN


           NU
              WORRIED       FTF           CMC           MIXED         O
              ________      ________      ________      ________      ________
                0.000         0.000         0.000         0.000         0.000


           LAMBDA
              S1            S2            S3            WORRIED       FTF
              ________      ________      ________      ________      ________
 WORRIED        0.000         0.000         0.000         1.000         0.000
 FTF            0.000         0.000         0.000         0.000         1.000
 CMC            0.000         0.000         0.000         0.000         0.000
 MIXED          0.000         0.000         0.000         0.000         0.000
 O              0.000         0.000         0.000         0.000         0.000


           LAMBDA
              CMC           MIXED         O
              ________      ________      ________
 WORRIED        0.000         0.000         0.000
 FTF            0.000         0.000         0.000
 CMC            1.000         0.000         0.000
 MIXED          0.000         1.000         0.000
 O              0.000         0.000         1.000


           THETA
              WORRIED       FTF           CMC           MIXED         O
              ________      ________      ________      ________      ________
 WORRIED        0.000
 FTF            0.000         0.000
 CMC            0.000         0.000         0.000
 MIXED          0.000         0.000         0.000         0.000
 O              0.000         0.000         0.000         0.000         0.000


           ALPHA
              S1            S2            S3            WORRIED       FTF
              ________      ________      ________      ________      ________
                0.000         0.000         0.000         1.788         0.207


           ALPHA
              CMC           MIXED         O
              ________      ________      ________
                0.128         0.143         0.000


           BETA
              S1            S2            S3            WORRIED       FTF
              ________      ________      ________      ________      ________
 S1             0.000         0.000         0.000         0.000         0.000
 S2             0.000         0.000         0.000         0.000         0.000
 S3             0.000         0.000         0.000         0.000         0.000
 WORRIED        0.000         0.000         0.000         0.000         0.000
 FTF            0.000         0.000         0.000         0.000         0.000
 CMC            0.000         0.000         0.000         0.000         0.000
 MIXED          0.000         0.000         0.000         0.000         0.000
 O              0.000         0.000         0.000         0.000         0.000


           BETA
              CMC           MIXED         O
              ________      ________      ________
 S1             0.000         0.000         0.000
 S2             0.000         0.000         0.000
 S3             0.000         0.000         0.000
 WORRIED        0.000         0.000         0.000
 FTF            0.000         0.000         0.000
 CMC            0.000         0.000         0.000
 MIXED          0.000         0.000         0.000
 O              0.000         0.000         0.000


           PSI
              S1            S2            S3            WORRIED       FTF
              ________      ________      ________      ________      ________
 S1             1.000
 S2             0.000         1.000
 S3             0.000         0.000         1.000
 WORRIED        0.000         0.000         0.000         0.415
 FTF            0.000         0.000         0.000         0.000         0.082
 CMC            0.000         0.000         0.000         0.000         0.000
 MIXED          0.000         0.000         0.000         0.000         0.000
 O              0.000         0.000         0.000         0.000         0.000


           PSI
              CMC           MIXED         O
              ________      ________      ________
 CMC            0.056
 MIXED          0.000         0.061
 O              0.000         0.000         0.211



     PRIORS FOR ALL PARAMETERS            PRIOR MEAN      PRIOR VARIANCE     PRIOR STD. DEV.

     Parameter 1~N(0.000,infinity)           0.0000            infinity            infinity
     Parameter 2~IG(-1.000,0.000)          infinity            infinity            infinity
     Parameter 3~IG(-1.000,0.000)          infinity            infinity            infinity
     Parameter 4~IG(-1.000,0.000)          infinity            infinity            infinity
     Parameter 5~IG(-1.000,0.000)          infinity            infinity            infinity
     Parameter 6~N(0.000,infinity)           0.0000            infinity            infinity
     Parameter 7~N(0.000,infinity)           0.0000            infinity            infinity
     Parameter 8~N(0.000,infinity)           0.0000            infinity            infinity
     Parameter 9~N(0.000,infinity)           0.0000            infinity            infinity
     Parameter 10~N(0.000,infinity)          0.0000            infinity            infinity
     Parameter 11~N(0.000,infinity)          0.0000            infinity            infinity
     Parameter 12~N(0.000,infinity)          0.0000            infinity            infinity
     Parameter 13~N(0.000,infinity)          0.0000            infinity            infinity
     Parameter 14~N(0.000,infinity)          0.0000            infinity            infinity
     Parameter 15~N(0.000,infinity)          0.0000            infinity            infinity
     Parameter 16~N(0.000,infinity)          0.0000            infinity            infinity
     Parameter 17~N(0.000,infinity)          0.0000            infinity            infinity
     Parameter 18~N(0.000,infinity)          0.0000            infinity            infinity
     Parameter 19~N(0.000,infinity)          0.0000            infinity            infinity
     Parameter 20~IW(0.000,-5)             infinity            infinity            infinity
     Parameter 21~IW(0.000,-5)             infinity            infinity            infinity
     Parameter 22~IW(0.000,-5)             infinity            infinity            infinity
     Parameter 23~IW(0.000,-5)             infinity            infinity            infinity
     Parameter 24~IW(0.000,-5)             infinity            infinity            infinity
     Parameter 25~IW(0.000,-5)             infinity            infinity            infinity
     Parameter 26~IW(0.000,-5)             infinity            infinity            infinity
     Parameter 27~IW(0.000,-5)             infinity            infinity            infinity
     Parameter 28~IW(0.000,-5)             infinity            infinity            infinity
     Parameter 29~IW(0.000,-5)             infinity            infinity            infinity
     Parameter 30~IG(-1.000,0.000)         infinity            infinity            infinity
     Parameter 31~IG(-1.000,0.000)         infinity            infinity            infinity
     Parameter 32~IG(-1.000,0.000)         infinity            infinity            infinity


TECHNICAL 8 OUTPUT


   TECHNICAL 8 OUTPUT FOR BAYES ESTIMATION

     CHAIN    BSEED
     1        0
     2        285380

                     POTENTIAL       PARAMETER WITH
     ITERATION    SCALE REDUCTION      HIGHEST PSR
     100              1.365               13
     200              1.249               28
     300              1.074               28
     400              1.067               7
     500              1.029               7
     600              1.052               22
     700              1.015               8
     800              1.021               8
     900              1.018               15
     1000             1.017               7
     1100             1.034               7
     1200             1.018               22
     1300             1.022               13
     1400             1.071               13
     1500             1.107               13
     1600             1.085               13
     1700             1.119               13
     1800             1.128               13
     1900             1.082               13
     2000             1.054               13
     2100             1.046               13
     2200             1.033               22
     2300             1.035               6
     2400             1.032               7
     2500             1.035               22
     2600             1.046               22
     2700             1.053               22
     2800             1.070               22
     2900             1.078               22
     3000             1.074               22
     3100             1.070               22
     3200             1.069               22
     3300             1.069               22
     3400             1.069               22
     3500             1.054               22
     3600             1.047               22
     3700             1.037               22
     3800             1.031               22
     3900             1.028               22
     4000             1.025               22
     4100             1.020               22
     4200             1.018               22
     4300             1.015               22
     4400             1.012               22
     4500             1.011               22
     4600             1.011               22
     4700             1.012               22
     4800             1.011               28
     4900             1.011               28
     5000             1.008               28
     5100             1.006               28
     5200             1.005               28
     5300             1.004               15
     5400             1.004               15
     5500             1.003               28
     5600             1.003               28
     5700             1.003               28
     5800             1.004               8
     5900             1.004               24
     6000             1.004               24
     6100             1.006               8
     6200             1.004               8
     6300             1.004               24
     6400             1.004               24
     6500             1.003               24
     6600             1.004               15
     6700             1.004               15
     6800             1.005               15
     6900             1.005               15
     7000             1.005               15
     7100             1.006               15
     7200             1.006               15
     7300             1.005               15
     7400             1.005               15
     7500             1.004               15
     7600             1.004               8
     7700             1.004               8
     7800             1.004               8
     7900             1.005               15
     8000             1.004               8
     8100             1.005               8
     8200             1.006               8
     8300             1.006               8
     8400             1.006               8
     8500             1.007               15
     8600             1.006               15
     8700             1.005               15
     8800             1.005               15
     8900             1.005               15
     9000             1.005               15
     9100             1.005               15
     9200             1.006               15
     9300             1.006               15
     9400             1.007               15
     9500             1.006               15
     9600             1.005               15
     9700             1.006               15
     9800             1.005               15
     9900             1.005               15
     10000            1.005               15


     Beginning Time:  18:36:25
        Ending Time:  18:47:28
       Elapsed Time:  00:11:03



MUTHEN & MUTHEN
3463 Stoner Ave.
Los Angeles, CA  90066

Tel: (310) 391-9971
Fax: (310) 391-8971
Web: www.StatModel.com
Support: Support@StatModel.com

Copyright (c) 1998-2020 Muthen & Muthen
