Mplus VERSION 8.5 (Mac)
MUTHEN & MUTHEN
03/16/2022   2:44 AM

INPUT INSTRUCTIONS

  TITLE: Analysis 2+3
  DATA: FILE = analysis2_S3.dat;
  VARIABLE:
  NAMES = ID AB angry worried happy sad WB stressed lonely
  FTF CMC mixed
  E A C N O gender ethnicity SES weekend;
  USEVARIABLES = AB
  FTF CMC mixed
  weekend O gender ethnicity SES;
  CLUSTER = ID;
  WITHIN = weekend;
  BETWEEN = O gender ethnicity SES;
  MISSING = .;
  DEFINE: CENTER O (GRANDMEAN);
  ANALYSIS: TYPE = TWOLEVEL RANDOM; ESTIMATOR = BAYES;
  BITERATIONS = (10000); PROCESSORS = 2;
  MODEL:
  %WITHIN%
  ! Affect balance is predicted by FtF interactions, the slope is random
  S1 | AB ON FTF;
  ! Affect balance is predicted by CMC, the slope is random
  S2 | AB ON CMC;
  ! Affect balance is predicted by mixed episodes, the slope is random
  S3 | AB ON mixed;
  ! Control for weekend
  AB ON weekend;
  %BETWEEN%
  ! Covariance between intercept and slopes
  AB S1-S3 WITH AB S1-S3;
  ! The intercept is predicted by FtF interactions
  AB ON FTF;
  ! The intercept is predicted by CMC
  AB ON CMC;
  ! The intercept is predicted by mixed episodes
  AB ON mixed;
  ! The intercept is predicted by openness
  AB ON O;
  ! The slopes are predicted by openness
  S1-S3 ON O;
  ! Control for demographic variables
  AB ON gender ethnicity SES;
  OUTPUT: STDYX STDY TECH8;



*** WARNING in VARIABLE command
  Note that only the first 8 characters of variable names are used in the output.
  Shorten variable names to avoid any confusion.
*** WARNING in MODEL command
  In the MODEL command, the x variable on the WITHIN level has been turned into a
  y variable to enable latent variable decomposition.  This variable will be treated
  as a y-variable on both levels:  FTF
*** WARNING in MODEL command
  In the MODEL command, the x variable on the WITHIN level has been turned into a
  y variable to enable latent variable decomposition.  This variable will be treated
  as a y-variable on both levels:  CMC
*** WARNING in MODEL command
  In the MODEL command, the x variable on the WITHIN level has been turned into a
  y variable to enable latent variable decomposition.  This variable will be treated
  as a y-variable on both levels:  MIXED
*** WARNING
  One or more individual-level variables have no variation within a
  cluster for the following clusters.

     Variable   Cluster IDs with no within-cluster variation

      FTF         516 160 240 625 271 96 608 816 669 235 5 82 753 252 502 851 610 230 282 199
                  57 631 298 700 654 178 840 396 344 55
      CMC         516 160 666 790 404 203 856 737 473 290 778 311 94 804 61 223 482 339 488 11
                  259 185 545 399 76 253 792 233 248 378 678 751 142 524 355 103 114
      MIXED       516 485 240 625 4 49 790 96 608 816 162 173 170 202 93 61 556 322 615 768 310
                  58 223 235 82 753 431 705 623 488 252 715 502 667 571 851 229 22 358 821 43
                  545 572 796 262 349 343 249 209 634 428 304 363 750 451 573 195 845 813 452
                  156 601 199 119 441 189 270 650 543 685 823 862 659 562 618 193 720 700 606
                  508 881 605 552 303 728 234 178 772 559 50 578 480 602 396 45 344 770 759 38
                  507 148 120 106 421 158 766 707 55 346 587 771 603
      WEEKEND     516 160 485 666 240 271 49 598 737

*** WARNING
  Data set contains cases with missing on x-variables.
  These cases were not included in the analysis.
  Number of cases with missing on x-variables:  7336
   6 WARNING(S) FOUND IN THE INPUT INSTRUCTIONS



Analysis 2+3

SUMMARY OF ANALYSIS

Number of groups                                                 1
Number of observations                                       57877

Number of dependent variables                                    4
Number of independent variables                                  5
Number of continuous latent variables                            3

Observed dependent variables

  Continuous
   AB          FTF         CMC         MIXED

Observed independent variables
   WEEKEND     O           GENDER      ETHNICIT    SES

Continuous latent variables
   S1          S2          S3

Variables with special functions

  Cluster variable      ID

  Within variables
   WEEKEND

  Between variables
   O           GENDER      ETHNICIT    SES

  Centering (GRANDMEAN)
   O


Estimator                                                    BAYES
Specifications for Bayesian Estimation
  Point estimate                                            MEDIAN
  Number of Markov chain Monte Carlo (MCMC) chains               2
  Random seed for the first chain                                0
  Starting value information                           UNPERTURBED
  Algorithm used for Markov chain Monte Carlo           GIBBS(PX1)
  Convergence criterion                                  0.500D-01
  Maximum number of iterations                               50000
  K-th iteration used for thinning                               1

Input data file(s)
  analysis2_S3.dat
Input data format  FREE


SUMMARY OF DATA

     Number of clusters                        751

       Size (s)    Cluster ID with Size s

          1        63 279 477 756 787
          3        516
          4        160
          5        485
          6        666 240 625
          7        271 4 49 790
          8        96
          9        608
         11        404
         12        203
         13        280 405 369 816 820 856
         15        701
         16        598 737 302
         18        473 806 162 761
         19        555 880
         20        844 238
         23        846 290 173
         24        52
         27        558
         28        152
         29        170
         31        778
         32        689
         33        311
         35        131 94
         36        804
         39        435
         40        321 888
         41        564 183 202 93 510
         42        306
         44        651
         45        722 413 374
         46        61 556 887 316
         47        797 669
         48        322
         49        615 295 491 424 336
         50        83
         51        474 671 90 848 269
         53        176 376 236 21
         54        20 67
         55        768 310 533
         56        611 352 58 223
         57        168 547 467
         58        635 274 472 99 314 163 445 551 235 494 703 704
         59        370 19 499 831
         60        5 781 760 817 179
         61        656 663 814 82 2 164 296 462 482
         62        871 401
         63        721 263 85 434 872 110 877 738 495
         64        285 640 600 371 753 105 431 705 592 339 825 623 835
                   595
         65        97 698 488 133 492 630 252 715 672 680 379 732 391
         66        643 375 250 11 259 850 502 716 667 46 146 571 8 629
                   214 532
         67        367 135 244 221 185 332 851 225 229 380 695 812 501
                   22 118 6 31
         68        470 432 358 858 821 319 69 368 662 752 204 66 729
         69        43 241 545 416 281 758 29 80 227 125 647 261 572 793
                   796 262 157 381 349 399 14 72
         70        343 132 293 354 18 243 805 75 523 249 670 209 717 769
                   76 542 692
         71        788 253 258 522 200 439 340 712 239 634 231 719 308
                   324 177 779 731 429
         72        839 745 645 428 718 610 277 222 810 286 276 408 304
                   733 784 291 834 348
         73        792 363 750 233 111 534 496 808 188 863 866 403 33 201
                   325 88 362 560 829 451 490 567
         74        248 573 230 282 620 652 528 195 509 228 845 813 452
                   727 192 265
         75        854 557 400 475 529 138 479 81 317 215 762 665 123 13
                   37 783
         76        415 378 668 417 156 268 713 678 127 683 622 754 876
                   539 518 301 882 697 633 699
         77        691 789 791 596 531 765 800 739 254 520 382 660 751
                   142 471 636
         78        100 847 216 684 723 446 450 601 77 199 653 246 287 459
                   119 568 122 373 577 327 25 841 407 313
         79        305 357 646 430 869 734 1 585 497 165 95 330 57 486
                   884 441 101
         80        626 627 347 799 333 117 64 419 182 747 612 189 191 220
                   569 289 682
         81        315 270 115 566 505 714 582 161 794 394
         82        318 440 621 448 650 543 685 624 498 409
         83        384 823 862 795 350 524 830 525 351 53 36 3 155 677
                   47 655 447 755 883 659 481 535 273
         84        237 584 562 618 860 586 312 187 356 483 26 193 777 836
                   838 145 657 632 210 212 849 815 213
         85        84 256 536 92 420 51 720 194 412 619 513 453
         86        631 604 257 515 798 298 700 599 819 89 519
         87        54 386 606 328 323 137 331 41 886 614 219
         88        853 554 818 353 124 594 24 28
         89        514 508 546 676 628 881 803 639 159 423 377 153 607
         90        167 335 605 740 552 744 303 589 855 42 843
         91        414 198 613 654 728 411 299 234
         92        178 772 425 130 506 559 809 444 264
         93        726 232 32 548 251 147 461 780 50 300
         94        443 454 578 579 68 681 694 9 480
         95        637 833 597 690 837 602
         96        266 275 65 397
         97        840 489 763 190 98 15 708 396 292 278 865
         98        59 141 102 364 390 338 393
         99        842 767 775 561 458 143
        100        34 45 511 181 537 344 770 345 549 128
        101        469
        102        500 186 476 746 402 757 388 759 38
        103        62 644 642
        104        507 426 107 71 782 245 465 171 385 648
        105        255 87
        106        148 774 226 827 27
        107        272 427 658 730 591
        108        517 437 120
        109        355 824 267 151 109 217
        110        398 570 106
        111        421
        112        487 674 675 580 158 174 12 341
        113        864 154 484 418
        114        360 172 103
        115        372 766 283 73 521 707
        116        129 406 686
        117        588 114 55 449 346 679 587
        118        776 826
        119        307
        121        40
        122        687
        124        748 563 16
        125        436 140
        127        366 180
        128        861
        130        553 711 743
        132        771
        134        801
        135        764
        138        807
        143        873
        144        603
        145        218
        151        664
        152        530
        159        709



COVARIANCE COVERAGE OF DATA

Minimum covariance coverage value   0.100

     Number of missing data patterns             2


     PROPORTION OF DATA PRESENT


           Covariance Coverage
              AB            FTF           CMC           MIXED         WEEKEND
              ________      ________      ________      ________      ________
 AB             0.991
 FTF            0.991         1.000
 CMC            0.991         1.000         1.000
 MIXED          0.991         1.000         1.000         1.000
 WEEKEND        0.991         1.000         1.000         1.000         1.000
 O              0.991         1.000         1.000         1.000         1.000
 GENDER         0.991         1.000         1.000         1.000         1.000
 ETHNICIT       0.991         1.000         1.000         1.000         1.000
 SES            0.991         1.000         1.000         1.000         1.000


           Covariance Coverage
              O             GENDER        ETHNICIT      SES
              ________      ________      ________      ________
 O              1.000
 GENDER         1.000         1.000
 ETHNICIT       1.000         1.000         1.000
 SES            1.000         1.000         1.000         1.000



UNIVARIATE SAMPLE STATISTICS


     UNIVARIATE HIGHER-ORDER MOMENT DESCRIPTIVE STATISTICS

         Variable/         Mean/     Skewness/   Minimum/ % with                Percentiles
        Sample Size      Variance    Kurtosis    Maximum  Min/Max      20%/60%    40%/80%    Median

     AB                    0.987      -0.279      -3.000    0.36%       0.000      0.667      1.000
           57358.000       1.706      -0.411       3.000   11.88%       1.333      2.000
     FTF                   0.208       1.440       0.000   79.21%       0.000      0.000      0.000
           57877.000       0.165       0.072       1.000   20.79%       0.000      1.000
     CMC                   0.128       2.225       0.000   87.18%       0.000      0.000      0.000
           57877.000       0.112       2.949       1.000   12.82%       0.000      0.000
     MIXED                 0.143       2.036       0.000   85.67%       0.000      0.000      0.000
           57877.000       0.123       2.144       1.000   14.33%       0.000      0.000
     WEEKEND               0.268       1.050       0.000   73.24%       0.000      0.000      0.000
           57877.000       0.196      -0.898       1.000   26.76%       0.000      1.000
     O                     0.000      -0.203      -1.890    0.13%      -0.557     -0.140      0.027
             751.000       0.421      -0.484       1.277    1.46%       0.193      0.610
     GENDER                0.702      -0.882       0.000   29.83%       0.000      1.000      1.000
             751.000       0.209      -1.222       1.000   70.17%       1.000      1.000
     ETHNICITY             0.660      -0.678       0.000   33.95%       0.000      1.000      1.000
             751.000       0.224      -1.541       1.000   66.05%       1.000      1.000
     SES                   0.822      -1.680       0.000   17.84%       1.000      1.000      1.000
             751.000       0.147       0.822       1.000   82.16%       1.000      1.000


THE MODEL ESTIMATION TERMINATED NORMALLY

     USE THE FBITERATIONS OPTION TO INCREASE THE NUMBER OF ITERATIONS BY A FACTOR
     OF AT LEAST TWO TO CHECK CONVERGENCE AND THAT THE PSR VALUE DOES NOT INCREASE.



MODEL FIT INFORMATION

Number of Free Parameters                              35

Information Criteria

          Deviance (DIC)                       273148.820
          Estimated Number of Parameters (pD)    3540.773



MODEL RESULTS

                                Posterior  One-Tailed         95% C.I.
                    Estimate       S.D.      P-Value   Lower 2.5%  Upper 2.5%  Significance

Within Level

 AB         ON
    WEEKEND            0.248       0.009      0.000       0.230       0.266      *

 Variances
    FTF                0.145       0.001      0.000       0.144       0.147      *
    CMC                0.099       0.001      0.000       0.098       0.100      *
    MIXED              0.093       0.001      0.000       0.092       0.094      *

 Residual Variances
    AB                 0.951       0.006      0.000       0.939       0.962      *

Between Level

 S1         ON
    O                  0.005       0.028      0.435      -0.051       0.060

 S2         ON
    O                  0.030       0.026      0.123      -0.022       0.082

 S3         ON
    O                  0.006       0.033      0.428      -0.058       0.069

 AB         ON
    FTF                1.455       0.241      0.000       0.984       1.923      *
    CMC                0.483       0.292      0.049      -0.086       1.060
    MIXED              1.082       0.176      0.000       0.731       1.421      *
    O                  0.021       0.046      0.321      -0.069       0.110
    GENDER            -0.279       0.066      0.000      -0.410      -0.149      *
    ETHNICITY         -0.085       0.064      0.096      -0.208       0.044
    SES               -0.034       0.079      0.336      -0.185       0.122

 AB       WITH
    S1                -0.061       0.015      0.000      -0.091      -0.033      *
    S2                -0.031       0.014      0.013      -0.060      -0.003      *
    S3                -0.070       0.018      0.000      -0.108      -0.036      *

 S1       WITH
    S2                 0.015       0.009      0.036      -0.001       0.033
    S3                 0.077       0.011      0.000       0.057       0.101      *

 S2       WITH
    S3                 0.040       0.011      0.000       0.018       0.062      *

 Means
    FTF                0.209       0.005      0.000       0.198       0.220      *
    CMC                0.128       0.004      0.000       0.119       0.136      *
    MIXED              0.145       0.006      0.000       0.132       0.157      *

 Intercepts
    AB                 0.669       0.125      0.000       0.422       0.915      *
    S1                 0.445       0.018      0.000       0.409       0.481      *
    S2                 0.176       0.017      0.000       0.142       0.210      *
    S3                 0.407       0.021      0.000       0.366       0.449      *

 Variances
    FTF                0.019       0.001      0.000       0.017       0.022      *
    CMC                0.013       0.001      0.000       0.011       0.014      *
    MIXED              0.030       0.002      0.000       0.027       0.033      *

 Residual Variances
    AB                 0.621       0.034      0.000       0.558       0.692      *
    S1                 0.122       0.012      0.000       0.100       0.148      *
    S2                 0.056       0.010      0.000       0.038       0.078      *
    S3                 0.130       0.017      0.000       0.100       0.166      *


STANDARDIZED MODEL RESULTS


STDYX Standardization

                                Posterior  One-Tailed         95% C.I.
                    Estimate       S.D.      P-Value   Lower 2.5%  Upper 2.5%  Significance

Within-Level Standardized Estimates Averaged Over Clusters

 S1 | AB ON
    FTF                0.163       0.005      0.000       0.154       0.171      *

 S2 | AB ON
    CMC                0.053       0.004      0.000       0.044       0.062      *

 S3 | AB ON
    MIXED              0.118       0.005      0.000       0.109       0.127      *

 AB         ON
    WEEKEND            0.104       0.004      0.000       0.096       0.112      *

 Variances
    FTF                1.000       0.000      0.000       1.000       1.000
    CMC                1.000       0.000      0.000       1.000       1.000
    MIXED              1.000       0.000      0.000       1.000       1.000

 Residual Variances
    AB                 0.915       0.003      0.000       0.909       0.920      *

Between Level

 S1         ON
    O                  0.006       0.037      0.435      -0.067       0.079

 S2         ON
    O                  0.059       0.051      0.123      -0.042       0.161

 S3         ON
    O                  0.007       0.041      0.428      -0.075       0.088

 AB         ON
    FTF                0.240       0.038      0.000       0.163       0.311      *
    CMC                0.064       0.038      0.049      -0.011       0.139
    MIXED              0.220       0.035      0.000       0.151       0.287      *
    O                  0.012       0.025      0.321      -0.038       0.059
    GENDER            -0.106       0.024      0.000      -0.153      -0.057      *
    ETHNICITY         -0.033       0.025      0.096      -0.082       0.017
    SES               -0.011       0.025      0.336      -0.060       0.039

 AB       WITH
    S1                -0.222       0.051      0.000      -0.322      -0.122      *
    S2                -0.166       0.076      0.013      -0.315      -0.017      *
    S3                -0.249       0.061      0.000      -0.367      -0.127      *

 S1       WITH
    S2                 0.186       0.099      0.036      -0.019       0.371
    S3                 0.616       0.058      0.000       0.498       0.722      *

 S2       WITH
    S3                 0.470       0.108      0.000       0.233       0.654      *

 Means
    FTF                1.505       0.058      0.000       1.391       1.622      *
    CMC                1.140       0.051      0.000       1.043       1.242      *
    MIXED              0.839       0.043      0.000       0.754       0.925      *

 Intercepts
    AB                 0.792       0.154      0.000       0.493       1.099      *
    S1                 1.278       0.080      0.000       1.120       1.434      *
    S2                 0.737       0.102      0.000       0.563       0.968      *
    S3                 1.127       0.095      0.000       0.955       1.328      *

 Variances
    FTF                1.000       0.000      0.000       1.000       1.000
    CMC                1.000       0.000      0.000       1.000       1.000
    MIXED              1.000       0.000      0.000       1.000       1.000

 Residual Variances
    AB                 0.872       0.027      0.000       0.816       0.921      *
    S1                 0.999       0.002      0.000       0.993       1.000      *
    S2                 0.996       0.007      0.000       0.974       1.000      *
    S3                 0.999       0.002      0.000       0.991       1.000      *


STDY Standardization

                                Posterior  One-Tailed         95% C.I.
                    Estimate       S.D.      P-Value   Lower 2.5%  Upper 2.5%  Significance

Within-Level Standardized Estimates Averaged Over Clusters

 S1 | AB ON
    FTF                0.163       0.005      0.000       0.154       0.171      *

 S2 | AB ON
    CMC                0.053       0.004      0.000       0.044       0.062      *

 S3 | AB ON
    MIXED              0.118       0.005      0.000       0.109       0.127      *

 AB         ON
    WEEKEND            0.243       0.009      0.000       0.225       0.261      *

 Variances
    FTF                1.000       0.000      0.000       1.000       1.000
    CMC                1.000       0.000      0.000       1.000       1.000
    MIXED              1.000       0.000      0.000       1.000       1.000

 Residual Variances
    AB                 0.915       0.003      0.000       0.909       0.920      *

Between Level

 S1         ON
    O                  0.013       0.081      0.435      -0.146       0.172

 S2         ON
    O                  0.128       0.112      0.123      -0.091       0.351

 S3         ON
    O                  0.016       0.090      0.428      -0.164       0.191

 AB         ON
    FTF                0.240       0.038      0.000       0.163       0.311      *
    CMC                0.064       0.038      0.049      -0.011       0.139
    MIXED              0.220       0.035      0.000       0.151       0.287      *
    O                  0.025       0.054      0.321      -0.082       0.130
    GENDER            -0.331       0.076      0.000      -0.477      -0.177      *
    ETHNICITY         -0.101       0.076      0.096      -0.246       0.052
    SES               -0.041       0.094      0.336      -0.220       0.144

 AB       WITH
    S1                -0.222       0.051      0.000      -0.322      -0.122      *
    S2                -0.166       0.076      0.013      -0.315      -0.017      *
    S3                -0.249       0.061      0.000      -0.367      -0.127      *

 S1       WITH
    S2                 0.186       0.099      0.036      -0.019       0.371
    S3                 0.616       0.058      0.000       0.498       0.722      *

 S2       WITH
    S3                 0.470       0.108      0.000       0.233       0.654      *

 Means
    FTF                1.505       0.058      0.000       1.391       1.622      *
    CMC                1.140       0.051      0.000       1.043       1.242      *
    MIXED              0.839       0.043      0.000       0.754       0.925      *

 Intercepts
    AB                 0.792       0.154      0.000       0.493       1.099      *
    S1                 1.278       0.080      0.000       1.120       1.434      *
    S2                 0.737       0.102      0.000       0.563       0.968      *
    S3                 1.127       0.095      0.000       0.955       1.328      *

 Variances
    FTF                1.000       0.000      0.000       1.000       1.000
    CMC                1.000       0.000      0.000       1.000       1.000
    MIXED              1.000       0.000      0.000       1.000       1.000

 Residual Variances
    AB                 0.872       0.027      0.000       0.816       0.921      *
    S1                 0.999       0.002      0.000       0.993       1.000      *
    S2                 0.996       0.007      0.000       0.974       1.000      *
    S3                 0.999       0.002      0.000       0.991       1.000      *


R-SQUARE

Within-Level R-Square Averaged Across Clusters

                                Posterior  One-Tailed         95% C.I.
    Variable        Estimate       S.D.      P-Value   Lower 2.5%  Upper 2.5%

    AB                 0.085       0.003      0.000       0.080       0.091

Between Level

                                Posterior  One-Tailed         95% C.I.
    Variable        Estimate       S.D.      P-Value   Lower 2.5%  Upper 2.5%

    AB                 0.128       0.027      0.000       0.079       0.184

                                Posterior  One-Tailed         95% C.I.
    Variable        Estimate       S.D.      P-Value   Lower 2.5%  Upper 2.5%

    S1                 0.001       0.002      0.000       0.000       0.007
    S2                 0.004       0.007      0.000       0.000       0.026
    S3                 0.001       0.002      0.000       0.000       0.009


TECHNICAL 1 OUTPUT


     PARAMETER SPECIFICATION FOR WITHIN


           NU
              AB            FTF           CMC           MIXED         WEEKEND
              ________      ________      ________      ________      ________
                    0             0             0             0             0


           LAMBDA
              AB            FTF           CMC           MIXED         WEEKEND
              ________      ________      ________      ________      ________
 AB                 0             0             0             0             0
 FTF                0             0             0             0             0
 CMC                0             0             0             0             0
 MIXED              0             0             0             0             0
 WEEKEND            0             0             0             0             0


           THETA
              AB            FTF           CMC           MIXED         WEEKEND
              ________      ________      ________      ________      ________
 AB                 0
 FTF                0             0
 CMC                0             0             0
 MIXED              0             0             0             0
 WEEKEND            0             0             0             0             0


           ALPHA
              AB            FTF           CMC           MIXED         WEEKEND
              ________      ________      ________      ________      ________
                    0             0             0             0             0


           BETA
              AB            FTF           CMC           MIXED         WEEKEND
              ________      ________      ________      ________      ________
 AB                 0             0             0             0             1
 FTF                0             0             0             0             0
 CMC                0             0             0             0             0
 MIXED              0             0             0             0             0
 WEEKEND            0             0             0             0             0


           PSI
              AB            FTF           CMC           MIXED         WEEKEND
              ________      ________      ________      ________      ________
 AB                 2
 FTF                0             3
 CMC                0             0             4
 MIXED              0             0             0             5
 WEEKEND            0             0             0             0             0


     PARAMETER SPECIFICATION FOR BETWEEN


           NU
              AB            FTF           CMC           MIXED         O
              ________      ________      ________      ________      ________
                    0             0             0             0             0


           NU
              GENDER        ETHNICIT      SES
              ________      ________      ________
                    0             0             0


           LAMBDA
              S1            S2            S3            AB            FTF
              ________      ________      ________      ________      ________
 AB                 0             0             0             0             0
 FTF                0             0             0             0             0
 CMC                0             0             0             0             0
 MIXED              0             0             0             0             0
 O                  0             0             0             0             0
 GENDER             0             0             0             0             0
 ETHNICIT           0             0             0             0             0
 SES                0             0             0             0             0


           LAMBDA
              CMC           MIXED         O             GENDER        ETHNICIT
              ________      ________      ________      ________      ________
 AB                 0             0             0             0             0
 FTF                0             0             0             0             0
 CMC                0             0             0             0             0
 MIXED              0             0             0             0             0
 O                  0             0             0             0             0
 GENDER             0             0             0             0             0
 ETHNICIT           0             0             0             0             0
 SES                0             0             0             0             0


           LAMBDA
              SES
              ________
 AB                 0
 FTF                0
 CMC                0
 MIXED              0
 O                  0
 GENDER             0
 ETHNICIT           0
 SES                0


           THETA
              AB            FTF           CMC           MIXED         O
              ________      ________      ________      ________      ________
 AB                 0
 FTF                0             0
 CMC                0             0             0
 MIXED              0             0             0             0
 O                  0             0             0             0             0
 GENDER             0             0             0             0             0
 ETHNICIT           0             0             0             0             0
 SES                0             0             0             0             0


           THETA
              GENDER        ETHNICIT      SES
              ________      ________      ________
 GENDER             0
 ETHNICIT           0             0
 SES                0             0             0


           ALPHA
              S1            S2            S3            AB            FTF
              ________      ________      ________      ________      ________
                    6             7             8             9            10


           ALPHA
              CMC           MIXED         O             GENDER        ETHNICIT
              ________      ________      ________      ________      ________
                   11            12             0             0             0


           ALPHA
              SES
              ________
                    0


           BETA
              S1            S2            S3            AB            FTF
              ________      ________      ________      ________      ________
 S1                 0             0             0             0             0
 S2                 0             0             0             0             0
 S3                 0             0             0             0             0
 AB                 0             0             0             0            16
 FTF                0             0             0             0             0
 CMC                0             0             0             0             0
 MIXED              0             0             0             0             0
 O                  0             0             0             0             0
 GENDER             0             0             0             0             0
 ETHNICIT           0             0             0             0             0
 SES                0             0             0             0             0


           BETA
              CMC           MIXED         O             GENDER        ETHNICIT
              ________      ________      ________      ________      ________
 S1                 0             0            13             0             0
 S2                 0             0            14             0             0
 S3                 0             0            15             0             0
 AB                17            18            19            20            21
 FTF                0             0             0             0             0
 CMC                0             0             0             0             0
 MIXED              0             0             0             0             0
 O                  0             0             0             0             0
 GENDER             0             0             0             0             0
 ETHNICIT           0             0             0             0             0
 SES                0             0             0             0             0


           BETA
              SES
              ________
 S1                 0
 S2                 0
 S3                 0
 AB                22
 FTF                0
 CMC                0
 MIXED              0
 O                  0
 GENDER             0
 ETHNICIT           0
 SES                0


           PSI
              S1            S2            S3            AB            FTF
              ________      ________      ________      ________      ________
 S1                23
 S2                24            25
 S3                26            27            28
 AB                29            30            31            32
 FTF                0             0             0             0            33
 CMC                0             0             0             0             0
 MIXED              0             0             0             0             0
 O                  0             0             0             0             0
 GENDER             0             0             0             0             0
 ETHNICIT           0             0             0             0             0
 SES                0             0             0             0             0


           PSI
              CMC           MIXED         O             GENDER        ETHNICIT
              ________      ________      ________      ________      ________
 CMC               34
 MIXED              0            35
 O                  0             0             0
 GENDER             0             0             0             0
 ETHNICIT           0             0             0             0             0
 SES                0             0             0             0             0


           PSI
              SES
              ________
 SES                0


     STARTING VALUES FOR WITHIN


           NU
              AB            FTF           CMC           MIXED         WEEKEND
              ________      ________      ________      ________      ________
                0.000         0.000         0.000         0.000         0.000


           LAMBDA
              AB            FTF           CMC           MIXED         WEEKEND
              ________      ________      ________      ________      ________
 AB             1.000         0.000         0.000         0.000         0.000
 FTF            0.000         1.000         0.000         0.000         0.000
 CMC            0.000         0.000         1.000         0.000         0.000
 MIXED          0.000         0.000         0.000         1.000         0.000
 WEEKEND        0.000         0.000         0.000         0.000         1.000


           THETA
              AB            FTF           CMC           MIXED         WEEKEND
              ________      ________      ________      ________      ________
 AB             0.000
 FTF            0.000         0.000
 CMC            0.000         0.000         0.000
 MIXED          0.000         0.000         0.000         0.000
 WEEKEND        0.000         0.000         0.000         0.000         0.000


           ALPHA
              AB            FTF           CMC           MIXED         WEEKEND
              ________      ________      ________      ________      ________
                0.000         0.000         0.000         0.000         0.000


           BETA
              AB            FTF           CMC           MIXED         WEEKEND
              ________      ________      ________      ________      ________
 AB             0.000         0.000         0.000         0.000         0.000
 FTF            0.000         0.000         0.000         0.000         0.000
 CMC            0.000         0.000         0.000         0.000         0.000
 MIXED          0.000         0.000         0.000         0.000         0.000
 WEEKEND        0.000         0.000         0.000         0.000         0.000


           PSI
              AB            FTF           CMC           MIXED         WEEKEND
              ________      ________      ________      ________      ________
 AB             0.853
 FTF            0.000         0.082
 CMC            0.000         0.000         0.056
 MIXED          0.000         0.000         0.000         0.061
 WEEKEND        0.000         0.000         0.000         0.000         0.098


     STARTING VALUES FOR BETWEEN


           NU
              AB            FTF           CMC           MIXED         O
              ________      ________      ________      ________      ________
                0.000         0.000         0.000         0.000         0.000


           NU
              GENDER        ETHNICIT      SES
              ________      ________      ________
                0.000         0.000         0.000


           LAMBDA
              S1            S2            S3            AB            FTF
              ________      ________      ________      ________      ________
 AB             0.000         0.000         0.000         1.000         0.000
 FTF            0.000         0.000         0.000         0.000         1.000
 CMC            0.000         0.000         0.000         0.000         0.000
 MIXED          0.000         0.000         0.000         0.000         0.000
 O              0.000         0.000         0.000         0.000         0.000
 GENDER         0.000         0.000         0.000         0.000         0.000
 ETHNICIT       0.000         0.000         0.000         0.000         0.000
 SES            0.000         0.000         0.000         0.000         0.000


           LAMBDA
              CMC           MIXED         O             GENDER        ETHNICIT
              ________      ________      ________      ________      ________
 AB             0.000         0.000         0.000         0.000         0.000
 FTF            0.000         0.000         0.000         0.000         0.000
 CMC            1.000         0.000         0.000         0.000         0.000
 MIXED          0.000         1.000         0.000         0.000         0.000
 O              0.000         0.000         1.000         0.000         0.000
 GENDER         0.000         0.000         0.000         1.000         0.000
 ETHNICIT       0.000         0.000         0.000         0.000         1.000
 SES            0.000         0.000         0.000         0.000         0.000


           LAMBDA
              SES
              ________
 AB             0.000
 FTF            0.000
 CMC            0.000
 MIXED          0.000
 O              0.000
 GENDER         0.000
 ETHNICIT       0.000
 SES            1.000


           THETA
              AB            FTF           CMC           MIXED         O
              ________      ________      ________      ________      ________
 AB             0.000
 FTF            0.000         0.000
 CMC            0.000         0.000         0.000
 MIXED          0.000         0.000         0.000         0.000
 O              0.000         0.000         0.000         0.000         0.000
 GENDER         0.000         0.000         0.000         0.000         0.000
 ETHNICIT       0.000         0.000         0.000         0.000         0.000
 SES            0.000         0.000         0.000         0.000         0.000


           THETA
              GENDER        ETHNICIT      SES
              ________      ________      ________
 GENDER         0.000
 ETHNICIT       0.000         0.000
 SES            0.000         0.000         0.000


           ALPHA
              S1            S2            S3            AB            FTF
              ________      ________      ________      ________      ________
                0.000         0.000         0.000         0.987         0.208


           ALPHA
              CMC           MIXED         O             GENDER        ETHNICIT
              ________      ________      ________      ________      ________
                0.128         0.143         0.000         0.000         0.000


           ALPHA
              SES
              ________
                0.000


           BETA
              S1            S2            S3            AB            FTF
              ________      ________      ________      ________      ________
 S1             0.000         0.000         0.000         0.000         0.000
 S2             0.000         0.000         0.000         0.000         0.000
 S3             0.000         0.000         0.000         0.000         0.000
 AB             0.000         0.000         0.000         0.000         0.000
 FTF            0.000         0.000         0.000         0.000         0.000
 CMC            0.000         0.000         0.000         0.000         0.000
 MIXED          0.000         0.000         0.000         0.000         0.000
 O              0.000         0.000         0.000         0.000         0.000
 GENDER         0.000         0.000         0.000         0.000         0.000
 ETHNICIT       0.000         0.000         0.000         0.000         0.000
 SES            0.000         0.000         0.000         0.000         0.000


           BETA
              CMC           MIXED         O             GENDER        ETHNICIT
              ________      ________      ________      ________      ________
 S1             0.000         0.000         0.000         0.000         0.000
 S2             0.000         0.000         0.000         0.000         0.000
 S3             0.000         0.000         0.000         0.000         0.000
 AB             0.000         0.000         0.000         0.000         0.000
 FTF            0.000         0.000         0.000         0.000         0.000
 CMC            0.000         0.000         0.000         0.000         0.000
 MIXED          0.000         0.000         0.000         0.000         0.000
 O              0.000         0.000         0.000         0.000         0.000
 GENDER         0.000         0.000         0.000         0.000         0.000
 ETHNICIT       0.000         0.000         0.000         0.000         0.000
 SES            0.000         0.000         0.000         0.000         0.000


           BETA
              SES
              ________
 S1             0.000
 S2             0.000
 S3             0.000
 AB             0.000
 FTF            0.000
 CMC            0.000
 MIXED          0.000
 O              0.000
 GENDER         0.000
 ETHNICIT       0.000
 SES            0.000


           PSI
              S1            S2            S3            AB            FTF
              ________      ________      ________      ________      ________
 S1             1.000
 S2             0.000         1.000
 S3             0.000         0.000         1.000
 AB             0.000         0.000         0.000         0.853
 FTF            0.000         0.000         0.000         0.000         0.082
 CMC            0.000         0.000         0.000         0.000         0.000
 MIXED          0.000         0.000         0.000         0.000         0.000
 O              0.000         0.000         0.000         0.000         0.000
 GENDER         0.000         0.000         0.000         0.000         0.000
 ETHNICIT       0.000         0.000         0.000         0.000         0.000
 SES            0.000         0.000         0.000         0.000         0.000


           PSI
              CMC           MIXED         O             GENDER        ETHNICIT
              ________      ________      ________      ________      ________
 CMC            0.056
 MIXED          0.000         0.061
 O              0.000         0.000         0.210
 GENDER         0.000         0.000         0.000         0.103
 ETHNICIT       0.000         0.000         0.000         0.000         0.111
 SES            0.000         0.000         0.000         0.000         0.000


           PSI
              SES
              ________
 SES            0.073



     PRIORS FOR ALL PARAMETERS            PRIOR MEAN      PRIOR VARIANCE     PRIOR STD. DEV.

     Parameter 1~N(0.000,infinity)           0.0000            infinity            infinity
     Parameter 2~IG(-1.000,0.000)          infinity            infinity            infinity
     Parameter 3~IG(-1.000,0.000)          infinity            infinity            infinity
     Parameter 4~IG(-1.000,0.000)          infinity            infinity            infinity
     Parameter 5~IG(-1.000,0.000)          infinity            infinity            infinity
     Parameter 6~N(0.000,infinity)           0.0000            infinity            infinity
     Parameter 7~N(0.000,infinity)           0.0000            infinity            infinity
     Parameter 8~N(0.000,infinity)           0.0000            infinity            infinity
     Parameter 9~N(0.000,infinity)           0.0000            infinity            infinity
     Parameter 10~N(0.000,infinity)          0.0000            infinity            infinity
     Parameter 11~N(0.000,infinity)          0.0000            infinity            infinity
     Parameter 12~N(0.000,infinity)          0.0000            infinity            infinity
     Parameter 13~N(0.000,infinity)          0.0000            infinity            infinity
     Parameter 14~N(0.000,infinity)          0.0000            infinity            infinity
     Parameter 15~N(0.000,infinity)          0.0000            infinity            infinity
     Parameter 16~N(0.000,infinity)          0.0000            infinity            infinity
     Parameter 17~N(0.000,infinity)          0.0000            infinity            infinity
     Parameter 18~N(0.000,infinity)          0.0000            infinity            infinity
     Parameter 19~N(0.000,infinity)          0.0000            infinity            infinity
     Parameter 20~N(0.000,infinity)          0.0000            infinity            infinity
     Parameter 21~N(0.000,infinity)          0.0000            infinity            infinity
     Parameter 22~N(0.000,infinity)          0.0000            infinity            infinity
     Parameter 23~IW(0.000,-5)             infinity            infinity            infinity
     Parameter 24~IW(0.000,-5)             infinity            infinity            infinity
     Parameter 25~IW(0.000,-5)             infinity            infinity            infinity
     Parameter 26~IW(0.000,-5)             infinity            infinity            infinity
     Parameter 27~IW(0.000,-5)             infinity            infinity            infinity
     Parameter 28~IW(0.000,-5)             infinity            infinity            infinity
     Parameter 29~IW(0.000,-5)             infinity            infinity            infinity
     Parameter 30~IW(0.000,-5)             infinity            infinity            infinity
     Parameter 31~IW(0.000,-5)             infinity            infinity            infinity
     Parameter 32~IW(0.000,-5)             infinity            infinity            infinity
     Parameter 33~IG(-1.000,0.000)         infinity            infinity            infinity
     Parameter 34~IG(-1.000,0.000)         infinity            infinity            infinity
     Parameter 35~IG(-1.000,0.000)         infinity            infinity            infinity


TECHNICAL 8 OUTPUT


   TECHNICAL 8 OUTPUT FOR BAYES ESTIMATION

     CHAIN    BSEED
     1        0
     2        285380

                     POTENTIAL       PARAMETER WITH
     ITERATION    SCALE REDUCTION      HIGHEST PSR
     100              1.224               26
     200              1.129               27
     300              1.061               30
     400              1.224               25
     500              1.112               25
     600              1.060               24
     700              1.086               24
     800              1.057               24
     900              1.039               27
     1000             1.064               27
     1100             1.084               27
     1200             1.076               27
     1300             1.113               27
     1400             1.060               27
     1500             1.044               27
     1600             1.042               27
     1700             1.018               25
     1800             1.009               25
     1900             1.011               25
     2000             1.008               7
     2100             1.008               27
     2200             1.009               26
     2300             1.013               26
     2400             1.006               17
     2500             1.005               17
     2600             1.006               27
     2700             1.015               27
     2800             1.010               27
     2900             1.009               27
     3000             1.011               25
     3100             1.026               25
     3200             1.035               25
     3300             1.032               25
     3400             1.020               25
     3500             1.014               27
     3600             1.015               27
     3700             1.025               27
     3800             1.031               27
     3900             1.035               27
     4000             1.027               27
     4100             1.018               27
     4200             1.017               27
     4300             1.017               27
     4400             1.015               27
     4500             1.028               27
     4600             1.025               27
     4700             1.024               27
     4800             1.018               27
     4900             1.018               27
     5000             1.018               27
     5100             1.014               27
     5200             1.012               27
     5300             1.008               27
     5400             1.005               27
     5500             1.005               27
     5600             1.010               27
     5700             1.009               27
     5800             1.007               27
     5900             1.008               27
     6000             1.004               27
     6100             1.005               27
     6200             1.008               27
     6300             1.006               27
     6400             1.008               27
     6500             1.011               27
     6600             1.016               27
     6700             1.018               27
     6800             1.013               27
     6900             1.010               27
     7000             1.011               27
     7100             1.011               27
     7200             1.009               27
     7300             1.007               25
     7400             1.007               25
     7500             1.008               25
     7600             1.007               25
     7700             1.007               25
     7800             1.008               25
     7900             1.008               25
     8000             1.006               25
     8100             1.008               25
     8200             1.011               25
     8300             1.010               25
     8400             1.008               25
     8500             1.010               25
     8600             1.009               25
     8700             1.009               25
     8800             1.005               25
     8900             1.005               25
     9000             1.004               26
     9100             1.004               26
     9200             1.004               26
     9300             1.004               26
     9400             1.003               26
     9500             1.003               26
     9600             1.003               26
     9700             1.003               26
     9800             1.002               26
     9900             1.002               26
     10000            1.002               26


     Beginning Time:  02:44:20
        Ending Time:  02:57:09
       Elapsed Time:  00:12:49



MUTHEN & MUTHEN
3463 Stoner Ave.
Los Angeles, CA  90066

Tel: (310) 391-9971
Fax: (310) 391-8971
Web: www.StatModel.com
Support: Support@StatModel.com

Copyright (c) 1998-2020 Muthen & Muthen
