Mplus VERSION 8.5 (Mac)
MUTHEN & MUTHEN
03/17/2022   2:32 AM

INPUT INSTRUCTIONS

  TITLE: Analysis 4
  DATA: FILE = analysis4+5_S3.dat;
  VARIABLE:
  NAMES = ID AB angry worried happy sad WB stressed lonely
  FTF CMC mixed peers family weak_ties
  E A C N O gender ethnicity SES weekend;
  USEVARIABLES = stressed
  CMC mixed family weak_ties
  weekend O;
  CLUSTER = ID;
  WITHIN = CMC mixed family weak_ties weekend;
  BETWEEN = O;
  MISSING = .;
  DEFINE:
  CENTER CMC (GROUPMEAN);
  CENTER mixed (GROUPMEAN);
  CENTER family (GROUPMEAN);
  CENTER weak_ties (GROUPMEAN);
  CENTER O (GRANDMEAN);
  ANALYSIS: TYPE = TWOLEVEL RANDOM; ESTIMATOR = BAYES;
  BITERATIONS = (10000); PROCESSORS = 2;
  MODEL:
  %WITHIN%
  ! Stress is predicted by CMC, the slope is random
  S1 | stressed ON CMC;
  ! Stress is predicted by mixed episodes, the slope is random
  S2 | stressed ON mixed;
  ! Stress is predicted by family, the slope is random
  S3 | stressed ON family;
  ! Stress is predicted by weak ties, the slope is random
  S4 | stressed ON weak_ties;
  ! Control for weekend
  stressed ON weekend;
  %BETWEEN%
  ! Covariance between intercept and slopes
  stressed S1-S4 WITH stressed S1-S4;
  ! The intercept is predicted by openness
  stressed ON O;
  ! The slopes are predicted by openness
  S1-S4 ON O;
  OUTPUT: STDYX STDY TECH8;



*** WARNING in VARIABLE command
  Note that only the first 8 characters of variable names are used in the output.
  Shorten variable names to avoid any confusion.
*** WARNING
  One or more individual-level variables have no variation within a
  cluster for the following clusters.

     Variable   Cluster IDs with no within-cluster variation

      STRESSED    45 404 562 271 156 816 352 49 396 57 93 667 571 482 173 76 685 847 839 202 341
                  768 797 525 547 707 687 861 98
      WEEKEND     404 271 806 816 49 396 57 485 845 502 598 93 131 666 851 556 844 26 349 680
                  685 881 69 734 265 723 882

*** WARNING
  Data set contains cases with missing on x-variables.
  These cases were not included in the analysis.
  Number of cases with missing on x-variables:  2074
*** WARNING
  Data set contains cases with missing on all variables except
  x-variables.  These cases were not included in the analysis.
  Number of cases with missing on all variables except x-variables:  57
   4 WARNING(S) FOUND IN THE INPUT INSTRUCTIONS



Analysis 4

SUMMARY OF ANALYSIS

Number of groups                                                 1
Number of observations                                       19304

Number of dependent variables                                    1
Number of independent variables                                  6
Number of continuous latent variables                            4

Observed dependent variables

  Continuous
   STRESSED

Observed independent variables
   CMC         MIXED       FAMILY      WEAK_TIE    WEEKEND     O

Continuous latent variables
   S1          S2          S3          S4

Variables with special functions

  Cluster variable      ID

  Within variables
   CMC         MIXED       FAMILY      WEAK_TIE    WEEKEND

  Between variables
   O

  Centering (GRANDMEAN)
   O

  Centering (GROUPMEAN)
   CMC         MIXED       FAMILY      WEAK_TIE


Estimator                                                    BAYES
Specifications for Bayesian Estimation
  Point estimate                                            MEDIAN
  Number of Markov chain Monte Carlo (MCMC) chains               2
  Random seed for the first chain                                0
  Starting value information                           UNPERTURBED
  Algorithm used for Markov chain Monte Carlo           GIBBS(PX1)
  Convergence criterion                                  0.500D-01
  Maximum number of iterations                               50000
  K-th iteration used for thinning                               1

Input data file(s)
  analysis4+5_S3.dat
Input data format  FREE


SUMMARY OF DATA

     Number of clusters                        753

       Size (s)    Cluster ID with Size s

          1        10 63 240 311 608 625 740 876
          2        45 404 562 4 271 298 156 806 816 790
          3        352 376 49 396 57 29 485 303 845 545 502
          4        598 93 131 11 666 667 369
          5        459 22 761 571 532 636 5 851 106 58 718
          6        600 52 556 482 61 700 302 880 405
          7        363 173 844 634 26 378 330 170 238 349
          8        82 76 316 592 778 280 413 813 825 162 615 473 856 118
                   119 178
          9        203 164 406 654 796 578 222 680 820 685 629 533 847
                   701 435 234 480 881 888 53
         10        105 20 214 21 663 807 9 424 431 839 846 247 185 728
                   499 189 522 202 770
         11        195 268 390 683 555 558 804 509 630 358 152 887 59 95
         12        122 573 506 310 290 126 537 69 481 618 732 619 341 552
                   418 750 494 766 498 135 650 569
         13        814 55 734 543 467 269 505 39 602 508 768 611 350 510
                   67 265 529 488 452
         14        797 697 277 585 704 705 588 722 723 199 229 826 642
                   141 525 408 605 221 610 322 684 769 472 130 692 336
                   423
         15        38 397 80 182 183 536 656 420 74 24 374 858 97 772 333
                   784 882 703 564 624 339
         16        83 572 230 706 659 209 201 177 587 589 249 293 254 594
                   883 258 469 36
         17        821 565 606 547 440 237 263 321 370 566 346 781
         18        373 752 753 708 865 450 180 13 225 14 416 428 595 317
                   755 678
         19        733 463 262 441 327 66 751 714 620 760 721 817 281 689
                   662 771 251
         20        621 379 717 343 273 669 862 252 304 872 292 738 18 377
                   831 834 163 19
         21        775 501 266 215 92 584 612 236 253 707 551 51 716 518
                   381 94 486 451 99 241 340 835
         22        88 651 68 411 210 515 6 366 672 25 246 744 372 715 171
                   332
         23        403 335 644 776 176 607 351 507 306 132 863 133 65 810
                   444 520 758 312 158 200 371 886 458 599 348
         24        33 243 668 633 869 474 270 138 50 483 274 429 193 695
                   548 437 81 194
         25        344 244 421 347 323 426 559 475 295 145 100 233 153
                   815 305 110 276 579 8 497 2 720 124 85
         26        148 287 427 743 850 179 328 216 699 368 278 46 838
         27        446 47 531 319 671 789 90 675 111 726 843 539 682 161
                   419 239 713 445
         28        325 120 307 398 864 491 779 665 554 604 873 356 535
                   495 73 517 385 64 591 681 147
         29        647 487 190 84 754 1 549 837 658 331 155 235 664 345
                   31 223 157 12 777 596
         30        286 871 792 793 204 192 524 676 255 401 42 528 461 841
                   788 168
         31        809 492 28 877 434 228 146 496 315 34 123 432 719 282
         32        762 767 542 140 660 41 232 799 87 394 601 780 855
         33        291 727 818 259 729 597 854 261 318 231 382 833 759
                   646 314 765 866 626 430 577 635
         34        795 490 217 798 686 3 563 391 580 653 54 471 631 77
                   849 586
         35        489 447 465 805 264 275 523 687 32 745 117 188 731
         36        513 560 470 677 115 622 219 694 250 296
         37        614 43 417 15 400 289 670 829 260 861 449 107
         38        16 101 448 256 823 89 191 407 830 632 709 353 172
         39        354 860 167 267 380 453 808 37 439 187
         40        557 747 127 739 462 414 388 285
         41        613 748 299 362 691 409 181 198 884 582 800 75 655 812
         42        848 425 384 220 791 511 698 623 257
         43        367 227 272 712 357 479 567 484
         44        143 360 648 412 72 218 245
         45        436 129 393 208 570 248
         46        154 399 114
         47        546 128 300 159 109 819 783 679 213 836 628 102
         48        338 757 637 142 415 454 763
         49        165 794 746 137 643 62 386
         50        375 645 774 640
         51        561 652 308 125 355 853
         52        324 827 657 301
         53        842 27
         54        782 568 71
         55        553 174 500 730 226 521
         56        840 603 519
         58        151 639 103 514 98
         59        212 803 402 627
         60        690 283 313
         61        364
         62        534 476
         64        443
         67        674
         68        186
         69        801
         73        824
         74        530
         75        764
         78        711
         80        40



COVARIANCE COVERAGE OF DATA

Minimum covariance coverage value   0.100

     Number of missing data patterns             1


     PROPORTION OF DATA PRESENT


           Covariance Coverage
              STRESSED      CMC           MIXED         FAMILY        WEAK_TIE
              ________      ________      ________      ________      ________
 STRESSED       1.000
 CMC            1.000         1.000
 MIXED          1.000         1.000         1.000
 FAMILY         1.000         1.000         1.000         1.000
 WEAK_TIE       1.000         1.000         1.000         1.000         1.000
 WEEKEND        1.000         1.000         1.000         1.000         1.000
 O              1.000         1.000         1.000         1.000         1.000


           Covariance Coverage
              WEEKEND       O
              ________      ________
 WEEKEND        1.000
 O              1.000         1.000



UNIVARIATE SAMPLE STATISTICS


     UNIVARIATE HIGHER-ORDER MOMENT DESCRIPTIVE STATISTICS

         Variable/         Mean/     Skewness/   Minimum/ % with                Percentiles
        Sample Size      Variance    Kurtosis    Maximum  Min/Max      20%/60%    40%/80%    Median

     STRESSED              2.137       0.475       1.000   30.15%       1.000      2.000      2.000
           19304.000       0.955      -0.779       4.000   11.68%       2.000      3.000
     CMC                   0.000       0.674      -0.952    0.01%      -0.292     -0.143     -0.091
           19304.000       0.153      -0.302       0.982    0.01%      -0.037      0.409
     MIXED                 0.000       1.497      -0.891    0.03%      -0.151     -0.059     -0.036
           19304.000       0.086       2.735       0.983    0.01%       0.000      0.000
     FAMILY                0.000       0.728      -0.983    0.01%      -0.214     -0.053     -0.025
           19304.000       0.111       1.017       0.983    0.01%       0.000      0.162
     WEAK_TIES             0.000       1.599      -0.929    0.01%      -0.167     -0.077     -0.051
           19304.000       0.094       2.388       0.984    0.01%      -0.024      0.000
     WEEKEND               0.298       0.885       0.000   70.22%       0.000      0.000      0.000
           19304.000       0.209      -1.218       1.000   29.78%       0.000      1.000
     O                     0.000      -0.210      -1.902    0.13%      -0.569     -0.152      0.014
             753.000       0.422      -0.482       1.264    1.59%       0.181      0.598


THE MODEL ESTIMATION TERMINATED NORMALLY

     USE THE FBITERATIONS OPTION TO INCREASE THE NUMBER OF ITERATIONS BY A FACTOR
     OF AT LEAST TWO TO CHECK CONVERGENCE AND THAT THE PSR VALUE DOES NOT INCREASE.



MODEL FIT INFORMATION

Number of Free Parameters                              27

Information Criteria

          Deviance (DIC)                        42779.019
          Estimated Number of Parameters (pD)    1233.595



MODEL RESULTS

                                Posterior  One-Tailed         95% C.I.
                    Estimate       S.D.      P-Value   Lower 2.5%  Upper 2.5%  Significance

Within Level

 STRESSED   ON
    WEEKEND           -0.233       0.012      0.000      -0.256      -0.209      *

 Residual Variances
    STRESSED           0.504       0.005      0.000       0.493       0.515      *

Between Level

 S1         ON
    O                 -0.011       0.029      0.345      -0.068       0.044

 S2         ON
    O                 -0.033       0.033      0.159      -0.100       0.030

 S3         ON
    O                  0.049       0.033      0.071      -0.017       0.115

 S4         ON
    O                 -0.028       0.036      0.214      -0.099       0.043

 STRESSED   ON
    O                  0.054       0.038      0.077      -0.020       0.128

 STRESSED WITH
    S1                 0.036       0.013      0.004       0.011       0.063      *
    S2                -0.010       0.016      0.251      -0.041       0.021
    S3                 0.026       0.015      0.041      -0.003       0.055
    S4                 0.001       0.016      0.468      -0.030       0.032

 S1       WITH
    S2                 0.028       0.011      0.002       0.007       0.051      *
    S3                 0.024       0.011      0.009       0.004       0.047      *
    S4                -0.005       0.012      0.324      -0.028       0.018

 S2       WITH
    S3                 0.008       0.012      0.269      -0.016       0.030
    S4                 0.002       0.014      0.457      -0.024       0.028

 S3       WITH
    S4                 0.035       0.013      0.004       0.010       0.063      *

 Intercepts
    STRESSED           2.228       0.025      0.000       2.179       2.277      *
    S1                 0.164       0.019      0.000       0.126       0.203      *
    S2                 0.084       0.022      0.000       0.040       0.124      *
    S3                 0.092       0.022      0.000       0.048       0.133      *
    S4                 0.072       0.024      0.001       0.024       0.120      *

 Residual Variances
    STRESSED           0.421       0.024      0.000       0.378       0.470      *
    S1                 0.062       0.012      0.000       0.042       0.089      *
    S2                 0.049       0.014      0.000       0.024       0.080      *
    S3                 0.073       0.014      0.000       0.047       0.103      *
    S4                 0.085       0.017      0.000       0.054       0.122      *


STANDARDIZED MODEL RESULTS


STDYX Standardization

                                Posterior  One-Tailed         95% C.I.
                    Estimate       S.D.      P-Value   Lower 2.5%  Upper 2.5%  Significance

Within-Level Standardized Estimates Averaged Over Clusters

 S1 | STRESSED ON
    CMC                0.081       0.008      0.000       0.064       0.096      *

 S2 | STRESSED ON
    MIXED              0.023       0.005      0.000       0.012       0.033      *

 S3 | STRESSED ON
    FAMILY             0.037       0.007      0.000       0.022       0.051      *

 S4 | STRESSED ON
    WEAK_TIES          0.028       0.008      0.000       0.013       0.043      *

 STRESSED   ON
    WEEKEND           -0.134       0.007      0.000      -0.146      -0.120      *

 Residual Variances
    STRESSED           0.930       0.004      0.000       0.921       0.937      *

Between Level

 S1         ON
    O                 -0.021       0.053      0.345      -0.128       0.081

 S2         ON
    O                 -0.069       0.072      0.159      -0.213       0.067

 S3         ON
    O                  0.084       0.057      0.071      -0.028       0.196

 S4         ON
    O                 -0.044       0.058      0.214      -0.160       0.068

 STRESSED   ON
    O                  0.039       0.027      0.077      -0.014       0.091

 STRESSED WITH
    S1                 0.224       0.080      0.004       0.066       0.382      *
    S2                -0.072       0.111      0.251      -0.296       0.142
    S3                 0.147       0.084      0.041      -0.018       0.317
    S4                 0.007       0.083      0.468      -0.156       0.171

 S1       WITH
    S2                 0.522       0.153      0.002       0.163       0.767      *
    S3                 0.362       0.141      0.009       0.061       0.606      *
    S4                -0.072       0.158      0.324      -0.360       0.248

 S2       WITH
    S3                 0.132       0.198      0.269      -0.299       0.459
    S4                 0.025       0.212      0.457      -0.385       0.433

 S3       WITH
    S4                 0.454       0.143      0.004       0.140       0.717      *

 Intercepts
    STRESSED           3.432       0.103      0.000       3.231       3.636      *
    S1                 0.660       0.105      0.000       0.473       0.881      *
    S2                 0.375       0.118      0.000       0.175       0.640      *
    S3                 0.338       0.088      0.000       0.170       0.520      *
    S4                 0.249       0.091      0.001       0.080       0.440      *

 Residual Variances
    STRESSED           0.998       0.002      0.000       0.992       1.000      *
    S1                 0.998       0.005      0.000       0.983       1.000      *
    S2                 0.995       0.013      0.000       0.955       1.000      *
    S3                 0.993       0.011      0.000       0.962       1.000      *
    S4                 0.997       0.007      0.000       0.974       1.000      *


STDY Standardization

                                Posterior  One-Tailed         95% C.I.
                    Estimate       S.D.      P-Value   Lower 2.5%  Upper 2.5%  Significance

Within-Level Standardized Estimates Averaged Over Clusters

 S1 | STRESSED ON
    CMC                0.222       0.023      0.000       0.174       0.265      *

 S2 | STRESSED ON
    MIXED              0.115       0.027      0.000       0.059       0.162      *

 S3 | STRESSED ON
    FAMILY             0.123       0.027      0.000       0.070       0.174      *

 S4 | STRESSED ON
    WEAK_TIES          0.097       0.030      0.000       0.037       0.157      *

 STRESSED   ON
    WEEKEND           -0.316       0.016      0.000      -0.345      -0.282      *

 Residual Variances
    STRESSED           0.930       0.004      0.000       0.921       0.937      *

Between Level

 S1         ON
    O                 -0.046       0.115      0.345      -0.277       0.175

 S2         ON
    O                 -0.149       0.155      0.159      -0.461       0.146

 S3         ON
    O                  0.181       0.124      0.071      -0.061       0.424

 S4         ON
    O                 -0.096       0.125      0.214      -0.346       0.146

 STRESSED   ON
    O                  0.084       0.058      0.077      -0.031       0.197

 STRESSED WITH
    S1                 0.224       0.080      0.004       0.066       0.382      *
    S2                -0.072       0.111      0.251      -0.296       0.142
    S3                 0.147       0.084      0.041      -0.018       0.317
    S4                 0.007       0.083      0.468      -0.156       0.171

 S1       WITH
    S2                 0.522       0.153      0.002       0.163       0.767      *
    S3                 0.362       0.141      0.009       0.061       0.606      *
    S4                -0.072       0.158      0.324      -0.360       0.248

 S2       WITH
    S3                 0.132       0.198      0.269      -0.299       0.459
    S4                 0.025       0.212      0.457      -0.385       0.433

 S3       WITH
    S4                 0.454       0.143      0.004       0.140       0.717      *

 Intercepts
    STRESSED           3.432       0.103      0.000       3.231       3.636      *
    S1                 0.660       0.105      0.000       0.473       0.881      *
    S2                 0.375       0.118      0.000       0.175       0.640      *
    S3                 0.338       0.088      0.000       0.170       0.520      *
    S4                 0.249       0.091      0.001       0.080       0.440      *

 Residual Variances
    STRESSED           0.998       0.002      0.000       0.992       1.000      *
    S1                 0.998       0.005      0.000       0.983       1.000      *
    S2                 0.995       0.013      0.000       0.955       1.000      *
    S3                 0.993       0.011      0.000       0.962       1.000      *
    S4                 0.997       0.007      0.000       0.974       1.000      *


R-SQUARE

Within-Level R-Square Averaged Across Clusters

                                Posterior  One-Tailed         95% C.I.
    Variable        Estimate       S.D.      P-Value   Lower 2.5%  Upper 2.5%

    STRESSED           0.070       0.004      0.000       0.063       0.079

Between Level

                                Posterior  One-Tailed         95% C.I.
    Variable        Estimate       S.D.      P-Value   Lower 2.5%  Upper 2.5%

    STRESSED           0.002       0.002      0.000       0.000       0.008

                                Posterior  One-Tailed         95% C.I.
    Variable        Estimate       S.D.      P-Value   Lower 2.5%  Upper 2.5%

    S1                 0.002       0.005      0.000       0.000       0.017
    S2                 0.005       0.013      0.000       0.000       0.045
    S3                 0.007       0.011      0.000       0.000       0.038
    S4                 0.003       0.007      0.000       0.000       0.026


TECHNICAL 1 OUTPUT


     PARAMETER SPECIFICATION FOR WITHIN


           NU
              STRESSED      CMC           MIXED         FAMILY        WEAK_TIE
              ________      ________      ________      ________      ________
                    0             0             0             0             0


           NU
              WEEKEND
              ________
                    0


           LAMBDA
              STRESSED      CMC           MIXED         FAMILY        WEAK_TIE
              ________      ________      ________      ________      ________
 STRESSED           0             0             0             0             0
 CMC                0             0             0             0             0
 MIXED              0             0             0             0             0
 FAMILY             0             0             0             0             0
 WEAK_TIE           0             0             0             0             0
 WEEKEND            0             0             0             0             0


           LAMBDA
              WEEKEND
              ________
 STRESSED           0
 CMC                0
 MIXED              0
 FAMILY             0
 WEAK_TIE           0
 WEEKEND            0


           THETA
              STRESSED      CMC           MIXED         FAMILY        WEAK_TIE
              ________      ________      ________      ________      ________
 STRESSED           0
 CMC                0             0
 MIXED              0             0             0
 FAMILY             0             0             0             0
 WEAK_TIE           0             0             0             0             0
 WEEKEND            0             0             0             0             0


           THETA
              WEEKEND
              ________
 WEEKEND            0


           ALPHA
              STRESSED      CMC           MIXED         FAMILY        WEAK_TIE
              ________      ________      ________      ________      ________
                    0             0             0             0             0


           ALPHA
              WEEKEND
              ________
                    0


           BETA
              STRESSED      CMC           MIXED         FAMILY        WEAK_TIE
              ________      ________      ________      ________      ________
 STRESSED           0             0             0             0             0
 CMC                0             0             0             0             0
 MIXED              0             0             0             0             0
 FAMILY             0             0             0             0             0
 WEAK_TIE           0             0             0             0             0
 WEEKEND            0             0             0             0             0


           BETA
              WEEKEND
              ________
 STRESSED           1
 CMC                0
 MIXED              0
 FAMILY             0
 WEAK_TIE           0
 WEEKEND            0


           PSI
              STRESSED      CMC           MIXED         FAMILY        WEAK_TIE
              ________      ________      ________      ________      ________
 STRESSED           2
 CMC                0             0
 MIXED              0             0             0
 FAMILY             0             0             0             0
 WEAK_TIE           0             0             0             0             0
 WEEKEND            0             0             0             0             0


           PSI
              WEEKEND
              ________
 WEEKEND            0


     PARAMETER SPECIFICATION FOR BETWEEN


           NU
              STRESSED      O
              ________      ________
                    0             0


           LAMBDA
              S1            S2            S3            S4            STRESSED
              ________      ________      ________      ________      ________
 STRESSED           0             0             0             0             0
 O                  0             0             0             0             0


           LAMBDA
              O
              ________
 STRESSED           0
 O                  0


           THETA
              STRESSED      O
              ________      ________
 STRESSED           0
 O                  0             0


           ALPHA
              S1            S2            S3            S4            STRESSED
              ________      ________      ________      ________      ________
                    3             4             5             6             7


           ALPHA
              O
              ________
                    0


           BETA
              S1            S2            S3            S4            STRESSED
              ________      ________      ________      ________      ________
 S1                 0             0             0             0             0
 S2                 0             0             0             0             0
 S3                 0             0             0             0             0
 S4                 0             0             0             0             0
 STRESSED           0             0             0             0             0
 O                  0             0             0             0             0


           BETA
              O
              ________
 S1                 8
 S2                 9
 S3                10
 S4                11
 STRESSED          12
 O                  0


           PSI
              S1            S2            S3            S4            STRESSED
              ________      ________      ________      ________      ________
 S1                13
 S2                14            15
 S3                16            17            18
 S4                19            20            21            22
 STRESSED          23            24            25            26            27
 O                  0             0             0             0             0


           PSI
              O
              ________
 O                  0


     STARTING VALUES FOR WITHIN


           NU
              STRESSED      CMC           MIXED         FAMILY        WEAK_TIE
              ________      ________      ________      ________      ________
                0.000         0.000         0.000         0.000         0.000


           NU
              WEEKEND
              ________
                0.000


           LAMBDA
              STRESSED      CMC           MIXED         FAMILY        WEAK_TIE
              ________      ________      ________      ________      ________
 STRESSED       1.000         0.000         0.000         0.000         0.000
 CMC            0.000         1.000         0.000         0.000         0.000
 MIXED          0.000         0.000         1.000         0.000         0.000
 FAMILY         0.000         0.000         0.000         1.000         0.000
 WEAK_TIE       0.000         0.000         0.000         0.000         1.000
 WEEKEND        0.000         0.000         0.000         0.000         0.000


           LAMBDA
              WEEKEND
              ________
 STRESSED       0.000
 CMC            0.000
 MIXED          0.000
 FAMILY         0.000
 WEAK_TIE       0.000
 WEEKEND        1.000


           THETA
              STRESSED      CMC           MIXED         FAMILY        WEAK_TIE
              ________      ________      ________      ________      ________
 STRESSED       0.000
 CMC            0.000         0.000
 MIXED          0.000         0.000         0.000
 FAMILY         0.000         0.000         0.000         0.000
 WEAK_TIE       0.000         0.000         0.000         0.000         0.000
 WEEKEND        0.000         0.000         0.000         0.000         0.000


           THETA
              WEEKEND
              ________
 WEEKEND        0.000


           ALPHA
              STRESSED      CMC           MIXED         FAMILY        WEAK_TIE
              ________      ________      ________      ________      ________
                0.000         0.000         0.000         0.000         0.000


           ALPHA
              WEEKEND
              ________
                0.000


           BETA
              STRESSED      CMC           MIXED         FAMILY        WEAK_TIE
              ________      ________      ________      ________      ________
 STRESSED       0.000         0.000         0.000         0.000         0.000
 CMC            0.000         0.000         0.000         0.000         0.000
 MIXED          0.000         0.000         0.000         0.000         0.000
 FAMILY         0.000         0.000         0.000         0.000         0.000
 WEAK_TIE       0.000         0.000         0.000         0.000         0.000
 WEEKEND        0.000         0.000         0.000         0.000         0.000


           BETA
              WEEKEND
              ________
 STRESSED       0.000
 CMC            0.000
 MIXED          0.000
 FAMILY         0.000
 WEAK_TIE       0.000
 WEEKEND        0.000


           PSI
              STRESSED      CMC           MIXED         FAMILY        WEAK_TIE
              ________      ________      ________      ________      ________
 STRESSED       0.477
 CMC            0.000         0.077
 MIXED          0.000         0.000         0.043
 FAMILY         0.000         0.000         0.000         0.055
 WEAK_TIE       0.000         0.000         0.000         0.000         0.047
 WEEKEND        0.000         0.000         0.000         0.000         0.000


           PSI
              WEEKEND
              ________
 WEEKEND        0.105


     STARTING VALUES FOR BETWEEN


           NU
              STRESSED      O
              ________      ________
                0.000         0.000


           LAMBDA
              S1            S2            S3            S4            STRESSED
              ________      ________      ________      ________      ________
 STRESSED       0.000         0.000         0.000         0.000         1.000
 O              0.000         0.000         0.000         0.000         0.000


           LAMBDA
              O
              ________
 STRESSED       0.000
 O              1.000


           THETA
              STRESSED      O
              ________      ________
 STRESSED       0.000
 O              0.000         0.000


           ALPHA
              S1            S2            S3            S4            STRESSED
              ________      ________      ________      ________      ________
                0.000         0.000         0.000         0.000         2.137


           ALPHA
              O
              ________
                0.000


           BETA
              S1            S2            S3            S4            STRESSED
              ________      ________      ________      ________      ________
 S1             0.000         0.000         0.000         0.000         0.000
 S2             0.000         0.000         0.000         0.000         0.000
 S3             0.000         0.000         0.000         0.000         0.000
 S4             0.000         0.000         0.000         0.000         0.000
 STRESSED       0.000         0.000         0.000         0.000         0.000
 O              0.000         0.000         0.000         0.000         0.000


           BETA
              O
              ________
 S1             0.000
 S2             0.000
 S3             0.000
 S4             0.000
 STRESSED       0.000
 O              0.000


           PSI
              S1            S2            S3            S4            STRESSED
              ________      ________      ________      ________      ________
 S1             1.000
 S2             0.000         1.000
 S3             0.000         0.000         1.000
 S4             0.000         0.000         0.000         1.000
 STRESSED       0.000         0.000         0.000         0.000         0.477
 O              0.000         0.000         0.000         0.000         0.000


           PSI
              O
              ________
 O              0.214



     PRIORS FOR ALL PARAMETERS            PRIOR MEAN      PRIOR VARIANCE     PRIOR STD. DEV.

     Parameter 1~N(0.000,infinity)           0.0000            infinity            infinity
     Parameter 2~IG(-1.000,0.000)          infinity            infinity            infinity
     Parameter 3~N(0.000,infinity)           0.0000            infinity            infinity
     Parameter 4~N(0.000,infinity)           0.0000            infinity            infinity
     Parameter 5~N(0.000,infinity)           0.0000            infinity            infinity
     Parameter 6~N(0.000,infinity)           0.0000            infinity            infinity
     Parameter 7~N(0.000,infinity)           0.0000            infinity            infinity
     Parameter 8~N(0.000,infinity)           0.0000            infinity            infinity
     Parameter 9~N(0.000,infinity)           0.0000            infinity            infinity
     Parameter 10~N(0.000,infinity)          0.0000            infinity            infinity
     Parameter 11~N(0.000,infinity)          0.0000            infinity            infinity
     Parameter 12~N(0.000,infinity)          0.0000            infinity            infinity
     Parameter 13~IW(0.000,-6)             infinity            infinity            infinity
     Parameter 14~IW(0.000,-6)             infinity            infinity            infinity
     Parameter 15~IW(0.000,-6)             infinity            infinity            infinity
     Parameter 16~IW(0.000,-6)             infinity            infinity            infinity
     Parameter 17~IW(0.000,-6)             infinity            infinity            infinity
     Parameter 18~IW(0.000,-6)             infinity            infinity            infinity
     Parameter 19~IW(0.000,-6)             infinity            infinity            infinity
     Parameter 20~IW(0.000,-6)             infinity            infinity            infinity
     Parameter 21~IW(0.000,-6)             infinity            infinity            infinity
     Parameter 22~IW(0.000,-6)             infinity            infinity            infinity
     Parameter 23~IW(0.000,-6)             infinity            infinity            infinity
     Parameter 24~IW(0.000,-6)             infinity            infinity            infinity
     Parameter 25~IW(0.000,-6)             infinity            infinity            infinity
     Parameter 26~IW(0.000,-6)             infinity            infinity            infinity
     Parameter 27~IW(0.000,-6)             infinity            infinity            infinity


TECHNICAL 8 OUTPUT


   TECHNICAL 8 OUTPUT FOR BAYES ESTIMATION

     CHAIN    BSEED
     1        0
     2        285380

                     POTENTIAL       PARAMETER WITH
     ITERATION    SCALE REDUCTION      HIGHEST PSR
     100              1.305               14
     200              1.668               16
     300              1.146               26
     400              1.744               15
     500              1.781               15
     600              1.899               15
     700              1.609               20
     800              1.458               20
     900              1.327               18
     1000             1.409               18
     1100             1.282               18
     1200             1.353               17
     1300             1.421               17
     1400             1.434               17
     1500             1.490               17
     1600             1.573               17
     1700             1.627               17
     1800             1.624               17
     1900             1.646               17
     2000             1.592               17
     2100             1.429               17
     2200             1.385               17
     2300             1.384               17
     2400             1.403               17
     2500             1.303               17
     2600             1.220               17
     2700             1.176               17
     2800             1.128               17
     2900             1.079               17
     3000             1.043               17
     3100             1.025               8
     3200             1.028               8
     3300             1.035               8
     3400             1.036               8
     3500             1.030               4
     3600             1.029               8
     3700             1.025               14
     3800             1.037               14
     3900             1.025               14
     4000             1.019               14
     4100             1.017               13
     4200             1.021               14
     4300             1.029               14
     4400             1.021               14
     4500             1.012               20
     4600             1.021               22
     4700             1.015               22
     4800             1.023               20
     4900             1.030               20
     5000             1.041               20
     5100             1.046               20
     5200             1.039               20
     5300             1.039               20
     5400             1.027               20
     5500             1.019               22
     5600             1.017               22
     5700             1.014               22
     5800             1.015               22
     5900             1.014               22
     6000             1.014               22
     6100             1.011               15
     6200             1.017               15
     6300             1.019               15
     6400             1.017               16
     6500             1.018               16
     6600             1.016               21
     6700             1.009               16
     6800             1.009               16
     6900             1.011               16
     7000             1.012               16
     7100             1.015               16
     7200             1.012               16
     7300             1.014               21
     7400             1.011               21
     7500             1.012               21
     7600             1.011               13
     7700             1.010               16
     7800             1.011               16
     7900             1.013               16
     8000             1.012               16
     8100             1.016               16
     8200             1.017               16
     8300             1.011               16
     8400             1.016               17
     8500             1.020               17
     8600             1.023               17
     8700             1.018               17
     8800             1.017               17
     8900             1.014               17
     9000             1.016               16
     9100             1.018               16
     9200             1.021               16
     9300             1.019               16
     9400             1.016               16
     9500             1.018               16
     9600             1.020               20
     9700             1.024               20
     9800             1.024               20
     9900             1.027               20
     10000            1.026               20


     Beginning Time:  02:32:44
        Ending Time:  02:36:58
       Elapsed Time:  00:04:14



MUTHEN & MUTHEN
3463 Stoner Ave.
Los Angeles, CA  90066

Tel: (310) 391-9971
Fax: (310) 391-8971
Web: www.StatModel.com
Support: Support@StatModel.com

Copyright (c) 1998-2020 Muthen & Muthen
