Mplus VERSION 8.5 (Mac)
MUTHEN & MUTHEN
03/16/2022  10:36 PM

INPUT INSTRUCTIONS

  TITLE: Analysis 4
  DATA: FILE = analysis4+5_S2.dat;
  VARIABLE:
  NAMES = ID WB content stressed lonely
  FTF CMC mixed peers family weak_ties
  E A C N O gender ethnicity SES weekend;
  USEVARIABLES = WB
  CMC mixed family weak_ties
  weekend O;
  CLUSTER = ID;
  WITHIN = CMC mixed family weak_ties weekend;
  BETWEEN = O;
  MISSING = .;
  DEFINE:
  CENTER CMC (GROUPMEAN);
  CENTER mixed (GROUPMEAN);
  CENTER family (GROUPMEAN);
  CENTER weak_ties (GROUPMEAN);
  CENTER O (GRANDMEAN);
  ANALYSIS: TYPE = TWOLEVEL RANDOM; ESTIMATOR = BAYES;
  BITERATIONS = (10000); PROCESSORS = 2;
  MODEL:
  %WITHIN%
  ! Well-being is predicted by CMC, the slope is random
  S1 | WB ON CMC;
  ! Well-being is predicted by mixed episodes, the slope is random
  S2 | WB ON mixed;
  ! Well-being is predicted by family, the slope is random
  S3 | WB ON family;
  ! Well-being is predicted by weak ties, the slope is random
  S4 | WB ON weak_ties;
  ! Control for weekend
  WB ON weekend;
  %BETWEEN%
  ! Covariance between intercept and slopes
  WB S1-S4 WITH WB S1-S4;
  ! The intercept is predicted by openness
  WB ON O;
  ! The slopes are predicted by openness
  S1-S4 ON O;
  OUTPUT: STDYX STDY TECH8;



*** WARNING in VARIABLE command
  Note that only the first 8 characters of variable names are used in the output.
  Shorten variable names to avoid any confusion.
*** WARNING
  One or more individual-level variables have no variation within a
  cluster for the following clusters.

     Variable   Cluster IDs with no within-cluster variation

      WB          497 134 140 13 50 629
      WEEKEND     316 335 69 368 502 568 134 293 140 307 650 197 357 404 163 595 300 93 680 700
                  513 515 537 291 496 326 849 668 321 110 48 722

*** WARNING
  Data set contains cases with missing on x-variables.
  These cases were not included in the analysis.
  Number of cases with missing on x-variables:  3138
*** WARNING
  Data set contains cases with missing on all variables except
  x-variables.  These cases were not included in the analysis.
  Number of cases with missing on all variables except x-variables:  10
   4 WARNING(S) FOUND IN THE INPUT INSTRUCTIONS



Analysis 4

SUMMARY OF ANALYSIS

Number of groups                                                 1
Number of observations                                       10871

Number of dependent variables                                    1
Number of independent variables                                  6
Number of continuous latent variables                            4

Observed dependent variables

  Continuous
   WB

Observed independent variables
   CMC         MIXED       FAMILY      WEAK_TIE    WEEKEND     O

Continuous latent variables
   S1          S2          S3          S4

Variables with special functions

  Cluster variable      ID

  Within variables
   CMC         MIXED       FAMILY      WEAK_TIE    WEEKEND

  Between variables
   O

  Centering (GRANDMEAN)
   O

  Centering (GROUPMEAN)
   CMC         MIXED       FAMILY      WEAK_TIE


Estimator                                                    BAYES
Specifications for Bayesian Estimation
  Point estimate                                            MEDIAN
  Number of Markov chain Monte Carlo (MCMC) chains               2
  Random seed for the first chain                                0
  Starting value information                           UNPERTURBED
  Algorithm used for Markov chain Monte Carlo           GIBBS(PX1)
  Convergence criterion                                  0.500D-01
  Maximum number of iterations                               50000
  K-th iteration used for thinning                               1

Input data file(s)
  analysis4+5_S2.dat
Input data format  FREE


SUMMARY OF DATA

     Number of clusters                        623

       Size (s)    Cluster ID with Size s

          1        46 100 121 157 198 208 277 301 312 350 450 486 603 664
                   708 723
          2        316 335 69 368 215 497 502 568 134 293 703 140 307
          3        650 13 197 65 776 565
          4        50 357 362 216 382 404 783 643 118
          5        163 595 300 72 93 428 680 700 150 320 333 262 513 515
                   537 212
          6        657 373 689 483 96 133 291 736 496 578 498 790 621 629
                   363 857
          7        589 326 182 38 220 370 480 567 677 325 698
          8        646 366 194 753 278 777 597 243 519 533 546 812 836
                   98 849 500 23
          9        61 230 231 155 239 398 727 599 602 747 501 417 425 623
                   132 631 10 804 107 29 668 478 11 321 559
         10        110 91 485 265 644 229 757 563 310 413 276 672 92 582
                   64 802 432 142 126 814 130 451 244 247 617 338
         11        302 467 406 532 360 538 334 547 199 633 555 763 427
                   217 566 801 343 99 574 807 40 584 822 825 506 6 847
         12        143 19 649 576 95 463 211 414 789 306 172 90 32 156
                   608 377 158 441 162 724 324 848 740
         13        701 477 704 707 810 2 387 819 821 770 267 331 830 832
                   570 137 842 435 271 18 655
         14        371 713 792 466 251 190 260 204 666 361 813 318 820
                   616 746 279 826 748 179 104 628 536 766 768 854 630
                   410
         15        542 794 579 264 733 36 48 682 685 744 591 592 692 635
                   221 78 26 123 305 328 718 614 354 722 12 15
         16        245 213 642 421 562 422 564 400 711 43 717 543 619 620
                   725 174 551 45 507 76 116 688
         17        482 327 183 520 408 372 41 225 246 737 359 380 71 817
                   214 695 750 457 638 641 759 191 394 86 601 772 470 509
                   471 606 219 241 117
         18        31 395 108 656 585 715 403 622 222 195 74 525 726 681
                   528 785 600 787 531 73 159 160 473 202 541 852
         19        544 754 115 112 472 379 834 769 173 232 56 311 634 226
                   364 639 694 665 640
         20        632 764 66 798 250 596 771 67 294 516 846 436 25 670
                   732 27 127 257 367
         21        249 272 464 101 193 721 434 237 284 139 332 571 381
                   161 94 735 37 164 851 4 203 128 426
         22        138 42 431 275 88 671 258 313 177 152 845 569 44 55
                   684 522 784 63 690 607
         23        14 148 469 170 648 187 356 79 125 527 775 660 481 82
                   176 83 853 210 412 274 146
         24        59 508 54 49 355 577 474 838 84 774 175 583 661 808
                   460 290 782 266 613 248 503 234 269 593 396
         25        20 458 816 120 709 659 693 824 51 57 490 87 52 385 833
                   16 315
         26        181 405 739 345 843 423 297 468 154 511 8 136 624
         27        647 169 743 610 103 699 184 383 348 401 493 227 534
                   756 295 758 388 459 358 391 714 765 22
         28        446 809 827 530 167 186 201 667 760
         29        7 573 779 730 299 773 168 282 749
         30        374 800 319 811 755 550 795 97 47
         31        402 625 696 252 529 738 652 415 309 386
         32        323 263 636 479 270 80 242 60 235
         33        609 389 674 378
         34        77 581 399 337 540 476 439 444
         35        514
         36        135 393
         37        850 192
         38        598 273 705 780 654 308
         39        662 767 572
         40        418
         41        141 465 346 228 53 254
         43        287
         44        499
         45        24
         46        580



COVARIANCE COVERAGE OF DATA

Minimum covariance coverage value   0.100

     Number of missing data patterns             1


     PROPORTION OF DATA PRESENT


           Covariance Coverage
              WB            CMC           MIXED         FAMILY        WEAK_TIE
              ________      ________      ________      ________      ________
 WB             1.000
 CMC            1.000         1.000
 MIXED          1.000         1.000         1.000
 FAMILY         1.000         1.000         1.000         1.000
 WEAK_TIE       1.000         1.000         1.000         1.000         1.000
 WEEKEND        1.000         1.000         1.000         1.000         1.000
 O              1.000         1.000         1.000         1.000         1.000


           Covariance Coverage
              WEEKEND       O
              ________      ________
 WEEKEND        1.000
 O              1.000         1.000



UNIVARIATE SAMPLE STATISTICS


     UNIVARIATE HIGHER-ORDER MOMENT DESCRIPTIVE STATISTICS

         Variable/         Mean/     Skewness/   Minimum/ % with                Percentiles
        Sample Size      Variance    Kurtosis    Maximum  Min/Max      20%/60%    40%/80%    Median

     WB                    3.030      -0.512       1.000    0.88%       2.333      3.000      3.000
           10871.000       0.428      -0.085       4.000   11.18%       3.333      3.667
     CMC                   0.000       0.592      -0.941    0.01%      -0.333     -0.192     -0.125
           10871.000       0.174      -0.751       0.964    0.01%      -0.067      0.480
     MIXED                 0.000       1.589      -0.833    0.01%      -0.200     -0.100     -0.067
           10871.000       0.104       1.863       0.972    0.01%      -0.040      0.000
     FAMILY                0.000       1.474      -0.947    0.01%      -0.167     -0.059     -0.034
           10871.000       0.088       2.597       0.974    0.01%       0.000      0.000
     WEAK_TIES             0.000       1.214      -0.846    0.04%      -0.222     -0.125     -0.083
           10871.000       0.123       0.865       0.977    0.01%      -0.050      0.000
     WEEKEND               0.308       0.832       0.000   69.21%       0.000      0.000      0.000
           10871.000       0.213      -1.307       1.000   30.79%       0.000      1.000
     O                     0.000      -0.077      -1.729    0.16%      -0.529     -0.129     -0.029
             623.000       0.371      -0.400       1.371    0.64%       0.171      0.471


THE MODEL ESTIMATION TERMINATED NORMALLY

     USE THE FBITERATIONS OPTION TO INCREASE THE NUMBER OF ITERATIONS BY A FACTOR
     OF AT LEAST TWO TO CHECK CONVERGENCE AND THAT THE PSR VALUE DOES NOT INCREASE.



MODEL FIT INFORMATION

Number of Free Parameters                              27

Information Criteria

          Deviance (DIC)                        16384.530
          Estimated Number of Parameters (pD)     980.324



MODEL RESULTS

                                Posterior  One-Tailed         95% C.I.
                    Estimate       S.D.      P-Value   Lower 2.5%  Upper 2.5%  Significance

Within Level

 WB         ON
    WEEKEND            0.109       0.011      0.000       0.087       0.130      *

 Residual Variances
    WB                 0.242       0.004      0.000       0.235       0.249      *

Between Level

 S1         ON
    O                 -0.012       0.026      0.321      -0.062       0.040

 S2         ON
    O                 -0.001       0.031      0.489      -0.064       0.060

 S3         ON
    O                 -0.097       0.035      0.001      -0.170      -0.031      *

 S4         ON
    O                  0.016       0.029      0.297      -0.042       0.073

 WB         ON
    O                  0.013       0.028      0.326      -0.043       0.068

 WB       WITH
    S1                 0.018       0.007      0.006       0.004       0.031      *
    S2                -0.004       0.008      0.331      -0.019       0.012
    S3                -0.005       0.009      0.312      -0.023       0.013
    S4                -0.018       0.008      0.008      -0.033      -0.004      *

 S1       WITH
    S2                 0.017       0.006      0.000       0.006       0.030      *
    S3                -0.014       0.007      0.029      -0.028       0.001
    S4                 0.014       0.007      0.014       0.001       0.027      *

 S2       WITH
    S3                -0.002       0.008      0.370      -0.019       0.015
    S4                 0.013       0.008      0.041      -0.002       0.028

 S3       WITH
    S4                 0.010       0.008      0.114      -0.006       0.026

 Intercepts
    WB                 2.971       0.018      0.000       2.937       3.006      *
    S1                -0.231       0.016      0.000      -0.263      -0.200      *
    S2                -0.044       0.018      0.006      -0.078      -0.010      *
    S3                 0.011       0.022      0.317      -0.033       0.052
    S4                -0.161       0.017      0.000      -0.195      -0.127      *

 Residual Variances
    WB                 0.164       0.011      0.000       0.144       0.186      *
    S1                 0.045       0.008      0.000       0.031       0.063      *
    S2                 0.020       0.008      0.000       0.008       0.039      *
    S3                 0.044       0.011      0.000       0.026       0.068      *
    S4                 0.038       0.010      0.000       0.021       0.058      *


STANDARDIZED MODEL RESULTS


STDYX Standardization

                                Posterior  One-Tailed         95% C.I.
                    Estimate       S.D.      P-Value   Lower 2.5%  Upper 2.5%  Significance

Within-Level Standardized Estimates Averaged Over Clusters

 S1 | WB ON
    CMC               -0.164       0.009      0.000      -0.182      -0.146      *

 S2 | WB ON
    MIXED             -0.021       0.008      0.001      -0.037      -0.006      *

 S3 | WB ON
    FAMILY             0.005       0.007      0.242      -0.009       0.020

 S4 | WB ON
    WEAK_TIES         -0.093       0.009      0.000      -0.110      -0.075      *

 WB         ON
    WEEKEND            0.086       0.009      0.000       0.069       0.103      *

 Residual Variances
    WB                 0.903       0.006      0.000       0.891       0.914      *

Between Level

 S1         ON
    O                 -0.025       0.053      0.321      -0.126       0.080

 S2         ON
    O                 -0.003       0.100      0.489      -0.201       0.199

 S3         ON
    O                 -0.195       0.075      0.001      -0.355      -0.061      *

 S4         ON
    O                  0.034       0.064      0.297      -0.091       0.162

 WB         ON
    O                  0.013       0.030      0.326      -0.046       0.071

 WB       WITH
    S1                 0.204       0.081      0.006       0.041       0.355      *
    S2                -0.062       0.143      0.331      -0.342       0.238
    S3                -0.055       0.109      0.312      -0.269       0.157
    S4                -0.230       0.094      0.008      -0.416      -0.048      *

 S1       WITH
    S2                 0.577       0.170      0.000       0.227       0.902      *
    S3                -0.316       0.155      0.029      -0.604       0.011
    S4                 0.340       0.144      0.014       0.039       0.601      *

 S2       WITH
    S3                -0.087       0.283      0.370      -0.715       0.472
    S4                 0.486       0.223      0.041      -0.071       0.773

 S3       WITH
    S4                 0.258       0.188      0.114      -0.183       0.551

 Intercepts
    WB                 7.335       0.244      0.000       6.870       7.828      *
    S1                -1.084       0.126      0.000      -1.361      -0.867      *
    S2                -0.307       0.150      0.006      -0.675      -0.062      *
    S3                 0.048       0.104      0.317      -0.154       0.257
    S4                -0.826       0.143      0.000      -1.154      -0.591      *

 Residual Variances
    WB                 1.000       0.002      0.000       0.995       1.000      *
    S1                 0.998       0.005      0.000       0.983       1.000      *
    S2                 0.996       0.016      0.000       0.939       1.000      *
    S3                 0.962       0.032      0.000       0.874       0.996      *
    S4                 0.998       0.007      0.000       0.973       1.000      *


STDY Standardization

                                Posterior  One-Tailed         95% C.I.
                    Estimate       S.D.      P-Value   Lower 2.5%  Upper 2.5%  Significance

Within-Level Standardized Estimates Averaged Over Clusters

 S1 | WB ON
    CMC               -0.437       0.025      0.000      -0.488      -0.389      *

 S2 | WB ON
    MIXED             -0.083       0.033      0.004      -0.147      -0.020      *

 S3 | WB ON
    FAMILY             0.011       0.038      0.385      -0.062       0.089

 S4 | WB ON
    WEAK_TIES         -0.307       0.030      0.000      -0.362      -0.245      *

 WB         ON
    WEEKEND            0.209       0.021      0.000       0.169       0.251      *

 Residual Variances
    WB                 0.903       0.006      0.000       0.891       0.914      *

Between Level

 S1         ON
    O                 -0.058       0.123      0.321      -0.293       0.186

 S2         ON
    O                 -0.006       0.234      0.489      -0.469       0.463

 S3         ON
    O                 -0.455       0.174      0.001      -0.827      -0.142      *

 S4         ON
    O                  0.080       0.150      0.297      -0.212       0.376

 WB         ON
    O                  0.031       0.070      0.326      -0.107       0.165

 WB       WITH
    S1                 0.204       0.081      0.006       0.041       0.355      *
    S2                -0.062       0.143      0.331      -0.342       0.238
    S3                -0.055       0.109      0.312      -0.269       0.157
    S4                -0.230       0.094      0.008      -0.416      -0.048      *

 S1       WITH
    S2                 0.577       0.170      0.000       0.227       0.902      *
    S3                -0.316       0.155      0.029      -0.604       0.011
    S4                 0.340       0.144      0.014       0.039       0.601      *

 S2       WITH
    S3                -0.087       0.283      0.370      -0.715       0.472
    S4                 0.486       0.223      0.041      -0.071       0.773

 S3       WITH
    S4                 0.258       0.188      0.114      -0.183       0.551

 Intercepts
    WB                 7.335       0.244      0.000       6.870       7.828      *
    S1                -1.084       0.126      0.000      -1.361      -0.867      *
    S2                -0.307       0.150      0.006      -0.675      -0.062      *
    S3                 0.048       0.104      0.317      -0.154       0.257
    S4                -0.826       0.143      0.000      -1.154      -0.591      *

 Residual Variances
    WB                 1.000       0.002      0.000       0.995       1.000      *
    S1                 0.998       0.005      0.000       0.983       1.000      *
    S2                 0.996       0.016      0.000       0.939       1.000      *
    S3                 0.962       0.032      0.000       0.874       0.996      *
    S4                 0.998       0.007      0.000       0.973       1.000      *


R-SQUARE

Within-Level R-Square Averaged Across Clusters

                                Posterior  One-Tailed         95% C.I.
    Variable        Estimate       S.D.      P-Value   Lower 2.5%  Upper 2.5%

    WB                 0.097       0.006      0.000       0.086       0.109

Between Level

                                Posterior  One-Tailed         95% C.I.
    Variable        Estimate       S.D.      P-Value   Lower 2.5%  Upper 2.5%

    WB                 0.000       0.002      0.000       0.000       0.005

                                Posterior  One-Tailed         95% C.I.
    Variable        Estimate       S.D.      P-Value   Lower 2.5%  Upper 2.5%

    S1                 0.002       0.005      0.000       0.000       0.017
    S2                 0.004       0.016      0.000       0.000       0.060
    S3                 0.038       0.032      0.000       0.004       0.126
    S4                 0.002       0.007      0.000       0.000       0.027


TECHNICAL 1 OUTPUT


     PARAMETER SPECIFICATION FOR WITHIN


           NU
              WB            CMC           MIXED         FAMILY        WEAK_TIE
              ________      ________      ________      ________      ________
                    0             0             0             0             0


           NU
              WEEKEND
              ________
                    0


           LAMBDA
              WB            CMC           MIXED         FAMILY        WEAK_TIE
              ________      ________      ________      ________      ________
 WB                 0             0             0             0             0
 CMC                0             0             0             0             0
 MIXED              0             0             0             0             0
 FAMILY             0             0             0             0             0
 WEAK_TIE           0             0             0             0             0
 WEEKEND            0             0             0             0             0


           LAMBDA
              WEEKEND
              ________
 WB                 0
 CMC                0
 MIXED              0
 FAMILY             0
 WEAK_TIE           0
 WEEKEND            0


           THETA
              WB            CMC           MIXED         FAMILY        WEAK_TIE
              ________      ________      ________      ________      ________
 WB                 0
 CMC                0             0
 MIXED              0             0             0
 FAMILY             0             0             0             0
 WEAK_TIE           0             0             0             0             0
 WEEKEND            0             0             0             0             0


           THETA
              WEEKEND
              ________
 WEEKEND            0


           ALPHA
              WB            CMC           MIXED         FAMILY        WEAK_TIE
              ________      ________      ________      ________      ________
                    0             0             0             0             0


           ALPHA
              WEEKEND
              ________
                    0


           BETA
              WB            CMC           MIXED         FAMILY        WEAK_TIE
              ________      ________      ________      ________      ________
 WB                 0             0             0             0             0
 CMC                0             0             0             0             0
 MIXED              0             0             0             0             0
 FAMILY             0             0             0             0             0
 WEAK_TIE           0             0             0             0             0
 WEEKEND            0             0             0             0             0


           BETA
              WEEKEND
              ________
 WB                 1
 CMC                0
 MIXED              0
 FAMILY             0
 WEAK_TIE           0
 WEEKEND            0


           PSI
              WB            CMC           MIXED         FAMILY        WEAK_TIE
              ________      ________      ________      ________      ________
 WB                 2
 CMC                0             0
 MIXED              0             0             0
 FAMILY             0             0             0             0
 WEAK_TIE           0             0             0             0             0
 WEEKEND            0             0             0             0             0


           PSI
              WEEKEND
              ________
 WEEKEND            0


     PARAMETER SPECIFICATION FOR BETWEEN


           NU
              WB            O
              ________      ________
                    0             0


           LAMBDA
              S1            S2            S3            S4            WB
              ________      ________      ________      ________      ________
 WB                 0             0             0             0             0
 O                  0             0             0             0             0


           LAMBDA
              O
              ________
 WB                 0
 O                  0


           THETA
              WB            O
              ________      ________
 WB                 0
 O                  0             0


           ALPHA
              S1            S2            S3            S4            WB
              ________      ________      ________      ________      ________
                    3             4             5             6             7


           ALPHA
              O
              ________
                    0


           BETA
              S1            S2            S3            S4            WB
              ________      ________      ________      ________      ________
 S1                 0             0             0             0             0
 S2                 0             0             0             0             0
 S3                 0             0             0             0             0
 S4                 0             0             0             0             0
 WB                 0             0             0             0             0
 O                  0             0             0             0             0


           BETA
              O
              ________
 S1                 8
 S2                 9
 S3                10
 S4                11
 WB                12
 O                  0


           PSI
              S1            S2            S3            S4            WB
              ________      ________      ________      ________      ________
 S1                13
 S2                14            15
 S3                16            17            18
 S4                19            20            21            22
 WB                23            24            25            26            27
 O                  0             0             0             0             0


           PSI
              O
              ________
 O                  0


     STARTING VALUES FOR WITHIN


           NU
              WB            CMC           MIXED         FAMILY        WEAK_TIE
              ________      ________      ________      ________      ________
                0.000         0.000         0.000         0.000         0.000


           NU
              WEEKEND
              ________
                0.000


           LAMBDA
              WB            CMC           MIXED         FAMILY        WEAK_TIE
              ________      ________      ________      ________      ________
 WB             1.000         0.000         0.000         0.000         0.000
 CMC            0.000         1.000         0.000         0.000         0.000
 MIXED          0.000         0.000         1.000         0.000         0.000
 FAMILY         0.000         0.000         0.000         1.000         0.000
 WEAK_TIE       0.000         0.000         0.000         0.000         1.000
 WEEKEND        0.000         0.000         0.000         0.000         0.000


           LAMBDA
              WEEKEND
              ________
 WB             0.000
 CMC            0.000
 MIXED          0.000
 FAMILY         0.000
 WEAK_TIE       0.000
 WEEKEND        1.000


           THETA
              WB            CMC           MIXED         FAMILY        WEAK_TIE
              ________      ________      ________      ________      ________
 WB             0.000
 CMC            0.000         0.000
 MIXED          0.000         0.000         0.000
 FAMILY         0.000         0.000         0.000         0.000
 WEAK_TIE       0.000         0.000         0.000         0.000         0.000
 WEEKEND        0.000         0.000         0.000         0.000         0.000


           THETA
              WEEKEND
              ________
 WEEKEND        0.000


           ALPHA
              WB            CMC           MIXED         FAMILY        WEAK_TIE
              ________      ________      ________      ________      ________
                0.000         0.000         0.000         0.000         0.000


           ALPHA
              WEEKEND
              ________
                0.000


           BETA
              WB            CMC           MIXED         FAMILY        WEAK_TIE
              ________      ________      ________      ________      ________
 WB             0.000         0.000         0.000         0.000         0.000
 CMC            0.000         0.000         0.000         0.000         0.000
 MIXED          0.000         0.000         0.000         0.000         0.000
 FAMILY         0.000         0.000         0.000         0.000         0.000
 WEAK_TIE       0.000         0.000         0.000         0.000         0.000
 WEEKEND        0.000         0.000         0.000         0.000         0.000


           BETA
              WEEKEND
              ________
 WB             0.000
 CMC            0.000
 MIXED          0.000
 FAMILY         0.000
 WEAK_TIE       0.000
 WEEKEND        0.000


           PSI
              WB            CMC           MIXED         FAMILY        WEAK_TIE
              ________      ________      ________      ________      ________
 WB             0.214
 CMC            0.000         0.087
 MIXED          0.000         0.000         0.052
 FAMILY         0.000         0.000         0.000         0.044
 WEAK_TIE       0.000         0.000         0.000         0.000         0.062
 WEEKEND        0.000         0.000         0.000         0.000         0.000


           PSI
              WEEKEND
              ________
 WEEKEND        0.107


     STARTING VALUES FOR BETWEEN


           NU
              WB            O
              ________      ________
                0.000         0.000


           LAMBDA
              S1            S2            S3            S4            WB
              ________      ________      ________      ________      ________
 WB             0.000         0.000         0.000         0.000         1.000
 O              0.000         0.000         0.000         0.000         0.000


           LAMBDA
              O
              ________
 WB             0.000
 O              1.000


           THETA
              WB            O
              ________      ________
 WB             0.000
 O              0.000         0.000


           ALPHA
              S1            S2            S3            S4            WB
              ________      ________      ________      ________      ________
                0.000         0.000         0.000         0.000         3.030


           ALPHA
              O
              ________
                0.000


           BETA
              S1            S2            S3            S4            WB
              ________      ________      ________      ________      ________
 S1             0.000         0.000         0.000         0.000         0.000
 S2             0.000         0.000         0.000         0.000         0.000
 S3             0.000         0.000         0.000         0.000         0.000
 S4             0.000         0.000         0.000         0.000         0.000
 WB             0.000         0.000         0.000         0.000         0.000
 O              0.000         0.000         0.000         0.000         0.000


           BETA
              O
              ________
 S1             0.000
 S2             0.000
 S3             0.000
 S4             0.000
 WB             0.000
 O              0.000


           PSI
              S1            S2            S3            S4            WB
              ________      ________      ________      ________      ________
 S1             1.000
 S2             0.000         1.000
 S3             0.000         0.000         1.000
 S4             0.000         0.000         0.000         1.000
 WB             0.000         0.000         0.000         0.000         0.214
 O              0.000         0.000         0.000         0.000         0.000


           PSI
              O
              ________
 O              0.184



     PRIORS FOR ALL PARAMETERS            PRIOR MEAN      PRIOR VARIANCE     PRIOR STD. DEV.

     Parameter 1~N(0.000,infinity)           0.0000            infinity            infinity
     Parameter 2~IG(-1.000,0.000)          infinity            infinity            infinity
     Parameter 3~N(0.000,infinity)           0.0000            infinity            infinity
     Parameter 4~N(0.000,infinity)           0.0000            infinity            infinity
     Parameter 5~N(0.000,infinity)           0.0000            infinity            infinity
     Parameter 6~N(0.000,infinity)           0.0000            infinity            infinity
     Parameter 7~N(0.000,infinity)           0.0000            infinity            infinity
     Parameter 8~N(0.000,infinity)           0.0000            infinity            infinity
     Parameter 9~N(0.000,infinity)           0.0000            infinity            infinity
     Parameter 10~N(0.000,infinity)          0.0000            infinity            infinity
     Parameter 11~N(0.000,infinity)          0.0000            infinity            infinity
     Parameter 12~N(0.000,infinity)          0.0000            infinity            infinity
     Parameter 13~IW(0.000,-6)             infinity            infinity            infinity
     Parameter 14~IW(0.000,-6)             infinity            infinity            infinity
     Parameter 15~IW(0.000,-6)             infinity            infinity            infinity
     Parameter 16~IW(0.000,-6)             infinity            infinity            infinity
     Parameter 17~IW(0.000,-6)             infinity            infinity            infinity
     Parameter 18~IW(0.000,-6)             infinity            infinity            infinity
     Parameter 19~IW(0.000,-6)             infinity            infinity            infinity
     Parameter 20~IW(0.000,-6)             infinity            infinity            infinity
     Parameter 21~IW(0.000,-6)             infinity            infinity            infinity
     Parameter 22~IW(0.000,-6)             infinity            infinity            infinity
     Parameter 23~IW(0.000,-6)             infinity            infinity            infinity
     Parameter 24~IW(0.000,-6)             infinity            infinity            infinity
     Parameter 25~IW(0.000,-6)             infinity            infinity            infinity
     Parameter 26~IW(0.000,-6)             infinity            infinity            infinity
     Parameter 27~IW(0.000,-6)             infinity            infinity            infinity


TECHNICAL 8 OUTPUT


   TECHNICAL 8 OUTPUT FOR BAYES ESTIMATION

     CHAIN    BSEED
     1        0
     2        285380

                     POTENTIAL       PARAMETER WITH
     ITERATION    SCALE REDUCTION      HIGHEST PSR
     100              2.327               9
     200              1.891               18
     300              1.373               21
     400              1.317               9
     500              1.091               16
     600              1.148               16
     700              1.121               5
     800              1.119               5
     900              1.066               5
     1000             1.072               21
     1100             1.070               15
     1200             1.076               15
     1300             1.085               4
     1400             1.064               4
     1500             1.084               4
     1600             1.084               4
     1700             1.134               4
     1800             1.130               4
     1900             1.115               4
     2000             1.079               20
     2100             1.071               20
     2200             1.070               20
     2300             1.045               17
     2400             1.038               17
     2500             1.036               17
     2600             1.028               17
     2700             1.024               17
     2800             1.018               9
     2900             1.017               9
     3000             1.014               4
     3100             1.013               4
     3200             1.022               18
     3300             1.024               18
     3400             1.016               4
     3500             1.022               4
     3600             1.021               4
     3700             1.021               4
     3800             1.023               4
     3900             1.027               22
     4000             1.038               22
     4100             1.035               22
     4200             1.038               22
     4300             1.040               16
     4400             1.047               16
     4500             1.056               16
     4600             1.048               16
     4700             1.040               16
     4800             1.031               4
     4900             1.028               22
     5000             1.025               22
     5100             1.028               21
     5200             1.032               21
     5300             1.038               21
     5400             1.036               21
     5500             1.048               21
     5600             1.056               21
     5700             1.059               21
     5800             1.062               21
     5900             1.053               21
     6000             1.049               21
     6100             1.049               21
     6200             1.050               21
     6300             1.051               21
     6400             1.053               21
     6500             1.055               21
     6600             1.056               21
     6700             1.040               21
     6800             1.031               21
     6900             1.029               21
     7000             1.027               21
     7100             1.026               21
     7200             1.025               22
     7300             1.021               22
     7400             1.020               21
     7500             1.015               21
     7600             1.015               22
     7700             1.020               18
     7800             1.022               18
     7900             1.020               18
     8000             1.023               18
     8100             1.020               18
     8200             1.023               18
     8300             1.026               18
     8400             1.020               18
     8500             1.020               18
     8600             1.018               18
     8700             1.017               18
     8800             1.018               18
     8900             1.017               21
     9000             1.024               21
     9100             1.027               21
     9200             1.028               21
     9300             1.026               20
     9400             1.030               20
     9500             1.028               20
     9600             1.027               20
     9700             1.030               20
     9800             1.035               20
     9900             1.034               20
     10000            1.035               20


     Beginning Time:  22:36:06
        Ending Time:  22:39:22
       Elapsed Time:  00:03:16



MUTHEN & MUTHEN
3463 Stoner Ave.
Los Angeles, CA  90066

Tel: (310) 391-9971
Fax: (310) 391-8971
Web: www.StatModel.com
Support: Support@StatModel.com

Copyright (c) 1998-2020 Muthen & Muthen
