Mplus VERSION 8.5 (Mac)
MUTHEN & MUTHEN
03/17/2022   1:31 AM

INPUT INSTRUCTIONS

  TITLE: Analysis 4
  DATA: FILE = analysis4+5_S3.dat;
  VARIABLE:
  NAMES = ID AB angry worried happy sad WB stressed lonely
  FTF CMC mixed peers family weak_ties
  E A C N O gender ethnicity SES weekend;
  USEVARIABLES = sad
  CMC mixed family weak_ties
  weekend A;
  CLUSTER = ID;
  WITHIN = CMC mixed family weak_ties weekend;
  BETWEEN = A;
  MISSING = .;
  DEFINE:
  CENTER CMC (GROUPMEAN);
  CENTER mixed (GROUPMEAN);
  CENTER family (GROUPMEAN);
  CENTER weak_ties (GROUPMEAN);
  CENTER A (GRANDMEAN);
  ANALYSIS: TYPE = TWOLEVEL RANDOM; ESTIMATOR = BAYES;
  BITERATIONS = (10000); PROCESSORS = 2;
  MODEL:
  %WITHIN%
  ! Sadness is predicted by CMC, the slope is random
  S1 | sad ON CMC;
  ! Sadness is predicted by mixed episodes, the slope is random
  S2 | sad ON mixed;
  ! Sadness is predicted by family, the slope is random
  S3 | sad ON family;
  ! Sadness is predicted by weak ties, the slope is random
  S4 | sad ON weak_ties;
  ! Control for weekend
  sad ON weekend;
  %BETWEEN%
  ! Covariance between intercept and slopes
  sad S1-S4 WITH sad S1-S4;
  ! The intercept is predicted by agreeableness
  sad ON A;
  ! The slopes are predicted by agreeableness
  S1-S4 ON A;
  OUTPUT: STDYX STDY TECH8;



*** WARNING in VARIABLE command
  Note that only the first 8 characters of variable names are used in the output.
  Shorten variable names to avoid any confusion.
*** WARNING
  One or more individual-level variables have no variation within a
  cluster for the following clusters.

     Variable   Cluster IDs with no within-cluster variation

      SAD         562 4 156 45 376 49 485 545 93 131 11 666 667 502 369 106 459 556 482 61 700
                  405 26 378 173 76 316 413 825 118 685 533 480 888 807 424 247 185 390 573 69
                  766 498 814 705 525 605 221 797 397 374 703 36 254 469 821 547 781 428 327 714
                  831 834 94 411 210 171 507 599 138 421 153 579 90 675 873 591 192 492 28 228
                  314 762 631 465 635 107 257 484 245 415 324 842 730
      WEEKEND     271 806 816 49 396 57 485 845 598 93 131 666 851 556 844 26 349 680 685 881
                  69 734 265 723 882

*** WARNING
  Data set contains cases with missing on x-variables.
  These cases were not included in the analysis.
  Number of cases with missing on x-variables:  2083
*** WARNING
  Data set contains cases with missing on all variables except
  x-variables.  These cases were not included in the analysis.
  Number of cases with missing on all variables except x-variables:  74
   4 WARNING(S) FOUND IN THE INPUT INSTRUCTIONS



Analysis 4

SUMMARY OF ANALYSIS

Number of groups                                                 1
Number of observations                                       19278

Number of dependent variables                                    1
Number of independent variables                                  6
Number of continuous latent variables                            4

Observed dependent variables

  Continuous
   SAD

Observed independent variables
   CMC         MIXED       FAMILY      WEAK_TIE    WEEKEND     A

Continuous latent variables
   S1          S2          S3          S4

Variables with special functions

  Cluster variable      ID

  Within variables
   CMC         MIXED       FAMILY      WEAK_TIE    WEEKEND

  Between variables
   A

  Centering (GRANDMEAN)
   A

  Centering (GROUPMEAN)
   CMC         MIXED       FAMILY      WEAK_TIE


Estimator                                                    BAYES
Specifications for Bayesian Estimation
  Point estimate                                            MEDIAN
  Number of Markov chain Monte Carlo (MCMC) chains               2
  Random seed for the first chain                                0
  Starting value information                           UNPERTURBED
  Algorithm used for Markov chain Monte Carlo           GIBBS(PX1)
  Convergence criterion                                  0.500D-01
  Maximum number of iterations                               50000
  K-th iteration used for thinning                               1

Input data file(s)
  analysis4+5_S3.dat
Input data format  FREE


SUMMARY OF DATA

     Number of clusters                        751

       Size (s)    Cluster ID with Size s

          1        10 63 240 311 608 625 740 876 610
          2        562 4 271 298 156 806 816 45
          3        352 376 49 396 57 790 485 303 845 545 29
          4        598 93 131 11 666 667 502 369
          5        22 761 571 532 636 5 851 106 58 718 459
          6        52 556 482 61 700 302 880 170 405 600
          7        844 634 26 378 330 238 363 349 173
          8        76 316 592 778 280 413 813 825 162 615 473 856 118 119
                   82
          9        203 164 406 654 796 578 222 680 820 685 178 533 847
                   701 234 480 881 888 629 53
         10        20 214 21 663 807 9 424 431 839 846 247 185 728 499
                   189 522 202 770 105
         11        268 390 683 555 558 804 509 630 358 152 887 59 95 195
         12        573 506 310 290 126 69 481 618 732 619 341 552 418 750
                   494 766 498 135 650 569 122
         13        55 734 543 467 269 505 39 602 508 768 611 350 510 67
                   265 529 488 723 452 814
         14        277 585 704 705 588 722 423 199 229 826 642 141 525
                   408 605 221 797 322 684 769 472 130 692 177 697
         15        38 397 80 182 183 536 656 420 74 24 374 609 858 97 772
                   333 784 882 336 564 624 703 589 339
         16        230 706 659 209 36 587 83 249 293 254 594 883 749 258
                   469 572
         17        821 565 606 547 440 237 263 321 370 566 346 781
         18        373 752 753 708 865 450 180 13 225 14 416 428 595 317
                   755 678
         19        733 463 262 441 327 66 751 714 620 760 721 817 281 689
                   662 771 251
         20        621 379 717 343 273 669 862 252 304 872 292 738 18 377
                   831 834 163 19
         21        775 501 266 215 92 584 612 236 253 707 551 51 716 518
                   381 94 486 451 99 241 340 835
         22        88 651 68 411 337 210 515 6 366 672 25 246 744 372 715
                   171 50 332
         23        335 644 776 176 607 351 507 306 132 863 133 65 810 444
                   520 758 312 158 200 371 886 458 599 348 429 403
         24        668 633 869 474 270 138 194 483 274 33 193 695 548 437
                   81 243
         25        344 244 421 347 323 426 559 475 295 145 100 233 153
                   815 305 110 276 579 8 497 2 720 124 85
         26        148 287 427 743 850 179 328 216 699 368 278 46 838
         27        446 47 531 319 671 90 675 111 726 843 539 682 161 419
                   239 713 445
         28        325 120 307 398 864 491 779 665 554 604 873 356 535
                   495 73 517 385 64 591 681 147
         29        647 487 190 84 754 1 549 837 658 331 155 235 664 345
                   31 223 157 12 777
         30        168 286 871 792 793 204 192 524 676 255 401 42 528 461
                   841 788
         31        434 809 492 28 877 596 228 146 496 315 34 123 432 719
                   41 282
         32        767 542 140 660 855 232 87 394 601 314 780 762
         33        727 818 259 729 597 854 261 318 231 382 833 759 646
                   765 430 866 626 291 577
         34        586 795 490 217 798 686 3 563 391 580 653 54 471 631
                   77 849
         35        117 489 447 465 805 264 275 523 687 32 745 635 188 731
         36        513 560 470 677 115 622 219 694 250 785 296
         37        614 43 417 15 400 289 670 829 260 861 449 107 453
         38        101 448 256 823 89 191 407 830 632 709 353 16 172
         39        860 167 267 380 187 808 37 439 354
         40        557 747 127 739 462 414 388 285 655
         41        748 299 362 691 409 181 198 884 582 800 75 613
         42        623 848 425 384 220 791 511 698 812 257
         43        367 227 272 712 479 567 484
         44        245 143 360 648 412 72 357 218
         45        436 129 393 208 570 248
         46        154 399 114
         47        546 128 300 159 109 819 783 679 213 836 628 102
         48        338 757 637 142 415 454 763
         49        165 794 746 137 643 62 386
         50        375 645 774 640
         51        561 652 308 125 355 853
         52        324 827 657 301
         53        842 27
         54        782 568 71 521
         55        174 500 730 226 553
         56        840 603 519
         58        151 639 103 514 98
         59        212 803 402 627
         60        690 283 313
         61        364
         62        534 476
         64        443
         67        674
         68        186
         69        801
         73        824
         74        530
         75        764
         78        711
         80        40



COVARIANCE COVERAGE OF DATA

Minimum covariance coverage value   0.100

     Number of missing data patterns             1


     PROPORTION OF DATA PRESENT


           Covariance Coverage
              SAD           CMC           MIXED         FAMILY        WEAK_TIE
              ________      ________      ________      ________      ________
 SAD            1.000
 CMC            1.000         1.000
 MIXED          1.000         1.000         1.000
 FAMILY         1.000         1.000         1.000         1.000
 WEAK_TIE       1.000         1.000         1.000         1.000         1.000
 WEEKEND        1.000         1.000         1.000         1.000         1.000
 A              1.000         1.000         1.000         1.000         1.000


           Covariance Coverage
              WEEKEND       A
              ________      ________
 WEEKEND        1.000
 A              1.000         1.000



UNIVARIATE SAMPLE STATISTICS


     UNIVARIATE HIGHER-ORDER MOMENT DESCRIPTIVE STATISTICS

         Variable/         Mean/     Skewness/   Minimum/ % with                Percentiles
        Sample Size      Variance    Kurtosis    Maximum  Min/Max      20%/60%    40%/80%    Median

     SAD                   1.455       1.651       1.000   66.66%       1.000      1.000      1.000
           19278.000       0.543       2.208       4.000    2.59%       1.000      2.000
     CMC                   0.000       0.679      -0.952    0.01%      -0.292     -0.143     -0.091
           19278.000       0.153      -0.294       0.982    0.01%      -0.038      0.409
     MIXED                 0.000       1.494      -0.891    0.03%      -0.151     -0.057     -0.034
           19278.000       0.086       2.734       0.983    0.01%       0.000      0.000
     FAMILY                0.000       0.725      -0.983    0.01%      -0.211     -0.053     -0.025
           19278.000       0.111       1.013       0.983    0.01%       0.000      0.162
     WEAK_TIES             0.000       1.617      -0.929    0.01%      -0.167     -0.077     -0.051
           19278.000       0.094       2.419       0.984    0.01%      -0.025      0.000
     WEEKEND               0.298       0.881       0.000   70.15%       0.000      0.000      0.000
           19278.000       0.209      -1.224       1.000   29.85%       0.000      1.000
     A                     0.000      -0.389      -2.140    0.13%      -0.556     -0.140      0.027
             751.000       0.342      -0.144       1.277    0.27%       0.194      0.527


THE MODEL ESTIMATION TERMINATED NORMALLY

     USE THE FBITERATIONS OPTION TO INCREASE THE NUMBER OF ITERATIONS BY A FACTOR
     OF AT LEAST TWO TO CHECK CONVERGENCE AND THAT THE PSR VALUE DOES NOT INCREASE.



MODEL FIT INFORMATION

Number of Free Parameters                              27

Information Criteria

          Deviance (DIC)                        34512.366
          Estimated Number of Parameters (pD)    1169.464



MODEL RESULTS

                                Posterior  One-Tailed         95% C.I.
                    Estimate       S.D.      P-Value   Lower 2.5%  Upper 2.5%  Significance

Within Level

 SAD        ON
    WEEKEND           -0.053       0.010      0.000      -0.071      -0.034      *

 Residual Variances
    SAD                0.330       0.004      0.000       0.323       0.337      *

Between Level

 S1         ON
    A                  0.007       0.026      0.388      -0.043       0.062

 S2         ON
    A                 -0.006       0.033      0.428      -0.071       0.061

 S3         ON
    A                 -0.030       0.032      0.176      -0.092       0.035

 S4         ON
    A                 -0.032       0.032      0.158      -0.093       0.030

 SAD        ON
    A                 -0.058       0.030      0.026      -0.119       0.001

 SAD      WITH
    S1                 0.054       0.007      0.000       0.040       0.069      *
    S2                 0.012       0.009      0.083      -0.005       0.029
    S3                 0.031       0.009      0.000       0.013       0.050      *
    S4                -0.009       0.008      0.161      -0.025       0.008

 S1       WITH
    S2                 0.009       0.007      0.106      -0.005       0.023
    S3                 0.000       0.006      0.477      -0.011       0.013
    S4                -0.019       0.007      0.004      -0.032      -0.006      *

 S2       WITH
    S3                -0.017       0.008      0.020      -0.034      -0.001      *
    S4                -0.009       0.009      0.171      -0.026       0.009

 S3       WITH
    S4                 0.014       0.008      0.041      -0.002       0.030

 Intercepts
    SAD                1.495       0.018      0.000       1.460       1.530      *
    S1                 0.121       0.015      0.000       0.093       0.151      *
    S2                 0.020       0.019      0.150      -0.018       0.058
    S3                 0.065       0.018      0.000       0.028       0.100      *
    S4                -0.047       0.019      0.009      -0.084      -0.010      *

 Residual Variances
    SAD                0.208       0.012      0.000       0.186       0.234      *
    S1                 0.031       0.008      0.000       0.018       0.046      *
    S2                 0.040       0.010      0.000       0.022       0.061      *
    S3                 0.064       0.010      0.000       0.046       0.085      *
    S4                 0.034       0.009      0.000       0.018       0.053      *


STANDARDIZED MODEL RESULTS


STDYX Standardization

                                Posterior  One-Tailed         95% C.I.
                    Estimate       S.D.      P-Value   Lower 2.5%  Upper 2.5%  Significance

Within-Level Standardized Estimates Averaged Over Clusters

 S1 | SAD ON
    CMC                0.075       0.008      0.000       0.060       0.092      *

 S2 | SAD ON
    MIXED              0.009       0.006      0.057      -0.003       0.020

 S3 | SAD ON
    FAMILY             0.031       0.007      0.000       0.017       0.045      *

 S4 | SAD ON
    WEAK_TIES         -0.019       0.008      0.004      -0.034      -0.003      *

 SAD        ON
    WEEKEND           -0.037       0.007      0.000      -0.051      -0.024      *

 Residual Variances
    SAD                0.951       0.004      0.000       0.943       0.958      *

Between Level

 S1         ON
    A                  0.017       0.063      0.388      -0.097       0.153

 S2         ON
    A                 -0.012       0.069      0.428      -0.145       0.125

 S3         ON
    A                 -0.049       0.051      0.176      -0.147       0.056

 S4         ON
    A                 -0.070       0.071      0.158      -0.211       0.068

 SAD        ON
    A                 -0.051       0.027      0.026      -0.105       0.001

 SAD      WITH
    S1                 0.684       0.092      0.000       0.505       0.861      *
    S2                 0.136       0.097      0.083      -0.059       0.326
    S3                 0.269       0.078      0.000       0.117       0.426      *
    S4                -0.105       0.101      0.161      -0.299       0.095

 S1       WITH
    S2                 0.272       0.188      0.106      -0.150       0.580
    S3                -0.007       0.135      0.477      -0.265       0.267
    S4                -0.596       0.145      0.004      -0.788      -0.216      *

 S2       WITH
    S3                -0.352       0.166      0.020      -0.666      -0.015      *
    S4                -0.250       0.253      0.171      -0.696       0.276

 S3       WITH
    S4                 0.298       0.161      0.041      -0.053       0.589

 Intercepts
    SAD                3.269       0.102      0.000       3.074       3.473      *
    S1                 0.693       0.120      0.000       0.490       0.955      *
    S2                 0.100       0.101      0.150      -0.093       0.307
    S3                 0.257       0.076      0.000       0.109       0.410      *
    S4                -0.257       0.107      0.009      -0.478      -0.053      *

 Residual Variances
    SAD                0.997       0.003      0.000       0.989       1.000      *
    S1                 0.998       0.007      0.000       0.976       1.000      *
    S2                 0.998       0.007      0.000       0.976       1.000      *
    S3                 0.997       0.006      0.000       0.978       1.000      *
    S4                 0.995       0.013      0.000       0.955       1.000      *


STDY Standardization

                                Posterior  One-Tailed         95% C.I.
                    Estimate       S.D.      P-Value   Lower 2.5%  Upper 2.5%  Significance

Within-Level Standardized Estimates Averaged Over Clusters

 S1 | SAD ON
    CMC                0.204       0.023      0.000       0.159       0.250      *

 S2 | SAD ON
    MIXED              0.041       0.030      0.092      -0.026       0.096

 S3 | SAD ON
    FAMILY             0.109       0.025      0.000       0.060       0.160      *

 S4 | SAD ON
    WEAK_TIES         -0.075       0.029      0.005      -0.128      -0.014      *

 SAD        ON
    WEEKEND           -0.088       0.016      0.000      -0.119      -0.058      *

 Residual Variances
    SAD                0.951       0.004      0.000       0.943       0.958      *

Between Level

 S1         ON
    A                  0.042       0.155      0.388      -0.240       0.377

 S2         ON
    A                 -0.030       0.169      0.428      -0.359       0.308

 S3         ON
    A                 -0.120       0.127      0.176      -0.364       0.138

 S4         ON
    A                 -0.172       0.175      0.158      -0.521       0.167

 SAD        ON
    A                 -0.127       0.066      0.026      -0.259       0.002

 SAD      WITH
    S1                 0.684       0.092      0.000       0.505       0.861      *
    S2                 0.136       0.097      0.083      -0.059       0.326
    S3                 0.269       0.078      0.000       0.117       0.426      *
    S4                -0.105       0.101      0.161      -0.299       0.095

 S1       WITH
    S2                 0.272       0.188      0.106      -0.150       0.580
    S3                -0.007       0.135      0.477      -0.265       0.267
    S4                -0.596       0.145      0.004      -0.788      -0.216      *

 S2       WITH
    S3                -0.352       0.166      0.020      -0.666      -0.015      *
    S4                -0.250       0.253      0.171      -0.696       0.276

 S3       WITH
    S4                 0.298       0.161      0.041      -0.053       0.589

 Intercepts
    SAD                3.269       0.102      0.000       3.074       3.473      *
    S1                 0.693       0.120      0.000       0.490       0.955      *
    S2                 0.100       0.101      0.150      -0.093       0.307
    S3                 0.257       0.076      0.000       0.109       0.410      *
    S4                -0.257       0.107      0.009      -0.478      -0.053      *

 Residual Variances
    SAD                0.997       0.003      0.000       0.989       1.000      *
    S1                 0.998       0.007      0.000       0.976       1.000      *
    S2                 0.998       0.007      0.000       0.976       1.000      *
    S3                 0.997       0.006      0.000       0.978       1.000      *
    S4                 0.995       0.013      0.000       0.955       1.000      *


R-SQUARE

Within-Level R-Square Averaged Across Clusters

                                Posterior  One-Tailed         95% C.I.
    Variable        Estimate       S.D.      P-Value   Lower 2.5%  Upper 2.5%

    SAD                0.049       0.004      0.000       0.042       0.057

Between Level

                                Posterior  One-Tailed         95% C.I.
    Variable        Estimate       S.D.      P-Value   Lower 2.5%  Upper 2.5%

    SAD                0.003       0.003      0.000       0.000       0.011

                                Posterior  One-Tailed         95% C.I.
    Variable        Estimate       S.D.      P-Value   Lower 2.5%  Upper 2.5%

    S1                 0.002       0.007      0.000       0.000       0.024
    S2                 0.002       0.007      0.000       0.000       0.024
    S3                 0.003       0.006      0.000       0.000       0.022
    S4                 0.005       0.013      0.000       0.000       0.045


TECHNICAL 1 OUTPUT


     PARAMETER SPECIFICATION FOR WITHIN


           NU
              SAD           CMC           MIXED         FAMILY        WEAK_TIE
              ________      ________      ________      ________      ________
                    0             0             0             0             0


           NU
              WEEKEND
              ________
                    0


           LAMBDA
              SAD           CMC           MIXED         FAMILY        WEAK_TIE
              ________      ________      ________      ________      ________
 SAD                0             0             0             0             0
 CMC                0             0             0             0             0
 MIXED              0             0             0             0             0
 FAMILY             0             0             0             0             0
 WEAK_TIE           0             0             0             0             0
 WEEKEND            0             0             0             0             0


           LAMBDA
              WEEKEND
              ________
 SAD                0
 CMC                0
 MIXED              0
 FAMILY             0
 WEAK_TIE           0
 WEEKEND            0


           THETA
              SAD           CMC           MIXED         FAMILY        WEAK_TIE
              ________      ________      ________      ________      ________
 SAD                0
 CMC                0             0
 MIXED              0             0             0
 FAMILY             0             0             0             0
 WEAK_TIE           0             0             0             0             0
 WEEKEND            0             0             0             0             0


           THETA
              WEEKEND
              ________
 WEEKEND            0


           ALPHA
              SAD           CMC           MIXED         FAMILY        WEAK_TIE
              ________      ________      ________      ________      ________
                    0             0             0             0             0


           ALPHA
              WEEKEND
              ________
                    0


           BETA
              SAD           CMC           MIXED         FAMILY        WEAK_TIE
              ________      ________      ________      ________      ________
 SAD                0             0             0             0             0
 CMC                0             0             0             0             0
 MIXED              0             0             0             0             0
 FAMILY             0             0             0             0             0
 WEAK_TIE           0             0             0             0             0
 WEEKEND            0             0             0             0             0


           BETA
              WEEKEND
              ________
 SAD                1
 CMC                0
 MIXED              0
 FAMILY             0
 WEAK_TIE           0
 WEEKEND            0


           PSI
              SAD           CMC           MIXED         FAMILY        WEAK_TIE
              ________      ________      ________      ________      ________
 SAD                2
 CMC                0             0
 MIXED              0             0             0
 FAMILY             0             0             0             0
 WEAK_TIE           0             0             0             0             0
 WEEKEND            0             0             0             0             0


           PSI
              WEEKEND
              ________
 WEEKEND            0


     PARAMETER SPECIFICATION FOR BETWEEN


           NU
              SAD           A
              ________      ________
                    0             0


           LAMBDA
              S1            S2            S3            S4            SAD
              ________      ________      ________      ________      ________
 SAD                0             0             0             0             0
 A                  0             0             0             0             0


           LAMBDA
              A
              ________
 SAD                0
 A                  0


           THETA
              SAD           A
              ________      ________
 SAD                0
 A                  0             0


           ALPHA
              S1            S2            S3            S4            SAD
              ________      ________      ________      ________      ________
                    3             4             5             6             7


           ALPHA
              A
              ________
                    0


           BETA
              S1            S2            S3            S4            SAD
              ________      ________      ________      ________      ________
 S1                 0             0             0             0             0
 S2                 0             0             0             0             0
 S3                 0             0             0             0             0
 S4                 0             0             0             0             0
 SAD                0             0             0             0             0
 A                  0             0             0             0             0


           BETA
              A
              ________
 S1                 8
 S2                 9
 S3                10
 S4                11
 SAD               12
 A                  0


           PSI
              S1            S2            S3            S4            SAD
              ________      ________      ________      ________      ________
 S1                13
 S2                14            15
 S3                16            17            18
 S4                19            20            21            22
 SAD               23            24            25            26            27
 A                  0             0             0             0             0


           PSI
              A
              ________
 A                  0


     STARTING VALUES FOR WITHIN


           NU
              SAD           CMC           MIXED         FAMILY        WEAK_TIE
              ________      ________      ________      ________      ________
                0.000         0.000         0.000         0.000         0.000


           NU
              WEEKEND
              ________
                0.000


           LAMBDA
              SAD           CMC           MIXED         FAMILY        WEAK_TIE
              ________      ________      ________      ________      ________
 SAD            1.000         0.000         0.000         0.000         0.000
 CMC            0.000         1.000         0.000         0.000         0.000
 MIXED          0.000         0.000         1.000         0.000         0.000
 FAMILY         0.000         0.000         0.000         1.000         0.000
 WEAK_TIE       0.000         0.000         0.000         0.000         1.000
 WEEKEND        0.000         0.000         0.000         0.000         0.000


           LAMBDA
              WEEKEND
              ________
 SAD            0.000
 CMC            0.000
 MIXED          0.000
 FAMILY         0.000
 WEAK_TIE       0.000
 WEEKEND        1.000


           THETA
              SAD           CMC           MIXED         FAMILY        WEAK_TIE
              ________      ________      ________      ________      ________
 SAD            0.000
 CMC            0.000         0.000
 MIXED          0.000         0.000         0.000
 FAMILY         0.000         0.000         0.000         0.000
 WEAK_TIE       0.000         0.000         0.000         0.000         0.000
 WEEKEND        0.000         0.000         0.000         0.000         0.000


           THETA
              WEEKEND
              ________
 WEEKEND        0.000


           ALPHA
              SAD           CMC           MIXED         FAMILY        WEAK_TIE
              ________      ________      ________      ________      ________
                0.000         0.000         0.000         0.000         0.000


           ALPHA
              WEEKEND
              ________
                0.000


           BETA
              SAD           CMC           MIXED         FAMILY        WEAK_TIE
              ________      ________      ________      ________      ________
 SAD            0.000         0.000         0.000         0.000         0.000
 CMC            0.000         0.000         0.000         0.000         0.000
 MIXED          0.000         0.000         0.000         0.000         0.000
 FAMILY         0.000         0.000         0.000         0.000         0.000
 WEAK_TIE       0.000         0.000         0.000         0.000         0.000
 WEEKEND        0.000         0.000         0.000         0.000         0.000


           BETA
              WEEKEND
              ________
 SAD            0.000
 CMC            0.000
 MIXED          0.000
 FAMILY         0.000
 WEAK_TIE       0.000
 WEEKEND        0.000


           PSI
              SAD           CMC           MIXED         FAMILY        WEAK_TIE
              ________      ________      ________      ________      ________
 SAD            0.271
 CMC            0.000         0.077
 MIXED          0.000         0.000         0.043
 FAMILY         0.000         0.000         0.000         0.055
 WEAK_TIE       0.000         0.000         0.000         0.000         0.047
 WEEKEND        0.000         0.000         0.000         0.000         0.000


           PSI
              WEEKEND
              ________
 WEEKEND        0.105


     STARTING VALUES FOR BETWEEN


           NU
              SAD           A
              ________      ________
                0.000         0.000


           LAMBDA
              S1            S2            S3            S4            SAD
              ________      ________      ________      ________      ________
 SAD            0.000         0.000         0.000         0.000         1.000
 A              0.000         0.000         0.000         0.000         0.000


           LAMBDA
              A
              ________
 SAD            0.000
 A              1.000


           THETA
              SAD           A
              ________      ________
 SAD            0.000
 A              0.000         0.000


           ALPHA
              S1            S2            S3            S4            SAD
              ________      ________      ________      ________      ________
                0.000         0.000         0.000         0.000         1.455


           ALPHA
              A
              ________
                0.000


           BETA
              S1            S2            S3            S4            SAD
              ________      ________      ________      ________      ________
 S1             0.000         0.000         0.000         0.000         0.000
 S2             0.000         0.000         0.000         0.000         0.000
 S3             0.000         0.000         0.000         0.000         0.000
 S4             0.000         0.000         0.000         0.000         0.000
 SAD            0.000         0.000         0.000         0.000         0.000
 A              0.000         0.000         0.000         0.000         0.000


           BETA
              A
              ________
 S1             0.000
 S2             0.000
 S3             0.000
 S4             0.000
 SAD            0.000
 A              0.000


           PSI
              S1            S2            S3            S4            SAD
              ________      ________      ________      ________      ________
 S1             1.000
 S2             0.000         1.000
 S3             0.000         0.000         1.000
 S4             0.000         0.000         0.000         1.000
 SAD            0.000         0.000         0.000         0.000         0.271
 A              0.000         0.000         0.000         0.000         0.000


           PSI
              A
              ________
 A              0.164



     PRIORS FOR ALL PARAMETERS            PRIOR MEAN      PRIOR VARIANCE     PRIOR STD. DEV.

     Parameter 1~N(0.000,infinity)           0.0000            infinity            infinity
     Parameter 2~IG(-1.000,0.000)          infinity            infinity            infinity
     Parameter 3~N(0.000,infinity)           0.0000            infinity            infinity
     Parameter 4~N(0.000,infinity)           0.0000            infinity            infinity
     Parameter 5~N(0.000,infinity)           0.0000            infinity            infinity
     Parameter 6~N(0.000,infinity)           0.0000            infinity            infinity
     Parameter 7~N(0.000,infinity)           0.0000            infinity            infinity
     Parameter 8~N(0.000,infinity)           0.0000            infinity            infinity
     Parameter 9~N(0.000,infinity)           0.0000            infinity            infinity
     Parameter 10~N(0.000,infinity)          0.0000            infinity            infinity
     Parameter 11~N(0.000,infinity)          0.0000            infinity            infinity
     Parameter 12~N(0.000,infinity)          0.0000            infinity            infinity
     Parameter 13~IW(0.000,-6)             infinity            infinity            infinity
     Parameter 14~IW(0.000,-6)             infinity            infinity            infinity
     Parameter 15~IW(0.000,-6)             infinity            infinity            infinity
     Parameter 16~IW(0.000,-6)             infinity            infinity            infinity
     Parameter 17~IW(0.000,-6)             infinity            infinity            infinity
     Parameter 18~IW(0.000,-6)             infinity            infinity            infinity
     Parameter 19~IW(0.000,-6)             infinity            infinity            infinity
     Parameter 20~IW(0.000,-6)             infinity            infinity            infinity
     Parameter 21~IW(0.000,-6)             infinity            infinity            infinity
     Parameter 22~IW(0.000,-6)             infinity            infinity            infinity
     Parameter 23~IW(0.000,-6)             infinity            infinity            infinity
     Parameter 24~IW(0.000,-6)             infinity            infinity            infinity
     Parameter 25~IW(0.000,-6)             infinity            infinity            infinity
     Parameter 26~IW(0.000,-6)             infinity            infinity            infinity
     Parameter 27~IW(0.000,-6)             infinity            infinity            infinity


TECHNICAL 8 OUTPUT


   TECHNICAL 8 OUTPUT FOR BAYES ESTIMATION

     CHAIN    BSEED
     1        0
     2        285380

                     POTENTIAL       PARAMETER WITH
     ITERATION    SCALE REDUCTION      HIGHEST PSR
     100              1.718               11
     200              1.481               11
     300              1.227               15
     400              1.166               8
     500              1.221               22
     600              1.244               17
     700              1.235               17
     800              1.264               22
     900              1.161               21
     1000             1.114               21
     1100             1.072               21
     1200             1.070               21
     1300             1.137               17
     1400             1.136               17
     1500             1.123               17
     1600             1.162               17
     1700             1.186               17
     1800             1.179               17
     1900             1.161               17
     2000             1.100               17
     2100             1.070               8
     2200             1.057               8
     2300             1.082               19
     2400             1.074               19
     2500             1.073               19
     2600             1.067               19
     2700             1.089               19
     2800             1.091               18
     2900             1.090               18
     3000             1.107               18
     3100             1.110               18
     3200             1.122               18
     3300             1.106               18
     3400             1.093               17
     3500             1.107               17
     3600             1.105               17
     3700             1.100               17
     3800             1.081               17
     3900             1.072               17
     4000             1.045               16
     4100             1.043               16
     4200             1.039               16
     4300             1.026               21
     4400             1.020               21
     4500             1.022               21
     4600             1.021               11
     4700             1.022               15
     4800             1.020               15
     4900             1.026               13
     5000             1.037               13
     5100             1.042               13
     5200             1.049               13
     5300             1.059               13
     5400             1.074               13
     5500             1.103               13
     5600             1.118               13
     5700             1.130               13
     5800             1.146               13
     5900             1.163               13
     6000             1.188               13
     6100             1.190               13
     6200             1.197               13
     6300             1.184               13
     6400             1.167               13
     6500             1.144               13
     6600             1.127               13
     6700             1.102               13
     6800             1.086               13
     6900             1.080               13
     7000             1.075               13
     7100             1.065               13
     7200             1.061               13
     7300             1.060               13
     7400             1.058               13
     7500             1.056               13
     7600             1.054               13
     7700             1.044               13
     7800             1.048               13
     7900             1.050               13
     8000             1.045               13
     8100             1.049               20
     8200             1.060               20
     8300             1.067               20
     8400             1.074               20
     8500             1.093               20
     8600             1.094               20
     8700             1.096               20
     8800             1.097               20
     8900             1.102               20
     9000             1.108               20
     9100             1.112               20
     9200             1.103               20
     9300             1.109               20
     9400             1.115               20
     9500             1.112               20
     9600             1.109               20
     9700             1.105               20
     9800             1.097               20
     9900             1.097               20
     10000            1.090               20
     10100            1.089               20
     10200            1.083               20


     Beginning Time:  01:31:11
        Ending Time:  01:35:20
       Elapsed Time:  00:04:09



MUTHEN & MUTHEN
3463 Stoner Ave.
Los Angeles, CA  90066

Tel: (310) 391-9971
Fax: (310) 391-8971
Web: www.StatModel.com
Support: Support@StatModel.com

Copyright (c) 1998-2020 Muthen & Muthen
