Mplus VERSION 8.5 (Mac)
MUTHEN & MUTHEN
03/17/2022   2:16 AM

INPUT INSTRUCTIONS

  TITLE: Analysis 4
  DATA: FILE = analysis4+5_S3.dat;
  VARIABLE:
  NAMES = ID AB angry worried happy sad WB stressed lonely
  FTF CMC mixed peers family weak_ties
  E A C N O gender ethnicity SES weekend;
  USEVARIABLES = stressed
  CMC mixed family weak_ties
  weekend E;
  CLUSTER = ID;
  WITHIN = CMC mixed family weak_ties weekend;
  BETWEEN = E;
  MISSING = .;
  DEFINE:
  CENTER CMC (GROUPMEAN);
  CENTER mixed (GROUPMEAN);
  CENTER family (GROUPMEAN);
  CENTER weak_ties (GROUPMEAN);
  CENTER E (GRANDMEAN);
  ANALYSIS: TYPE = TWOLEVEL RANDOM; ESTIMATOR = BAYES;
  BITERATIONS = (10000); PROCESSORS = 2;
  MODEL:
  %WITHIN%
  ! Stress is predicted by CMC, the slope is random
  S1 | stressed ON CMC;
  ! Stress is predicted by mixed episodes, the slope is random
  S2 | stressed ON mixed;
  ! Stress is predicted by family, the slope is random
  S3 | stressed ON family;
  ! Stress is predicted by weak ties, the slope is random
  S4 | stressed ON weak_ties;
  ! Control for weekend
  stressed ON weekend;
  %BETWEEN%
  ! Covariance between intercept and slopes
  stressed S1-S4 WITH stressed S1-S4;
  ! The intercept is predicted by extraversion
  stressed ON E;
  ! The slopes are predicted by extraversion
  S1-S4 ON E;
  OUTPUT: STDYX STDY TECH8;



*** WARNING in VARIABLE command
  Note that only the first 8 characters of variable names are used in the output.
  Shorten variable names to avoid any confusion.
*** WARNING
  One or more individual-level variables have no variation within a
  cluster for the following clusters.

     Variable   Cluster IDs with no within-cluster variation

      STRESSED    45 404 562 271 156 816 352 49 396 57 93 667 571 482 173 76 685 847 839 202 341
                  768 525 797 547 707 687 861 98
      WEEKEND     404 271 806 816 49 396 57 485 845 502 598 93 131 666 851 556 844 26 349 680
                  685 881 69 734 265 723 882

*** WARNING
  Data set contains cases with missing on x-variables.
  These cases were not included in the analysis.
  Number of cases with missing on x-variables:  2018
*** WARNING
  Data set contains cases with missing on all variables except
  x-variables.  These cases were not included in the analysis.
  Number of cases with missing on all variables except x-variables:  59
   4 WARNING(S) FOUND IN THE INPUT INSTRUCTIONS



Analysis 4

SUMMARY OF ANALYSIS

Number of groups                                                 1
Number of observations                                       19358

Number of dependent variables                                    1
Number of independent variables                                  6
Number of continuous latent variables                            4

Observed dependent variables

  Continuous
   STRESSED

Observed independent variables
   CMC         MIXED       FAMILY      WEAK_TIE    WEEKEND     E

Continuous latent variables
   S1          S2          S3          S4

Variables with special functions

  Cluster variable      ID

  Within variables
   CMC         MIXED       FAMILY      WEAK_TIE    WEEKEND

  Between variables
   E

  Centering (GRANDMEAN)
   E

  Centering (GROUPMEAN)
   CMC         MIXED       FAMILY      WEAK_TIE


Estimator                                                    BAYES
Specifications for Bayesian Estimation
  Point estimate                                            MEDIAN
  Number of Markov chain Monte Carlo (MCMC) chains               2
  Random seed for the first chain                                0
  Starting value information                           UNPERTURBED
  Algorithm used for Markov chain Monte Carlo           GIBBS(PX1)
  Convergence criterion                                  0.500D-01
  Maximum number of iterations                               50000
  K-th iteration used for thinning                               1

Input data file(s)
  analysis4+5_S3.dat
Input data format  FREE


SUMMARY OF DATA

     Number of clusters                        756

       Size (s)    Cluster ID with Size s

          1        10 63 240 311 608 625 740 876
          2        45 404 562 4 271 298 156 806 816 790
          3        352 376 49 396 57 29 485 303 845 545 502
          4        598 93 131 11 666 667 369
          5        459 22 761 571 532 636 5 851 106 58 718
          6        600 52 556 482 61 700 302 880 405
          7        363 173 844 634 26 378 330 170 238 349
          8        82 76 316 592 778 280 413 813 825 162 615 473 856 118
                   119 178
          9        203 164 406 654 796 578 222 680 820 685 629 533 847
                   701 435 234 480 881 888 53
         10        105 20 214 21 663 807 9 424 431 839 846 247 185 728
                   499 189 522 202 770
         11        195 268 390 683 555 558 804 509 630 358 152 887 59 95
         12        122 573 506 310 290 126 537 69 481 618 732 619 341 552
                   418 750 494 766 498 135 650 569
         13        814 55 734 543 467 269 505 39 602 508 768 611 350 510
                   67 265 529 488 60 452
         14        697 277 585 704 705 588 722 723 199 229 826 642 141
                   525 408 605 221 610 322 684 769 472 130 692 423 336
                   797
         15        397 80 182 183 703 536 656 420 74 24 374 609 858 97
                   333 784 882 339 564 624 38
         16        83 572 230 706 659 209 201 177 587 589 249 293 254 594
                   883 749 258 469 36
         17        821 565 606 547 440 237 263 321 370 566 346 781
         18        373 752 753 708 865 450 180 13 225 14 416 428 595 317
                   755 678
         19        733 463 262 441 327 66 751 714 620 760 721 817 281 689
                   662 771 251
         20        621 379 717 343 273 669 862 252 304 872 292 738 18 377
                   831 834 163 19
         21        775 501 266 215 92 584 612 236 253 707 551 51 716 518
                   381 94 486 451 99 241 340 835
         22        88 651 68 411 337 210 515 6 366 672 25 246 744 372 715
                   171 332
         23        403 335 644 776 176 607 351 507 306 132 863 133 65 810
                   444 520 758 312 158 200 371 886 458 599 348
         24        33 243 668 633 869 474 270 138 50 483 274 429 193 695
                   548 437 81 194
         25        344 244 421 347 323 426 559 475 295 145 100 233 153
                   815 305 110 276 579 8 497 2 720 124 85
         26        148 287 427 743 850 179 328 216 699 368 278 46 838
         27        446 47 531 319 671 789 90 675 111 726 843 539 682 161
                   419 239 713 445
         28        325 120 307 398 864 491 779 665 554 604 873 356 535
                   495 73 517 385 64 591 681 147
         29        647 487 190 84 754 1 549 837 658 331 155 235 664 345
                   31 223 157 12 777 596
         30        286 871 792 793 204 192 524 676 255 401 42 528 461 841
                   788 168
         31        809 492 28 877 434 228 146 496 315 34 123 432 719 282
         32        762 767 542 140 660 41 232 799 87 394 601 780 855
         33        727 818 259 729 597 854 261 318 231 382 833 759 646
                   314 430 866 626 291 577 635
         34        795 490 217 798 686 3 563 391 580 653 54 471 631 77
                   849 586
         35        489 447 465 805 264 275 523 687 32 745 117 188 731
         36        513 560 470 677 115 622 219 694 250 785 296
         37        614 43 417 15 400 289 670 829 260 861 449 107
         38        16 101 448 256 823 89 191 407 830 632 709 353 172
         39        354 860 167 267 380 453 808 37 439 187
         40        557 747 127 739 462 414 388 285
         41        613 748 299 362 691 409 181 198 884 582 800 75 655 812
         42        848 425 384 220 791 511 698 623 257
         43        367 227 272 712 357 479 567 484
         44        143 360 648 412 72 218 245
         45        436 129 393 208 570 248
         46        154 399 114
         47        546 128 300 159 109 819 783 679 213 836 628 102
         48        338 757 637 142 415 454 763
         49        165 794 746 137 643 62 386
         50        375 645 774 640
         51        561 652 308 125 355 853
         52        324 827 657 301
         53        842 27
         54        782 568 71
         55        553 174 500 730 226 521
         56        840 603 519
         58        151 639 103 514 98
         59        212 803 402 627
         60        690 283 313
         61        364
         62        534 476
         64        443
         67        674
         68        186
         69        801
         73        824
         74        530
         75        764
         78        711
         80        40



COVARIANCE COVERAGE OF DATA

Minimum covariance coverage value   0.100

     Number of missing data patterns             1


     PROPORTION OF DATA PRESENT


           Covariance Coverage
              STRESSED      CMC           MIXED         FAMILY        WEAK_TIE
              ________      ________      ________      ________      ________
 STRESSED       1.000
 CMC            1.000         1.000
 MIXED          1.000         1.000         1.000
 FAMILY         1.000         1.000         1.000         1.000
 WEAK_TIE       1.000         1.000         1.000         1.000         1.000
 WEEKEND        1.000         1.000         1.000         1.000         1.000
 E              1.000         1.000         1.000         1.000         1.000


           Covariance Coverage
              WEEKEND       E
              ________      ________
 WEEKEND        1.000
 E              1.000         1.000



UNIVARIATE SAMPLE STATISTICS


     UNIVARIATE HIGHER-ORDER MOMENT DESCRIPTIVE STATISTICS

         Variable/         Mean/     Skewness/   Minimum/ % with                Percentiles
        Sample Size      Variance    Kurtosis    Maximum  Min/Max      20%/60%    40%/80%    Median

     STRESSED              2.139       0.474       1.000   30.06%       1.000      2.000      2.000
           19358.000       0.955      -0.780       4.000   11.74%       2.000      3.000
     CMC                   0.000       0.675      -0.952    0.01%      -0.292     -0.143     -0.091
           19358.000       0.153      -0.300       0.982    0.01%      -0.038      0.409
     MIXED                 0.000       1.497      -0.891    0.03%      -0.151     -0.057     -0.036
           19358.000       0.086       2.735       0.983    0.01%       0.000      0.000
     FAMILY                0.000       0.724      -0.983    0.01%      -0.214     -0.053     -0.025
           19358.000       0.111       1.015       0.983    0.01%       0.000      0.162
     WEAK_TIES             0.000       1.605      -0.929    0.01%      -0.167     -0.077     -0.051
           19358.000       0.094       2.408       0.984    0.01%      -0.025      0.000
     WEEKEND               0.298       0.883       0.000   70.19%       0.000      0.000      0.000
           19358.000       0.209      -1.220       1.000   29.81%       0.000      1.000
     E                     0.000      -0.103      -2.019    0.13%      -0.685     -0.185     -0.019
             756.000       0.535      -0.467       1.648    0.13%       0.231      0.648


THE MODEL ESTIMATION TERMINATED NORMALLY

     USE THE FBITERATIONS OPTION TO INCREASE THE NUMBER OF ITERATIONS BY A FACTOR
     OF AT LEAST TWO TO CHECK CONVERGENCE AND THAT THE PSR VALUE DOES NOT INCREASE.



MODEL FIT INFORMATION

Number of Free Parameters                              27

Information Criteria

          Deviance (DIC)                        42974.670
          Estimated Number of Parameters (pD)    1243.877



MODEL RESULTS

                                Posterior  One-Tailed         95% C.I.
                    Estimate       S.D.      P-Value   Lower 2.5%  Upper 2.5%  Significance

Within Level

 STRESSED   ON
    WEEKEND           -0.234       0.012      0.000      -0.258      -0.211      *

 Residual Variances
    STRESSED           0.506       0.005      0.000       0.495       0.517      *

Between Level

 S1         ON
    E                 -0.025       0.027      0.187      -0.077       0.028

 S2         ON
    E                  0.041       0.031      0.102      -0.021       0.100

 S3         ON
    E                  0.018       0.031      0.297      -0.046       0.077

 S4         ON
    E                  0.007       0.033      0.408      -0.057       0.071

 STRESSED   ON
    E                 -0.075       0.034      0.014      -0.141      -0.009      *

 STRESSED WITH
    S1                 0.033       0.013      0.005       0.008       0.058      *
    S2                -0.008       0.015      0.303      -0.035       0.021
    S3                 0.025       0.015      0.051      -0.005       0.054
    S4                 0.000       0.017      0.488      -0.032       0.033

 S1       WITH
    S2                 0.028       0.011      0.001       0.009       0.052      *
    S3                 0.022       0.012      0.030      -0.001       0.046
    S4                -0.005       0.011      0.321      -0.028       0.016

 S2       WITH
    S3                 0.004       0.013      0.387      -0.023       0.029
    S4                 0.001       0.013      0.470      -0.024       0.025

 S3       WITH
    S4                 0.035       0.014      0.003       0.010       0.063      *

 Intercepts
    STRESSED           2.229       0.025      0.000       2.180       2.277      *
    S1                 0.164       0.019      0.000       0.128       0.200      *
    S2                 0.082       0.023      0.001       0.037       0.128      *
    S3                 0.093       0.022      0.000       0.050       0.136      *
    S4                 0.074       0.023      0.001       0.029       0.121      *

 Residual Variances
    STRESSED           0.417       0.024      0.000       0.373       0.466      *
    S1                 0.060       0.013      0.000       0.037       0.088      *
    S2                 0.044       0.013      0.000       0.024       0.075      *
    S3                 0.075       0.016      0.000       0.047       0.111      *
    S4                 0.085       0.017      0.000       0.057       0.124      *


STANDARDIZED MODEL RESULTS


STDYX Standardization

                                Posterior  One-Tailed         95% C.I.
                    Estimate       S.D.      P-Value   Lower 2.5%  Upper 2.5%  Significance

Within-Level Standardized Estimates Averaged Over Clusters

 S1 | STRESSED ON
    CMC                0.080       0.008      0.000       0.065       0.095      *

 S2 | STRESSED ON
    MIXED              0.024       0.005      0.000       0.013       0.035      *

 S3 | STRESSED ON
    FAMILY             0.036       0.008      0.000       0.021       0.050      *

 S4 | STRESSED ON
    WEAK_TIES          0.029       0.007      0.000       0.015       0.042      *

 STRESSED   ON
    WEEKEND           -0.134       0.007      0.000      -0.147      -0.121      *

 Residual Variances
    STRESSED           0.930       0.004      0.000       0.920       0.937      *

Between Level

 S1         ON
    E                 -0.051       0.057      0.187      -0.161       0.058

 S2         ON
    E                  0.097       0.076      0.102      -0.050       0.254

 S3         ON
    E                  0.033       0.059      0.297      -0.085       0.145

 S4         ON
    E                  0.012       0.057      0.408      -0.098       0.125

 STRESSED   ON
    E                 -0.059       0.026      0.014      -0.110      -0.007      *

 STRESSED WITH
    S1                 0.211       0.081      0.005       0.052       0.364      *
    S2                -0.056       0.107      0.303      -0.263       0.157
    S3                 0.140       0.084      0.051      -0.029       0.303
    S4                 0.002       0.088      0.488      -0.171       0.174

 S1       WITH
    S2                 0.546       0.159      0.001       0.203       0.830      *
    S3                 0.334       0.155      0.030      -0.013       0.592
    S4                -0.076       0.154      0.321      -0.360       0.239

 S2       WITH
    S3                 0.069       0.232      0.387      -0.460       0.469
    S4                 0.017       0.206      0.470      -0.383       0.388

 S3       WITH
    S4                 0.442       0.149      0.003       0.137       0.721      *

 Intercepts
    STRESSED           3.445       0.104      0.000       3.246       3.650      *
    S1                 0.669       0.111      0.000       0.484       0.917      *
    S2                 0.384       0.130      0.001       0.169       0.677      *
    S3                 0.338       0.089      0.000       0.178       0.529      *
    S4                 0.253       0.087      0.001       0.093       0.435      *

 Residual Variances
    STRESSED           0.997       0.003      0.000       0.988       1.000      *
    S1                 0.997       0.007      0.000       0.974       1.000      *
    S2                 0.990       0.017      0.000       0.935       1.000      *
    S3                 0.998       0.006      0.000       0.979       1.000      *
    S4                 0.998       0.005      0.000       0.983       1.000      *


STDY Standardization

                                Posterior  One-Tailed         95% C.I.
                    Estimate       S.D.      P-Value   Lower 2.5%  Upper 2.5%  Significance

Within-Level Standardized Estimates Averaged Over Clusters

 S1 | STRESSED ON
    CMC                0.219       0.022      0.000       0.176       0.262      *

 S2 | STRESSED ON
    MIXED              0.112       0.029      0.000       0.056       0.172      *

 S3 | STRESSED ON
    FAMILY             0.125       0.027      0.000       0.068       0.173      *

 S4 | STRESSED ON
    WEAK_TIES          0.100       0.027      0.000       0.049       0.155      *

 STRESSED   ON
    WEEKEND           -0.317       0.016      0.000      -0.348      -0.285      *

 Residual Variances
    STRESSED           0.930       0.004      0.000       0.920       0.937      *

Between Level

 S1         ON
    E                 -0.101       0.111      0.187      -0.318       0.115

 S2         ON
    E                  0.191       0.150      0.102      -0.098       0.500

 S3         ON
    E                  0.065       0.116      0.297      -0.168       0.285

 S4         ON
    E                  0.025       0.112      0.408      -0.192       0.247

 STRESSED   ON
    E                 -0.116       0.052      0.014      -0.217      -0.014      *

 STRESSED WITH
    S1                 0.211       0.081      0.005       0.052       0.364      *
    S2                -0.056       0.107      0.303      -0.263       0.157
    S3                 0.140       0.084      0.051      -0.029       0.303
    S4                 0.002       0.088      0.488      -0.171       0.174

 S1       WITH
    S2                 0.546       0.159      0.001       0.203       0.830      *
    S3                 0.334       0.155      0.030      -0.013       0.592
    S4                -0.076       0.154      0.321      -0.360       0.239

 S2       WITH
    S3                 0.069       0.232      0.387      -0.460       0.469
    S4                 0.017       0.206      0.470      -0.383       0.388

 S3       WITH
    S4                 0.442       0.149      0.003       0.137       0.721      *

 Intercepts
    STRESSED           3.445       0.104      0.000       3.246       3.650      *
    S1                 0.669       0.111      0.000       0.484       0.917      *
    S2                 0.384       0.130      0.001       0.169       0.677      *
    S3                 0.338       0.089      0.000       0.178       0.529      *
    S4                 0.253       0.087      0.001       0.093       0.435      *

 Residual Variances
    STRESSED           0.997       0.003      0.000       0.988       1.000      *
    S1                 0.997       0.007      0.000       0.974       1.000      *
    S2                 0.990       0.017      0.000       0.935       1.000      *
    S3                 0.998       0.006      0.000       0.979       1.000      *
    S4                 0.998       0.005      0.000       0.983       1.000      *


R-SQUARE

Within-Level R-Square Averaged Across Clusters

                                Posterior  One-Tailed         95% C.I.
    Variable        Estimate       S.D.      P-Value   Lower 2.5%  Upper 2.5%

    STRESSED           0.070       0.004      0.000       0.063       0.080

Between Level

                                Posterior  One-Tailed         95% C.I.
    Variable        Estimate       S.D.      P-Value   Lower 2.5%  Upper 2.5%

    STRESSED           0.003       0.003      0.000       0.000       0.012

                                Posterior  One-Tailed         95% C.I.
    Variable        Estimate       S.D.      P-Value   Lower 2.5%  Upper 2.5%

    S1                 0.003       0.007      0.000       0.000       0.026
    S2                 0.010       0.017      0.000       0.000       0.064
    S3                 0.002       0.006      0.000       0.000       0.021
    S4                 0.002       0.005      0.000       0.000       0.017


TECHNICAL 1 OUTPUT


     PARAMETER SPECIFICATION FOR WITHIN


           NU
              STRESSED      CMC           MIXED         FAMILY        WEAK_TIE
              ________      ________      ________      ________      ________
                    0             0             0             0             0


           NU
              WEEKEND
              ________
                    0


           LAMBDA
              STRESSED      CMC           MIXED         FAMILY        WEAK_TIE
              ________      ________      ________      ________      ________
 STRESSED           0             0             0             0             0
 CMC                0             0             0             0             0
 MIXED              0             0             0             0             0
 FAMILY             0             0             0             0             0
 WEAK_TIE           0             0             0             0             0
 WEEKEND            0             0             0             0             0


           LAMBDA
              WEEKEND
              ________
 STRESSED           0
 CMC                0
 MIXED              0
 FAMILY             0
 WEAK_TIE           0
 WEEKEND            0


           THETA
              STRESSED      CMC           MIXED         FAMILY        WEAK_TIE
              ________      ________      ________      ________      ________
 STRESSED           0
 CMC                0             0
 MIXED              0             0             0
 FAMILY             0             0             0             0
 WEAK_TIE           0             0             0             0             0
 WEEKEND            0             0             0             0             0


           THETA
              WEEKEND
              ________
 WEEKEND            0


           ALPHA
              STRESSED      CMC           MIXED         FAMILY        WEAK_TIE
              ________      ________      ________      ________      ________
                    0             0             0             0             0


           ALPHA
              WEEKEND
              ________
                    0


           BETA
              STRESSED      CMC           MIXED         FAMILY        WEAK_TIE
              ________      ________      ________      ________      ________
 STRESSED           0             0             0             0             0
 CMC                0             0             0             0             0
 MIXED              0             0             0             0             0
 FAMILY             0             0             0             0             0
 WEAK_TIE           0             0             0             0             0
 WEEKEND            0             0             0             0             0


           BETA
              WEEKEND
              ________
 STRESSED           1
 CMC                0
 MIXED              0
 FAMILY             0
 WEAK_TIE           0
 WEEKEND            0


           PSI
              STRESSED      CMC           MIXED         FAMILY        WEAK_TIE
              ________      ________      ________      ________      ________
 STRESSED           2
 CMC                0             0
 MIXED              0             0             0
 FAMILY             0             0             0             0
 WEAK_TIE           0             0             0             0             0
 WEEKEND            0             0             0             0             0


           PSI
              WEEKEND
              ________
 WEEKEND            0


     PARAMETER SPECIFICATION FOR BETWEEN


           NU
              STRESSED      E
              ________      ________
                    0             0


           LAMBDA
              S1            S2            S3            S4            STRESSED
              ________      ________      ________      ________      ________
 STRESSED           0             0             0             0             0
 E                  0             0             0             0             0


           LAMBDA
              E
              ________
 STRESSED           0
 E                  0


           THETA
              STRESSED      E
              ________      ________
 STRESSED           0
 E                  0             0


           ALPHA
              S1            S2            S3            S4            STRESSED
              ________      ________      ________      ________      ________
                    3             4             5             6             7


           ALPHA
              E
              ________
                    0


           BETA
              S1            S2            S3            S4            STRESSED
              ________      ________      ________      ________      ________
 S1                 0             0             0             0             0
 S2                 0             0             0             0             0
 S3                 0             0             0             0             0
 S4                 0             0             0             0             0
 STRESSED           0             0             0             0             0
 E                  0             0             0             0             0


           BETA
              E
              ________
 S1                 8
 S2                 9
 S3                10
 S4                11
 STRESSED          12
 E                  0


           PSI
              S1            S2            S3            S4            STRESSED
              ________      ________      ________      ________      ________
 S1                13
 S2                14            15
 S3                16            17            18
 S4                19            20            21            22
 STRESSED          23            24            25            26            27
 E                  0             0             0             0             0


           PSI
              E
              ________
 E                  0


     STARTING VALUES FOR WITHIN


           NU
              STRESSED      CMC           MIXED         FAMILY        WEAK_TIE
              ________      ________      ________      ________      ________
                0.000         0.000         0.000         0.000         0.000


           NU
              WEEKEND
              ________
                0.000


           LAMBDA
              STRESSED      CMC           MIXED         FAMILY        WEAK_TIE
              ________      ________      ________      ________      ________
 STRESSED       1.000         0.000         0.000         0.000         0.000
 CMC            0.000         1.000         0.000         0.000         0.000
 MIXED          0.000         0.000         1.000         0.000         0.000
 FAMILY         0.000         0.000         0.000         1.000         0.000
 WEAK_TIE       0.000         0.000         0.000         0.000         1.000
 WEEKEND        0.000         0.000         0.000         0.000         0.000


           LAMBDA
              WEEKEND
              ________
 STRESSED       0.000
 CMC            0.000
 MIXED          0.000
 FAMILY         0.000
 WEAK_TIE       0.000
 WEEKEND        1.000


           THETA
              STRESSED      CMC           MIXED         FAMILY        WEAK_TIE
              ________      ________      ________      ________      ________
 STRESSED       0.000
 CMC            0.000         0.000
 MIXED          0.000         0.000         0.000
 FAMILY         0.000         0.000         0.000         0.000
 WEAK_TIE       0.000         0.000         0.000         0.000         0.000
 WEEKEND        0.000         0.000         0.000         0.000         0.000


           THETA
              WEEKEND
              ________
 WEEKEND        0.000


           ALPHA
              STRESSED      CMC           MIXED         FAMILY        WEAK_TIE
              ________      ________      ________      ________      ________
                0.000         0.000         0.000         0.000         0.000


           ALPHA
              WEEKEND
              ________
                0.000


           BETA
              STRESSED      CMC           MIXED         FAMILY        WEAK_TIE
              ________      ________      ________      ________      ________
 STRESSED       0.000         0.000         0.000         0.000         0.000
 CMC            0.000         0.000         0.000         0.000         0.000
 MIXED          0.000         0.000         0.000         0.000         0.000
 FAMILY         0.000         0.000         0.000         0.000         0.000
 WEAK_TIE       0.000         0.000         0.000         0.000         0.000
 WEEKEND        0.000         0.000         0.000         0.000         0.000


           BETA
              WEEKEND
              ________
 STRESSED       0.000
 CMC            0.000
 MIXED          0.000
 FAMILY         0.000
 WEAK_TIE       0.000
 WEEKEND        0.000


           PSI
              STRESSED      CMC           MIXED         FAMILY        WEAK_TIE
              ________      ________      ________      ________      ________
 STRESSED       0.478
 CMC            0.000         0.077
 MIXED          0.000         0.000         0.043
 FAMILY         0.000         0.000         0.000         0.055
 WEAK_TIE       0.000         0.000         0.000         0.000         0.047
 WEEKEND        0.000         0.000         0.000         0.000         0.000


           PSI
              WEEKEND
              ________
 WEEKEND        0.105


     STARTING VALUES FOR BETWEEN


           NU
              STRESSED      E
              ________      ________
                0.000         0.000


           LAMBDA
              S1            S2            S3            S4            STRESSED
              ________      ________      ________      ________      ________
 STRESSED       0.000         0.000         0.000         0.000         1.000
 E              0.000         0.000         0.000         0.000         0.000


           LAMBDA
              E
              ________
 STRESSED       0.000
 E              1.000


           THETA
              STRESSED      E
              ________      ________
 STRESSED       0.000
 E              0.000         0.000


           ALPHA
              S1            S2            S3            S4            STRESSED
              ________      ________      ________      ________      ________
                0.000         0.000         0.000         0.000         2.139


           ALPHA
              E
              ________
                0.000


           BETA
              S1            S2            S3            S4            STRESSED
              ________      ________      ________      ________      ________
 S1             0.000         0.000         0.000         0.000         0.000
 S2             0.000         0.000         0.000         0.000         0.000
 S3             0.000         0.000         0.000         0.000         0.000
 S4             0.000         0.000         0.000         0.000         0.000
 STRESSED       0.000         0.000         0.000         0.000         0.000
 E              0.000         0.000         0.000         0.000         0.000


           BETA
              E
              ________
 S1             0.000
 S2             0.000
 S3             0.000
 S4             0.000
 STRESSED       0.000
 E              0.000


           PSI
              S1            S2            S3            S4            STRESSED
              ________      ________      ________      ________      ________
 S1             1.000
 S2             0.000         1.000
 S3             0.000         0.000         1.000
 S4             0.000         0.000         0.000         1.000
 STRESSED       0.000         0.000         0.000         0.000         0.478
 E              0.000         0.000         0.000         0.000         0.000


           PSI
              E
              ________
 E              0.257



     PRIORS FOR ALL PARAMETERS            PRIOR MEAN      PRIOR VARIANCE     PRIOR STD. DEV.

     Parameter 1~N(0.000,infinity)           0.0000            infinity            infinity
     Parameter 2~IG(-1.000,0.000)          infinity            infinity            infinity
     Parameter 3~N(0.000,infinity)           0.0000            infinity            infinity
     Parameter 4~N(0.000,infinity)           0.0000            infinity            infinity
     Parameter 5~N(0.000,infinity)           0.0000            infinity            infinity
     Parameter 6~N(0.000,infinity)           0.0000            infinity            infinity
     Parameter 7~N(0.000,infinity)           0.0000            infinity            infinity
     Parameter 8~N(0.000,infinity)           0.0000            infinity            infinity
     Parameter 9~N(0.000,infinity)           0.0000            infinity            infinity
     Parameter 10~N(0.000,infinity)          0.0000            infinity            infinity
     Parameter 11~N(0.000,infinity)          0.0000            infinity            infinity
     Parameter 12~N(0.000,infinity)          0.0000            infinity            infinity
     Parameter 13~IW(0.000,-6)             infinity            infinity            infinity
     Parameter 14~IW(0.000,-6)             infinity            infinity            infinity
     Parameter 15~IW(0.000,-6)             infinity            infinity            infinity
     Parameter 16~IW(0.000,-6)             infinity            infinity            infinity
     Parameter 17~IW(0.000,-6)             infinity            infinity            infinity
     Parameter 18~IW(0.000,-6)             infinity            infinity            infinity
     Parameter 19~IW(0.000,-6)             infinity            infinity            infinity
     Parameter 20~IW(0.000,-6)             infinity            infinity            infinity
     Parameter 21~IW(0.000,-6)             infinity            infinity            infinity
     Parameter 22~IW(0.000,-6)             infinity            infinity            infinity
     Parameter 23~IW(0.000,-6)             infinity            infinity            infinity
     Parameter 24~IW(0.000,-6)             infinity            infinity            infinity
     Parameter 25~IW(0.000,-6)             infinity            infinity            infinity
     Parameter 26~IW(0.000,-6)             infinity            infinity            infinity
     Parameter 27~IW(0.000,-6)             infinity            infinity            infinity


TECHNICAL 8 OUTPUT


   TECHNICAL 8 OUTPUT FOR BAYES ESTIMATION

     CHAIN    BSEED
     1        0
     2        285380

                     POTENTIAL       PARAMETER WITH
     ITERATION    SCALE REDUCTION      HIGHEST PSR
     100              1.747               14
     200              1.666               18
     300              1.343               18
     400              1.386               16
     500              1.388               16
     600              1.308               16
     700              1.200               16
     800              1.471               15
     900              1.465               15
     1000             1.430               15
     1100             1.365               15
     1200             1.355               15
     1300             1.397               15
     1400             1.252               15
     1500             1.253               19
     1600             1.245               19
     1700             1.242               19
     1800             1.253               19
     1900             1.217               19
     2000             1.226               19
     2100             1.281               20
     2200             1.223               14
     2300             1.217               14
     2400             1.199               17
     2500             1.233               17
     2600             1.304               17
     2700             1.351               17
     2800             1.394               17
     2900             1.403               17
     3000             1.454               17
     3100             1.387               17
     3200             1.372               17
     3300             1.376               17
     3400             1.305               17
     3500             1.154               17
     3600             1.135               17
     3700             1.085               17
     3800             1.073               17
     3900             1.065               17
     4000             1.043               16
     4100             1.040               16
     4200             1.038               16
     4300             1.049               16
     4400             1.064               16
     4500             1.071               16
     4600             1.070               16
     4700             1.067               16
     4800             1.055               16
     4900             1.078               20
     5000             1.079               20
     5100             1.067               20
     5200             1.058               15
     5300             1.044               15
     5400             1.041               15
     5500             1.029               15
     5600             1.027               20
     5700             1.029               20
     5800             1.021               20
     5900             1.024               15
     6000             1.025               15
     6100             1.033               15
     6200             1.041               15
     6300             1.047               15
     6400             1.043               15
     6500             1.055               15
     6600             1.053               15
     6700             1.066               15
     6800             1.071               15
     6900             1.066               15
     7000             1.075               15
     7100             1.069               15
     7200             1.071               15
     7300             1.070               15
     7400             1.073               15
     7500             1.071               15
     7600             1.078               15
     7700             1.088               15
     7800             1.097               15
     7900             1.112               15
     8000             1.120               15
     8100             1.124               15
     8200             1.132               15
     8300             1.129               15
     8400             1.106               15
     8500             1.094               15
     8600             1.095               15
     8700             1.090               15
     8800             1.085               15
     8900             1.076               15
     9000             1.069               15
     9100             1.063               15
     9200             1.054               15
     9300             1.046               15
     9400             1.035               15
     9500             1.034               17
     9600             1.037               17
     9700             1.037               17
     9800             1.040               17
     9900             1.032               17
     10000            1.028               17


     Beginning Time:  02:16:08
        Ending Time:  02:20:11
       Elapsed Time:  00:04:03



MUTHEN & MUTHEN
3463 Stoner Ave.
Los Angeles, CA  90066

Tel: (310) 391-9971
Fax: (310) 391-8971
Web: www.StatModel.com
Support: Support@StatModel.com

Copyright (c) 1998-2020 Muthen & Muthen
