Mplus VERSION 8.5 (Mac)
MUTHEN & MUTHEN
03/17/2022   4:03 AM

INPUT INSTRUCTIONS

  TITLE: Analysis 4
  DATA: FILE = analysis4+5_S3.dat;
  VARIABLE:
  NAMES = ID AB angry worried happy sad WB stressed lonely
  FTF CMC mixed peers family weak_ties
  E A C N O gender ethnicity SES weekend;
  USEVARIABLES = AB
  CMC mixed family weak_ties
  weekend E gender ethnicity SES;
  CLUSTER = ID;
  WITHIN = CMC mixed family weak_ties weekend;
  BETWEEN = E gender ethnicity SES;
  MISSING = .;
  DEFINE:
  CENTER CMC (GROUPMEAN);
  CENTER mixed (GROUPMEAN);
  CENTER family (GROUPMEAN);
  CENTER weak_ties (GROUPMEAN);
  CENTER E (GRANDMEAN);
  ANALYSIS: TYPE = TWOLEVEL RANDOM; ESTIMATOR = BAYES;
  BITERATIONS = (10000); PROCESSORS = 2;
  MODEL:
  %WITHIN%
  ! Affect balance is predicted by CMC, the slope is random
  S1 | AB ON CMC;
  ! Affect balance is predicted by mixed episodes, the slope is random
  S2 | AB ON mixed;
  ! Affect balance is predicted by family, the slope is random
  S3 | AB ON family;
  ! Affect balance is predicted by weak ties, the slope is random
  S4 | AB ON weak_ties;
  ! Control for weekend
  AB ON weekend;
  %BETWEEN%
  ! Covariance between intercept and slopes
  AB S1-S4 WITH AB S1-S4;
  ! The intercept is predicted by extraversion
  AB ON E;
  ! The slopes are predicted by extraversion
  S1-S4 ON E;
  ! Control for demographic variables
  AB ON gender ethnicity SES;
  OUTPUT: STDYX STDY TECH8;



*** WARNING in VARIABLE command
  Note that only the first 8 characters of variable names are used in the output.
  Shorten variable names to avoid any confusion.
*** WARNING
  One or more individual-level variables have no variation within a
  cluster for the following clusters.

     Variable   Cluster IDs with no within-cluster variation

      AB          156 806 502 76
      WEEKEND     404 271 806 816 49 396 57 485 845 598 93 131 666 851 556 844 26 349 680 685
                  881 69 734 265 723 882

*** WARNING
  Data set contains cases with missing on x-variables.
  These cases were not included in the analysis.
  Number of cases with missing on x-variables:  2203
*** WARNING
  Data set contains cases with missing on all variables except
  x-variables.  These cases were not included in the analysis.
  Number of cases with missing on all variables except x-variables:  99
   4 WARNING(S) FOUND IN THE INPUT INSTRUCTIONS



Analysis 4

SUMMARY OF ANALYSIS

Number of groups                                                 1
Number of observations                                       19133

Number of dependent variables                                    1
Number of independent variables                                  9
Number of continuous latent variables                            4

Observed dependent variables

  Continuous
   AB

Observed independent variables
   CMC         MIXED       FAMILY      WEAK_TIE    WEEKEND     E
   GENDER      ETHNICIT    SES

Continuous latent variables
   S1          S2          S3          S4

Variables with special functions

  Cluster variable      ID

  Within variables
   CMC         MIXED       FAMILY      WEAK_TIE    WEEKEND

  Between variables
   E           GENDER      ETHNICIT    SES

  Centering (GRANDMEAN)
   E

  Centering (GROUPMEAN)
   CMC         MIXED       FAMILY      WEAK_TIE


Estimator                                                    BAYES
Specifications for Bayesian Estimation
  Point estimate                                            MEDIAN
  Number of Markov chain Monte Carlo (MCMC) chains               2
  Random seed for the first chain                                0
  Starting value information                           UNPERTURBED
  Algorithm used for Markov chain Monte Carlo           GIBBS(PX1)
  Convergence criterion                                  0.500D-01
  Maximum number of iterations                               50000
  K-th iteration used for thinning                               1

Input data file(s)
  analysis4+5_S3.dat
Input data format  FREE


SUMMARY OF DATA

     Number of clusters                        746

       Size (s)    Cluster ID with Size s

          1        63 240 311 608 625 740 876
          2        45 404 562 4 271 298 156 806 816
          3        29 352 376 49 396 57 790 485 303 845 545
          4        369 598 93 131 11 666 667 502 610
          5        22 761 571 532 636 5 851 106 58 718 459
          6        52 556 482 61 700 302 880 405 600
          7        173 844 634 26 378 330 170 238 349 363
          8        76 316 592 778 280 413 813 825 162 615 473 856 118 119
                   82
          9        203 164 406 654 796 578 222 680 820 685 178 533 847
                   701 435 234 480 881 888 629
         10        105 20 214 21 663 807 9 424 431 839 846 185 728 499
                   189 522 202 770 53
         11        268 390 683 555 558 804 509 630 358 152 887 59 95 195
         12        573 506 310 290 537 69 481 618 732 619 341 552 418 750
                   494 766 498 135 650 569 122
         13        55 734 543 467 269 505 602 508 768 611 350 510 67 265
                   529 488 723 199 452 60 814
         14        704 705 588 722 423 797 229 826 642 141 525 408 605
                   221 697 322 684 769 472 130 692 703 277 177 589 585
         15        182 183 339 536 656 420 24 374 609 858 97 333 784 882
                   336 564 624 38 397 80
         16        230 659 209 201 36 587 83 249 293 254 594 883 749 258
                   469 346 755 572
         17        547 440 237 263 321 370 566 781 821 606
         18        752 753 708 865 450 180 13 225 14 416 428 595 317 678
                   373
         19        733 262 441 327 66 751 714 620 760 721 817 281 689 662
                   771 18 251
         20        379 717 343 273 669 862 252 304 872 292 738 19 377 831
                   834 163 621
         21        775 501 266 215 92 584 612 236 253 707 551 51 716 518
                   381 94 486 451 99 241 340 835
         22        88 651 68 411 337 210 515 6 366 672 25 246 744 372 715
                   171 50 332
         23        335 644 776 176 607 351 507 306 132 863 133 65 810 444
                   520 758 312 158 200 371 886 458 599 348 429 421 403
                   282
         24        869 474 270 138 194 483 274 33 193 695 548 437 243 81
                   668 633
         25        110 347 323 426 559 475 295 145 100 233 153 815 305
                   85 276 579 8 497 2 720 124 344 147 244
         26        427 743 850 179 328 216 699 368 278 46 838 148 287
         27        531 319 671 789 90 675 111 726 843 539 682 161 419 239
                   713 445 446 47
         28        307 398 864 491 779 665 554 604 873 356 535 495 73 517
                   385 64 591 681 325 331 120
         29        190 84 754 1 549 837 658 647 155 235 664 345 31 223
                   157 12 777 487
         30        286 871 792 793 204 192 524 676 255 401 42 528 461 841
                   788 168
         31        809 492 28 877 596 228 146 496 315 34 123 432 719 434
         32        762 767 542 140 660 41 232 799 87 394 601 314 780 855
         33        818 259 729 597 854 261 318 231 382 833 759 646 430
                   291 866 626 727 577
         34        586 795 490 217 798 686 3 563 391 580 653 54 471 631
                   77 849
         35        117 489 447 465 805 264 275 523 687 32 745 635 188 731
         36        513 560 470 677 115 622 219 694 250 785 296
         37        614 43 417 15 400 289 670 829 861 449 107 453 357
         38        448 256 823 89 191 407 830 632 709 353 860 16 172 101
         39        267 380 354 808 37 439 187 167
         40        747 127 739 462 414 388 285 655 557
         41        299 362 691 409 181 198 884 582 800 75 613 748
         42        848 425 384 220 791 511 698 623 812 257
         43        227 272 712 479 484 567 367
         44        143 360 648 412 72 218 245
         45        436 129 393 570 248
         46        154 399 628 114
         47        128 300 159 109 819 783 679 213 836 102 546
         48        338 757 637 142 415 454 763
         49        165 794 746 137 643 62 386
         50        375 645 774 640
         51        561 652 308 125 355 853
         52        324 827 657 301
         53        842 27
         54        782 568 71
         55        553 174 500 730 226 521
         56        840 603 519
         58        151 639 103 514 98
         59        212 803 402 627
         60        690 283 313
         61        364
         62        534 476
         64        443
         67        674
         68        186
         69        801
         73        824
         74        530
         75        764
         78        711
         80        40



COVARIANCE COVERAGE OF DATA

Minimum covariance coverage value   0.100

     Number of missing data patterns             1


     PROPORTION OF DATA PRESENT


           Covariance Coverage
              AB            CMC           MIXED         FAMILY        WEAK_TIE
              ________      ________      ________      ________      ________
 AB             1.000
 CMC            1.000         1.000
 MIXED          1.000         1.000         1.000
 FAMILY         1.000         1.000         1.000         1.000
 WEAK_TIE       1.000         1.000         1.000         1.000         1.000
 WEEKEND        1.000         1.000         1.000         1.000         1.000
 E              1.000         1.000         1.000         1.000         1.000
 GENDER         1.000         1.000         1.000         1.000         1.000
 ETHNICIT       1.000         1.000         1.000         1.000         1.000
 SES            1.000         1.000         1.000         1.000         1.000


           Covariance Coverage
              WEEKEND       E             GENDER        ETHNICIT      SES
              ________      ________      ________      ________      ________
 WEEKEND        1.000
 E              1.000         1.000
 GENDER         1.000         1.000         1.000
 ETHNICIT       1.000         1.000         1.000         1.000
 SES            1.000         1.000         1.000         1.000         1.000



UNIVARIATE SAMPLE STATISTICS


     UNIVARIATE HIGHER-ORDER MOMENT DESCRIPTIVE STATISTICS

         Variable/         Mean/     Skewness/   Minimum/ % with                Percentiles
        Sample Size      Variance    Kurtosis    Maximum  Min/Max      20%/60%    40%/80%    Median

     AB                    1.214      -0.459      -3.000    0.30%       0.000      1.000      1.333
           19133.000       1.678      -0.300       3.000   15.56%       1.667      2.667
     CMC                   0.000       0.682      -0.952    0.01%      -0.286     -0.143     -0.091
           19133.000       0.153      -0.286       0.982    0.01%      -0.038      0.404
     MIXED                 0.000       1.491      -0.891    0.03%      -0.152     -0.057     -0.036
           19133.000       0.086       2.717       0.983    0.01%       0.000      0.000
     FAMILY                0.000       0.726      -0.983    0.01%      -0.207     -0.053     -0.025
           19133.000       0.110       1.050       0.983    0.01%       0.000      0.162
     WEAK_TIES             0.000       1.611      -0.923    0.01%      -0.167     -0.077     -0.050
           19133.000       0.094       2.432       0.984    0.01%      -0.025      0.000
     WEEKEND               0.298       0.883       0.000   70.19%       0.000      0.000      0.000
           19133.000       0.209      -1.221       1.000   29.81%       0.000      1.000
     E                     0.000      -0.102      -2.019    0.13%      -0.686     -0.186     -0.019
             746.000       0.536      -0.464       1.648    0.13%       0.231      0.648
     GENDER                0.702      -0.885       0.000   29.76%       0.000      1.000      1.000
             746.000       0.209      -1.216       1.000   70.24%       1.000      1.000
     ETHNICITY             0.660      -0.673       0.000   34.05%       0.000      1.000      1.000
             746.000       0.225      -1.547       1.000   65.95%       1.000      1.000
     SES                   0.820      -1.669       0.000   17.96%       1.000      1.000      1.000
             746.000       0.147       0.786       1.000   82.04%       1.000      1.000


THE MODEL ESTIMATION TERMINATED NORMALLY

     USE THE FBITERATIONS OPTION TO INCREASE THE NUMBER OF ITERATIONS BY A FACTOR
     OF AT LEAST TWO TO CHECK CONVERGENCE AND THAT THE PSR VALUE DOES NOT INCREASE.



MODEL FIT INFORMATION

Number of Free Parameters                              30

Information Criteria

          Deviance (DIC)                        54808.923
          Estimated Number of Parameters (pD)    1318.240



MODEL RESULTS

                                Posterior  One-Tailed         95% C.I.
                    Estimate       S.D.      P-Value   Lower 2.5%  Upper 2.5%  Significance

Within Level

 AB         ON
    WEEKEND            0.254       0.017      0.000       0.221       0.287      *

 Residual Variances
    AB                 0.959       0.010      0.000       0.939       0.980      *

Between Level

 S1         ON
    E                  0.060       0.040      0.066      -0.017       0.137

 S2         ON
    E                 -0.066       0.043      0.064      -0.152       0.020

 S3         ON
    E                  0.099       0.051      0.025       0.000       0.198

 S4         ON
    E                  0.036       0.047      0.222      -0.056       0.127

 AB         ON
    E                  0.371       0.040      0.000       0.292       0.448      *
    GENDER            -0.148       0.062      0.009      -0.272      -0.027      *
    ETHNICITY         -0.066       0.063      0.148      -0.190       0.058
    SES               -0.055       0.078      0.242      -0.205       0.098

 AB       WITH
    S1                 0.069       0.022      0.001       0.026       0.113      *
    S2                 0.002       0.025      0.467      -0.049       0.050
    S3                 0.072       0.029      0.004       0.018       0.129      *
    S4                -0.020       0.026      0.210      -0.072       0.029

 S1       WITH
    S2                 0.070       0.021      0.000       0.032       0.112      *
    S3                 0.074       0.028      0.003       0.022       0.131      *
    S4                -0.021       0.024      0.188      -0.070       0.026

 S2       WITH
    S3                 0.020       0.031      0.252      -0.040       0.082
    S4                -0.030       0.029      0.150      -0.089       0.025

 S3       WITH
    S4                 0.098       0.033      0.004       0.034       0.163      *

 Intercepts
    AB                 1.278       0.102      0.000       1.079       1.478      *
    S1                -0.335       0.029      0.000      -0.392      -0.277      *
    S2                -0.011       0.032      0.365      -0.078       0.049
    S3                -0.299       0.035      0.000      -0.368      -0.231      *
    S4                -0.244       0.033      0.000      -0.307      -0.175      *

 Residual Variances
    AB                 0.555       0.032      0.000       0.496       0.622      *
    S1                 0.146       0.027      0.000       0.098       0.204      *
    S2                 0.111       0.026      0.000       0.066       0.168      *
    S3                 0.313       0.043      0.000       0.238       0.404      *
    S4                 0.158       0.035      0.000       0.095       0.233      *


STANDARDIZED MODEL RESULTS


STDYX Standardization

                                Posterior  One-Tailed         95% C.I.
                    Estimate       S.D.      P-Value   Lower 2.5%  Upper 2.5%  Significance

Within-Level Standardized Estimates Averaged Over Clusters

 S1 | AB ON
    CMC               -0.119       0.009      0.000      -0.136      -0.102      *

 S2 | AB ON
    MIXED             -0.004       0.006      0.241      -0.017       0.007

 S3 | AB ON
    FAMILY            -0.088       0.008      0.000      -0.102      -0.073      *

 S4 | AB ON
    WEAK_TIES         -0.063       0.007      0.000      -0.078      -0.048      *

 AB         ON
    WEEKEND            0.106       0.007      0.000       0.092       0.119      *

 Residual Variances
    AB                 0.912       0.004      0.000       0.903       0.920      *

Between Level

 S1         ON
    E                  0.080       0.054      0.066      -0.023       0.184

 S2         ON
    E                 -0.100       0.067      0.064      -0.236       0.031

 S3         ON
    E                  0.090       0.046      0.025       0.000       0.178

 S4         ON
    E                  0.047       0.060      0.222      -0.069       0.162

 AB         ON
    E                  0.244       0.025      0.000       0.193       0.292      *
    GENDER            -0.059       0.025      0.009      -0.107      -0.011      *
    ETHNICITY         -0.029       0.028      0.148      -0.084       0.025
    SES               -0.019       0.026      0.242      -0.069       0.033

 AB       WITH
    S1                 0.243       0.075      0.001       0.094       0.385      *
    S2                 0.009       0.102      0.467      -0.194       0.204
    S3                 0.172       0.067      0.004       0.042       0.303      *
    S4                -0.070       0.086      0.210      -0.236       0.100

 S1       WITH
    S2                 0.557       0.126      0.000       0.289       0.772      *
    S3                 0.348       0.115      0.003       0.114       0.563      *
    S4                -0.143       0.154      0.188      -0.431       0.182

 S2       WITH
    S3                 0.108       0.163      0.252      -0.221       0.426
    S4                -0.229       0.216      0.150      -0.651       0.179

 S3       WITH
    S4                 0.440       0.124      0.004       0.169       0.665      *

 Intercepts
    AB                 1.658       0.139      0.000       1.386       1.930      *
    S1                -0.876       0.115      0.000      -1.128      -0.674      *
    S2                -0.033       0.099      0.365      -0.240       0.151
    S3                -0.533       0.072      0.000      -0.678      -0.397      *
    S4                -0.610       0.119      0.000      -0.880      -0.408      *

 Residual Variances
    AB                 0.934       0.013      0.000       0.907       0.956      *
    S1                 0.994       0.010      0.000       0.966       1.000      *
    S2                 0.990       0.015      0.000       0.944       1.000      *
    S3                 0.992       0.009      0.000       0.968       1.000      *
    S4                 0.997       0.007      0.000       0.974       1.000      *


STDY Standardization

                                Posterior  One-Tailed         95% C.I.
                    Estimate       S.D.      P-Value   Lower 2.5%  Upper 2.5%  Significance

Within-Level Standardized Estimates Averaged Over Clusters

 S1 | AB ON
    CMC               -0.323       0.024      0.000      -0.370      -0.274      *

 S2 | AB ON
    MIXED             -0.007       0.030      0.391      -0.075       0.046

 S3 | AB ON
    FAMILY            -0.284       0.028      0.000      -0.339      -0.230      *

 S4 | AB ON
    WEAK_TIES         -0.230       0.029      0.000      -0.287      -0.171      *

 AB         ON
    WEEKEND            0.248       0.016      0.000       0.216       0.280      *

 Residual Variances
    AB                 0.912       0.004      0.000       0.903       0.920      *

Between Level

 S1         ON
    E                  0.157       0.105      0.066      -0.046       0.363

 S2         ON
    E                 -0.198       0.133      0.064      -0.465       0.061

 S3         ON
    E                  0.177       0.090      0.025      -0.001       0.351

 S4         ON
    E                  0.092       0.118      0.222      -0.136       0.319

 AB         ON
    E                  0.481       0.050      0.000       0.381       0.576      *
    GENDER            -0.192       0.081      0.009      -0.352      -0.035      *
    ETHNICITY         -0.085       0.081      0.148      -0.246       0.074
    SES               -0.071       0.101      0.242      -0.266       0.127

 AB       WITH
    S1                 0.243       0.075      0.001       0.094       0.385      *
    S2                 0.009       0.102      0.467      -0.194       0.204
    S3                 0.172       0.067      0.004       0.042       0.303      *
    S4                -0.070       0.086      0.210      -0.236       0.100

 S1       WITH
    S2                 0.557       0.126      0.000       0.289       0.772      *
    S3                 0.348       0.115      0.003       0.114       0.563      *
    S4                -0.143       0.154      0.188      -0.431       0.182

 S2       WITH
    S3                 0.108       0.163      0.252      -0.221       0.426
    S4                -0.229       0.216      0.150      -0.651       0.179

 S3       WITH
    S4                 0.440       0.124      0.004       0.169       0.665      *

 Intercepts
    AB                 1.658       0.139      0.000       1.386       1.930      *
    S1                -0.876       0.115      0.000      -1.128      -0.674      *
    S2                -0.033       0.099      0.365      -0.240       0.151
    S3                -0.533       0.072      0.000      -0.678      -0.397      *
    S4                -0.610       0.119      0.000      -0.880      -0.408      *

 Residual Variances
    AB                 0.934       0.013      0.000       0.907       0.956      *
    S1                 0.994       0.010      0.000       0.966       1.000      *
    S2                 0.990       0.015      0.000       0.944       1.000      *
    S3                 0.992       0.009      0.000       0.968       1.000      *
    S4                 0.997       0.007      0.000       0.974       1.000      *


R-SQUARE

Within-Level R-Square Averaged Across Clusters

                                Posterior  One-Tailed         95% C.I.
    Variable        Estimate       S.D.      P-Value   Lower 2.5%  Upper 2.5%

    AB                 0.088       0.004      0.000       0.080       0.097

Between Level

                                Posterior  One-Tailed         95% C.I.
    Variable        Estimate       S.D.      P-Value   Lower 2.5%  Upper 2.5%

    AB                 0.066       0.013      0.000       0.044       0.093

                                Posterior  One-Tailed         95% C.I.
    Variable        Estimate       S.D.      P-Value   Lower 2.5%  Upper 2.5%

    S1                 0.006       0.010      0.000       0.000       0.034
    S2                 0.010       0.015      0.000       0.000       0.056
    S3                 0.008       0.009      0.000       0.000       0.032
    S4                 0.003       0.007      0.000       0.000       0.026


TECHNICAL 1 OUTPUT


     PARAMETER SPECIFICATION FOR WITHIN


           NU
              AB            CMC           MIXED         FAMILY        WEAK_TIE
              ________      ________      ________      ________      ________
                    0             0             0             0             0


           NU
              WEEKEND
              ________
                    0


           LAMBDA
              AB            CMC           MIXED         FAMILY        WEAK_TIE
              ________      ________      ________      ________      ________
 AB                 0             0             0             0             0
 CMC                0             0             0             0             0
 MIXED              0             0             0             0             0
 FAMILY             0             0             0             0             0
 WEAK_TIE           0             0             0             0             0
 WEEKEND            0             0             0             0             0


           LAMBDA
              WEEKEND
              ________
 AB                 0
 CMC                0
 MIXED              0
 FAMILY             0
 WEAK_TIE           0
 WEEKEND            0


           THETA
              AB            CMC           MIXED         FAMILY        WEAK_TIE
              ________      ________      ________      ________      ________
 AB                 0
 CMC                0             0
 MIXED              0             0             0
 FAMILY             0             0             0             0
 WEAK_TIE           0             0             0             0             0
 WEEKEND            0             0             0             0             0


           THETA
              WEEKEND
              ________
 WEEKEND            0


           ALPHA
              AB            CMC           MIXED         FAMILY        WEAK_TIE
              ________      ________      ________      ________      ________
                    0             0             0             0             0


           ALPHA
              WEEKEND
              ________
                    0


           BETA
              AB            CMC           MIXED         FAMILY        WEAK_TIE
              ________      ________      ________      ________      ________
 AB                 0             0             0             0             0
 CMC                0             0             0             0             0
 MIXED              0             0             0             0             0
 FAMILY             0             0             0             0             0
 WEAK_TIE           0             0             0             0             0
 WEEKEND            0             0             0             0             0


           BETA
              WEEKEND
              ________
 AB                 1
 CMC                0
 MIXED              0
 FAMILY             0
 WEAK_TIE           0
 WEEKEND            0


           PSI
              AB            CMC           MIXED         FAMILY        WEAK_TIE
              ________      ________      ________      ________      ________
 AB                 2
 CMC                0             0
 MIXED              0             0             0
 FAMILY             0             0             0             0
 WEAK_TIE           0             0             0             0             0
 WEEKEND            0             0             0             0             0


           PSI
              WEEKEND
              ________
 WEEKEND            0


     PARAMETER SPECIFICATION FOR BETWEEN


           NU
              AB            E             GENDER        ETHNICIT      SES
              ________      ________      ________      ________      ________
                    0             0             0             0             0


           LAMBDA
              S1            S2            S3            S4            AB
              ________      ________      ________      ________      ________
 AB                 0             0             0             0             0
 E                  0             0             0             0             0
 GENDER             0             0             0             0             0
 ETHNICIT           0             0             0             0             0
 SES                0             0             0             0             0


           LAMBDA
              E             GENDER        ETHNICIT      SES
              ________      ________      ________      ________
 AB                 0             0             0             0
 E                  0             0             0             0
 GENDER             0             0             0             0
 ETHNICIT           0             0             0             0
 SES                0             0             0             0


           THETA
              AB            E             GENDER        ETHNICIT      SES
              ________      ________      ________      ________      ________
 AB                 0
 E                  0             0
 GENDER             0             0             0
 ETHNICIT           0             0             0             0
 SES                0             0             0             0             0


           ALPHA
              S1            S2            S3            S4            AB
              ________      ________      ________      ________      ________
                    3             4             5             6             7


           ALPHA
              E             GENDER        ETHNICIT      SES
              ________      ________      ________      ________
                    0             0             0             0


           BETA
              S1            S2            S3            S4            AB
              ________      ________      ________      ________      ________
 S1                 0             0             0             0             0
 S2                 0             0             0             0             0
 S3                 0             0             0             0             0
 S4                 0             0             0             0             0
 AB                 0             0             0             0             0
 E                  0             0             0             0             0
 GENDER             0             0             0             0             0
 ETHNICIT           0             0             0             0             0
 SES                0             0             0             0             0


           BETA
              E             GENDER        ETHNICIT      SES
              ________      ________      ________      ________
 S1                 8             0             0             0
 S2                 9             0             0             0
 S3                10             0             0             0
 S4                11             0             0             0
 AB                12            13            14            15
 E                  0             0             0             0
 GENDER             0             0             0             0
 ETHNICIT           0             0             0             0
 SES                0             0             0             0


           PSI
              S1            S2            S3            S4            AB
              ________      ________      ________      ________      ________
 S1                16
 S2                17            18
 S3                19            20            21
 S4                22            23            24            25
 AB                26            27            28            29            30
 E                  0             0             0             0             0
 GENDER             0             0             0             0             0
 ETHNICIT           0             0             0             0             0
 SES                0             0             0             0             0


           PSI
              E             GENDER        ETHNICIT      SES
              ________      ________      ________      ________
 E                  0
 GENDER             0             0
 ETHNICIT           0             0             0
 SES                0             0             0             0


     STARTING VALUES FOR WITHIN


           NU
              AB            CMC           MIXED         FAMILY        WEAK_TIE
              ________      ________      ________      ________      ________
                0.000         0.000         0.000         0.000         0.000


           NU
              WEEKEND
              ________
                0.000


           LAMBDA
              AB            CMC           MIXED         FAMILY        WEAK_TIE
              ________      ________      ________      ________      ________
 AB             1.000         0.000         0.000         0.000         0.000
 CMC            0.000         1.000         0.000         0.000         0.000
 MIXED          0.000         0.000         1.000         0.000         0.000
 FAMILY         0.000         0.000         0.000         1.000         0.000
 WEAK_TIE       0.000         0.000         0.000         0.000         1.000
 WEEKEND        0.000         0.000         0.000         0.000         0.000


           LAMBDA
              WEEKEND
              ________
 AB             0.000
 CMC            0.000
 MIXED          0.000
 FAMILY         0.000
 WEAK_TIE       0.000
 WEEKEND        1.000


           THETA
              AB            CMC           MIXED         FAMILY        WEAK_TIE
              ________      ________      ________      ________      ________
 AB             0.000
 CMC            0.000         0.000
 MIXED          0.000         0.000         0.000
 FAMILY         0.000         0.000         0.000         0.000
 WEAK_TIE       0.000         0.000         0.000         0.000         0.000
 WEEKEND        0.000         0.000         0.000         0.000         0.000


           THETA
              WEEKEND
              ________
 WEEKEND        0.000


           ALPHA
              AB            CMC           MIXED         FAMILY        WEAK_TIE
              ________      ________      ________      ________      ________
                0.000         0.000         0.000         0.000         0.000


           ALPHA
              WEEKEND
              ________
                0.000


           BETA
              AB            CMC           MIXED         FAMILY        WEAK_TIE
              ________      ________      ________      ________      ________
 AB             0.000         0.000         0.000         0.000         0.000
 CMC            0.000         0.000         0.000         0.000         0.000
 MIXED          0.000         0.000         0.000         0.000         0.000
 FAMILY         0.000         0.000         0.000         0.000         0.000
 WEAK_TIE       0.000         0.000         0.000         0.000         0.000
 WEEKEND        0.000         0.000         0.000         0.000         0.000


           BETA
              WEEKEND
              ________
 AB             0.000
 CMC            0.000
 MIXED          0.000
 FAMILY         0.000
 WEAK_TIE       0.000
 WEEKEND        0.000


           PSI
              AB            CMC           MIXED         FAMILY        WEAK_TIE
              ________      ________      ________      ________      ________
 AB             0.839
 CMC            0.000         0.077
 MIXED          0.000         0.000         0.043
 FAMILY         0.000         0.000         0.000         0.055
 WEAK_TIE       0.000         0.000         0.000         0.000         0.047
 WEEKEND        0.000         0.000         0.000         0.000         0.000


           PSI
              WEEKEND
              ________
 WEEKEND        0.105


     STARTING VALUES FOR BETWEEN


           NU
              AB            E             GENDER        ETHNICIT      SES
              ________      ________      ________      ________      ________
                0.000         0.000         0.000         0.000         0.000


           LAMBDA
              S1            S2            S3            S4            AB
              ________      ________      ________      ________      ________
 AB             0.000         0.000         0.000         0.000         1.000
 E              0.000         0.000         0.000         0.000         0.000
 GENDER         0.000         0.000         0.000         0.000         0.000
 ETHNICIT       0.000         0.000         0.000         0.000         0.000
 SES            0.000         0.000         0.000         0.000         0.000


           LAMBDA
              E             GENDER        ETHNICIT      SES
              ________      ________      ________      ________
 AB             0.000         0.000         0.000         0.000
 E              1.000         0.000         0.000         0.000
 GENDER         0.000         1.000         0.000         0.000
 ETHNICIT       0.000         0.000         1.000         0.000
 SES            0.000         0.000         0.000         1.000


           THETA
              AB            E             GENDER        ETHNICIT      SES
              ________      ________      ________      ________      ________
 AB             0.000
 E              0.000         0.000
 GENDER         0.000         0.000         0.000
 ETHNICIT       0.000         0.000         0.000         0.000
 SES            0.000         0.000         0.000         0.000         0.000


           ALPHA
              S1            S2            S3            S4            AB
              ________      ________      ________      ________      ________
                0.000         0.000         0.000         0.000         1.214


           ALPHA
              E             GENDER        ETHNICIT      SES
              ________      ________      ________      ________
                0.000         0.000         0.000         0.000


           BETA
              S1            S2            S3            S4            AB
              ________      ________      ________      ________      ________
 S1             0.000         0.000         0.000         0.000         0.000
 S2             0.000         0.000         0.000         0.000         0.000
 S3             0.000         0.000         0.000         0.000         0.000
 S4             0.000         0.000         0.000         0.000         0.000
 AB             0.000         0.000         0.000         0.000         0.000
 E              0.000         0.000         0.000         0.000         0.000
 GENDER         0.000         0.000         0.000         0.000         0.000
 ETHNICIT       0.000         0.000         0.000         0.000         0.000
 SES            0.000         0.000         0.000         0.000         0.000


           BETA
              E             GENDER        ETHNICIT      SES
              ________      ________      ________      ________
 S1             0.000         0.000         0.000         0.000
 S2             0.000         0.000         0.000         0.000
 S3             0.000         0.000         0.000         0.000
 S4             0.000         0.000         0.000         0.000
 AB             0.000         0.000         0.000         0.000
 E              0.000         0.000         0.000         0.000
 GENDER         0.000         0.000         0.000         0.000
 ETHNICIT       0.000         0.000         0.000         0.000
 SES            0.000         0.000         0.000         0.000


           PSI
              S1            S2            S3            S4            AB
              ________      ________      ________      ________      ________
 S1             1.000
 S2             0.000         1.000
 S3             0.000         0.000         1.000
 S4             0.000         0.000         0.000         1.000
 AB             0.000         0.000         0.000         0.000         0.839
 E              0.000         0.000         0.000         0.000         0.000
 GENDER         0.000         0.000         0.000         0.000         0.000
 ETHNICIT       0.000         0.000         0.000         0.000         0.000
 SES            0.000         0.000         0.000         0.000         0.000


           PSI
              E             GENDER        ETHNICIT      SES
              ________      ________      ________      ________
 E              0.258
 GENDER         0.000         0.093
 ETHNICIT       0.000         0.000         0.118
 SES            0.000         0.000         0.000         0.067



     PRIORS FOR ALL PARAMETERS            PRIOR MEAN      PRIOR VARIANCE     PRIOR STD. DEV.

     Parameter 1~N(0.000,infinity)           0.0000            infinity            infinity
     Parameter 2~IG(-1.000,0.000)          infinity            infinity            infinity
     Parameter 3~N(0.000,infinity)           0.0000            infinity            infinity
     Parameter 4~N(0.000,infinity)           0.0000            infinity            infinity
     Parameter 5~N(0.000,infinity)           0.0000            infinity            infinity
     Parameter 6~N(0.000,infinity)           0.0000            infinity            infinity
     Parameter 7~N(0.000,infinity)           0.0000            infinity            infinity
     Parameter 8~N(0.000,infinity)           0.0000            infinity            infinity
     Parameter 9~N(0.000,infinity)           0.0000            infinity            infinity
     Parameter 10~N(0.000,infinity)          0.0000            infinity            infinity
     Parameter 11~N(0.000,infinity)          0.0000            infinity            infinity
     Parameter 12~N(0.000,infinity)          0.0000            infinity            infinity
     Parameter 13~N(0.000,infinity)          0.0000            infinity            infinity
     Parameter 14~N(0.000,infinity)          0.0000            infinity            infinity
     Parameter 15~N(0.000,infinity)          0.0000            infinity            infinity
     Parameter 16~IW(0.000,-6)             infinity            infinity            infinity
     Parameter 17~IW(0.000,-6)             infinity            infinity            infinity
     Parameter 18~IW(0.000,-6)             infinity            infinity            infinity
     Parameter 19~IW(0.000,-6)             infinity            infinity            infinity
     Parameter 20~IW(0.000,-6)             infinity            infinity            infinity
     Parameter 21~IW(0.000,-6)             infinity            infinity            infinity
     Parameter 22~IW(0.000,-6)             infinity            infinity            infinity
     Parameter 23~IW(0.000,-6)             infinity            infinity            infinity
     Parameter 24~IW(0.000,-6)             infinity            infinity            infinity
     Parameter 25~IW(0.000,-6)             infinity            infinity            infinity
     Parameter 26~IW(0.000,-6)             infinity            infinity            infinity
     Parameter 27~IW(0.000,-6)             infinity            infinity            infinity
     Parameter 28~IW(0.000,-6)             infinity            infinity            infinity
     Parameter 29~IW(0.000,-6)             infinity            infinity            infinity
     Parameter 30~IW(0.000,-6)             infinity            infinity            infinity


TECHNICAL 8 OUTPUT


   TECHNICAL 8 OUTPUT FOR BAYES ESTIMATION

     CHAIN    BSEED
     1        0
     2        285380

                     POTENTIAL       PARAMETER WITH
     ITERATION    SCALE REDUCTION      HIGHEST PSR
     100              2.533               16
     200              1.625               22
     300              1.243               18
     400              1.598               18
     500              1.651               23
     600              1.407               23
     700              1.236               23
     800              1.221               20
     900              1.326               20
     1000             1.267               21
     1100             1.255               21
     1200             1.210               21
     1300             1.153               21
     1400             1.105               25
     1500             1.081               25
     1600             1.068               29
     1700             1.076               29
     1800             1.055               29
     1900             1.070               29
     2000             1.049               24
     2100             1.066               24
     2200             1.030               25
     2300             1.021               3
     2400             1.022               22
     2500             1.028               22
     2600             1.059               23
     2700             1.073               23
     2800             1.065               23
     2900             1.063               23
     3000             1.083               23
     3100             1.076               23
     3200             1.058               23
     3300             1.045               23
     3400             1.038               23
     3500             1.043               23
     3600             1.068               23
     3700             1.107               23
     3800             1.117               23
     3900             1.105               23
     4000             1.082               23
     4100             1.060               23
     4200             1.056               23
     4300             1.056               24
     4400             1.049               23
     4500             1.042               23
     4600             1.033               23
     4700             1.027               23
     4800             1.025               24
     4900             1.031               20
     5000             1.030               20
     5100             1.034               20
     5200             1.030               20
     5300             1.029               20
     5400             1.030               20
     5500             1.024               20
     5600             1.023               20
     5700             1.022               20
     5800             1.017               20
     5900             1.017               20
     6000             1.016               17
     6100             1.020               17
     6200             1.024               17
     6300             1.024               20
     6400             1.021               20
     6500             1.020               20
     6600             1.022               20
     6700             1.023               20
     6800             1.022               17
     6900             1.028               20
     7000             1.040               20
     7100             1.041               20
     7200             1.041               20
     7300             1.044               20
     7400             1.045               20
     7500             1.050               20
     7600             1.051               20
     7700             1.042               20
     7800             1.042               20
     7900             1.046               17
     8000             1.045               17
     8100             1.044               17
     8200             1.032               17
     8300             1.031               17
     8400             1.031               17
     8500             1.026               17
     8600             1.023               24
     8700             1.026               24
     8800             1.026               24
     8900             1.027               24
     9000             1.031               24
     9100             1.032               24
     9200             1.028               24
     9300             1.029               24
     9400             1.031               24
     9500             1.028               24
     9600             1.028               24
     9700             1.030               24
     9800             1.027               24
     9900             1.021               24
     10000            1.021               24


     Beginning Time:  04:03:09
        Ending Time:  04:09:30
       Elapsed Time:  00:06:21



MUTHEN & MUTHEN
3463 Stoner Ave.
Los Angeles, CA  90066

Tel: (310) 391-9971
Fax: (310) 391-8971
Web: www.StatModel.com
Support: Support@StatModel.com

Copyright (c) 1998-2020 Muthen & Muthen
