Mplus VERSION 8.5 (Mac)
MUTHEN & MUTHEN
03/16/2022   8:30 PM

INPUT INSTRUCTIONS

  TITLE: Analysis 4
  DATA: FILE = analysis4+5_S1.dat;
  VARIABLE:
  NAMES = ID WB content stressed lonely
  FTF CMC mixed peers family weak_ties
  E A C N O gender ethnicity SES weekend;
  USEVARIABLES = content
  CMC mixed family weak_ties
  weekend;
  CLUSTER = ID;
  WITHIN = CMC mixed family weak_ties weekend;
  MISSING = .;
  DEFINE:
  CENTER CMC (GROUPMEAN);
  CENTER mixed (GROUPMEAN);
  CENTER family (GROUPMEAN);
  CENTER weak_ties (GROUPMEAN);
  ANALYSIS: TYPE = TWOLEVEL RANDOM; ESTIMATOR = BAYES;
  BITERATIONS = (10000); PROCESSORS = 2;
  MODEL:
  %WITHIN%
  ! Contentment is predicted by CMC, the slope is random
  S1 | content ON CMC;
  ! Contentment is predicted by mixed episodes, the slope is random
  S2 | content ON mixed;
  ! Contentment is predicted by family, the slope is random
  S3 | content ON family;
  ! Contentment is predicted by weak ties, the slope is random
  S4 | content ON weak_ties;
  ! Control for weekend
  content ON weekend;
  %BETWEEN%
  ! Covariance between intercept and slopes
  content S1-S4 WITH content S1-S4;
  OUTPUT: STDYX STDY TECH8;



*** WARNING in VARIABLE command
  Note that only the first 8 characters of variable names are used in the output.
  Shorten variable names to avoid any confusion.
*** WARNING
  One or more individual-level variables have no variation within a
  cluster for the following clusters.

     Variable   Cluster IDs with no within-cluster variation

      CONTENT     460 644 195 1006 652 524 571 1174 1017 1094 831 395 468 922 235 485 653 846
                  1051 1011 690 956 660 1306 1108 1112 501 55 188 1018 1340 520 112 1321 206 1296
                  270
      WEEKEND     476 567 992 127 1082 1091 1167 183 195 811 938 202 998 645 1040 722 1179 1274
                  16 1348 4 522 33 1050 569 587 1123 1154 362 607 975 389 423 1017 130 114 1074
                  343 1094 794 799 843 973 885 1305 967 395 988 213 589 466 335 546 665 922 674
                  1067 371 235 5 941 966 117 771 790 553 653 846 1389 580 217 227 1213 1278 850
                  1053 24 943 950 179 1222 755 1366 1013 750 275 1149 1024 433 706 7 341 917 501
                  803 1211 1320 868 661 876 627 1302 474 99

*** WARNING
  Data set contains cases with missing on all variables except
  x-variables.  These cases were not included in the analysis.
  Number of cases with missing on all variables except x-variables:  34
   3 WARNING(S) FOUND IN THE INPUT INSTRUCTIONS



Analysis 4

SUMMARY OF ANALYSIS

Number of groups                                                 1
Number of observations                                       23744

Number of dependent variables                                    1
Number of independent variables                                  5
Number of continuous latent variables                            4

Observed dependent variables

  Continuous
   CONTENT

Observed independent variables
   CMC         MIXED       FAMILY      WEAK_TIE    WEEKEND

Continuous latent variables
   S1          S2          S3          S4

Variables with special functions

  Cluster variable      ID

  Within variables
   CMC         MIXED       FAMILY      WEAK_TIE    WEEKEND

  Centering (GROUPMEAN)
   CMC         MIXED       FAMILY      WEAK_TIE


Estimator                                                    BAYES
Specifications for Bayesian Estimation
  Point estimate                                            MEDIAN
  Number of Markov chain Monte Carlo (MCMC) chains               2
  Random seed for the first chain                                0
  Starting value information                           UNPERTURBED
  Algorithm used for Markov chain Monte Carlo           GIBBS(PX1)
  Convergence criterion                                  0.500D-01
  Maximum number of iterations                               50000
  K-th iteration used for thinning                               1

Input data file(s)
  analysis4+5_S1.dat
Input data format  FREE


SUMMARY OF DATA

     Number of clusters                       1347

       Size (s)    Cluster ID with Size s

          1        27 75 84 90 181 331 332 385 595 612 670 717 740 765
                   768 1010 1030 1326 1388 1391
          2        460 476 567 877 992 246 127 1082 1091 1167 644 183 195
          3        148 811 637 938 942 202 998 1004 1006 645 652 1040 1055
                   167 524 722 1179 1259 1274 16 1348 759 4
          4        278 323 522 1023 33 128 1050 569 1059 571 587 1116 1123
                   1154 775 1169 1174 362 607 380 14 975 389 407 1219 17
          5        405 304 409 413 423 1017 424 309 1035 201 130 114 549
                   1074 343 115 1093 1094 794 799 281 831 843 849 851 973
                   1242 1247 1248 575 885 1294 1305 291 301 1371 958 967
                   395
          6        139 456 988 213 589 774 466 1199 468 335 629 495 337
                   339 1280 546 665 9 922 674 1373 1379 709 168
          7        1067 371 1081 225 913 235 5 1106 941 391 1128 1144 66
                   1160 966 485 1171 767 117 771 153 300 1245 784 790 528
                   798 1019 1290 68 98 1325 553 653 846 1051 554 564 1389
                   1063
          8        92 1096 578 946 580 959 373 49 217 605 311 611 57 619
                   227 1203 1213 80 1237 1011 64 118 816 827 88 1278 39
                   654 555 850 345 870 359 91 910 715 464 1092 719
          9        19 1117 979 400 1140 1142 830 265 838 1163 628 1007
                   1008 731 739 1197 273 747 1209 1022 632 191 884 222
                   499 136 1053 24 426 778 438 1071 943 1080 83 1339 950
                   951 550 682 690 805 237
         10        175 1033 1168 412 260 786 417 176 272 179 956 525 1069
                   1222 394 813 597 824 540 1252 443 1261 610 451 149 614
                   457 1115 210 755 1338 365 559 1366 1013 635 560 1384
                   640 1159 79 1394 269
         11        933 30 1038 676 207 1175 160 421 713 1058 1205 458 1060
                   527 85 50 1070 541 733 1079 968 1257 388 547 1269 436
                   987 748 750 753 847 275 441 491 1120 860 1359 658 660
                   769 663 1149 773 609 1024 492 1166
         12        566 261 425 218 574 889 1172 907 504 1043 1044 506 1201
                   518 433 1207 935 772 268 317 103 598 947 949 779 599
                   1255 684 685 328 704 706 111 810 203 1292 977 274 1306
                   1308 1108 73 1330 209 7 1346 287 1122 732 290 1133 469
                   1382 845 200 742 743 258
         13        1198 642 523 455 255 1206 744 186 341 655 591 1235 187
                   296 760 761 357 299 1005 23 1112 1113 874 606 264 193
                   171 906 60 56 613 917 1317 1322 918 87 1328 931 1337
                   501 161 204 792 1048 718 630 515 803 1056 241 572 1191
                   1194 146 1062
         14        1211 510 1216 691 864 770 698 701 353 322 708 242 325
                   783 1021 169 1262 577 787 1276 414 923 1285 1287 1143
                   929 297 418 1156 530 650 419 1049 734 372 543 1331 106
                   480 36 825 826 12 178 194 834 1374 1376 672 18 116 678
                   502 346 1208 347 450 758
         15        932 404 446 1253 936 1037 28 512 350 620 622 626 1158
                   694 1282 279 699 410 55 282 1297 1303 1304 286 196 1239
                   1312 856 1320 329 862 1182 15 1192 868 532 162 334 995
                   542 1086 730 47 896 489 11 600 104 661 240 1228 188
                   62 812 318 133 151
         16        1001 876 503 782 392 54 1119 894 714 900 1265 1014 1131
                   1275 444 789 639 105 514 990 1289 727 1032 305 1034
                   927 58 173 8 627 934 592 320 819 244 72 252 535 215
                   470 184 675 32 677 1354 1357 483 1361 484 375 488 970
                   219 382 857 1215 1084 63 387 144 228
         17        854 1078 568 319 467 69 1178 1288 1083 165 1291 1186
                   867 1018 1302 307 945 710 872 1099 948 1314 474 545
                   397 477 957 38 95 961 452 81 406 902 110 636 833 911
                   408 1363 1148 914 1249 1152 563 604 1380 687 367 368
                   1161 497 647 1397 969 791
         18        818 302 1273 822 1052 142 901 529 239 1066 306 129 616
                   120 288 721 842 396 1301 369 581 1183 584 208 402 1193
                   429 507 432 741 937 859 1204 1103 939 1335 940 121 48
                   1114 150 1352 944 376 800 695 1121 871 601 1125 1127
                   229 230 1132 702 26 448 1254 886 887 1395 965 1151
         19        898 6 76 41 232 683 86 1299 298 59 401 916 122 143 919
                   216 1313 696 1212 1318 1136 924 745 928 101 1147 487
                   1000 749 336 277 1342 1155 198 1 576 182 873 383 1362
                   711 1258 166 1372 878 664 1170 621 1271 147 259 828
                   890 348 390 1111 1185 1360 952 473
         20        1150 729 99 100 1224 692 1015 693 398 53 837 657 839
                   51 1327 1250 1098 903 119 700 420 447 1340 71 505 795
                   1264 853 1355 1356 797 707 312 971 667 858 602 1277
                   801 1279 983 754 422 1286 807 327 308 453 251 152 643
                   548 520 199
         21        985 137 1085 634 1270 360 321 154 997 712 437 534 294
                   1349 1157 1353 536 746 159 623 1009 1165 625 442 815
                   751 1369 1118 1240 752 1243 895 31 22 788 356 1180 1073
                   904 1392 861 1026 1027 112
         22        205 124 1087 1236 1089 1177 97 1138 243 174 192 866
                   1145 1146 531 802 361 1104 909 1368 1307 776 841 221
                   681 211 316 516 882 253 1386 737 454 135 1039 762 1334
                   615
         23        1065 646 1336 551 1068 1218 649 498 899 214 310 189
                   254 156 1176 257 533 993 908 832 126 1041 1088 763 370
                   333 1310 1311 430 513 89 1316 608 141 374 74 416 439
                   44 1061 378 1396 891
         24        804 226 1164 157 720 1321 863 399 978 865 1046 283 724
                   324 728 989 1260 284 427 570 428 996 875 20 1351 1124
                   245 735 67 537 780 781 78 170 292 233 1365 544 703 180
                   472 440 363 668 1214 190 366 1381 82 1153 445 224 855
                   1233 1090 757 123 1238 342
         25        666 539 3 1226 206 1184 671 315 134 25 61 1367 1323
                   806 490 1162 764 1097 974 511 386 1042 1105 893 37 238
                   1173 844 247 164 478 1217 364
         26        1141 285 1110 829 1244 212 65 1054 582 280 1251 1031
                   379 29 1332 93 1296 1377 716 679 1064 234 593 558 519
                   102 509 1234 688 962 915 994 352
         27        562 1107 921 384 954 777 1324 1227 40 1293 1231 926
                   1045 880 1300 552 1267 984 1028 475 964 1341 820 1385
                   1345 1075 808 766 1350 1129 835 1057 1315
         28        431 930 793 155 393 1195 1223 177 482 588 1109 1229
                   1202 1130 496 471 270 461 271 624 1210 723 641 34 848
         29        108 435 500 96 1246 526 1002 1344 107 573 633 1390 823
                   585 340 185 1220 1189
         30        814 449 479 77 338 556 1187 557 648 586 976 250 1100
                   1319 651 351 852
         31        276 289 897 736 1333 1102 236 1012 1230 508 1072 486
                   1196 267 689 1077 590 1284 809 583 313
         32        705 248 1256 618 344 1283 358 561 1309 603 879 494 881
                   462 1268 883 131 565 266 42 594 840 70
         33        465 223 2 1190 403 1266 1232 109 262 1134 377 1295 1126
         34        1095 631 1383 220 697 459 1241
         35        912 1343 52 1139 796 481 256 197 434 738 617 94 963
                   662 415 980
         36        1225 1137 411 1101 656 1016 113 686
         37        925 596 1029 955 354
         38        659 463 1200 125 579 756
         39        330 1364 10 1281 538
         40        1298
         41        1003 231 145 1393 140
         42        355 991 836
         43        249 869 1375 13
         44        982 1076 1020
         45        1025
         47        138
         48        263
         51        303
         53        293



COVARIANCE COVERAGE OF DATA

Minimum covariance coverage value   0.100

     Number of missing data patterns             1


     PROPORTION OF DATA PRESENT


           Covariance Coverage
              CONTENT       CMC           MIXED         FAMILY        WEAK_TIE
              ________      ________      ________      ________      ________
 CONTENT        1.000
 CMC            1.000         1.000
 MIXED          1.000         1.000         1.000
 FAMILY         1.000         1.000         1.000         1.000
 WEAK_TIE       1.000         1.000         1.000         1.000         1.000
 WEEKEND        1.000         1.000         1.000         1.000         1.000


           Covariance Coverage
              WEEKEND
              ________
 WEEKEND        1.000



UNIVARIATE SAMPLE STATISTICS


     UNIVARIATE HIGHER-ORDER MOMENT DESCRIPTIVE STATISTICS

         Variable/         Mean/     Skewness/   Minimum/ % with                Percentiles
        Sample Size      Variance    Kurtosis    Maximum  Min/Max      20%/60%    40%/80%    Median

     CONTENT               2.704      -0.096       1.000    8.66%       2.000      2.000      3.000
           23744.000       0.811      -0.838       4.000   21.48%       3.000      4.000
     CMC                   0.000       0.522      -0.968    0.00%      -0.350     -0.200     -0.125
           23744.000       0.177      -0.855       0.970    0.00%      -0.042      0.500
     MIXED                 0.000       1.274      -0.846    0.01%      -0.227     -0.105     -0.067
           23744.000       0.116       1.030       0.979    0.00%      -0.038      0.000
     FAMILY                0.000       1.900      -0.833    0.00%      -0.115     -0.050     -0.031
           23744.000       0.071       4.517       0.979    0.00%       0.000      0.000
     WEAK_TIES             0.000       1.337      -0.944    0.00%      -0.217     -0.125     -0.083
           23744.000       0.121       1.011       0.981    0.00%      -0.056      0.000
     WEEKEND               0.267       1.053       0.000   73.30%       0.000      0.000      0.000
           23744.000       0.196      -0.891       1.000   26.70%       0.000      1.000


THE MODEL ESTIMATION TERMINATED NORMALLY

     USE THE FBITERATIONS OPTION TO INCREASE THE NUMBER OF ITERATIONS BY A FACTOR
     OF AT LEAST TWO TO CHECK CONVERGENCE AND THAT THE PSR VALUE DOES NOT INCREASE.



MODEL FIT INFORMATION

Number of Free Parameters                              22

Information Criteria

          Deviance (DIC)                        52461.066
          Estimated Number of Parameters (pD)    1945.270



MODEL RESULTS

                                Posterior  One-Tailed         95% C.I.
                    Estimate       S.D.      P-Value   Lower 2.5%  Upper 2.5%  Significance

Within Level

 CONTENT    ON
    WEEKEND            0.080       0.011      0.000       0.058       0.101      *

 Residual Variances
    CONTENT            0.492       0.005      0.000       0.482       0.501      *

Between Level

 CONTENT  WITH
    S1                 0.010       0.009      0.111      -0.006       0.027
    S2                 0.002       0.010      0.419      -0.017       0.020
    S3                -0.007       0.012      0.286      -0.030       0.016
    S4                -0.004       0.010      0.343      -0.023       0.015

 S1       WITH
    S2                 0.027       0.008      0.000       0.013       0.043      *
    S3                 0.001       0.011      0.475      -0.020       0.022
    S4                 0.042       0.009      0.000       0.024       0.059      *

 S2       WITH
    S3                -0.009       0.011      0.233      -0.030       0.016
    S4                 0.011       0.009      0.109      -0.005       0.029

 S3       WITH
    S4                -0.010       0.011      0.192      -0.031       0.012

 Means
    CONTENT            2.678       0.016      0.000       2.647       2.709      *
    S1                -0.249       0.015      0.000      -0.278      -0.220      *
    S2                -0.005       0.015      0.386      -0.031       0.029
    S3                 0.046       0.021      0.012       0.005       0.089      *
    S4                -0.315       0.017      0.000      -0.347      -0.282      *

 Variances
    CONTENT            0.284       0.013      0.000       0.261       0.311      *
    S1                 0.066       0.010      0.000       0.047       0.087      *
    S2                 0.020       0.009      0.000       0.009       0.044      *
    S3                 0.073       0.015      0.000       0.046       0.106      *
    S4                 0.077       0.012      0.000       0.054       0.102      *


STANDARDIZED MODEL RESULTS


STDYX Standardization

                                Posterior  One-Tailed         95% C.I.
                    Estimate       S.D.      P-Value   Lower 2.5%  Upper 2.5%  Significance

Within-Level Standardized Estimates Averaged Over Clusters

 S1 | CONTENT ON
    CMC               -0.128       0.007      0.000      -0.141      -0.116      *

 S2 | CONTENT ON
    MIXED             -0.001       0.006      0.423      -0.012       0.009

 S3 | CONTENT ON
    FAMILY             0.012       0.005      0.008       0.002       0.021      *

 S4 | CONTENT ON
    WEAK_TIES         -0.126       0.006      0.000      -0.137      -0.115      *

 CONTENT    ON
    WEEKEND            0.043       0.006      0.000       0.031       0.054      *

 Residual Variances
    CONTENT            0.924       0.004      0.000       0.915       0.931      *

Between Level

 CONTENT  WITH
    S1                 0.076       0.062      0.111      -0.044       0.198
    S2                 0.029       0.136      0.419      -0.242       0.292
    S3                -0.047       0.083      0.286      -0.210       0.110
    S4                -0.026       0.066      0.343      -0.160       0.102

 S1       WITH
    S2                 0.740       0.128      0.000       0.474       0.947      *
    S3                 0.010       0.154      0.475      -0.304       0.307
    S4                 0.593       0.107      0.000       0.370       0.781      *

 S2       WITH
    S3                -0.260       0.279      0.233      -0.683       0.369
    S4                 0.275       0.199      0.109      -0.141       0.633

 S3       WITH
    S4                -0.137       0.155      0.192      -0.446       0.154

 Means
    CONTENT            5.021       0.116      0.000       4.793       5.253      *
    S1                -0.973       0.096      0.000      -1.179      -0.799      *
    S2                -0.033       0.109      0.386      -0.245       0.189
    S3                 0.171       0.083      0.012       0.020       0.345      *
    S4                -1.134       0.108      0.000      -1.379      -0.954      *

 Variances
    CONTENT            1.000       0.000      0.000       1.000       1.000
    S1                 1.000       0.000      0.000       1.000       1.000
    S2                 1.000       0.000      0.000       1.000       1.000
    S3                 1.000       0.000      0.000       1.000       1.000
    S4                 1.000       0.000      0.000       1.000       1.000


STDY Standardization

                                Posterior  One-Tailed         95% C.I.
                    Estimate       S.D.      P-Value   Lower 2.5%  Upper 2.5%  Significance

Within-Level Standardized Estimates Averaged Over Clusters

 S1 | CONTENT ON
    CMC               -0.332       0.018      0.000      -0.366      -0.298      *

 S2 | CONTENT ON
    MIXED              0.000       0.020      0.498      -0.041       0.038

 S3 | CONTENT ON
    FAMILY             0.063       0.027      0.011       0.009       0.117      *

 S4 | CONTENT ON
    WEAK_TIES         -0.421       0.020      0.000      -0.459      -0.383      *

 CONTENT    ON
    WEEKEND            0.110       0.015      0.000       0.079       0.140      *

 Residual Variances
    CONTENT            0.924       0.004      0.000       0.915       0.931      *

Between Level

 CONTENT  WITH
    S1                 0.076       0.062      0.111      -0.044       0.198
    S2                 0.029       0.136      0.419      -0.242       0.292
    S3                -0.047       0.083      0.286      -0.210       0.110
    S4                -0.026       0.066      0.343      -0.160       0.102

 S1       WITH
    S2                 0.740       0.128      0.000       0.474       0.947      *
    S3                 0.010       0.154      0.475      -0.304       0.307
    S4                 0.593       0.107      0.000       0.370       0.781      *

 S2       WITH
    S3                -0.260       0.279      0.233      -0.683       0.369
    S4                 0.275       0.199      0.109      -0.141       0.633

 S3       WITH
    S4                -0.137       0.155      0.192      -0.446       0.154

 Means
    CONTENT            5.021       0.116      0.000       4.793       5.253      *
    S1                -0.973       0.096      0.000      -1.179      -0.799      *
    S2                -0.033       0.109      0.386      -0.245       0.189
    S3                 0.171       0.083      0.012       0.020       0.345      *
    S4                -1.134       0.108      0.000      -1.379      -0.954      *

 Variances
    CONTENT            1.000       0.000      0.000       1.000       1.000
    S1                 1.000       0.000      0.000       1.000       1.000
    S2                 1.000       0.000      0.000       1.000       1.000
    S3                 1.000       0.000      0.000       1.000       1.000
    S4                 1.000       0.000      0.000       1.000       1.000


R-SQUARE

Within-Level R-Square Averaged Across Clusters

                                Posterior  One-Tailed         95% C.I.
    Variable        Estimate       S.D.      P-Value   Lower 2.5%  Upper 2.5%

    CONTENT            0.076       0.004      0.000       0.068       0.085


TECHNICAL 1 OUTPUT


     PARAMETER SPECIFICATION FOR WITHIN


           NU
              CONTENT       CMC           MIXED         FAMILY        WEAK_TIE
              ________      ________      ________      ________      ________
                    0             0             0             0             0


           NU
              WEEKEND
              ________
                    0


           LAMBDA
              CONTENT       CMC           MIXED         FAMILY        WEAK_TIE
              ________      ________      ________      ________      ________
 CONTENT            0             0             0             0             0
 CMC                0             0             0             0             0
 MIXED              0             0             0             0             0
 FAMILY             0             0             0             0             0
 WEAK_TIE           0             0             0             0             0
 WEEKEND            0             0             0             0             0


           LAMBDA
              WEEKEND
              ________
 CONTENT            0
 CMC                0
 MIXED              0
 FAMILY             0
 WEAK_TIE           0
 WEEKEND            0


           THETA
              CONTENT       CMC           MIXED         FAMILY        WEAK_TIE
              ________      ________      ________      ________      ________
 CONTENT            0
 CMC                0             0
 MIXED              0             0             0
 FAMILY             0             0             0             0
 WEAK_TIE           0             0             0             0             0
 WEEKEND            0             0             0             0             0


           THETA
              WEEKEND
              ________
 WEEKEND            0


           ALPHA
              CONTENT       CMC           MIXED         FAMILY        WEAK_TIE
              ________      ________      ________      ________      ________
                    0             0             0             0             0


           ALPHA
              WEEKEND
              ________
                    0


           BETA
              CONTENT       CMC           MIXED         FAMILY        WEAK_TIE
              ________      ________      ________      ________      ________
 CONTENT            0             0             0             0             0
 CMC                0             0             0             0             0
 MIXED              0             0             0             0             0
 FAMILY             0             0             0             0             0
 WEAK_TIE           0             0             0             0             0
 WEEKEND            0             0             0             0             0


           BETA
              WEEKEND
              ________
 CONTENT            1
 CMC                0
 MIXED              0
 FAMILY             0
 WEAK_TIE           0
 WEEKEND            0


           PSI
              CONTENT       CMC           MIXED         FAMILY        WEAK_TIE
              ________      ________      ________      ________      ________
 CONTENT            2
 CMC                0             0
 MIXED              0             0             0
 FAMILY             0             0             0             0
 WEAK_TIE           0             0             0             0             0
 WEEKEND            0             0             0             0             0


           PSI
              WEEKEND
              ________
 WEEKEND            0


     PARAMETER SPECIFICATION FOR BETWEEN


           NU
              CONTENT
              ________
                    0


           LAMBDA
              S1            S2            S3            S4            CONTENT
              ________      ________      ________      ________      ________
 CONTENT            0             0             0             0             0


           THETA
              CONTENT
              ________
 CONTENT            0


           ALPHA
              S1            S2            S3            S4            CONTENT
              ________      ________      ________      ________      ________
                    3             4             5             6             7


           BETA
              S1            S2            S3            S4            CONTENT
              ________      ________      ________      ________      ________
 S1                 0             0             0             0             0
 S2                 0             0             0             0             0
 S3                 0             0             0             0             0
 S4                 0             0             0             0             0
 CONTENT            0             0             0             0             0


           PSI
              S1            S2            S3            S4            CONTENT
              ________      ________      ________      ________      ________
 S1                 8
 S2                 9            10
 S3                11            12            13
 S4                14            15            16            17
 CONTENT           18            19            20            21            22


     STARTING VALUES FOR WITHIN


           NU
              CONTENT       CMC           MIXED         FAMILY        WEAK_TIE
              ________      ________      ________      ________      ________
                0.000         0.000         0.000         0.000         0.000


           NU
              WEEKEND
              ________
                0.000


           LAMBDA
              CONTENT       CMC           MIXED         FAMILY        WEAK_TIE
              ________      ________      ________      ________      ________
 CONTENT        1.000         0.000         0.000         0.000         0.000
 CMC            0.000         1.000         0.000         0.000         0.000
 MIXED          0.000         0.000         1.000         0.000         0.000
 FAMILY         0.000         0.000         0.000         1.000         0.000
 WEAK_TIE       0.000         0.000         0.000         0.000         1.000
 WEEKEND        0.000         0.000         0.000         0.000         0.000


           LAMBDA
              WEEKEND
              ________
 CONTENT        0.000
 CMC            0.000
 MIXED          0.000
 FAMILY         0.000
 WEAK_TIE       0.000
 WEEKEND        1.000


           THETA
              CONTENT       CMC           MIXED         FAMILY        WEAK_TIE
              ________      ________      ________      ________      ________
 CONTENT        0.000
 CMC            0.000         0.000
 MIXED          0.000         0.000         0.000
 FAMILY         0.000         0.000         0.000         0.000
 WEAK_TIE       0.000         0.000         0.000         0.000         0.000
 WEEKEND        0.000         0.000         0.000         0.000         0.000


           THETA
              WEEKEND
              ________
 WEEKEND        0.000


           ALPHA
              CONTENT       CMC           MIXED         FAMILY        WEAK_TIE
              ________      ________      ________      ________      ________
                0.000         0.000         0.000         0.000         0.000


           ALPHA
              WEEKEND
              ________
                0.000


           BETA
              CONTENT       CMC           MIXED         FAMILY        WEAK_TIE
              ________      ________      ________      ________      ________
 CONTENT        0.000         0.000         0.000         0.000         0.000
 CMC            0.000         0.000         0.000         0.000         0.000
 MIXED          0.000         0.000         0.000         0.000         0.000
 FAMILY         0.000         0.000         0.000         0.000         0.000
 WEAK_TIE       0.000         0.000         0.000         0.000         0.000
 WEEKEND        0.000         0.000         0.000         0.000         0.000


           BETA
              WEEKEND
              ________
 CONTENT        0.000
 CMC            0.000
 MIXED          0.000
 FAMILY         0.000
 WEAK_TIE       0.000
 WEEKEND        0.000


           PSI
              CONTENT       CMC           MIXED         FAMILY        WEAK_TIE
              ________      ________      ________      ________      ________
 CONTENT        0.406
 CMC            0.000         0.089
 MIXED          0.000         0.000         0.058
 FAMILY         0.000         0.000         0.000         0.035
 WEAK_TIE       0.000         0.000         0.000         0.000         0.061
 WEEKEND        0.000         0.000         0.000         0.000         0.000


           PSI
              WEEKEND
              ________
 WEEKEND        0.098


     STARTING VALUES FOR BETWEEN


           NU
              CONTENT
              ________
                0.000


           LAMBDA
              S1            S2            S3            S4            CONTENT
              ________      ________      ________      ________      ________
 CONTENT        0.000         0.000         0.000         0.000         1.000


           THETA
              CONTENT
              ________
 CONTENT        0.000


           ALPHA
              S1            S2            S3            S4            CONTENT
              ________      ________      ________      ________      ________
                0.000         0.000         0.000         0.000         2.704


           BETA
              S1            S2            S3            S4            CONTENT
              ________      ________      ________      ________      ________
 S1             0.000         0.000         0.000         0.000         0.000
 S2             0.000         0.000         0.000         0.000         0.000
 S3             0.000         0.000         0.000         0.000         0.000
 S4             0.000         0.000         0.000         0.000         0.000
 CONTENT        0.000         0.000         0.000         0.000         0.000


           PSI
              S1            S2            S3            S4            CONTENT
              ________      ________      ________      ________      ________
 S1             1.000
 S2             0.000         1.000
 S3             0.000         0.000         1.000
 S4             0.000         0.000         0.000         1.000
 CONTENT        0.000         0.000         0.000         0.000         0.406



     PRIORS FOR ALL PARAMETERS            PRIOR MEAN      PRIOR VARIANCE     PRIOR STD. DEV.

     Parameter 1~N(0.000,infinity)           0.0000            infinity            infinity
     Parameter 2~IG(-1.000,0.000)          infinity            infinity            infinity
     Parameter 3~N(0.000,infinity)           0.0000            infinity            infinity
     Parameter 4~N(0.000,infinity)           0.0000            infinity            infinity
     Parameter 5~N(0.000,infinity)           0.0000            infinity            infinity
     Parameter 6~N(0.000,infinity)           0.0000            infinity            infinity
     Parameter 7~N(0.000,infinity)           0.0000            infinity            infinity
     Parameter 8~IW(0.000,-6)              infinity            infinity            infinity
     Parameter 9~IW(0.000,-6)              infinity            infinity            infinity
     Parameter 10~IW(0.000,-6)             infinity            infinity            infinity
     Parameter 11~IW(0.000,-6)             infinity            infinity            infinity
     Parameter 12~IW(0.000,-6)             infinity            infinity            infinity
     Parameter 13~IW(0.000,-6)             infinity            infinity            infinity
     Parameter 14~IW(0.000,-6)             infinity            infinity            infinity
     Parameter 15~IW(0.000,-6)             infinity            infinity            infinity
     Parameter 16~IW(0.000,-6)             infinity            infinity            infinity
     Parameter 17~IW(0.000,-6)             infinity            infinity            infinity
     Parameter 18~IW(0.000,-6)             infinity            infinity            infinity
     Parameter 19~IW(0.000,-6)             infinity            infinity            infinity
     Parameter 20~IW(0.000,-6)             infinity            infinity            infinity
     Parameter 21~IW(0.000,-6)             infinity            infinity            infinity
     Parameter 22~IW(0.000,-6)             infinity            infinity            infinity


TECHNICAL 8 OUTPUT


   TECHNICAL 8 OUTPUT FOR BAYES ESTIMATION

     CHAIN    BSEED
     1        0
     2        285380

                     POTENTIAL       PARAMETER WITH
     ITERATION    SCALE REDUCTION      HIGHEST PSR
     100              1.330               14
     200              2.260               13
     300              2.018               12
     400              1.563               12
     500              1.336               4
     600              1.671               4
     700              1.861               4
     800              1.558               4
     900              1.590               4
     1000             1.360               4
     1100             1.212               12
     1200             1.217               16
     1300             1.163               12
     1400             1.094               12
     1500             1.129               19
     1600             1.225               19
     1700             1.211               19
     1800             1.225               19
     1900             1.354               12
     2000             1.493               12
     2100             1.601               12
     2200             1.624               12
     2300             1.580               12
     2400             1.646               12
     2500             1.674               12
     2600             1.610               12
     2700             1.562               12
     2800             1.491               12
     2900             1.462               12
     3000             1.403               12
     3100             1.383               12
     3200             1.342               12
     3300             1.283               12
     3400             1.260               12
     3500             1.248               12
     3600             1.252               12
     3700             1.239               12
     3800             1.245               12
     3900             1.249               12
     4000             1.265               12
     4100             1.301               12
     4200             1.329               12
     4300             1.375               12
     4400             1.424               12
     4500             1.468               12
     4600             1.473               12
     4700             1.443               12
     4800             1.392               12
     4900             1.369               15
     5000             1.347               12
     5100             1.386               12
     5200             1.437               12
     5300             1.463               12
     5400             1.418               12
     5500             1.375               12
     5600             1.315               12
     5700             1.273               15
     5800             1.277               15
     5900             1.267               15
     6000             1.263               15
     6100             1.253               15
     6200             1.232               15
     6300             1.214               15
     6400             1.195               15
     6500             1.176               15
     6600             1.158               15
     6700             1.134               15
     6800             1.119               15
     6900             1.117               15
     7000             1.118               15
     7100             1.120               15
     7200             1.111               12
     7300             1.115               12
     7400             1.121               12
     7500             1.116               12
     7600             1.106               12
     7700             1.102               12
     7800             1.091               12
     7900             1.093               12
     8000             1.086               12
     8100             1.075               12
     8200             1.070               16
     8300             1.070               16
     8400             1.069               16
     8500             1.080               16
     8600             1.083               16
     8700             1.079               16
     8800             1.078               16
     8900             1.074               16
     9000             1.068               16
     9100             1.062               16
     9200             1.063               12
     9300             1.070               15
     9400             1.076               15
     9500             1.079               15
     9600             1.079               15
     9700             1.080               15
     9800             1.081               15
     9900             1.069               15
     10000            1.067               16


     Beginning Time:  20:30:49
        Ending Time:  20:36:48
       Elapsed Time:  00:05:59



MUTHEN & MUTHEN
3463 Stoner Ave.
Los Angeles, CA  90066

Tel: (310) 391-9971
Fax: (310) 391-8971
Web: www.StatModel.com
Support: Support@StatModel.com

Copyright (c) 1998-2020 Muthen & Muthen
