Mplus VERSION 8.5 (Mac)
MUTHEN & MUTHEN
03/17/2022   1:47 AM

INPUT INSTRUCTIONS

  TITLE: Analysis 4
  DATA: FILE = analysis4+5_S3.dat;
  VARIABLE:
  NAMES = ID AB angry worried happy sad WB stressed lonely
  FTF CMC mixed peers family weak_ties
  E A C N O gender ethnicity SES weekend;
  USEVARIABLES = WB
  CMC mixed family weak_ties
  weekend;
  CLUSTER = ID;
  WITHIN = CMC mixed family weak_ties weekend;
  MISSING = .;
  DEFINE:
  CENTER CMC (GROUPMEAN);
  CENTER mixed (GROUPMEAN);
  CENTER family (GROUPMEAN);
  CENTER weak_ties (GROUPMEAN);
  ANALYSIS: TYPE = TWOLEVEL RANDOM; ESTIMATOR = BAYES;
  BITERATIONS = (10000); PROCESSORS = 2;
  MODEL:
  %WITHIN%
  ! Well-being is predicted by CMC, the slope is random
  S1 | WB ON CMC;
  ! Well-being is predicted by mixed episodes, the slope is random
  S2 | WB ON mixed;
  ! Well-being is predicted by family, the slope is random
  S3 | WB ON family;
  ! Well-being is predicted by weak ties, the slope is random
  S4 | WB ON weak_ties;
  ! Control for weekend
  WB ON weekend;
  %BETWEEN%
  ! Covariance between intercept and slopes
  WB S1-S4 WITH WB S1-S4;
  OUTPUT: STDYX STDY TECH8;



*** WARNING in VARIABLE command
  Note that only the first 8 characters of variable names are used in the output.
  Shorten variable names to avoid any confusion.
*** WARNING
  One or more individual-level variables have no variation within a
  cluster for the following clusters.

     Variable   Cluster IDs with no within-cluster variation

      WB          562 4 271 649 156 816 342 550 352 76 797
      WEEKEND     404 593 271 649 806 816 342 550 224 49 396 57 741 485 845 598 93 131 666 867
                  851 556 844 26 349 309 527 680 685 881 144 284 69 734 265 723 882

*** WARNING
  Data set contains cases with missing on all variables except
  x-variables.  These cases were not included in the analysis.
  Number of cases with missing on all variables except x-variables:  51
   3 WARNING(S) FOUND IN THE INPUT INSTRUCTIONS



Analysis 4

SUMMARY OF ANALYSIS

Number of groups                                                 1
Number of observations                                       21384

Number of dependent variables                                    1
Number of independent variables                                  5
Number of continuous latent variables                            4

Observed dependent variables

  Continuous
   WB

Observed independent variables
   CMC         MIXED       FAMILY      WEAK_TIE    WEEKEND

Continuous latent variables
   S1          S2          S3          S4

Variables with special functions

  Cluster variable      ID

  Within variables
   CMC         MIXED       FAMILY      WEAK_TIE    WEEKEND

  Centering (GROUPMEAN)
   CMC         MIXED       FAMILY      WEAK_TIE


Estimator                                                    BAYES
Specifications for Bayesian Estimation
  Point estimate                                            MEDIAN
  Number of Markov chain Monte Carlo (MCMC) chains               2
  Random seed for the first chain                                0
  Starting value information                           UNPERTURBED
  Algorithm used for Markov chain Monte Carlo           GIBBS(PX1)
  Convergence criterion                                  0.500D-01
  Maximum number of iterations                               50000
  K-th iteration used for thinning                               1

Input data file(s)
  analysis4+5_S3.dat
Input data format  FREE


SUMMARY OF DATA

     Number of clusters                        855

       Size (s)    Cluster ID with Size s

          1        10 63 166 240 311 387 608 625 736 740 876
          2        45 404 544 562 593 4 271 649 298 156 806 816 342
          3        550 224 29 352 376 49 396 57 741 742 790 485 303 845
                   545
          4        369 598 93 131 11 666 667 867 44 502
          5        571 459 22 761 139 532 636 5 851 106 58 718
          6        206 600 35 79 52 556 482 61 696 700 302 880 405
          7        363 173 844 634 26 378 330 170 238 349
          8        119 82 78 725 309 76 316 575 592 778 527 413 813 422
                   825 162 615 473 856 118 280 169
          9        629 203 164 406 654 796 802 578 222 680 820 685 178
                   533 847 701 435 857 395 234 480 881 888
         10        770 105 20 214 21 663 807 9 91 424 822 431 839 136 23
                   846 247 144 185 728 284 499 189 522 202 53
         11        95 195 268 390 683 555 116 558 804 509 630 358 152 887
                   59 590
         12        122 573 506 310 290 442 126 326 537 69 481 618 732 619
                   341 552 418 750 494 766 498 135 650 569
         13        814 55 734 543 467 269 505 39 602 508 768 611 350 688
                   510 67 265 529 488 60 452
         14        697 277 585 704 705 588 722 723 199 229 826 642 141
                   525 526 408 605 221 610 322 684 769 472 885 130 692
                   423 797
         15        38 397 80 207 182 183 703 536 656 361 493 420 74 24
                   374 609 17 858 97 772 333 784 882 336 564 624 339
         16        83 572 230 706 659 209 201 177 587 108 589 249 293 254
                   594 883 749 258 469 36
         17        112 821 205 565 606 547 440 237 263 321 370 566 346
                   781
         18        373 752 753 708 865 450 180 13 225 14 416 428 595 317
                   755 678
         19        733 463 438 673 262 441 327 66 751 714 620 760 721 817
                   281 689 456 662 771 251
         20        621 379 410 717 343 273 669 862 252 304 872 292 738
                   616 773 18 377 831 834 163 19
         21        775 501 266 215 92 584 612 236 253 707 551 51 870 716
                   518 381 94 486 451 99 241 340 835
         22        88 334 651 68 617 411 337 210 515 6 366 672 25 246 744
                   372 715 171 332
         23        403 335 644 776 176 607 538 351 507 581 306 132 863
                   133 65 868 810 444 874 520 758 312 158 200 371 886 458
                   599 348
         24        33 702 243 668 359 633 869 474 270 138 50 483 274 429
                   48 193 695 548 437 81 194
         25        724 344 244 421 347 113 323 426 559 294 475 295 145
                   100 233 153 815 305 110 276 579 8 497 2 720 124 85
         26        148 287 427 743 850 179 328 216 699 368 278 46 838
         27        446 47 531 319 329 671 512 789 90 675 111 726 843 539
                   682 161 419 239 713 445
         28        325 120 307 398 864 491 779 121 665 554 604 873 356
                   535 878 495 73 517 385 64 591 681 147
         29        647 487 190 84 754 1 549 837 658 331 155 235 664 879
                   345 31 223 638 157 12 777 859
         30        168 286 871 792 793 204 875 192 524 676 832 255 401
                   42 528 461 841 788
         31        434 809 492 28 877 596 228 146 496 315 34 123 432 576
                   719
         32        855 762 466 767 540 542 140 504 660 41 232 799 87 394
                   601 780 282
         33        291 727 818 259 729 597 854 261 318 231 382 833 759
                   646 314 765 866 626 430 577
         34        3 586 795 490 217 798 828 686 288 563 391 580 653 54
                   471 631 77 849 583
         35        489 447 465 805 264 275 392 523 687 32 745 635 297 188
                   641 731 117
         36        560 470 677 115 622 219 694 250 785 296 513
         37        43 417 15 400 289 670 829 260 861 449 107 614
         38        101 448 256 823 89 191 407 468 830 632 709 16 353 457
                   172
         39        354 860 167 267 380 453 808 37 439 187
         40        557 747 127 739 462 414 388 285
         41        613 748 299 362 691 409 181 198 884 582 800 75 655
         42        623 848 425 384 220 791 511 698 812 257
         43        367 227 272 712 479 567 484
         44        218 245 143 360 648 661 412 72 455 357
         45        436 129 393 208 570 248
         46        114 154 399 365
         47        546 197 128 300 159 109 819 783 679 213 836 628 102
         48        338 757 637 142 415 454 763
         49        165 794 746 137 643 62 386
         50        375 645 774 389 640
         51        561 652 464 308 125 355 853
         52        324 827 657 301
         53        842 27
         54        782 568 71
         55        553 174 500 730 226 521
         56        840 603 519
         58        151 639 103 514 98
         59        212 803 402 627
         60        690 283 786 313
         61        364
         62        534 476
         64        443
         67        674
         68        320 186 433
         69        801
         73        824
         74        530
         75        764
         78        711
         80        40



COVARIANCE COVERAGE OF DATA

Minimum covariance coverage value   0.100

     Number of missing data patterns             1


     PROPORTION OF DATA PRESENT


           Covariance Coverage
              WB            CMC           MIXED         FAMILY        WEAK_TIE
              ________      ________      ________      ________      ________
 WB             1.000
 CMC            1.000         1.000
 MIXED          1.000         1.000         1.000
 FAMILY         1.000         1.000         1.000         1.000
 WEAK_TIE       1.000         1.000         1.000         1.000         1.000
 WEEKEND        1.000         1.000         1.000         1.000         1.000


           Covariance Coverage
              WEEKEND
              ________
 WEEKEND        1.000



UNIVARIATE SAMPLE STATISTICS


     UNIVARIATE HIGHER-ORDER MOMENT DESCRIPTIVE STATISTICS

         Variable/         Mean/     Skewness/   Minimum/ % with                Percentiles
        Sample Size      Variance    Kurtosis    Maximum  Min/Max      20%/60%    40%/80%    Median

     WB                    3.021      -0.535       1.000    1.08%       2.333      3.000      3.000
           21384.000       0.467      -0.164       4.000   12.15%       3.333      3.667
     CMC                   0.000       0.675      -0.985    0.00%      -0.286     -0.143     -0.088
           21384.000       0.152      -0.259       0.982    0.00%      -0.037      0.400
     MIXED                 0.000       1.510      -0.891    0.03%      -0.154     -0.059     -0.036
           21384.000       0.086       2.768       0.983    0.00%       0.000      0.000
     FAMILY                0.000       0.760      -0.983    0.00%      -0.200     -0.053     -0.026
           21384.000       0.109       1.121       0.983    0.00%       0.000      0.148
     WEAK_TIES             0.000       1.610      -0.929    0.00%      -0.167     -0.077     -0.050
           21384.000       0.094       2.454       0.985    0.00%      -0.024      0.000
     WEEKEND               0.297       0.890       0.000   70.32%       0.000      0.000      0.000
           21384.000       0.209      -1.208       1.000   29.68%       0.000      1.000


THE MODEL ESTIMATION TERMINATED NORMALLY

     USE THE FBITERATIONS OPTION TO INCREASE THE NUMBER OF ITERATIONS BY A FACTOR
     OF AT LEAST TWO TO CHECK CONVERGENCE AND THAT THE PSR VALUE DOES NOT INCREASE.



MODEL FIT INFORMATION

Number of Free Parameters                              22

Information Criteria

          Deviance (DIC)                        30181.149
          Estimated Number of Parameters (pD)    1632.272



MODEL RESULTS

                                Posterior  One-Tailed         95% C.I.
                    Estimate       S.D.      P-Value   Lower 2.5%  Upper 2.5%  Significance

Within Level

 WB         ON
    WEEKEND            0.138       0.008      0.000       0.123       0.153      *

 Residual Variances
    WB                 0.223       0.002      0.000       0.218       0.227      *

Between Level

 WB       WITH
    S1                 0.032       0.007      0.000       0.019       0.046      *
    S2                -0.004       0.007      0.310      -0.018       0.011
    S3                 0.029       0.008      0.000       0.014       0.045      *
    S4                -0.006       0.008      0.212      -0.021       0.009

 S1       WITH
    S2                 0.024       0.006      0.000       0.013       0.037      *
    S3                 0.027       0.007      0.000       0.013       0.040      *
    S4                -0.002       0.006      0.400      -0.014       0.011

 S2       WITH
    S3                 0.000       0.007      0.495      -0.013       0.014
    S4                 0.000       0.007      0.485      -0.014       0.015

 S3       WITH
    S4                 0.030       0.007      0.000       0.016       0.045      *

 Means
    WB                 2.947       0.017      0.000       2.914       2.979      *
    S1                -0.214       0.014      0.000      -0.241      -0.187      *
    S2                -0.032       0.015      0.019      -0.061      -0.002      *
    S3                -0.131       0.017      0.000      -0.164      -0.099      *
    S4                -0.116       0.016      0.000      -0.147      -0.084      *

 Variances
    WB                 0.217       0.011      0.000       0.196       0.240      *
    S1                 0.055       0.007      0.000       0.042       0.071      *
    S2                 0.037       0.007      0.000       0.024       0.053      *
    S3                 0.076       0.010      0.000       0.059       0.096      *
    S4                 0.051       0.009      0.000       0.036       0.069      *


STANDARDIZED MODEL RESULTS


STDYX Standardization

                                Posterior  One-Tailed         95% C.I.
                    Estimate       S.D.      P-Value   Lower 2.5%  Upper 2.5%  Significance

Within-Level Standardized Estimates Averaged Over Clusters

 S1 | WB ON
    CMC               -0.150       0.008      0.000      -0.165      -0.135      *

 S2 | WB ON
    MIXED             -0.013       0.005      0.005      -0.022      -0.003      *

 S3 | WB ON
    FAMILY            -0.075       0.007      0.000      -0.089      -0.062      *

 S4 | WB ON
    WEAK_TIES         -0.061       0.007      0.000      -0.074      -0.048      *

 WB         ON
    WEEKEND            0.115       0.007      0.000       0.102       0.128      *

 Residual Variances
    WB                 0.890       0.004      0.000       0.882       0.898      *

Between Level

 WB       WITH
    S1                 0.292       0.060      0.000       0.172       0.409      *
    S2                -0.041       0.083      0.310      -0.206       0.122
    S3                 0.228       0.060      0.000       0.106       0.341      *
    S4                -0.060       0.073      0.212      -0.200       0.083

 S1       WITH
    S2                 0.542       0.103      0.000       0.322       0.732      *
    S3                 0.411       0.089      0.000       0.218       0.571      *
    S4                -0.030       0.119      0.400      -0.249       0.219

 S2       WITH
    S3                 0.002       0.131      0.495      -0.250       0.254
    S4                -0.007       0.174      0.485      -0.333       0.348

 S3       WITH
    S4                 0.486       0.095      0.000       0.279       0.655      *

 Means
    WB                 6.332       0.169      0.000       6.003       6.663      *
    S1                -0.912       0.089      0.000      -1.098      -0.747      *
    S2                -0.166       0.083      0.019      -0.332      -0.008      *
    S3                -0.475       0.068      0.000      -0.616      -0.347      *
    S4                -0.512       0.088      0.000      -0.703      -0.348      *

 Variances
    WB                 1.000       0.000      0.000       1.000       1.000
    S1                 1.000       0.000      0.000       1.000       1.000
    S2                 1.000       0.000      0.000       1.000       1.000
    S3                 1.000       0.000      0.000       1.000       1.000
    S4                 1.000       0.000      0.000       1.000       1.000


STDY Standardization

                                Posterior  One-Tailed         95% C.I.
                    Estimate       S.D.      P-Value   Lower 2.5%  Upper 2.5%  Significance

Within-Level Standardized Estimates Averaged Over Clusters

 S1 | WB ON
    CMC               -0.414       0.022      0.000      -0.458      -0.369      *

 S2 | WB ON
    MIXED             -0.058       0.028      0.020      -0.112      -0.005      *

 S3 | WB ON
    FAMILY            -0.253       0.026      0.000      -0.304      -0.202      *

 S4 | WB ON
    WEAK_TIES         -0.224       0.027      0.000      -0.275      -0.170      *

 WB         ON
    WEEKEND            0.275       0.016      0.000       0.244       0.307      *

 Residual Variances
    WB                 0.890       0.004      0.000       0.882       0.898      *

Between Level

 WB       WITH
    S1                 0.292       0.060      0.000       0.172       0.409      *
    S2                -0.041       0.083      0.310      -0.206       0.122
    S3                 0.228       0.060      0.000       0.106       0.341      *
    S4                -0.060       0.073      0.212      -0.200       0.083

 S1       WITH
    S2                 0.542       0.103      0.000       0.322       0.732      *
    S3                 0.411       0.089      0.000       0.218       0.571      *
    S4                -0.030       0.119      0.400      -0.249       0.219

 S2       WITH
    S3                 0.002       0.131      0.495      -0.250       0.254
    S4                -0.007       0.174      0.485      -0.333       0.348

 S3       WITH
    S4                 0.486       0.095      0.000       0.279       0.655      *

 Means
    WB                 6.332       0.169      0.000       6.003       6.663      *
    S1                -0.912       0.089      0.000      -1.098      -0.747      *
    S2                -0.166       0.083      0.019      -0.332      -0.008      *
    S3                -0.475       0.068      0.000      -0.616      -0.347      *
    S4                -0.512       0.088      0.000      -0.703      -0.348      *

 Variances
    WB                 1.000       0.000      0.000       1.000       1.000
    S1                 1.000       0.000      0.000       1.000       1.000
    S2                 1.000       0.000      0.000       1.000       1.000
    S3                 1.000       0.000      0.000       1.000       1.000
    S4                 1.000       0.000      0.000       1.000       1.000


R-SQUARE

Within-Level R-Square Averaged Across Clusters

                                Posterior  One-Tailed         95% C.I.
    Variable        Estimate       S.D.      P-Value   Lower 2.5%  Upper 2.5%

    WB                 0.110       0.004      0.000       0.102       0.118


TECHNICAL 1 OUTPUT


     PARAMETER SPECIFICATION FOR WITHIN


           NU
              WB            CMC           MIXED         FAMILY        WEAK_TIE
              ________      ________      ________      ________      ________
                    0             0             0             0             0


           NU
              WEEKEND
              ________
                    0


           LAMBDA
              WB            CMC           MIXED         FAMILY        WEAK_TIE
              ________      ________      ________      ________      ________
 WB                 0             0             0             0             0
 CMC                0             0             0             0             0
 MIXED              0             0             0             0             0
 FAMILY             0             0             0             0             0
 WEAK_TIE           0             0             0             0             0
 WEEKEND            0             0             0             0             0


           LAMBDA
              WEEKEND
              ________
 WB                 0
 CMC                0
 MIXED              0
 FAMILY             0
 WEAK_TIE           0
 WEEKEND            0


           THETA
              WB            CMC           MIXED         FAMILY        WEAK_TIE
              ________      ________      ________      ________      ________
 WB                 0
 CMC                0             0
 MIXED              0             0             0
 FAMILY             0             0             0             0
 WEAK_TIE           0             0             0             0             0
 WEEKEND            0             0             0             0             0


           THETA
              WEEKEND
              ________
 WEEKEND            0


           ALPHA
              WB            CMC           MIXED         FAMILY        WEAK_TIE
              ________      ________      ________      ________      ________
                    0             0             0             0             0


           ALPHA
              WEEKEND
              ________
                    0


           BETA
              WB            CMC           MIXED         FAMILY        WEAK_TIE
              ________      ________      ________      ________      ________
 WB                 0             0             0             0             0
 CMC                0             0             0             0             0
 MIXED              0             0             0             0             0
 FAMILY             0             0             0             0             0
 WEAK_TIE           0             0             0             0             0
 WEEKEND            0             0             0             0             0


           BETA
              WEEKEND
              ________
 WB                 1
 CMC                0
 MIXED              0
 FAMILY             0
 WEAK_TIE           0
 WEEKEND            0


           PSI
              WB            CMC           MIXED         FAMILY        WEAK_TIE
              ________      ________      ________      ________      ________
 WB                 2
 CMC                0             0
 MIXED              0             0             0
 FAMILY             0             0             0             0
 WEAK_TIE           0             0             0             0             0
 WEEKEND            0             0             0             0             0


           PSI
              WEEKEND
              ________
 WEEKEND            0


     PARAMETER SPECIFICATION FOR BETWEEN


           NU
              WB
              ________
                    0


           LAMBDA
              S1            S2            S3            S4            WB
              ________      ________      ________      ________      ________
 WB                 0             0             0             0             0


           THETA
              WB
              ________
 WB                 0


           ALPHA
              S1            S2            S3            S4            WB
              ________      ________      ________      ________      ________
                    3             4             5             6             7


           BETA
              S1            S2            S3            S4            WB
              ________      ________      ________      ________      ________
 S1                 0             0             0             0             0
 S2                 0             0             0             0             0
 S3                 0             0             0             0             0
 S4                 0             0             0             0             0
 WB                 0             0             0             0             0


           PSI
              S1            S2            S3            S4            WB
              ________      ________      ________      ________      ________
 S1                 8
 S2                 9            10
 S3                11            12            13
 S4                14            15            16            17
 WB                18            19            20            21            22


     STARTING VALUES FOR WITHIN


           NU
              WB            CMC           MIXED         FAMILY        WEAK_TIE
              ________      ________      ________      ________      ________
                0.000         0.000         0.000         0.000         0.000


           NU
              WEEKEND
              ________
                0.000


           LAMBDA
              WB            CMC           MIXED         FAMILY        WEAK_TIE
              ________      ________      ________      ________      ________
 WB             1.000         0.000         0.000         0.000         0.000
 CMC            0.000         1.000         0.000         0.000         0.000
 MIXED          0.000         0.000         1.000         0.000         0.000
 FAMILY         0.000         0.000         0.000         1.000         0.000
 WEAK_TIE       0.000         0.000         0.000         0.000         1.000
 WEEKEND        0.000         0.000         0.000         0.000         0.000


           LAMBDA
              WEEKEND
              ________
 WB             0.000
 CMC            0.000
 MIXED          0.000
 FAMILY         0.000
 WEAK_TIE       0.000
 WEEKEND        1.000


           THETA
              WB            CMC           MIXED         FAMILY        WEAK_TIE
              ________      ________      ________      ________      ________
 WB             0.000
 CMC            0.000         0.000
 MIXED          0.000         0.000         0.000
 FAMILY         0.000         0.000         0.000         0.000
 WEAK_TIE       0.000         0.000         0.000         0.000         0.000
 WEEKEND        0.000         0.000         0.000         0.000         0.000


           THETA
              WEEKEND
              ________
 WEEKEND        0.000


           ALPHA
              WB            CMC           MIXED         FAMILY        WEAK_TIE
              ________      ________      ________      ________      ________
                0.000         0.000         0.000         0.000         0.000


           ALPHA
              WEEKEND
              ________
                0.000


           BETA
              WB            CMC           MIXED         FAMILY        WEAK_TIE
              ________      ________      ________      ________      ________
 WB             0.000         0.000         0.000         0.000         0.000
 CMC            0.000         0.000         0.000         0.000         0.000
 MIXED          0.000         0.000         0.000         0.000         0.000
 FAMILY         0.000         0.000         0.000         0.000         0.000
 WEAK_TIE       0.000         0.000         0.000         0.000         0.000
 WEEKEND        0.000         0.000         0.000         0.000         0.000


           BETA
              WEEKEND
              ________
 WB             0.000
 CMC            0.000
 MIXED          0.000
 FAMILY         0.000
 WEAK_TIE       0.000
 WEEKEND        0.000


           PSI
              WB            CMC           MIXED         FAMILY        WEAK_TIE
              ________      ________      ________      ________      ________
 WB             0.234
 CMC            0.000         0.076
 MIXED          0.000         0.000         0.043
 FAMILY         0.000         0.000         0.000         0.054
 WEAK_TIE       0.000         0.000         0.000         0.000         0.047
 WEEKEND        0.000         0.000         0.000         0.000         0.000


           PSI
              WEEKEND
              ________
 WEEKEND        0.104


     STARTING VALUES FOR BETWEEN


           NU
              WB
              ________
                0.000


           LAMBDA
              S1            S2            S3            S4            WB
              ________      ________      ________      ________      ________
 WB             0.000         0.000         0.000         0.000         1.000


           THETA
              WB
              ________
 WB             0.000


           ALPHA
              S1            S2            S3            S4            WB
              ________      ________      ________      ________      ________
                0.000         0.000         0.000         0.000         3.021


           BETA
              S1            S2            S3            S4            WB
              ________      ________      ________      ________      ________
 S1             0.000         0.000         0.000         0.000         0.000
 S2             0.000         0.000         0.000         0.000         0.000
 S3             0.000         0.000         0.000         0.000         0.000
 S4             0.000         0.000         0.000         0.000         0.000
 WB             0.000         0.000         0.000         0.000         0.000


           PSI
              S1            S2            S3            S4            WB
              ________      ________      ________      ________      ________
 S1             1.000
 S2             0.000         1.000
 S3             0.000         0.000         1.000
 S4             0.000         0.000         0.000         1.000
 WB             0.000         0.000         0.000         0.000         0.234



     PRIORS FOR ALL PARAMETERS            PRIOR MEAN      PRIOR VARIANCE     PRIOR STD. DEV.

     Parameter 1~N(0.000,infinity)           0.0000            infinity            infinity
     Parameter 2~IG(-1.000,0.000)          infinity            infinity            infinity
     Parameter 3~N(0.000,infinity)           0.0000            infinity            infinity
     Parameter 4~N(0.000,infinity)           0.0000            infinity            infinity
     Parameter 5~N(0.000,infinity)           0.0000            infinity            infinity
     Parameter 6~N(0.000,infinity)           0.0000            infinity            infinity
     Parameter 7~N(0.000,infinity)           0.0000            infinity            infinity
     Parameter 8~IW(0.000,-6)              infinity            infinity            infinity
     Parameter 9~IW(0.000,-6)              infinity            infinity            infinity
     Parameter 10~IW(0.000,-6)             infinity            infinity            infinity
     Parameter 11~IW(0.000,-6)             infinity            infinity            infinity
     Parameter 12~IW(0.000,-6)             infinity            infinity            infinity
     Parameter 13~IW(0.000,-6)             infinity            infinity            infinity
     Parameter 14~IW(0.000,-6)             infinity            infinity            infinity
     Parameter 15~IW(0.000,-6)             infinity            infinity            infinity
     Parameter 16~IW(0.000,-6)             infinity            infinity            infinity
     Parameter 17~IW(0.000,-6)             infinity            infinity            infinity
     Parameter 18~IW(0.000,-6)             infinity            infinity            infinity
     Parameter 19~IW(0.000,-6)             infinity            infinity            infinity
     Parameter 20~IW(0.000,-6)             infinity            infinity            infinity
     Parameter 21~IW(0.000,-6)             infinity            infinity            infinity
     Parameter 22~IW(0.000,-6)             infinity            infinity            infinity


TECHNICAL 8 OUTPUT


   TECHNICAL 8 OUTPUT FOR BAYES ESTIMATION

     CHAIN    BSEED
     1        0
     2        285380

                     POTENTIAL       PARAMETER WITH
     ITERATION    SCALE REDUCTION      HIGHEST PSR
     100              1.802               4
     200              1.480               12
     300              1.287               15
     400              1.406               15
     500              1.315               15
     600              1.096               15
     700              1.148               13
     800              1.123               13
     900              1.038               5
     1000             1.043               17
     1100             1.021               17
     1200             1.015               4
     1300             1.032               5
     1400             1.018               8
     1500             1.007               16
     1600             1.012               14
     1700             1.016               15
     1800             1.025               12
     1900             1.045               12
     2000             1.052               15
     2100             1.039               15
     2200             1.037               12
     2300             1.029               9
     2400             1.022               9
     2500             1.030               15
     2600             1.017               15
     2700             1.017               15
     2800             1.022               15
     2900             1.029               15
     3000             1.019               8
     3100             1.020               16
     3200             1.023               15
     3300             1.028               15
     3400             1.021               15
     3500             1.021               15
     3600             1.020               15
     3700             1.023               15
     3800             1.026               15
     3900             1.023               15
     4000             1.015               8
     4100             1.010               15
     4200             1.010               15
     4300             1.009               15
     4400             1.009               15
     4500             1.008               15
     4600             1.007               8
     4700             1.008               15
     4800             1.014               15
     4900             1.009               15
     5000             1.007               15
     5100             1.007               13
     5200             1.008               13
     5300             1.007               13
     5400             1.007               15
     5500             1.006               15
     5600             1.003               13
     5700             1.003               11
     5800             1.006               11
     5900             1.006               11
     6000             1.005               11
     6100             1.006               11
     6200             1.004               11
     6300             1.004               15
     6400             1.004               15
     6500             1.004               15
     6600             1.006               15
     6700             1.005               19
     6800             1.005               19
     6900             1.005               15
     7000             1.007               15
     7100             1.011               15
     7200             1.010               15
     7300             1.009               12
     7400             1.014               12
     7500             1.013               12
     7600             1.012               15
     7700             1.014               15
     7800             1.013               15
     7900             1.011               15
     8000             1.016               15
     8100             1.018               15
     8200             1.018               15
     8300             1.015               15
     8400             1.011               15
     8500             1.010               15
     8600             1.010               15
     8700             1.011               15
     8800             1.010               15
     8900             1.013               15
     9000             1.016               15
     9100             1.015               15
     9200             1.015               15
     9300             1.019               15
     9400             1.017               15
     9500             1.021               15
     9600             1.023               15
     9700             1.020               15
     9800             1.017               15
     9900             1.017               15
     10000            1.014               15


     Beginning Time:  01:47:44
        Ending Time:  01:51:36
       Elapsed Time:  00:03:52



MUTHEN & MUTHEN
3463 Stoner Ave.
Los Angeles, CA  90066

Tel: (310) 391-9971
Fax: (310) 391-8971
Web: www.StatModel.com
Support: Support@StatModel.com

Copyright (c) 1998-2020 Muthen & Muthen
