Mplus VERSION 8.5 (Mac)
MUTHEN & MUTHEN
03/17/2022  12:15 AM

INPUT INSTRUCTIONS

  TITLE: Analysis 4
  DATA: FILE = analysis4+5_S3.dat;
  VARIABLE:
  NAMES = ID AB angry worried happy sad WB stressed lonely
  FTF CMC mixed peers family weak_ties
  E A C N O gender ethnicity SES weekend;
  USEVARIABLES = angry
  CMC mixed family weak_ties
  weekend A;
  CLUSTER = ID;
  WITHIN = CMC mixed family weak_ties weekend;
  BETWEEN = A;
  MISSING = .;
  DEFINE:
  CENTER CMC (GROUPMEAN);
  CENTER mixed (GROUPMEAN);
  CENTER family (GROUPMEAN);
  CENTER weak_ties (GROUPMEAN);
  CENTER A (GRANDMEAN);
  ANALYSIS: TYPE = TWOLEVEL RANDOM; ESTIMATOR = BAYES;
  BITERATIONS = (10000); PROCESSORS = 2;
  MODEL:
  %WITHIN%
  ! Anger is predicted by CMC, the slope is random
  S1 | angry ON CMC;
  ! Anger is predicted by mixed episodes, the slope is random
  S2 | angry ON mixed;
  ! Anger is predicted by family, the slope is random
  S3 | angry ON family;
  ! Anger is predicted by weak ties, the slope is random
  S4 | angry ON weak_ties;
  ! Control for weekend
  angry ON weekend;
  %BETWEEN%
  ! Covariance between intercept and slopes
  angry S1-S4 WITH angry S1-S4;
  ! The intercept is predicted by agreeableness
  angry ON A;
  ! The slopes are predicted by agreeableness
  S1-S4 ON A;
  OUTPUT: STDYX STDY TECH8;



*** WARNING in VARIABLE command
  Note that only the first 8 characters of variable names are used in the output.
  Shorten variable names to avoid any confusion.
*** WARNING
  One or more individual-level variables have no variation within a
  cluster for the following clusters.

     Variable   Cluster IDs with no within-cluster variation

      ANGRY       45 4 156 816 29 376 49 396 790 303 545 502 93 131 666 369 761 106 58 718 600
                  52 556 482 61 700 405 363 378 82 76 316 778 413 825 615 856 118 406 578 222
                  685 533 701 234 480 881 888 105 214 663 807 247 53 390 804 509 95 573 506 290
                  126 69 618 732 341 552 494 766 498 814 39 602 768 611 350 697 705 199 229 605
                  221 610 769 536 24 374 609 333 177 703 572 659 36 589 249 254 83 606 547 263
                  781 821 752 865 416 428 595 463 262 771 292 834 707 381 94 451 744 68 411 210
                  6 366 171 88 863 758 200 599 869 50 483 437 323 153 305 110 427 90 675 554 873
                  385 64 331 871 192 255 42 434 492 28 596 719 626 117 465 687 635 449 107 89
                  632 860 198 884 582 257 384 511 567 245 218 399 114 154 159 338 757 415 763
                  386 375 308 324 657 301 568 71 174 98 627 283
      WEEKEND     271 806 816 49 396 57 485 845 502 598 93 131 666 851 556 844 26 349 680 685
                  881 69 734 265 723 882

*** WARNING
  Data set contains cases with missing on x-variables.
  These cases were not included in the analysis.
  Number of cases with missing on x-variables:  2083
*** WARNING
  Data set contains cases with missing on all variables except
  x-variables.  These cases were not included in the analysis.
  Number of cases with missing on all variables except x-variables:  59
   4 WARNING(S) FOUND IN THE INPUT INSTRUCTIONS



Analysis 4

SUMMARY OF ANALYSIS

Number of groups                                                 1
Number of observations                                       19293

Number of dependent variables                                    1
Number of independent variables                                  6
Number of continuous latent variables                            4

Observed dependent variables

  Continuous
   ANGRY

Observed independent variables
   CMC         MIXED       FAMILY      WEAK_TIE    WEEKEND     A

Continuous latent variables
   S1          S2          S3          S4

Variables with special functions

  Cluster variable      ID

  Within variables
   CMC         MIXED       FAMILY      WEAK_TIE    WEEKEND

  Between variables
   A

  Centering (GRANDMEAN)
   A

  Centering (GROUPMEAN)
   CMC         MIXED       FAMILY      WEAK_TIE


Estimator                                                    BAYES
Specifications for Bayesian Estimation
  Point estimate                                            MEDIAN
  Number of Markov chain Monte Carlo (MCMC) chains               2
  Random seed for the first chain                                0
  Starting value information                           UNPERTURBED
  Algorithm used for Markov chain Monte Carlo           GIBBS(PX1)
  Convergence criterion                                  0.500D-01
  Maximum number of iterations                               50000
  K-th iteration used for thinning                               1

Input data file(s)
  analysis4+5_S3.dat
Input data format  FREE


SUMMARY OF DATA

     Number of clusters                        751

       Size (s)    Cluster ID with Size s

          1        10 63 240 311 608 625 740 876
          2        45 562 4 271 298 156 806 816
          3        29 352 376 49 396 57 790 485 303 845 545 502
          4        598 93 131 11 666 667 369
          5        459 22 761 571 532 636 5 851 106 58 718
          6        600 52 556 482 61 700 302 880 405
          7        363 173 844 634 26 378 330 170 238 349
          8        82 76 316 592 778 280 413 813 825 162 615 473 856 118
                   119
          9        629 203 164 406 654 796 578 222 680 820 685 178 533
                   847 701 234 480 881 888
         10        770 105 20 214 21 663 807 9 424 431 839 846 247 185
                   728 499 189 522 202 53
         11        195 268 390 683 555 558 804 509 630 358 152 887 59 95
         12        122 573 506 310 290 126 69 481 618 732 619 341 552 418
                   750 494 766 498 135 650 569
         13        814 55 734 543 467 269 505 39 602 508 768 611 350 510
                   67 265 529 488 723 452
         14        697 277 585 704 705 588 722 423 199 229 826 642 141
                   525 408 605 221 610 322 684 769 472 130 692 797
         15        339 38 397 80 182 183 536 656 420 74 24 374 609 858
                   97 772 333 784 882 336 564 624 177 703
         16        572 230 706 659 209 36 587 589 249 293 254 594 883 749
                   258 469 346 83
         17        565 606 547 440 237 263 321 370 566 781 821
         18        373 752 753 708 865 450 180 13 225 14 416 428 595 317
                   755 678
         19        733 463 262 441 327 66 751 714 620 760 721 817 281 689
                   662 771 251
         20        621 379 717 343 273 669 862 252 304 872 292 738 18 377
                   831 834 163 19
         21        775 501 266 215 92 584 612 236 253 707 551 51 716 518
                   381 94 486 451 99 241 340 744 835
         22        651 68 411 337 210 515 6 366 672 25 246 332 372 715
                   171 88
         23        403 335 644 776 176 607 351 507 306 132 863 133 65 810
                   444 520 758 312 158 200 371 886 458 599 348
         24        33 243 668 633 869 474 270 138 50 483 274 429 193 695
                   548 437 81 194
         25        344 244 421 347 323 426 559 475 295 145 100 233 153
                   815 305 110 276 579 8 497 2 720 124 85
         26        148 287 427 743 850 179 328 216 699 368 278 46 838
         27        446 47 531 319 671 90 675 111 726 843 539 682 161 419
                   239 713 445
         28        325 120 307 398 864 491 779 665 554 604 873 356 535
                   495 73 517 385 64 591 681 147
         29        647 487 190 84 754 1 549 837 658 331 155 235 664 345
                   31 223 157 12 777
         30        168 286 871 792 793 204 192 524 676 255 401 42 528 461
                   841 788
         31        434 809 492 28 877 596 228 146 496 315 34 123 432 719
                   282
         32        762 767 542 140 660 41 232 87 394 601 291 314 780 855
         33        818 259 729 597 854 261 318 231 382 833 759 646 430
                   765 866 626 727 577
         34        586 795 490 217 798 686 3 563 391 580 653 54 471 631
                   77 849
         35        117 489 447 465 805 264 275 523 687 32 745 635 188 731
         36        513 560 470 677 115 622 219 694 250 785 296
         37        614 43 417 15 400 289 670 829 260 861 449 107 453
         38        101 448 256 823 89 191 407 830 632 709 353 16 172
         39        860 167 267 380 187 808 37 439 354
         40        557 747 127 739 462 414 388 285
         41        613 748 299 362 691 409 181 198 884 582 800 75 655 257
         42        848 425 384 220 791 511 698 623
         43        484 367 227 272 712 812 567 479
         44        245 143 360 648 412 72 357 218
         45        436 129 393 208 570 628 248
         46        399 109 114 154
         47        300 159 102 819 783 679 213 836 546 128
         48        338 757 637 142 415 454 763
         49        165 794 746 137 643 62 386
         50        375 645 774 640
         51        561 652 308 125 355 853
         52        324 827 657 301
         53        842 27
         54        782 568 71 521
         55        174 500 730 226 553
         56        840 603 519
         58        151 639 103 514 98
         59        212 803 402 627
         60        690 283 313
         61        364
         62        534 476
         64        443
         67        674
         68        186
         69        801
         73        824
         74        530
         75        764
         78        711
         80        40



COVARIANCE COVERAGE OF DATA

Minimum covariance coverage value   0.100

     Number of missing data patterns             1


     PROPORTION OF DATA PRESENT


           Covariance Coverage
              ANGRY         CMC           MIXED         FAMILY        WEAK_TIE
              ________      ________      ________      ________      ________
 ANGRY          1.000
 CMC            1.000         1.000
 MIXED          1.000         1.000         1.000
 FAMILY         1.000         1.000         1.000         1.000
 WEAK_TIE       1.000         1.000         1.000         1.000         1.000
 WEEKEND        1.000         1.000         1.000         1.000         1.000
 A              1.000         1.000         1.000         1.000         1.000


           Covariance Coverage
              WEEKEND       A
              ________      ________
 WEEKEND        1.000
 A              1.000         1.000



UNIVARIATE SAMPLE STATISTICS


     UNIVARIATE HIGHER-ORDER MOMENT DESCRIPTIVE STATISTICS

         Variable/         Mean/     Skewness/   Minimum/ % with                Percentiles
        Sample Size      Variance    Kurtosis    Maximum  Min/Max      20%/60%    40%/80%    Median

     ANGRY                 1.194       3.161       1.000   86.03%       1.000      1.000      1.000
           19293.000       0.289      10.430       4.000    1.23%       1.000      1.000
     CMC                   0.000       0.679      -0.952    0.01%      -0.292     -0.143     -0.091
           19293.000       0.153      -0.294       0.982    0.01%      -0.038      0.409
     MIXED                 0.000       1.496      -0.891    0.03%      -0.152     -0.057     -0.034
           19293.000       0.086       2.741       0.983    0.01%       0.000      0.000
     FAMILY                0.000       0.724      -0.983    0.01%      -0.211     -0.053     -0.025
           19293.000       0.111       1.013       0.983    0.01%       0.000      0.162
     WEAK_TIES             0.000       1.617      -0.929    0.01%      -0.167     -0.077     -0.051
           19293.000       0.094       2.421       0.984    0.01%      -0.025      0.000
     WEEKEND               0.299       0.880       0.000   70.14%       0.000      0.000      0.000
           19293.000       0.209      -1.225       1.000   29.86%       0.000      1.000
     A                     0.000      -0.389      -2.140    0.13%      -0.556     -0.140      0.027
             751.000       0.342      -0.144       1.277    0.27%       0.194      0.527


THE MODEL ESTIMATION TERMINATED NORMALLY

     USE THE FBITERATIONS OPTION TO INCREASE THE NUMBER OF ITERATIONS BY A FACTOR
     OF AT LEAST TWO TO CHECK CONVERGENCE AND THAT THE PSR VALUE DOES NOT INCREASE.



MODEL FIT INFORMATION

Number of Free Parameters                              27

Information Criteria

          Deviance (DIC)                        26960.997
          Estimated Number of Parameters (pD)    1051.827



MODEL RESULTS

                                Posterior  One-Tailed         95% C.I.
                    Estimate       S.D.      P-Value   Lower 2.5%  Upper 2.5%  Significance

Within Level

 ANGRY      ON
    WEEKEND           -0.030       0.008      0.000      -0.046      -0.015      *

 Residual Variances
    ANGRY              0.224       0.002      0.000       0.220       0.229      *

Between Level

 S1         ON
    A                 -0.014       0.021      0.265      -0.054       0.028

 S2         ON
    A                  0.023       0.023      0.147      -0.019       0.072

 S3         ON
    A                 -0.004       0.024      0.435      -0.052       0.043

 S4         ON
    A                  0.021       0.027      0.211      -0.030       0.076

 ANGRY      ON
    A                 -0.074       0.017      0.000      -0.109      -0.041      *

 ANGRY    WITH
    S1                 0.014       0.004      0.000       0.007       0.022      *
    S2                 0.006       0.004      0.054      -0.001       0.013
    S3                 0.022       0.004      0.000       0.014       0.032      *
    S4                 0.002       0.004      0.352      -0.007       0.011

 S1       WITH
    S2                 0.000       0.003      0.448      -0.005       0.008
    S3                 0.006       0.005      0.102      -0.003       0.015
    S4                -0.011       0.005      0.008      -0.020      -0.002      *

 S2       WITH
    S3                -0.001       0.005      0.445      -0.009       0.009
    S4                 0.000       0.006      0.489      -0.012       0.009

 S3       WITH
    S4                 0.003       0.006      0.295      -0.007       0.015

 Intercepts
    ANGRY              1.218       0.010      0.000       1.198       1.238      *
    S1                 0.043       0.013      0.001       0.018       0.067      *
    S2                 0.030       0.014      0.014       0.003       0.058      *
    S3                 0.069       0.014      0.000       0.041       0.097      *
    S4                -0.008       0.016      0.303      -0.040       0.022

 Residual Variances
    ANGRY              0.063       0.004      0.000       0.056       0.071      *
    S1                 0.020       0.005      0.000       0.012       0.031      *
    S2                 0.008       0.005      0.000       0.002       0.019      *
    S3                 0.029       0.006      0.000       0.018       0.043      *
    S4                 0.029       0.007      0.000       0.017       0.045      *


STANDARDIZED MODEL RESULTS


STDYX Standardization

                                Posterior  One-Tailed         95% C.I.
                    Estimate       S.D.      P-Value   Lower 2.5%  Upper 2.5%  Significance

Within-Level Standardized Estimates Averaged Over Clusters

 S1 | ANGRY ON
    CMC                0.032       0.008      0.000       0.017       0.047      *

 S2 | ANGRY ON
    MIXED              0.013       0.005      0.004       0.003       0.024      *

 S3 | ANGRY ON
    FAMILY             0.041       0.007      0.000       0.026       0.055      *

 S4 | ANGRY ON
    WEAK_TIES         -0.003       0.007      0.333      -0.018       0.011

 ANGRY      ON
    WEEKEND           -0.026       0.007      0.000      -0.040      -0.013      *

 Residual Variances
    ANGRY              0.962       0.004      0.000       0.954       0.969      *

Between Level

 S1         ON
    A                 -0.039       0.061      0.265      -0.156       0.079

 S2         ON
    A                  0.103       0.105      0.147      -0.085       0.324

 S3         ON
    A                 -0.009       0.058      0.435      -0.126       0.105

 S4         ON
    A                  0.050       0.064      0.211      -0.072       0.177

 ANGRY      ON
    A                 -0.119       0.027      0.000      -0.174      -0.065      *

 ANGRY    WITH
    S1                 0.408       0.109      0.000       0.200       0.632      *
    S2                 0.269       0.222      0.054      -0.063       0.812
    S3                 0.526       0.087      0.000       0.359       0.699      *
    S4                 0.041       0.105      0.352      -0.159       0.254

 S1       WITH
    S2                 0.034       0.255      0.448      -0.461       0.536
    S3                 0.232       0.173      0.102      -0.150       0.533
    S4                -0.463       0.153      0.008      -0.710      -0.128      *

 S2       WITH
    S3                -0.042       0.379      0.445      -0.529       0.839
    S4                -0.011       0.405      0.489      -0.736       0.768

 S3       WITH
    S4                 0.103       0.187      0.295      -0.257       0.468

 Intercepts
    ANGRY              4.811       0.156      0.000       4.517       5.123      *
    S1                 0.303       0.100      0.001       0.124       0.515      *
    S2                 0.336       0.204      0.014       0.033       0.821      *
    S3                 0.407       0.095      0.000       0.231       0.606      *
    S4                -0.046       0.092      0.303      -0.228       0.137

 Residual Variances
    ANGRY              0.986       0.007      0.000       0.970       0.996      *
    S1                 0.997       0.007      0.000       0.975       1.000      *
    S2                 0.989       0.029      0.000       0.895       1.000      *
    S3                 0.998       0.005      0.000       0.982       1.000      *
    S4                 0.997       0.009      0.000       0.969       1.000      *


STDY Standardization

                                Posterior  One-Tailed         95% C.I.
                    Estimate       S.D.      P-Value   Lower 2.5%  Upper 2.5%  Significance

Within-Level Standardized Estimates Averaged Over Clusters

 S1 | ANGRY ON
    CMC                0.089       0.022      0.000       0.045       0.130      *

 S2 | ANGRY ON
    MIXED              0.062       0.028      0.010       0.007       0.117      *

 S3 | ANGRY ON
    FAMILY             0.145       0.026      0.000       0.094       0.195      *

 S4 | ANGRY ON
    WEAK_TIES         -0.016       0.029      0.293      -0.072       0.040

 ANGRY      ON
    WEEKEND           -0.062       0.016      0.000      -0.094      -0.030      *

 Residual Variances
    ANGRY              0.962       0.004      0.000       0.954       0.969      *

Between Level

 S1         ON
    A                 -0.097       0.150      0.265      -0.385       0.195

 S2         ON
    A                  0.255       0.259      0.147      -0.209       0.801

 S3         ON
    A                 -0.023       0.144      0.435      -0.311       0.258

 S4         ON
    A                  0.123       0.157      0.211      -0.178       0.437

 ANGRY      ON
    A                 -0.294       0.068      0.000      -0.428      -0.162      *

 ANGRY    WITH
    S1                 0.408       0.109      0.000       0.200       0.632      *
    S2                 0.269       0.222      0.054      -0.063       0.812
    S3                 0.526       0.087      0.000       0.359       0.699      *
    S4                 0.041       0.105      0.352      -0.159       0.254

 S1       WITH
    S2                 0.034       0.255      0.448      -0.461       0.536
    S3                 0.232       0.173      0.102      -0.150       0.533
    S4                -0.463       0.153      0.008      -0.710      -0.128      *

 S2       WITH
    S3                -0.042       0.379      0.445      -0.529       0.839
    S4                -0.011       0.405      0.489      -0.736       0.768

 S3       WITH
    S4                 0.103       0.187      0.295      -0.257       0.468

 Intercepts
    ANGRY              4.811       0.156      0.000       4.517       5.123      *
    S1                 0.303       0.100      0.001       0.124       0.515      *
    S2                 0.336       0.204      0.014       0.033       0.821      *
    S3                 0.407       0.095      0.000       0.231       0.606      *
    S4                -0.046       0.092      0.303      -0.228       0.137

 Residual Variances
    ANGRY              0.986       0.007      0.000       0.970       0.996      *
    S1                 0.997       0.007      0.000       0.975       1.000      *
    S2                 0.989       0.029      0.000       0.895       1.000      *
    S3                 0.998       0.005      0.000       0.982       1.000      *
    S4                 0.997       0.009      0.000       0.969       1.000      *


R-SQUARE

Within-Level R-Square Averaged Across Clusters

                                Posterior  One-Tailed         95% C.I.
    Variable        Estimate       S.D.      P-Value   Lower 2.5%  Upper 2.5%

    ANGRY              0.038       0.004      0.000       0.031       0.046

Between Level

                                Posterior  One-Tailed         95% C.I.
    Variable        Estimate       S.D.      P-Value   Lower 2.5%  Upper 2.5%

    ANGRY              0.014       0.007      0.000       0.004       0.030

                                Posterior  One-Tailed         95% C.I.
    Variable        Estimate       S.D.      P-Value   Lower 2.5%  Upper 2.5%

    S1                 0.003       0.007      0.000       0.000       0.025
    S2                 0.011       0.029      0.000       0.000       0.105
    S3                 0.002       0.005      0.000       0.000       0.018
    S4                 0.003       0.009      0.000       0.000       0.031


TECHNICAL 1 OUTPUT


     PARAMETER SPECIFICATION FOR WITHIN


           NU
              ANGRY         CMC           MIXED         FAMILY        WEAK_TIE
              ________      ________      ________      ________      ________
                    0             0             0             0             0


           NU
              WEEKEND
              ________
                    0


           LAMBDA
              ANGRY         CMC           MIXED         FAMILY        WEAK_TIE
              ________      ________      ________      ________      ________
 ANGRY              0             0             0             0             0
 CMC                0             0             0             0             0
 MIXED              0             0             0             0             0
 FAMILY             0             0             0             0             0
 WEAK_TIE           0             0             0             0             0
 WEEKEND            0             0             0             0             0


           LAMBDA
              WEEKEND
              ________
 ANGRY              0
 CMC                0
 MIXED              0
 FAMILY             0
 WEAK_TIE           0
 WEEKEND            0


           THETA
              ANGRY         CMC           MIXED         FAMILY        WEAK_TIE
              ________      ________      ________      ________      ________
 ANGRY              0
 CMC                0             0
 MIXED              0             0             0
 FAMILY             0             0             0             0
 WEAK_TIE           0             0             0             0             0
 WEEKEND            0             0             0             0             0


           THETA
              WEEKEND
              ________
 WEEKEND            0


           ALPHA
              ANGRY         CMC           MIXED         FAMILY        WEAK_TIE
              ________      ________      ________      ________      ________
                    0             0             0             0             0


           ALPHA
              WEEKEND
              ________
                    0


           BETA
              ANGRY         CMC           MIXED         FAMILY        WEAK_TIE
              ________      ________      ________      ________      ________
 ANGRY              0             0             0             0             0
 CMC                0             0             0             0             0
 MIXED              0             0             0             0             0
 FAMILY             0             0             0             0             0
 WEAK_TIE           0             0             0             0             0
 WEEKEND            0             0             0             0             0


           BETA
              WEEKEND
              ________
 ANGRY              1
 CMC                0
 MIXED              0
 FAMILY             0
 WEAK_TIE           0
 WEEKEND            0


           PSI
              ANGRY         CMC           MIXED         FAMILY        WEAK_TIE
              ________      ________      ________      ________      ________
 ANGRY              2
 CMC                0             0
 MIXED              0             0             0
 FAMILY             0             0             0             0
 WEAK_TIE           0             0             0             0             0
 WEEKEND            0             0             0             0             0


           PSI
              WEEKEND
              ________
 WEEKEND            0


     PARAMETER SPECIFICATION FOR BETWEEN


           NU
              ANGRY         A
              ________      ________
                    0             0


           LAMBDA
              S1            S2            S3            S4            ANGRY
              ________      ________      ________      ________      ________
 ANGRY              0             0             0             0             0
 A                  0             0             0             0             0


           LAMBDA
              A
              ________
 ANGRY              0
 A                  0


           THETA
              ANGRY         A
              ________      ________
 ANGRY              0
 A                  0             0


           ALPHA
              S1            S2            S3            S4            ANGRY
              ________      ________      ________      ________      ________
                    3             4             5             6             7


           ALPHA
              A
              ________
                    0


           BETA
              S1            S2            S3            S4            ANGRY
              ________      ________      ________      ________      ________
 S1                 0             0             0             0             0
 S2                 0             0             0             0             0
 S3                 0             0             0             0             0
 S4                 0             0             0             0             0
 ANGRY              0             0             0             0             0
 A                  0             0             0             0             0


           BETA
              A
              ________
 S1                 8
 S2                 9
 S3                10
 S4                11
 ANGRY             12
 A                  0


           PSI
              S1            S2            S3            S4            ANGRY
              ________      ________      ________      ________      ________
 S1                13
 S2                14            15
 S3                16            17            18
 S4                19            20            21            22
 ANGRY             23            24            25            26            27
 A                  0             0             0             0             0


           PSI
              A
              ________
 A                  0


     STARTING VALUES FOR WITHIN


           NU
              ANGRY         CMC           MIXED         FAMILY        WEAK_TIE
              ________      ________      ________      ________      ________
                0.000         0.000         0.000         0.000         0.000


           NU
              WEEKEND
              ________
                0.000


           LAMBDA
              ANGRY         CMC           MIXED         FAMILY        WEAK_TIE
              ________      ________      ________      ________      ________
 ANGRY          1.000         0.000         0.000         0.000         0.000
 CMC            0.000         1.000         0.000         0.000         0.000
 MIXED          0.000         0.000         1.000         0.000         0.000
 FAMILY         0.000         0.000         0.000         1.000         0.000
 WEAK_TIE       0.000         0.000         0.000         0.000         1.000
 WEEKEND        0.000         0.000         0.000         0.000         0.000


           LAMBDA
              WEEKEND
              ________
 ANGRY          0.000
 CMC            0.000
 MIXED          0.000
 FAMILY         0.000
 WEAK_TIE       0.000
 WEEKEND        1.000


           THETA
              ANGRY         CMC           MIXED         FAMILY        WEAK_TIE
              ________      ________      ________      ________      ________
 ANGRY          0.000
 CMC            0.000         0.000
 MIXED          0.000         0.000         0.000
 FAMILY         0.000         0.000         0.000         0.000
 WEAK_TIE       0.000         0.000         0.000         0.000         0.000
 WEEKEND        0.000         0.000         0.000         0.000         0.000


           THETA
              WEEKEND
              ________
 WEEKEND        0.000


           ALPHA
              ANGRY         CMC           MIXED         FAMILY        WEAK_TIE
              ________      ________      ________      ________      ________
                0.000         0.000         0.000         0.000         0.000


           ALPHA
              WEEKEND
              ________
                0.000


           BETA
              ANGRY         CMC           MIXED         FAMILY        WEAK_TIE
              ________      ________      ________      ________      ________
 ANGRY          0.000         0.000         0.000         0.000         0.000
 CMC            0.000         0.000         0.000         0.000         0.000
 MIXED          0.000         0.000         0.000         0.000         0.000
 FAMILY         0.000         0.000         0.000         0.000         0.000
 WEAK_TIE       0.000         0.000         0.000         0.000         0.000
 WEEKEND        0.000         0.000         0.000         0.000         0.000


           BETA
              WEEKEND
              ________
 ANGRY          0.000
 CMC            0.000
 MIXED          0.000
 FAMILY         0.000
 WEAK_TIE       0.000
 WEEKEND        0.000


           PSI
              ANGRY         CMC           MIXED         FAMILY        WEAK_TIE
              ________      ________      ________      ________      ________
 ANGRY          0.144
 CMC            0.000         0.077
 MIXED          0.000         0.000         0.043
 FAMILY         0.000         0.000         0.000         0.055
 WEAK_TIE       0.000         0.000         0.000         0.000         0.047
 WEEKEND        0.000         0.000         0.000         0.000         0.000


           PSI
              WEEKEND
              ________
 WEEKEND        0.105


     STARTING VALUES FOR BETWEEN


           NU
              ANGRY         A
              ________      ________
                0.000         0.000


           LAMBDA
              S1            S2            S3            S4            ANGRY
              ________      ________      ________      ________      ________
 ANGRY          0.000         0.000         0.000         0.000         1.000
 A              0.000         0.000         0.000         0.000         0.000


           LAMBDA
              A
              ________
 ANGRY          0.000
 A              1.000


           THETA
              ANGRY         A
              ________      ________
 ANGRY          0.000
 A              0.000         0.000


           ALPHA
              S1            S2            S3            S4            ANGRY
              ________      ________      ________      ________      ________
                0.000         0.000         0.000         0.000         1.194


           ALPHA
              A
              ________
                0.000


           BETA
              S1            S2            S3            S4            ANGRY
              ________      ________      ________      ________      ________
 S1             0.000         0.000         0.000         0.000         0.000
 S2             0.000         0.000         0.000         0.000         0.000
 S3             0.000         0.000         0.000         0.000         0.000
 S4             0.000         0.000         0.000         0.000         0.000
 ANGRY          0.000         0.000         0.000         0.000         0.000
 A              0.000         0.000         0.000         0.000         0.000


           BETA
              A
              ________
 S1             0.000
 S2             0.000
 S3             0.000
 S4             0.000
 ANGRY          0.000
 A              0.000


           PSI
              S1            S2            S3            S4            ANGRY
              ________      ________      ________      ________      ________
 S1             1.000
 S2             0.000         1.000
 S3             0.000         0.000         1.000
 S4             0.000         0.000         0.000         1.000
 ANGRY          0.000         0.000         0.000         0.000         0.144
 A              0.000         0.000         0.000         0.000         0.000


           PSI
              A
              ________
 A              0.164



     PRIORS FOR ALL PARAMETERS            PRIOR MEAN      PRIOR VARIANCE     PRIOR STD. DEV.

     Parameter 1~N(0.000,infinity)           0.0000            infinity            infinity
     Parameter 2~IG(-1.000,0.000)          infinity            infinity            infinity
     Parameter 3~N(0.000,infinity)           0.0000            infinity            infinity
     Parameter 4~N(0.000,infinity)           0.0000            infinity            infinity
     Parameter 5~N(0.000,infinity)           0.0000            infinity            infinity
     Parameter 6~N(0.000,infinity)           0.0000            infinity            infinity
     Parameter 7~N(0.000,infinity)           0.0000            infinity            infinity
     Parameter 8~N(0.000,infinity)           0.0000            infinity            infinity
     Parameter 9~N(0.000,infinity)           0.0000            infinity            infinity
     Parameter 10~N(0.000,infinity)          0.0000            infinity            infinity
     Parameter 11~N(0.000,infinity)          0.0000            infinity            infinity
     Parameter 12~N(0.000,infinity)          0.0000            infinity            infinity
     Parameter 13~IW(0.000,-6)             infinity            infinity            infinity
     Parameter 14~IW(0.000,-6)             infinity            infinity            infinity
     Parameter 15~IW(0.000,-6)             infinity            infinity            infinity
     Parameter 16~IW(0.000,-6)             infinity            infinity            infinity
     Parameter 17~IW(0.000,-6)             infinity            infinity            infinity
     Parameter 18~IW(0.000,-6)             infinity            infinity            infinity
     Parameter 19~IW(0.000,-6)             infinity            infinity            infinity
     Parameter 20~IW(0.000,-6)             infinity            infinity            infinity
     Parameter 21~IW(0.000,-6)             infinity            infinity            infinity
     Parameter 22~IW(0.000,-6)             infinity            infinity            infinity
     Parameter 23~IW(0.000,-6)             infinity            infinity            infinity
     Parameter 24~IW(0.000,-6)             infinity            infinity            infinity
     Parameter 25~IW(0.000,-6)             infinity            infinity            infinity
     Parameter 26~IW(0.000,-6)             infinity            infinity            infinity
     Parameter 27~IW(0.000,-6)             infinity            infinity            infinity


TECHNICAL 8 OUTPUT


   TECHNICAL 8 OUTPUT FOR BAYES ESTIMATION

     CHAIN    BSEED
     1        0
     2        285380

                     POTENTIAL       PARAMETER WITH
     ITERATION    SCALE REDUCTION      HIGHEST PSR
     100              1.728               11
     200              1.322               11
     300              1.509               9
     400              1.408               9
     500              1.234               22
     600              1.287               22
     700              1.215               22
     800              1.208               4
     900              1.144               4
     1000             1.136               4
     1100             1.077               4
     1200             1.035               21
     1300             1.042               8
     1400             1.043               8
     1500             1.050               4
     1600             1.101               4
     1700             1.114               4
     1800             1.069               13
     1900             1.064               8
     2000             1.092               8
     2100             1.064               8
     2200             1.048               8
     2300             1.036               8
     2400             1.027               19
     2500             1.039               10
     2600             1.039               10
     2700             1.038               10
     2800             1.050               18
     2900             1.051               18
     3000             1.053               18
     3100             1.051               18
     3200             1.056               18
     3300             1.053               18
     3400             1.036               21
     3500             1.031               21
     3600             1.029               21
     3700             1.024               21
     3800             1.016               17
     3900             1.018               17
     4000             1.013               17
     4100             1.019               9
     4200             1.018               9
     4300             1.010               21
     4400             1.010               11
     4500             1.011               22
     4600             1.008               11
     4700             1.015               10
     4800             1.014               10
     4900             1.014               10
     5000             1.014               10
     5100             1.013               10
     5200             1.010               10
     5300             1.009               10
     5400             1.008               13
     5500             1.012               13
     5600             1.013               13
     5700             1.017               13
     5800             1.020               13
     5900             1.023               13
     6000             1.026               13
     6100             1.024               13
     6200             1.026               13
     6300             1.022               13
     6400             1.019               13
     6500             1.021               9
     6600             1.027               9
     6700             1.030               9
     6800             1.018               9
     6900             1.020               9
     7000             1.027               9
     7100             1.031               9
     7200             1.029               9
     7300             1.033               9
     7400             1.035               9
     7500             1.038               9
     7600             1.034               9
     7700             1.032               9
     7800             1.030               9
     7900             1.027               9
     8000             1.022               9
     8100             1.018               9
     8200             1.023               9
     8300             1.023               9
     8400             1.023               9
     8500             1.026               9
     8600             1.031               9
     8700             1.033               9
     8800             1.045               9
     8900             1.052               9
     9000             1.055               9
     9100             1.065               9
     9200             1.070               9
     9300             1.080               9
     9400             1.083               9
     9500             1.086               9
     9600             1.093               9
     9700             1.099               9
     9800             1.105               9
     9900             1.112               9
     10000            1.117               9
     10100            1.111               9
     10200            1.109               9
     10300            1.101               9
     10400            1.099               9
     10500            1.097               9
     10600            1.092               20
     10700            1.094               20
     10800            1.096               20
     10900            1.102               20
     11000            1.108               20
     11100            1.111               20
     11200            1.114               20
     11300            1.112               20
     11400            1.112               20
     11500            1.106               20
     11600            1.103               20
     11700            1.101               20
     11800            1.099               20
     11900            1.098               20
     12000            1.098               20
     12100            1.101               20
     12200            1.101               20
     12300            1.098               20
     12400            1.096               20
     12500            1.096               20
     12600            1.096               20
     12700            1.094               20
     12800            1.090               20
     12900            1.084               20


     Beginning Time:  00:15:38
        Ending Time:  00:20:52
       Elapsed Time:  00:05:14



MUTHEN & MUTHEN
3463 Stoner Ave.
Los Angeles, CA  90066

Tel: (310) 391-9971
Fax: (310) 391-8971
Web: www.StatModel.com
Support: Support@StatModel.com

Copyright (c) 1998-2020 Muthen & Muthen
