Mplus VERSION 8.5 (Mac)
MUTHEN & MUTHEN
03/19/2022   3:12 AM

INPUT INSTRUCTIONS

  TITLE: Analysis 2+3
  DATA: FILE = analysis3_suppl3_S1.dat;
  VARIABLE:
  NAMES = ID WB content stressed lonely
  FR SO family weak_ties
  E A C N O gender ethnicity SES weekend;
  USEVARIABLES = WB
  FR SO family weak_ties
  weekend;
  CLUSTER = ID;
  WITHIN = weekend;
  MISSING = .;
  ANALYSIS: TYPE = TWOLEVEL RANDOM; ESTIMATOR = BAYES;
  BITERATIONS = (10000); PROCESSORS = 2;
  MODEL:
  %WITHIN%
  ! Well-being is predicted by friends and roommates, the slope is random
  S1 | WB ON FR;
  ! Well-being is predicted by significant others, the slope is random
  S2 | WB ON SO;
  ! Well-being is predicted by family, the slope is random
  S3 | WB ON family;
  ! Well-being is predicted by weak ties, the slope is random
  S4 | WB ON weak_ties;
  ! Control for weekend
  WB ON weekend;
  %BETWEEN%
  ! Covariance between intercept and slopes
  WB S1-S4 WITH WB S1-S4;
  ! The intercept is predicted by friends and roommates
  WB ON FR;
  ! The intercept is predicted by significant others
  WB ON SO;
  ! The intercept is predicted by family
  WB ON family;
  ! The intercept is predicted by weak ties
  WB ON weak_ties;
  OUTPUT: STDYX STDY TECH8;



*** WARNING in VARIABLE command
  Note that only the first 8 characters of variable names are used in the output.
  Shorten variable names to avoid any confusion.
*** WARNING in MODEL command
  In the MODEL command, the x variable on the WITHIN level has been turned into a
  y variable to enable latent variable decomposition.  This variable will be treated
  as a y-variable on both levels:  FR
*** WARNING in MODEL command
  In the MODEL command, the x variable on the WITHIN level has been turned into a
  y variable to enable latent variable decomposition.  This variable will be treated
  as a y-variable on both levels:  SO
*** WARNING in MODEL command
  In the MODEL command, the x variable on the WITHIN level has been turned into a
  y variable to enable latent variable decomposition.  This variable will be treated
  as a y-variable on both levels:  FAMILY
*** WARNING in MODEL command
  In the MODEL command, the x variable on the WITHIN level has been turned into a
  y variable to enable latent variable decomposition.  This variable will be treated
  as a y-variable on both levels:  WEAK_TIES
*** WARNING
  One or more individual-level variables have no variation within a
  cluster for the following clusters.

     Variable   Cluster IDs with no within-cluster variation

      WB          765 385 460 569 46 128 846 571 160 831
      FR          127 181 195 765 314 331 1091 385 460 1379 569 942 1006 587 46 128 719 525 913
                  685 722 246 567 413 885 1123 645 90 846 1128 816 1179 877 30 1215 578 1294 890
                  1389 9 28 201 1368 300 761 148 79 783 426 739 115 17 86 1136 1258 577 535 638
                  218 747 497 394 730 854 59 56 360 976 1086 818 542 199 1159 159 602 621 1172
                  891 876 1199 516 229 281 161 496 724 556 1305 1218 623 1193 98 1024 1363 603
                  25 1003 494 429 372 1321 1325
      SO          127 181 717 195 765 314 331 332 1082 385 1326 460 1379 569 1391 946 992 1004
                  1006 237 46 16 1167 380 1274 4 525 913 759 424 167 1059 524 938 1259 973 202
                  323 33 246 1116 14 1219 1242 567 413 849 423 1035 637 645 213 1247 1248 90 1055
                  476 1093 589 851 66 1245 139 790 1280 1290 1128 1154 1384 571 1160 998 816 1171
                  1179 5 575 49 1017 1237 130 64 389 958 117 653 409 578 778 136 118 799 950 528
                  812 967 1294 843 549 629 438 456 466 1203 580 57 68 1063 784 1106 153 546 1373
                  278 560 1389 709 210 682 443 644 830 265 1069 1080 9 660 19 1007 811 922 518
                  407 733 605 975 979 1278 275 287 337 1144 433 1376 451 1163 1166 665 609 870
                  1168 1174 613 1019 1207 148 457 547 1056 559 357 941 464 803 168 1117 1359 264
                  1371 23 441 1162 874 419 654 222 889 7 783 907 674 1048 1211 917 794 346 704
                  18 1261 1087 242 176 203 826 204 207 968 739 628 405 179 850 115 1005 1262 663
                  1197 175 923 792 146 744 17 469 86 1222 317 1235 772 550 11 1119 1120 1122 1014
                  1257 418 847 535 320 543 638 452 499 652 1312 1070 742 1338 1194 747 810 597
                  194 63 824 825 798 868 661 611 1140 191 672 755 622 1060 353 970 497 1302 977
                  114 290 291 718 173 1099 186 334 1112 1115 392 91 572 943 945 713 95 1275 1183
                  371 1049 616 1051 515 309 240 8 1216 935 36 743 1156 683 695 699 532 887 767
                  488 359 1265 147 76 833 1286 842 446 193 1308 1125 845 1317 640 1322 26 748
                  216 1067 59 261 437 1382 620 1094 485 566 391 299 105 642 1071 345 447 24 151
                  410 741 530 667 1339 676 940 610 100 376 260 382 690 947 129 120 73 831 152
                  773 983 401 467 929 932 336 1178 1297 734 678 268 448 159 1032 1118 1034 1213
                  294 502 691 957 1127 600 453 701 1143 1252 1314 196 900 1009 85 1083 1165 1269
                  1276 1360 712 627 1172 1096 1027 477 1192 650 442 321 551 1182 83 753 396 760
                  606 891 902 563 564 714 41 279 312 425 217 721 987 487 316 584 534 495 1250
                  1253 298 1380 257 1084 1386 862 710 165 225 123 1313 1018 971 393 906 350 1186
                  116 1336 169 356 1039 795 239 1152 1206 327 643 1282 927 387 408 1233 1150 12
                  764 684 1199 995 241 1066 209 308 190 533 1212 1042 1046 1176 219 492 815 144
                  985 277 61 511 436 1147 1108 544 280 1244 226 284 1296 711 1377 895 939 335
                  229 1260 1395 1318 62 301 69 307 82 281 855 856 1340 782 1000 658 570 274 632
                  1185 480 576 507 368 841 370 558 311 1157 496 156 1075 498 838 555 625 1085
                  221 1217 1089 607 1021 1180 664 1145 692 962 406 1151 1109 901 924 1 823 34
                  930 285 994 635 1301 751 1210 1310 614 15 206 178 737 414 668 347 861 1022 283
                  22 633 1138 873 1352 909 1300 302 1002 1068 875 1367 244 916 369 828 693 32
                  1234 556 205 914 1129 184 1350 1305 1306 112 655 1107 899 315 31 121 1243 931
                  954 781 1251 348 135 1132 1072 422 272 586 47 993 703 491 98 529 1287 1249 736
                  898 1105 166 1268 234 1327 180 133 1024 416 1230 247 912 723 99 537 170 1392
                  171 1355 29 608 1026 657 1307 1309 1229 373 65 879 1164 553 639 200 250 974
                  439 523 1146 897 545 583 470 648 256 813 867 840 585 557 20 1054 386 490 124
                  797 996 878 1333 333 1335 696 415 1098 886 762 1397 1202 1137 432 776 729 54
                  1374 1104 1065 720 926 296 863 52 364 1155 224 454 445 853 1101 1366 40 81 1266
                  573 1270 1271 1170 859 1196 185 192 361 908 1031 541 428 1288 324 215 1323 872
                  631 1148 624 187 626 866 305 465 377 131 883 10 688 1001 809 641 223 1227 435
                  1281 731 1023 915 832 276 1267 1134 835 752 306 1239 431 671 1173 1372 2 1225
                  852 362 1073 1362 510 358 344 1078 538 1345 94 1349 618 505 1284 1139 936 1223
                  503 526 164 1328 1341 1344 388 662 182 109 1100 1124 808 379 1079 619 1396 1298
                  880 1088 1110 745 893 592 398 754 71 1200 267 411 1292 865 1375 354 679 403
                  1020 363 292 1241 378 1232 561 836 1295 143 1029 366 738 1283 1214 372 404 248
                  338 617 482 313 113 310 822 1289 78 925 459 236 1299 780 1076 77 574 593 779
                  108 471 1325 1383 596 1351 1364 955 13 486 579 293 1228 869 478 1393 903 122
                  520 756 651 303 1102 266 254
      FAMILY      127 181 183 717 765 314 331 332 1040 1082 1091 385 1326 460 569 1391 946 992
                  1006 237 587 46 128 16 1167 380 1274 719 4 87 525 913 1008 424 167 1059 775
                  805 524 938 685 304 973 202 722 323 33 343 959 1116 14 988 1219 1224 1242 413
                  885 1035 1123 637 934 213 235 90 1330 476 1093 1209 589 851 910 139 227 1280
                  1290 1128 1131 791 571 998 816 1179 5 575 1017 1237 860 877 732 130 64 601 774
                  958 117 1149 400 409 106 522 1215 578 136 799 951 956 528 812 967 727 819 843
                  540 549 1394 827 456 89 1203 57 1033 890 68 103 527 636 784 153 421 546 1373
                  278 560 709 904 830 265 1069 1074 1175 1092 1007 811 864 258 804 60 512 518
                  591 407 328 605 1278 275 201 1319 1144 433 1368 300 1376 365 451 1163 1166 870
                  339 613 455 1208 547 1050 458 357 941 464 468 484 966 264 1371 514 23 844 441
                  444 770 874 419 654 222 7 783 674 917 921 675 933 794 937 426 346 704 1081 1261
                  1087 44 375 242 176 203 207 1133 628 405 179 271 599 969 1198 923 1346 469 86
                  1222 317 188 772 550 1119 1120 1257 847 535 543 638 499 652 1312 659 194 918
                  824 825 798 611 1140 189 672 1053 622 1161 677 497 134 715 718 173 1099 1365
                  334 1111 1115 392 944 945 713 1275 1049 259 6 515 1315 8 989 1331 1216 743 683
                  687 698 699 359 1265 730 147 367 963 833 834 193 640 1322 110 854 59 1238 56
                  620 360 1094 297 391 707 786 508 88 105 642 345 447 976 53 151 919 530 255 667
                  1339 282 286 676 690 141 73 102 1159 831 401 467 929 932 336 212 789 412 1195
                  159 948 1213 746 600 702 1057 1143 1252 806 900 1009 1165 1269 952 489 1027
                  604 1192 1114 506 321 551 83 1184 753 760 891 896 1052 420 714 316 584 534 1250
                  1253 298 1084 504 858 710 393 350 1186 116 169 356 239 1152 1044 1045 327 927
                  387 12 308 1212 1077 397 1220 51 1046 749 568 1293 1090 93 277 61 511 436 544
                  516 711 335 62 1340 787 1185 576 728 507 368 496 1075 788 1217 145 177 352 692
                  548 924 34 930 994 635 1038 751 1210 1310 614 206 581 861 757 1337 634 1138
                  873 1367 1369 916 724 828 565 208 1234 556 184 1304 656 758 121 1177 1385 954
                  1251 1218 1190 149 1193 422 586 47 703 491 1105 1268 234 180 133 472 723 99
                  1392 171 1355 681 58 657 1307 198 65 879 250 897 228 585 557 490 124 1333 415
                  762 1137 776 720 52 224 445 40 1266 1271 383 361 1031 541 1288 324 1003 305
                  10 688 641 1227 1390 440 752 306 494 1225 362 510 1078 505 936 1344 109 1357
                  893 592 267 735 865 1375 354 403 1241 531 143 647 991 248 1321 1289 925 459
                  574 593 486 293
      WEAK_TIE    127 181 183 717 314 332 1040 1091 1326 460 569 942 992 1004 1006 237 46 1167
                  719 87 525 913 1008 759 775 524 938 1259 685 304 722 246 1116 14 988 1224 771
                  413 885 423 637 1169 934 1248 1055 476 851 139 790 1128 571 816 1171 49 860
                  877 732 130 601 389 774 653 1149 400 106 522 578 118 951 956 528 843 39 827
                  438 456 509 325 68 1103 153 801 644 19 1007 864 804 60 512 407 328 975 1319
                  337 1376 1166 1168 1174 1207 1208 457 547 1050 458 1058 1254 79 706 1117 588
                  514 844 55 783 288 921 1273 1277 1198 469 86 1235 273 772 550 11 50 1142 847
                  535 543 638 1285 194 63 622 1060 1062 497 1111 1115 371 6 743 394 1041 1303
                  59 1071 345 976 741 919 102 831 932 159 701 1057 1314 900 85 712 1096 1027 604
                  442 513 891 708 564 504 1018 971 906 387 1320 568 1090 984 93 226 368 496 607
                  1021 406 1038 751 1210 837 633 875 369 828 565 556 315 121 931 1385 149 1072
                  1105 1268 180 980 681 657 490 333 729 720 296 454 1227 1023 431 362 344 538
                  808 398 1375 738 459 122
      WEEKEND     127 183 717 195 314 331 1040 1082 1091 385 1326 1379 569 1391 946 992 237 587
                  46 16 1167 1274 719 4 1008 938 304 973 202 722 33 343 988 771 567 423 1123 934
                  213 235 846 395 227 790 1154 5 130 389 117 653 1149 799 950 967 843 103 421
                  546 1389 750 904 1074 922 975 1278 275 1319 433 1368 1013 458 803 706 7 1211
                  917 921 44 179 850 1222 868 755 1302 943 371 474 24 199 1213 876 607 99

   6 WARNING(S) FOUND IN THE INPUT INSTRUCTIONS



Analysis 2+3

SUMMARY OF ANALYSIS

Number of groups                                                 1
Number of observations                                       32346

Number of dependent variables                                    5
Number of independent variables                                  1
Number of continuous latent variables                            4

Observed dependent variables

  Continuous
   WB          FR          SO          FAMILY      WEAK_TIES

Observed independent variables
   WEEKEND

Continuous latent variables
   S1          S2          S3          S4

Variables with special functions

  Cluster variable      ID

  Within variables
   WEEKEND


Estimator                                                    BAYES
Specifications for Bayesian Estimation
  Point estimate                                            MEDIAN
  Number of Markov chain Monte Carlo (MCMC) chains               2
  Random seed for the first chain                                0
  Starting value information                           UNPERTURBED
  Algorithm used for Markov chain Monte Carlo           GIBBS(PX1)
  Convergence criterion                                  0.500D-01
  Maximum number of iterations                               50000
  K-th iteration used for thinning                               1

Input data file(s)
  analysis3_suppl3_S1.dat
Input data format  FREE


SUMMARY OF DATA

     Number of clusters                       1351

       Size (s)    Cluster ID with Size s

          1        27 75 84 595 612 670 740 768 1010 1030 1181 1348 1388
          2        127 181 183 717 195 765 314 331 332 1040 1082 1091 385
                   1326 460 1379 569 1391
          3        942 946 992 1004 1006 237 587 46 128 16 1167 380 1274
                   719 4 87 525 913
          4        1008 759 424 167 1059 775 805 524 938 1259 685 304 973
                   202 722 323
          5        33 343 246 959 1116 14 988 1219 1224 1242 771 567 413
                   849 885 423 1035
          6        1123 637 1169 934 645 213 235 1247 1248 90 1055 80 1330
                   846 476 1093 395
          7        329 1209 589 851 66 1245 910 139 227 790 1280 1290 1128
                   1131 1154 1158 1384 791 571
          8        1160 998 816 1171 1179 5 575 49 1017 1237 860 877 732
                   130 64 601 92 389 774 958 117 653 1149 400 409
          9        106 30 522 1215 578 778 136 118 799 950 951 956 528
                   812 967 1294 727 819 843 540 549 629 39 1394
         10        827 438 456 89 466 1203 580 57 509 1033 890 325 68 103
                   1063 527 636 784 1103 1106 153 421 546 1373 801 278
                   560 1389 709 210
         11        682 443 750 961 904 644 830 265 1069 1074 1175 1080
                   9 660 1092 19 1007 811 864
         12        28 922 258 322 804 60 269 512 518 591 407 733 328 605
                   1255 975 979 1278 275 201 287 1319 337 1144 433 1368
                   300 1376 365 451 1163 1166 1011 665
         13        609 761 870 1168 339 884 1174 1013 613 1019 455 1205
                   1207 1208 148 457 547 1050 458 1056 1058 559 357 1254
                   941 464 79 803 468 37 706 484 168 966 1117 1359 264
                   1371 588 514 23 844 441 55 444 1162
         14        417 770 874 419 654 222 889 7 783 907 288 674 1048 1211
                   917 921 675 933 794 937 426 346 704 1081 18 1261 1273
                   1087 1277 949 44 375 242 176 203 826 1334 204 207 968
                   1133 739 628 405 179 850 271 115 1005
         15        598 599 1262 663 969 1191 1197 1279 1198 175 923 792
                   146 744 17 1346 469 86 1222 317 1235 273 126 188 772
                   550 554 11
         16        1119 1120 1122 374 769 50 1014 1136 1142 214 1257 1258
                   418 577 847 535 630 320 543 638 452 1285 499 652 1312
                   218 107 1070 742 1338 659 1194 747 810 1201 597 911
                   194 72 918 63 824 825
         17        798 1130 868 661 611 1140 189 191 672 1053 755 622 1161
                   160 677 1060 1062 353 970 497 1291 134 1302 977 114
                   290 715 291 718 173 1099 186 1361 1365 334 1111 1112
                   1115 392 91 572 943 944 945
         18        713 95 1275 1183 371 1049 616 1051 259 6 515 309 240
                   1315 8 450 989 1331 1216 935 36 743 1156 683 394 687
                   695 698 882 699 532 887 767 488 359
         19        1265 730 147 367 76 963 1041 833 834 1286 842 1121 446
                   193 1303 1308 1125 845 1317 640 1322 26 928 110 748
                   216 1067 854 59 1238 261 142 56 427 399 437 1382 620
                   360 1094 1097 474
         20        485 297 566 391 707 786 1061 299 508 88 105 642 1071
                   345 447 646 976 1086 53 24 151 319 410 741 818 919 119
                   530 255 667 1339 282 286 542 1015 199 676 1236 940 610
                   100 376 260 382 690 947 141
         21        129 120 125 73 102 1159 831 152 773 983 401 467 929
                   932 336 48 212 1178 341 1297 789 412 734 678 1195 857
                   268 448 159 800 1032 948 1118 1034 1213 294 502 746
                   691 957 1127 351 600 453 1240 701 702 1057 602 1143
         22        1252 1314 196 806 900 1009 85 1083 621 1165 1269 839
                   952 489 1276 1360 712 627 1172 1096 1027 477 716 997
                   174 604 1192 1114 650
         23        1264 506 802 442 871 321 551 1028 1182 83 1184 753 513
                   396 760 606 891 1043 896 708 1311 902 563 1052 564 420
                   714 41 279 312 425 217 721 987 487 316 101 584 534 495
                   1250 318 1253 298 1380 257 1084 1386 504 858 694 862
         24        710 965 165 225 536 123 1313 689 1018 971 393 232 1324
                   906 350 1186 116 1336 169 356 1037 1039 795 239 990
                   1152 1206 1044 1045 501 327 876 643 1282 927 387 408
                   615 1233
         25        1150 12 764 684 1199 1320 473 995 241 1066 209 308 190
                   533 1212 1042 1077 397 461 1220 51 1046 749 1176 219
                   568 1293 1090 492 815 144 984 985 402
         26        93 390 243 277 61 793 511 763 434 436 1147 38 1108 544
                   280 1244 516 226 284 1296 711 1377 895 649 939 335 384
                   42 229 1260 1126 1395
         27        1318 62 301 69 307 82 97 281 777 855 856 252 1340 782
                   1000 658 570 274 787 161 632 1185 480 1187 829 576 700
                   728 1153 507 368 841 370 558
         28        311 1157 496 156 1075 498 838 555 625 3 483 1085 221
                   788 1217 1089 1354 145 607 1021 1231 177 211 1180 1141
                   352 664 894 1145 692 962 406 1151 1109 548 901
         29        96 924 1 1332 823 34 930 285 994 796 1204 1353 355 635
                   1038 245 1301 751 1210 74 1310 614 837 15 206 178 737
                   414 668 581 1226 347
         30        861 1022 283 757 1337 22 633 634 1138 873 1352 909 1300
                   302 1002 1068 875 1367 244 1369 916 369 724 828 565
                   1316 693 978 208 32 1234 238 556 814
         31        205 914 820 1129 184 1350 1304 1305 1306 112 655 1107
                   656 500 899 758 848 315 31 121 1243 931 1177 111 1385
                   954 781 1251 348 1064 519
         32        135 1343 463 1218 623 766 1190 270 149 1193 1132 562
                   1072 422 272 586 47 993 703 491 98 529 1287 220 1249
                   230 197 736 479 898
         33        1105 166 1268 234 1327 180 133 104 472 1024 980 416
                   1230 582 247 912 723 99 537 170 1392 171 1355
         34        681 29 608 58 1026 657 1307 198 1309 1229 964 373 65
                   879 1164 590 553 639 200 250 974 439 523 1246 251 162
                   155 1146 897 545 150 583
         35        228 470 648 256 137 705 813 867 840 585 557 20 1054
                   386 490 124 797 996 878 1333 333 1335 696 697 415 1098
                   886 481 762 1397
         36        1202 1137 432 776 729 54 1374 686 1104 1065 1016 720
                   926 296 863 52 1113 364 1155 224 454 1363
         37        445 603 853 1101 1366 40 81 1266 573 67 1270 1271 1170
                   70 859 1196 383 185 192 361 908 1031 541 428 1288 324
         38        215 1323 872 631 666 25 1148 157 1003 624 187 1256 626
                   866 305 465 377
         39        131 430 883 10 688 1381 233 1001 809 641 223 1227 1390
                   435 1281 731 289 1023
         40        915 832 440 276 1267 1134 835 881 752 306 594 1239 340
                   431 671 1173 1372 1025
         41        494 2 1225 852 362 249 429 1073 1362 510 358 344 1078
                   538 1345 462 94 1349
         42        618 505 1284 539 231 262 1139 936 1223 263 253 503 330
         43        1095 526 164 1328 982 1341 154 1344 388 662 182 109
         44        1100 1124 808 552 1012 379 1079 619 1396 1298
         45        880 1088 1189 1110 449 745 1357 893 592 398 754 71 342
         46        1200 267 411 1292 1342 735 865 1375 354 679 403 1020
                   363
         47        292 1241 378 1232 561 531 836 1295 143 1029 647 366
         48        475 738 1283 1214 991 372 404 248 140 338 1321 617 482
                   313 113
         49        310 822 1289 78 925 459 236
         50        1299
         51        780 1076 77 574
         52        807 1356 593 779 108 471
         53        1325 1383
         54        596 1351
         55        1364 955 13
         56        486 579
         57        293 1228 869
         58        478 1393 903
         59        122 520
         60        756 651 303
         61        1102
         62        138
         63        266
         66        254



COVARIANCE COVERAGE OF DATA

Minimum covariance coverage value   0.100

     Number of missing data patterns             2


     PROPORTION OF DATA PRESENT


           Covariance Coverage
              WB            FR            SO            FAMILY        WEAK_TIE
              ________      ________      ________      ________      ________
 WB             1.000
 FR             1.000         1.000
 SO             1.000         1.000         1.000
 FAMILY         1.000         1.000         1.000         1.000
 WEAK_TIE       1.000         1.000         1.000         1.000         1.000
 WEEKEND        1.000         1.000         1.000         1.000         1.000


           Covariance Coverage
              WEEKEND
              ________
 WEEKEND        1.000



UNIVARIATE SAMPLE STATISTICS


     UNIVARIATE HIGHER-ORDER MOMENT DESCRIPTIVE STATISTICS

         Variable/         Mean/     Skewness/   Minimum/ % with                Percentiles
        Sample Size      Variance    Kurtosis    Maximum  Min/Max      20%/60%    40%/80%    Median

     WB                    2.975      -0.488       1.000    1.13%       2.333      3.000      3.000
           32331.000       0.464      -0.184       4.000   10.45%       3.333      3.667
     FR                    0.398       0.416       0.000   60.17%       0.000      0.000      0.000
           32346.000       0.240      -1.827       1.000   39.83%       0.000      1.000
     SO                    0.072       3.306       0.000   92.78%       0.000      0.000      0.000
           32346.000       0.067       8.930       1.000    7.22%       0.000      0.000
     FAMILY                0.076       3.207       0.000   92.43%       0.000      0.000      0.000
           32346.000       0.070       8.284       1.000    7.57%       0.000      0.000
     WEAK_TIES             0.134       2.148       0.000   86.59%       0.000      0.000      0.000
           32346.000       0.116       2.615       1.000   13.41%       0.000      0.000
     WEEKEND               0.256       1.115       0.000   74.35%       0.000      0.000      0.000
           32346.000       0.191      -0.756       1.000   25.65%       0.000      1.000


THE MODEL ESTIMATION TERMINATED NORMALLY

     USE THE FBITERATIONS OPTION TO INCREASE THE NUMBER OF ITERATIONS BY A FACTOR
     OF AT LEAST TWO TO CHECK CONVERGENCE AND THAT THE PSR VALUE DOES NOT INCREASE.



MODEL FIT INFORMATION

Number of Free Parameters                              38

Information Criteria

          Deviance (DIC)                       103493.045
          Estimated Number of Parameters (pD)    6227.880



MODEL RESULTS

                                Posterior  One-Tailed         95% C.I.
                    Estimate       S.D.      P-Value   Lower 2.5%  Upper 2.5%  Significance

Within Level

 WB         ON
    WEEKEND            0.070       0.007      0.000       0.057       0.083      *

 Variances
    FR                 0.184       0.001      0.000       0.181       0.186      *
    SO                 0.047       0.000      0.000       0.046       0.047      *
    FAMILY             0.063       0.000      0.000       0.062       0.064      *
    WEAK_TIES          0.108       0.001      0.000       0.106       0.110      *

 Residual Variances
    WB                 0.240       0.002      0.000       0.236       0.244      *

Between Level

 WB         ON
    FR                 0.051       0.079      0.252      -0.103       0.208
    SO                 0.023       0.107      0.411      -0.185       0.233
    FAMILY             0.109       0.201      0.290      -0.287       0.513
    WEAK_TIES         -0.125       0.202      0.268      -0.517       0.266

 WB       WITH
    S1                -0.020       0.005      0.000      -0.030      -0.011      *
    S2                -0.027       0.008      0.001      -0.043      -0.011      *
    S3                -0.022       0.008      0.002      -0.038      -0.007      *
    S4                -0.029       0.005      0.000      -0.039      -0.018      *

 S1       WITH
    S2                 0.014       0.006      0.009       0.002       0.027      *
    S3                 0.024       0.006      0.000       0.012       0.036      *
    S4                 0.014       0.004      0.000       0.008       0.022      *

 S2       WITH
    S3                 0.021       0.010      0.028      -0.001       0.040
    S4                 0.009       0.006      0.083      -0.003       0.022

 S3       WITH
    S4                 0.004       0.006      0.271      -0.009       0.016

 Means
    FR                 0.405       0.007      0.000       0.392       0.419      *
    SO                 0.085       0.004      0.000       0.077       0.094      *
    FAMILY             0.075       0.003      0.000       0.069       0.080      *
    WEAK_TIES          0.138       0.003      0.000       0.132       0.145      *
    S1                 0.165       0.009      0.000       0.147       0.184      *
    S2                 0.211       0.018      0.000       0.175       0.247      *
    S3                 0.162       0.017      0.000       0.130       0.195      *
    S4                 0.038       0.011      0.000       0.017       0.059      *

 Intercepts
    WB                 2.926       0.064      0.000       2.801       3.051      *

 Variances
    FR                 0.057       0.003      0.000       0.052       0.062      *
    SO                 0.024       0.001      0.000       0.022       0.026      *
    FAMILY             0.007       0.000      0.000       0.007       0.008      *
    WEAK_TIES          0.008       0.001      0.000       0.007       0.010      *
    S1                 0.034       0.004      0.000       0.025       0.043      *
    S2                 0.048       0.010      0.000       0.029       0.071      *
    S3                 0.085       0.011      0.000       0.064       0.109      *
    S4                 0.020       0.005      0.000       0.011       0.032      *

 Residual Variances
    WB                 0.212       0.009      0.000       0.195       0.230      *


STANDARDIZED MODEL RESULTS


STDYX Standardization

                                Posterior  One-Tailed         95% C.I.
                    Estimate       S.D.      P-Value   Lower 2.5%  Upper 2.5%  Significance

Within-Level Standardized Estimates Averaged Over Clusters

 S1 | WB ON
    FR                 0.134       0.006      0.000       0.122       0.147      *

 S2 | WB ON
    SO                 0.087       0.007      0.000       0.073       0.101      *

 S3 | WB ON
    FAMILY             0.075       0.007      0.000       0.062       0.089      *

 S4 | WB ON
    WEAK_TIES          0.022       0.006      0.000       0.010       0.035      *

 WB         ON
    WEEKEND            0.053       0.005      0.000       0.042       0.063      *

 Variances
    FR                 1.000       0.000      0.000       1.000       1.000
    SO                 1.000       0.000      0.000       1.000       1.000
    FAMILY             1.000       0.000      0.000       1.000       1.000
    WEAK_TIES          1.000       0.000      0.000       1.000       1.000

 Residual Variances
    WB                 0.910       0.004      0.000       0.902       0.918      *

Between Level

 WB         ON
    FR                 0.027       0.041      0.252      -0.053       0.107
    SO                 0.008       0.036      0.411      -0.062       0.078
    FAMILY             0.020       0.037      0.290      -0.054       0.094
    WEAK_TIES         -0.025       0.040      0.268      -0.103       0.052

 WB       WITH
    S1                -0.243       0.056      0.000      -0.353      -0.134      *
    S2                -0.269       0.081      0.001      -0.422      -0.108      *
    S3                -0.165       0.057      0.002      -0.280      -0.052      *
    S4                -0.442       0.088      0.000      -0.623      -0.277      *

 S1       WITH
    S2                 0.349       0.134      0.009       0.065       0.604      *
    S3                 0.453       0.090      0.000       0.259       0.604      *
    S4                 0.551       0.096      0.000       0.350       0.734      *

 S2       WITH
    S3                 0.334       0.147      0.028      -0.009       0.578
    S4                 0.290       0.182      0.083      -0.112       0.595

 S3       WITH
    S4                 0.092       0.148      0.271      -0.219       0.365

 Means
    FR                 1.702       0.047      0.000       1.611       1.796      *
    SO                 0.554       0.031      0.000       0.493       0.616      *
    FAMILY             0.874       0.041      0.000       0.795       0.955      *
    WEAK_TIES          1.509       0.059      0.000       1.396       1.628      *
    S1                 0.902       0.081      0.000       0.755       1.078      *
    S2                 0.956       0.138      0.000       0.735       1.279      *
    S3                 0.558       0.070      0.000       0.429       0.703      *
    S4                 0.267       0.085      0.000       0.114       0.448      *

 Intercepts
    WB                 6.337       0.200      0.000       5.937       6.721      *

 Variances
    FR                 1.000       0.000      0.000       1.000       1.000
    SO                 1.000       0.000      0.000       1.000       1.000
    FAMILY             1.000       0.000      0.000       1.000       1.000
    WEAK_TIES          1.000       0.000      0.000       1.000       1.000
    S1                 1.000       0.000      0.000       1.000       1.000
    S2                 1.000       0.000      0.000       1.000       1.000
    S3                 1.000       0.000      0.000       1.000       1.000
    S4                 1.000       0.000      0.000       1.000       1.000

 Residual Variances
    WB                 0.994       0.006      0.000       0.977       0.999      *


STDY Standardization

                                Posterior  One-Tailed         95% C.I.
                    Estimate       S.D.      P-Value   Lower 2.5%  Upper 2.5%  Significance

Within-Level Standardized Estimates Averaged Over Clusters

 S1 | WB ON
    FR                 0.134       0.006      0.000       0.122       0.147      *

 S2 | WB ON
    SO                 0.087       0.007      0.000       0.073       0.101      *

 S3 | WB ON
    FAMILY             0.075       0.007      0.000       0.062       0.089      *

 S4 | WB ON
    WEAK_TIES          0.022       0.006      0.000       0.010       0.035      *

 WB         ON
    WEEKEND            0.135       0.013      0.000       0.108       0.161      *

 Variances
    FR                 1.000       0.000      0.000       1.000       1.000
    SO                 1.000       0.000      0.000       1.000       1.000
    FAMILY             1.000       0.000      0.000       1.000       1.000
    WEAK_TIES          1.000       0.000      0.000       1.000       1.000

 Residual Variances
    WB                 0.910       0.004      0.000       0.902       0.918      *

Between Level

 WB         ON
    FR                 0.027       0.041      0.252      -0.053       0.107
    SO                 0.008       0.036      0.411      -0.062       0.078
    FAMILY             0.020       0.037      0.290      -0.054       0.094
    WEAK_TIES         -0.025       0.040      0.268      -0.103       0.052

 WB       WITH
    S1                -0.243       0.056      0.000      -0.353      -0.134      *
    S2                -0.269       0.081      0.001      -0.422      -0.108      *
    S3                -0.165       0.057      0.002      -0.280      -0.052      *
    S4                -0.442       0.088      0.000      -0.623      -0.277      *

 S1       WITH
    S2                 0.349       0.134      0.009       0.065       0.604      *
    S3                 0.453       0.090      0.000       0.259       0.604      *
    S4                 0.551       0.096      0.000       0.350       0.734      *

 S2       WITH
    S3                 0.334       0.147      0.028      -0.009       0.578
    S4                 0.290       0.182      0.083      -0.112       0.595

 S3       WITH
    S4                 0.092       0.148      0.271      -0.219       0.365

 Means
    FR                 1.702       0.047      0.000       1.611       1.796      *
    SO                 0.554       0.031      0.000       0.493       0.616      *
    FAMILY             0.874       0.041      0.000       0.795       0.955      *
    WEAK_TIES          1.509       0.059      0.000       1.396       1.628      *
    S1                 0.902       0.081      0.000       0.755       1.078      *
    S2                 0.956       0.138      0.000       0.735       1.279      *
    S3                 0.558       0.070      0.000       0.429       0.703      *
    S4                 0.267       0.085      0.000       0.114       0.448      *

 Intercepts
    WB                 6.337       0.200      0.000       5.937       6.721      *

 Variances
    FR                 1.000       0.000      0.000       1.000       1.000
    SO                 1.000       0.000      0.000       1.000       1.000
    FAMILY             1.000       0.000      0.000       1.000       1.000
    WEAK_TIES          1.000       0.000      0.000       1.000       1.000
    S1                 1.000       0.000      0.000       1.000       1.000
    S2                 1.000       0.000      0.000       1.000       1.000
    S3                 1.000       0.000      0.000       1.000       1.000
    S4                 1.000       0.000      0.000       1.000       1.000

 Residual Variances
    WB                 0.994       0.006      0.000       0.977       0.999      *


R-SQUARE

Within-Level R-Square Averaged Across Clusters

                                Posterior  One-Tailed         95% C.I.
    Variable        Estimate       S.D.      P-Value   Lower 2.5%  Upper 2.5%

    WB                 0.090       0.004      0.000       0.082       0.098

Between Level

                                Posterior  One-Tailed         95% C.I.
    Variable        Estimate       S.D.      P-Value   Lower 2.5%  Upper 2.5%

    WB                 0.006       0.006      0.000       0.001       0.023


TECHNICAL 1 OUTPUT


     PARAMETER SPECIFICATION FOR WITHIN


           NU
              WB            FR            SO            FAMILY        WEAK_TIE
              ________      ________      ________      ________      ________
                    0             0             0             0             0


           NU
              WEEKEND
              ________
                    0


           LAMBDA
              WB            FR            SO            FAMILY        WEAK_TIE
              ________      ________      ________      ________      ________
 WB                 0             0             0             0             0
 FR                 0             0             0             0             0
 SO                 0             0             0             0             0
 FAMILY             0             0             0             0             0
 WEAK_TIE           0             0             0             0             0
 WEEKEND            0             0             0             0             0


           LAMBDA
              WEEKEND
              ________
 WB                 0
 FR                 0
 SO                 0
 FAMILY             0
 WEAK_TIE           0
 WEEKEND            0


           THETA
              WB            FR            SO            FAMILY        WEAK_TIE
              ________      ________      ________      ________      ________
 WB                 0
 FR                 0             0
 SO                 0             0             0
 FAMILY             0             0             0             0
 WEAK_TIE           0             0             0             0             0
 WEEKEND            0             0             0             0             0


           THETA
              WEEKEND
              ________
 WEEKEND            0


           ALPHA
              WB            FR            SO            FAMILY        WEAK_TIE
              ________      ________      ________      ________      ________
                    0             0             0             0             0


           ALPHA
              WEEKEND
              ________
                    0


           BETA
              WB            FR            SO            FAMILY        WEAK_TIE
              ________      ________      ________      ________      ________
 WB                 0             0             0             0             0
 FR                 0             0             0             0             0
 SO                 0             0             0             0             0
 FAMILY             0             0             0             0             0
 WEAK_TIE           0             0             0             0             0
 WEEKEND            0             0             0             0             0


           BETA
              WEEKEND
              ________
 WB                 1
 FR                 0
 SO                 0
 FAMILY             0
 WEAK_TIE           0
 WEEKEND            0


           PSI
              WB            FR            SO            FAMILY        WEAK_TIE
              ________      ________      ________      ________      ________
 WB                 2
 FR                 0             3
 SO                 0             0             4
 FAMILY             0             0             0             5
 WEAK_TIE           0             0             0             0             6
 WEEKEND            0             0             0             0             0


           PSI
              WEEKEND
              ________
 WEEKEND            0


     PARAMETER SPECIFICATION FOR BETWEEN


           NU
              WB            FR            SO            FAMILY        WEAK_TIE
              ________      ________      ________      ________      ________
                    0             0             0             0             0


           LAMBDA
              S1            S2            S3            S4            WB
              ________      ________      ________      ________      ________
 WB                 0             0             0             0             0
 FR                 0             0             0             0             0
 SO                 0             0             0             0             0
 FAMILY             0             0             0             0             0
 WEAK_TIE           0             0             0             0             0


           LAMBDA
              FR            SO            FAMILY        WEAK_TIE
              ________      ________      ________      ________
 WB                 0             0             0             0
 FR                 0             0             0             0
 SO                 0             0             0             0
 FAMILY             0             0             0             0
 WEAK_TIE           0             0             0             0


           THETA
              WB            FR            SO            FAMILY        WEAK_TIE
              ________      ________      ________      ________      ________
 WB                 0
 FR                 0             0
 SO                 0             0             0
 FAMILY             0             0             0             0
 WEAK_TIE           0             0             0             0             0


           ALPHA
              S1            S2            S3            S4            WB
              ________      ________      ________      ________      ________
                    7             8             9            10            11


           ALPHA
              FR            SO            FAMILY        WEAK_TIE
              ________      ________      ________      ________
                   12            13            14            15


           BETA
              S1            S2            S3            S4            WB
              ________      ________      ________      ________      ________
 S1                 0             0             0             0             0
 S2                 0             0             0             0             0
 S3                 0             0             0             0             0
 S4                 0             0             0             0             0
 WB                 0             0             0             0             0
 FR                 0             0             0             0             0
 SO                 0             0             0             0             0
 FAMILY             0             0             0             0             0
 WEAK_TIE           0             0             0             0             0


           BETA
              FR            SO            FAMILY        WEAK_TIE
              ________      ________      ________      ________
 S1                 0             0             0             0
 S2                 0             0             0             0
 S3                 0             0             0             0
 S4                 0             0             0             0
 WB                16            17            18            19
 FR                 0             0             0             0
 SO                 0             0             0             0
 FAMILY             0             0             0             0
 WEAK_TIE           0             0             0             0


           PSI
              S1            S2            S3            S4            WB
              ________      ________      ________      ________      ________
 S1                20
 S2                21            22
 S3                23            24            25
 S4                26            27            28            29
 WB                30            31            32            33            34
 FR                 0             0             0             0             0
 SO                 0             0             0             0             0
 FAMILY             0             0             0             0             0
 WEAK_TIE           0             0             0             0             0


           PSI
              FR            SO            FAMILY        WEAK_TIE
              ________      ________      ________      ________
 FR                35
 SO                 0            36
 FAMILY             0             0            37
 WEAK_TIE           0             0             0            38


     STARTING VALUES FOR WITHIN


           NU
              WB            FR            SO            FAMILY        WEAK_TIE
              ________      ________      ________      ________      ________
                0.000         0.000         0.000         0.000         0.000


           NU
              WEEKEND
              ________
                0.000


           LAMBDA
              WB            FR            SO            FAMILY        WEAK_TIE
              ________      ________      ________      ________      ________
 WB             1.000         0.000         0.000         0.000         0.000
 FR             0.000         1.000         0.000         0.000         0.000
 SO             0.000         0.000         1.000         0.000         0.000
 FAMILY         0.000         0.000         0.000         1.000         0.000
 WEAK_TIE       0.000         0.000         0.000         0.000         1.000
 WEEKEND        0.000         0.000         0.000         0.000         0.000


           LAMBDA
              WEEKEND
              ________
 WB             0.000
 FR             0.000
 SO             0.000
 FAMILY         0.000
 WEAK_TIE       0.000
 WEEKEND        1.000


           THETA
              WB            FR            SO            FAMILY        WEAK_TIE
              ________      ________      ________      ________      ________
 WB             0.000
 FR             0.000         0.000
 SO             0.000         0.000         0.000
 FAMILY         0.000         0.000         0.000         0.000
 WEAK_TIE       0.000         0.000         0.000         0.000         0.000
 WEEKEND        0.000         0.000         0.000         0.000         0.000


           THETA
              WEEKEND
              ________
 WEEKEND        0.000


           ALPHA
              WB            FR            SO            FAMILY        WEAK_TIE
              ________      ________      ________      ________      ________
                0.000         0.000         0.000         0.000         0.000


           ALPHA
              WEEKEND
              ________
                0.000


           BETA
              WB            FR            SO            FAMILY        WEAK_TIE
              ________      ________      ________      ________      ________
 WB             0.000         0.000         0.000         0.000         0.000
 FR             0.000         0.000         0.000         0.000         0.000
 SO             0.000         0.000         0.000         0.000         0.000
 FAMILY         0.000         0.000         0.000         0.000         0.000
 WEAK_TIE       0.000         0.000         0.000         0.000         0.000
 WEEKEND        0.000         0.000         0.000         0.000         0.000


           BETA
              WEEKEND
              ________
 WB             0.000
 FR             0.000
 SO             0.000
 FAMILY         0.000
 WEAK_TIE       0.000
 WEEKEND        0.000


           PSI
              WB            FR            SO            FAMILY        WEAK_TIE
              ________      ________      ________      ________      ________
 WB             0.232
 FR             0.000         0.120
 SO             0.000         0.000         0.033
 FAMILY         0.000         0.000         0.000         0.035
 WEAK_TIE       0.000         0.000         0.000         0.000         0.058
 WEEKEND        0.000         0.000         0.000         0.000         0.000


           PSI
              WEEKEND
              ________
 WEEKEND        0.095


     STARTING VALUES FOR BETWEEN


           NU
              WB            FR            SO            FAMILY        WEAK_TIE
              ________      ________      ________      ________      ________
                0.000         0.000         0.000         0.000         0.000


           LAMBDA
              S1            S2            S3            S4            WB
              ________      ________      ________      ________      ________
 WB             0.000         0.000         0.000         0.000         1.000
 FR             0.000         0.000         0.000         0.000         0.000
 SO             0.000         0.000         0.000         0.000         0.000
 FAMILY         0.000         0.000         0.000         0.000         0.000
 WEAK_TIE       0.000         0.000         0.000         0.000         0.000


           LAMBDA
              FR            SO            FAMILY        WEAK_TIE
              ________      ________      ________      ________
 WB             0.000         0.000         0.000         0.000
 FR             1.000         0.000         0.000         0.000
 SO             0.000         1.000         0.000         0.000
 FAMILY         0.000         0.000         1.000         0.000
 WEAK_TIE       0.000         0.000         0.000         1.000


           THETA
              WB            FR            SO            FAMILY        WEAK_TIE
              ________      ________      ________      ________      ________
 WB             0.000
 FR             0.000         0.000
 SO             0.000         0.000         0.000
 FAMILY         0.000         0.000         0.000         0.000
 WEAK_TIE       0.000         0.000         0.000         0.000         0.000


           ALPHA
              S1            S2            S3            S4            WB
              ________      ________      ________      ________      ________
                0.000         0.000         0.000         0.000         2.975


           ALPHA
              FR            SO            FAMILY        WEAK_TIE
              ________      ________      ________      ________
                0.398         0.072         0.076         0.134


           BETA
              S1            S2            S3            S4            WB
              ________      ________      ________      ________      ________
 S1             0.000         0.000         0.000         0.000         0.000
 S2             0.000         0.000         0.000         0.000         0.000
 S3             0.000         0.000         0.000         0.000         0.000
 S4             0.000         0.000         0.000         0.000         0.000
 WB             0.000         0.000         0.000         0.000         0.000
 FR             0.000         0.000         0.000         0.000         0.000
 SO             0.000         0.000         0.000         0.000         0.000
 FAMILY         0.000         0.000         0.000         0.000         0.000
 WEAK_TIE       0.000         0.000         0.000         0.000         0.000


           BETA
              FR            SO            FAMILY        WEAK_TIE
              ________      ________      ________      ________
 S1             0.000         0.000         0.000         0.000
 S2             0.000         0.000         0.000         0.000
 S3             0.000         0.000         0.000         0.000
 S4             0.000         0.000         0.000         0.000
 WB             0.000         0.000         0.000         0.000
 FR             0.000         0.000         0.000         0.000
 SO             0.000         0.000         0.000         0.000
 FAMILY         0.000         0.000         0.000         0.000
 WEAK_TIE       0.000         0.000         0.000         0.000


           PSI
              S1            S2            S3            S4            WB
              ________      ________      ________      ________      ________
 S1             1.000
 S2             0.000         1.000
 S3             0.000         0.000         1.000
 S4             0.000         0.000         0.000         1.000
 WB             0.000         0.000         0.000         0.000         0.232
 FR             0.000         0.000         0.000         0.000         0.000
 SO             0.000         0.000         0.000         0.000         0.000
 FAMILY         0.000         0.000         0.000         0.000         0.000
 WEAK_TIE       0.000         0.000         0.000         0.000         0.000


           PSI
              FR            SO            FAMILY        WEAK_TIE
              ________      ________      ________      ________
 FR             0.120
 SO             0.000         0.033
 FAMILY         0.000         0.000         0.035
 WEAK_TIE       0.000         0.000         0.000         0.058



     PRIORS FOR ALL PARAMETERS            PRIOR MEAN      PRIOR VARIANCE     PRIOR STD. DEV.

     Parameter 1~N(0.000,infinity)           0.0000            infinity            infinity
     Parameter 2~IG(-1.000,0.000)          infinity            infinity            infinity
     Parameter 3~IG(-1.000,0.000)          infinity            infinity            infinity
     Parameter 4~IG(-1.000,0.000)          infinity            infinity            infinity
     Parameter 5~IG(-1.000,0.000)          infinity            infinity            infinity
     Parameter 6~IG(-1.000,0.000)          infinity            infinity            infinity
     Parameter 7~N(0.000,infinity)           0.0000            infinity            infinity
     Parameter 8~N(0.000,infinity)           0.0000            infinity            infinity
     Parameter 9~N(0.000,infinity)           0.0000            infinity            infinity
     Parameter 10~N(0.000,infinity)          0.0000            infinity            infinity
     Parameter 11~N(0.000,infinity)          0.0000            infinity            infinity
     Parameter 12~N(0.000,infinity)          0.0000            infinity            infinity
     Parameter 13~N(0.000,infinity)          0.0000            infinity            infinity
     Parameter 14~N(0.000,infinity)          0.0000            infinity            infinity
     Parameter 15~N(0.000,infinity)          0.0000            infinity            infinity
     Parameter 16~N(0.000,infinity)          0.0000            infinity            infinity
     Parameter 17~N(0.000,infinity)          0.0000            infinity            infinity
     Parameter 18~N(0.000,infinity)          0.0000            infinity            infinity
     Parameter 19~N(0.000,infinity)          0.0000            infinity            infinity
     Parameter 20~IW(0.000,-6)             infinity            infinity            infinity
     Parameter 21~IW(0.000,-6)             infinity            infinity            infinity
     Parameter 22~IW(0.000,-6)             infinity            infinity            infinity
     Parameter 23~IW(0.000,-6)             infinity            infinity            infinity
     Parameter 24~IW(0.000,-6)             infinity            infinity            infinity
     Parameter 25~IW(0.000,-6)             infinity            infinity            infinity
     Parameter 26~IW(0.000,-6)             infinity            infinity            infinity
     Parameter 27~IW(0.000,-6)             infinity            infinity            infinity
     Parameter 28~IW(0.000,-6)             infinity            infinity            infinity
     Parameter 29~IW(0.000,-6)             infinity            infinity            infinity
     Parameter 30~IW(0.000,-6)             infinity            infinity            infinity
     Parameter 31~IW(0.000,-6)             infinity            infinity            infinity
     Parameter 32~IW(0.000,-6)             infinity            infinity            infinity
     Parameter 33~IW(0.000,-6)             infinity            infinity            infinity
     Parameter 34~IW(0.000,-6)             infinity            infinity            infinity
     Parameter 35~IG(-1.000,0.000)         infinity            infinity            infinity
     Parameter 36~IG(-1.000,0.000)         infinity            infinity            infinity
     Parameter 37~IG(-1.000,0.000)         infinity            infinity            infinity
     Parameter 38~IG(-1.000,0.000)         infinity            infinity            infinity


TECHNICAL 8 OUTPUT


   TECHNICAL 8 OUTPUT FOR BAYES ESTIMATION

     CHAIN    BSEED
     1        0
     2        285380

                     POTENTIAL       PARAMETER WITH
     ITERATION    SCALE REDUCTION      HIGHEST PSR
     100              1.635               22
     200              1.133               31
     300              1.202               22
     400              1.588               22
     500              1.441               22
     600              1.232               22
     700              1.089               8
     800              1.072               8
     900              1.103               29
     1000             1.144               27
     1100             1.207               27
     1200             1.214               27
     1300             1.159               28
     1400             1.171               28
     1500             1.200               28
     1600             1.155               29
     1700             1.147               29
     1800             1.130               29
     1900             1.110               29
     2000             1.076               29
     2100             1.048               29
     2200             1.034               29
     2300             1.022               28
     2400             1.018               28
     2500             1.021               28
     2600             1.018               24
     2700             1.015               24
     2800             1.012               7
     2900             1.013               7
     3000             1.022               24
     3100             1.029               24
     3200             1.018               24
     3300             1.023               22
     3400             1.028               22
     3500             1.037               29
     3600             1.049               29
     3700             1.062               29
     3800             1.072               29
     3900             1.076               29
     4000             1.068               29
     4100             1.063               29
     4200             1.062               29
     4300             1.064               29
     4400             1.086               27
     4500             1.093               27
     4600             1.084               27
     4700             1.076               27
     4800             1.085               29
     4900             1.097               29
     5000             1.112               29
     5100             1.128               29
     5200             1.143               29
     5300             1.135               29
     5400             1.125               29
     5500             1.121               29
     5600             1.116               29
     5700             1.110               29
     5800             1.119               29
     5900             1.122               29
     6000             1.127               29
     6100             1.133               29
     6200             1.136               29
     6300             1.133               29
     6400             1.122               29
     6500             1.108               29
     6600             1.104               29
     6700             1.101               29
     6800             1.091               29
     6900             1.082               29
     7000             1.089               27
     7100             1.086               27
     7200             1.086               27
     7300             1.082               27
     7400             1.074               27
     7500             1.074               27
     7600             1.074               27
     7700             1.074               27
     7800             1.072               27
     7900             1.064               27
     8000             1.062               27
     8100             1.056               27
     8200             1.051               27
     8300             1.047               27
     8400             1.045               27
     8500             1.045               24
     8600             1.042               24
     8700             1.047               24
     8800             1.045               24
     8900             1.050               24
     9000             1.039               24
     9100             1.038               24
     9200             1.042               24
     9300             1.036               24
     9400             1.028               24
     9500             1.024               24
     9600             1.024               27
     9700             1.021               27
     9800             1.024               22
     9900             1.026               22
     10000            1.027               27


     Beginning Time:  03:12:13
        Ending Time:  03:25:07
       Elapsed Time:  00:12:54



MUTHEN & MUTHEN
3463 Stoner Ave.
Los Angeles, CA  90066

Tel: (310) 391-9971
Fax: (310) 391-8971
Web: www.StatModel.com
Support: Support@StatModel.com

Copyright (c) 1998-2020 Muthen & Muthen
