Mplus VERSION 8.5 (Mac)
MUTHEN & MUTHEN
03/21/2022  11:25 AM

INPUT INSTRUCTIONS

  TITLE: Analysis 2+3
  DATA: FILE IS analysis1_model2.dat;
  VARIABLE:
  NAMES ARE ID WB FTF CMC mixed N
  gender ethnicity SES weekend;
  USEVARIABLES ARE WB FTF CMC mixed weekend N;
  CLUSTER IS ID;
  WITHIN IS weekend; BETWEEN IS N;
  MISSING = .;
  DEFINE:
  CENTER N (GRANDMEAN);
  CENTER FTF (GRANDMEAN);
  CENTER CMC (GRANDMEAN);
  CENTER mixed (GRANDMEAN);
  ANALYSIS: TYPE = TWOLEVEL RANDOM; ESTIMATOR = BAYES;
  BITERATIONS = (10000); PROCESSORS = 2;
  MODEL:			
  %WITHIN%
  WB;
  S1 | WB ON FTF; !Well-being is predicted by FtF interactions, the slope is random
  S2 | WB ON CMC; !Well-being is predicted by CMC, the slope is random
  S3 | WB ON mixed; !Well-being is predicted by mixed episodes, the slope is random
  WB ON weekend; !Control for weekend on the within-person level	
  %BETWEEN%
  [WB] (alpha);
  [S3] (slope);
  [S1];
  [S2];
  WB S1-S3; WB S1-S3 WITH WB S1-S3;
  WB ON FTF; !The intercept is predicted by FtF interactions
  WB ON CMC; !The intercept is predicted by CMC
  WB ON mixed; !The intercept is predicted by mixed episodes
  WB ON N (alpha_N); !The intercept is predicted by neuroticism
  S1 ON N; !The slope of FtF interactions is predicted by neuroticism
  S2 ON N; !The slope of CMC is predicted by neuroticism
  S3 ON N (slope_N); !The slope of mixed episodes is predicted by neuroticism
  MODEL CONSTRAINT:
  PLOT(VL L M H VH);
  LOOP(XAXIS,-1,1,0.01);
  VL = alpha + alpha_N*(-2)*SQRT(0.588) + (slope + slope_N*(-2)*SQRT(0.588))*XAXIS;
  L = alpha + alpha_N*(-1)*SQRT(0.588) + (slope + slope_N*(-1)*SQRT(0.588))*XAXIS;
  M = alpha + slope*XAXIS;
  H = alpha + alpha_N*1*SQRT(0.588) + (slope + slope_N*1*SQRT(0.588))*XAXIS;
  VH = alpha + alpha_N*2*SQRT(0.588) + (slope + slope_N*2*SQRT(0.588))*XAXIS;
  NEW (SVL SL SM SH SVH);
  SVL = slope + slope_N*(-2)*SQRT(0.588);
  SL = slope + slope_N*(-1)*SQRT(0.588);
  SM = slope;
  SH = slope + slope_N*1*SQRT(0.588);
  SVH = slope + slope_N*2*SQRT(0.588);
  PLOT: TYPE = PLOT2;
  OUTPUT: STDYX STDY TECH8;



*** WARNING in MODEL command
  In the MODEL command, the x variable on the WITHIN level has been turned into a
  y variable to enable latent variable decomposition.  This variable will be treated
  as a y-variable on both levels:  FTF
*** WARNING in MODEL command
  In the MODEL command, the x variable on the WITHIN level has been turned into a
  y variable to enable latent variable decomposition.  This variable will be treated
  as a y-variable on both levels:  CMC
*** WARNING in MODEL command
  In the MODEL command, the x variable on the WITHIN level has been turned into a
  y variable to enable latent variable decomposition.  This variable will be treated
  as a y-variable on both levels:  MIXED
*** WARNING
  One or more individual-level variables have no variation within a
  cluster for the following clusters.

     Variable   Cluster IDs with no within-cluster variation

      WB          1653 1688 3045 1548 2782
      FTF         1147 1653 67 2365 2430 413 990 1754 2284 653 659 584 589 3001 16 1368 850 2110
                  952 2189 3030 508 2053 2019 1307 1069 1131 1266 1160 1230 2734 399 496 2088
                  1861 229 2767 2224 2290 3012 1988 1350 1458 545 43 451 2006 2253 720 832 1698
                  2746 2527 889 1710 2850 2062 817 988 710 1925 2131 1038 2357 2205 643 2814 1358
                  1191 1860
      CMC         1530 1653 2237 3045 2430 413 1754 2284 653 584 1209 577 589 2037 1416 2953 2244
                  242 170 2649 2320 1744 1099 2950 1856 1388 2718 657 2625 97 728 1395 706 2864
                  1929 73 971 2473 1154 2088 2531 1613 2171 1242 1335 633 2782 1015 1761 68 2191
                  2798 645 1326 2440 2149 2608 1816 754 1085 1114 1706 1084 1151 3005 2046 2696
                  2567 293 1030 38 231 2918 968 39 1965 1214 2072 2932 479 639 724 2051 2059 382
                  533 732 833 433 793 1642 1173 1660 910 137 666 1846 1367 2548 892 2655 826 874
                  1300 2282 2521 532 1778 1225 48 191
      MIXED       1147 1653 1688 2430 2809 225 1754 2284 653 60 584 1209 3001 1909 1313 6 294
                  2037 1651 1122 2147 850 2953 2110 1666 331 1370 2649 3030 2168 1700 3029 1744
                  830 2097 373 2053 2991 1332 1548 1914 2019 241 2155 2673 2718 103 52 97 2170
                  1395 1230 1305 3020 1087 2382 2734 1939 2659 1929 341 1593 1915 1918 1429 127
                  571 3007 680 2648 2765 1562 2504 2088 1998 1248 2203 1408 595 673 2177 2753
                  1074 2928 405 896 2998 1405 404 2391 1169 1693 74 1703 1242 2570 2278 2377 2917
                  917 129 1614 2988 2738 2782 1649 214 3013 629 2954 2502 2448 1713 2750 2946
                  2630 2776 3074 2118 3021 2323 1462 1611 2472 1111 915 307 265 288 1278 1050
                  983 1208 2798 645 1086 1350 2048 1673 636 2924 468 1902 621 357 37 1681 1033
                  2149 1926 2165 1026 553 1447 837 149 1961 1014 1077 402 770 1359 1465 2618 785
                  3053 2849 2601 1372 1114 2073 1148 2469 953 1706 1599 885 151 380 1720 2003
                  452 2127 62 1870 604 801 216 815 400 492 1283 593 806 1950 1354 1378 38 634
                  727 1608 3034 1851 222 554 231 1062 2468 2610 319 1417 2429 670 1774 2992 725
                  2932 2034 1315 2600 1065 479 1734 1296 890 639 1475 2851 2895 436 1944 25 2528
                  954 460 305 1881 1974 2059 454 1287 520 2884 1280 289 1183 1121 312 2056 2077
                  1357 1997 382 1935 1767 388 1383 533 2246 2609 2752 833 433 1126 2579 2575 1082
                  2532 1957 470 793 45 2340 832 1386 295 1626 549 2746 1964 1017 2194 2527 1477
                  2104 2372 1196 2404 889 1660 1931 1710 2247 811 781 2850 1234 2751 1471 1846
                  1934 2666 922 1205 1188 877 746 2140 1061 893 1466 1252 2518 1543 1937 699 2829
                  2725 1546 575 871 2032 710 255 1510 678 949 2193 1840 2306 2757 2879 2220 1901
                  2086 693 2422 2357 2047 1727 2923 2044 1869 1058 2444 829 643 2590 1890 1701
                  1951 1636 2035 1358 1537 1191 2584 2545 1306 1724 550 271 85 1445 580 2569 2378
                  1860 1197 1981 2587 2038
      WEEKEND     1530 1147 1653 3045 67 2809 225 990 1754 659 60 584 1209 577 589 3001 742 2408
                  703 8 723 6 1651 1023 1368 1320 850 459 2244 1666 952 170 1387 2320 1744 830
                  2007 2991 1332 1186 2673 2840 103 1230 2351 2249 2017 2473 2531 1481 2845 2975
                  2890 1614 962 509 2048 3064

*** WARNING
  Data set contains cases with missing on x-variables.
  These cases were not included in the analysis.
  Number of cases with missing on x-variables:  18225
   5 WARNING(S) FOUND IN THE INPUT INSTRUCTIONS



Analysis 2+3

SUMMARY OF ANALYSIS

Number of groups                                                 1
Number of observations                                      120315

Number of dependent variables                                    4
Number of independent variables                                  2
Number of continuous latent variables                            3

Observed dependent variables

  Continuous
   WB          FTF         CMC         MIXED

Observed independent variables
   WEEKEND     N

Continuous latent variables
   S1          S2          S3

Variables with special functions

  Cluster variable      ID

  Within variables
   WEEKEND

  Between variables
   N

  Centering (GRANDMEAN)
   N           FTF         CMC         MIXED


Estimator                                                    BAYES
Specifications for Bayesian Estimation
  Point estimate                                            MEDIAN
  Number of Markov chain Monte Carlo (MCMC) chains               2
  Random seed for the first chain                                0
  Starting value information                           UNPERTURBED
  Algorithm used for Markov chain Monte Carlo           GIBBS(PX1)
  Convergence criterion                                  0.500D-01
  Maximum number of iterations                               50000
  K-th iteration used for thinning                               1

Input data file(s)
  analysis1_model2.dat
Input data format  FREE


SUMMARY OF DATA

     Number of clusters                       2531

       Size (s)    Cluster ID with Size s

          1        747 1535 23 1569 283 540 739 1051 1060 1163 1539 2783
                   2125 976 1625 2536 2637
          2        1530 1147 1653 1688 2237 3045 67
          3        2365 2430 2809 225 413 990 1754
          4        2284 653 2380 659 60 584 1209 577 589 3001 742 2408
                   16 1909
          5        703 1313 765 8 723 6 294 2037 1651 1023 1368 1320
          6        1122 2147 850 1416 2953 459 2110 2244 1691
          7        1666 242 952 170 331 2192 2189 1370 2649
          8        325 1452 3030 2168 1387 969 1700 3046 2320 3029 1744
                   1750 508 830
          9        2007 1685 1620 2097 373 2053 2978 2991 1332 1548 1186
         10        1099 1776 1914 1920 1284 557 2019 1949 390 1307
         11        2950 1069 2848 1131 1856 136 241 870 1388 2155 1266
                   2673 2718 966 657 3062 2840 491 175
         12        103 2625 679 275 52 97 3075 2170 2058 226 1160 1709
                   2505 728 2604
         13        1395 706 982 1270 1230 1391 1305 564 525 3020 1087 1556
                   2382 3037 209 921 2734 2749 2864
         14        2911 2351 17 2594 1939 2013 2659 1929 399 73 317 330
                   2249 596 2317 341 368
         15        1593 712 1915 1918 1429 221 2360 127 819 2982 2834 571
                   3007 1877
         16        1150 680 202 1011 1055 2648 756 971 2213 2761 2765 2017
                   783 1819 496 2473 1903 2821 1562 78 46
         17        1154 2504 1696 1627 1785 729 2088 2971 161 929 2186
                   1861 1985 1994 2018 1048 1848 2042 347 1889 2069 1117
                   232
         18        2197 1998 1635 351 2531 1248 2203 82 1888 112 1613 2121
                   2171 1229 2367 1408 1779 514 2264 1157 1374 2554 1443
                   2346 2702 2024 2022 595
         19        264 1858 280 2094 587 673 27 686 1481 2177 1514 1878
                   2753 616 2845 1074 229 1256 364 2928 2457 2968 3069
                   405 1187 896 448 2921
         20        2120 1251 113 2975 841 1771 134 299 2997 2998 2767 1431
                   183 196 2031 1128 1664 1405 695 1579 224 404 2156 2653
                   2874 521 2697 1729 2826 88 1757 139
         21        2391 1169 489 1470 2890 1644 1693 930 74 1873 2103 1703
                   1242 2691 99 2224 2732 1335 5 2552 397 633 2570 2278
                   768 1016 1235 810 2377 2917
         22        422 2221 936 3050 1192 917 2296 1275 2715 1308 129 1614
                   1238 2117 1420 168 26 2988 1081 59 2738 1646 1105 2052
                   2782 1649 214 3013 1650 843 135 861 2414 962 2439
         23        1449 1581 635 2290 2305 14 2411 629 263 2815 1045 2418
                   2954 1015 627 3054 2502 771 162 2526 738 2448 194 1713
                   308 813 2748 2750 2946 81 1239 1746 2832 3052 93 1761
         24        2460 2630 345 3036 2872 1624 1864 379 147 257 2492 487
                   2776 2427 3074 1765 3019 2027 2118 2268 2529 1804 845
         25        2828 698 3021 2857 1262 2856 1054 842 2323 68 2359 2191
                   1906 1462 2670 336 1596 2682 1611 350 2472 2934 2517
                   2045 1588 1111 2079 852 691 2227 773 1547 915 2099 2136
                   246 307 2298 258 2348 1341 1923 2396 506 1789
         26        2937 759 2546 1363 1098 1544 2589 2976 265 2591 914
                   446 858 1553 1536 458 1542 767 287 288 1001 3012 509
                   2271 223 2114 2966 581 1278 1050 2965 131 51 1344
         27        683 2015 983 726 1523 7 1988 1661 1603 181 1047 1162
                   2741 2704 207 316 2764 1066 1887 644 1208 2582 1217
                   339 2798 558 2403 118 905 2831 1137 70 2461 2153 645
                   1485 1488 1101
         28        3060 1958 2866 1086 1326 1455 821 1560 563 163 613 2987
                   2239 1195 1350 2048 192 2568 2280 2779 343 2894 2622
                   2803 1673 1377 219 636 2671 138 1136 2258 2721 1836
                   416 2399 2132 1414 3048 2924 1063 1743 125 2547 468
         29        2662 1902 2021 2373 1458 2544 621 357 363 37 236 2558
                   2393 375 155 1681 527 438 2576 601 534 1033 2958 1241
                   1434 2263 2716 1794 2727 610 2356 2983 579 1404 1606
                   2632 1236 476 2786 2989 2397 2255 205 502 2433 2440
                   2149 1893 2873 114
         30        158 1911 545 1632 2277 2905 2495 3025 481 1926 2516
                   2165 2386 500 1026 2645 2942 1634 1699 1393 694 1801
                   1807 89 2158 2164 553 1289 1447 1835 3072 1428 2736
                   1180 2996 1013 2090 837 128 1078 240 1104 530 2792 2060
                   542 30 2409 149 1612
         31        1839 1517 647 750 1961 648 2310 279 911 1407 110 1912
                   1014 100 1927 2603 1953 1995 18 2093 1638 1304 1705
                   2641 1077 2969 43 2233 2424 1496 2977 57 61 2608 1129
                   1456 594 1479 2685 2990 1816
         32        369 2245 709 2862 1310 2868 266 1004 402 2130 836 1738
                   754 2538 15 770 1201 2583 2274 777 423 798 197 1359
                   1465 2618 301 1134 785 318 1509 1133 1068 2962 338 1139
                   2791 903 3038 2318 3053 344 1968 628 1413 2833 641 682
                   366 1281 2849
         33        353 148 3059 150 863 250 3061 3000 2550 1265 75 76 2601
                   387 2322 2328 1591 1803 2824 1085 408 2827 1917 1071
                   2700 1722 1286 1372 2486 866 1850 117 119 1114 2073
                   3043 758 53 1529 1148 3064 2435 854 1772 2909 2469 2139
                   2142 146 953
         34        504 2689 816 1440 1107 1156 185 1706 2185 2243 1599
                   1398 199 2261 2944 885 1084 450 744 2819 2293 442 267
                   2507 1053 2865 1327 2525 56 2144 2537 1151 975 2540
                   151 622 3004 380 2442
         35        543 1324 314 3005 87 414 1369 1171 1 582 588 561 2236
                   2152 2355 2046 430 1720 2361 2003 3017 2082 441 3002
                   2383 860 2710 908 452 2733 1198 370 2412 951 2127 1446
                   352 62 203 1221 484 1870 662 2206 2635 2758 2292 208
                   1040 2837 19 604 789 2773 801
         36        2638 676 2400 1946 1321 65 3009 121 3047 1900 389 323
                   216 1392 1665 328 1899 815 2478 1905 2780 400 410 83
                   1444 1853 2010 812 2535 1723 1476 2449 3067 510 1491
                   1559 522 444 2304 2696 212 213 2979 1010 2888 599 2567
                   293
         37        44 1791 182 1399 2358 2676 2747 1116 466 467 2899 58
                   215 1438 1030 730 741 492 290 2390 3011 2762 1493 1036
                   1508 638 1283 403 2789 2561 3022 2295 2496 327 593 2078
                   1597 562 1876 2096 1879 1885 432 806 1947 1950 1354
                   1827 2586 1375 1378
         38        786 1731 38 424 1042 249 2316 1090 822 2745 2810 2332
                   2656 2654 447 2432 780 193 634 361 2286 1502 906 2818
                   660 1753 1841 2941 1499 437 942 1786 3070 1798 485 2364
                   2948 2176 727 959 253 2183 282 2057 505 320 426 2852
                   1608 2033 3034 2876 2510
         39        2106 2660 2663 864 1834 260 876 261 2133 1851 2970 2707
                   2974 418 1764 106 700 714 428 2167 3049 2445 1489 222
                   1676 2650 1039 291 650 383 1986 2947 554 231 77 1317
                   2918 2471 968 2562 945 2574 1737 3035 591 2555 392 393
                   92 1062 494 95 337
         40        515 21 2248 39 1572 2695 1670 238 1419 671 172 1271
                   1621 927 2468 292 2859 2269 3033 948 2319 2610 2141
                   1965 2915 2353 315 3014 2642 2804 1464 2162 608 319
                   1417 1118 2936
         41        20 611 1908 1461 2726 788 233 445 1478 2429 313 2945
                   334 2577 1955 244 2150 1371 1214 1930 2822 1736 451
                   670 1774 1907 80 1962 2880 570 2072 2788 415 574 963
                   94 857 2992 3040 2484 104 2493 1609 705 2006 356 518
                   661 725
         42        2138 2694 1095 1159 1067 715 2313 2592 1711 1563 912
                   2188 2932 1582 2325 2210 1423 3073 1245 96 2034 1678
                   1315 359 211 1684 1842 2600 409 1302 965 2677 663 531
                   2100 987 1500 1520 2993 2334 262 176 2994 2182 2565
         43        1641 101 1366 2159 2686 1211 1065 2161 479 1734 1253
                   2541 270 1865 3010 1578 50 2522 2938 2240 1566 248 1828
                   1296 620 764 890 2549 639 2628 1475 2489 1615 2851 2260
                   1351 2744 66
         44        631 2768 2800 1034 828 878 1472 2337 1347 1973 1976
                   2895 855 668 171 218 431 851 220 436 567 2370 1487 1944
                   724 3056 2196 273 25 332 449 276 2960 278 1110 187 2111
                   472 2770 486 2331 1760 2342 625 3071 1831
         45        2070 173 1833 2420 1467 1329 2712 2087 2943 142 2870
                   867 827 1658 800 2528 349 2999 2242 2454 2102 2636 2428
                   2352 469 1292 2001 755 1437 2051 461 2336 1989 2973
                   954 2836 2198 1268 869 1288 590 692 1418
         46        1859 165 1924 460 1224 664 1100 3044 11 167 1254 735
                   2129 478 1602 251 419 304 371 305 1726 1881 252 879
                   536 2209 1490 1974 556 2204 884 2059 2084 2458 2913
                   1505 935 513 1716 3065 1390 1425 195 4 899 1600 285
                   454 456 1584 1202 2935 200
         47        1232 1797 992 2613 269 762 2907 1287 2777 2135 1867
                   2253 3057 520 1712 483 2559 2949 1892 2724 2123 2669
                   779 453 107 495 960 2467 2963 1272 720 47 2812
         48        656 210 2884 2225 924 1800 1280 29 289 2616 102 1183
                   36 2759 1121 576 435 2405 882 1524 180 2180 2222 90
                   2853 306 2314 2437 312
         49        2056 2077 2230 1357 108 10 378 1810 1164 1459 2385 2207
                   1384 1822 1997 1454 411 2957 382 474 2498 1672 69 28
                   198 234 2797 2368 31 1028 1029
         50        539 1365 2508 1936 2706 1970 1538 2480 804 1590 2778
                   188 1982 619 1450 412 1189 654 2349 1668 751 1298 776
                   881 2595 42 1815 132 473 1628 1575
         51        1690 1342 443 2329 2981 920 1935 1702 2262 1767 2955
                   2580 568 2283 3032 2806 1019 388 237 133 1594 329 1616
                   1383 462 1177 630 511 2838 1007 533 1080 943 1565 1301
         52        2246 824 2105 2145 2609 1381 2061 1728 457 1362 141
                   1550 2511 2785 782 1233 1818 2481 1330 1089 498 1484
                   1348 2752 2231 1295 2028 2612 831
         53        995 2254 614 1220 1410 2667 1747 1294 2025 1971 1250
                   1838 732 637 833 433 977 12 835 846 1763 1809 749 2474
                   1108 1640 2333 3041 1126 1227 933 1323
         54        2922 2371 1694 1938 2009 1518 2256 501 2124 2579 2109
                   716 2683
         55        1532 391 711 2228 1808 2575 1082 377 91 311 872 1096
                   2466 2475 519 761 818 1959 1882 2742 1263 503 2621
         56        342 2532 310 154 2065 1957 272 120 2218 177 2680 470
                   471 793 1072 1216 2016 1333 1356 45
         57        1852 2452 1299 2846 1617 1806 2854 1075 300 333 3068
                   493 109 1592 2606 1921 2000 612 105 1896 480 2961 2703
                   2212 1167
         58        2926 1652 598 326 597 2366 2369 1680 2985 688 464 465
                   667 2340 1866 1605 2644 184 1792 832 256 355 1002 1380
                   3066 1025 961 1522 2143 1782 1580 1386 1610
         59        295 957 1695 681 2784 41 1259 2709 3023 2512 3003 689
                   1123 2972 1276 2055 406
         60        888 1698 2620 2302 2081 2665 702 721 1166 2737 1732
                   2920 455 186 490 396 873 1862 646 1626 549 2049 2551
                   585
         61        713 1503 1022 1577 2728 2746 600 1193 2219 2959 993
                   1642 362 394 923 972 1032 2598 1964 2211 2235
         62        1637 1780 1821 143 2534 13 1316 497 2900 894 1933 1379
                   3051
         63        1486 2425 1168 1795 302 1952 2476 1725 140 875 1017
                   925 1629 2844 2902 1766 2912 807 1683
         64        2194 376 1999 2763 72 2796 2527 2008 1173 2029 1585
                   1056 997 1477 130 2104 2372 1279 2571 2160 164
         65        2265 2291 1343 1675 932 2347 1260 2128 1196 2719 439
                   2404 889 3042 2459 516 1303 1660
         66        1805 1291 3016 883 544 910 1570 2122 763 2847 1931 1710
                   2169 1432 2375 2407 2678 528 137 2247
         67        1264 799 811 781 666 1707 2892 2850 1079 1152 1309 243
                   862 2023 2722 947 787 463 2338
         68        1604 1480 1234 2869 2751 1109 2321 1267 2232 2524 731
                   2223 2447
         69        1471 853 1846 1427 985 2542 1012 2681 805 335 1910 2181
                   919 1934 2658 2666 922 578 1311 1205 1367 523 2419
         70        1188 427 1024 1222 649 859 2699 2515 1775 877 2259 746
                   2410 2578 2548 1837 1337 2330
         71        2640 892 907 1773 719 1501 1179 2395 844 2140 820 2416
                   1073 1127 640 2611 2456 1469
         72        970 2808 1203 2500 1000 1061 2413 2175 2717 1400 893
                   2062 1018 790 2462 967 2629 1466 2793
         73        2655 1252 2518 826 153 1811 1686 2708 675 2881 2887
                   1385 1144 722 1130 2919 1249 1895 2631 2775 1543 1669
                   1916
         74        874 1937 817 988 2095 2199 1790 699 1730 808 2829 2725
                   1546 2441 690 931
         75        2858 1884 1376 1619 1793 499 1630 2714 1103 766 2557
                   2241 309 398 1273 2626
         76        1424 1300 2250 1430 575 916 940 2398 2282 360 2300 2101
                   2530 871 2910 1826 1759 1052 2925 2344 2137 2350
         77        2327 2643 2652 2011 1802 2566 2684 2479 895 1768 1314
                   2226 2521 532 1607 2146
         78        9 2835 769 2303 348 2431 1525 1540 2032 2581 710 2202
                   868 1003 1567 255 1919 297 1285 1948 1135 880 2817 1397
                   1091
         79        1064 1231 2178 1474 2893 2465 3 1975 1689 603 3018 1146
                   1925 1654 2929 1510 22
         80        2113 2116 1200 2675 1155 230 2157 1436 658 2506 2068
                   678 687 784 1922 1009 2297
         81        1097 949 204 1913 1718 2401 1966 592 2661 1352
         82        1106 1507 2098 1531 2193 1840 2306 2107 1692 1403
         83        1319 2757 2879 2664 1210 1778 2781 1781 1213 1796 1240
                   1044 572 2279 1601 2208 1528 2533 2927 2220 1639 1814
                   958
         84        838 1972 1901 2086 2875 1978 1088 672 1228 1645 913
                   693 2605 2799 2805 541 2214 2134 752 757 2841 2731 760
         85        2811 901 1817 2980 1442 1733 2422 696 1415 2089 1745
                   1549
         86        2131 2041 904 1751 2672 1038 2357 2020 2743 2940 1762
         87        1829 1325 2047 1138 1124 488 1149 1406 2933 2074 778
         88        2855 1875 2740 1219 322 2005 847 979
         89        1748 1727 1849 2276 2119 2923 2693 2154 583 1451 1297
                   566 2050
         90        609 1161 2044 2485 1869 2497 1058 1987 2861 1439 2823
         91        1421 707 2071 2205 2444 1412 1041 829
         92        643 2590 1457 401 1721 1890 2711 1519 928
         93        2438 823 1112 1855 886 547 1574 2617 1701 1049
         94        1516 1552 1951 1954 2288 2294 2335 2952 1636
         95        2148 2790 2014 2324 2802 2035
         96        934 964 2190
         97        2814 1663 2560 684 3055 555 2381 1358 1021 973 2885
         98        1990 529 35 1255 1340 1170 1349
         99        2820 2572 2599 1898 1564 535
        100        1176 1537 1739 655 1820 1191 2584 1194 1857 372
        101        1598
        102        1704 669 1622 2503 1382 2539 1331 2545 1306
        103        2092 2172 2166
        104        1724 1460 98 2387 2623 865 1586 624 1322 2184
        105        2482 898 2896
        106        550 2596 802 2769 946
        107        955 1463 2217 2453 1996
        108        1756 1495 271
        109        1225 2760 937 560 124 772
        110        1364 1928 85
        111        1445
        112        1657 2270 2273 1960 580 632 268 1182
        113        2883 569 1648 1433
        114        1243 626 48
        115        1282 2569 991 2450 1770 2378
        116        385 1394 2309
        117        1984 191 1860 1534 1197 2285 1981
        118        2602 2766 743
        119        1070
        121        1373
        122        2312
        124        2509 1904 586
        125        1492 526
        127        1261 652
        128        2877
        130        1872 2392 2494
        132        2587
        134        2687
        135        2563
        138        2705
        143        2904
        144        2038
        145        775
        151        2238
        152        1799
        159        2384



COVARIANCE COVERAGE OF DATA

Minimum covariance coverage value   0.100

     Number of missing data patterns             2


     PROPORTION OF DATA PRESENT


           Covariance Coverage
              WB            FTF           CMC           MIXED         WEEKEND
              ________      ________      ________      ________      ________
 WB             0.995
 FTF            0.995         1.000
 CMC            0.995         1.000         1.000
 MIXED          0.995         1.000         1.000         1.000
 WEEKEND        0.995         1.000         1.000         1.000         1.000
 N              0.995         1.000         1.000         1.000         1.000


           Covariance Coverage
              N
              ________
 N              1.000



UNIVARIATE SAMPLE STATISTICS


     UNIVARIATE HIGHER-ORDER MOMENT DESCRIPTIVE STATISTICS

         Variable/         Mean/     Skewness/   Minimum/ % with                Percentiles
        Sample Size      Variance    Kurtosis    Maximum  Min/Max      20%/60%    40%/80%    Median

     WB                    0.003      -0.396      -3.013    0.18%      -0.967     -0.241      0.011
          119745.000       0.980      -0.262       1.539    1.68%       0.492      0.986
     FTF                   0.000       1.057      -0.266   73.35%      -0.266     -0.266     -0.266
          120315.000       0.195      -0.884       0.734   26.65%      -0.266      0.734
     CMC                   0.000       1.599      -0.188   81.23%      -0.188     -0.188     -0.188
          120315.000       0.152       0.558       0.812   18.77%      -0.188     -0.188
     MIXED                 0.000       1.748      -0.171   82.91%      -0.171     -0.171     -0.171
          120315.000       0.142       1.057       0.829   17.09%      -0.171     -0.171
     WEEKEND               0.267       1.056       0.000   73.35%       0.000      0.000      0.000
          120315.000       0.195      -0.885       1.000   26.65%       0.000      1.000
     N                     0.000       0.010      -2.024    0.04%      -0.608     -0.233     -0.024
            2531.000       0.588      -0.399       1.892    0.32%       0.142      0.642


THE MODEL ESTIMATION TERMINATED NORMALLY

     USE THE FBITERATIONS OPTION TO INCREASE THE NUMBER OF ITERATIONS BY A FACTOR
     OF AT LEAST TWO TO CHECK CONVERGENCE AND THAT THE PSR VALUE DOES NOT INCREASE.



MODEL FIT INFORMATION

Number of Free Parameters                              32

Information Criteria

          Deviance (DIC)                       581126.748
          Estimated Number of Parameters (pD)   10910.898



MODEL RESULTS

                                Posterior  One-Tailed         95% C.I.
                    Estimate       S.D.      P-Value   Lower 2.5%  Upper 2.5%  Significance

Within Level

 WB         ON
    WEEKEND            0.173       0.005      0.000       0.164       0.183      *

 Variances
    FTF                0.171       0.001      0.000       0.169       0.172      *
    CMC                0.131       0.001      0.000       0.130       0.132      *
    MIXED              0.113       0.000      0.000       0.112       0.114      *

 Residual Variances
    WB                 0.539       0.002      0.000       0.535       0.544      *

Between Level

 S1         ON
    N                  0.057       0.011      0.000       0.036       0.079      *

 S2         ON
    N                  0.013       0.011      0.103      -0.008       0.034

 S3         ON
    N                  0.061       0.013      0.000       0.035       0.086      *

 WB         ON
    FTF                0.337       0.086      0.000       0.170       0.507      *
    CMC               -0.208       0.086      0.007      -0.374      -0.039      *
    MIXED              0.572       0.075      0.000       0.424       0.719      *
    N                 -0.357       0.015      0.000      -0.386      -0.327      *

 WB       WITH
    S1                -0.037       0.005      0.000      -0.046      -0.027      *
    S2                -0.012       0.005      0.010      -0.022      -0.002      *
    S3                -0.038       0.006      0.000      -0.050      -0.027      *

 S1       WITH
    S2                 0.014       0.004      0.000       0.006       0.021      *
    S3                 0.053       0.005      0.000       0.044       0.062      *

 S2       WITH
    S3                 0.032       0.004      0.000       0.024       0.041      *

 Means
    FTF                0.020       0.003      0.000       0.014       0.027      *
    CMC                0.023       0.003      0.000       0.016       0.029      *
    MIXED              0.009       0.004      0.004       0.002       0.016      *

 Intercepts
    WB                -0.067       0.012      0.000      -0.091      -0.044      *
    S1                 0.331       0.009      0.000       0.314       0.348      *
    S2                 0.069       0.009      0.000       0.053       0.087      *
    S3                 0.302       0.010      0.000       0.282       0.321      *

 Variances
    FTF                0.025       0.001      0.000       0.024       0.027      *
    CMC                0.024       0.001      0.000       0.022       0.025      *
    MIXED              0.029       0.001      0.000       0.027       0.030      *

 Residual Variances
    WB                 0.314       0.009      0.000       0.296       0.333      *
    S1                 0.069       0.005      0.000       0.061       0.079      *
    S2                 0.037       0.005      0.000       0.028       0.047      *
    S3                 0.077       0.006      0.000       0.065       0.091      *

New/Additional Parameters
    SVL                0.208       0.022      0.000       0.164       0.252      *
    SL                 0.255       0.014      0.000       0.227       0.283      *
    SM                 0.302       0.010      0.000       0.282       0.321      *
    SH                 0.349       0.014      0.000       0.322       0.376      *
    SVH                0.395       0.022      0.000       0.352       0.438      *


STANDARDIZED MODEL RESULTS


STDYX Standardization

                                Posterior  One-Tailed         95% C.I.
                    Estimate       S.D.      P-Value   Lower 2.5%  Upper 2.5%  Significance

Within-Level Standardized Estimates Averaged Over Clusters

 S1 | WB ON
    FTF                0.172       0.003      0.000       0.165       0.178      *

 S2 | WB ON
    CMC                0.030       0.003      0.000       0.024       0.037      *

 S3 | WB ON
    MIXED              0.127       0.003      0.000       0.120       0.133      *

 WB         ON
    WEEKEND            0.094       0.003      0.000       0.089       0.099      *

 Variances
    FTF                1.000       0.000      0.000       1.000       1.000
    CMC                1.000       0.000      0.000       1.000       1.000
    MIXED              1.000       0.000      0.000       1.000       1.000

 Residual Variances
    WB                 0.905       0.002      0.000       0.901       0.910      *

Between Level

 S1         ON
    N                  0.120       0.023      0.000       0.075       0.164      *

 S2         ON
    N                  0.038       0.031      0.103      -0.023       0.099

 S3         ON
    N                  0.120       0.026      0.000       0.070       0.171      *

 WB         ON
    FTF                0.089       0.023      0.000       0.045       0.133      *
    CMC               -0.053       0.022      0.007      -0.096      -0.010      *
    MIXED              0.160       0.021      0.000       0.119       0.201      *
    N                 -0.326       0.013      0.000      -0.351      -0.300      *

 WB       WITH
    S1                -0.248       0.032      0.000      -0.310      -0.184      *
    S2                -0.108       0.046      0.010      -0.199      -0.018      *
    S3                -0.245       0.036      0.000      -0.315      -0.174      *

 S1       WITH
    S2                 0.266       0.061      0.000       0.136       0.378      *
    S3                 0.721       0.034      0.000       0.648       0.782      *

 S2       WITH
    S3                 0.600       0.053      0.000       0.488       0.693      *

 Means
    FTF                0.127       0.022      0.000       0.085       0.169      *
    CMC                0.146       0.022      0.000       0.103       0.189      *
    MIXED              0.055       0.021      0.004       0.013       0.096      *

 Intercepts
    WB                -0.111       0.020      0.000      -0.149      -0.072      *
    S1                 1.247       0.053      0.000       1.143       1.352      *
    S2                 0.359       0.052      0.000       0.263       0.476      *
    S3                 1.077       0.057      0.000       0.968       1.190      *

 Variances
    FTF                1.000       0.000      0.000       1.000       1.000
    CMC                1.000       0.000      0.000       1.000       1.000
    MIXED              1.000       0.000      0.000       1.000       1.000

 Residual Variances
    WB                 0.856       0.011      0.000       0.834       0.877      *
    S1                 0.986       0.006      0.000       0.973       0.994      *
    S2                 0.998       0.003      0.000       0.990       1.000      *
    S3                 0.986       0.006      0.000       0.971       0.995      *


STDY Standardization

                                Posterior  One-Tailed         95% C.I.
                    Estimate       S.D.      P-Value   Lower 2.5%  Upper 2.5%  Significance

Within-Level Standardized Estimates Averaged Over Clusters

 S1 | WB ON
    FTF                0.172       0.003      0.000       0.165       0.178      *

 S2 | WB ON
    CMC                0.030       0.003      0.000       0.024       0.037      *

 S3 | WB ON
    MIXED              0.127       0.003      0.000       0.120       0.133      *

 WB         ON
    WEEKEND            0.224       0.006      0.000       0.211       0.237      *

 Variances
    FTF                1.000       0.000      0.000       1.000       1.000
    CMC                1.000       0.000      0.000       1.000       1.000
    MIXED              1.000       0.000      0.000       1.000       1.000

 Residual Variances
    WB                 0.905       0.002      0.000       0.901       0.910      *

Between Level

 S1         ON
    N                  0.216       0.042      0.000       0.135       0.297      *

 S2         ON
    N                  0.069       0.056      0.103      -0.042       0.179

 S3         ON
    N                  0.217       0.047      0.000       0.127       0.309      *

 WB         ON
    FTF                0.089       0.023      0.000       0.045       0.133      *
    CMC               -0.053       0.022      0.007      -0.096      -0.010      *
    MIXED              0.160       0.021      0.000       0.119       0.201      *
    N                 -0.589       0.024      0.000      -0.636      -0.543      *

 WB       WITH
    S1                -0.248       0.032      0.000      -0.310      -0.184      *
    S2                -0.108       0.046      0.010      -0.199      -0.018      *
    S3                -0.245       0.036      0.000      -0.315      -0.174      *

 S1       WITH
    S2                 0.266       0.061      0.000       0.136       0.378      *
    S3                 0.721       0.034      0.000       0.648       0.782      *

 S2       WITH
    S3                 0.600       0.053      0.000       0.488       0.693      *

 Means
    FTF                0.127       0.022      0.000       0.085       0.169      *
    CMC                0.146       0.022      0.000       0.103       0.189      *
    MIXED              0.055       0.021      0.004       0.013       0.096      *

 Intercepts
    WB                -0.111       0.020      0.000      -0.149      -0.072      *
    S1                 1.247       0.053      0.000       1.143       1.352      *
    S2                 0.359       0.052      0.000       0.263       0.476      *
    S3                 1.077       0.057      0.000       0.968       1.190      *

 Variances
    FTF                1.000       0.000      0.000       1.000       1.000
    CMC                1.000       0.000      0.000       1.000       1.000
    MIXED              1.000       0.000      0.000       1.000       1.000

 Residual Variances
    WB                 0.856       0.011      0.000       0.834       0.877      *
    S1                 0.986       0.006      0.000       0.973       0.994      *
    S2                 0.998       0.003      0.000       0.990       1.000      *
    S3                 0.986       0.006      0.000       0.971       0.995      *


R-SQUARE

Within-Level R-Square Averaged Across Clusters

                                Posterior  One-Tailed         95% C.I.
    Variable        Estimate       S.D.      P-Value   Lower 2.5%  Upper 2.5%

    WB                 0.095       0.002      0.000       0.090       0.099

Between Level

                                Posterior  One-Tailed         95% C.I.
    Variable        Estimate       S.D.      P-Value   Lower 2.5%  Upper 2.5%

    WB                 0.144       0.011      0.000       0.123       0.166

                                Posterior  One-Tailed         95% C.I.
    Variable        Estimate       S.D.      P-Value   Lower 2.5%  Upper 2.5%

    S1                 0.014       0.006      0.000       0.006       0.027
    S2                 0.002       0.003      0.000       0.000       0.010
    S3                 0.014       0.006      0.000       0.005       0.029


TECHNICAL 1 OUTPUT


     PARAMETER SPECIFICATION FOR WITHIN


           NU
              WB            FTF           CMC           MIXED         WEEKEND
              ________      ________      ________      ________      ________
                    0             0             0             0             0


           LAMBDA
              WB            FTF           CMC           MIXED         WEEKEND
              ________      ________      ________      ________      ________
 WB                 0             0             0             0             0
 FTF                0             0             0             0             0
 CMC                0             0             0             0             0
 MIXED              0             0             0             0             0
 WEEKEND            0             0             0             0             0


           THETA
              WB            FTF           CMC           MIXED         WEEKEND
              ________      ________      ________      ________      ________
 WB                 0
 FTF                0             0
 CMC                0             0             0
 MIXED              0             0             0             0
 WEEKEND            0             0             0             0             0


           ALPHA
              WB            FTF           CMC           MIXED         WEEKEND
              ________      ________      ________      ________      ________
                    0             0             0             0             0


           BETA
              WB            FTF           CMC           MIXED         WEEKEND
              ________      ________      ________      ________      ________
 WB                 0             0             0             0             1
 FTF                0             0             0             0             0
 CMC                0             0             0             0             0
 MIXED              0             0             0             0             0
 WEEKEND            0             0             0             0             0


           PSI
              WB            FTF           CMC           MIXED         WEEKEND
              ________      ________      ________      ________      ________
 WB                 2
 FTF                0             3
 CMC                0             0             4
 MIXED              0             0             0             5
 WEEKEND            0             0             0             0             0


     PARAMETER SPECIFICATION FOR BETWEEN


           NU
              WB            FTF           CMC           MIXED         N
              ________      ________      ________      ________      ________
                    0             0             0             0             0


           LAMBDA
              S1            S2            S3            WB            FTF
              ________      ________      ________      ________      ________
 WB                 0             0             0             0             0
 FTF                0             0             0             0             0
 CMC                0             0             0             0             0
 MIXED              0             0             0             0             0
 N                  0             0             0             0             0


           LAMBDA
              CMC           MIXED         N
              ________      ________      ________
 WB                 0             0             0
 FTF                0             0             0
 CMC                0             0             0
 MIXED              0             0             0
 N                  0             0             0


           THETA
              WB            FTF           CMC           MIXED         N
              ________      ________      ________      ________      ________
 WB                 0
 FTF                0             0
 CMC                0             0             0
 MIXED              0             0             0             0
 N                  0             0             0             0             0


           ALPHA
              S1            S2            S3            WB            FTF
              ________      ________      ________      ________      ________
                    6             7             8             9            10


           ALPHA
              CMC           MIXED         N
              ________      ________      ________
                   11            12             0


           BETA
              S1            S2            S3            WB            FTF
              ________      ________      ________      ________      ________
 S1                 0             0             0             0             0
 S2                 0             0             0             0             0
 S3                 0             0             0             0             0
 WB                 0             0             0             0            16
 FTF                0             0             0             0             0
 CMC                0             0             0             0             0
 MIXED              0             0             0             0             0
 N                  0             0             0             0             0


           BETA
              CMC           MIXED         N
              ________      ________      ________
 S1                 0             0            13
 S2                 0             0            14
 S3                 0             0            15
 WB                17            18            19
 FTF                0             0             0
 CMC                0             0             0
 MIXED              0             0             0
 N                  0             0             0


           PSI
              S1            S2            S3            WB            FTF
              ________      ________      ________      ________      ________
 S1                20
 S2                21            22
 S3                23            24            25
 WB                26            27            28            29
 FTF                0             0             0             0            30
 CMC                0             0             0             0             0
 MIXED              0             0             0             0             0
 N                  0             0             0             0             0


           PSI
              CMC           MIXED         N
              ________      ________      ________
 CMC               31
 MIXED              0            32
 N                  0             0             0


     PARAMETER SPECIFICATION FOR THE ADDITIONAL PARAMETERS


           NEW/ADDITIONAL PARAMETERS
              VL            L             M             H             VH
              ________      ________      ________      ________      ________
                   33            34            35            36            37


           NEW/ADDITIONAL PARAMETERS
              XAXIS         SVL           SL            SM            SH
              ________      ________      ________      ________      ________
                   38            39            40            41            42


           NEW/ADDITIONAL PARAMETERS
              SVH
              ________
                   43


     STARTING VALUES FOR WITHIN


           NU
              WB            FTF           CMC           MIXED         WEEKEND
              ________      ________      ________      ________      ________
                0.000         0.000         0.000         0.000         0.000


           LAMBDA
              WB            FTF           CMC           MIXED         WEEKEND
              ________      ________      ________      ________      ________
 WB             1.000         0.000         0.000         0.000         0.000
 FTF            0.000         1.000         0.000         0.000         0.000
 CMC            0.000         0.000         1.000         0.000         0.000
 MIXED          0.000         0.000         0.000         1.000         0.000
 WEEKEND        0.000         0.000         0.000         0.000         1.000


           THETA
              WB            FTF           CMC           MIXED         WEEKEND
              ________      ________      ________      ________      ________
 WB             0.000
 FTF            0.000         0.000
 CMC            0.000         0.000         0.000
 MIXED          0.000         0.000         0.000         0.000
 WEEKEND        0.000         0.000         0.000         0.000         0.000


           ALPHA
              WB            FTF           CMC           MIXED         WEEKEND
              ________      ________      ________      ________      ________
                0.000         0.000         0.000         0.000         0.000


           BETA
              WB            FTF           CMC           MIXED         WEEKEND
              ________      ________      ________      ________      ________
 WB             0.000         0.000         0.000         0.000         0.000
 FTF            0.000         0.000         0.000         0.000         0.000
 CMC            0.000         0.000         0.000         0.000         0.000
 MIXED          0.000         0.000         0.000         0.000         0.000
 WEEKEND        0.000         0.000         0.000         0.000         0.000


           PSI
              WB            FTF           CMC           MIXED         WEEKEND
              ________      ________      ________      ________      ________
 WB             0.490
 FTF            0.000         0.098
 CMC            0.000         0.000         0.076
 MIXED          0.000         0.000         0.000         0.071
 WEEKEND        0.000         0.000         0.000         0.000         0.098


     STARTING VALUES FOR BETWEEN


           NU
              WB            FTF           CMC           MIXED         N
              ________      ________      ________      ________      ________
                0.000         0.000         0.000         0.000         0.000


           LAMBDA
              S1            S2            S3            WB            FTF
              ________      ________      ________      ________      ________
 WB             0.000         0.000         0.000         1.000         0.000
 FTF            0.000         0.000         0.000         0.000         1.000
 CMC            0.000         0.000         0.000         0.000         0.000
 MIXED          0.000         0.000         0.000         0.000         0.000
 N              0.000         0.000         0.000         0.000         0.000


           LAMBDA
              CMC           MIXED         N
              ________      ________      ________
 WB             0.000         0.000         0.000
 FTF            0.000         0.000         0.000
 CMC            1.000         0.000         0.000
 MIXED          0.000         1.000         0.000
 N              0.000         0.000         1.000


           THETA
              WB            FTF           CMC           MIXED         N
              ________      ________      ________      ________      ________
 WB             0.000
 FTF            0.000         0.000
 CMC            0.000         0.000         0.000
 MIXED          0.000         0.000         0.000         0.000
 N              0.000         0.000         0.000         0.000         0.000


           ALPHA
              S1            S2            S3            WB            FTF
              ________      ________      ________      ________      ________
                0.000         0.000         0.000         0.003         0.000


           ALPHA
              CMC           MIXED         N
              ________      ________      ________
                0.000         0.000         0.000


           BETA
              S1            S2            S3            WB            FTF
              ________      ________      ________      ________      ________
 S1             0.000         0.000         0.000         0.000         0.000
 S2             0.000         0.000         0.000         0.000         0.000
 S3             0.000         0.000         0.000         0.000         0.000
 WB             0.000         0.000         0.000         0.000         0.000
 FTF            0.000         0.000         0.000         0.000         0.000
 CMC            0.000         0.000         0.000         0.000         0.000
 MIXED          0.000         0.000         0.000         0.000         0.000
 N              0.000         0.000         0.000         0.000         0.000


           BETA
              CMC           MIXED         N
              ________      ________      ________
 S1             0.000         0.000         0.000
 S2             0.000         0.000         0.000
 S3             0.000         0.000         0.000
 WB             0.000         0.000         0.000
 FTF            0.000         0.000         0.000
 CMC            0.000         0.000         0.000
 MIXED          0.000         0.000         0.000
 N              0.000         0.000         0.000


           PSI
              S1            S2            S3            WB            FTF
              ________      ________      ________      ________      ________
 S1             1.000
 S2             0.000         1.000
 S3             0.000         0.000         1.000
 WB             0.000         0.000         0.000         0.490
 FTF            0.000         0.000         0.000         0.000         0.098
 CMC            0.000         0.000         0.000         0.000         0.000
 MIXED          0.000         0.000         0.000         0.000         0.000
 N              0.000         0.000         0.000         0.000         0.000


           PSI
              CMC           MIXED         N
              ________      ________      ________
 CMC            0.076
 MIXED          0.000         0.071
 N              0.000         0.000         0.306


     STARTING VALUES FOR THE ADDITIONAL PARAMETERS


           NEW/ADDITIONAL PARAMETERS
              VL            L             M             H             VH
              ________      ________      ________      ________      ________
                0.500         0.500         0.500         0.500         0.500


           NEW/ADDITIONAL PARAMETERS
              XAXIS         SVL           SL            SM            SH
              ________      ________      ________      ________      ________
                0.000         0.500         0.500         0.500         0.500


           NEW/ADDITIONAL PARAMETERS
              SVH
              ________
                0.500



     PRIORS FOR ALL PARAMETERS            PRIOR MEAN      PRIOR VARIANCE     PRIOR STD. DEV.

     Parameter 1~N(0.000,infinity)           0.0000            infinity            infinity
     Parameter 2~IG(-1.000,0.000)          infinity            infinity            infinity
     Parameter 3~IG(-1.000,0.000)          infinity            infinity            infinity
     Parameter 4~IG(-1.000,0.000)          infinity            infinity            infinity
     Parameter 5~IG(-1.000,0.000)          infinity            infinity            infinity
     Parameter 6~N(0.000,infinity)           0.0000            infinity            infinity
     Parameter 7~N(0.000,infinity)           0.0000            infinity            infinity
     Parameter 8~N(0.000,infinity)           0.0000            infinity            infinity
     Parameter 9~N(0.000,infinity)           0.0000            infinity            infinity
     Parameter 10~N(0.000,infinity)          0.0000            infinity            infinity
     Parameter 11~N(0.000,infinity)          0.0000            infinity            infinity
     Parameter 12~N(0.000,infinity)          0.0000            infinity            infinity
     Parameter 13~N(0.000,infinity)          0.0000            infinity            infinity
     Parameter 14~N(0.000,infinity)          0.0000            infinity            infinity
     Parameter 15~N(0.000,infinity)          0.0000            infinity            infinity
     Parameter 16~N(0.000,infinity)          0.0000            infinity            infinity
     Parameter 17~N(0.000,infinity)          0.0000            infinity            infinity
     Parameter 18~N(0.000,infinity)          0.0000            infinity            infinity
     Parameter 19~N(0.000,infinity)          0.0000            infinity            infinity
     Parameter 20~IW(0.000,-5)             infinity            infinity            infinity
     Parameter 21~IW(0.000,-5)             infinity            infinity            infinity
     Parameter 22~IW(0.000,-5)             infinity            infinity            infinity
     Parameter 23~IW(0.000,-5)             infinity            infinity            infinity
     Parameter 24~IW(0.000,-5)             infinity            infinity            infinity
     Parameter 25~IW(0.000,-5)             infinity            infinity            infinity
     Parameter 26~IW(0.000,-5)             infinity            infinity            infinity
     Parameter 27~IW(0.000,-5)             infinity            infinity            infinity
     Parameter 28~IW(0.000,-5)             infinity            infinity            infinity
     Parameter 29~IW(0.000,-5)             infinity            infinity            infinity
     Parameter 30~IG(-1.000,0.000)         infinity            infinity            infinity
     Parameter 31~IG(-1.000,0.000)         infinity            infinity            infinity
     Parameter 32~IG(-1.000,0.000)         infinity            infinity            infinity


TECHNICAL 8 OUTPUT


   TECHNICAL 8 OUTPUT FOR BAYES ESTIMATION

     CHAIN    BSEED
     1        0
     2        285380

                     POTENTIAL       PARAMETER WITH
     ITERATION    SCALE REDUCTION      HIGHEST PSR
     100              1.093               18
     200              1.075               15
     300              1.044               6
     400              1.028               22
     500              1.065               13
     600              1.063               13
     700              1.057               25
     800              1.045               25
     900              1.017               20
     1000             1.027               20
     1100             1.012               20
     1200             1.016               25
     1300             1.012               25
     1400             1.013               25
     1500             1.009               25
     1600             1.013               25
     1700             1.007               25
     1800             1.010               25
     1900             1.013               25
     2000             1.018               25
     2100             1.017               25
     2200             1.015               25
     2300             1.010               25
     2400             1.008               25
     2500             1.008               25
     2600             1.007               25
     2700             1.009               8
     2800             1.009               8
     2900             1.006               8
     3000             1.005               25
     3100             1.007               25
     3200             1.004               13
     3300             1.002               25
     3400             1.003               25
     3500             1.005               22
     3600             1.006               22
     3700             1.005               22
     3800             1.007               22
     3900             1.006               22
     4000             1.006               22
     4100             1.003               22
     4200             1.003               22
     4300             1.002               8
     4400             1.002               25
     4500             1.004               25
     4600             1.005               25
     4700             1.004               25
     4800             1.003               25
     4900             1.002               8
     5000             1.003               23
     5100             1.003               25
     5200             1.002               8
     5300             1.002               23
     5400             1.002               23
     5500             1.002               23
     5600             1.001               23
     5700             1.001               8
     5800             1.001               8
     5900             1.002               8
     6000             1.002               8
     6100             1.001               8
     6200             1.002               8
     6300             1.003               8
     6400             1.003               8
     6500             1.003               8
     6600             1.005               8
     6700             1.004               8
     6800             1.004               8
     6900             1.004               8
     7000             1.004               8
     7100             1.003               8
     7200             1.003               8
     7300             1.003               14
     7400             1.005               14
     7500             1.006               14
     7600             1.007               14
     7700             1.006               14
     7800             1.005               14
     7900             1.006               14
     8000             1.004               14
     8100             1.005               14
     8200             1.004               14
     8300             1.004               14
     8400             1.003               24
     8500             1.004               24
     8600             1.004               24
     8700             1.004               24
     8800             1.005               24
     8900             1.006               24
     9000             1.008               25
     9100             1.008               25
     9200             1.009               25
     9300             1.008               25
     9400             1.008               25
     9500             1.009               25
     9600             1.008               25
     9700             1.007               25
     9800             1.006               25
     9900             1.005               25
     10000            1.005               14


PLOT INFORMATION

The following plots are available:

  Loop plots
  Bayesian posterior parameter distributions
  Bayesian posterior parameter trace plots
  Bayesian autocorrelation plots
  Bayesian prior parameter distributions

     Beginning Time:  11:25:52
        Ending Time:  11:54:40
       Elapsed Time:  00:28:48



MUTHEN & MUTHEN
3463 Stoner Ave.
Los Angeles, CA  90066

Tel: (310) 391-9971
Fax: (310) 391-8971
Web: www.StatModel.com
Support: Support@StatModel.com

Copyright (c) 1998-2020 Muthen & Muthen
