Mplus VERSION 8.5 (Mac)
MUTHEN & MUTHEN
03/19/2022   7:07 AM

INPUT INSTRUCTIONS

  TITLE: Analysis 4
  DATA: FILE = analysis4+5_suppl3_S1.dat;
  VARIABLE:
  NAMES = ID WB content stressed lonely
  FTF CMC mixed FR SO family weak_ties
  E A C N O gender ethnicity SES weekend;
  USEVARIABLES = WB
  CMC mixed SO family weak_ties
  weekend C;
  CLUSTER = ID;
  WITHIN = CMC mixed SO family weak_ties weekend;
  BETWEEN = C;
  MISSING = .;
  DEFINE:
  CENTER CMC (GROUPMEAN);
  CENTER mixed (GROUPMEAN);
  CENTER SO (GROUPMEAN);
  CENTER family (GROUPMEAN);
  CENTER weak_ties (GROUPMEAN);
  CENTER C (GRANDMEAN);
  ANALYSIS: TYPE = TWOLEVEL RANDOM; ESTIMATOR = BAYES;
  BITERATIONS = (10000); PROCESSORS = 2;
  MODEL:
  %WITHIN%
  ! Well-being is predicted by CMC, the slope is random
  S1 | WB ON CMC;
  ! Well-being is predicted by mixed episodes, the slope is random
  S2 | WB ON mixed;
  ! Well-being is predicted by significant others, the slope is random
  S3 | WB ON SO;
  ! Well-being is predicted by family, the slope is random
  S4 | WB ON family;
  ! Well-being is predicted by weak ties, the slope is random
  S5 | WB ON weak_ties;
  ! Control for weekend
  WB ON weekend;
  %BETWEEN%
  ! Covariance between intercept and slopes
  WB S1-S5 WITH WB S1-S5;
  ! The intercept is predicted by conscientiousness
  WB ON C;
  ! The slopes are predicted by conscientiousness
  S1-S5 ON C;
  OUTPUT: STDYX STDY TECH8;



*** WARNING in VARIABLE command
  Note that only the first 8 characters of variable names are used in the output.
  Shorten variable names to avoid any confusion.
*** WARNING
  One or more individual-level variables have no variation within a
  cluster for the following clusters.

     Variable   Cluster IDs with no within-cluster variation

      WB          128 644 571 652 831 160 501
      WEEKEND     719 183 476 946 992 567 1040 1082 1167 1379 811 16 571 938 998 4 1179 1242 1274
                  400 202 1008 389 607 1050 1123 1154 339 522 343 973 975 988 130 1017 395 794
                  799 1074 1094 589 843 423 967 235 213 665 391 674 335 850 922 934 1067 394 941
                  966 553 5 1053 1389 580 217 1213 1278 421 904 1013 24 943 950 458 1346 755 1222
                  179 103 598 706 44 1319 275 750 1368 7 921 433 501 868 341 803 917 1320 661
                  1204 627 876 1302 474 99

*** WARNING
  Data set contains cases with missing on x-variables.
  These cases were not included in the analysis.
  Number of cases with missing on x-variables:  2990
*** WARNING
  Data set contains cases with missing on all variables except
  x-variables.  These cases were not included in the analysis.
  Number of cases with missing on all variables except x-variables:  4
   4 WARNING(S) FOUND IN THE INPUT INSTRUCTIONS



Analysis 4

SUMMARY OF ANALYSIS

Number of groups                                                 1
Number of observations                                       18815

Number of dependent variables                                    1
Number of independent variables                                  7
Number of continuous latent variables                            5

Observed dependent variables

  Continuous
   WB

Observed independent variables
   CMC         MIXED       SO          FAMILY      WEAK_TIE    WEEKEND
   C

Continuous latent variables
   S1          S2          S3          S4          S5

Variables with special functions

  Cluster variable      ID

  Within variables
   CMC         MIXED       SO          FAMILY      WEAK_TIE    WEEKEND

  Between variables
   C

  Centering (GRANDMEAN)
   C

  Centering (GROUPMEAN)
   CMC         MIXED       SO          FAMILY      WEAK_TIE


Estimator                                                    BAYES
Specifications for Bayesian Estimation
  Point estimate                                            MEDIAN
  Number of Markov chain Monte Carlo (MCMC) chains               2
  Random seed for the first chain                                0
  Starting value information                           UNPERTURBED
  Algorithm used for Markov chain Monte Carlo           GIBBS(PX1)
  Convergence criterion                                  0.500D-01
  Maximum number of iterations                               50000
  K-th iteration used for thinning                               1

Input data file(s)
  analysis4+5_suppl3_S1.dat
Input data format  FREE


SUMMARY OF DATA

     Number of clusters                       1130

       Size (s)    Cluster ID with Size s

          1        84 90 181 237 331 332 385 595 717 1010 1348 1388 1391
          2        719 183 877 476 946 992 567 201 1040 1082 128 1167 644
                   246 1379 685
          3        524 525 811 16 571 913 938 998 1004 1006 4 637 87 1055
                   652 380 1179 1242 1259 1274 400 202 1384
          4        323 1008 389 1023 14 607 1050 1059 805 407 1123 1154
                   827 851 424 278 468 339 522 343 973 975
          5        988 130 115 281 291 300 549 1017 301 774 395 794 799
                   1074 39 1093 1094 589 831 843 860 309 1215 1219 1224
                   1247 1248 413 423 1294 168 456 1371 967 235
          6        629 213 951 791 665 391 1199 674 819 335 709 1280 850
                   9 727 495 1373 17 139 922 934
          7        1067 329 1081 394 767 941 1106 605 485 1128 1131 1144
                   79 1158 1160 1162 1171 966 636 98 798 106 66 1245 153
                   553 554 564 1325 68 5 1051 1053 588 910 1389 1063
          8        933 1096 732 64 578 580 49 1142 426 444 345 359 464
                   88 979 365 619 1203 217 1213 801 373 1237 89 816 57
                   527 1278 654 325 328 118 119 258 91 884 1376 555 412
                   92 1092 421
          9        904 1159 1013 682 1163 24 1022 690 83 1175 265 1197
                   222 628 499 943 632 731 950 509 1071 1080 830 438 838
                   747 455 19 458 1339 1346 1117 769 136 30 1140 417 1007
                   778 550
         10        824 1069 635 443 210 1208 749 755 844 640 1222 260 176
                   457 591 1252 272 1261 1273 179 890 786 1133 50 610 713
                   1338 160 1033 60 804 614 559 560 1168 1058 103 175
         11        663 541 598 1038 218 676 547 55 1201 706 388 944 44
                   37 1070 484 436 1079 491 492 207 1257 733 441 1264 1269
                   968 1285 1111 748 987 1319 275 1120 990 750 753 847
                   161 1359 28 1368 761 288 375 770 660 773 1166
         12        743 212 7 261 469 1172 104 566 1194 646 420 889 489
                   1207 574 907 367 1057 918 921 317 425 935 504 374 1255
                   675 779 433 947 1087 948 518 694 1292 702 1108 1306
                   1308 704 599 810 73 1331 111 274 203 977 162 209 542
                   287 834 1382 399 38 290 845 742
         13        1015 1235 760 110 193 23 296 642 1258 501 299 419 718
                   1048 171 241 1279 514 655 1287 1161 606 146 868 341
                   1317 874 1322 792 255 1328 796 523 1337 568 1191 744
                   906 1198 803 613 1086 186 1206 1005 917 357 187 931
                   204
         14        787 789 577 346 347 353 1114 911 650 18 1119 142 1021
                   208 1262 1130 923 929 414 1276 530 1143 242 418 937
                   1156 12 1291 543 672 1049 480 825 1052 826 1320 169
                   372 678 36 259 1334 194 691 116 848 701 178 854 297
                   1374 134 510 6 1216 452 318
         15        602 661 15 101 11 1061 1062 47 896 350 446 450 404 1282
                   995 51 620 687 1182 622 1297 1303 1304 1192 626 188
                   965 699 410 1097 1204 189 107 936 62 214 151 532 782
                   334 1228 196 1239 856 858 219 600 1253 86 133
         16        882 503 1265 150 970 215 894 54 677 402 58 1289 105
                   184 627 1184 1001 32 228 383 470 927 144 837 1014 387
                   639 8 592 305 714 63 1032 1034 1121 1354 1357 488 392
                   173 857 244 548 1136 659 397 76 1152 876
         17        368 563 69 81 914 198 307 165 1302 174 1125 800 67 360
                   1314 406 867 581 427 1148 1238 716 1240 1078 467 945
                   1249 319 508 1018 408 1363 1365 634 251 474 952 895
                   957 833 1380 1099 95 902 1186 1397
         18        919 306 141 616 1301 429 1132 859 584 806 1066 432 507
                   230 129 871 939 120 818 440 822 1335 239 369 886 887
                   1352 121 393 683 448 41 53 901 396 842 1041 741 302
                   1381 529 1195 695 243 376 26 1395 536 758
         19        1155 351 437 807 59 643 1313 963 916 298 1318 232 728
                   336 1170 401 1250 649 976 182 928 166 621 1342 1185
                   828 1356 147 1271 878 1362 1000 623 1 143 745 1372 122
                   839 216 1286 664 513 898 1147 711 1212 544 348 277
         20        692 693 1327 1150 505 152 729 453 1098 398 1340 853
                   327 903 700 1353 667 1355 1002 125 312 1360 1231 316
                   1236 233 99 422 520 100 1246 788 71 321 657 754 795
                   1028 797 971 308
         21        1165 1118 997 1073 681 159 752 294 137 1349 531 1180
                   1085 1293 534 1243 1009 1090 1141 124 712 1369 793 74
                   985 31 112 135 1157 1026 1385 1064 1270 1027 1392 22
                   154 861
         22        582 1138 481 434 1145 1146 776 984 841 192 1153 1307
                   220 221 97 454 737 689 762 1039 763 1324 473 253 533
                   1386 1045 666 205 1089 1177
         23        1336 724 1176 1088 430 416 565 757 254 245 891 498 500
                   735 899 378 829 1065 1310 1311 479 863 1068 439 832
                   908 310 608 993 3 551 342 1126 1218 384 720 155 1396
         24        170 537 865 190 1214 292 428 1164 180 226 1351 82 875
                   363 519 1233 656 1124 881 25 1077 366 978 157 766 20
                   123 284 1190 703 177 472 668 996 1046 1260 855 78 445
                   270 781 352 570
         25        475 1367 1042 247 364 1217 764 671 974 478 386 511 315
                   289 1173 61 893 1323 164 1105 197 206 42
         26        1031 558 679 994 1054 1332 93 1095 1244 1187 65 285
                   1377 379 449 962 1251 552 688 593 915 1256 1110 234
                   1234 29 1296
         27        562 1075 820 1350 1107 1227 964 1267 40 145 340 954
                   808 1129 777 880 1300 1341 1345
         28        496 1229 1210 980 462 814 930 641 624 471 1109 431 1223
                   482 723
         29        185 573 526 585 262 1189 435 1390 108 1344 633
         30        556 586 648 557 77 651 705 338 250 1100
         31        463 1072 1102 809 697 1284 267 1196 1230 897 852 1012
                   736 486 276 236 1333
         32        879 561 1343 618 840 1283 1268 883 344 248 494 266 131
                   358 1309
         33        1016 1134 313 465 403 1232 377 594 1003 2 1295 912
         34        231 631 70 459 1383
         35        1101 256 94 52 249 617 662 738 1139
         36        1225 1137 411 113
         37        1029 596 1025 925 354 955
         38        1200 991 756 579
         39        538 1364 10
         40        1298
         41        1393
         42        263 836
         43        869 982 1076 1375
         44        1020 13
         47        138
         51        303
         53        293



COVARIANCE COVERAGE OF DATA

Minimum covariance coverage value   0.100

     Number of missing data patterns             1


     PROPORTION OF DATA PRESENT


           Covariance Coverage
              WB            CMC           MIXED         SO            FAMILY
              ________      ________      ________      ________      ________
 WB             1.000
 CMC            1.000         1.000
 MIXED          1.000         1.000         1.000
 SO             1.000         1.000         1.000         1.000
 FAMILY         1.000         1.000         1.000         1.000         1.000
 WEAK_TIE       1.000         1.000         1.000         1.000         1.000
 WEEKEND        1.000         1.000         1.000         1.000         1.000
 C              1.000         1.000         1.000         1.000         1.000


           Covariance Coverage
              WEAK_TIE      WEEKEND       C
              ________      ________      ________
 WEAK_TIE       1.000
 WEEKEND        1.000         1.000
 C              1.000         1.000         1.000



UNIVARIATE SAMPLE STATISTICS


     UNIVARIATE HIGHER-ORDER MOMENT DESCRIPTIVE STATISTICS

         Variable/         Mean/     Skewness/   Minimum/ % with                Percentiles
        Sample Size      Variance    Kurtosis    Maximum  Min/Max      20%/60%    40%/80%    Median

     WB                    3.032      -0.505       1.000    0.75%       2.333      3.000      3.000
           18815.000       0.435      -0.164       4.000   11.60%       3.333      3.667
     CMC                   0.000       0.530      -0.968    0.01%      -0.350     -0.200     -0.118
           18815.000       0.175      -0.813       0.970    0.01%      -0.042      0.480
     MIXED                 0.000       1.445      -0.846    0.01%      -0.200     -0.083     -0.051
           18815.000       0.101       1.773       0.979    0.01%       0.000      0.000
     SO                    0.000       0.896      -0.900    0.01%       0.000      0.000      0.000
           18815.000       0.051       4.934       0.970    0.01%       0.000      0.000
     FAMILY                0.000       1.812      -0.833    0.02%      -0.133     -0.057     -0.038
           18815.000       0.077       3.846       0.977    0.01%       0.000      0.000
     WEAK_TIES             0.000       1.203      -0.938    0.01%      -0.235     -0.137     -0.097
           18815.000       0.131       0.560       0.981    0.01%      -0.059      0.000
     WEEKEND               0.267       1.053       0.000   73.29%       0.000      0.000      0.000
           18815.000       0.196      -0.892       1.000   26.71%       0.000      1.000
     C                     0.000      -0.003      -2.014    0.09%      -0.569     -0.236     -0.014
            1130.000       0.398      -0.389       1.542    0.44%       0.209      0.542


THE MODEL ESTIMATION TERMINATED NORMALLY

     USE THE FBITERATIONS OPTION TO INCREASE THE NUMBER OF ITERATIONS BY A FACTOR
     OF AT LEAST TWO TO CHECK CONVERGENCE AND THAT THE PSR VALUE DOES NOT INCREASE.



MODEL FIT INFORMATION

Number of Free Parameters                              35

Information Criteria

          Deviance (DIC)                        27515.623
          Estimated Number of Parameters (pD)    1903.380



MODEL RESULTS

                                Posterior  One-Tailed         95% C.I.
                    Estimate       S.D.      P-Value   Lower 2.5%  Upper 2.5%  Significance

Within Level

 WB         ON
    WEEKEND            0.058       0.009      0.000       0.041       0.075      *

 Residual Variances
    WB                 0.228       0.003      0.000       0.223       0.234      *

Between Level

 S1         ON
    C                  0.034       0.019      0.033      -0.002       0.072

 S2         ON
    C                  0.028       0.021      0.097      -0.014       0.068

 S3         ON
    C                 -0.008       0.036      0.412      -0.077       0.063

 S4         ON
    C                  0.036       0.028      0.099      -0.019       0.093

 S5         ON
    C                  0.030       0.020      0.057      -0.008       0.071

 WB         ON
    C                  0.131       0.022      0.000       0.090       0.175      *

 WB       WITH
    S1                 0.019       0.006      0.001       0.008       0.031      *
    S2                 0.001       0.007      0.414      -0.012       0.015
    S3                -0.019       0.011      0.037      -0.040       0.002
    S4                -0.011       0.008      0.095      -0.026       0.005
    S5                -0.006       0.006      0.147      -0.018       0.005

 S1       WITH
    S2                 0.022       0.006      0.000       0.012       0.034      *
    S3                 0.000       0.008      0.494      -0.015       0.016
    S4                -0.008       0.006      0.096      -0.021       0.004
    S5                 0.022       0.005      0.000       0.013       0.033      *

 S2       WITH
    S3                 0.002       0.008      0.404      -0.014       0.020
    S4                -0.004       0.007      0.248      -0.018       0.008
    S5                 0.018       0.005      0.000       0.009       0.028      *

 S3       WITH
    S4                 0.010       0.012      0.185      -0.012       0.035
    S5                 0.013       0.009      0.072      -0.004       0.030

 S4       WITH
    S5                 0.001       0.007      0.469      -0.013       0.015

 Intercepts
    WB                 2.999       0.014      0.000       2.972       3.026      *
    S1                -0.243       0.012      0.000      -0.267      -0.220      *
    S2                -0.007       0.013      0.282      -0.034       0.018
    S3                 0.098       0.022      0.000       0.055       0.141      *
    S4                 0.024       0.018      0.096      -0.012       0.059
    S5                -0.189       0.013      0.000      -0.214      -0.164      *

 Residual Variances
    WB                 0.186       0.009      0.000       0.170       0.204      *
    S1                 0.048       0.007      0.000       0.036       0.063      *
    S2                 0.022       0.006      0.000       0.013       0.034      *
    S3                 0.058       0.013      0.000       0.035       0.085      *
    S4                 0.057       0.011      0.000       0.037       0.081      *
    S5                 0.035       0.007      0.000       0.024       0.050      *


STANDARDIZED MODEL RESULTS


STDYX Standardization

                                Posterior  One-Tailed         95% C.I.
                    Estimate       S.D.      P-Value   Lower 2.5%  Upper 2.5%  Significance

Within-Level Standardized Estimates Averaged Over Clusters

 S1 | WB ON
    CMC               -0.179       0.007      0.000      -0.193      -0.165      *

 S2 | WB ON
    MIXED              0.000       0.006      0.500      -0.011       0.011

 S3 | WB ON
    SO                 0.023       0.004      0.000       0.014       0.031      *

 S4 | WB ON
    FAMILY             0.010       0.006      0.045      -0.001       0.021

 S5 | WB ON
    WEAK_TIES         -0.116       0.007      0.000      -0.129      -0.103      *

 WB         ON
    WEEKEND            0.044       0.006      0.000       0.030       0.056      *

 Residual Variances
    WB                 0.890       0.005      0.000       0.880       0.900      *

Between Level

 S1         ON
    C                  0.069       0.039      0.033      -0.004       0.145

 S2         ON
    C                  0.083       0.063      0.097      -0.042       0.204

 S3         ON
    C                 -0.015       0.066      0.412      -0.149       0.111

 S4         ON
    C                  0.067       0.052      0.099      -0.036       0.171

 S5         ON
    C                  0.071       0.048      0.057      -0.017       0.169

 WB         ON
    C                  0.133       0.022      0.000       0.091       0.176      *

 WB       WITH
    S1                 0.204       0.061      0.001       0.081       0.322      *
    S2                 0.022       0.106      0.414      -0.188       0.224
    S3                -0.186       0.099      0.037      -0.378       0.018
    S4                -0.102       0.078      0.095      -0.255       0.048
    S5                -0.078       0.074      0.147      -0.224       0.067

 S1       WITH
    S2                 0.687       0.112      0.000       0.447       0.861      *
    S3                -0.002       0.146      0.494      -0.274       0.306
    S4                -0.162       0.120      0.096      -0.392       0.077
    S5                 0.553       0.105      0.000       0.336       0.747      *

 S2       WITH
    S3                 0.058       0.233      0.404      -0.378       0.568
    S4                -0.125       0.190      0.248      -0.529       0.214
    S5                 0.663       0.133      0.000       0.365       0.866      *

 S3       WITH
    S4                 0.179       0.199      0.185      -0.224       0.564
    S5                 0.297       0.179      0.072      -0.099       0.580

 S4       WITH
    S5                 0.011       0.158      0.469      -0.315       0.289

 Intercepts
    WB                 6.889       0.164      0.000       6.569       7.219      *
    S1                -1.107       0.096      0.000      -1.310      -0.931      *
    S2                -0.049       0.089      0.282      -0.223       0.129
    S3                 0.410       0.103      0.000       0.218       0.631      *
    S4                 0.100       0.079      0.096      -0.050       0.264
    S5                -1.004       0.113      0.000      -1.252      -0.803      *

 Residual Variances
    WB                 0.982       0.006      0.000       0.969       0.992      *
    S1                 0.995       0.006      0.000       0.979       1.000      *
    S2                 0.993       0.012      0.000       0.958       1.000      *
    S3                 0.998       0.007      0.000       0.976       1.000      *
    S4                 0.995       0.008      0.000       0.971       1.000      *
    S5                 0.995       0.008      0.000       0.971       1.000      *


STDY Standardization

                                Posterior  One-Tailed         95% C.I.
                    Estimate       S.D.      P-Value   Lower 2.5%  Upper 2.5%  Significance

Within-Level Standardized Estimates Averaged Over Clusters

 S1 | WB ON
    CMC               -0.466       0.019      0.000      -0.504      -0.428      *

 S2 | WB ON
    MIXED             -0.003       0.023      0.446      -0.048       0.045

 S3 | WB ON
    SO                 0.191       0.040      0.000       0.108       0.263      *

 S4 | WB ON
    FAMILY             0.045       0.033      0.099      -0.021       0.109

 S5 | WB ON
    WEAK_TIES         -0.367       0.021      0.000      -0.411      -0.326      *

 WB         ON
    WEEKEND            0.113       0.017      0.000       0.079       0.145      *

 Residual Variances
    WB                 0.890       0.005      0.000       0.880       0.900      *

Between Level

 S1         ON
    C                  0.156       0.087      0.033      -0.009       0.330

 S2         ON
    C                  0.188       0.142      0.097      -0.095       0.462

 S3         ON
    C                 -0.033       0.149      0.412      -0.339       0.253

 S4         ON
    C                  0.151       0.119      0.099      -0.082       0.388

 S5         ON
    C                  0.160       0.108      0.057      -0.040       0.383

 WB         ON
    C                  0.302       0.049      0.000       0.206       0.398      *

 WB       WITH
    S1                 0.204       0.061      0.001       0.081       0.322      *
    S2                 0.022       0.106      0.414      -0.188       0.224
    S3                -0.186       0.099      0.037      -0.378       0.018
    S4                -0.102       0.078      0.095      -0.255       0.048
    S5                -0.078       0.074      0.147      -0.224       0.067

 S1       WITH
    S2                 0.687       0.112      0.000       0.447       0.861      *
    S3                -0.002       0.146      0.494      -0.274       0.306
    S4                -0.162       0.120      0.096      -0.392       0.077
    S5                 0.553       0.105      0.000       0.336       0.747      *

 S2       WITH
    S3                 0.058       0.233      0.404      -0.378       0.568
    S4                -0.125       0.190      0.248      -0.529       0.214
    S5                 0.663       0.133      0.000       0.365       0.866      *

 S3       WITH
    S4                 0.179       0.199      0.185      -0.224       0.564
    S5                 0.297       0.179      0.072      -0.099       0.580

 S4       WITH
    S5                 0.011       0.158      0.469      -0.315       0.289

 Intercepts
    WB                 6.889       0.164      0.000       6.569       7.219      *
    S1                -1.107       0.096      0.000      -1.310      -0.931      *
    S2                -0.049       0.089      0.282      -0.223       0.129
    S3                 0.410       0.103      0.000       0.218       0.631      *
    S4                 0.100       0.079      0.096      -0.050       0.264
    S5                -1.004       0.113      0.000      -1.252      -0.803      *

 Residual Variances
    WB                 0.982       0.006      0.000       0.969       0.992      *
    S1                 0.995       0.006      0.000       0.979       1.000      *
    S2                 0.993       0.012      0.000       0.958       1.000      *
    S3                 0.998       0.007      0.000       0.976       1.000      *
    S4                 0.995       0.008      0.000       0.971       1.000      *
    S5                 0.995       0.008      0.000       0.971       1.000      *


R-SQUARE

Within-Level R-Square Averaged Across Clusters

                                Posterior  One-Tailed         95% C.I.
    Variable        Estimate       S.D.      P-Value   Lower 2.5%  Upper 2.5%

    WB                 0.110       0.005      0.000       0.100       0.120

Between Level

                                Posterior  One-Tailed         95% C.I.
    Variable        Estimate       S.D.      P-Value   Lower 2.5%  Upper 2.5%

    WB                 0.018       0.006      0.000       0.008       0.031

                                Posterior  One-Tailed         95% C.I.
    Variable        Estimate       S.D.      P-Value   Lower 2.5%  Upper 2.5%

    S1                 0.005       0.006      0.000       0.000       0.021
    S2                 0.007       0.012      0.000       0.000       0.041
    S3                 0.002       0.007      0.000       0.000       0.024
    S4                 0.005       0.008      0.000       0.000       0.029
    S5                 0.005       0.008      0.000       0.000       0.029


TECHNICAL 1 OUTPUT


     PARAMETER SPECIFICATION FOR WITHIN


           NU
              WB            CMC           MIXED         SO            FAMILY
              ________      ________      ________      ________      ________
                    0             0             0             0             0


           NU
              WEAK_TIE      WEEKEND
              ________      ________
                    0             0


           LAMBDA
              WB            CMC           MIXED         SO            FAMILY
              ________      ________      ________      ________      ________
 WB                 0             0             0             0             0
 CMC                0             0             0             0             0
 MIXED              0             0             0             0             0
 SO                 0             0             0             0             0
 FAMILY             0             0             0             0             0
 WEAK_TIE           0             0             0             0             0
 WEEKEND            0             0             0             0             0


           LAMBDA
              WEAK_TIE      WEEKEND
              ________      ________
 WB                 0             0
 CMC                0             0
 MIXED              0             0
 SO                 0             0
 FAMILY             0             0
 WEAK_TIE           0             0
 WEEKEND            0             0


           THETA
              WB            CMC           MIXED         SO            FAMILY
              ________      ________      ________      ________      ________
 WB                 0
 CMC                0             0
 MIXED              0             0             0
 SO                 0             0             0             0
 FAMILY             0             0             0             0             0
 WEAK_TIE           0             0             0             0             0
 WEEKEND            0             0             0             0             0


           THETA
              WEAK_TIE      WEEKEND
              ________      ________
 WEAK_TIE           0
 WEEKEND            0             0


           ALPHA
              WB            CMC           MIXED         SO            FAMILY
              ________      ________      ________      ________      ________
                    0             0             0             0             0


           ALPHA
              WEAK_TIE      WEEKEND
              ________      ________
                    0             0


           BETA
              WB            CMC           MIXED         SO            FAMILY
              ________      ________      ________      ________      ________
 WB                 0             0             0             0             0
 CMC                0             0             0             0             0
 MIXED              0             0             0             0             0
 SO                 0             0             0             0             0
 FAMILY             0             0             0             0             0
 WEAK_TIE           0             0             0             0             0
 WEEKEND            0             0             0             0             0


           BETA
              WEAK_TIE      WEEKEND
              ________      ________
 WB                 0             1
 CMC                0             0
 MIXED              0             0
 SO                 0             0
 FAMILY             0             0
 WEAK_TIE           0             0
 WEEKEND            0             0


           PSI
              WB            CMC           MIXED         SO            FAMILY
              ________      ________      ________      ________      ________
 WB                 2
 CMC                0             0
 MIXED              0             0             0
 SO                 0             0             0             0
 FAMILY             0             0             0             0             0
 WEAK_TIE           0             0             0             0             0
 WEEKEND            0             0             0             0             0


           PSI
              WEAK_TIE      WEEKEND
              ________      ________
 WEAK_TIE           0
 WEEKEND            0             0


     PARAMETER SPECIFICATION FOR BETWEEN


           NU
              WB            C
              ________      ________
                    0             0


           LAMBDA
              S1            S2            S3            S4            S5
              ________      ________      ________      ________      ________
 WB                 0             0             0             0             0
 C                  0             0             0             0             0


           LAMBDA
              WB            C
              ________      ________
 WB                 0             0
 C                  0             0


           THETA
              WB            C
              ________      ________
 WB                 0
 C                  0             0


           ALPHA
              S1            S2            S3            S4            S5
              ________      ________      ________      ________      ________
                    3             4             5             6             7


           ALPHA
              WB            C
              ________      ________
                    8             0


           BETA
              S1            S2            S3            S4            S5
              ________      ________      ________      ________      ________
 S1                 0             0             0             0             0
 S2                 0             0             0             0             0
 S3                 0             0             0             0             0
 S4                 0             0             0             0             0
 S5                 0             0             0             0             0
 WB                 0             0             0             0             0
 C                  0             0             0             0             0


           BETA
              WB            C
              ________      ________
 S1                 0             9
 S2                 0            10
 S3                 0            11
 S4                 0            12
 S5                 0            13
 WB                 0            14
 C                  0             0


           PSI
              S1            S2            S3            S4            S5
              ________      ________      ________      ________      ________
 S1                15
 S2                16            17
 S3                18            19            20
 S4                21            22            23            24
 S5                25            26            27            28            29
 WB                30            31            32            33            34
 C                  0             0             0             0             0


           PSI
              WB            C
              ________      ________
 WB                35
 C                  0             0


     STARTING VALUES FOR WITHIN


           NU
              WB            CMC           MIXED         SO            FAMILY
              ________      ________      ________      ________      ________
                0.000         0.000         0.000         0.000         0.000


           NU
              WEAK_TIE      WEEKEND
              ________      ________
                0.000         0.000


           LAMBDA
              WB            CMC           MIXED         SO            FAMILY
              ________      ________      ________      ________      ________
 WB             1.000         0.000         0.000         0.000         0.000
 CMC            0.000         1.000         0.000         0.000         0.000
 MIXED          0.000         0.000         1.000         0.000         0.000
 SO             0.000         0.000         0.000         1.000         0.000
 FAMILY         0.000         0.000         0.000         0.000         1.000
 WEAK_TIE       0.000         0.000         0.000         0.000         0.000
 WEEKEND        0.000         0.000         0.000         0.000         0.000


           LAMBDA
              WEAK_TIE      WEEKEND
              ________      ________
 WB             0.000         0.000
 CMC            0.000         0.000
 MIXED          0.000         0.000
 SO             0.000         0.000
 FAMILY         0.000         0.000
 WEAK_TIE       1.000         0.000
 WEEKEND        0.000         1.000


           THETA
              WB            CMC           MIXED         SO            FAMILY
              ________      ________      ________      ________      ________
 WB             0.000
 CMC            0.000         0.000
 MIXED          0.000         0.000         0.000
 SO             0.000         0.000         0.000         0.000
 FAMILY         0.000         0.000         0.000         0.000         0.000
 WEAK_TIE       0.000         0.000         0.000         0.000         0.000
 WEEKEND        0.000         0.000         0.000         0.000         0.000


           THETA
              WEAK_TIE      WEEKEND
              ________      ________
 WEAK_TIE       0.000
 WEEKEND        0.000         0.000


           ALPHA
              WB            CMC           MIXED         SO            FAMILY
              ________      ________      ________      ________      ________
                0.000         0.000         0.000         0.000         0.000


           ALPHA
              WEAK_TIE      WEEKEND
              ________      ________
                0.000         0.000


           BETA
              WB            CMC           MIXED         SO            FAMILY
              ________      ________      ________      ________      ________
 WB             0.000         0.000         0.000         0.000         0.000
 CMC            0.000         0.000         0.000         0.000         0.000
 MIXED          0.000         0.000         0.000         0.000         0.000
 SO             0.000         0.000         0.000         0.000         0.000
 FAMILY         0.000         0.000         0.000         0.000         0.000
 WEAK_TIE       0.000         0.000         0.000         0.000         0.000
 WEEKEND        0.000         0.000         0.000         0.000         0.000


           BETA
              WEAK_TIE      WEEKEND
              ________      ________
 WB             0.000         0.000
 CMC            0.000         0.000
 MIXED          0.000         0.000
 SO             0.000         0.000
 FAMILY         0.000         0.000
 WEAK_TIE       0.000         0.000
 WEEKEND        0.000         0.000


           PSI
              WB            CMC           MIXED         SO            FAMILY
              ________      ________      ________      ________      ________
 WB             0.218
 CMC            0.000         0.088
 MIXED          0.000         0.000         0.050
 SO             0.000         0.000         0.000         0.026
 FAMILY         0.000         0.000         0.000         0.000         0.038
 WEAK_TIE       0.000         0.000         0.000         0.000         0.000
 WEEKEND        0.000         0.000         0.000         0.000         0.000


           PSI
              WEAK_TIE      WEEKEND
              ________      ________
 WEAK_TIE       0.065
 WEEKEND        0.000         0.098


     STARTING VALUES FOR BETWEEN


           NU
              WB            C
              ________      ________
                0.000         0.000


           LAMBDA
              S1            S2            S3            S4            S5
              ________      ________      ________      ________      ________
 WB             0.000         0.000         0.000         0.000         0.000
 C              0.000         0.000         0.000         0.000         0.000


           LAMBDA
              WB            C
              ________      ________
 WB             1.000         0.000
 C              0.000         1.000


           THETA
              WB            C
              ________      ________
 WB             0.000
 C              0.000         0.000


           ALPHA
              S1            S2            S3            S4            S5
              ________      ________      ________      ________      ________
                0.000         0.000         0.000         0.000         0.000


           ALPHA
              WB            C
              ________      ________
                3.032         0.000


           BETA
              S1            S2            S3            S4            S5
              ________      ________      ________      ________      ________
 S1             0.000         0.000         0.000         0.000         0.000
 S2             0.000         0.000         0.000         0.000         0.000
 S3             0.000         0.000         0.000         0.000         0.000
 S4             0.000         0.000         0.000         0.000         0.000
 S5             0.000         0.000         0.000         0.000         0.000
 WB             0.000         0.000         0.000         0.000         0.000
 C              0.000         0.000         0.000         0.000         0.000


           BETA
              WB            C
              ________      ________
 S1             0.000         0.000
 S2             0.000         0.000
 S3             0.000         0.000
 S4             0.000         0.000
 S5             0.000         0.000
 WB             0.000         0.000
 C              0.000         0.000


           PSI
              S1            S2            S3            S4            S5
              ________      ________      ________      ________      ________
 S1             1.000
 S2             0.000         1.000
 S3             0.000         0.000         1.000
 S4             0.000         0.000         0.000         1.000
 S5             0.000         0.000         0.000         0.000         1.000
 WB             0.000         0.000         0.000         0.000         0.000
 C              0.000         0.000         0.000         0.000         0.000


           PSI
              WB            C
              ________      ________
 WB             0.218
 C              0.000         0.194



     PRIORS FOR ALL PARAMETERS            PRIOR MEAN      PRIOR VARIANCE     PRIOR STD. DEV.

     Parameter 1~N(0.000,infinity)           0.0000            infinity            infinity
     Parameter 2~IG(-1.000,0.000)          infinity            infinity            infinity
     Parameter 3~N(0.000,infinity)           0.0000            infinity            infinity
     Parameter 4~N(0.000,infinity)           0.0000            infinity            infinity
     Parameter 5~N(0.000,infinity)           0.0000            infinity            infinity
     Parameter 6~N(0.000,infinity)           0.0000            infinity            infinity
     Parameter 7~N(0.000,infinity)           0.0000            infinity            infinity
     Parameter 8~N(0.000,infinity)           0.0000            infinity            infinity
     Parameter 9~N(0.000,infinity)           0.0000            infinity            infinity
     Parameter 10~N(0.000,infinity)          0.0000            infinity            infinity
     Parameter 11~N(0.000,infinity)          0.0000            infinity            infinity
     Parameter 12~N(0.000,infinity)          0.0000            infinity            infinity
     Parameter 13~N(0.000,infinity)          0.0000            infinity            infinity
     Parameter 14~N(0.000,infinity)          0.0000            infinity            infinity
     Parameter 15~IW(0.000,-7)             infinity            infinity            infinity
     Parameter 16~IW(0.000,-7)             infinity            infinity            infinity
     Parameter 17~IW(0.000,-7)             infinity            infinity            infinity
     Parameter 18~IW(0.000,-7)             infinity            infinity            infinity
     Parameter 19~IW(0.000,-7)             infinity            infinity            infinity
     Parameter 20~IW(0.000,-7)             infinity            infinity            infinity
     Parameter 21~IW(0.000,-7)             infinity            infinity            infinity
     Parameter 22~IW(0.000,-7)             infinity            infinity            infinity
     Parameter 23~IW(0.000,-7)             infinity            infinity            infinity
     Parameter 24~IW(0.000,-7)             infinity            infinity            infinity
     Parameter 25~IW(0.000,-7)             infinity            infinity            infinity
     Parameter 26~IW(0.000,-7)             infinity            infinity            infinity
     Parameter 27~IW(0.000,-7)             infinity            infinity            infinity
     Parameter 28~IW(0.000,-7)             infinity            infinity            infinity
     Parameter 29~IW(0.000,-7)             infinity            infinity            infinity
     Parameter 30~IW(0.000,-7)             infinity            infinity            infinity
     Parameter 31~IW(0.000,-7)             infinity            infinity            infinity
     Parameter 32~IW(0.000,-7)             infinity            infinity            infinity
     Parameter 33~IW(0.000,-7)             infinity            infinity            infinity
     Parameter 34~IW(0.000,-7)             infinity            infinity            infinity
     Parameter 35~IW(0.000,-7)             infinity            infinity            infinity


TECHNICAL 8 OUTPUT


   TECHNICAL 8 OUTPUT FOR BAYES ESTIMATION

     CHAIN    BSEED
     1        0
     2        285380

                     POTENTIAL       PARAMETER WITH
     ITERATION    SCALE REDUCTION      HIGHEST PSR
     100              1.741               27
     200              1.267               23
     300              1.459               23
     400              1.267               32
     500              1.301               23
     600              1.723               23
     700              1.836               23
     800              1.840               23
     900              1.826               23
     1000             1.656               23
     1100             1.324               23
     1200             1.219               10
     1300             1.099               10
     1400             1.074               27
     1500             1.112               27
     1600             1.164               27
     1700             1.169               27
     1800             1.179               27
     1900             1.183               27
     2000             1.214               27
     2100             1.230               27
     2200             1.197               27
     2300             1.182               11
     2400             1.208               10
     2500             1.161               10
     2600             1.117               11
     2700             1.106               11
     2800             1.125               11
     2900             1.116               11
     3000             1.087               11
     3100             1.074               22
     3200             1.072               22
     3300             1.055               22
     3400             1.050               28
     3500             1.061               28
     3600             1.062               29
     3700             1.065               29
     3800             1.079               29
     3900             1.084               29
     4000             1.083               29
     4100             1.081               29
     4200             1.077               4
     4300             1.110               4
     4400             1.126               4
     4500             1.131               4
     4600             1.149               4
     4700             1.158               4
     4800             1.166               4
     4900             1.182               4
     5000             1.180               4
     5100             1.169               4
     5200             1.152               4
     5300             1.118               4
     5400             1.117               4
     5500             1.096               4
     5600             1.090               29
     5700             1.091               19
     5800             1.093               19
     5900             1.095               19
     6000             1.097               19
     6100             1.094               19
     6200             1.095               19
     6300             1.112               19
     6400             1.134               19
     6500             1.145               19
     6600             1.148               19
     6700             1.146               19
     6800             1.141               19
     6900             1.143               19
     7000             1.147               19
     7100             1.145               19
     7200             1.151               19
     7300             1.139               19
     7400             1.118               19
     7500             1.104               19
     7600             1.097               19
     7700             1.094               19
     7800             1.090               19
     7900             1.084               19
     8000             1.082               19
     8100             1.079               19
     8200             1.069               19
     8300             1.061               19
     8400             1.059               19
     8500             1.054               19
     8600             1.053               19
     8700             1.050               19
     8800             1.042               19
     8900             1.039               19
     9000             1.039               19
     9100             1.042               19
     9200             1.045               19
     9300             1.046               19
     9400             1.047               19
     9500             1.048               19
     9600             1.046               19
     9700             1.037               19
     9800             1.032               19
     9900             1.031               19
     10000            1.034               23


     Beginning Time:  07:07:22
        Ending Time:  07:15:24
       Elapsed Time:  00:08:02



MUTHEN & MUTHEN
3463 Stoner Ave.
Los Angeles, CA  90066

Tel: (310) 391-9971
Fax: (310) 391-8971
Web: www.StatModel.com
Support: Support@StatModel.com

Copyright (c) 1998-2020 Muthen & Muthen
