Mplus VERSION 8.5 (Mac)
MUTHEN & MUTHEN
03/19/2022   8:10 AM

INPUT INSTRUCTIONS

  TITLE: Analysis 4
  DATA: FILE = analysis4+5_suppl3_S3.dat;
  VARIABLE:
  NAMES = ID AB angry worried happy sad WB stressed lonely
  FTF CMC mixed FR SO family weak_ties
  E A C N O gender ethnicity SES weekend;
  USEVARIABLES = AB
  CMC mixed SO family weak_ties
  weekend A;
  CLUSTER = ID;
  WITHIN = CMC mixed SO family weak_ties weekend;
  BETWEEN = A;
  MISSING = .;
  DEFINE:
  CENTER CMC (GROUPMEAN);
  CENTER mixed (GROUPMEAN);
  CENTER SO (GROUPMEAN);
  CENTER family (GROUPMEAN);
  CENTER weak_ties (GROUPMEAN);
  CENTER A (GRANDMEAN);
  ANALYSIS: TYPE = TWOLEVEL RANDOM; ESTIMATOR = BAYES;
  BITERATIONS = (10000); PROCESSORS = 2;
  MODEL:
  %WITHIN%
  ! Affect balance is predicted by CMC, the slope is random
  S1 | AB ON CMC;
  ! Affect balance is predicted by mixed episodes, the slope is random
  S2 | AB ON mixed;
  ! Affect balance is predicted by significant others, the slope is random
  S3 | AB ON SO;
  ! Affect balance is predicted by family, the slope is random
  S4 | AB ON family;
  ! Affect balance is predicted by weak ties, the slope is random
  S5 | AB ON weak_ties;
  ! Control for weekend
  AB ON weekend;
  %BETWEEN%
  ! Covariance between intercept and slopes
  AB S1-S5 WITH AB S1-S5;
  ! The intercept is predicted by agreeableness
  AB ON A;
  ! The slopes are predicted by agreeableness
  S1-S5 ON A;
  OUTPUT: STDYX STDY TECH8;



*** WARNING in VARIABLE command
  Note that only the first 8 characters of variable names are used in the output.
  Shorten variable names to avoid any confusion.
*** WARNING
  One or more individual-level variables have no variation within a
  cluster for the following clusters.

     Variable   Cluster IDs with no within-cluster variation

      AB          156 49 806 502 76
      WEEKEND     49 271 806 816 11 396 57 485 845 93 598 131 666 381 851 556 844 26 119 349 629
                  680 685 881 887 69 265 734 723 882

*** WARNING
  Data set contains cases with missing on x-variables.
  These cases were not included in the analysis.
  Number of cases with missing on x-variables:  1943
*** WARNING
  Data set contains cases with missing on all variables except
  x-variables.  These cases were not included in the analysis.
  Number of cases with missing on all variables except x-variables:  95
   4 WARNING(S) FOUND IN THE INPUT INSTRUCTIONS



Analysis 4

SUMMARY OF ANALYSIS

Number of groups                                                 1
Number of observations                                       17889

Number of dependent variables                                    1
Number of independent variables                                  7
Number of continuous latent variables                            5

Observed dependent variables

  Continuous
   AB

Observed independent variables
   CMC         MIXED       SO          FAMILY      WEAK_TIE    WEEKEND
   A

Continuous latent variables
   S1          S2          S3          S4          S5

Variables with special functions

  Cluster variable      ID

  Within variables
   CMC         MIXED       SO          FAMILY      WEAK_TIE    WEEKEND

  Between variables
   A

  Centering (GRANDMEAN)
   A

  Centering (GROUPMEAN)
   CMC         MIXED       SO          FAMILY      WEAK_TIE


Estimator                                                    BAYES
Specifications for Bayesian Estimation
  Point estimate                                            MEDIAN
  Number of Markov chain Monte Carlo (MCMC) chains               2
  Random seed for the first chain                                0
  Starting value information                           UNPERTURBED
  Algorithm used for Markov chain Monte Carlo           GIBBS(PX1)
  Convergence criterion                                  0.500D-01
  Maximum number of iterations                               50000
  K-th iteration used for thinning                               1

Input data file(s)
  analysis4+5_suppl3_S3.dat
Input data format  FREE


SUMMARY OF DATA

     Number of clusters                        751

       Size (s)    Cluster ID with Size s

          1        10 63 240 311 608 625 740 876
          2        156 562 45 49 271 298 806 816 4
          3        545 11 352 376 29 667 396 57 790 473 485 845 303
          4        93 598 500 131 804 5 666 369 502 610
          5        52 761 22 381 459 636 532 851 106 58 718 571
          6        302 634 482 556 844 61 700 600 880 405 173
          7        330 663 26 820 280 363 162 119 378 238 170 349 328
          8        354 732 592 118 778 372 796 316 615 813 82 629 825 856
                   413 76 701
          9        135 215 222 164 234 533 654 406 141 39 680 681 685 847
                   178 189 578 203 881 888 480
         10        105 185 9 202 247 807 333 499 20 839 214 846 509 728
                   522 630 21 424 887 770 431 53
         11        152 268 195 95 683 684 390 358 555 452 558 721 59 523
         12        573 126 467 290 418 310 481 423 341 618 619 494 498
                   552 554 69 750 122 766 769 650 569 506
         13        265 510 67 814 269 564 488 734 529 237 350 543 472 669
                   768 55 505 602 41 611 723 199 797 508
         14        536 704 705 717 408 130 722 692 585 826 642 588 277
                   229 127 336 397 605 525 697 398 221 703 74 589 177 322
         15        183 609 97 374 858 656 38 339 24 882 772 624 80 182
                   784 420
         16        258 36 179 230 572 749 439 752 209 445 317 587 274 293
                   83 706 594 883 469 659 249 346 755 254
         17        781 440 695 651 370 251 486 664 25 565 66 821 335 263
                   566 547 321 606
         18        13 14 373 620 595 416 865 292 678 753 815 708 180 604
                   450 377 428 225
         19        375 340 446 771 266 689 306 281 733 662 94 463 627 262
                   751 337 327 817 760 18 714 441
         20        19 236 343 862 872 304 379 273 621 831 834 241 252 163
                   738
         21        51 92 89 584 99 344 808 451 518 835 253 612 818 643
                   501 775 707 295 551 716 81 792
         22        366 672 2 539 715 210 332 171 515 517 426 6 68 88 246
                   8 411 50 744
         23        507 348 312 474 843 776 158 351 65 520 444 599 176 110
                   863 644 200 46 132 810 607 368 458 167 758 886 133 429
                   371 421 403 282
         24        483 869 217 138 347 647 437 37 16 243 548 33 194 193
                   668 633 147 270
         25        153 462 864 233 579 497 244 854 100 276 559 475 720
                   124 145 323 325 85 305
         26        492 743 699 148 838 278 287 216 427 419 850 101
         27        345 726 671 239 213 675 319 117 111 682 713 779 47 307
                   746 531 161 84 798 90 812 542
         28        535 190 356 665 470 873 64 491 12 73 586 120 495 628
                   385 386 331 591
         29        754 837 223 235 1 549 155 391 747 3 157 31 658 777 487
         30        168 676 260 430 841 871 528 286 401 42 77 788 291 461
                   192 793 204 212 255 719 524
         31        795 87 596 582 28 432 877 434 146 228 809 380 34 123
                   231 315 496
         32        660 102 394 601 762 686 767 855 232 780 314 140
         33        259 54 490 765 318 626 447 646 727 382 729 731 833 698
                   261 597 866 759 577
         34        645 489 580 563 631 652 709 653 301 471 622 32 849
         35        227 687 275 805 635 264 448 745 465 188 313 655 453
         36        174 560 785 677 829 115 691 296 694 219 250 513
         37        449 614 417 107 400 670 15 43 861 283 289 357
         38        800 353 256 823 407 191 632 830 860 172 791
         39        267 187 388
         40        637 557 848 285 739 414
         41        75 748 613 272 412 299 884 362 198 220 181 409
         42        511 623 72 384 367 393 425 257
         43        479 712 567 484
         44        436 218 142 360 245 143 561 648 154
         45        570 165 208 248 129
         46        399 454 114
         47        300 109 679 783 836 546 819 159 128
         48        338 757 763 415 364 226
         49        534 514 62 794 137
         50        640 774
         51        690 308 355 125 853
         52        324 827 657
         53        553 27 842
         54        568 782 476 71
         55        521 730
         56        840 519 603 824
         57        98
         58        151 639 103
         59        803 402
         64        443
         67        674
         68        186
         69        801 711
         70        530
         75        764
         80        40



COVARIANCE COVERAGE OF DATA

Minimum covariance coverage value   0.100

     Number of missing data patterns             1


     PROPORTION OF DATA PRESENT


           Covariance Coverage
              AB            CMC           MIXED         SO            FAMILY
              ________      ________      ________      ________      ________
 AB             1.000
 CMC            1.000         1.000
 MIXED          1.000         1.000         1.000
 SO             1.000         1.000         1.000         1.000
 FAMILY         1.000         1.000         1.000         1.000         1.000
 WEAK_TIE       1.000         1.000         1.000         1.000         1.000
 WEEKEND        1.000         1.000         1.000         1.000         1.000
 A              1.000         1.000         1.000         1.000         1.000


           Covariance Coverage
              WEAK_TIE      WEEKEND       A
              ________      ________      ________
 WEAK_TIE       1.000
 WEEKEND        1.000         1.000
 A              1.000         1.000         1.000



UNIVARIATE SAMPLE STATISTICS


     UNIVARIATE HIGHER-ORDER MOMENT DESCRIPTIVE STATISTICS

         Variable/         Mean/     Skewness/   Minimum/ % with                Percentiles
        Sample Size      Variance    Kurtosis    Maximum  Min/Max      20%/60%    40%/80%    Median

     AB                    1.195      -0.451      -3.000    0.31%       0.000      1.000      1.333
           17889.000       1.688      -0.307       3.000   15.23%       1.667      2.333
     CMC                   0.000       0.657      -0.966    0.01%      -0.286     -0.136     -0.083
           17889.000       0.152      -0.277       0.982    0.01%      -0.037      0.404
     MIXED                 0.000       1.875      -0.865    0.03%      -0.118     -0.040     -0.024
           17889.000       0.069       4.605       0.986    0.01%       0.000      0.000
     SO                    0.000       0.420      -0.936    0.02%       0.000      0.000      0.000
           17889.000       0.053       4.543       0.978    0.01%       0.000      0.000
     FAMILY                0.000       0.655      -0.983    0.01%      -0.226     -0.064     -0.028
           17889.000       0.117       0.717       0.983    0.01%       0.000      0.231
     WEAK_TIES             0.000       1.520      -0.923    0.01%      -0.185     -0.083     -0.056
           17889.000       0.100       2.033       0.983    0.01%      -0.029      0.000
     WEEKEND               0.298       0.882       0.000   70.18%       0.000      0.000      0.000
           17889.000       0.209      -1.222       1.000   29.82%       0.000      1.000
     A                     0.000      -0.389      -2.140    0.13%      -0.556     -0.140      0.027
             751.000       0.342      -0.144       1.277    0.27%       0.194      0.527


THE MODEL ESTIMATION TERMINATED NORMALLY

     USE THE FBITERATIONS OPTION TO INCREASE THE NUMBER OF ITERATIONS BY A FACTOR
     OF AT LEAST TWO TO CHECK CONVERGENCE AND THAT THE PSR VALUE DOES NOT INCREASE.



MODEL FIT INFORMATION

Number of Free Parameters                              35

Information Criteria

          Deviance (DIC)                        51050.450
          Estimated Number of Parameters (pD)    1368.851



MODEL RESULTS

                                Posterior  One-Tailed         95% C.I.
                    Estimate       S.D.      P-Value   Lower 2.5%  Upper 2.5%  Significance

Within Level

 AB         ON
    WEEKEND            0.251       0.017      0.000       0.217       0.284      *

 Residual Variances
    AB                 0.941       0.011      0.000       0.920       0.963      *

Between Level

 S1         ON
    A                 -0.029       0.050      0.285      -0.125       0.070

 S2         ON
    A                 -0.030       0.060      0.314      -0.148       0.082

 S3         ON
    A                 -0.102       0.110      0.175      -0.318       0.115

 S4         ON
    A                  0.044       0.063      0.243      -0.080       0.165

 S5         ON
    A                  0.063       0.062      0.152      -0.058       0.184

 AB         ON
    A                  0.283       0.053      0.000       0.179       0.384      *

 AB       WITH
    S1                 0.097       0.025      0.000       0.051       0.147      *
    S2                 0.002       0.028      0.470      -0.054       0.055
    S3                 0.061       0.048      0.100      -0.033       0.156
    S4                 0.106       0.031      0.001       0.047       0.167      *
    S5                -0.022       0.029      0.221      -0.079       0.035

 S1       WITH
    S2                 0.063       0.022      0.000       0.021       0.108      *
    S3                -0.038       0.040      0.167      -0.120       0.033
    S4                 0.052       0.028      0.027      -0.001       0.109
    S5                -0.037       0.026      0.058      -0.091       0.010

 S2       WITH
    S3                -0.026       0.046      0.286      -0.113       0.067
    S4                 0.010       0.030      0.366      -0.051       0.069
    S5                -0.011       0.026      0.329      -0.065       0.039

 S3       WITH
    S4                 0.078       0.054      0.071      -0.026       0.186
    S5                 0.097       0.052      0.021       0.002       0.205      *

 S4       WITH
    S5                 0.091       0.034      0.003       0.026       0.157      *

 Intercepts
    AB                 1.072       0.031      0.000       1.012       1.134      *
    S1                -0.340       0.029      0.000      -0.397      -0.283      *
    S2                -0.005       0.034      0.447      -0.071       0.062
    S3                 0.027       0.056      0.317      -0.086       0.134
    S4                -0.275       0.037      0.000      -0.349      -0.203      *
    S5                -0.223       0.035      0.000      -0.292      -0.156      *

 Residual Variances
    AB                 0.624       0.036      0.000       0.558       0.699      *
    S1                 0.140       0.028      0.000       0.091       0.201      *
    S2                 0.093       0.030      0.000       0.039       0.155      *
    S3                 0.355       0.078      0.000       0.227       0.531      *
    S4                 0.310       0.046      0.000       0.224       0.406      *
    S5                 0.159       0.041      0.000       0.088       0.250      *


STANDARDIZED MODEL RESULTS


STDYX Standardization

                                Posterior  One-Tailed         95% C.I.
                    Estimate       S.D.      P-Value   Lower 2.5%  Upper 2.5%  Significance

Within-Level Standardized Estimates Averaged Over Clusters

 S1 | AB ON
    CMC               -0.122       0.009      0.000      -0.139      -0.105      *

 S2 | AB ON
    MIXED             -0.001       0.005      0.403      -0.010       0.011

 S3 | AB ON
    SO                 0.005       0.005      0.170      -0.004       0.015

 S4 | AB ON
    FAMILY            -0.082       0.008      0.000      -0.098      -0.065      *

 S5 | AB ON
    WEAK_TIES         -0.060       0.008      0.000      -0.076      -0.045      *

 AB         ON
    WEEKEND            0.103       0.007      0.000       0.089       0.116      *

 Residual Variances
    AB                 0.903       0.004      0.000       0.894       0.911      *

Between Level

 S1         ON
    A                 -0.032       0.055      0.285      -0.136       0.076

 S2         ON
    A                 -0.040       0.081      0.314      -0.190       0.122

 S3         ON
    A                 -0.070       0.075      0.175      -0.218       0.077

 S4         ON
    A                  0.032       0.046      0.243      -0.059       0.121

 S5         ON
    A                  0.064       0.064      0.152      -0.058       0.194

 AB         ON
    A                  0.145       0.027      0.000       0.092       0.195      *

 AB       WITH
    S1                 0.333       0.081      0.000       0.174       0.493      *
    S2                 0.008       0.117      0.470      -0.213       0.242
    S3                 0.130       0.102      0.100      -0.071       0.333
    S4                 0.245       0.068      0.001       0.109       0.373      *
    S5                -0.071       0.094      0.221      -0.259       0.111

 S1       WITH
    S2                 0.579       0.155      0.000       0.206       0.812      *
    S3                -0.175       0.173      0.167      -0.505       0.154
    S4                 0.254       0.126      0.027      -0.006       0.488
    S5                -0.252       0.157      0.058      -0.540       0.075

 S2       WITH
    S3                -0.147       0.253      0.286      -0.613       0.355
    S4                 0.059       0.178      0.366      -0.309       0.403
    S5                -0.097       0.211      0.329      -0.512       0.311

 S3       WITH
    S4                 0.236       0.150      0.071      -0.087       0.500
    S5                 0.410       0.184      0.021       0.013       0.723      *

 S4       WITH
    S5                 0.415       0.127      0.003       0.135       0.635      *

 Intercepts
    AB                 1.343       0.055      0.000       1.237       1.451      *
    S1                -0.910       0.127      0.000      -1.193      -0.694      *
    S2                -0.015       0.116      0.447      -0.246       0.208
    S3                 0.044       0.094      0.317      -0.142       0.224
    S4                -0.493       0.075      0.000      -0.649      -0.354      *
    S5                -0.557       0.122      0.000      -0.845      -0.359      *

 Residual Variances
    AB                 0.979       0.008      0.000       0.962       0.992      *
    S1                 0.998       0.005      0.000       0.981       1.000      *
    S2                 0.996       0.011      0.000       0.961       1.000      *
    S3                 0.994       0.013      0.000       0.952       1.000      *
    S4                 0.998       0.004      0.000       0.985       1.000      *
    S5                 0.996       0.010      0.000       0.962       1.000      *


STDY Standardization

                                Posterior  One-Tailed         95% C.I.
                    Estimate       S.D.      P-Value   Lower 2.5%  Upper 2.5%  Significance

Within-Level Standardized Estimates Averaged Over Clusters

 S1 | AB ON
    CMC               -0.329       0.025      0.000      -0.378      -0.283      *

 S2 | AB ON
    MIXED             -0.007       0.032      0.393      -0.061       0.065

 S3 | AB ON
    SO                 0.033       0.053      0.279      -0.069       0.132

 S4 | AB ON
    FAMILY            -0.266       0.029      0.000      -0.325      -0.209      *

 S5 | AB ON
    WEAK_TIES         -0.216       0.030      0.000      -0.276      -0.158      *

 AB         ON
    WEEKEND            0.245       0.017      0.000       0.211       0.275      *

 Residual Variances
    AB                 0.903       0.004      0.000       0.894       0.911      *

Between Level

 S1         ON
    A                 -0.077       0.134      0.285      -0.335       0.187

 S2         ON
    A                 -0.099       0.198      0.314      -0.467       0.300

 S3         ON
    A                 -0.171       0.184      0.175      -0.535       0.190

 S4         ON
    A                  0.079       0.113      0.243      -0.144       0.296

 S5         ON
    A                  0.158       0.157      0.152      -0.143       0.477

 AB         ON
    A                  0.354       0.065      0.000       0.224       0.479      *

 AB       WITH
    S1                 0.333       0.081      0.000       0.174       0.493      *
    S2                 0.008       0.117      0.470      -0.213       0.242
    S3                 0.130       0.102      0.100      -0.071       0.333
    S4                 0.245       0.068      0.001       0.109       0.373      *
    S5                -0.071       0.094      0.221      -0.259       0.111

 S1       WITH
    S2                 0.579       0.155      0.000       0.206       0.812      *
    S3                -0.175       0.173      0.167      -0.505       0.154
    S4                 0.254       0.126      0.027      -0.006       0.488
    S5                -0.252       0.157      0.058      -0.540       0.075

 S2       WITH
    S3                -0.147       0.253      0.286      -0.613       0.355
    S4                 0.059       0.178      0.366      -0.309       0.403
    S5                -0.097       0.211      0.329      -0.512       0.311

 S3       WITH
    S4                 0.236       0.150      0.071      -0.087       0.500
    S5                 0.410       0.184      0.021       0.013       0.723      *

 S4       WITH
    S5                 0.415       0.127      0.003       0.135       0.635      *

 Intercepts
    AB                 1.343       0.055      0.000       1.237       1.451      *
    S1                -0.910       0.127      0.000      -1.193      -0.694      *
    S2                -0.015       0.116      0.447      -0.246       0.208
    S3                 0.044       0.094      0.317      -0.142       0.224
    S4                -0.493       0.075      0.000      -0.649      -0.354      *
    S5                -0.557       0.122      0.000      -0.845      -0.359      *

 Residual Variances
    AB                 0.979       0.008      0.000       0.962       0.992      *
    S1                 0.998       0.005      0.000       0.981       1.000      *
    S2                 0.996       0.011      0.000       0.961       1.000      *
    S3                 0.994       0.013      0.000       0.952       1.000      *
    S4                 0.998       0.004      0.000       0.985       1.000      *
    S5                 0.996       0.010      0.000       0.962       1.000      *


R-SQUARE

Within-Level R-Square Averaged Across Clusters

                                Posterior  One-Tailed         95% C.I.
    Variable        Estimate       S.D.      P-Value   Lower 2.5%  Upper 2.5%

    AB                 0.097       0.004      0.000       0.089       0.106

Between Level

                                Posterior  One-Tailed         95% C.I.
    Variable        Estimate       S.D.      P-Value   Lower 2.5%  Upper 2.5%

    AB                 0.021       0.008      0.000       0.008       0.038

                                Posterior  One-Tailed         95% C.I.
    Variable        Estimate       S.D.      P-Value   Lower 2.5%  Upper 2.5%

    S1                 0.002       0.005      0.000       0.000       0.019
    S2                 0.004       0.011      0.000       0.000       0.038
    S3                 0.006       0.013      0.000       0.000       0.048
    S4                 0.002       0.004      0.000       0.000       0.015
    S5                 0.004       0.010      0.000       0.000       0.038


TECHNICAL 1 OUTPUT


     PARAMETER SPECIFICATION FOR WITHIN


           NU
              AB            CMC           MIXED         SO            FAMILY
              ________      ________      ________      ________      ________
                    0             0             0             0             0


           NU
              WEAK_TIE      WEEKEND
              ________      ________
                    0             0


           LAMBDA
              AB            CMC           MIXED         SO            FAMILY
              ________      ________      ________      ________      ________
 AB                 0             0             0             0             0
 CMC                0             0             0             0             0
 MIXED              0             0             0             0             0
 SO                 0             0             0             0             0
 FAMILY             0             0             0             0             0
 WEAK_TIE           0             0             0             0             0
 WEEKEND            0             0             0             0             0


           LAMBDA
              WEAK_TIE      WEEKEND
              ________      ________
 AB                 0             0
 CMC                0             0
 MIXED              0             0
 SO                 0             0
 FAMILY             0             0
 WEAK_TIE           0             0
 WEEKEND            0             0


           THETA
              AB            CMC           MIXED         SO            FAMILY
              ________      ________      ________      ________      ________
 AB                 0
 CMC                0             0
 MIXED              0             0             0
 SO                 0             0             0             0
 FAMILY             0             0             0             0             0
 WEAK_TIE           0             0             0             0             0
 WEEKEND            0             0             0             0             0


           THETA
              WEAK_TIE      WEEKEND
              ________      ________
 WEAK_TIE           0
 WEEKEND            0             0


           ALPHA
              AB            CMC           MIXED         SO            FAMILY
              ________      ________      ________      ________      ________
                    0             0             0             0             0


           ALPHA
              WEAK_TIE      WEEKEND
              ________      ________
                    0             0


           BETA
              AB            CMC           MIXED         SO            FAMILY
              ________      ________      ________      ________      ________
 AB                 0             0             0             0             0
 CMC                0             0             0             0             0
 MIXED              0             0             0             0             0
 SO                 0             0             0             0             0
 FAMILY             0             0             0             0             0
 WEAK_TIE           0             0             0             0             0
 WEEKEND            0             0             0             0             0


           BETA
              WEAK_TIE      WEEKEND
              ________      ________
 AB                 0             1
 CMC                0             0
 MIXED              0             0
 SO                 0             0
 FAMILY             0             0
 WEAK_TIE           0             0
 WEEKEND            0             0


           PSI
              AB            CMC           MIXED         SO            FAMILY
              ________      ________      ________      ________      ________
 AB                 2
 CMC                0             0
 MIXED              0             0             0
 SO                 0             0             0             0
 FAMILY             0             0             0             0             0
 WEAK_TIE           0             0             0             0             0
 WEEKEND            0             0             0             0             0


           PSI
              WEAK_TIE      WEEKEND
              ________      ________
 WEAK_TIE           0
 WEEKEND            0             0


     PARAMETER SPECIFICATION FOR BETWEEN


           NU
              AB            A
              ________      ________
                    0             0


           LAMBDA
              S1            S2            S3            S4            S5
              ________      ________      ________      ________      ________
 AB                 0             0             0             0             0
 A                  0             0             0             0             0


           LAMBDA
              AB            A
              ________      ________
 AB                 0             0
 A                  0             0


           THETA
              AB            A
              ________      ________
 AB                 0
 A                  0             0


           ALPHA
              S1            S2            S3            S4            S5
              ________      ________      ________      ________      ________
                    3             4             5             6             7


           ALPHA
              AB            A
              ________      ________
                    8             0


           BETA
              S1            S2            S3            S4            S5
              ________      ________      ________      ________      ________
 S1                 0             0             0             0             0
 S2                 0             0             0             0             0
 S3                 0             0             0             0             0
 S4                 0             0             0             0             0
 S5                 0             0             0             0             0
 AB                 0             0             0             0             0
 A                  0             0             0             0             0


           BETA
              AB            A
              ________      ________
 S1                 0             9
 S2                 0            10
 S3                 0            11
 S4                 0            12
 S5                 0            13
 AB                 0            14
 A                  0             0


           PSI
              S1            S2            S3            S4            S5
              ________      ________      ________      ________      ________
 S1                15
 S2                16            17
 S3                18            19            20
 S4                21            22            23            24
 S5                25            26            27            28            29
 AB                30            31            32            33            34
 A                  0             0             0             0             0


           PSI
              AB            A
              ________      ________
 AB                35
 A                  0             0


     STARTING VALUES FOR WITHIN


           NU
              AB            CMC           MIXED         SO            FAMILY
              ________      ________      ________      ________      ________
                0.000         0.000         0.000         0.000         0.000


           NU
              WEAK_TIE      WEEKEND
              ________      ________
                0.000         0.000


           LAMBDA
              AB            CMC           MIXED         SO            FAMILY
              ________      ________      ________      ________      ________
 AB             1.000         0.000         0.000         0.000         0.000
 CMC            0.000         1.000         0.000         0.000         0.000
 MIXED          0.000         0.000         1.000         0.000         0.000
 SO             0.000         0.000         0.000         1.000         0.000
 FAMILY         0.000         0.000         0.000         0.000         1.000
 WEAK_TIE       0.000         0.000         0.000         0.000         0.000
 WEEKEND        0.000         0.000         0.000         0.000         0.000


           LAMBDA
              WEAK_TIE      WEEKEND
              ________      ________
 AB             0.000         0.000
 CMC            0.000         0.000
 MIXED          0.000         0.000
 SO             0.000         0.000
 FAMILY         0.000         0.000
 WEAK_TIE       1.000         0.000
 WEEKEND        0.000         1.000


           THETA
              AB            CMC           MIXED         SO            FAMILY
              ________      ________      ________      ________      ________
 AB             0.000
 CMC            0.000         0.000
 MIXED          0.000         0.000         0.000
 SO             0.000         0.000         0.000         0.000
 FAMILY         0.000         0.000         0.000         0.000         0.000
 WEAK_TIE       0.000         0.000         0.000         0.000         0.000
 WEEKEND        0.000         0.000         0.000         0.000         0.000


           THETA
              WEAK_TIE      WEEKEND
              ________      ________
 WEAK_TIE       0.000
 WEEKEND        0.000         0.000


           ALPHA
              AB            CMC           MIXED         SO            FAMILY
              ________      ________      ________      ________      ________
                0.000         0.000         0.000         0.000         0.000


           ALPHA
              WEAK_TIE      WEEKEND
              ________      ________
                0.000         0.000


           BETA
              AB            CMC           MIXED         SO            FAMILY
              ________      ________      ________      ________      ________
 AB             0.000         0.000         0.000         0.000         0.000
 CMC            0.000         0.000         0.000         0.000         0.000
 MIXED          0.000         0.000         0.000         0.000         0.000
 SO             0.000         0.000         0.000         0.000         0.000
 FAMILY         0.000         0.000         0.000         0.000         0.000
 WEAK_TIE       0.000         0.000         0.000         0.000         0.000
 WEEKEND        0.000         0.000         0.000         0.000         0.000


           BETA
              WEAK_TIE      WEEKEND
              ________      ________
 AB             0.000         0.000
 CMC            0.000         0.000
 MIXED          0.000         0.000
 SO             0.000         0.000
 FAMILY         0.000         0.000
 WEAK_TIE       0.000         0.000
 WEEKEND        0.000         0.000


           PSI
              AB            CMC           MIXED         SO            FAMILY
              ________      ________      ________      ________      ________
 AB             0.844
 CMC            0.000         0.076
 MIXED          0.000         0.000         0.034
 SO             0.000         0.000         0.000         0.027
 FAMILY         0.000         0.000         0.000         0.000         0.059
 WEAK_TIE       0.000         0.000         0.000         0.000         0.000
 WEEKEND        0.000         0.000         0.000         0.000         0.000


           PSI
              WEAK_TIE      WEEKEND
              ________      ________
 WEAK_TIE       0.050
 WEEKEND        0.000         0.105


     STARTING VALUES FOR BETWEEN


           NU
              AB            A
              ________      ________
                0.000         0.000


           LAMBDA
              S1            S2            S3            S4            S5
              ________      ________      ________      ________      ________
 AB             0.000         0.000         0.000         0.000         0.000
 A              0.000         0.000         0.000         0.000         0.000


           LAMBDA
              AB            A
              ________      ________
 AB             1.000         0.000
 A              0.000         1.000


           THETA
              AB            A
              ________      ________
 AB             0.000
 A              0.000         0.000


           ALPHA
              S1            S2            S3            S4            S5
              ________      ________      ________      ________      ________
                0.000         0.000         0.000         0.000         0.000


           ALPHA
              AB            A
              ________      ________
                1.195         0.000


           BETA
              S1            S2            S3            S4            S5
              ________      ________      ________      ________      ________
 S1             0.000         0.000         0.000         0.000         0.000
 S2             0.000         0.000         0.000         0.000         0.000
 S3             0.000         0.000         0.000         0.000         0.000
 S4             0.000         0.000         0.000         0.000         0.000
 S5             0.000         0.000         0.000         0.000         0.000
 AB             0.000         0.000         0.000         0.000         0.000
 A              0.000         0.000         0.000         0.000         0.000


           BETA
              AB            A
              ________      ________
 S1             0.000         0.000
 S2             0.000         0.000
 S3             0.000         0.000
 S4             0.000         0.000
 S5             0.000         0.000
 AB             0.000         0.000
 A              0.000         0.000


           PSI
              S1            S2            S3            S4            S5
              ________      ________      ________      ________      ________
 S1             1.000
 S2             0.000         1.000
 S3             0.000         0.000         1.000
 S4             0.000         0.000         0.000         1.000
 S5             0.000         0.000         0.000         0.000         1.000
 AB             0.000         0.000         0.000         0.000         0.000
 A              0.000         0.000         0.000         0.000         0.000


           PSI
              AB            A
              ________      ________
 AB             0.844
 A              0.000         0.166



     PRIORS FOR ALL PARAMETERS            PRIOR MEAN      PRIOR VARIANCE     PRIOR STD. DEV.

     Parameter 1~N(0.000,infinity)           0.0000            infinity            infinity
     Parameter 2~IG(-1.000,0.000)          infinity            infinity            infinity
     Parameter 3~N(0.000,infinity)           0.0000            infinity            infinity
     Parameter 4~N(0.000,infinity)           0.0000            infinity            infinity
     Parameter 5~N(0.000,infinity)           0.0000            infinity            infinity
     Parameter 6~N(0.000,infinity)           0.0000            infinity            infinity
     Parameter 7~N(0.000,infinity)           0.0000            infinity            infinity
     Parameter 8~N(0.000,infinity)           0.0000            infinity            infinity
     Parameter 9~N(0.000,infinity)           0.0000            infinity            infinity
     Parameter 10~N(0.000,infinity)          0.0000            infinity            infinity
     Parameter 11~N(0.000,infinity)          0.0000            infinity            infinity
     Parameter 12~N(0.000,infinity)          0.0000            infinity            infinity
     Parameter 13~N(0.000,infinity)          0.0000            infinity            infinity
     Parameter 14~N(0.000,infinity)          0.0000            infinity            infinity
     Parameter 15~IW(0.000,-7)             infinity            infinity            infinity
     Parameter 16~IW(0.000,-7)             infinity            infinity            infinity
     Parameter 17~IW(0.000,-7)             infinity            infinity            infinity
     Parameter 18~IW(0.000,-7)             infinity            infinity            infinity
     Parameter 19~IW(0.000,-7)             infinity            infinity            infinity
     Parameter 20~IW(0.000,-7)             infinity            infinity            infinity
     Parameter 21~IW(0.000,-7)             infinity            infinity            infinity
     Parameter 22~IW(0.000,-7)             infinity            infinity            infinity
     Parameter 23~IW(0.000,-7)             infinity            infinity            infinity
     Parameter 24~IW(0.000,-7)             infinity            infinity            infinity
     Parameter 25~IW(0.000,-7)             infinity            infinity            infinity
     Parameter 26~IW(0.000,-7)             infinity            infinity            infinity
     Parameter 27~IW(0.000,-7)             infinity            infinity            infinity
     Parameter 28~IW(0.000,-7)             infinity            infinity            infinity
     Parameter 29~IW(0.000,-7)             infinity            infinity            infinity
     Parameter 30~IW(0.000,-7)             infinity            infinity            infinity
     Parameter 31~IW(0.000,-7)             infinity            infinity            infinity
     Parameter 32~IW(0.000,-7)             infinity            infinity            infinity
     Parameter 33~IW(0.000,-7)             infinity            infinity            infinity
     Parameter 34~IW(0.000,-7)             infinity            infinity            infinity
     Parameter 35~IW(0.000,-7)             infinity            infinity            infinity


TECHNICAL 8 OUTPUT


   TECHNICAL 8 OUTPUT FOR BAYES ESTIMATION

     CHAIN    BSEED
     1        0
     2        285380

                     POTENTIAL       PARAMETER WITH
     ITERATION    SCALE REDUCTION      HIGHEST PSR
     100              2.767               15
     200              2.045               19
     300              1.979               26
     400              1.339               26
     500              1.256               22
     600              1.425               19
     700              1.962               19
     800              2.350               19
     900              2.136               19
     1000             2.047               19
     1100             1.962               19
     1200             1.874               19
     1300             1.928               19
     1400             1.880               19
     1500             1.899               19
     1600             1.935               19
     1700             2.087               19
     1800             1.911               19
     1900             1.707               19
     2000             1.508               19
     2100             1.331               19
     2200             1.291               19
     2300             1.301               19
     2400             1.198               19
     2500             1.123               17
     2600             1.131               17
     2700             1.142               17
     2800             1.153               17
     2900             1.175               17
     3000             1.159               17
     3100             1.156               17
     3200             1.147               17
     3300             1.109               17
     3400             1.075               27
     3500             1.063               16
     3600             1.051               16
     3700             1.074               16
     3800             1.063               16
     3900             1.051               16
     4000             1.059               17
     4100             1.073               17
     4200             1.079               17
     4300             1.073               16
     4400             1.065               16
     4500             1.041               17
     4600             1.027               16
     4700             1.024               16
     4800             1.026               25
     4900             1.029               26
     5000             1.032               26
     5100             1.039               28
     5200             1.043               28
     5300             1.034               26
     5400             1.039               28
     5500             1.040               28
     5600             1.045               28
     5700             1.045               26
     5800             1.048               26
     5900             1.055               26
     6000             1.048               26
     6100             1.049               26
     6200             1.050               26
     6300             1.055               26
     6400             1.050               26
     6500             1.039               26
     6600             1.036               20
     6700             1.042               20
     6800             1.053               20
     6900             1.057               20
     7000             1.057               20
     7100             1.052               20
     7200             1.049               20
     7300             1.039               20
     7400             1.035               20
     7500             1.036               20
     7600             1.034               20
     7700             1.033               20
     7800             1.039               20
     7900             1.043               20
     8000             1.051               17
     8100             1.062               17
     8200             1.053               17
     8300             1.056               17
     8400             1.061               17
     8500             1.072               17
     8600             1.072               17
     8700             1.072               17
     8800             1.076               17
     8900             1.065               17
     9000             1.065               20
     9100             1.068               20
     9200             1.053               20
     9300             1.048               20
     9400             1.042               20
     9500             1.032               20
     9600             1.032               20
     9700             1.025               20
     9800             1.027               19
     9900             1.033               19
     10000            1.033               19


     Beginning Time:  08:10:45
        Ending Time:  08:16:13
       Elapsed Time:  00:05:28



MUTHEN & MUTHEN
3463 Stoner Ave.
Los Angeles, CA  90066

Tel: (310) 391-9971
Fax: (310) 391-8971
Web: www.StatModel.com
Support: Support@StatModel.com

Copyright (c) 1998-2020 Muthen & Muthen
