Mplus VERSION 8.5 (Mac)
MUTHEN & MUTHEN
03/19/2022   7:45 AM

INPUT INSTRUCTIONS

  TITLE: Analysis 4
  DATA: FILE = analysis4+5_suppl3_S2.dat;
  VARIABLE:
  NAMES = ID WB content stressed lonely
  FTF CMC mixed FR SO family weak_ties
  E A C N O gender ethnicity SES weekend;
  USEVARIABLES = WB
  CMC mixed SO family weak_ties
  weekend C;
  CLUSTER = ID;
  WITHIN = CMC mixed SO family weak_ties weekend;
  BETWEEN = C;
  MISSING = .;
  DEFINE:
  CENTER CMC (GROUPMEAN);
  CENTER mixed (GROUPMEAN);
  CENTER SO (GROUPMEAN);
  CENTER family (GROUPMEAN);
  CENTER weak_ties (GROUPMEAN);
  CENTER C (GRANDMEAN);
  ANALYSIS: TYPE = TWOLEVEL RANDOM; ESTIMATOR = BAYES;
  BITERATIONS = (10000); PROCESSORS = 2;
  MODEL:
  %WITHIN%
  ! Well-being is predicted by CMC, the slope is random
  S1 | WB ON CMC;
  ! Well-being is predicted by mixed episodes, the slope is random
  S2 | WB ON mixed;
  ! Well-being is predicted by significant others, the slope is random
  S3 | WB ON SO;
  ! Well-being is predicted by family, the slope is random
  S4 | WB ON family;
  ! Well-being is predicted by weak ties, the slope is random
  S5 | WB ON weak_ties;
  ! Control for weekend
  WB ON weekend;
  %BETWEEN%
  ! Covariance between intercept and slopes
  WB S1-S5 WITH WB S1-S5;
  ! The intercept is predicted by conscientiousness
  WB ON C;
  ! The slopes are predicted by conscientiousness
  S1-S5 ON C;
  OUTPUT: STDYX STDY TECH8;



*** WARNING in VARIABLE command
  Note that only the first 8 characters of variable names are used in the output.
  Shorten variable names to avoid any confusion.
*** WARNING
  One or more individual-level variables have no variation within a
  cluster for the following clusters.

     Variable   Cluster IDs with no within-cluster variation

      WB          140 497 650 134 13 50 629
      WEEKEND     307 140 316 335 368 69 502 568 650 134 293 197 425 783 357 537 404 595 606 668
                  680 700 93 513 515 300 849 163 291 496 326 110 321 816 318 722 48

*** WARNING
  Data set contains cases with missing on x-variables.
  These cases were not included in the analysis.
  Number of cases with missing on x-variables:  2884
*** WARNING
  Data set contains cases with missing on all variables except
  x-variables.  These cases were not included in the analysis.
  Number of cases with missing on all variables except x-variables:  10
   4 WARNING(S) FOUND IN THE INPUT INSTRUCTIONS



Analysis 4

SUMMARY OF ANALYSIS

Number of groups                                                 1
Number of observations                                       10079

Number of dependent variables                                    1
Number of independent variables                                  7
Number of continuous latent variables                            5

Observed dependent variables

  Continuous
   WB

Observed independent variables
   CMC         MIXED       SO          FAMILY      WEAK_TIE    WEEKEND
   C

Continuous latent variables
   S1          S2          S3          S4          S5

Variables with special functions

  Cluster variable      ID

  Within variables
   CMC         MIXED       SO          FAMILY      WEAK_TIE    WEEKEND

  Between variables
   C

  Centering (GRANDMEAN)
   C

  Centering (GROUPMEAN)
   CMC         MIXED       SO          FAMILY      WEAK_TIE


Estimator                                                    BAYES
Specifications for Bayesian Estimation
  Point estimate                                            MEDIAN
  Number of Markov chain Monte Carlo (MCMC) chains               2
  Random seed for the first chain                                0
  Starting value information                           UNPERTURBED
  Algorithm used for Markov chain Monte Carlo           GIBBS(PX1)
  Convergence criterion                                  0.500D-01
  Maximum number of iterations                               50000
  K-th iteration used for thinning                               1

Input data file(s)
  analysis4+5_suppl3_S2.dat
Input data format  FREE


SUMMARY OF DATA

     Number of clusters                        623

       Size (s)    Cluster ID with Size s

          1        46 65 100 121 157 198 208 277 301 312 350 450 486 603
                   664 708 723
          2        307 140 316 335 368 69 215 497 502 568 650 134 703 293
                   197
          3        425 565 13 776 783
          4        50 357 362 216 382 537 404 118 643 649
          5        595 402 606 428 11 320 668 333 680 700 72 262 93 150
                   513 515 212 300 849 163
          6        657 291 689 363 483 736 578 96 373 496 790 621 629 498
                   133 857
          7        61 302 546 677 38 698 701 567 480 589 10 485 278 370
                   325 326 110 220 814 229 182
          8        646 243 98 161 753 763 771 597 777 23 519 533 366 812
                   463 836 500 631 563 194
          9        727 478 623 126 747 132 155 398 230 231 772 559 417
                   239 321 804 584 501 29 599 602 847 107 91
         10        531 617 64 536 92 130 635 644 757 334 338 244 247 251
                   413 672 574 802 80 582 265 432 816 267 310 276 142 451
         11        506 566 217 467 40 414 773 522 343 532 427 4 6 801 538
                   547 807 99 822 825 555 199 842 360 633 179 406
         12        770 306 143 608 377 441 158 32 789 794 162 95 318 718
                   90 576 724 204 324 820 821 295 740 19 172 2 848 156
                   211
         13        328 31 435 472 473 810 477 331 819 704 137 707 245 830
                   832 655 381 195 490 18 387 570 271
         14        520 713 371 354 792 43 221 614 666 410 616 361 813 746
                   260 748 628 756 826 630 692 766 768 190 634 104 642
                   854 279 466
         15        685 593 744 115 15 103 123 469 401 26 36 305 656 327
                   12 579 722 542 264 48 78 733 591 592 682
         16        613 400 372 571 619 620 76 688 408 541 174 543 45 507
                   551 116 711 394 717 421 422 562 564 725 213
         17        470 471 380 241 750 71 225 391 509 759 817 482 246 191
                   214 86 41 834 457 359 403 601 183 737 638 641 219 695
                   117
         18        681 275 49 47 726 434 647 154 73 74 622 108 395 785
                   600 787 743 202 159 160 709 670 525 715 528 585 222
                   852
         19        639 754 665 640 173 56 127 232 112 769 311 544 193 313
                   379 364 446 661 226 694
         20        66 284 67 436 516 732 237 764 798 596 266 250 59 27
                   37 846 294 775 79 210 257 25 632 367
         21        721 128 139 82 426 94 577 249 464 164 838 355 735 290
                   332 272 274 851 412 853 101 203 782 14 297
         22        63 138 88 234 690 569 177 258 282 460 607 431 42 671
                   845 16 808 44 184 83 120 55 152 784 684
         23        356 125 358 170 176 148 648 187 270 527 146 511 481
                   660
         24        54 135 774 269 474 503 396 167 385 248 636 508 84 175
                   583
         25        659 186 51 730 598 758 57 52 308 20 8 87 693 824 654
                   315 458 833
         26        843 181 405 739 850 624 423 468 345 136 827
         27        227 22 765 499 388 530 168 459 169 749 534 714 493 383
                   573 348 699 738 610
         28        439 795 760 809 667 201
         29        779 7 337 299 572
         30        389 97 550 755 263 800 811 386 319 374
         31        652 465 529 415 780 625 309 696 60 476 252
         32        479 242 393 235 323
         33        674 609 378 581
         34        399 540 444 77
         35        514
         37        192
         38        705 273 141
         39        662 767
         40        53 418 580 228
         41        346 254
         43        287
         45        24



COVARIANCE COVERAGE OF DATA

Minimum covariance coverage value   0.100

     Number of missing data patterns             1


     PROPORTION OF DATA PRESENT


           Covariance Coverage
              WB            CMC           MIXED         SO            FAMILY
              ________      ________      ________      ________      ________
 WB             1.000
 CMC            1.000         1.000
 MIXED          1.000         1.000         1.000
 SO             1.000         1.000         1.000         1.000
 FAMILY         1.000         1.000         1.000         1.000         1.000
 WEAK_TIE       1.000         1.000         1.000         1.000         1.000
 WEEKEND        1.000         1.000         1.000         1.000         1.000
 C              1.000         1.000         1.000         1.000         1.000


           Covariance Coverage
              WEAK_TIE      WEEKEND       C
              ________      ________      ________
 WEAK_TIE       1.000
 WEEKEND        1.000         1.000
 C              1.000         1.000         1.000



UNIVARIATE SAMPLE STATISTICS


     UNIVARIATE HIGHER-ORDER MOMENT DESCRIPTIVE STATISTICS

         Variable/         Mean/     Skewness/   Minimum/ % with                Percentiles
        Sample Size      Variance    Kurtosis    Maximum  Min/Max      20%/60%    40%/80%    Median

     WB                    3.022      -0.503       1.000    0.90%       2.333      3.000      3.000
           10079.000       0.429      -0.105       4.000   10.76%       3.333      3.667
     CMC                   0.000       0.598      -0.960    0.01%      -0.333     -0.182     -0.125
           10079.000       0.172      -0.701       0.964    0.01%      -0.062      0.455
     MIXED                 0.000       1.791      -0.833    0.01%      -0.158     -0.083     -0.048
           10079.000       0.088       2.863       0.975    0.01%       0.000      0.000
     SO                    0.000       0.736      -0.923    0.01%       0.000      0.000      0.000
           10079.000       0.054       4.617       0.968    0.02%       0.000      0.000
     FAMILY                0.000       1.381      -0.947    0.01%      -0.176     -0.067     -0.037
           10079.000       0.094       2.135       0.969    0.01%       0.000      0.000
     WEAK_TIES             0.000       1.109      -0.846    0.04%      -0.240     -0.130     -0.091
           10079.000       0.130       0.542       0.977    0.01%      -0.050      0.182
     WEEKEND               0.307       0.836       0.000   69.28%       0.000      0.000      0.000
           10079.000       0.213      -1.301       1.000   30.72%       0.000      1.000
     C                     0.000       0.033      -1.781    0.16%      -0.448     -0.226     -0.003
             623.000       0.399      -0.288       1.552    0.64%       0.219      0.552


THE MODEL ESTIMATION TERMINATED NORMALLY

     USE THE FBITERATIONS OPTION TO INCREASE THE NUMBER OF ITERATIONS BY A FACTOR
     OF AT LEAST TWO TO CHECK CONVERGENCE AND THAT THE PSR VALUE DOES NOT INCREASE.



MODEL FIT INFORMATION

Number of Free Parameters                              35

Information Criteria

          Deviance (DIC)                        15151.517
          Estimated Number of Parameters (pD)    1025.582



MODEL RESULTS

                                Posterior  One-Tailed         95% C.I.
                    Estimate       S.D.      P-Value   Lower 2.5%  Upper 2.5%  Significance

Within Level

 WB         ON
    WEEKEND            0.096       0.012      0.000       0.072       0.118      *

 Residual Variances
    WB                 0.238       0.004      0.000       0.231       0.245      *

Between Level

 S1         ON
    C                  0.014       0.027      0.302      -0.038       0.066

 S2         ON
    C                  0.039       0.032      0.143      -0.029       0.094

 S3         ON
    C                  0.020       0.051      0.358      -0.080       0.121

 S4         ON
    C                 -0.010       0.035      0.388      -0.077       0.061

 S5         ON
    C                 -0.019       0.029      0.259      -0.075       0.041

 WB         ON
    C                  0.122       0.028      0.000       0.068       0.177      *

 WB       WITH
    S1                 0.017       0.007      0.010       0.003       0.031      *
    S2                -0.002       0.009      0.396      -0.020       0.013
    S3                -0.035       0.014      0.007      -0.061      -0.007      *
    S4                -0.012       0.009      0.104      -0.029       0.006
    S5                -0.026       0.008      0.000      -0.042      -0.011      *

 S1       WITH
    S2                 0.015       0.007      0.027       0.000       0.029
    S3                -0.006       0.010      0.262      -0.026       0.014
    S4                -0.017       0.008      0.016      -0.032      -0.002      *
    S5                 0.013       0.007      0.032      -0.001       0.026

 S2       WITH
    S3                -0.001       0.010      0.465      -0.022       0.019
    S4                -0.002       0.007      0.378      -0.017       0.013
    S5                 0.015       0.007      0.023       0.000       0.029      *

 S3       WITH
    S4                 0.013       0.013      0.186      -0.012       0.040
    S5                 0.022       0.012      0.030      -0.001       0.048

 S4       WITH
    S5                 0.005       0.010      0.297      -0.011       0.026

 Intercepts
    WB                 2.970       0.017      0.000       2.937       3.004      *
    S1                -0.234       0.017      0.000      -0.266      -0.202      *
    S2                -0.038       0.020      0.019      -0.079      -0.002      *
    S3                 0.142       0.031      0.000       0.080       0.203      *
    S4                 0.042       0.022      0.027      -0.001       0.084
    S5                -0.139       0.018      0.000      -0.176      -0.105      *

 Residual Variances
    WB                 0.159       0.010      0.000       0.141       0.181      *
    S1                 0.045       0.009      0.000       0.030       0.064      *
    S2                 0.018       0.008      0.000       0.006       0.038      *
    S3                 0.076       0.022      0.000       0.043       0.127      *
    S4                 0.045       0.012      0.000       0.024       0.071      *
    S5                 0.039       0.010      0.000       0.023       0.061      *


STANDARDIZED MODEL RESULTS


STDYX Standardization

                                Posterior  One-Tailed         95% C.I.
                    Estimate       S.D.      P-Value   Lower 2.5%  Upper 2.5%  Significance

Within-Level Standardized Estimates Averaged Over Clusters

 S1 | WB ON
    CMC               -0.163       0.009      0.000      -0.182      -0.144      *

 S2 | WB ON
    MIXED             -0.014       0.009      0.020      -0.033       0.000      *

 S3 | WB ON
    SO                 0.033       0.006      0.000       0.021       0.043      *

 S4 | WB ON
    FAMILY             0.015       0.008      0.032      -0.001       0.031

 S5 | WB ON
    WEAK_TIES         -0.081       0.009      0.000      -0.099      -0.063      *

 WB         ON
    WEEKEND            0.075       0.009      0.000       0.056       0.092      *

 Residual Variances
    WB                 0.893       0.006      0.000       0.881       0.905      *

Between Level

 S1         ON
    C                  0.029       0.055      0.302      -0.077       0.136

 S2         ON
    C                  0.124       0.112      0.143      -0.092       0.345

 S3         ON
    C                  0.031       0.080      0.358      -0.126       0.189

 S4         ON
    C                 -0.020       0.072      0.388      -0.156       0.128

 S5         ON
    C                 -0.042       0.064      0.259      -0.164       0.089

 WB         ON
    C                  0.132       0.030      0.000       0.074       0.190      *

 WB       WITH
    S1                 0.199       0.083      0.010       0.032       0.357      *
    S2                -0.046       0.177      0.396      -0.473       0.246
    S3                -0.317       0.121      0.007      -0.543      -0.064      *
    S4                -0.138       0.111      0.104      -0.367       0.071
    S5                -0.332       0.098      0.000      -0.524      -0.139      *

 S1       WITH
    S2                 0.518       0.201      0.027      -0.019       0.796
    S3                -0.112       0.166      0.262      -0.421       0.233
    S4                -0.395       0.167      0.016      -0.698      -0.040      *
    S5                 0.308       0.150      0.032      -0.022       0.585

 S2       WITH
    S3                -0.025       0.260      0.465      -0.500       0.484
    S4                -0.076       0.250      0.378      -0.573       0.389
    S5                 0.569       0.240      0.023       0.007       0.885      *

 S3       WITH
    S4                 0.224       0.212      0.186      -0.230       0.579
    S5                 0.411       0.183      0.030      -0.019       0.696

 S4       WITH
    S5                 0.122       0.220      0.297      -0.303       0.538

 Intercepts
    WB                 7.376       0.240      0.000       6.911       7.850      *
    S1                -1.099       0.133      0.000      -1.394      -0.872      *
    S2                -0.275       0.192      0.019      -0.821      -0.014      *
    S3                 0.512       0.136      0.000       0.271       0.803      *
    S4                 0.200       0.108      0.027      -0.003       0.420
    S5                -0.701       0.134      0.000      -1.008      -0.480      *

 Residual Variances
    WB                 0.983       0.008      0.000       0.964       0.995      *
    S1                 0.998       0.005      0.000       0.981       1.000      *
    S2                 0.984       0.032      0.000       0.881       1.000      *
    S3                 0.997       0.010      0.000       0.963       1.000      *
    S4                 0.997       0.008      0.000       0.973       1.000      *
    S5                 0.997       0.007      0.000       0.973       1.000      *


STDY Standardization

                                Posterior  One-Tailed         95% C.I.
                    Estimate       S.D.      P-Value   Lower 2.5%  Upper 2.5%  Significance

Within-Level Standardized Estimates Averaged Over Clusters

 S1 | WB ON
    CMC               -0.441       0.026      0.000      -0.492      -0.389      *

 S2 | WB ON
    MIXED             -0.064       0.041      0.029      -0.149       0.001

 S3 | WB ON
    SO                 0.275       0.056      0.000       0.159       0.379      *

 S4 | WB ON
    FAMILY             0.070       0.040      0.038      -0.008       0.148

 S5 | WB ON
    WEAK_TIES         -0.262       0.031      0.000      -0.323      -0.202      *

 WB         ON
    WEEKEND            0.186       0.023      0.000       0.139       0.228      *

 Residual Variances
    WB                 0.893       0.006      0.000       0.881       0.905      *

Between Level

 S1         ON
    C                  0.066       0.126      0.302      -0.177       0.313

 S2         ON
    C                  0.285       0.256      0.143      -0.210       0.792

 S3         ON
    C                  0.072       0.185      0.358      -0.289       0.434

 S4         ON
    C                 -0.046       0.165      0.388      -0.358       0.293

 S5         ON
    C                 -0.096       0.148      0.259      -0.376       0.205

 WB         ON
    C                  0.304       0.068      0.000       0.169       0.436      *

 WB       WITH
    S1                 0.199       0.083      0.010       0.032       0.357      *
    S2                -0.046       0.177      0.396      -0.473       0.246
    S3                -0.317       0.121      0.007      -0.543      -0.064      *
    S4                -0.138       0.111      0.104      -0.367       0.071
    S5                -0.332       0.098      0.000      -0.524      -0.139      *

 S1       WITH
    S2                 0.518       0.201      0.027      -0.019       0.796
    S3                -0.112       0.166      0.262      -0.421       0.233
    S4                -0.395       0.167      0.016      -0.698      -0.040      *
    S5                 0.308       0.150      0.032      -0.022       0.585

 S2       WITH
    S3                -0.025       0.260      0.465      -0.500       0.484
    S4                -0.076       0.250      0.378      -0.573       0.389
    S5                 0.569       0.240      0.023       0.007       0.885      *

 S3       WITH
    S4                 0.224       0.212      0.186      -0.230       0.579
    S5                 0.411       0.183      0.030      -0.019       0.696

 S4       WITH
    S5                 0.122       0.220      0.297      -0.303       0.538

 Intercepts
    WB                 7.376       0.240      0.000       6.911       7.850      *
    S1                -1.099       0.133      0.000      -1.394      -0.872      *
    S2                -0.275       0.192      0.019      -0.821      -0.014      *
    S3                 0.512       0.136      0.000       0.271       0.803      *
    S4                 0.200       0.108      0.027      -0.003       0.420
    S5                -0.701       0.134      0.000      -1.008      -0.480      *

 Residual Variances
    WB                 0.983       0.008      0.000       0.964       0.995      *
    S1                 0.998       0.005      0.000       0.981       1.000      *
    S2                 0.984       0.032      0.000       0.881       1.000      *
    S3                 0.997       0.010      0.000       0.963       1.000      *
    S4                 0.997       0.008      0.000       0.973       1.000      *
    S5                 0.997       0.007      0.000       0.973       1.000      *


R-SQUARE

Within-Level R-Square Averaged Across Clusters

                                Posterior  One-Tailed         95% C.I.
    Variable        Estimate       S.D.      P-Value   Lower 2.5%  Upper 2.5%

    WB                 0.107       0.006      0.000       0.095       0.119

Between Level

                                Posterior  One-Tailed         95% C.I.
    Variable        Estimate       S.D.      P-Value   Lower 2.5%  Upper 2.5%

    WB                 0.017       0.008      0.000       0.005       0.036

                                Posterior  One-Tailed         95% C.I.
    Variable        Estimate       S.D.      P-Value   Lower 2.5%  Upper 2.5%

    S1                 0.002       0.005      0.000       0.000       0.019
    S2                 0.016       0.032      0.000       0.000       0.119
    S3                 0.003       0.010      0.000       0.000       0.037
    S4                 0.003       0.008      0.000       0.000       0.027
    S5                 0.003       0.007      0.000       0.000       0.027


TECHNICAL 1 OUTPUT


     PARAMETER SPECIFICATION FOR WITHIN


           NU
              WB            CMC           MIXED         SO            FAMILY
              ________      ________      ________      ________      ________
                    0             0             0             0             0


           NU
              WEAK_TIE      WEEKEND
              ________      ________
                    0             0


           LAMBDA
              WB            CMC           MIXED         SO            FAMILY
              ________      ________      ________      ________      ________
 WB                 0             0             0             0             0
 CMC                0             0             0             0             0
 MIXED              0             0             0             0             0
 SO                 0             0             0             0             0
 FAMILY             0             0             0             0             0
 WEAK_TIE           0             0             0             0             0
 WEEKEND            0             0             0             0             0


           LAMBDA
              WEAK_TIE      WEEKEND
              ________      ________
 WB                 0             0
 CMC                0             0
 MIXED              0             0
 SO                 0             0
 FAMILY             0             0
 WEAK_TIE           0             0
 WEEKEND            0             0


           THETA
              WB            CMC           MIXED         SO            FAMILY
              ________      ________      ________      ________      ________
 WB                 0
 CMC                0             0
 MIXED              0             0             0
 SO                 0             0             0             0
 FAMILY             0             0             0             0             0
 WEAK_TIE           0             0             0             0             0
 WEEKEND            0             0             0             0             0


           THETA
              WEAK_TIE      WEEKEND
              ________      ________
 WEAK_TIE           0
 WEEKEND            0             0


           ALPHA
              WB            CMC           MIXED         SO            FAMILY
              ________      ________      ________      ________      ________
                    0             0             0             0             0


           ALPHA
              WEAK_TIE      WEEKEND
              ________      ________
                    0             0


           BETA
              WB            CMC           MIXED         SO            FAMILY
              ________      ________      ________      ________      ________
 WB                 0             0             0             0             0
 CMC                0             0             0             0             0
 MIXED              0             0             0             0             0
 SO                 0             0             0             0             0
 FAMILY             0             0             0             0             0
 WEAK_TIE           0             0             0             0             0
 WEEKEND            0             0             0             0             0


           BETA
              WEAK_TIE      WEEKEND
              ________      ________
 WB                 0             1
 CMC                0             0
 MIXED              0             0
 SO                 0             0
 FAMILY             0             0
 WEAK_TIE           0             0
 WEEKEND            0             0


           PSI
              WB            CMC           MIXED         SO            FAMILY
              ________      ________      ________      ________      ________
 WB                 2
 CMC                0             0
 MIXED              0             0             0
 SO                 0             0             0             0
 FAMILY             0             0             0             0             0
 WEAK_TIE           0             0             0             0             0
 WEEKEND            0             0             0             0             0


           PSI
              WEAK_TIE      WEEKEND
              ________      ________
 WEAK_TIE           0
 WEEKEND            0             0


     PARAMETER SPECIFICATION FOR BETWEEN


           NU
              WB            C
              ________      ________
                    0             0


           LAMBDA
              S1            S2            S3            S4            S5
              ________      ________      ________      ________      ________
 WB                 0             0             0             0             0
 C                  0             0             0             0             0


           LAMBDA
              WB            C
              ________      ________
 WB                 0             0
 C                  0             0


           THETA
              WB            C
              ________      ________
 WB                 0
 C                  0             0


           ALPHA
              S1            S2            S3            S4            S5
              ________      ________      ________      ________      ________
                    3             4             5             6             7


           ALPHA
              WB            C
              ________      ________
                    8             0


           BETA
              S1            S2            S3            S4            S5
              ________      ________      ________      ________      ________
 S1                 0             0             0             0             0
 S2                 0             0             0             0             0
 S3                 0             0             0             0             0
 S4                 0             0             0             0             0
 S5                 0             0             0             0             0
 WB                 0             0             0             0             0
 C                  0             0             0             0             0


           BETA
              WB            C
              ________      ________
 S1                 0             9
 S2                 0            10
 S3                 0            11
 S4                 0            12
 S5                 0            13
 WB                 0            14
 C                  0             0


           PSI
              S1            S2            S3            S4            S5
              ________      ________      ________      ________      ________
 S1                15
 S2                16            17
 S3                18            19            20
 S4                21            22            23            24
 S5                25            26            27            28            29
 WB                30            31            32            33            34
 C                  0             0             0             0             0


           PSI
              WB            C
              ________      ________
 WB                35
 C                  0             0


     STARTING VALUES FOR WITHIN


           NU
              WB            CMC           MIXED         SO            FAMILY
              ________      ________      ________      ________      ________
                0.000         0.000         0.000         0.000         0.000


           NU
              WEAK_TIE      WEEKEND
              ________      ________
                0.000         0.000


           LAMBDA
              WB            CMC           MIXED         SO            FAMILY
              ________      ________      ________      ________      ________
 WB             1.000         0.000         0.000         0.000         0.000
 CMC            0.000         1.000         0.000         0.000         0.000
 MIXED          0.000         0.000         1.000         0.000         0.000
 SO             0.000         0.000         0.000         1.000         0.000
 FAMILY         0.000         0.000         0.000         0.000         1.000
 WEAK_TIE       0.000         0.000         0.000         0.000         0.000
 WEEKEND        0.000         0.000         0.000         0.000         0.000


           LAMBDA
              WEAK_TIE      WEEKEND
              ________      ________
 WB             0.000         0.000
 CMC            0.000         0.000
 MIXED          0.000         0.000
 SO             0.000         0.000
 FAMILY         0.000         0.000
 WEAK_TIE       1.000         0.000
 WEEKEND        0.000         1.000


           THETA
              WB            CMC           MIXED         SO            FAMILY
              ________      ________      ________      ________      ________
 WB             0.000
 CMC            0.000         0.000
 MIXED          0.000         0.000         0.000
 SO             0.000         0.000         0.000         0.000
 FAMILY         0.000         0.000         0.000         0.000         0.000
 WEAK_TIE       0.000         0.000         0.000         0.000         0.000
 WEEKEND        0.000         0.000         0.000         0.000         0.000


           THETA
              WEAK_TIE      WEEKEND
              ________      ________
 WEAK_TIE       0.000
 WEEKEND        0.000         0.000


           ALPHA
              WB            CMC           MIXED         SO            FAMILY
              ________      ________      ________      ________      ________
                0.000         0.000         0.000         0.000         0.000


           ALPHA
              WEAK_TIE      WEEKEND
              ________      ________
                0.000         0.000


           BETA
              WB            CMC           MIXED         SO            FAMILY
              ________      ________      ________      ________      ________
 WB             0.000         0.000         0.000         0.000         0.000
 CMC            0.000         0.000         0.000         0.000         0.000
 MIXED          0.000         0.000         0.000         0.000         0.000
 SO             0.000         0.000         0.000         0.000         0.000
 FAMILY         0.000         0.000         0.000         0.000         0.000
 WEAK_TIE       0.000         0.000         0.000         0.000         0.000
 WEEKEND        0.000         0.000         0.000         0.000         0.000


           BETA
              WEAK_TIE      WEEKEND
              ________      ________
 WB             0.000         0.000
 CMC            0.000         0.000
 MIXED          0.000         0.000
 SO             0.000         0.000
 FAMILY         0.000         0.000
 WEAK_TIE       0.000         0.000
 WEEKEND        0.000         0.000


           PSI
              WB            CMC           MIXED         SO            FAMILY
              ________      ________      ________      ________      ________
 WB             0.214
 CMC            0.000         0.086
 MIXED          0.000         0.000         0.044
 SO             0.000         0.000         0.000         0.027
 FAMILY         0.000         0.000         0.000         0.000         0.047
 WEAK_TIE       0.000         0.000         0.000         0.000         0.000
 WEEKEND        0.000         0.000         0.000         0.000         0.000


           PSI
              WEAK_TIE      WEEKEND
              ________      ________
 WEAK_TIE       0.065
 WEEKEND        0.000         0.106


     STARTING VALUES FOR BETWEEN


           NU
              WB            C
              ________      ________
                0.000         0.000


           LAMBDA
              S1            S2            S3            S4            S5
              ________      ________      ________      ________      ________
 WB             0.000         0.000         0.000         0.000         0.000
 C              0.000         0.000         0.000         0.000         0.000


           LAMBDA
              WB            C
              ________      ________
 WB             1.000         0.000
 C              0.000         1.000


           THETA
              WB            C
              ________      ________
 WB             0.000
 C              0.000         0.000


           ALPHA
              S1            S2            S3            S4            S5
              ________      ________      ________      ________      ________
                0.000         0.000         0.000         0.000         0.000


           ALPHA
              WB            C
              ________      ________
                3.022         0.000


           BETA
              S1            S2            S3            S4            S5
              ________      ________      ________      ________      ________
 S1             0.000         0.000         0.000         0.000         0.000
 S2             0.000         0.000         0.000         0.000         0.000
 S3             0.000         0.000         0.000         0.000         0.000
 S4             0.000         0.000         0.000         0.000         0.000
 S5             0.000         0.000         0.000         0.000         0.000
 WB             0.000         0.000         0.000         0.000         0.000
 C              0.000         0.000         0.000         0.000         0.000


           BETA
              WB            C
              ________      ________
 S1             0.000         0.000
 S2             0.000         0.000
 S3             0.000         0.000
 S4             0.000         0.000
 S5             0.000         0.000
 WB             0.000         0.000
 C              0.000         0.000


           PSI
              S1            S2            S3            S4            S5
              ________      ________      ________      ________      ________
 S1             1.000
 S2             0.000         1.000
 S3             0.000         0.000         1.000
 S4             0.000         0.000         0.000         1.000
 S5             0.000         0.000         0.000         0.000         1.000
 WB             0.000         0.000         0.000         0.000         0.000
 C              0.000         0.000         0.000         0.000         0.000


           PSI
              WB            C
              ________      ________
 WB             0.214
 C              0.000         0.190



     PRIORS FOR ALL PARAMETERS            PRIOR MEAN      PRIOR VARIANCE     PRIOR STD. DEV.

     Parameter 1~N(0.000,infinity)           0.0000            infinity            infinity
     Parameter 2~IG(-1.000,0.000)          infinity            infinity            infinity
     Parameter 3~N(0.000,infinity)           0.0000            infinity            infinity
     Parameter 4~N(0.000,infinity)           0.0000            infinity            infinity
     Parameter 5~N(0.000,infinity)           0.0000            infinity            infinity
     Parameter 6~N(0.000,infinity)           0.0000            infinity            infinity
     Parameter 7~N(0.000,infinity)           0.0000            infinity            infinity
     Parameter 8~N(0.000,infinity)           0.0000            infinity            infinity
     Parameter 9~N(0.000,infinity)           0.0000            infinity            infinity
     Parameter 10~N(0.000,infinity)          0.0000            infinity            infinity
     Parameter 11~N(0.000,infinity)          0.0000            infinity            infinity
     Parameter 12~N(0.000,infinity)          0.0000            infinity            infinity
     Parameter 13~N(0.000,infinity)          0.0000            infinity            infinity
     Parameter 14~N(0.000,infinity)          0.0000            infinity            infinity
     Parameter 15~IW(0.000,-7)             infinity            infinity            infinity
     Parameter 16~IW(0.000,-7)             infinity            infinity            infinity
     Parameter 17~IW(0.000,-7)             infinity            infinity            infinity
     Parameter 18~IW(0.000,-7)             infinity            infinity            infinity
     Parameter 19~IW(0.000,-7)             infinity            infinity            infinity
     Parameter 20~IW(0.000,-7)             infinity            infinity            infinity
     Parameter 21~IW(0.000,-7)             infinity            infinity            infinity
     Parameter 22~IW(0.000,-7)             infinity            infinity            infinity
     Parameter 23~IW(0.000,-7)             infinity            infinity            infinity
     Parameter 24~IW(0.000,-7)             infinity            infinity            infinity
     Parameter 25~IW(0.000,-7)             infinity            infinity            infinity
     Parameter 26~IW(0.000,-7)             infinity            infinity            infinity
     Parameter 27~IW(0.000,-7)             infinity            infinity            infinity
     Parameter 28~IW(0.000,-7)             infinity            infinity            infinity
     Parameter 29~IW(0.000,-7)             infinity            infinity            infinity
     Parameter 30~IW(0.000,-7)             infinity            infinity            infinity
     Parameter 31~IW(0.000,-7)             infinity            infinity            infinity
     Parameter 32~IW(0.000,-7)             infinity            infinity            infinity
     Parameter 33~IW(0.000,-7)             infinity            infinity            infinity
     Parameter 34~IW(0.000,-7)             infinity            infinity            infinity
     Parameter 35~IW(0.000,-7)             infinity            infinity            infinity


TECHNICAL 8 OUTPUT


   TECHNICAL 8 OUTPUT FOR BAYES ESTIMATION

     CHAIN    BSEED
     1        0
     2        285380

                     POTENTIAL       PARAMETER WITH
     ITERATION    SCALE REDUCTION      HIGHEST PSR
     100              1.820               20
     200              1.544               24
     300              1.702               23
     400              1.946               23
     500              2.197               19
     600              2.316               19
     700              2.072               19
     800              1.821               19
     900              1.500               19
     1000             1.399               19
     1100             1.473               20
     1200             1.627               20
     1300             1.484               20
     1400             1.361               20
     1500             1.288               10
     1600             1.293               23
     1700             1.278               20
     1800             1.162               20
     1900             1.189               22
     2000             1.127               22
     2100             1.128               20
     2200             1.144               19
     2300             1.152               19
     2400             1.124               19
     2500             1.069               19
     2600             1.073               19
     2700             1.061               19
     2800             1.095               23
     2900             1.114               23
     3000             1.108               23
     3100             1.143               23
     3200             1.140               23
     3300             1.121               23
     3400             1.123               23
     3500             1.123               19
     3600             1.098               19
     3700             1.072               23
     3800             1.075               23
     3900             1.073               23
     4000             1.062               23
     4100             1.062               10
     4200             1.075               10
     4300             1.058               10
     4400             1.049               10
     4500             1.046               10
     4600             1.045               10
     4700             1.039               10
     4800             1.038               24
     4900             1.041               24
     5000             1.040               24
     5100             1.034               29
     5200             1.038               22
     5300             1.040               24
     5400             1.039               24
     5500             1.045               24
     5600             1.059               24
     5700             1.064               24
     5800             1.070               23
     5900             1.077               23
     6000             1.067               23
     6100             1.060               23
     6200             1.054               23
     6300             1.057               23
     6400             1.057               23
     6500             1.051               23
     6600             1.043               23
     6700             1.035               26
     6800             1.045               26
     6900             1.045               26
     7000             1.047               26
     7100             1.051               26
     7200             1.051               26
     7300             1.055               10
     7400             1.056               10
     7500             1.052               26
     7600             1.054               26
     7700             1.057               26
     7800             1.061               26
     7900             1.067               26
     8000             1.073               19
     8100             1.090               19
     8200             1.115               19
     8300             1.124               19
     8400             1.131               19
     8500             1.148               19
     8600             1.159               19
     8700             1.148               19
     8800             1.147               19
     8900             1.134               19
     9000             1.108               19
     9100             1.092               19
     9200             1.083               19
     9300             1.075               26
     9400             1.077               26
     9500             1.076               26
     9600             1.073               26
     9700             1.072               31
     9800             1.076               31
     9900             1.075               26
     10000            1.073               26


     Beginning Time:  07:45:51
        Ending Time:  07:50:22
       Elapsed Time:  00:04:31



MUTHEN & MUTHEN
3463 Stoner Ave.
Los Angeles, CA  90066

Tel: (310) 391-9971
Fax: (310) 391-8971
Web: www.StatModel.com
Support: Support@StatModel.com

Copyright (c) 1998-2020 Muthen & Muthen
