Mplus VERSION 8.5 (Mac)
MUTHEN & MUTHEN
03/18/2022   6:47 PM

INPUT INSTRUCTIONS

  TITLE: Analysis 4
  DATA: FILE = analysis4+5_suppl1_S3.dat;
  VARIABLE:
  NAMES = ID AB angry worried happy sad WB stressed lonely
  TVC TCE SN peers family weak_ties
  E A C N O gender ethnicity SES weekend;
  USEVARIABLES = AB
  TCE SN family weak_ties
  weekend;
  CLUSTER = ID;
  WITHIN = TCE SN family weak_ties weekend;
  MISSING = .;
  DEFINE:
  CENTER TCE (GROUPMEAN);
  CENTER SN (GROUPMEAN);
  CENTER family (GROUPMEAN);
  CENTER weak_ties (GROUPMEAN);
  ANALYSIS: TYPE = TWOLEVEL RANDOM; ESTIMATOR = BAYES;
  BITERATIONS = (10000); PROCESSORS = 2;
  MODEL:
  %WITHIN%
  ! Affect balance is predicted by TCE, the slope is random
  S1 | AB ON TCE;
  ! Affect balance is predicted by SN, the slope is random
  S2 | AB ON SN;
  ! Affect balance is predicted by family, the slope is random
  S3 | AB ON family;
  ! Affect balance is predicted by weak ties, the slope is random
  S4 | AB ON weak_ties;
  ! Control for weekend
  AB ON weekend;
  %BETWEEN%
  ! Covariance between intercept and slopes
  AB S1-S4 WITH AB S1-S4;
  OUTPUT: STDYX STDY TECH8;



*** WARNING in VARIABLE command
  Note that only the first 8 characters of variable names are used in the output.
  Shorten variable names to avoid any confusion.
*** WARNING
  One or more individual-level variables have no variation within a
  cluster for the following clusters.

     Variable   Cluster IDs with no within-cluster variation

      AB          183 75 78 32 501 210 536 547 558 33 40 639 651 657 667 714 722 729 334 783 24
                  382 865 54 494 546 807 395 835 610 502 241 12 456 861 245
      WEEKEND     180 183 75 77 451 452 204 472 485 486 32 210 80 224 532 225 534 81 547 558 246
                  17 93 260 268 14 629 40 636 112 639 647 295 650 651 118 657 662 49 683 688 121
                  712 714 124 327 729 126 130 131 334 764 783 356 358 810 816 144 820 24 26 158
                  379 845 386 397 878 54 881 168 416 59 161 642 329 162 229 3 480 35 349 668 671
                  491 494 42 697 43 510 513 515 517 721 520 723 57 733 182 369 374 82 44 277 768
                  284 550 555 807 818 395 396 835 843 853 409 864 410 68 206 69 312 319 888 580
                  388 141 326 265 619 2 788 222 280 6 286 528 424 125 431 127 670 675 443 370
                  556 689 691 373 132 64 440 372 537 539 315 219 772 8 186 188 663 553 468 474
                  272 9 236 692 47 241 292 851 12 39 858 353 417 179 624 886 300 28 690 605 465
                  612 273 479 540 707 621 483 281 381 497 191 384 354 569 97 201 677 685 833 167
                  296 573 340 89 641 439 113 808 724 762 351 95 92 263 860 165 786 496 882 341
                  471 826 711 147 403 719 448 115 652 877 832 640 777 779 65 415 181 760 665 138
                  414 447 674 102 283 34

*** WARNING
  Data set contains cases with missing on all variables except
  x-variables.  These cases were not included in the analysis.
  Number of cases with missing on all variables except x-variables:  35
   3 WARNING(S) FOUND IN THE INPUT INSTRUCTIONS



Analysis 4

SUMMARY OF ANALYSIS

Number of groups                                                 1
Number of observations                                        5701

Number of dependent variables                                    1
Number of independent variables                                  5
Number of continuous latent variables                            4

Observed dependent variables

  Continuous
   AB

Observed independent variables
   TCE         SN          FAMILY      WEAK_TIE    WEEKEND

Continuous latent variables
   S1          S2          S3          S4

Variables with special functions

  Cluster variable      ID

  Within variables
   TCE         SN          FAMILY      WEAK_TIE    WEEKEND

  Centering (GROUPMEAN)
   TCE         SN          FAMILY      WEAK_TIE


Estimator                                                    BAYES
Specifications for Bayesian Estimation
  Point estimate                                            MEDIAN
  Number of Markov chain Monte Carlo (MCMC) chains               2
  Random seed for the first chain                                0
  Starting value information                           UNPERTURBED
  Algorithm used for Markov chain Monte Carlo           GIBBS(PX1)
  Convergence criterion                                  0.500D-01
  Maximum number of iterations                               50000
  K-th iteration used for thinning                               1

Input data file(s)
  analysis4+5_suppl1_S3.dat
Input data format  FREE


SUMMARY OF DATA

     Number of clusters                        775

       Size (s)    Cluster ID with Size s

          1        4 22 36 37 51 52 53 79 90 91 105 111 119 143 146 156
                   164 169 192 195 197 205 214 228 243 256 257 271 287
                   293 298 302 310 322 330 332 333 350 352 361 367 376
                   377 398 400 420 428 432 435 438 441 446 467 499 506
                   522 526 533 538 562 587 590 595 598 603 608 609 611
                   625 634 637 649 656 680 703 704 705 715 718 730 734
                   738 740 752 758 796 805 806 817 823 825 830 836 854
                   872 875 880 883 884 887 405
          2        180 183 75 77 78 451 452 461 204 472 485 486 32 500
                   501 210 80 224 532 225 534 536 81 544 547 551 558 239
                   33 246 254 17 600 93 260 268 269 620 14 629 632 40 636
                   112 639 647 295 650 651 118 657 662 667 49 683 688 303
                   121 316 712 714 124 327 722 729 328 126 130 131 334
                   137 761 764 783 23 356 358 810 816 144 820 24 26 828
                   158 379 842 845 382 865 386 397 878 54 881 168 416 59
                   170
          3        161 642 329 459 162 229 3 480 35 349 668 671 491 494
                   686 42 696 697 699 43 173 177 510 513 515 517 721 520
                   723 57 363 733 182 369 374 749 82 44 277 546 768 284
                   784 550 66 555 807 390 560 391 818 571 579 395 396 67
                   835 202 99 843 25 853 409 864 410 68 206 69 628 312
                   157 319 221 888 610
          4        317 580 716 318 139 388 141 727 492 326 732 604 262
                   265 71 615 619 504 505 218 270 769 781 402 2 788 222
                   800 280 521 6 286 528 422 424 125 431 106 127 230 670
                   83 838 672 675 443 847 20 370 862 556 689 691 695 373
                   163 132 566 570 64 706 502 577
          5        136 440 745 372 537 314 539 543 315 219 772 8 186 188
                   663 793 553 122 468 325 474 100 813 814 564 565 684
                   15 272 9 236 692 238 498 47 839 241 592 292 306 851
                   12 39 858 353 607 417 866 418 247 299 251 179 728 624
                   886 430 365 755 346 60 282 583 13
          6        782 48 300 602 687 529 28 802 690 605 465 694 406 408
                   73 612 700 273 821 618 479 540 707 621 135 483 627 375
                   46 343 281 381 497 191 384 285 258 354 436 739 437 569
                   97 392 754 518 117 442 41 444 771 201 780 244
          7        509 359 462 677 423 176 18 685 109 833 366 622 750 167
                   525 434 296 573 848 484 335 340 89 588 775 641 589 439
                   113 348 159 808 323 661 456 720 172 50 724 250
          8        585 744 234 748 297 220 463 255 831 401 646 549 837
                   762 599 351 237 770 153 554 849 123 95 92 263 860 861
                   165 266 786 426 187 493 450 496 681 882 341 575 232
                   578 455 815 631
          9        21 19 542 606 178 466 495 209 407 523 469 801 552 776
                   871 471 826 1 301 393 200 559 152 380 304 711 147 189
                   357
         10        368 403 155 31 719 470 448 766 338 859 115 617 586 652
                   773 110 148 360 827 877 457 879 507 274 832 626 215
                   511 331 514 38 841 107
         11        294 869 676 597 305 791 767 638 659 226 640 74 563 726
                   576 777 362 55
         12        88 779 644 645 508 713 120 785 648 108 65 535 216 264
                   275 276 324 371 487 72 87 669 614 133 429 489
         13        411 803 863 572 415 85 181 809 458 213 464 682 760 548
                   660 490 199 421 665 567 475 655 829
         14        616 231 193 855 594 427 308 138 519 414 190 601 708
                   261
         15        658 385 447 613 674 194 868 249 584 174 873
         16        596 425 561 101 145 633 789 307
         17        394 102 283 291 850 449 765
         18        337 795 347 874 673 746 84 140 664 623 753 227 591 288
                   812 345
         19        743 453 702 763 289 581 252 643 16 212 709 445 34
         20        798 799 245
         21        344 364
         22        208 582 454 62
         23        419 759
         24        679 129 557
         25        412 653 154
         26        731 313 476
         27        819
         28        389
         29        235 568
         30        794
         31        747
         33        151
         34        757 774
         36        98
         37        198
         39        27
         44        840
         47        530
         49        824
         58        320
         60        433



COVARIANCE COVERAGE OF DATA

Minimum covariance coverage value   0.100

     Number of missing data patterns             1


     PROPORTION OF DATA PRESENT


           Covariance Coverage
              AB            TCE           SN            FAMILY        WEAK_TIE
              ________      ________      ________      ________      ________
 AB             1.000
 TCE            1.000         1.000
 SN             1.000         1.000         1.000
 FAMILY         1.000         1.000         1.000         1.000
 WEAK_TIE       1.000         1.000         1.000         1.000         1.000
 WEEKEND        1.000         1.000         1.000         1.000         1.000


           Covariance Coverage
              WEEKEND
              ________
 WEEKEND        1.000



UNIVARIATE SAMPLE STATISTICS


     UNIVARIATE HIGHER-ORDER MOMENT DESCRIPTIVE STATISTICS

         Variable/         Mean/     Skewness/   Minimum/ % with                Percentiles
        Sample Size      Variance    Kurtosis    Maximum  Min/Max      20%/60%    40%/80%    Median

     AB                    0.889      -0.291      -3.000    0.65%      -0.333      0.667      1.000
            5701.000       1.762      -0.334       3.000   10.38%       1.333      2.000
     TCE                   0.000       0.205      -0.966    0.02%      -0.222      0.000      0.000
            5701.000       0.119       0.532       0.960    0.02%       0.000      0.211
     SN                    0.000       1.577      -0.941    0.02%      -0.053      0.000      0.000
            5701.000       0.042       8.382       0.967    0.02%       0.000      0.000
     FAMILY                0.000       1.680      -0.889    0.04%      -0.111      0.000      0.000
            5701.000       0.064       4.493       0.983    0.02%       0.000      0.000
     WEAK_TIES             0.000       0.466      -0.957    0.02%      -0.250     -0.059      0.000
            5701.000       0.125       0.221       0.983    0.02%       0.000      0.286
     WEEKEND               0.188       1.598       0.000   81.21%       0.000      0.000      0.000
            5701.000       0.153       0.554       1.000   18.79%       0.000      0.000


THE MODEL ESTIMATION TERMINATED NORMALLY

     USE THE FBITERATIONS OPTION TO INCREASE THE NUMBER OF ITERATIONS BY A FACTOR
     OF AT LEAST TWO TO CHECK CONVERGENCE AND THAT THE PSR VALUE DOES NOT INCREASE.



MODEL FIT INFORMATION

Number of Free Parameters                              22

Information Criteria

          Deviance (DIC)                        16610.450
          Estimated Number of Parameters (pD)     798.225



MODEL RESULTS

                                Posterior  One-Tailed         95% C.I.
                    Estimate       S.D.      P-Value   Lower 2.5%  Upper 2.5%  Significance

Within Level

 AB         ON
    WEEKEND            0.201       0.037      0.000       0.128       0.273      *

 Residual Variances
    AB                 0.938       0.020      0.000       0.900       0.978      *

Between Level

 AB       WITH
    S1                -0.049       0.046      0.152      -0.137       0.042
    S2                 0.087       0.078      0.122      -0.072       0.236
    S3                 0.040       0.059      0.253      -0.074       0.156
    S4                -0.072       0.046      0.048      -0.167       0.011

 S1       WITH
    S2                 0.145       0.073      0.009       0.017       0.303      *
    S3                -0.020       0.052      0.343      -0.115       0.096
    S4                 0.038       0.037      0.128      -0.030       0.118

 S2       WITH
    S3                 0.039       0.087      0.320      -0.120       0.210
    S4                 0.007       0.060      0.453      -0.091       0.148

 S3       WITH
    S4                 0.021       0.053      0.363      -0.066       0.131

 Means
    AB                 0.894       0.037      0.000       0.821       0.966      *
    S1                -0.162       0.047      0.000      -0.256      -0.070      *
    S2                -0.164       0.078      0.017      -0.319      -0.013      *
    S3                -0.230       0.056      0.000      -0.341      -0.115      *
    S4                -0.268       0.045      0.000      -0.356      -0.177      *

 Variances
    AB                 0.771       0.050      0.000       0.677       0.872      *
    S1                 0.156       0.058      0.000       0.032       0.264      *
    S2                 0.343       0.146      0.000       0.127       0.700      *
    S3                 0.133       0.075      0.000       0.039       0.323      *
    S4                 0.103       0.054      0.000       0.015       0.229      *


STANDARDIZED MODEL RESULTS


STDYX Standardization

                                Posterior  One-Tailed         95% C.I.
                    Estimate       S.D.      P-Value   Lower 2.5%  Upper 2.5%  Significance

Within-Level Standardized Estimates Averaged Over Clusters

 S1 | AB ON
    TCE               -0.037       0.010      0.000      -0.057      -0.018      *

 S2 | AB ON
    SN                -0.015       0.005      0.007      -0.025      -0.003      *

 S3 | AB ON
    FAMILY            -0.031       0.007      0.000      -0.046      -0.017      *

 S4 | AB ON
    WEAK_TIES         -0.067       0.012      0.000      -0.089      -0.043      *

 AB         ON
    WEEKEND            0.044       0.008      0.000       0.028       0.061      *

 Residual Variances
    AB                 0.953       0.006      0.000       0.940       0.962      *

Between Level

 AB       WITH
    S1                -0.150       0.139      0.152      -0.398       0.139
    S2                 0.172       0.158      0.122      -0.134       0.505
    S3                 0.128       0.184      0.253      -0.210       0.490
    S4                -0.260       0.166      0.048      -0.627       0.049

 S1       WITH
    S2                 0.661       0.192      0.009       0.159       0.882      *
    S3                -0.149       0.366      0.343      -0.853       0.554
    S4                 0.327       0.274      0.128      -0.396       0.715

 S2       WITH
    S3                 0.199       0.370      0.320      -0.594       0.740
    S4                 0.042       0.301      0.453      -0.516       0.588

 S3       WITH
    S4                 0.202       0.428      0.363      -0.727       0.810

 Means
    AB                 1.018       0.053      0.000       0.915       1.124      *
    S1                -0.421       0.234      0.000      -0.976      -0.183      *
    S2                -0.282       0.155      0.017      -0.638      -0.021      *
    S3                -0.640       0.233      0.000      -1.161      -0.269      *
    S4                -0.833       0.383      0.000      -2.115      -0.464      *

 Variances
    AB                 1.000       0.000      0.000       1.000       1.000
    S1                 1.000       0.000      0.000       1.000       1.000
    S2                 1.000       0.000      0.000       1.000       1.000
    S3                 1.000       0.000      0.000       1.000       1.000
    S4                 1.000       0.000      0.000       1.000       1.000


STDY Standardization

                                Posterior  One-Tailed         95% C.I.
                    Estimate       S.D.      P-Value   Lower 2.5%  Upper 2.5%  Significance

Within-Level Standardized Estimates Averaged Over Clusters

 S1 | AB ON
    TCE               -0.178       0.048      0.000      -0.276      -0.088      *

 S2 | AB ON
    SN                -0.156       0.065      0.019      -0.264      -0.013      *

 S3 | AB ON
    FAMILY            -0.230       0.053      0.000      -0.341      -0.132      *

 S4 | AB ON
    WEAK_TIES         -0.275       0.049      0.000      -0.361      -0.174      *

 AB         ON
    WEEKEND            0.197       0.037      0.000       0.125       0.272      *

 Residual Variances
    AB                 0.953       0.006      0.000       0.940       0.962      *

Between Level

 AB       WITH
    S1                -0.150       0.139      0.152      -0.398       0.139
    S2                 0.172       0.158      0.122      -0.134       0.505
    S3                 0.128       0.184      0.253      -0.210       0.490
    S4                -0.260       0.166      0.048      -0.627       0.049

 S1       WITH
    S2                 0.661       0.192      0.009       0.159       0.882      *
    S3                -0.149       0.366      0.343      -0.853       0.554
    S4                 0.327       0.274      0.128      -0.396       0.715

 S2       WITH
    S3                 0.199       0.370      0.320      -0.594       0.740
    S4                 0.042       0.301      0.453      -0.516       0.588

 S3       WITH
    S4                 0.202       0.428      0.363      -0.727       0.810

 Means
    AB                 1.018       0.053      0.000       0.915       1.124      *
    S1                -0.421       0.234      0.000      -0.976      -0.183      *
    S2                -0.282       0.155      0.017      -0.638      -0.021      *
    S3                -0.640       0.233      0.000      -1.161      -0.269      *
    S4                -0.833       0.383      0.000      -2.115      -0.464      *

 Variances
    AB                 1.000       0.000      0.000       1.000       1.000
    S1                 1.000       0.000      0.000       1.000       1.000
    S2                 1.000       0.000      0.000       1.000       1.000
    S3                 1.000       0.000      0.000       1.000       1.000
    S4                 1.000       0.000      0.000       1.000       1.000


R-SQUARE

Within-Level R-Square Averaged Across Clusters

                                Posterior  One-Tailed         95% C.I.
    Variable        Estimate       S.D.      P-Value   Lower 2.5%  Upper 2.5%

    AB                 0.047       0.006      0.000       0.038       0.060


TECHNICAL 1 OUTPUT


     PARAMETER SPECIFICATION FOR WITHIN


           NU
              AB            TCE           SN            FAMILY        WEAK_TIE
              ________      ________      ________      ________      ________
                    0             0             0             0             0


           NU
              WEEKEND
              ________
                    0


           LAMBDA
              AB            TCE           SN            FAMILY        WEAK_TIE
              ________      ________      ________      ________      ________
 AB                 0             0             0             0             0
 TCE                0             0             0             0             0
 SN                 0             0             0             0             0
 FAMILY             0             0             0             0             0
 WEAK_TIE           0             0             0             0             0
 WEEKEND            0             0             0             0             0


           LAMBDA
              WEEKEND
              ________
 AB                 0
 TCE                0
 SN                 0
 FAMILY             0
 WEAK_TIE           0
 WEEKEND            0


           THETA
              AB            TCE           SN            FAMILY        WEAK_TIE
              ________      ________      ________      ________      ________
 AB                 0
 TCE                0             0
 SN                 0             0             0
 FAMILY             0             0             0             0
 WEAK_TIE           0             0             0             0             0
 WEEKEND            0             0             0             0             0


           THETA
              WEEKEND
              ________
 WEEKEND            0


           ALPHA
              AB            TCE           SN            FAMILY        WEAK_TIE
              ________      ________      ________      ________      ________
                    0             0             0             0             0


           ALPHA
              WEEKEND
              ________
                    0


           BETA
              AB            TCE           SN            FAMILY        WEAK_TIE
              ________      ________      ________      ________      ________
 AB                 0             0             0             0             0
 TCE                0             0             0             0             0
 SN                 0             0             0             0             0
 FAMILY             0             0             0             0             0
 WEAK_TIE           0             0             0             0             0
 WEEKEND            0             0             0             0             0


           BETA
              WEEKEND
              ________
 AB                 1
 TCE                0
 SN                 0
 FAMILY             0
 WEAK_TIE           0
 WEEKEND            0


           PSI
              AB            TCE           SN            FAMILY        WEAK_TIE
              ________      ________      ________      ________      ________
 AB                 2
 TCE                0             0
 SN                 0             0             0
 FAMILY             0             0             0             0
 WEAK_TIE           0             0             0             0             0
 WEEKEND            0             0             0             0             0


           PSI
              WEEKEND
              ________
 WEEKEND            0


     PARAMETER SPECIFICATION FOR BETWEEN


           NU
              AB
              ________
                    0


           LAMBDA
              S1            S2            S3            S4            AB
              ________      ________      ________      ________      ________
 AB                 0             0             0             0             0


           THETA
              AB
              ________
 AB                 0


           ALPHA
              S1            S2            S3            S4            AB
              ________      ________      ________      ________      ________
                    3             4             5             6             7


           BETA
              S1            S2            S3            S4            AB
              ________      ________      ________      ________      ________
 S1                 0             0             0             0             0
 S2                 0             0             0             0             0
 S3                 0             0             0             0             0
 S4                 0             0             0             0             0
 AB                 0             0             0             0             0


           PSI
              S1            S2            S3            S4            AB
              ________      ________      ________      ________      ________
 S1                 8
 S2                 9            10
 S3                11            12            13
 S4                14            15            16            17
 AB                18            19            20            21            22


     STARTING VALUES FOR WITHIN


           NU
              AB            TCE           SN            FAMILY        WEAK_TIE
              ________      ________      ________      ________      ________
                0.000         0.000         0.000         0.000         0.000


           NU
              WEEKEND
              ________
                0.000


           LAMBDA
              AB            TCE           SN            FAMILY        WEAK_TIE
              ________      ________      ________      ________      ________
 AB             1.000         0.000         0.000         0.000         0.000
 TCE            0.000         1.000         0.000         0.000         0.000
 SN             0.000         0.000         1.000         0.000         0.000
 FAMILY         0.000         0.000         0.000         1.000         0.000
 WEAK_TIE       0.000         0.000         0.000         0.000         1.000
 WEEKEND        0.000         0.000         0.000         0.000         0.000


           LAMBDA
              WEEKEND
              ________
 AB             0.000
 TCE            0.000
 SN             0.000
 FAMILY         0.000
 WEAK_TIE       0.000
 WEEKEND        1.000


           THETA
              AB            TCE           SN            FAMILY        WEAK_TIE
              ________      ________      ________      ________      ________
 AB             0.000
 TCE            0.000         0.000
 SN             0.000         0.000         0.000
 FAMILY         0.000         0.000         0.000         0.000
 WEAK_TIE       0.000         0.000         0.000         0.000         0.000
 WEEKEND        0.000         0.000         0.000         0.000         0.000


           THETA
              WEEKEND
              ________
 WEEKEND        0.000


           ALPHA
              AB            TCE           SN            FAMILY        WEAK_TIE
              ________      ________      ________      ________      ________
                0.000         0.000         0.000         0.000         0.000


           ALPHA
              WEEKEND
              ________
                0.000


           BETA
              AB            TCE           SN            FAMILY        WEAK_TIE
              ________      ________      ________      ________      ________
 AB             0.000         0.000         0.000         0.000         0.000
 TCE            0.000         0.000         0.000         0.000         0.000
 SN             0.000         0.000         0.000         0.000         0.000
 FAMILY         0.000         0.000         0.000         0.000         0.000
 WEAK_TIE       0.000         0.000         0.000         0.000         0.000
 WEEKEND        0.000         0.000         0.000         0.000         0.000


           BETA
              WEEKEND
              ________
 AB             0.000
 TCE            0.000
 SN             0.000
 FAMILY         0.000
 WEAK_TIE       0.000
 WEEKEND        0.000


           PSI
              AB            TCE           SN            FAMILY        WEAK_TIE
              ________      ________      ________      ________      ________
 AB             0.881
 TCE            0.000         0.059
 SN             0.000         0.000         0.021
 FAMILY         0.000         0.000         0.000         0.032
 WEAK_TIE       0.000         0.000         0.000         0.000         0.063
 WEEKEND        0.000         0.000         0.000         0.000         0.000


           PSI
              WEEKEND
              ________
 WEEKEND        0.076


     STARTING VALUES FOR BETWEEN


           NU
              AB
              ________
                0.000


           LAMBDA
              S1            S2            S3            S4            AB
              ________      ________      ________      ________      ________
 AB             0.000         0.000         0.000         0.000         1.000


           THETA
              AB
              ________
 AB             0.000


           ALPHA
              S1            S2            S3            S4            AB
              ________      ________      ________      ________      ________
                0.000         0.000         0.000         0.000         0.889


           BETA
              S1            S2            S3            S4            AB
              ________      ________      ________      ________      ________
 S1             0.000         0.000         0.000         0.000         0.000
 S2             0.000         0.000         0.000         0.000         0.000
 S3             0.000         0.000         0.000         0.000         0.000
 S4             0.000         0.000         0.000         0.000         0.000
 AB             0.000         0.000         0.000         0.000         0.000


           PSI
              S1            S2            S3            S4            AB
              ________      ________      ________      ________      ________
 S1             1.000
 S2             0.000         1.000
 S3             0.000         0.000         1.000
 S4             0.000         0.000         0.000         1.000
 AB             0.000         0.000         0.000         0.000         0.881



     PRIORS FOR ALL PARAMETERS            PRIOR MEAN      PRIOR VARIANCE     PRIOR STD. DEV.

     Parameter 1~N(0.000,infinity)           0.0000            infinity            infinity
     Parameter 2~IG(-1.000,0.000)          infinity            infinity            infinity
     Parameter 3~N(0.000,infinity)           0.0000            infinity            infinity
     Parameter 4~N(0.000,infinity)           0.0000            infinity            infinity
     Parameter 5~N(0.000,infinity)           0.0000            infinity            infinity
     Parameter 6~N(0.000,infinity)           0.0000            infinity            infinity
     Parameter 7~N(0.000,infinity)           0.0000            infinity            infinity
     Parameter 8~IW(0.000,-6)              infinity            infinity            infinity
     Parameter 9~IW(0.000,-6)              infinity            infinity            infinity
     Parameter 10~IW(0.000,-6)             infinity            infinity            infinity
     Parameter 11~IW(0.000,-6)             infinity            infinity            infinity
     Parameter 12~IW(0.000,-6)             infinity            infinity            infinity
     Parameter 13~IW(0.000,-6)             infinity            infinity            infinity
     Parameter 14~IW(0.000,-6)             infinity            infinity            infinity
     Parameter 15~IW(0.000,-6)             infinity            infinity            infinity
     Parameter 16~IW(0.000,-6)             infinity            infinity            infinity
     Parameter 17~IW(0.000,-6)             infinity            infinity            infinity
     Parameter 18~IW(0.000,-6)             infinity            infinity            infinity
     Parameter 19~IW(0.000,-6)             infinity            infinity            infinity
     Parameter 20~IW(0.000,-6)             infinity            infinity            infinity
     Parameter 21~IW(0.000,-6)             infinity            infinity            infinity
     Parameter 22~IW(0.000,-6)             infinity            infinity            infinity


TECHNICAL 8 OUTPUT


   TECHNICAL 8 OUTPUT FOR BAYES ESTIMATION

     CHAIN    BSEED
     1        0
     2        285380

                     POTENTIAL       PARAMETER WITH
     ITERATION    SCALE REDUCTION      HIGHEST PSR
     100              3.832               12
     200              3.282               12
     300              3.148               12
     400              2.368               12
     500              2.138               17
     600              2.153               13
     700              1.980               13
     800              1.959               15
     900              1.896               13
     1000             2.080               13
     1100             1.999               13
     1200             1.665               13
     1300             1.378               13
     1400             1.352               12
     1500             1.293               12
     1600             1.317               12
     1700             1.342               12
     1800             1.345               12
     1900             1.301               12
     2000             1.289               12
     2100             1.350               12
     2200             1.355               12
     2300             1.281               12
     2400             1.279               12
     2500             1.235               12
     2600             1.213               12
     2700             1.212               12
     2800             1.219               12
     2900             1.253               12
     3000             1.276               12
     3100             1.297               12
     3200             1.242               12
     3300             1.177               12
     3400             1.191               12
     3500             1.200               12
     3600             1.215               12
     3700             1.268               12
     3800             1.302               12
     3900             1.333               12
     4000             1.365               12
     4100             1.382               12
     4200             1.413               15
     4300             1.479               15
     4400             1.556               15
     4500             1.589               15
     4600             1.630               15
     4700             1.662               15
     4800             1.706               15
     4900             1.734               15
     5000             1.719               15
     5100             1.674               15
     5200             1.593               15
     5300             1.571               15
     5400             1.557               15
     5500             1.467               15
     5600             1.457               15
     5700             1.456               15
     5800             1.444               15
     5900             1.417               15
     6000             1.425               15
     6100             1.384               15
     6200             1.344               15
     6300             1.322               17
     6400             1.373               17
     6500             1.428               17
     6600             1.449               17
     6700             1.376               17
     6800             1.288               17
     6900             1.238               15
     7000             1.232               15
     7100             1.213               15
     7200             1.187               15
     7300             1.158               17
     7400             1.154               17
     7500             1.157               13
     7600             1.160               13
     7700             1.153               13
     7800             1.149               13
     7900             1.122               13
     8000             1.111               13
     8100             1.096               13
     8200             1.091               13
     8300             1.097               13
     8400             1.087               13
     8500             1.080               13
     8600             1.081               13
     8700             1.085               13
     8800             1.085               13
     8900             1.080               13
     9000             1.066               13
     9100             1.060               14
     9200             1.062               14
     9300             1.055               13
     9400             1.051               14
     9500             1.051               14
     9600             1.053               14
     9700             1.050               12
     9800             1.048               12
     9900             1.048               12
     10000            1.059               13


     Beginning Time:  18:47:05
        Ending Time:  18:50:36
       Elapsed Time:  00:03:31



MUTHEN & MUTHEN
3463 Stoner Ave.
Los Angeles, CA  90066

Tel: (310) 391-9971
Fax: (310) 391-8971
Web: www.StatModel.com
Support: Support@StatModel.com

Copyright (c) 1998-2020 Muthen & Muthen
