Mplus VERSION 8.5 (Mac)
MUTHEN & MUTHEN
03/18/2022   7:08 PM

INPUT INSTRUCTIONS

  TITLE: Analysis 4
  DATA: FILE = analysis4+5_suppl1_S3.dat;
  VARIABLE:
  NAMES = ID AB angry worried happy sad WB stressed lonely
  TVC TCE SN peers family weak_ties
  E A C N O gender ethnicity SES weekend;
  USEVARIABLES = AB
  TCE SN family weak_ties
  weekend O;
  CLUSTER = ID;
  WITHIN = TCE SN family weak_ties weekend;
  BETWEEN = O;
  MISSING = .;
  DEFINE:
  CENTER TCE (GROUPMEAN);
  CENTER SN (GROUPMEAN);
  CENTER family (GROUPMEAN);
  CENTER weak_ties (GROUPMEAN);
  CENTER O (GRANDMEAN);
  ANALYSIS: TYPE = TWOLEVEL RANDOM; ESTIMATOR = BAYES;
  BITERATIONS = (10000); PROCESSORS = 2;
  MODEL:
  %WITHIN%
  ! Affect balance is predicted by TCE, the slope is random
  S1 | AB ON TCE;
  ! Affect balance is predicted by SN, the slope is random
  S2 | AB ON SN;
  ! Affect balance is predicted by family, the slope is random
  S3 | AB ON family;
  ! Affect balance is predicted by weak ties, the slope is random
  S4 | AB ON weak_ties;
  ! Control for weekend
  AB ON weekend;
  %BETWEEN%
  ! Covariance between intercept and slopes
  AB S1-S4 WITH AB S1-S4;
  ! The intercept is predicted by openness
  AB ON O;
  ! The slopes are predicted by openness
  S1-S4 ON O;
  OUTPUT: STDYX STDY TECH8;



*** WARNING in VARIABLE command
  Note that only the first 8 characters of variable names are used in the output.
  Shorten variable names to avoid any confusion.
*** WARNING
  One or more individual-level variables have no variation within a
  cluster for the following clusters.

     Variable   Cluster IDs with no within-cluster variation

      AB          183 75 32 501 210 536 547 558 33 40 639 651 657 667 714 722 729 783 24 382 865
                  54 494 546 807 835 610 502 241 12 861 245
      WEEKEND     180 183 75 77 451 452 204 472 485 486 32 210 80 532 225 534 81 547 558 246 93
                  260 268 14 629 40 636 639 647 295 650 651 118 657 662 49 683 712 714 124 327
                  729 126 130 131 764 783 356 358 810 816 820 24 26 158 379 845 386 397 54 881
                  168 416 59 161 642 162 229 3 480 349 668 671 491 494 42 697 43 510 513 515 517
                  721 520 723 57 733 182 369 374 82 277 768 555 807 818 396 835 843 853 409 864
                  68 69 312 319 888 580 388 141 265 619 2 788 222 280 6 286 528 424 125 431 127
                  670 675 443 370 556 689 691 373 132 64 440 372 537 539 315 219 772 8 186 188
                  663 553 474 272 9 236 692 47 241 292 851 12 39 858 353 417 179 624 886 300 28
                  690 605 465 612 273 479 707 621 483 281 381 497 191 384 354 569 97 201 677 685
                  833 167 296 573 340 89 439 808 762 351 95 92 263 860 165 496 882 341 471 826
                  711 147 403 719 448 115 652 877 640 777 779 65 415 181 760 665 138 414 447 674
                  102 283 34

*** WARNING
  Data set contains cases with missing on x-variables.
  These cases were not included in the analysis.
  Number of cases with missing on x-variables:  651
*** WARNING
  Data set contains cases with missing on all variables except
  x-variables.  These cases were not included in the analysis.
  Number of cases with missing on all variables except x-variables:  28
   4 WARNING(S) FOUND IN THE INPUT INSTRUCTIONS



Analysis 4

SUMMARY OF ANALYSIS

Number of groups                                                 1
Number of observations                                        5057

Number of dependent variables                                    1
Number of independent variables                                  6
Number of continuous latent variables                            4

Observed dependent variables

  Continuous
   AB

Observed independent variables
   TCE         SN          FAMILY      WEAK_TIE    WEEKEND     O

Continuous latent variables
   S1          S2          S3          S4

Variables with special functions

  Cluster variable      ID

  Within variables
   TCE         SN          FAMILY      WEAK_TIE    WEEKEND

  Between variables
   O

  Centering (GRANDMEAN)
   O

  Centering (GROUPMEAN)
   TCE         SN          FAMILY      WEAK_TIE


Estimator                                                    BAYES
Specifications for Bayesian Estimation
  Point estimate                                            MEDIAN
  Number of Markov chain Monte Carlo (MCMC) chains               2
  Random seed for the first chain                                0
  Starting value information                           UNPERTURBED
  Algorithm used for Markov chain Monte Carlo           GIBBS(PX1)
  Convergence criterion                                  0.500D-01
  Maximum number of iterations                               50000
  K-th iteration used for thinning                               1

Input data file(s)
  analysis4+5_suppl1_S3.dat
Input data format  FREE


SUMMARY OF DATA

     Number of clusters                        691

       Size (s)    Cluster ID with Size s

          1        4 22 36 37 51 52 53 90 105 111 119 143 146 156 164 192
                   195 214 228 243 256 257 271 287 293 298 302 310 322
                   330 332 333 350 352 367 376 377 398 400 420 428 432
                   435 441 446 467 499 506 522 533 562 587 595 598 603
                   608 611 625 634 637 656 680 703 704 705 715 718 730
                   734 738 740 752 758 796 805 806 817 823 825 830 836
                   854 872 880 883 884 887 405
          2        180 183 75 77 451 452 461 204 472 485 486 32 500 501
                   210 80 532 225 534 536 81 547 551 558 239 33 246 254
                   600 93 260 268 269 620 14 629 632 40 636 639 647 295
                   650 651 118 657 662 667 49 683 303 316 712 714 124 327
                   722 729 328 126 130 131 137 761 764 783 356 358 810
                   816 820 24 26 158 379 842 845 382 865 386 397 54 881
                   168 416 59 170
          3        161 642 459 162 229 3 480 349 668 671 491 494 686 42
                   697 699 43 173 177 510 513 515 517 721 520 723 57 363
                   733 182 369 374 82 277 546 768 784 66 555 807 390 560
                   391 818 571 579 396 67 835 202 99 843 25 853 409 864
                   68 69 628 312 157 319 221 888 610
          4        317 580 716 318 388 141 727 492 732 604 262 265 71 615
                   619 505 218 270 769 781 402 2 788 222 800 280 521 6
                   286 528 424 125 431 106 127 230 670 83 838 672 675 443
                   847 20 370 862 556 689 691 695 373 163 132 566 570 64
                   706 502 577
          5        440 745 372 537 314 539 543 315 219 772 8 186 188 663
                   793 553 122 325 474 100 813 814 564 565 684 15 272 9
                   236 692 238 498 47 839 241 592 292 306 851 12 39 858
                   353 607 417 866 418 247 299 251 179 728 624 886 430
                   755 346 282 13
          6        780 244 782 300 602 687 529 28 690 605 465 694 406 408
                   73 612 700 273 821 618 479 707 621 135 483 627 375 46
                   343 281 381 497 191 384 285 258 354 436 739 437 569
                   97 754 518 117 41 444 771 201
          7        462 677 423 176 18 685 109 833 366 622 750 167 525 434
                   296 573 848 484 335 340 89 588 775 589 439 808 348 159
                   323 250 720 172 50 509
          8        631 585 744 234 748 220 463 255 831 401 646 549 837
                   762 599 351 237 770 153 554 849 123 95 92 263 860 861
                   165 266 426 187 450 496 681 882 341 232 578 815
          9        189 21 19 542 606 178 495 209 407 523 469 552 776 871
                   471 826 1 301 393 200 559 152 380 304 711 147 801 357
         10        368 403 155 31 719 470 448 766 338 115 586 652 110 148
                   360 827 877 507 274 626 215 511 331 514 38 841 107
         11        869 676 597 305 791 767 659 226 640 74 563 726 777 362
                   55
         12        88 779 644 645 508 713 120 648 65 535 216 264 275 276
                   324 371 487 72 87 669 614 133 429 489
         13        803 863 572 415 85 181 809 458 213 829 682 760 548 660
                   490 199 421 665 567 475 655 411
         14        231 193 855 594 427 308 138 519 414 190 601 708 261
         15        658 385 447 613 674 194 249 584 174 873
         16        596 425 561 101 145 633 789 307
         17        394 102 283 291 850 449 765
         18        795 347 746 84 140 664 623 753 227 591 812 345
         19        743 453 763 289 252 643 16 212 709 445 34
         20        798 799 245
         21        344 364
         22        208 582 454 62
         23        419 759
         24        679 129 557
         25        412 653 154
         26        731 313 476
         27        819
         29        235 568
         30        794
         31        747
         33        151
         34        757 774
         36        98
         37        198
         39        27
         44        840
         47        530
         49        824



COVARIANCE COVERAGE OF DATA

Minimum covariance coverage value   0.100

     Number of missing data patterns             1


     PROPORTION OF DATA PRESENT


           Covariance Coverage
              AB            TCE           SN            FAMILY        WEAK_TIE
              ________      ________      ________      ________      ________
 AB             1.000
 TCE            1.000         1.000
 SN             1.000         1.000         1.000
 FAMILY         1.000         1.000         1.000         1.000
 WEAK_TIE       1.000         1.000         1.000         1.000         1.000
 WEEKEND        1.000         1.000         1.000         1.000         1.000
 O              1.000         1.000         1.000         1.000         1.000


           Covariance Coverage
              WEEKEND       O
              ________      ________
 WEEKEND        1.000
 O              1.000         1.000



UNIVARIATE SAMPLE STATISTICS


     UNIVARIATE HIGHER-ORDER MOMENT DESCRIPTIVE STATISTICS

         Variable/         Mean/     Skewness/   Minimum/ % with                Percentiles
        Sample Size      Variance    Kurtosis    Maximum  Min/Max      20%/60%    40%/80%    Median

     AB                    0.901      -0.276      -3.000    0.40%       0.000      0.667      1.000
            5057.000       1.687      -0.363       3.000    9.81%       1.333      2.000
     TCE                   0.000       0.170      -0.966    0.02%      -0.231      0.000      0.000
            5057.000       0.120       0.475       0.960    0.02%       0.000      0.222
     SN                    0.000       1.666      -0.941    0.02%      -0.053      0.000      0.000
            5057.000       0.042       8.390       0.967    0.02%       0.000      0.000
     FAMILY                0.000       1.724      -0.889    0.04%      -0.118      0.000      0.000
            5057.000       0.065       4.499       0.979    0.02%       0.000      0.000
     WEAK_TIES             0.000       0.442      -0.957    0.02%      -0.250     -0.077      0.000
            5057.000       0.129       0.113       0.968    0.02%       0.000      0.300
     WEEKEND               0.183       1.639       0.000   81.69%       0.000      0.000      0.000
            5057.000       0.150       0.685       1.000   18.31%       0.000      0.000
     O                     0.000      -0.219      -1.898    0.14%      -0.565     -0.148      0.018
             691.000       0.425      -0.483       1.268    1.59%       0.185      0.602


THE MODEL ESTIMATION TERMINATED NORMALLY

     USE THE FBITERATIONS OPTION TO INCREASE THE NUMBER OF ITERATIONS BY A FACTOR
     OF AT LEAST TWO TO CHECK CONVERGENCE AND THAT THE PSR VALUE DOES NOT INCREASE.



MODEL FIT INFORMATION

Number of Free Parameters                              27

Information Criteria

          Deviance (DIC)                        14797.567
          Estimated Number of Parameters (pD)     716.623



MODEL RESULTS

                                Posterior  One-Tailed         95% C.I.
                    Estimate       S.D.      P-Value   Lower 2.5%  Upper 2.5%  Significance

Within Level

 AB         ON
    WEEKEND            0.202       0.040      0.000       0.125       0.279      *

 Residual Variances
    AB                 0.948       0.021      0.000       0.907       0.992      *

Between Level

 S1         ON
    O                 -0.054       0.084      0.261      -0.212       0.115

 S2         ON
    O                 -0.025       0.132      0.423      -0.283       0.236

 S3         ON
    O                  0.018       0.097      0.426      -0.158       0.216

 S4         ON
    O                  0.107       0.079      0.089      -0.049       0.262

 AB         ON
    O                  0.074       0.057      0.095      -0.038       0.187

 AB       WITH
    S1                -0.054       0.047      0.127      -0.147       0.039
    S2                 0.087       0.084      0.139      -0.080       0.263
    S3                 0.006       0.064      0.464      -0.113       0.140
    S4                -0.089       0.044      0.019      -0.176      -0.005      *

 S1       WITH
    S2                 0.134       0.078      0.035      -0.011       0.295
    S3                -0.011       0.052      0.415      -0.105       0.095
    S4                 0.038       0.046      0.162      -0.033       0.145

 S2       WITH
    S3                 0.048       0.092      0.270      -0.121       0.241
    S4                -0.003       0.067      0.484      -0.113       0.140

 S3       WITH
    S4                 0.029       0.054      0.301      -0.055       0.151

 Intercepts
    AB                 0.901       0.038      0.000       0.828       0.975      *
    S1                -0.171       0.053      0.001      -0.274      -0.066      *
    S2                -0.187       0.083      0.015      -0.344      -0.019      *
    S3                -0.215       0.070      0.000      -0.360      -0.088      *
    S4                -0.276       0.048      0.000      -0.368      -0.181      *

 Residual Variances
    AB                 0.711       0.051      0.000       0.617       0.816      *
    S1                 0.176       0.060      0.000       0.075       0.310      *
    S2                 0.333       0.138      0.000       0.148       0.692      *
    S3                 0.152       0.093      0.000       0.025       0.378      *
    S4                 0.106       0.050      0.000       0.046       0.245      *


STANDARDIZED MODEL RESULTS


STDYX Standardization

                                Posterior  One-Tailed         95% C.I.
                    Estimate       S.D.      P-Value   Lower 2.5%  Upper 2.5%  Significance

Within-Level Standardized Estimates Averaged Over Clusters

 S1 | AB ON
    TCE               -0.034       0.010      0.000      -0.055      -0.015      *

 S2 | AB ON
    SN                -0.018       0.006      0.001      -0.030      -0.005      *

 S3 | AB ON
    FAMILY            -0.026       0.008      0.000      -0.043      -0.012      *

 S4 | AB ON
    WEAK_TIES         -0.065       0.010      0.000      -0.084      -0.044      *

 AB         ON
    WEEKEND            0.044       0.009      0.000       0.027       0.061      *

 Residual Variances
    AB                 0.949       0.007      0.000       0.935       0.961      *

Between Level

 S1         ON
    O                 -0.059       0.092      0.261      -0.244       0.124

 S2         ON
    O                 -0.019       0.105      0.423      -0.222       0.195

 S3         ON
    O                  0.022       0.126      0.426      -0.223       0.278

 S4         ON
    O                  0.147       0.112      0.089      -0.064       0.379

 AB         ON
    O                  0.040       0.030      0.095      -0.020       0.100

 AB       WITH
    S1                -0.158       0.136      0.127      -0.427       0.106
    S2                 0.184       0.170      0.139      -0.161       0.504
    S3                 0.020       0.205      0.464      -0.338       0.478
    S4                -0.324       0.155      0.019      -0.621      -0.018      *

 S1       WITH
    S2                 0.568       0.233      0.035      -0.058       0.865
    S3                -0.078       0.333      0.415      -0.660       0.600
    S4                 0.292       0.272      0.162      -0.313       0.717

 S2       WITH
    S3                 0.243       0.369      0.270      -0.525       0.825
    S4                -0.016       0.334      0.484      -0.664       0.534

 S3       WITH
    S4                 0.242       0.357      0.301      -0.512       0.766

 Intercepts
    AB                 1.067       0.058      0.000       0.956       1.183      *
    S1                -0.409       0.142      0.001      -0.723      -0.160      *
    S2                -0.323       0.157      0.015      -0.661      -0.033      *
    S3                -0.550       0.321      0.000      -1.480      -0.191      *
    S4                -0.830       0.232      0.000      -1.404      -0.459      *

 Residual Variances
    AB                 0.998       0.003      0.000       0.990       1.000      *
    S1                 0.994       0.016      0.000       0.940       1.000      *
    S2                 0.995       0.016      0.000       0.941       1.000      *
    S3                 0.993       0.027      0.000       0.905       1.000      *
    S4                 0.978       0.039      0.000       0.856       1.000      *


STDY Standardization

                                Posterior  One-Tailed         95% C.I.
                    Estimate       S.D.      P-Value   Lower 2.5%  Upper 2.5%  Significance

Within-Level Standardized Estimates Averaged Over Clusters

 S1 | AB ON
    TCE               -0.158       0.050      0.000      -0.269      -0.067      *

 S2 | AB ON
    SN                -0.189       0.077      0.012      -0.334      -0.033      *

 S3 | AB ON
    FAMILY            -0.191       0.061      0.000      -0.327      -0.079      *

 S4 | AB ON
    WEAK_TIES         -0.268       0.041      0.000      -0.346      -0.187      *

 AB         ON
    WEEKEND            0.200       0.039      0.000       0.123       0.277      *

 Residual Variances
    AB                 0.949       0.007      0.000       0.935       0.961      *

Between Level

 S1         ON
    O                 -0.129       0.204      0.261      -0.537       0.274

 S2         ON
    O                 -0.042       0.231      0.423      -0.489       0.430

 S3         ON
    O                  0.048       0.277      0.426      -0.491       0.613

 S4         ON
    O                  0.325       0.246      0.089      -0.141       0.836

 AB         ON
    O                  0.088       0.067      0.095      -0.045       0.222

 AB       WITH
    S1                -0.158       0.136      0.127      -0.427       0.106
    S2                 0.184       0.170      0.139      -0.161       0.504
    S3                 0.020       0.205      0.464      -0.338       0.478
    S4                -0.324       0.155      0.019      -0.621      -0.018      *

 S1       WITH
    S2                 0.568       0.233      0.035      -0.058       0.865
    S3                -0.078       0.333      0.415      -0.660       0.600
    S4                 0.292       0.272      0.162      -0.313       0.717

 S2       WITH
    S3                 0.243       0.369      0.270      -0.525       0.825
    S4                -0.016       0.334      0.484      -0.664       0.534

 S3       WITH
    S4                 0.242       0.357      0.301      -0.512       0.766

 Intercepts
    AB                 1.067       0.058      0.000       0.956       1.183      *
    S1                -0.409       0.142      0.001      -0.723      -0.160      *
    S2                -0.323       0.157      0.015      -0.661      -0.033      *
    S3                -0.550       0.321      0.000      -1.480      -0.191      *
    S4                -0.830       0.232      0.000      -1.404      -0.459      *

 Residual Variances
    AB                 0.998       0.003      0.000       0.990       1.000      *
    S1                 0.994       0.016      0.000       0.940       1.000      *
    S2                 0.995       0.016      0.000       0.941       1.000      *
    S3                 0.993       0.027      0.000       0.905       1.000      *
    S4                 0.978       0.039      0.000       0.856       1.000      *


R-SQUARE

Within-Level R-Square Averaged Across Clusters

                                Posterior  One-Tailed         95% C.I.
    Variable        Estimate       S.D.      P-Value   Lower 2.5%  Upper 2.5%

    AB                 0.051       0.007      0.000       0.039       0.065

Between Level

                                Posterior  One-Tailed         95% C.I.
    Variable        Estimate       S.D.      P-Value   Lower 2.5%  Upper 2.5%

    AB                 0.002       0.003      0.000       0.000       0.010

                                Posterior  One-Tailed         95% C.I.
    Variable        Estimate       S.D.      P-Value   Lower 2.5%  Upper 2.5%

    S1                 0.006       0.016      0.000       0.000       0.060
    S2                 0.005       0.016      0.000       0.000       0.059
    S3                 0.007       0.027      0.000       0.000       0.095
    S4                 0.022       0.039      0.000       0.000       0.144


TECHNICAL 1 OUTPUT


     PARAMETER SPECIFICATION FOR WITHIN


           NU
              AB            TCE           SN            FAMILY        WEAK_TIE
              ________      ________      ________      ________      ________
                    0             0             0             0             0


           NU
              WEEKEND
              ________
                    0


           LAMBDA
              AB            TCE           SN            FAMILY        WEAK_TIE
              ________      ________      ________      ________      ________
 AB                 0             0             0             0             0
 TCE                0             0             0             0             0
 SN                 0             0             0             0             0
 FAMILY             0             0             0             0             0
 WEAK_TIE           0             0             0             0             0
 WEEKEND            0             0             0             0             0


           LAMBDA
              WEEKEND
              ________
 AB                 0
 TCE                0
 SN                 0
 FAMILY             0
 WEAK_TIE           0
 WEEKEND            0


           THETA
              AB            TCE           SN            FAMILY        WEAK_TIE
              ________      ________      ________      ________      ________
 AB                 0
 TCE                0             0
 SN                 0             0             0
 FAMILY             0             0             0             0
 WEAK_TIE           0             0             0             0             0
 WEEKEND            0             0             0             0             0


           THETA
              WEEKEND
              ________
 WEEKEND            0


           ALPHA
              AB            TCE           SN            FAMILY        WEAK_TIE
              ________      ________      ________      ________      ________
                    0             0             0             0             0


           ALPHA
              WEEKEND
              ________
                    0


           BETA
              AB            TCE           SN            FAMILY        WEAK_TIE
              ________      ________      ________      ________      ________
 AB                 0             0             0             0             0
 TCE                0             0             0             0             0
 SN                 0             0             0             0             0
 FAMILY             0             0             0             0             0
 WEAK_TIE           0             0             0             0             0
 WEEKEND            0             0             0             0             0


           BETA
              WEEKEND
              ________
 AB                 1
 TCE                0
 SN                 0
 FAMILY             0
 WEAK_TIE           0
 WEEKEND            0


           PSI
              AB            TCE           SN            FAMILY        WEAK_TIE
              ________      ________      ________      ________      ________
 AB                 2
 TCE                0             0
 SN                 0             0             0
 FAMILY             0             0             0             0
 WEAK_TIE           0             0             0             0             0
 WEEKEND            0             0             0             0             0


           PSI
              WEEKEND
              ________
 WEEKEND            0


     PARAMETER SPECIFICATION FOR BETWEEN


           NU
              AB            O
              ________      ________
                    0             0


           LAMBDA
              S1            S2            S3            S4            AB
              ________      ________      ________      ________      ________
 AB                 0             0             0             0             0
 O                  0             0             0             0             0


           LAMBDA
              O
              ________
 AB                 0
 O                  0


           THETA
              AB            O
              ________      ________
 AB                 0
 O                  0             0


           ALPHA
              S1            S2            S3            S4            AB
              ________      ________      ________      ________      ________
                    3             4             5             6             7


           ALPHA
              O
              ________
                    0


           BETA
              S1            S2            S3            S4            AB
              ________      ________      ________      ________      ________
 S1                 0             0             0             0             0
 S2                 0             0             0             0             0
 S3                 0             0             0             0             0
 S4                 0             0             0             0             0
 AB                 0             0             0             0             0
 O                  0             0             0             0             0


           BETA
              O
              ________
 S1                 8
 S2                 9
 S3                10
 S4                11
 AB                12
 O                  0


           PSI
              S1            S2            S3            S4            AB
              ________      ________      ________      ________      ________
 S1                13
 S2                14            15
 S3                16            17            18
 S4                19            20            21            22
 AB                23            24            25            26            27
 O                  0             0             0             0             0


           PSI
              O
              ________
 O                  0


     STARTING VALUES FOR WITHIN


           NU
              AB            TCE           SN            FAMILY        WEAK_TIE
              ________      ________      ________      ________      ________
                0.000         0.000         0.000         0.000         0.000


           NU
              WEEKEND
              ________
                0.000


           LAMBDA
              AB            TCE           SN            FAMILY        WEAK_TIE
              ________      ________      ________      ________      ________
 AB             1.000         0.000         0.000         0.000         0.000
 TCE            0.000         1.000         0.000         0.000         0.000
 SN             0.000         0.000         1.000         0.000         0.000
 FAMILY         0.000         0.000         0.000         1.000         0.000
 WEAK_TIE       0.000         0.000         0.000         0.000         1.000
 WEEKEND        0.000         0.000         0.000         0.000         0.000


           LAMBDA
              WEEKEND
              ________
 AB             0.000
 TCE            0.000
 SN             0.000
 FAMILY         0.000
 WEAK_TIE       0.000
 WEEKEND        1.000


           THETA
              AB            TCE           SN            FAMILY        WEAK_TIE
              ________      ________      ________      ________      ________
 AB             0.000
 TCE            0.000         0.000
 SN             0.000         0.000         0.000
 FAMILY         0.000         0.000         0.000         0.000
 WEAK_TIE       0.000         0.000         0.000         0.000         0.000
 WEEKEND        0.000         0.000         0.000         0.000         0.000


           THETA
              WEEKEND
              ________
 WEEKEND        0.000


           ALPHA
              AB            TCE           SN            FAMILY        WEAK_TIE
              ________      ________      ________      ________      ________
                0.000         0.000         0.000         0.000         0.000


           ALPHA
              WEEKEND
              ________
                0.000


           BETA
              AB            TCE           SN            FAMILY        WEAK_TIE
              ________      ________      ________      ________      ________
 AB             0.000         0.000         0.000         0.000         0.000
 TCE            0.000         0.000         0.000         0.000         0.000
 SN             0.000         0.000         0.000         0.000         0.000
 FAMILY         0.000         0.000         0.000         0.000         0.000
 WEAK_TIE       0.000         0.000         0.000         0.000         0.000
 WEEKEND        0.000         0.000         0.000         0.000         0.000


           BETA
              WEEKEND
              ________
 AB             0.000
 TCE            0.000
 SN             0.000
 FAMILY         0.000
 WEAK_TIE       0.000
 WEEKEND        0.000


           PSI
              AB            TCE           SN            FAMILY        WEAK_TIE
              ________      ________      ________      ________      ________
 AB             0.843
 TCE            0.000         0.060
 SN             0.000         0.000         0.021
 FAMILY         0.000         0.000         0.000         0.032
 WEAK_TIE       0.000         0.000         0.000         0.000         0.065
 WEEKEND        0.000         0.000         0.000         0.000         0.000


           PSI
              WEEKEND
              ________
 WEEKEND        0.075


     STARTING VALUES FOR BETWEEN


           NU
              AB            O
              ________      ________
                0.000         0.000


           LAMBDA
              S1            S2            S3            S4            AB
              ________      ________      ________      ________      ________
 AB             0.000         0.000         0.000         0.000         1.000
 O              0.000         0.000         0.000         0.000         0.000


           LAMBDA
              O
              ________
 AB             0.000
 O              1.000


           THETA
              AB            O
              ________      ________
 AB             0.000
 O              0.000         0.000


           ALPHA
              S1            S2            S3            S4            AB
              ________      ________      ________      ________      ________
                0.000         0.000         0.000         0.000         0.901


           ALPHA
              O
              ________
                0.000


           BETA
              S1            S2            S3            S4            AB
              ________      ________      ________      ________      ________
 S1             0.000         0.000         0.000         0.000         0.000
 S2             0.000         0.000         0.000         0.000         0.000
 S3             0.000         0.000         0.000         0.000         0.000
 S4             0.000         0.000         0.000         0.000         0.000
 AB             0.000         0.000         0.000         0.000         0.000
 O              0.000         0.000         0.000         0.000         0.000


           BETA
              O
              ________
 S1             0.000
 S2             0.000
 S3             0.000
 S4             0.000
 AB             0.000
 O              0.000


           PSI
              S1            S2            S3            S4            AB
              ________      ________      ________      ________      ________
 S1             1.000
 S2             0.000         1.000
 S3             0.000         0.000         1.000
 S4             0.000         0.000         0.000         1.000
 AB             0.000         0.000         0.000         0.000         0.843
 O              0.000         0.000         0.000         0.000         0.000


           PSI
              O
              ________
 O              0.206



     PRIORS FOR ALL PARAMETERS            PRIOR MEAN      PRIOR VARIANCE     PRIOR STD. DEV.

     Parameter 1~N(0.000,infinity)           0.0000            infinity            infinity
     Parameter 2~IG(-1.000,0.000)          infinity            infinity            infinity
     Parameter 3~N(0.000,infinity)           0.0000            infinity            infinity
     Parameter 4~N(0.000,infinity)           0.0000            infinity            infinity
     Parameter 5~N(0.000,infinity)           0.0000            infinity            infinity
     Parameter 6~N(0.000,infinity)           0.0000            infinity            infinity
     Parameter 7~N(0.000,infinity)           0.0000            infinity            infinity
     Parameter 8~N(0.000,infinity)           0.0000            infinity            infinity
     Parameter 9~N(0.000,infinity)           0.0000            infinity            infinity
     Parameter 10~N(0.000,infinity)          0.0000            infinity            infinity
     Parameter 11~N(0.000,infinity)          0.0000            infinity            infinity
     Parameter 12~N(0.000,infinity)          0.0000            infinity            infinity
     Parameter 13~IW(0.000,-6)             infinity            infinity            infinity
     Parameter 14~IW(0.000,-6)             infinity            infinity            infinity
     Parameter 15~IW(0.000,-6)             infinity            infinity            infinity
     Parameter 16~IW(0.000,-6)             infinity            infinity            infinity
     Parameter 17~IW(0.000,-6)             infinity            infinity            infinity
     Parameter 18~IW(0.000,-6)             infinity            infinity            infinity
     Parameter 19~IW(0.000,-6)             infinity            infinity            infinity
     Parameter 20~IW(0.000,-6)             infinity            infinity            infinity
     Parameter 21~IW(0.000,-6)             infinity            infinity            infinity
     Parameter 22~IW(0.000,-6)             infinity            infinity            infinity
     Parameter 23~IW(0.000,-6)             infinity            infinity            infinity
     Parameter 24~IW(0.000,-6)             infinity            infinity            infinity
     Parameter 25~IW(0.000,-6)             infinity            infinity            infinity
     Parameter 26~IW(0.000,-6)             infinity            infinity            infinity
     Parameter 27~IW(0.000,-6)             infinity            infinity            infinity


TECHNICAL 8 OUTPUT


   TECHNICAL 8 OUTPUT FOR BAYES ESTIMATION

     CHAIN    BSEED
     1        0
     2        285380

                     POTENTIAL       PARAMETER WITH
     ITERATION    SCALE REDUCTION      HIGHEST PSR
     100              2.849               18
     200              2.236               20
     300              2.143               21
     400              3.010               21
     500              1.902               21
     600              1.912               21
     700              2.000               21
     800              2.108               17
     900              2.291               22
     1000             2.352               22
     1100             2.043               22
     1200             1.741               22
     1300             1.494               15
     1400             1.473               15
     1500             1.347               22
     1600             1.380               20
     1700             1.255               20
     1800             1.153               22
     1900             1.150               17
     2000             1.117               22
     2100             1.082               21
     2200             1.097               14
     2300             1.088               25
     2400             1.144               25
     2500             1.224               25
     2600             1.294               25
     2700             1.355               25
     2800             1.389               25
     2900             1.446               25
     3000             1.414               25
     3100             1.432               25
     3200             1.478               25
     3300             1.529               25
     3400             1.518               25
     3500             1.588               25
     3600             1.660               25
     3700             1.615               25
     3800             1.545               25
     3900             1.472               25
     4000             1.510               22
     4100             1.481               22
     4200             1.362               22
     4300             1.287               22
     4400             1.263               14
     4500             1.271               14
     4600             1.248               14
     4700             1.228               22
     4800             1.217               22
     4900             1.222               22
     5000             1.215               22
     5100             1.175               18
     5200             1.152               18
     5300             1.142               18
     5400             1.132               18
     5500             1.120               18
     5600             1.110               18
     5700             1.112               16
     5800             1.122               16
     5900             1.124               16
     6000             1.112               16
     6100             1.102               16
     6200             1.089               16
     6300             1.090               16
     6400             1.094               16
     6500             1.097               21
     6600             1.096               21
     6700             1.096               19
     6800             1.086               19
     6900             1.091               19
     7000             1.085               19
     7100             1.075               19
     7200             1.065               19
     7300             1.073               19
     7400             1.082               19
     7500             1.089               19
     7600             1.084               19
     7700             1.084               19
     7800             1.076               19
     7900             1.092               21
     8000             1.111               21
     8100             1.121               21
     8200             1.121               21
     8300             1.109               21
     8400             1.116               19
     8500             1.136               21
     8600             1.148               21
     8700             1.135               21
     8800             1.113               21
     8900             1.100               21
     9000             1.099               21
     9100             1.099               21
     9200             1.106               21
     9300             1.107               21
     9400             1.103               21
     9500             1.093               21
     9600             1.095               21
     9700             1.091               21
     9800             1.081               21
     9900             1.073               18
     10000            1.072               18


     Beginning Time:  19:08:05
        Ending Time:  19:11:36
       Elapsed Time:  00:03:31



MUTHEN & MUTHEN
3463 Stoner Ave.
Los Angeles, CA  90066

Tel: (310) 391-9971
Fax: (310) 391-8971
Web: www.StatModel.com
Support: Support@StatModel.com

Copyright (c) 1998-2020 Muthen & Muthen
