Mplus VERSION 8.5 (Mac)
MUTHEN & MUTHEN
03/18/2022   6:38 PM

INPUT INSTRUCTIONS

  TITLE: Analysis 4
  DATA: FILE = analysis4+5_suppl1_S2.dat;
  VARIABLE:
  NAMES = ID WB content stressed lonely
  TVC TCE SN peers family weak_ties
  E A C N O gender ethnicity SES weekend;
  USEVARIABLES = WB
  TCE SN family weak_ties
  weekend C;
  CLUSTER = ID;
  WITHIN = TCE SN family weak_ties weekend;
  BETWEEN = C;
  MISSING = .;
  DEFINE:
  CENTER TCE (GROUPMEAN);
  CENTER SN (GROUPMEAN);
  CENTER family (GROUPMEAN);
  CENTER weak_ties (GROUPMEAN);
  CENTER C (GRANDMEAN);
  ANALYSIS: TYPE = TWOLEVEL RANDOM; ESTIMATOR = BAYES;
  BITERATIONS = (10000); PROCESSORS = 2;
  MODEL:
  %WITHIN%
  ! Well-being is predicted by TCE, the slope is random
  S1 | WB ON TCE;
  ! Well-being is predicted by SN, the slope is random
  S2 | WB ON SN;
  ! Well-being is predicted by family, the slope is random
  S3 | WB ON family;
  ! Well-being is predicted by weak ties, the slope is random
  S4 | WB ON weak_ties;
  ! Control for weekend
  WB ON weekend;
  %BETWEEN%
  ! Covariance between intercept and slopes
  WB S1-S4 WITH WB S1-S4;
  ! The intercept is predicted by conscientiousness
  WB ON C;
  ! The slopes are predicted by conscientiousness
  S1-S4 ON C;
  OUTPUT: STDYX STDY TECH8;



*** WARNING in VARIABLE command
  Note that only the first 8 characters of variable names are used in the output.
  Shorten variable names to avoid any confusion.
*** WARNING
  One or more individual-level variables have no variation within a
  cluster for the following clusters.

     Variable   Cluster IDs with no within-cluster variation

      WB          310 337 576 625 631 363 98 38 746 61 469 140 265 795 13 825 150 832 532 847
                  666 507 380 161 318 583 436 20 243 29 273
      WEEKEND     162 538 541 172 307 95 576 183 614 616 617 625 190 631 356 635 640 363 649 96
                  98 373 99 700 108 229 726 239 441 746 457 757 469 82 140 265 142 790 795 798
                  272 13 825 832 532 838 155 93 854 23 496 26 707 711 271 507 531 374 380 45 753
                  755 385 299 161 767 394 398 234 782 168 318 583 427 325 436 63 842 845 451 490
                  379 705 20 43 715 402 115 44 326 421 763 243 579 435 174 460 357 192 478 657
                  251 186 444 228 83 302 704 159 78 175 358 808 811 146 110 656 756 681 775 136
                  364 816 738 580 473 774 632 273 542 160 439 213 766 827 571 120 48 771 739

*** WARNING
  Data set contains cases with missing on x-variables.
  These cases were not included in the analysis.
  Number of cases with missing on x-variables:  1024
*** WARNING
  Data set contains cases with missing on all variables except
  x-variables.  These cases were not included in the analysis.
  Number of cases with missing on all variables except x-variables:  6
   4 WARNING(S) FOUND IN THE INPUT INSTRUCTIONS



Analysis 4

SUMMARY OF ANALYSIS

Number of groups                                                 1
Number of observations                                        2905

Number of dependent variables                                    1
Number of independent variables                                  6
Number of continuous latent variables                            4

Observed dependent variables

  Continuous
   WB

Observed independent variables
   TCE         SN          FAMILY      WEAK_TIE    WEEKEND     C

Continuous latent variables
   S1          S2          S3          S4

Variables with special functions

  Cluster variable      ID

  Within variables
   TCE         SN          FAMILY      WEAK_TIE    WEEKEND

  Between variables
   C

  Centering (GRANDMEAN)
   C

  Centering (GROUPMEAN)
   TCE         SN          FAMILY      WEAK_TIE


Estimator                                                    BAYES
Specifications for Bayesian Estimation
  Point estimate                                            MEDIAN
  Number of Markov chain Monte Carlo (MCMC) chains               2
  Random seed for the first chain                                0
  Starting value information                           UNPERTURBED
  Algorithm used for Markov chain Monte Carlo           GIBBS(PX1)
  Convergence criterion                                  0.500D-01
  Maximum number of iterations                               50000
  K-th iteration used for thinning                               1

Input data file(s)
  analysis4+5_suppl1_S2.dat
Input data format  FREE


SUMMARY OF DATA

     Number of clusters                        553

       Size (s)    Cluster ID with Size s

          1        6 7 11 12 15 65 72 80 91 100 104 116 121 132 148 158
                   173 201 203 204 212 215 237 262 267 276 291 293 300
                   321 328 335 355 362 366 370 377 387 395 404 413 459
                   477 480 485 497 500 508 515 520 533 537 546 547 555
                   565 568 574 578 595 608 610 621 630 633 643 646 668
                   677 689 693 701 713 717 722 723 725 740 744 750 759
                   776 777 801 804 807 812 830 834 852
          2        162 538 541 172 305 307 310 95 337 576 343 348 183 614
                   616 617 625 354 190 631 356 635 640 194 363 649 96 660
                   98 373 99 382 38 698 700 108 703 220 406 229 726 4 432
                   239 441 746 61 457 757 469 769 82 140 265 779 142 790
                   795 798 272 13 810 825 150 832 532 838 155 846 847 93
                   854 857
          3        130 666 22 479 264 23 496 26 707 711 271 507 284 531
                   41 374 210 380 45 753 755 385 299 161 767 394 773 87
                   164 398 234 782 570 308 792 168 318 583 415 169 802
                   417 425 427 428 819 820 824 325 436 63 246 638 842 845
                   451 641 176
          4        670 2 490 682 684 25 379 27 71 40 705 217 20 43 715
                   396 225 721 402 540 231 730 167 115 44 170 326 421 567
                   423 569 763 334 772 241 243 579 338 589 591 435 600
                   245 29 174 57 90 181 622 628 458 813 60 460 357 636
                   463 826 468 192 470 94 478 655 278 662 279 371
          5        657 251 573 186 152 297 97 345 444 228 597 83 525 302
                   609 230 704 195 270 159 78 175 358 808 718 811 146 414
                   319 551 724 324 282 110 735 564 743 372 566 747 748
                   52 426 112 656 756
          6        681 764 260 32 226 66 775 692 101 136 139 620 67 794
                   624 559 103 562 143 242 364 327 184 77 247 814 816 528
                   732 529 290 736 738 654 580 581 248 584 659 585 222
                   123 472 596 473 474 602
          7        774 73 506 405 331 514 632 787 572 138 516 295 527 36
                   76 466 64 53 244 273 733 378 274 542 661 544 598 275
                   86 822 160 672 607 79 481 135 249 439 323 688 760 232
                   843 213 359 766 848 851 695 696 770 400 367
          8        187 54 476 827 137 511 126 8 571 120 765 141 315 467
                   809 399 671 639 250 674 48 642
          9        269 393 599 127 422 14 381 18 154 768 699 771 431 634
                   471
         10        780 19 784 522 592 789 503 254 817 31 193 821 51 412
                   56 800 739 227 263
         11        16 833 235 709 383 785 49 737 613 401 55 403 388 125
                   509 37 577 853 74 408 191 128
         12        309 465 434 685 754 665 219 84 648 257 534 652 391 47
         13        593 59 749 446 714 850 499 313 543 464
         14        287 530
         15        252
         16        619 117
         17        667
         18        647 493 294
         19        690 389
         20        386 24
         21        758
         25        418
         29        346



COVARIANCE COVERAGE OF DATA

Minimum covariance coverage value   0.100

     Number of missing data patterns             1


     PROPORTION OF DATA PRESENT


           Covariance Coverage
              WB            TCE           SN            FAMILY        WEAK_TIE
              ________      ________      ________      ________      ________
 WB             1.000
 TCE            1.000         1.000
 SN             1.000         1.000         1.000
 FAMILY         1.000         1.000         1.000         1.000
 WEAK_TIE       1.000         1.000         1.000         1.000         1.000
 WEEKEND        1.000         1.000         1.000         1.000         1.000
 C              1.000         1.000         1.000         1.000         1.000


           Covariance Coverage
              WEEKEND       C
              ________      ________
 WEEKEND        1.000
 C              1.000         1.000



UNIVARIATE SAMPLE STATISTICS


     UNIVARIATE HIGHER-ORDER MOMENT DESCRIPTIVE STATISTICS

         Variable/         Mean/     Skewness/   Minimum/ % with                Percentiles
        Sample Size      Variance    Kurtosis    Maximum  Min/Max      20%/60%    40%/80%    Median

     WB                    2.853      -0.330       1.000    1.27%       2.333      2.667      3.000
            2905.000       0.437      -0.225       4.000    6.40%       3.000      3.333
     TCE                   0.000      -0.136      -0.917    0.03%      -0.333      0.000      0.000
            2905.000       0.141      -0.383       0.923    0.03%       0.000      0.333
     SN                    0.000       0.477      -0.917    0.03%      -0.167      0.000      0.000
            2905.000       0.093       1.320       0.947    0.03%       0.000      0.083
     FAMILY                0.000       1.287      -0.833    0.03%      -0.167      0.000      0.000
            2905.000       0.081       2.432       0.947    0.03%       0.000      0.000
     WEAK_TIES             0.000       1.500      -0.857    0.03%      -0.091      0.000      0.000
            2905.000       0.055       5.143       0.966    0.03%       0.000      0.000
     WEEKEND               0.256       1.120       0.000   74.42%       0.000      0.000      0.000
            2905.000       0.190      -0.747       1.000   25.58%       0.000      1.000
     C                     0.000      -0.009      -1.806    0.18%      -0.473     -0.139     -0.028
             553.000       0.400      -0.271       1.527    0.72%       0.194      0.527


THE MODEL ESTIMATION TERMINATED NORMALLY

     USE THE FBITERATIONS OPTION TO INCREASE THE NUMBER OF ITERATIONS BY A FACTOR
     OF AT LEAST TWO TO CHECK CONVERGENCE AND THAT THE PSR VALUE DOES NOT INCREASE.



MODEL FIT INFORMATION

Number of Free Parameters                              27

Information Criteria

          Deviance (DIC)                         4666.740
          Estimated Number of Parameters (pD)     553.726



MODEL RESULTS

                                Posterior  One-Tailed         95% C.I.
                    Estimate       S.D.      P-Value   Lower 2.5%  Upper 2.5%  Significance

Within Level

 WB         ON
    WEEKEND            0.088       0.023      0.000       0.043       0.135      *

 Residual Variances
    WB                 0.241       0.008      0.000       0.227       0.257      *

Between Level

 S1         ON
    C                  0.028       0.055      0.314      -0.075       0.136

 S2         ON
    C                 -0.040       0.076      0.302      -0.181       0.113

 S3         ON
    C                 -0.026       0.065      0.341      -0.152       0.101

 S4         ON
    C                 -0.080       0.067      0.109      -0.212       0.051

 WB         ON
    C                  0.116       0.035      0.001       0.048       0.183      *

 WB       WITH
    S1                -0.014       0.017      0.196      -0.050       0.015
    S2                -0.042       0.023      0.034      -0.088       0.004
    S3                -0.032       0.021      0.074      -0.073       0.011
    S4                -0.020       0.021      0.166      -0.064       0.020

 S1       WITH
    S2                 0.028       0.021      0.028       0.000       0.080
    S3                 0.017       0.018      0.135      -0.014       0.055
    S4                 0.009       0.014      0.235      -0.017       0.039

 S2       WITH
    S3                 0.069       0.032      0.000       0.014       0.142      *
    S4                 0.036       0.023      0.047      -0.006       0.087

 S3       WITH
    S4                 0.041       0.024      0.015       0.004       0.096      *

 Intercepts
    WB                 2.846       0.023      0.000       2.801       2.890      *
    S1                -0.091       0.037      0.001      -0.165      -0.022      *
    S2                -0.099       0.044      0.010      -0.192      -0.014      *
    S3                -0.043       0.042      0.148      -0.127       0.038
    S4                -0.054       0.048      0.137      -0.147       0.041

 Residual Variances
    WB                 0.193       0.016      0.000       0.163       0.227      *
    S1                 0.023       0.019      0.000       0.003       0.072      *
    S2                 0.085       0.036      0.000       0.035       0.173      *
    S3                 0.110       0.038      0.000       0.046       0.197      *
    S4                 0.051       0.026      0.000       0.020       0.121      *


STANDARDIZED MODEL RESULTS


STDYX Standardization

                                Posterior  One-Tailed         95% C.I.
                    Estimate       S.D.      P-Value   Lower 2.5%  Upper 2.5%  Significance

Within-Level Standardized Estimates Averaged Over Clusters

 S1 | WB ON
    TCE               -0.035       0.013      0.002      -0.059      -0.008      *

 S2 | WB ON
    SN                -0.027       0.011      0.008      -0.049      -0.005      *

 S3 | WB ON
    FAMILY            -0.009       0.009      0.162      -0.028       0.010

 S4 | WB ON
    WEAK_TIES         -0.012       0.009      0.075      -0.031       0.004

 WB         ON
    WEEKEND            0.045       0.012      0.001       0.024       0.069      *

 Residual Variances
    WB                 0.947       0.008      0.000       0.934       0.966      *

Between Level

 S1         ON
    C                  0.083       0.180      0.314      -0.326       0.400

 S2         ON
    C                 -0.061       0.117      0.302      -0.291       0.163

 S3         ON
    C                 -0.035       0.089      0.341      -0.207       0.143

 S4         ON
    C                 -0.153       0.132      0.109      -0.414       0.103

 WB         ON
    C                  0.116       0.035      0.001       0.048       0.182      *

 WB       WITH
    S1                -0.216       0.256      0.196      -0.739       0.281
    S2                -0.333       0.174      0.034      -0.659       0.031
    S3                -0.221       0.144      0.074      -0.482       0.075
    S4                -0.205       0.203      0.166      -0.594       0.185

 S1       WITH
    S2                 0.647       0.240      0.028      -0.016       0.916
    S3                 0.398       0.307      0.135      -0.260       0.851
    S4                 0.315       0.374      0.235      -0.519       0.873

 S2       WITH
    S3                 0.754       0.192      0.000       0.238       0.961      *
    S4                 0.614       0.266      0.047      -0.106       0.904

 S3       WITH
    S4                 0.569       0.216      0.015       0.072       0.863      *

 Intercepts
    WB                 6.435       0.273      0.000       5.922       6.996      *
    S1                -0.600       0.380      0.001      -1.596      -0.156      *
    S2                -0.336       0.169      0.010      -0.719      -0.048      *
    S3                -0.131       0.131      0.148      -0.396       0.118
    S4                -0.231       0.217      0.137      -0.673       0.180

 Residual Variances
    WB                 0.986       0.008      0.000       0.967       0.998      *
    S1                 0.983       0.055      0.000       0.797       1.000      *
    S2                 0.992       0.024      0.000       0.915       1.000      *
    S3                 0.996       0.013      0.000       0.953       1.000      *
    S4                 0.975       0.049      0.000       0.828       1.000      *


STDY Standardization

                                Posterior  One-Tailed         95% C.I.
                    Estimate       S.D.      P-Value   Lower 2.5%  Upper 2.5%  Significance

Within-Level Standardized Estimates Averaged Over Clusters

 S1 | WB ON
    TCE               -0.147       0.055      0.002      -0.251      -0.033      *

 S2 | WB ON
    SN                -0.172       0.070      0.007      -0.314      -0.032      *

 S3 | WB ON
    FAMILY            -0.072       0.074      0.169      -0.216       0.071

 S4 | WB ON
    WEAK_TIES         -0.110       0.085      0.076      -0.293       0.044

 WB         ON
    WEEKEND            0.177       0.045      0.001       0.092       0.268      *

 Residual Variances
    WB                 0.947       0.008      0.000       0.934       0.966      *

Between Level

 S1         ON
    C                  0.187       0.405      0.314      -0.734       0.900

 S2         ON
    C                 -0.136       0.264      0.302      -0.657       0.367

 S3         ON
    C                 -0.079       0.200      0.341      -0.467       0.323

 S4         ON
    C                 -0.345       0.296      0.109      -0.933       0.231

 WB         ON
    C                  0.262       0.078      0.001       0.107       0.410      *

 WB       WITH
    S1                -0.216       0.256      0.196      -0.739       0.281
    S2                -0.333       0.174      0.034      -0.659       0.031
    S3                -0.221       0.144      0.074      -0.482       0.075
    S4                -0.205       0.203      0.166      -0.594       0.185

 S1       WITH
    S2                 0.647       0.240      0.028      -0.016       0.916
    S3                 0.398       0.307      0.135      -0.260       0.851
    S4                 0.315       0.374      0.235      -0.519       0.873

 S2       WITH
    S3                 0.754       0.192      0.000       0.238       0.961      *
    S4                 0.614       0.266      0.047      -0.106       0.904

 S3       WITH
    S4                 0.569       0.216      0.015       0.072       0.863      *

 Intercepts
    WB                 6.435       0.273      0.000       5.922       6.996      *
    S1                -0.600       0.380      0.001      -1.596      -0.156      *
    S2                -0.336       0.169      0.010      -0.719      -0.048      *
    S3                -0.131       0.131      0.148      -0.396       0.118
    S4                -0.231       0.217      0.137      -0.673       0.180

 Residual Variances
    WB                 0.986       0.008      0.000       0.967       0.998      *
    S1                 0.983       0.055      0.000       0.797       1.000      *
    S2                 0.992       0.024      0.000       0.915       1.000      *
    S3                 0.996       0.013      0.000       0.953       1.000      *
    S4                 0.975       0.049      0.000       0.828       1.000      *


R-SQUARE

Within-Level R-Square Averaged Across Clusters

                                Posterior  One-Tailed         95% C.I.
    Variable        Estimate       S.D.      P-Value   Lower 2.5%  Upper 2.5%

    WB                 0.053       0.008      0.000       0.034       0.066

Between Level

                                Posterior  One-Tailed         95% C.I.
    Variable        Estimate       S.D.      P-Value   Lower 2.5%  Upper 2.5%

    WB                 0.014       0.008      0.000       0.002       0.033

                                Posterior  One-Tailed         95% C.I.
    Variable        Estimate       S.D.      P-Value   Lower 2.5%  Upper 2.5%

    S1                 0.017       0.055      0.000       0.000       0.203
    S2                 0.008       0.024      0.000       0.000       0.085
    S3                 0.004       0.013      0.000       0.000       0.046
    S4                 0.025       0.049      0.000       0.000       0.172


TECHNICAL 1 OUTPUT


     PARAMETER SPECIFICATION FOR WITHIN


           NU
              WB            TCE           SN            FAMILY        WEAK_TIE
              ________      ________      ________      ________      ________
                    0             0             0             0             0


           NU
              WEEKEND
              ________
                    0


           LAMBDA
              WB            TCE           SN            FAMILY        WEAK_TIE
              ________      ________      ________      ________      ________
 WB                 0             0             0             0             0
 TCE                0             0             0             0             0
 SN                 0             0             0             0             0
 FAMILY             0             0             0             0             0
 WEAK_TIE           0             0             0             0             0
 WEEKEND            0             0             0             0             0


           LAMBDA
              WEEKEND
              ________
 WB                 0
 TCE                0
 SN                 0
 FAMILY             0
 WEAK_TIE           0
 WEEKEND            0


           THETA
              WB            TCE           SN            FAMILY        WEAK_TIE
              ________      ________      ________      ________      ________
 WB                 0
 TCE                0             0
 SN                 0             0             0
 FAMILY             0             0             0             0
 WEAK_TIE           0             0             0             0             0
 WEEKEND            0             0             0             0             0


           THETA
              WEEKEND
              ________
 WEEKEND            0


           ALPHA
              WB            TCE           SN            FAMILY        WEAK_TIE
              ________      ________      ________      ________      ________
                    0             0             0             0             0


           ALPHA
              WEEKEND
              ________
                    0


           BETA
              WB            TCE           SN            FAMILY        WEAK_TIE
              ________      ________      ________      ________      ________
 WB                 0             0             0             0             0
 TCE                0             0             0             0             0
 SN                 0             0             0             0             0
 FAMILY             0             0             0             0             0
 WEAK_TIE           0             0             0             0             0
 WEEKEND            0             0             0             0             0


           BETA
              WEEKEND
              ________
 WB                 1
 TCE                0
 SN                 0
 FAMILY             0
 WEAK_TIE           0
 WEEKEND            0


           PSI
              WB            TCE           SN            FAMILY        WEAK_TIE
              ________      ________      ________      ________      ________
 WB                 2
 TCE                0             0
 SN                 0             0             0
 FAMILY             0             0             0             0
 WEAK_TIE           0             0             0             0             0
 WEEKEND            0             0             0             0             0


           PSI
              WEEKEND
              ________
 WEEKEND            0


     PARAMETER SPECIFICATION FOR BETWEEN


           NU
              WB            C
              ________      ________
                    0             0


           LAMBDA
              S1            S2            S3            S4            WB
              ________      ________      ________      ________      ________
 WB                 0             0             0             0             0
 C                  0             0             0             0             0


           LAMBDA
              C
              ________
 WB                 0
 C                  0


           THETA
              WB            C
              ________      ________
 WB                 0
 C                  0             0


           ALPHA
              S1            S2            S3            S4            WB
              ________      ________      ________      ________      ________
                    3             4             5             6             7


           ALPHA
              C
              ________
                    0


           BETA
              S1            S2            S3            S4            WB
              ________      ________      ________      ________      ________
 S1                 0             0             0             0             0
 S2                 0             0             0             0             0
 S3                 0             0             0             0             0
 S4                 0             0             0             0             0
 WB                 0             0             0             0             0
 C                  0             0             0             0             0


           BETA
              C
              ________
 S1                 8
 S2                 9
 S3                10
 S4                11
 WB                12
 C                  0


           PSI
              S1            S2            S3            S4            WB
              ________      ________      ________      ________      ________
 S1                13
 S2                14            15
 S3                16            17            18
 S4                19            20            21            22
 WB                23            24            25            26            27
 C                  0             0             0             0             0


           PSI
              C
              ________
 C                  0


     STARTING VALUES FOR WITHIN


           NU
              WB            TCE           SN            FAMILY        WEAK_TIE
              ________      ________      ________      ________      ________
                0.000         0.000         0.000         0.000         0.000


           NU
              WEEKEND
              ________
                0.000


           LAMBDA
              WB            TCE           SN            FAMILY        WEAK_TIE
              ________      ________      ________      ________      ________
 WB             1.000         0.000         0.000         0.000         0.000
 TCE            0.000         1.000         0.000         0.000         0.000
 SN             0.000         0.000         1.000         0.000         0.000
 FAMILY         0.000         0.000         0.000         1.000         0.000
 WEAK_TIE       0.000         0.000         0.000         0.000         1.000
 WEEKEND        0.000         0.000         0.000         0.000         0.000


           LAMBDA
              WEEKEND
              ________
 WB             0.000
 TCE            0.000
 SN             0.000
 FAMILY         0.000
 WEAK_TIE       0.000
 WEEKEND        1.000


           THETA
              WB            TCE           SN            FAMILY        WEAK_TIE
              ________      ________      ________      ________      ________
 WB             0.000
 TCE            0.000         0.000
 SN             0.000         0.000         0.000
 FAMILY         0.000         0.000         0.000         0.000
 WEAK_TIE       0.000         0.000         0.000         0.000         0.000
 WEEKEND        0.000         0.000         0.000         0.000         0.000


           THETA
              WEEKEND
              ________
 WEEKEND        0.000


           ALPHA
              WB            TCE           SN            FAMILY        WEAK_TIE
              ________      ________      ________      ________      ________
                0.000         0.000         0.000         0.000         0.000


           ALPHA
              WEEKEND
              ________
                0.000


           BETA
              WB            TCE           SN            FAMILY        WEAK_TIE
              ________      ________      ________      ________      ________
 WB             0.000         0.000         0.000         0.000         0.000
 TCE            0.000         0.000         0.000         0.000         0.000
 SN             0.000         0.000         0.000         0.000         0.000
 FAMILY         0.000         0.000         0.000         0.000         0.000
 WEAK_TIE       0.000         0.000         0.000         0.000         0.000
 WEEKEND        0.000         0.000         0.000         0.000         0.000


           BETA
              WEEKEND
              ________
 WB             0.000
 TCE            0.000
 SN             0.000
 FAMILY         0.000
 WEAK_TIE       0.000
 WEEKEND        0.000


           PSI
              WB            TCE           SN            FAMILY        WEAK_TIE
              ________      ________      ________      ________      ________
 WB             0.218
 TCE            0.000         0.070
 SN             0.000         0.000         0.046
 FAMILY         0.000         0.000         0.000         0.041
 WEAK_TIE       0.000         0.000         0.000         0.000         0.028
 WEEKEND        0.000         0.000         0.000         0.000         0.000


           PSI
              WEEKEND
              ________
 WEEKEND        0.095


     STARTING VALUES FOR BETWEEN


           NU
              WB            C
              ________      ________
                0.000         0.000


           LAMBDA
              S1            S2            S3            S4            WB
              ________      ________      ________      ________      ________
 WB             0.000         0.000         0.000         0.000         1.000
 C              0.000         0.000         0.000         0.000         0.000


           LAMBDA
              C
              ________
 WB             0.000
 C              1.000


           THETA
              WB            C
              ________      ________
 WB             0.000
 C              0.000         0.000


           ALPHA
              S1            S2            S3            S4            WB
              ________      ________      ________      ________      ________
                0.000         0.000         0.000         0.000         2.853


           ALPHA
              C
              ________
                0.000


           BETA
              S1            S2            S3            S4            WB
              ________      ________      ________      ________      ________
 S1             0.000         0.000         0.000         0.000         0.000
 S2             0.000         0.000         0.000         0.000         0.000
 S3             0.000         0.000         0.000         0.000         0.000
 S4             0.000         0.000         0.000         0.000         0.000
 WB             0.000         0.000         0.000         0.000         0.000
 C              0.000         0.000         0.000         0.000         0.000


           BETA
              C
              ________
 S1             0.000
 S2             0.000
 S3             0.000
 S4             0.000
 WB             0.000
 C              0.000


           PSI
              S1            S2            S3            S4            WB
              ________      ________      ________      ________      ________
 S1             1.000
 S2             0.000         1.000
 S3             0.000         0.000         1.000
 S4             0.000         0.000         0.000         1.000
 WB             0.000         0.000         0.000         0.000         0.218
 C              0.000         0.000         0.000         0.000         0.000


           PSI
              C
              ________
 C              0.197



     PRIORS FOR ALL PARAMETERS            PRIOR MEAN      PRIOR VARIANCE     PRIOR STD. DEV.

     Parameter 1~N(0.000,infinity)           0.0000            infinity            infinity
     Parameter 2~IG(-1.000,0.000)          infinity            infinity            infinity
     Parameter 3~N(0.000,infinity)           0.0000            infinity            infinity
     Parameter 4~N(0.000,infinity)           0.0000            infinity            infinity
     Parameter 5~N(0.000,infinity)           0.0000            infinity            infinity
     Parameter 6~N(0.000,infinity)           0.0000            infinity            infinity
     Parameter 7~N(0.000,infinity)           0.0000            infinity            infinity
     Parameter 8~N(0.000,infinity)           0.0000            infinity            infinity
     Parameter 9~N(0.000,infinity)           0.0000            infinity            infinity
     Parameter 10~N(0.000,infinity)          0.0000            infinity            infinity
     Parameter 11~N(0.000,infinity)          0.0000            infinity            infinity
     Parameter 12~N(0.000,infinity)          0.0000            infinity            infinity
     Parameter 13~IW(0.000,-6)             infinity            infinity            infinity
     Parameter 14~IW(0.000,-6)             infinity            infinity            infinity
     Parameter 15~IW(0.000,-6)             infinity            infinity            infinity
     Parameter 16~IW(0.000,-6)             infinity            infinity            infinity
     Parameter 17~IW(0.000,-6)             infinity            infinity            infinity
     Parameter 18~IW(0.000,-6)             infinity            infinity            infinity
     Parameter 19~IW(0.000,-6)             infinity            infinity            infinity
     Parameter 20~IW(0.000,-6)             infinity            infinity            infinity
     Parameter 21~IW(0.000,-6)             infinity            infinity            infinity
     Parameter 22~IW(0.000,-6)             infinity            infinity            infinity
     Parameter 23~IW(0.000,-6)             infinity            infinity            infinity
     Parameter 24~IW(0.000,-6)             infinity            infinity            infinity
     Parameter 25~IW(0.000,-6)             infinity            infinity            infinity
     Parameter 26~IW(0.000,-6)             infinity            infinity            infinity
     Parameter 27~IW(0.000,-6)             infinity            infinity            infinity


TECHNICAL 8 OUTPUT


   TECHNICAL 8 OUTPUT FOR BAYES ESTIMATION

     CHAIN    BSEED
     1        0
     2        285380

                     POTENTIAL       PARAMETER WITH
     ITERATION    SCALE REDUCTION      HIGHEST PSR
     100              1.970               21
     200              1.868               18
     300              1.960               16
     400              2.142               16
     500              1.824               18
     600              1.809               18
     700              1.675               26
     800              1.733               13
     900              1.708               13
     1000             1.928               19
     1100             2.102               19
     1200             1.997               19
     1300             1.408               19
     1400             1.290               19
     1500             1.266               19
     1600             1.281               19
     1700             1.238               19
     1800             1.240               19
     1900             1.243               19
     2000             1.299               26
     2100             1.396               26
     2200             1.438               26
     2300             1.413               26
     2400             1.432               26
     2500             1.481               26
     2600             1.502               26
     2700             1.443               26
     2800             1.355               26
     2900             1.405               21
     3000             1.319               21
     3100             1.291               20
     3200             1.297               20
     3300             1.331               20
     3400             1.348               20
     3500             1.347               20
     3600             1.350               20
     3700             1.284               20
     3800             1.255               20
     3900             1.202               20
     4000             1.197               20
     4100             1.179               20
     4200             1.160               20
     4300             1.139               20
     4400             1.152               20
     4500             1.158               20
     4600             1.179               20
     4700             1.197               20
     4800             1.209               13
     4900             1.283               13
     5000             1.369               13
     5100             1.419               13
     5200             1.462               13
     5300             1.511               13
     5400             1.545               13
     5500             1.529               13
     5600             1.501               13
     5700             1.487               13
     5800             1.452               13
     5900             1.409               13
     6000             1.408               13
     6100             1.427               13
     6200             1.420               13
     6300             1.376               13
     6400             1.338               13
     6500             1.324               13
     6600             1.290               13
     6700             1.254               13
     6800             1.227               13
     6900             1.191               13
     7000             1.194               13
     7100             1.178               13
     7200             1.160               13
     7300             1.154               13
     7400             1.151               13
     7500             1.159               13
     7600             1.173               13
     7700             1.180               13
     7800             1.181               13
     7900             1.189               13
     8000             1.207               13
     8100             1.214               13
     8200             1.202               13
     8300             1.192               13
     8400             1.182               13
     8500             1.161               13
     8600             1.158               13
     8700             1.151               13
     8800             1.141               13
     8900             1.136               13
     9000             1.131               13
     9100             1.125               13
     9200             1.120               13
     9300             1.119               13
     9400             1.112               13
     9500             1.107               13
     9600             1.101               13
     9700             1.091               13
     9800             1.080               13
     9900             1.072               26
     10000            1.071               26


     Beginning Time:  18:38:37
        Ending Time:  18:41:23
       Elapsed Time:  00:02:46



MUTHEN & MUTHEN
3463 Stoner Ave.
Los Angeles, CA  90066

Tel: (310) 391-9971
Fax: (310) 391-8971
Web: www.StatModel.com
Support: Support@StatModel.com

Copyright (c) 1998-2020 Muthen & Muthen
