Mplus VERSION 8.5 (Mac)
MUTHEN & MUTHEN
03/18/2022   6:28 PM

INPUT INSTRUCTIONS

  TITLE: Analysis 4
  DATA: FILE = analysis4+5_suppl1_S2.dat;
  VARIABLE:
  NAMES = ID WB content stressed lonely
  TVC TCE SN peers family weak_ties
  E A C N O gender ethnicity SES weekend;
  USEVARIABLES = WB
  TCE SN family weak_ties
  weekend;
  CLUSTER = ID;
  WITHIN = TCE SN family weak_ties weekend;
  MISSING = .;
  DEFINE:
  CENTER TCE (GROUPMEAN);
  CENTER SN (GROUPMEAN);
  CENTER family (GROUPMEAN);
  CENTER weak_ties (GROUPMEAN);
  ANALYSIS: TYPE = TWOLEVEL RANDOM; ESTIMATOR = BAYES;
  BITERATIONS = (10000); PROCESSORS = 2;
  MODEL:
  %WITHIN%
  ! Well-being is predicted by TCE, the slope is random
  S1 | WB ON TCE;
  ! Well-being is predicted by SN, the slope is random
  S2 | WB ON SN;
  ! Well-being is predicted by family, the slope is random
  S3 | WB ON family;
  ! Well-being is predicted by weak ties, the slope is random
  S4 | WB ON weak_ties;
  ! Control for weekend
  WB ON weekend;
  %BETWEEN%
  ! Covariance between intercept and slopes
  WB S1-S4 WITH WB S1-S4;
  OUTPUT: STDYX STDY TECH8;



*** WARNING in VARIABLE command
  Note that only the first 8 characters of variable names are used in the output.
  Shorten variable names to avoid any confusion.
*** WARNING
  One or more individual-level variables have no variation within a
  cluster for the following clusters.

     Variable   Cluster IDs with no within-cluster variation

      WB          552 310 337 576 353 625 631 363 98 38 720 746 61 469 140 265 795 799 13 825
                  150 832 532 847 666 507 81 380 161 318 583 436 20 243 29 612 273
      WEEKEND     162 538 541 172 307 553 95 178 180 576 587 349 183 614 616 617 353 625 190 631
                  356 635 640 363 649 96 98 373 375 99 68 700 108 223 229 726 239 441 746 457
                  757 469 82 140 265 142 790 793 795 144 798 799 272 13 805 806 149 288 823 825
                  832 532 838 155 841 93 854 651 462 475 676 23 488 70 496 26 707 711 271 507
                  531 731 102 374 81 380 45 753 755 385 299 761 161 767 394 398 234 782 168 318
                  583 605 427 430 325 436 63 842 844 845 451 490 494 379 5 705 20 43 715 402 317
                  115 44 554 326 421 763 575 243 579 339 435 174 58 460 357 192 365 478 657 251
                  186 341 444 228 83 302 704 159 78 175 358 808 811 146 109 110 656 756 681 775
                  691 136 558 106 364 816 738 580 473 774 632 273 542 160 439 213 495 766 827
                  407 571 120 420 48 62 771 739

*** WARNING
  Data set contains cases with missing on all variables except
  x-variables.  These cases were not included in the analysis.
  Number of cases with missing on all variables except x-variables:  7
   3 WARNING(S) FOUND IN THE INPUT INSTRUCTIONS



Analysis 4

SUMMARY OF ANALYSIS

Number of groups                                                 1
Number of observations                                        3928

Number of dependent variables                                    1
Number of independent variables                                  5
Number of continuous latent variables                            4

Observed dependent variables

  Continuous
   WB

Observed independent variables
   TCE         SN          FAMILY      WEAK_TIE    WEEKEND

Continuous latent variables
   S1          S2          S3          S4

Variables with special functions

  Cluster variable      ID

  Within variables
   TCE         SN          FAMILY      WEAK_TIE    WEEKEND

  Centering (GROUPMEAN)
   TCE         SN          FAMILY      WEAK_TIE


Estimator                                                    BAYES
Specifications for Bayesian Estimation
  Point estimate                                            MEDIAN
  Number of Markov chain Monte Carlo (MCMC) chains               2
  Random seed for the first chain                                0
  Starting value information                           UNPERTURBED
  Algorithm used for Markov chain Monte Carlo           GIBBS(PX1)
  Convergence criterion                                  0.500D-01
  Maximum number of iterations                               50000
  K-th iteration used for thinning                               1

Input data file(s)
  analysis4+5_suppl1_S2.dat
Input data format  FREE


SUMMARY OF DATA

     Number of clusters                        729

       Size (s)    Cluster ID with Size s

          1        6 7 11 12 15 30 33 35 39 65 72 75 80 91 100 104 116
                   121 132 148 158 173 201 203 204 205 212 215 237 238
                   240 255 261 262 267 268 276 285 291 293 298 300 303
                   321 328 335 352 355 362 366 370 377 387 392 395 397
                   404 409 413 416 440 447 459 477 480 485 489 497 500
                   508 512 515 520 533 535 537 546 547 548 555 556 565
                   568 574 578 595 608 610 621 626 630 633 643 646 658
                   668 669 673 677 687 689 693 701 713 717 722 723 725
                   734 740 741 744 750 752 759 762 776 777 778 786 797
                   801 804 807 812 830 834 839 852
          2        162 538 541 172 305 307 552 553 310 95 178 180 337 576
                   343 587 348 349 183 614 616 617 353 625 354 190 631
                   356 635 640 194 363 649 96 660 98 373 375 99 382 68
                   38 698 700 108 703 220 223 720 406 229 111 726 4 432
                   239 441 746 61 457 757 129 469 769 82 140 265 779 142
                   790 793 795 144 798 799 272 13 805 806 149 810 288 823
                   825 150 832 532 838 155 841 846 847 93 854 857
          3        651 130 462 666 22 475 351 676 479 264 23 487 488 70
                   496 26 707 711 271 507 147 28 284 369 531 731 102 41
                   374 210 81 380 45 753 755 385 299 761 161 767 394 773
                   87 164 398 234 782 570 308 792 168 318 583 415 169 605
                   802 417 424 425 615 427 428 819 820 430 824 325 436
                   438 17 63 246 638 842 844 845 451 641 452 454 176
          4        670 2 490 494 682 684 25 286 379 5 27 71 40 705 217
                   20 43 715 716 396 225 721 165 402 540 231 730 545 167
                   317 115 44 170 554 326 419 421 567 423 569 119 763 334
                   575 772 241 243 579 338 339 589 591 788 435 600 245
                   344 29 174 85 57 90 181 622 455 58 628 458 813 60 460
                   357 636 463 826 468 192 470 645 94 365 478 655 9 278
                   662 279 371 855 280
          5        657 251 573 376 186 152 341 297 505 97 345 444 228 597
                   83 525 302 609 230 702 612 704 195 456 270 159 78 175
                   358 808 718 811 146 414 319 551 724 206 324 109 828
                   282 110 735 560 564 840 743 372 566 747 748 52 426 112
                   656 756
          6        681 764 260 32 226 66 775 691 692 101 200 136 233 139
                   618 620 67 794 558 624 559 103 562 143 1 106 242 364
                   166 327 184 77 247 814 816 528 732 529 290 736 738 654
                   580 581 248 745 584 659 585 222 123 342 472 596 473
                   474 602 678
          7        256 774 73 506 405 236 331 514 632 787 572 138 516 196
                   295 527 36 76 466 224 64 53 244 588 273 733 378 274
                   542 661 544 598 275 86 822 160 672 607 79 481 135 611
                   249 835 439 323 688 760 232 843 213 495 359 766 848
                   851 695 696 770 400 367
          8        187 54 124 683 476 827 407 137 511 126 8 571 120 765
                   484 141 347 315 467 809 420 399 671 639 250 674 48 642
          9        269 433 393 837 599 127 422 62 14 381 18 154 188 768
                   699 390 771 431 634 729 471
         10        122 780 19 784 522 524 592 789 503 712 254 817 31 193
                   821 51 412 56 800 739 227 263
         11        16 34 833 235 709 383 785 49 737 613 401 55 663 403
                   388 125 509 37 577 853 74 408 191 128
         12        309 465 434 685 754 627 665 219 84 648 257 534 652 391
                   253 47 539 411
         13        593 59 749 105 446 714 850 675 499 313 113 543 464
         14        686 287 521 530 697 449
         15        252 153 829
         16        619 117
         17        667
         18        647 322 493 294
         19        690 445 389
         20        386 24
         21        758
         22        815 281
         25        418
         29        346
         30        803
         34        89
         40        492
         44        185
         47        429



COVARIANCE COVERAGE OF DATA

Minimum covariance coverage value   0.100

     Number of missing data patterns             1


     PROPORTION OF DATA PRESENT


           Covariance Coverage
              WB            TCE           SN            FAMILY        WEAK_TIE
              ________      ________      ________      ________      ________
 WB             1.000
 TCE            1.000         1.000
 SN             1.000         1.000         1.000
 FAMILY         1.000         1.000         1.000         1.000
 WEAK_TIE       1.000         1.000         1.000         1.000         1.000
 WEEKEND        1.000         1.000         1.000         1.000         1.000


           Covariance Coverage
              WEEKEND
              ________
 WEEKEND        1.000



UNIVARIATE SAMPLE STATISTICS


     UNIVARIATE HIGHER-ORDER MOMENT DESCRIPTIVE STATISTICS

         Variable/         Mean/     Skewness/   Minimum/ % with                Percentiles
        Sample Size      Variance    Kurtosis    Maximum  Min/Max      20%/60%    40%/80%    Median

     WB                    2.819      -0.270       1.000    1.43%       2.333      2.667      2.667
            3928.000       0.448      -0.281       4.000    6.31%       3.000      3.333
     TCE                   0.000      -0.210      -0.929    0.03%      -0.333      0.000      0.000
            3928.000       0.141      -0.337       0.933    0.05%       0.000      0.316
     SN                    0.000       0.602      -0.933    0.05%      -0.143      0.000      0.000
            3928.000       0.086       1.874       0.979    0.03%       0.000      0.000
     FAMILY                0.000       1.207      -0.833    0.03%      -0.167      0.000      0.000
            3928.000       0.083       2.260       0.955    0.05%       0.000      0.000
     WEAK_TIES             0.000       1.552      -0.857    0.03%      -0.100      0.000      0.000
            3928.000       0.058       5.027       0.975    0.03%       0.000      0.000
     WEEKEND               0.260       1.096       0.000   74.03%       0.000      0.000      0.000
            3928.000       0.192      -0.798       1.000   25.97%       0.000      1.000


THE MODEL ESTIMATION TERMINATED NORMALLY

     USE THE FBITERATIONS OPTION TO INCREASE THE NUMBER OF ITERATIONS BY A FACTOR
     OF AT LEAST TWO TO CHECK CONVERGENCE AND THAT THE PSR VALUE DOES NOT INCREASE.



MODEL FIT INFORMATION

Number of Free Parameters                              22

Information Criteria

          Deviance (DIC)                         6187.095
          Estimated Number of Parameters (pD)     720.921



MODEL RESULTS

                                Posterior  One-Tailed         95% C.I.
                    Estimate       S.D.      P-Value   Lower 2.5%  Upper 2.5%  Significance

Within Level

 WB         ON
    WEEKEND            0.090       0.020      0.000       0.052       0.130      *

 Residual Variances
    WB                 0.236       0.006      0.000       0.223       0.249      *

Between Level

 WB       WITH
    S1                -0.024       0.016      0.066      -0.057       0.008
    S2                -0.039       0.021      0.029      -0.083       0.002
    S3                -0.022       0.019      0.117      -0.061       0.013
    S4                -0.036       0.019      0.038      -0.072       0.004

 S1       WITH
    S2                 0.041       0.021      0.002       0.008       0.086      *
    S3                 0.016       0.016      0.149      -0.015       0.049
    S4                 0.013       0.012      0.152      -0.015       0.036

 S2       WITH
    S3                 0.059       0.026      0.009       0.009       0.113      *
    S4                 0.037       0.019      0.013       0.004       0.078      *

 S3       WITH
    S4                 0.037       0.021      0.024       0.000       0.085      *

 Means
    WB                 2.826       0.021      0.000       2.785       2.866      *
    S1                -0.080       0.031      0.005      -0.138      -0.019      *
    S2                -0.048       0.041      0.118      -0.126       0.036
    S3                -0.029       0.037      0.212      -0.099       0.045
    S4                -0.043       0.036      0.105      -0.115       0.027

 Variances
    WB                 0.221       0.016      0.000       0.192       0.254      *
    S1                 0.034       0.016      0.000       0.012       0.072      *
    S2                 0.098       0.036      0.000       0.043       0.182      *
    S3                 0.082       0.030      0.000       0.036       0.153      *
    S4                 0.041       0.020      0.000       0.014       0.092      *


STANDARDIZED MODEL RESULTS


STDYX Standardization

                                Posterior  One-Tailed         95% C.I.
                    Estimate       S.D.      P-Value   Lower 2.5%  Upper 2.5%  Significance

Within-Level Standardized Estimates Averaged Over Clusters

 S1 | WB ON
    TCE               -0.032       0.014      0.004      -0.061      -0.009      *

 S2 | WB ON
    SN                -0.012       0.011      0.127      -0.033       0.010

 S3 | WB ON
    FAMILY            -0.005       0.008      0.231      -0.021       0.009

 S4 | WB ON
    WEAK_TIES         -0.008       0.008      0.123      -0.024       0.007

 WB         ON
    WEEKEND            0.045       0.010      0.000       0.026       0.065      *

 Residual Variances
    WB                 0.954       0.006      0.000       0.943       0.968      *

Between Level

 WB       WITH
    S1                -0.286       0.183      0.066      -0.643       0.091
    S2                -0.273       0.141      0.029      -0.547       0.011
    S3                -0.165       0.140      0.117      -0.443       0.101
    S4                -0.380       0.200      0.038      -0.751       0.042

 S1       WITH
    S2                 0.713       0.178      0.002       0.249       0.920      *
    S3                 0.323       0.274      0.149      -0.310       0.758
    S4                 0.373       0.312      0.152      -0.374       0.839

 S2       WITH
    S3                 0.685       0.199      0.009       0.128       0.911      *
    S4                 0.617       0.223      0.013       0.072       0.913      *

 S3       WITH
    S4                 0.669       0.242      0.024       0.005       0.937      *

 Means
    WB                 6.012       0.219      0.000       5.604       6.467      *
    S1                -0.437       0.215      0.005      -0.969      -0.101      *
    S2                -0.153       0.142      0.118      -0.464       0.114
    S3                -0.100       0.133      0.212      -0.367       0.166
    S4                -0.209       0.191      0.105      -0.618       0.142

 Variances
    WB                 1.000       0.000      0.000       1.000       1.000
    S1                 1.000       0.000      0.000       1.000       1.000
    S2                 1.000       0.000      0.000       1.000       1.000
    S3                 1.000       0.000      0.000       1.000       1.000
    S4                 1.000       0.000      0.000       1.000       1.000


STDY Standardization

                                Posterior  One-Tailed         95% C.I.
                    Estimate       S.D.      P-Value   Lower 2.5%  Upper 2.5%  Significance

Within-Level Standardized Estimates Averaged Over Clusters

 S1 | WB ON
    TCE               -0.136       0.060      0.004      -0.258      -0.034      *

 S2 | WB ON
    SN                -0.084       0.068      0.101      -0.227       0.048

 S3 | WB ON
    FAMILY            -0.050       0.057      0.183      -0.159       0.065

 S4 | WB ON
    WEAK_TIES         -0.075       0.070      0.103      -0.227       0.058

 WB         ON
    WEEKEND            0.182       0.040      0.000       0.106       0.264      *

 Residual Variances
    WB                 0.954       0.006      0.000       0.943       0.968      *

Between Level

 WB       WITH
    S1                -0.286       0.183      0.066      -0.643       0.091
    S2                -0.273       0.141      0.029      -0.547       0.011
    S3                -0.165       0.140      0.117      -0.443       0.101
    S4                -0.380       0.200      0.038      -0.751       0.042

 S1       WITH
    S2                 0.713       0.178      0.002       0.249       0.920      *
    S3                 0.323       0.274      0.149      -0.310       0.758
    S4                 0.373       0.312      0.152      -0.374       0.839

 S2       WITH
    S3                 0.685       0.199      0.009       0.128       0.911      *
    S4                 0.617       0.223      0.013       0.072       0.913      *

 S3       WITH
    S4                 0.669       0.242      0.024       0.005       0.937      *

 Means
    WB                 6.012       0.219      0.000       5.604       6.467      *
    S1                -0.437       0.215      0.005      -0.969      -0.101      *
    S2                -0.153       0.142      0.118      -0.464       0.114
    S3                -0.100       0.133      0.212      -0.367       0.166
    S4                -0.209       0.191      0.105      -0.618       0.142

 Variances
    WB                 1.000       0.000      0.000       1.000       1.000
    S1                 1.000       0.000      0.000       1.000       1.000
    S2                 1.000       0.000      0.000       1.000       1.000
    S3                 1.000       0.000      0.000       1.000       1.000
    S4                 1.000       0.000      0.000       1.000       1.000


R-SQUARE

Within-Level R-Square Averaged Across Clusters

                                Posterior  One-Tailed         95% C.I.
    Variable        Estimate       S.D.      P-Value   Lower 2.5%  Upper 2.5%

    WB                 0.046       0.006      0.000       0.032       0.057


TECHNICAL 1 OUTPUT


     PARAMETER SPECIFICATION FOR WITHIN


           NU
              WB            TCE           SN            FAMILY        WEAK_TIE
              ________      ________      ________      ________      ________
                    0             0             0             0             0


           NU
              WEEKEND
              ________
                    0


           LAMBDA
              WB            TCE           SN            FAMILY        WEAK_TIE
              ________      ________      ________      ________      ________
 WB                 0             0             0             0             0
 TCE                0             0             0             0             0
 SN                 0             0             0             0             0
 FAMILY             0             0             0             0             0
 WEAK_TIE           0             0             0             0             0
 WEEKEND            0             0             0             0             0


           LAMBDA
              WEEKEND
              ________
 WB                 0
 TCE                0
 SN                 0
 FAMILY             0
 WEAK_TIE           0
 WEEKEND            0


           THETA
              WB            TCE           SN            FAMILY        WEAK_TIE
              ________      ________      ________      ________      ________
 WB                 0
 TCE                0             0
 SN                 0             0             0
 FAMILY             0             0             0             0
 WEAK_TIE           0             0             0             0             0
 WEEKEND            0             0             0             0             0


           THETA
              WEEKEND
              ________
 WEEKEND            0


           ALPHA
              WB            TCE           SN            FAMILY        WEAK_TIE
              ________      ________      ________      ________      ________
                    0             0             0             0             0


           ALPHA
              WEEKEND
              ________
                    0


           BETA
              WB            TCE           SN            FAMILY        WEAK_TIE
              ________      ________      ________      ________      ________
 WB                 0             0             0             0             0
 TCE                0             0             0             0             0
 SN                 0             0             0             0             0
 FAMILY             0             0             0             0             0
 WEAK_TIE           0             0             0             0             0
 WEEKEND            0             0             0             0             0


           BETA
              WEEKEND
              ________
 WB                 1
 TCE                0
 SN                 0
 FAMILY             0
 WEAK_TIE           0
 WEEKEND            0


           PSI
              WB            TCE           SN            FAMILY        WEAK_TIE
              ________      ________      ________      ________      ________
 WB                 2
 TCE                0             0
 SN                 0             0             0
 FAMILY             0             0             0             0
 WEAK_TIE           0             0             0             0             0
 WEEKEND            0             0             0             0             0


           PSI
              WEEKEND
              ________
 WEEKEND            0


     PARAMETER SPECIFICATION FOR BETWEEN


           NU
              WB
              ________
                    0


           LAMBDA
              S1            S2            S3            S4            WB
              ________      ________      ________      ________      ________
 WB                 0             0             0             0             0


           THETA
              WB
              ________
 WB                 0


           ALPHA
              S1            S2            S3            S4            WB
              ________      ________      ________      ________      ________
                    3             4             5             6             7


           BETA
              S1            S2            S3            S4            WB
              ________      ________      ________      ________      ________
 S1                 0             0             0             0             0
 S2                 0             0             0             0             0
 S3                 0             0             0             0             0
 S4                 0             0             0             0             0
 WB                 0             0             0             0             0


           PSI
              S1            S2            S3            S4            WB
              ________      ________      ________      ________      ________
 S1                 8
 S2                 9            10
 S3                11            12            13
 S4                14            15            16            17
 WB                18            19            20            21            22


     STARTING VALUES FOR WITHIN


           NU
              WB            TCE           SN            FAMILY        WEAK_TIE
              ________      ________      ________      ________      ________
                0.000         0.000         0.000         0.000         0.000


           NU
              WEEKEND
              ________
                0.000


           LAMBDA
              WB            TCE           SN            FAMILY        WEAK_TIE
              ________      ________      ________      ________      ________
 WB             1.000         0.000         0.000         0.000         0.000
 TCE            0.000         1.000         0.000         0.000         0.000
 SN             0.000         0.000         1.000         0.000         0.000
 FAMILY         0.000         0.000         0.000         1.000         0.000
 WEAK_TIE       0.000         0.000         0.000         0.000         1.000
 WEEKEND        0.000         0.000         0.000         0.000         0.000


           LAMBDA
              WEEKEND
              ________
 WB             0.000
 TCE            0.000
 SN             0.000
 FAMILY         0.000
 WEAK_TIE       0.000
 WEEKEND        1.000


           THETA
              WB            TCE           SN            FAMILY        WEAK_TIE
              ________      ________      ________      ________      ________
 WB             0.000
 TCE            0.000         0.000
 SN             0.000         0.000         0.000
 FAMILY         0.000         0.000         0.000         0.000
 WEAK_TIE       0.000         0.000         0.000         0.000         0.000
 WEEKEND        0.000         0.000         0.000         0.000         0.000


           THETA
              WEEKEND
              ________
 WEEKEND        0.000


           ALPHA
              WB            TCE           SN            FAMILY        WEAK_TIE
              ________      ________      ________      ________      ________
                0.000         0.000         0.000         0.000         0.000


           ALPHA
              WEEKEND
              ________
                0.000


           BETA
              WB            TCE           SN            FAMILY        WEAK_TIE
              ________      ________      ________      ________      ________
 WB             0.000         0.000         0.000         0.000         0.000
 TCE            0.000         0.000         0.000         0.000         0.000
 SN             0.000         0.000         0.000         0.000         0.000
 FAMILY         0.000         0.000         0.000         0.000         0.000
 WEAK_TIE       0.000         0.000         0.000         0.000         0.000
 WEEKEND        0.000         0.000         0.000         0.000         0.000


           BETA
              WEEKEND
              ________
 WB             0.000
 TCE            0.000
 SN             0.000
 FAMILY         0.000
 WEAK_TIE       0.000
 WEEKEND        0.000


           PSI
              WB            TCE           SN            FAMILY        WEAK_TIE
              ________      ________      ________      ________      ________
 WB             0.224
 TCE            0.000         0.071
 SN             0.000         0.000         0.043
 FAMILY         0.000         0.000         0.000         0.041
 WEAK_TIE       0.000         0.000         0.000         0.000         0.029
 WEEKEND        0.000         0.000         0.000         0.000         0.000


           PSI
              WEEKEND
              ________
 WEEKEND        0.096


     STARTING VALUES FOR BETWEEN


           NU
              WB
              ________
                0.000


           LAMBDA
              S1            S2            S3            S4            WB
              ________      ________      ________      ________      ________
 WB             0.000         0.000         0.000         0.000         1.000


           THETA
              WB
              ________
 WB             0.000


           ALPHA
              S1            S2            S3            S4            WB
              ________      ________      ________      ________      ________
                0.000         0.000         0.000         0.000         2.819


           BETA
              S1            S2            S3            S4            WB
              ________      ________      ________      ________      ________
 S1             0.000         0.000         0.000         0.000         0.000
 S2             0.000         0.000         0.000         0.000         0.000
 S3             0.000         0.000         0.000         0.000         0.000
 S4             0.000         0.000         0.000         0.000         0.000
 WB             0.000         0.000         0.000         0.000         0.000


           PSI
              S1            S2            S3            S4            WB
              ________      ________      ________      ________      ________
 S1             1.000
 S2             0.000         1.000
 S3             0.000         0.000         1.000
 S4             0.000         0.000         0.000         1.000
 WB             0.000         0.000         0.000         0.000         0.224



     PRIORS FOR ALL PARAMETERS            PRIOR MEAN      PRIOR VARIANCE     PRIOR STD. DEV.

     Parameter 1~N(0.000,infinity)           0.0000            infinity            infinity
     Parameter 2~IG(-1.000,0.000)          infinity            infinity            infinity
     Parameter 3~N(0.000,infinity)           0.0000            infinity            infinity
     Parameter 4~N(0.000,infinity)           0.0000            infinity            infinity
     Parameter 5~N(0.000,infinity)           0.0000            infinity            infinity
     Parameter 6~N(0.000,infinity)           0.0000            infinity            infinity
     Parameter 7~N(0.000,infinity)           0.0000            infinity            infinity
     Parameter 8~IW(0.000,-6)              infinity            infinity            infinity
     Parameter 9~IW(0.000,-6)              infinity            infinity            infinity
     Parameter 10~IW(0.000,-6)             infinity            infinity            infinity
     Parameter 11~IW(0.000,-6)             infinity            infinity            infinity
     Parameter 12~IW(0.000,-6)             infinity            infinity            infinity
     Parameter 13~IW(0.000,-6)             infinity            infinity            infinity
     Parameter 14~IW(0.000,-6)             infinity            infinity            infinity
     Parameter 15~IW(0.000,-6)             infinity            infinity            infinity
     Parameter 16~IW(0.000,-6)             infinity            infinity            infinity
     Parameter 17~IW(0.000,-6)             infinity            infinity            infinity
     Parameter 18~IW(0.000,-6)             infinity            infinity            infinity
     Parameter 19~IW(0.000,-6)             infinity            infinity            infinity
     Parameter 20~IW(0.000,-6)             infinity            infinity            infinity
     Parameter 21~IW(0.000,-6)             infinity            infinity            infinity
     Parameter 22~IW(0.000,-6)             infinity            infinity            infinity


TECHNICAL 8 OUTPUT


   TECHNICAL 8 OUTPUT FOR BAYES ESTIMATION

     CHAIN    BSEED
     1        0
     2        285380

                     POTENTIAL       PARAMETER WITH
     ITERATION    SCALE REDUCTION      HIGHEST PSR
     100              3.414               17
     200              3.006               9
     300              1.849               21
     400              1.957               17
     500              1.976               21
     600              1.781               21
     700              1.533               11
     800              1.567               11
     900              1.511               11
     1000             1.443               11
     1100             1.482               8
     1200             1.609               3
     1300             2.063               3
     1400             1.897               3
     1500             1.697               3
     1600             1.633               14
     1700             1.563               14
     1800             1.514               14
     1900             1.528               14
     2000             1.544               14
     2100             1.590               14
     2200             1.588               14
     2300             1.432               14
     2400             1.373               14
     2500             1.339               14
     2600             1.371               14
     2700             1.267               14
     2800             1.279               13
     2900             1.293               13
     3000             1.348               13
     3100             1.322               13
     3200             1.259               21
     3300             1.211               21
     3400             1.191               14
     3500             1.179               21
     3600             1.200               21
     3700             1.215               21
     3800             1.217               21
     3900             1.168               21
     4000             1.135               21
     4100             1.119               13
     4200             1.132               13
     4300             1.131               13
     4400             1.121               13
     4500             1.097               13
     4600             1.100               16
     4700             1.113               16
     4800             1.110               16
     4900             1.112               16
     5000             1.112               16
     5100             1.107               14
     5200             1.112               14
     5300             1.122               16
     5400             1.136               16
     5500             1.144               14
     5600             1.170               14
     5700             1.171               14
     5800             1.192               8
     5900             1.193               8
     6000             1.161               8
     6100             1.125               8
     6200             1.108               8
     6300             1.104               8
     6400             1.108               8
     6500             1.114               8
     6600             1.125               8
     6700             1.140               8
     6800             1.144               8
     6900             1.148               8
     7000             1.154               8
     7100             1.161               8
     7200             1.176               8
     7300             1.170               8
     7400             1.143               8
     7500             1.122               8
     7600             1.107               8
     7700             1.115               8
     7800             1.118               8
     7900             1.124               8
     8000             1.130               8
     8100             1.150               8
     8200             1.135               8
     8300             1.122               9
     8400             1.116               9
     8500             1.102               9
     8600             1.082               9
     8700             1.074               16
     8800             1.070               16
     8900             1.075               16
     9000             1.076               16
     9100             1.068               16
     9200             1.080               16
     9300             1.096               16
     9400             1.105               16
     9500             1.100               16
     9600             1.100               17
     9700             1.115               17
     9800             1.125               17
     9900             1.128               17
     10000            1.132               17
     10100            1.140               17
     10200            1.147               17
     10300            1.164               17
     10400            1.170               17
     10500            1.154               17
     10600            1.148               17
     10700            1.140               17
     10800            1.145               17
     10900            1.148               17
     11000            1.148               17
     11100            1.152               17
     11200            1.174               17
     11300            1.191               17
     11400            1.184               17
     11500            1.164               17
     11600            1.166               17
     11700            1.165               17
     11800            1.155               17
     11900            1.151               17
     12000            1.146               17
     12100            1.138               6
     12200            1.148               6
     12300            1.161               6
     12400            1.163               6
     12500            1.158               6
     12600            1.156               6
     12700            1.168               6
     12800            1.173               6
     12900            1.181               6
     13000            1.175               6
     13100            1.160               6
     13200            1.146               6
     13300            1.131               6
     13400            1.117               6
     13500            1.109               6
     13600            1.113               6
     13700            1.120               6
     13800            1.130               6
     13900            1.137               6
     14000            1.143               6
     14100            1.141               6
     14200            1.142               6
     14300            1.131               6
     14400            1.121               6
     14500            1.120               6
     14600            1.114               6
     14700            1.117               6
     14800            1.116               6
     14900            1.111               6
     15000            1.103               6
     15100            1.091               6
     15200            1.088               6
     15300            1.080               6


     Beginning Time:  18:28:13
        Ending Time:  18:32:56
       Elapsed Time:  00:04:43



MUTHEN & MUTHEN
3463 Stoner Ave.
Los Angeles, CA  90066

Tel: (310) 391-9971
Fax: (310) 391-8971
Web: www.StatModel.com
Support: Support@StatModel.com

Copyright (c) 1998-2020 Muthen & Muthen
