Mplus VERSION 8.5 (Mac)
MUTHEN & MUTHEN
03/18/2022   6:15 PM

INPUT INSTRUCTIONS

  TITLE: Analysis 4
  DATA: FILE = analysis4+5_suppl1_S1.dat;
  VARIABLE:
  NAMES = ID WB content stressed lonely
  TVC TCE SN peers family weak_ties
  E A C N O gender ethnicity SES weekend;
  USEVARIABLES = WB
  TCE SN family weak_ties
  weekend N;
  CLUSTER = ID;
  WITHIN = TCE SN family weak_ties weekend;
  BETWEEN = N;
  MISSING = .;
  DEFINE:
  CENTER TCE (GROUPMEAN);
  CENTER SN (GROUPMEAN);
  CENTER family (GROUPMEAN);
  CENTER weak_ties (GROUPMEAN);
  CENTER N (GRANDMEAN);
  ANALYSIS: TYPE = TWOLEVEL RANDOM; ESTIMATOR = BAYES;
  BITERATIONS = (10000); PROCESSORS = 2;
  MODEL:
  %WITHIN%
  ! Well-being is predicted by TCE, the slope is random
  S1 | WB ON TCE;
  ! Well-being is predicted by SN, the slope is random
  S2 | WB ON SN;
  ! Well-being is predicted by family, the slope is random
  S3 | WB ON family;
  ! Well-being is predicted by weak ties, the slope is random
  S4 | WB ON weak_ties;
  ! Control for weekend
  WB ON weekend;
  %BETWEEN%
  ! Covariance between intercept and slopes
  WB S1-S4 WITH WB S1-S4;
  ! The intercept is predicted by neuroticism
  WB ON N;
  ! The slopes are predicted by neuroticism
  S1-S4 ON N;
  OUTPUT: STDYX STDY TECH8;



*** WARNING in VARIABLE command
  Note that only the first 8 characters of variable names are used in the output.
  Shorten variable names to avoid any confusion.
*** WARNING
  One or more individual-level variables have no variation within a
  cluster for the following clusters.

     Variable   Cluster IDs with no within-cluster variation

      WB          15 760 393 808 423 213 436 893 907 468 496 115 63 979 1017 118 1051 541 124
                  554 563 578 580 287 5 1265 635 1278 37 1308 1310 335 1354 44 498 660 388 668
                  711 1086 422 24 1249 867 263 1346 903 520 317 883 125
      WEEKEND     694 702 704 351 359 747 752 201 106 760 389 391 393 204 400 805 810 209 417
                  838 25 423 213 62 443 893 217 907 452 458 927 468 218 934 938 941 946 496 115
                  234 116 975 63 979 239 1007 1009 1017 1026 118 1033 1051 68 541 1074 1077 1081
                  1087 124 1092 554 29 30 253 563 1119 1126 564 1157 578 580 135 589 266 136 144
                  74 287 5 1224 292 1231 162 1242 1250 36 635 640 1278 86 169 37 1308 1310 335
                  1317 1318 1333 665 1337 1354 1373 672 345 623 480 639 226 275 498 79 655 667
                  978 1000 1008 518 692 693 53 706 1070 713 401 402 732 742 1118 297 553 1132
                  93 207 308 421 779 569 794 1189 577 24 327 1232 1237 819 824 49 1261 837 606
                  854 867 179 263 1339 1346 265 613 1368 898 1382 622 1389 913 316 895 1117 724
                  103 1131 40 1136 55 520 8 173 632 1165 341 220 1197 1208 649 348 350 995 187
                  1252 1258 1013 1015 457 1273 372 375 1049 839 376 1311 230 1327 579 1352 1365
                  20 155 157 876 69 627 633 219 500 321 750 1066 437 378 661 334 383 762 917 918
                  931 791 1125 793 955 1344 145 474 52 865 965 970 171 982 994 712 896 550 1295
                  1018 41 325 251 681 1065 105 1349 1222 804 152 1028 212 329 28 58 536 789 1027
                  1129 656 142 976 1064 857 621 803 868 588 618 829 985 939 174 1238 1204 233
                  214 406 1251 897 1320 481 1302 921 1319

*** WARNING
  Data set contains cases with missing on x-variables.
  These cases were not included in the analysis.
  Number of cases with missing on x-variables:  1004
*** WARNING
  Data set contains cases with missing on all variables except
  x-variables.  These cases were not included in the analysis.
  Number of cases with missing on all variables except x-variables:  2
   4 WARNING(S) FOUND IN THE INPUT INSTRUCTIONS



Analysis 4

SUMMARY OF ANALYSIS

Number of groups                                                 1
Number of observations                                        5696

Number of dependent variables                                    1
Number of independent variables                                  6
Number of continuous latent variables                            4

Observed dependent variables

  Continuous
   WB

Observed independent variables
   TCE         SN          FAMILY      WEAK_TIE    WEEKEND     N

Continuous latent variables
   S1          S2          S3          S4

Variables with special functions

  Cluster variable      ID

  Within variables
   TCE         SN          FAMILY      WEAK_TIE    WEEKEND

  Between variables
   N

  Centering (GRANDMEAN)
   N

  Centering (GROUPMEAN)
   TCE         SN          FAMILY      WEAK_TIE


Estimator                                                    BAYES
Specifications for Bayesian Estimation
  Point estimate                                            MEDIAN
  Number of Markov chain Monte Carlo (MCMC) chains               2
  Random seed for the first chain                                0
  Starting value information                           UNPERTURBED
  Algorithm used for Markov chain Monte Carlo           GIBBS(PX1)
  Convergence criterion                                  0.500D-01
  Maximum number of iterations                               50000
  K-th iteration used for thinning                               1

Input data file(s)
  analysis4+5_suppl1_S1.dat
Input data format  FREE


SUMMARY OF DATA

     Number of clusters                       1015

       Size (s)    Cluster ID with Size s

          1        4 7 14 18 22 31 54 57 71 73 76 77 81 87 92 99 108 110
                   123 130 151 154 160 165 168 183 189 202 210 215 228
                   235 237 241 242 250 261 272 281 290 291 300 301 305
                   309 328 331 339 343 347 358 373 399 403 412 419 424
                   438 444 476 478 491 494 499 501 504 507 522 543 555
                   559 560 582 591 599 607 610 617 619 624 637 643 644
                   663 675 682 709 714 717 744 754 761 773 778 799 809
                   818 834 843 848 850 851 860 884 889 894 899 916 919
                   929 933 943 950 957 966 973 974 977 996 1004 1032 1059
                   1067 1069 1071 1094 1108 1111 1142 1143 1154 1158 1159
                   1167 1168 1171 1172 1185 1186 1199 1203 1213 1228 1239
                   1259 1267 1269 1280 1294 1304 1336 1356 1379 1384 1388
                   1397
          2        685 694 699 702 704 15 351 359 745 747 752 201 106 760
                   389 391 393 204 798 400 801 805 808 206 810 209 417
                   836 838 25 420 423 213 436 62 441 443 893 217 907 452
                   458 927 468 218 934 938 941 113 946 496 115 234 116
                   975 63 979 239 1007 1009 1017 1026 118 1033 1051 1055
                   525 68 541 1074 1077 1081 1087 124 1092 554 29 30 253
                   563 1119 1126 564 1157 578 580 260 135 589 266 136 144
                   74 287 5 1224 292 1231 162 1242 1248 1250 36 1265 635
                   166 1270 640 1278 86 169 654 37 1308 1310 335 1317 1318
                   1333 665 1337 1354 44 1373 672 676 345
          3        623 480 923 488 636 639 226 495 275 498 79 947 655 657
                   377 660 380 664 388 667 668 978 66 1000 514 1006 146
                   1008 518 51 1020 692 693 523 398 527 703 53 706 1070
                   530 532 711 1080 713 1086 17 401 719 402 1096 1099 1101
                   731 732 735 742 1118 297 1120 547 553 1132 1137 748
                   299 1147 26 93 207 308 1162 1163 421 566 779 786 569
                   794 570 1189 422 98 577 24 430 327 440 1232 1237 819
                   822 1247 824 1249 101 49 1261 1262 837 259 600 446 606
                   854 856 178 861 1297 1306 867 456 1313 871 874 880 882
                   179 263 1339 1346 265 613 1368 78 898 1382 1386 622
                   1389 1390 913
          4        120 605 313 316 895 1117 724 103 903 411 910 1128 1130
                   1131 40 1136 55 1138 520 743 8 1148 262 111 1156 526
                   173 1160 629 632 1165 634 341 764 88 531 1182 429 534
                   220 968 346 1197 1198 542 792 1208 649 222 1219 348
                   350 987 995 137 139 1245 187 666 1252 1257 1258 1012
                   1013 1015 365 457 367 827 1273 830 372 568 1282 1038
                   375 1049 1301 839 376 845 1311 1063 230 1327 1328 50
                   1335 579 1075 1342 1351 1352 196 586 1365 20 1 155 157
                   876 203 69 1102 758
          5        826 19 828 408 833 626 627 307 633 67 847 418 219 500
                   1210 1039 1214 321 1225 646 176 1236 221 95 750 1066
                   285 437 378 825 661 334 383 762 901 902 1268 767 769
                   119 1276 914 1279 445 1100 1284 1285 1287 917 918 1293
                   161 60 931 787 677 791 396 1125 793 3 945 796 190 948
                   687 955 1344 691 1145 537 145 1357 1359 1150 474 1369
                   1153 695 52 232 701 484
          6        1229 94 700 1235 642 107 482 865 1244 962 965 426 427
                   970 171 1256 392 878 1121 982 317 883 991 994 712 1133
                   357 890 797 716 319 896 718 288 550 1295 1018 41 325
                   906 814 192 244 741 267 448 147 1046 511 251 679 681
                   83 930 832 1065 1191 105 1349 340 1068 1353 753 631
                   459 465 1367 255 284 1216 581 1222 952 954
          7        990 993 194 1271 795 1089 858 593 641 1180 1098 509
                   470 1291 804 1194 1195 602 1107 1307 435 342 1314 152
                   879 1028 258 1324 439 198 820 1332 565 1041 212 763
                   1227 1045 138 302 573 1057 354 1240 329 1243 533 28
                   58 536 1372 1152 82 6 1155 911 789 584 338 1392 364
          8        782 1109 1187 1027 1190 129 366 1114 492 737 450 529
                   184 394 844 1207 1124 963 368 10 1212 245 1129 141 656
                   374 142 1322 1323 976 1064 1141 857 800 621 803 1073
                   104 159 1350 868 410 89 384 1355 1005 936 1253 1255
                   1090 588 548 414 65 1374 1014 1380 1381 944 1175 729
          9        859 908 776 1078 1079 618 303 336 551 318 1139 185 475
                   1201 558 248 1034 829 1097 134 561 598 2 505 985 939
                   432 1223 1362 208 453 312 678 1292 174 513 489 1296
                   683 1300 379 1238 122 1176 1177 519 1393
         10        1164 1204 984 1345 863 233 216 1029 842 1298 556 727
                   1215 869 1076 11 1264 596 544 648 853 1085 855 1234
                   1088 651 214 404 1334 170 1395 454
         11        925 406 112 177 1105 728 59 557 659 1184 997 508 1309
                   164 363 479 852 688 270 431 294 1377 1016 1161 180 1061
                   887 1331 1286 720 1021 552 1134 1396 1251
         12        1260 806 1062 1196 1341 897 293 538 915 964 397 1320
                   503 738 1146 1072 756 757 386 1192 662
         13        1054 486 1340 131 100 310 562 428 32 298 481 1383 723
                   1302 188 315 921 1173 1360 97 1001 1002
         14        749 1110 928 42 360 249 344 1385 1230 592 689 1303 13
                   289 121
         15        473 1364 788 881 1031 585 256 1246 1375 807 369 471
         16        462 434 182 125 1319 840
         17        875 1095 449 781 980 61
         18        1343 197 247 841
         20        1200 697 1003 777 463 1283
         21        472 705
         22        671
         23        1042
         24        1025
         26        736 70
         27        594
         29        912
         31        231



COVARIANCE COVERAGE OF DATA

Minimum covariance coverage value   0.100

     Number of missing data patterns             1


     PROPORTION OF DATA PRESENT


           Covariance Coverage
              WB            TCE           SN            FAMILY        WEAK_TIE
              ________      ________      ________      ________      ________
 WB             1.000
 TCE            1.000         1.000
 SN             1.000         1.000         1.000
 FAMILY         1.000         1.000         1.000         1.000
 WEAK_TIE       1.000         1.000         1.000         1.000         1.000
 WEEKEND        1.000         1.000         1.000         1.000         1.000
 N              1.000         1.000         1.000         1.000         1.000


           Covariance Coverage
              WEEKEND       N
              ________      ________
 WEEKEND        1.000
 N              1.000         1.000



UNIVARIATE SAMPLE STATISTICS


     UNIVARIATE HIGHER-ORDER MOMENT DESCRIPTIVE STATISTICS

         Variable/         Mean/     Skewness/   Minimum/ % with                Percentiles
        Sample Size      Variance    Kurtosis    Maximum  Min/Max      20%/60%    40%/80%    Median

     WB                    2.860      -0.347       1.000    1.21%       2.333      2.667      3.000
            5696.000       0.438      -0.212       4.000    6.76%       3.000      3.333
     TCE                   0.000      -0.232      -0.968    0.02%      -0.333      0.000      0.000
            5696.000       0.140      -0.248       0.929    0.04%       0.071      0.333
     SN                    0.000       0.528      -0.929    0.02%      -0.167      0.000      0.000
            5696.000       0.086       1.961       0.963    0.02%       0.000      0.000
     FAMILY                0.000       1.450      -0.857    0.02%      -0.154      0.000      0.000
            5696.000       0.077       2.917       0.968    0.02%       0.000      0.000
     WEAK_TIES             0.000       2.025      -0.750    0.05%      -0.091      0.000      0.000
            5696.000       0.049       6.797       0.966    0.02%       0.000      0.000
     WEEKEND               0.244       1.195       0.000   75.65%       0.000      0.000      0.000
            5696.000       0.184      -0.571       1.000   24.35%       0.000      1.000
     N                     0.000       0.074      -1.955    0.10%      -0.580     -0.205     -0.080
            1015.000       0.563      -0.341       1.920    0.39%       0.170      0.670


THE MODEL ESTIMATION TERMINATED NORMALLY

     USE THE FBITERATIONS OPTION TO INCREASE THE NUMBER OF ITERATIONS BY A FACTOR
     OF AT LEAST TWO TO CHECK CONVERGENCE AND THAT THE PSR VALUE DOES NOT INCREASE.



MODEL FIT INFORMATION

Number of Free Parameters                              27

Information Criteria

          Deviance (DIC)                         8874.608
          Estimated Number of Parameters (pD)     978.303



MODEL RESULTS

                                Posterior  One-Tailed         95% C.I.
                    Estimate       S.D.      P-Value   Lower 2.5%  Upper 2.5%  Significance

Within Level

 WB         ON
    WEEKEND            0.024       0.017      0.077      -0.009       0.057

 Residual Variances
    WB                 0.234       0.005      0.000       0.224       0.245      *

Between Level

 S1         ON
    N                  0.004       0.038      0.457      -0.069       0.081

 S2         ON
    N                  0.035       0.048      0.234      -0.067       0.120

 S3         ON
    N                 -0.014       0.041      0.359      -0.095       0.066

 S4         ON
    N                 -0.016       0.044      0.351      -0.104       0.069

 WB         ON
    N                 -0.267       0.021      0.000      -0.306      -0.226      *

 WB       WITH
    S1                -0.007       0.013      0.291      -0.032       0.018
    S2                -0.001       0.015      0.482      -0.030       0.031
    S3                -0.012       0.014      0.206      -0.038       0.017
    S4                -0.012       0.017      0.235      -0.046       0.020

 S1       WITH
    S2                 0.031       0.019      0.005       0.004       0.073      *
    S3                 0.010       0.016      0.275      -0.020       0.044
    S4                -0.008       0.018      0.331      -0.042       0.028

 S2       WITH
    S3                 0.010       0.019      0.318      -0.025       0.047
    S4                 0.011       0.021      0.317      -0.026       0.056

 S3       WITH
    S4                 0.032       0.019      0.038      -0.002       0.071

 Intercepts
    WB                 2.870       0.016      0.000       2.839       2.901      *
    S1                -0.037       0.026      0.071      -0.089       0.013
    S2                -0.034       0.032      0.138      -0.101       0.027
    S3                -0.038       0.029      0.085      -0.098       0.017
    S4                -0.066       0.034      0.018      -0.138      -0.004      *

 Residual Variances
    WB                 0.171       0.011      0.000       0.151       0.193      *
    S1                 0.047       0.019      0.000       0.020       0.091      *
    S2                 0.053       0.027      0.000       0.015       0.119      *
    S3                 0.053       0.021      0.000       0.016       0.095      *
    S4                 0.065       0.024      0.000       0.031       0.123      *


STANDARDIZED MODEL RESULTS


STDYX Standardization

                                Posterior  One-Tailed         95% C.I.
                    Estimate       S.D.      P-Value   Lower 2.5%  Upper 2.5%  Significance

Within-Level Standardized Estimates Averaged Over Clusters

 S1 | WB ON
    TCE               -0.021       0.013      0.047      -0.047       0.004

 S2 | WB ON
    SN                -0.010       0.011      0.182      -0.032       0.013

 S3 | WB ON
    FAMILY            -0.010       0.007      0.065      -0.023       0.003

 S4 | WB ON
    WEAK_TIES         -0.016       0.006      0.004      -0.028      -0.004      *

 WB         ON
    WEEKEND            0.012       0.008      0.083      -0.005       0.029

 Residual Variances
    WB                 0.960       0.005      0.000       0.948       0.968      *

Between Level

 S1         ON
    N                  0.010       0.090      0.457      -0.160       0.192

 S2         ON
    N                  0.080       0.111      0.234      -0.156       0.289

 S3         ON
    N                 -0.032       0.100      0.359      -0.245       0.149

 S4         ON
    N                 -0.032       0.088      0.351      -0.216       0.137

 WB         ON
    N                 -0.310       0.023      0.000      -0.355      -0.263      *

 WB       WITH
    S1                -0.084       0.148      0.291      -0.364       0.217
    S2                -0.008       0.166      0.482      -0.326       0.320
    S3                -0.132       0.159      0.206      -0.440       0.187
    S4                -0.112       0.158      0.235      -0.439       0.183

 S1       WITH
    S2                 0.652       0.206      0.005       0.127       0.917      *
    S3                 0.211       0.315      0.275      -0.458       0.723
    S4                -0.147       0.322      0.331      -0.733       0.493

 S2       WITH
    S3                 0.189       0.364      0.318      -0.567       0.880
    S4                 0.200       0.348      0.317      -0.482       0.789

 S3       WITH
    S4                 0.574       0.269      0.038      -0.061       0.928

 Intercepts
    WB                 6.598       0.195      0.000       6.229       6.990      *
    S1                -0.172       0.125      0.071      -0.437       0.059
    S2                -0.147       0.148      0.138      -0.471       0.136
    S3                -0.168       0.135      0.085      -0.456       0.077
    S4                -0.260       0.136      0.018      -0.547      -0.017      *

 Residual Variances
    WB                 0.904       0.014      0.000       0.874       0.931      *
    S1                 0.996       0.012      0.000       0.958       1.000      *
    S2                 0.991       0.025      0.000       0.916       1.000      *
    S3                 0.996       0.019      0.000       0.938       1.000      *
    S4                 0.996       0.013      0.000       0.951       1.000      *


STDY Standardization

                                Posterior  One-Tailed         95% C.I.
                    Estimate       S.D.      P-Value   Lower 2.5%  Upper 2.5%  Significance

Within-Level Standardized Estimates Averaged Over Clusters

 S1 | WB ON
    TCE               -0.086       0.053      0.047      -0.195       0.019

 S2 | WB ON
    SN                -0.060       0.070      0.195      -0.194       0.080

 S3 | WB ON
    FAMILY            -0.064       0.050      0.081      -0.167       0.024

 S4 | WB ON
    WEAK_TIES         -0.165       0.066      0.007      -0.307      -0.044      *

 WB         ON
    WEEKEND            0.047       0.034      0.083      -0.021       0.116

 Residual Variances
    WB                 0.960       0.005      0.000       0.948       0.968      *

Between Level

 S1         ON
    N                  0.020       0.178      0.457      -0.316       0.380

 S2         ON
    N                  0.158       0.219      0.234      -0.308       0.573

 S3         ON
    N                 -0.062       0.198      0.359      -0.485       0.295

 S4         ON
    N                 -0.063       0.174      0.351      -0.427       0.272

 WB         ON
    N                 -0.614       0.046      0.000      -0.702      -0.520      *

 WB       WITH
    S1                -0.084       0.148      0.291      -0.364       0.217
    S2                -0.008       0.166      0.482      -0.326       0.320
    S3                -0.132       0.159      0.206      -0.440       0.187
    S4                -0.112       0.158      0.235      -0.439       0.183

 S1       WITH
    S2                 0.652       0.206      0.005       0.127       0.917      *
    S3                 0.211       0.315      0.275      -0.458       0.723
    S4                -0.147       0.322      0.331      -0.733       0.493

 S2       WITH
    S3                 0.189       0.364      0.318      -0.567       0.880
    S4                 0.200       0.348      0.317      -0.482       0.789

 S3       WITH
    S4                 0.574       0.269      0.038      -0.061       0.928

 Intercepts
    WB                 6.598       0.195      0.000       6.229       6.990      *
    S1                -0.172       0.125      0.071      -0.437       0.059
    S2                -0.147       0.148      0.138      -0.471       0.136
    S3                -0.168       0.135      0.085      -0.456       0.077
    S4                -0.260       0.136      0.018      -0.547      -0.017      *

 Residual Variances
    WB                 0.904       0.014      0.000       0.874       0.931      *
    S1                 0.996       0.012      0.000       0.958       1.000      *
    S2                 0.991       0.025      0.000       0.916       1.000      *
    S3                 0.996       0.019      0.000       0.938       1.000      *
    S4                 0.996       0.013      0.000       0.951       1.000      *


R-SQUARE

Within-Level R-Square Averaged Across Clusters

                                Posterior  One-Tailed         95% C.I.
    Variable        Estimate       S.D.      P-Value   Lower 2.5%  Upper 2.5%

    WB                 0.040       0.005      0.000       0.032       0.052

Between Level

                                Posterior  One-Tailed         95% C.I.
    Variable        Estimate       S.D.      P-Value   Lower 2.5%  Upper 2.5%

    WB                 0.096       0.014      0.000       0.069       0.126

                                Posterior  One-Tailed         95% C.I.
    Variable        Estimate       S.D.      P-Value   Lower 2.5%  Upper 2.5%

    S1                 0.004       0.012      0.000       0.000       0.042
    S2                 0.009       0.025      0.000       0.000       0.084
    S3                 0.004       0.019      0.000       0.000       0.062
    S4                 0.004       0.013      0.000       0.000       0.049


TECHNICAL 1 OUTPUT


     PARAMETER SPECIFICATION FOR WITHIN


           NU
              WB            TCE           SN            FAMILY        WEAK_TIE
              ________      ________      ________      ________      ________
                    0             0             0             0             0


           NU
              WEEKEND
              ________
                    0


           LAMBDA
              WB            TCE           SN            FAMILY        WEAK_TIE
              ________      ________      ________      ________      ________
 WB                 0             0             0             0             0
 TCE                0             0             0             0             0
 SN                 0             0             0             0             0
 FAMILY             0             0             0             0             0
 WEAK_TIE           0             0             0             0             0
 WEEKEND            0             0             0             0             0


           LAMBDA
              WEEKEND
              ________
 WB                 0
 TCE                0
 SN                 0
 FAMILY             0
 WEAK_TIE           0
 WEEKEND            0


           THETA
              WB            TCE           SN            FAMILY        WEAK_TIE
              ________      ________      ________      ________      ________
 WB                 0
 TCE                0             0
 SN                 0             0             0
 FAMILY             0             0             0             0
 WEAK_TIE           0             0             0             0             0
 WEEKEND            0             0             0             0             0


           THETA
              WEEKEND
              ________
 WEEKEND            0


           ALPHA
              WB            TCE           SN            FAMILY        WEAK_TIE
              ________      ________      ________      ________      ________
                    0             0             0             0             0


           ALPHA
              WEEKEND
              ________
                    0


           BETA
              WB            TCE           SN            FAMILY        WEAK_TIE
              ________      ________      ________      ________      ________
 WB                 0             0             0             0             0
 TCE                0             0             0             0             0
 SN                 0             0             0             0             0
 FAMILY             0             0             0             0             0
 WEAK_TIE           0             0             0             0             0
 WEEKEND            0             0             0             0             0


           BETA
              WEEKEND
              ________
 WB                 1
 TCE                0
 SN                 0
 FAMILY             0
 WEAK_TIE           0
 WEEKEND            0


           PSI
              WB            TCE           SN            FAMILY        WEAK_TIE
              ________      ________      ________      ________      ________
 WB                 2
 TCE                0             0
 SN                 0             0             0
 FAMILY             0             0             0             0
 WEAK_TIE           0             0             0             0             0
 WEEKEND            0             0             0             0             0


           PSI
              WEEKEND
              ________
 WEEKEND            0


     PARAMETER SPECIFICATION FOR BETWEEN


           NU
              WB            N
              ________      ________
                    0             0


           LAMBDA
              S1            S2            S3            S4            WB
              ________      ________      ________      ________      ________
 WB                 0             0             0             0             0
 N                  0             0             0             0             0


           LAMBDA
              N
              ________
 WB                 0
 N                  0


           THETA
              WB            N
              ________      ________
 WB                 0
 N                  0             0


           ALPHA
              S1            S2            S3            S4            WB
              ________      ________      ________      ________      ________
                    3             4             5             6             7


           ALPHA
              N
              ________
                    0


           BETA
              S1            S2            S3            S4            WB
              ________      ________      ________      ________      ________
 S1                 0             0             0             0             0
 S2                 0             0             0             0             0
 S3                 0             0             0             0             0
 S4                 0             0             0             0             0
 WB                 0             0             0             0             0
 N                  0             0             0             0             0


           BETA
              N
              ________
 S1                 8
 S2                 9
 S3                10
 S4                11
 WB                12
 N                  0


           PSI
              S1            S2            S3            S4            WB
              ________      ________      ________      ________      ________
 S1                13
 S2                14            15
 S3                16            17            18
 S4                19            20            21            22
 WB                23            24            25            26            27
 N                  0             0             0             0             0


           PSI
              N
              ________
 N                  0


     STARTING VALUES FOR WITHIN


           NU
              WB            TCE           SN            FAMILY        WEAK_TIE
              ________      ________      ________      ________      ________
                0.000         0.000         0.000         0.000         0.000


           NU
              WEEKEND
              ________
                0.000


           LAMBDA
              WB            TCE           SN            FAMILY        WEAK_TIE
              ________      ________      ________      ________      ________
 WB             1.000         0.000         0.000         0.000         0.000
 TCE            0.000         1.000         0.000         0.000         0.000
 SN             0.000         0.000         1.000         0.000         0.000
 FAMILY         0.000         0.000         0.000         1.000         0.000
 WEAK_TIE       0.000         0.000         0.000         0.000         1.000
 WEEKEND        0.000         0.000         0.000         0.000         0.000


           LAMBDA
              WEEKEND
              ________
 WB             0.000
 TCE            0.000
 SN             0.000
 FAMILY         0.000
 WEAK_TIE       0.000
 WEEKEND        1.000


           THETA
              WB            TCE           SN            FAMILY        WEAK_TIE
              ________      ________      ________      ________      ________
 WB             0.000
 TCE            0.000         0.000
 SN             0.000         0.000         0.000
 FAMILY         0.000         0.000         0.000         0.000
 WEAK_TIE       0.000         0.000         0.000         0.000         0.000
 WEEKEND        0.000         0.000         0.000         0.000         0.000


           THETA
              WEEKEND
              ________
 WEEKEND        0.000


           ALPHA
              WB            TCE           SN            FAMILY        WEAK_TIE
              ________      ________      ________      ________      ________
                0.000         0.000         0.000         0.000         0.000


           ALPHA
              WEEKEND
              ________
                0.000


           BETA
              WB            TCE           SN            FAMILY        WEAK_TIE
              ________      ________      ________      ________      ________
 WB             0.000         0.000         0.000         0.000         0.000
 TCE            0.000         0.000         0.000         0.000         0.000
 SN             0.000         0.000         0.000         0.000         0.000
 FAMILY         0.000         0.000         0.000         0.000         0.000
 WEAK_TIE       0.000         0.000         0.000         0.000         0.000
 WEEKEND        0.000         0.000         0.000         0.000         0.000


           BETA
              WEEKEND
              ________
 WB             0.000
 TCE            0.000
 SN             0.000
 FAMILY         0.000
 WEAK_TIE       0.000
 WEEKEND        0.000


           PSI
              WB            TCE           SN            FAMILY        WEAK_TIE
              ________      ________      ________      ________      ________
 WB             0.219
 TCE            0.000         0.070
 SN             0.000         0.000         0.043
 FAMILY         0.000         0.000         0.000         0.038
 WEAK_TIE       0.000         0.000         0.000         0.000         0.025
 WEEKEND        0.000         0.000         0.000         0.000         0.000


           PSI
              WEEKEND
              ________
 WEEKEND        0.092


     STARTING VALUES FOR BETWEEN


           NU
              WB            N
              ________      ________
                0.000         0.000


           LAMBDA
              S1            S2            S3            S4            WB
              ________      ________      ________      ________      ________
 WB             0.000         0.000         0.000         0.000         1.000
 N              0.000         0.000         0.000         0.000         0.000


           LAMBDA
              N
              ________
 WB             0.000
 N              1.000


           THETA
              WB            N
              ________      ________
 WB             0.000
 N              0.000         0.000


           ALPHA
              S1            S2            S3            S4            WB
              ________      ________      ________      ________      ________
                0.000         0.000         0.000         0.000         2.860


           ALPHA
              N
              ________
                0.000


           BETA
              S1            S2            S3            S4            WB
              ________      ________      ________      ________      ________
 S1             0.000         0.000         0.000         0.000         0.000
 S2             0.000         0.000         0.000         0.000         0.000
 S3             0.000         0.000         0.000         0.000         0.000
 S4             0.000         0.000         0.000         0.000         0.000
 WB             0.000         0.000         0.000         0.000         0.000
 N              0.000         0.000         0.000         0.000         0.000


           BETA
              N
              ________
 S1             0.000
 S2             0.000
 S3             0.000
 S4             0.000
 WB             0.000
 N              0.000


           PSI
              S1            S2            S3            S4            WB
              ________      ________      ________      ________      ________
 S1             1.000
 S2             0.000         1.000
 S3             0.000         0.000         1.000
 S4             0.000         0.000         0.000         1.000
 WB             0.000         0.000         0.000         0.000         0.219
 N              0.000         0.000         0.000         0.000         0.000


           PSI
              N
              ________
 N              0.256



     PRIORS FOR ALL PARAMETERS            PRIOR MEAN      PRIOR VARIANCE     PRIOR STD. DEV.

     Parameter 1~N(0.000,infinity)           0.0000            infinity            infinity
     Parameter 2~IG(-1.000,0.000)          infinity            infinity            infinity
     Parameter 3~N(0.000,infinity)           0.0000            infinity            infinity
     Parameter 4~N(0.000,infinity)           0.0000            infinity            infinity
     Parameter 5~N(0.000,infinity)           0.0000            infinity            infinity
     Parameter 6~N(0.000,infinity)           0.0000            infinity            infinity
     Parameter 7~N(0.000,infinity)           0.0000            infinity            infinity
     Parameter 8~N(0.000,infinity)           0.0000            infinity            infinity
     Parameter 9~N(0.000,infinity)           0.0000            infinity            infinity
     Parameter 10~N(0.000,infinity)          0.0000            infinity            infinity
     Parameter 11~N(0.000,infinity)          0.0000            infinity            infinity
     Parameter 12~N(0.000,infinity)          0.0000            infinity            infinity
     Parameter 13~IW(0.000,-6)             infinity            infinity            infinity
     Parameter 14~IW(0.000,-6)             infinity            infinity            infinity
     Parameter 15~IW(0.000,-6)             infinity            infinity            infinity
     Parameter 16~IW(0.000,-6)             infinity            infinity            infinity
     Parameter 17~IW(0.000,-6)             infinity            infinity            infinity
     Parameter 18~IW(0.000,-6)             infinity            infinity            infinity
     Parameter 19~IW(0.000,-6)             infinity            infinity            infinity
     Parameter 20~IW(0.000,-6)             infinity            infinity            infinity
     Parameter 21~IW(0.000,-6)             infinity            infinity            infinity
     Parameter 22~IW(0.000,-6)             infinity            infinity            infinity
     Parameter 23~IW(0.000,-6)             infinity            infinity            infinity
     Parameter 24~IW(0.000,-6)             infinity            infinity            infinity
     Parameter 25~IW(0.000,-6)             infinity            infinity            infinity
     Parameter 26~IW(0.000,-6)             infinity            infinity            infinity
     Parameter 27~IW(0.000,-6)             infinity            infinity            infinity


TECHNICAL 8 OUTPUT


   TECHNICAL 8 OUTPUT FOR BAYES ESTIMATION

     CHAIN    BSEED
     1        0
     2        285380

                     POTENTIAL       PARAMETER WITH
     ITERATION    SCALE REDUCTION      HIGHEST PSR
     100              3.586               19
     200              4.175               22
     300              3.927               22
     400              2.316               17
     500              2.182               15
     600              1.875               15
     700              1.490               14
     800              1.801               22
     900              1.844               22
     1000             2.092               22
     1100             2.144               22
     1200             1.825               16
     1300             1.778               16
     1400             1.472               16
     1500             1.357               16
     1600             1.345               16
     1700             1.286               16
     1800             1.226               18
     1900             1.307               20
     2000             1.396               20
     2100             1.435               20
     2200             1.416               20
     2300             1.529               20
     2400             1.625               20
     2500             1.570               20
     2600             1.441               20
     2700             1.421               18
     2800             1.473               18
     2900             1.534               18
     3000             1.611               18
     3100             1.678               18
     3200             1.665               18
     3300             1.626               18
     3400             1.649               18
     3500             1.600               18
     3600             1.476               18
     3700             1.289               15
     3800             1.377               15
     3900             1.431               15
     4000             1.460               15
     4100             1.451               15
     4200             1.486               15
     4300             1.522               15
     4400             1.518               15
     4500             1.530               15
     4600             1.569               15
     4700             1.584               15
     4800             1.602               15
     4900             1.553               15
     5000             1.420               15
     5100             1.374               15
     5200             1.266               22
     5300             1.303               22
     5400             1.315               22
     5500             1.335               22
     5600             1.351               22
     5700             1.371               22
     5800             1.375               22
     5900             1.376               22
     6000             1.395               22
     6100             1.403               22
     6200             1.391               22
     6300             1.378               22
     6400             1.326               22
     6500             1.277               22
     6600             1.255               22
     6700             1.212               22
     6800             1.190               22
     6900             1.168               22
     7000             1.153               22
     7100             1.133               22
     7200             1.139               22
     7300             1.144               22
     7400             1.146               22
     7500             1.142               22
     7600             1.143               22
     7700             1.142               22
     7800             1.104               22
     7900             1.098               11
     8000             1.093               5
     8100             1.098               5
     8200             1.088               5
     8300             1.091               5
     8400             1.087               5
     8500             1.099               5
     8600             1.113               5
     8700             1.117               5
     8800             1.120               5
     8900             1.120               5
     9000             1.100               11
     9100             1.118               15
     9200             1.130               15
     9300             1.131               15
     9400             1.153               15
     9500             1.177               15
     9600             1.189               15
     9700             1.190               15
     9800             1.188               15
     9900             1.174               15
     10000            1.174               15
     10100            1.183               17
     10200            1.188               17
     10300            1.190               17
     10400            1.190               17
     10500            1.198               17
     10600            1.207               17
     10700            1.212               17
     10800            1.204               17
     10900            1.192               17
     11000            1.175               15
     11100            1.177               15
     11200            1.181               15
     11300            1.187               15
     11400            1.199               15
     11500            1.211               15
     11600            1.228               15
     11700            1.238               15
     11800            1.243               15
     11900            1.258               15
     12000            1.261               15
     12100            1.240               15
     12200            1.237               15
     12300            1.229               15
     12400            1.218               15
     12500            1.213               15
     12600            1.212               15
     12700            1.217               15
     12800            1.220               15
     12900            1.206               15
     13000            1.197               15
     13100            1.197               15
     13200            1.198               15
     13300            1.201               15
     13400            1.197               15
     13500            1.192               15
     13600            1.170               15
     13700            1.154               15
     13800            1.138               15
     13900            1.106               15
     14000            1.090               17
     14100            1.085               17


     Beginning Time:  18:15:27
        Ending Time:  18:22:39
       Elapsed Time:  00:07:12



MUTHEN & MUTHEN
3463 Stoner Ave.
Los Angeles, CA  90066

Tel: (310) 391-9971
Fax: (310) 391-8971
Web: www.StatModel.com
Support: Support@StatModel.com

Copyright (c) 1998-2020 Muthen & Muthen
