Mplus VERSION 8.5 (Mac)
MUTHEN & MUTHEN
03/18/2022   1:03 AM

INPUT INSTRUCTIONS

  TITLE: Analysis 5
  DATA: FILE = analysis4+5_S3.dat;
  VARIABLE:
  NAMES = ID AB angry worried happy sad WB stressed lonely
  FTF CMC mixed peers family weak_ties
  E A C N O gender ethnicity SES weekend;
  USEVARIABLES = angry
  CMC mixed family weak_ties
  weekend E
  cxf cxw mxf mxw;
  CLUSTER = ID;
  WITHIN = CMC mixed family weak_ties weekend
  cxf cxw mxf mxw;
  BETWEEN = E;
  MISSING = .;
  DEFINE:
  CENTER CMC (GROUPMEAN);
  CENTER mixed (GROUPMEAN);
  CENTER family (GROUPMEAN);
  CENTER weak_ties (GROUPMEAN);
  cxf=CMC*family;
  cxw=CMC*weak_ties;
  mxf=mixed*family;
  mxw=mixed*weak_ties;
  CENTER E (GRANDMEAN);
  ANALYSIS: TYPE = TWOLEVEL RANDOM; ESTIMATOR = BAYES;
  BITERATIONS = (10000); PROCESSORS = 2;
  MODEL:
  %WITHIN%
  ! Anger is predicted by CMC, the slope is random
  S1 | angry ON CMC;
  ! Anger is predicted by mixed episodes, the slope is random
  S2 | angry ON mixed;
  ! Anger is predicted by family, the slope is random
  S3 | angry ON family;
  ! Anger is predicted by weak ties, the slope is random
  S4 | angry ON weak_ties;
  ! Anger is predicted by CMC*family, the slope is random
  S5 | angry ON cxf;
  ! Anger is predicted by CMC*weak ties, the slope is random
  S6 | angry ON cxw;
  ! Anger is predicted by mixed*family, the slope is random
  S7 | angry ON mxf;
  ! Anger is predicted by mixed*weak ties, the slope is random
  S8 | angry ON mxw;
  ! Control for weekend
  angry ON weekend;
  %BETWEEN%
  ! Covariance between intercept and slopes
  angry S1-S8 WITH angry S1-S8;
  ! The intercept is predicted by extraversion
  angry ON E;
  ! The slopes are predicted by extraversion
  S1-S8 ON E;
  OUTPUT: STDYX STDY TECH8;



*** WARNING in VARIABLE command
  Note that only the first 8 characters of variable names are used in the output.
  Shorten variable names to avoid any confusion.
*** WARNING
  One or more individual-level variables have no variation within a
  cluster for the following clusters.

     Variable   Cluster IDs with no within-cluster variation

      ANGRY       45 404 4 156 816 29 376 49 396 790 303 545 502 93 131 666 369 761 106 58 718
                  600 52 556 482 61 700 405 363 378 82 76 316 778 413 825 615 856 118 406 578
                  222 685 533 701 435 234 480 881 888 105 214 663 807 247 53 390 804 509 95 573
                  506 290 126 69 618 732 341 552 494 766 498 814 39 602 768 611 350 60 705 199
                  229 605 221 610 769 697 703 536 24 374 609 333 177 572 659 201 36 589 249 254
                  83 606 547 263 781 821 752 865 416 428 595 463 262 771 292 834 707 381 94 451
                  744 68 411 210 6 366 171 88 863 758 200 599 869 50 483 437 323 153 305 110 427
                  90 675 554 873 385 64 331 871 192 255 42 434 492 28 596 719 626 117 465 687
                  635 449 107 89 632 860 198 884 582 257 384 511 567 245 218 399 114 154 159 338
                  757 415 763 386 375 308 324 657 301 568 71 174 98 627 283
      WEEKEND     404 271 806 816 49 396 57 485 845 502 598 93 131 666 851 556 844 26 349 680
                  685 881 69 734 265 723 882
      CXF         45 404 562 4 271 298 156 806 816 29 352 376 396 57 790 485 845 545 502 598 93
                  11 666 369 5 851 58 482 61 700 173 844 378 82 76 778 280 413 473 856 119 629
                  203 820 178 533 701 770 105 214 21 663 846 185 683 555 804 509 630 887 290 126
                  537 69 766 135 650 55 269 39 67 488 723 722 199 610 322 80 182 183 420 609 333
                  336 564 339 230 883 547 237 321 752 753 865 678 751 721 717 669 252 831 834
                  19 236 253 707 381 94 486 672 25 246 372 171 351 758 81 344 323 426 295 233
                  815 110 179 699 278 531 671 90 554 495 517 647 235 31 223 168 792 793 524 146
                  282 41 291 259 854 261 382 430 490 3 391 653 54 631 117 745 635 400 823 830
                  632 267 808 37 439 691 582 257 367 143 218 570 248 399 114 128 142 643 375 640
                  561 355 853 324 657 782 521 840 603 103 627 283 313 443 674 186 711 40
      CXW         45 404 562 4 271 298 156 806 816 29 352 396 57 790 845 545 502 598 93 11 666
                  667 369 851 58 600 482 61 700 302 880 173 844 378 238 82 76 316 592 778 413
                  825 615 473 856 203 406 680 685 178 533 847 663 807 846 185 499 522 683 804
                  509 630 152 887 506 290 766 135 55 734 269 350 488 452 585 199 221 610 684 797
                  183 703 656 24 333 336 339 230 565 547 321 753 865 225 595 678 751 620 717 252
                  834 501 266 612 253 381 94 486 99 340 835 68 210 6 372 171 335 176 306 758 599
                  695 81 344 233 815 110 287 427 278 531 789 239 398 554 549 235 664 223 157 792
                  524 788 228 282 259 854 490 798 686 3 391 54 631 805 635 400 289 829 101 448
                  823 632 860 267 37 712 143 248 399 114 154 102 783 128 637 142 165 137 643 375
                  645 774 355 324 568 500 840 603 103 98 212 803 534 824 40
      MXF         45 404 562 4 271 298 156 806 816 29 352 376 49 396 57 790 485 303 845 545 502
                  598 93 131 11 666 667 369 459 22 571 532 636 5 851 106 58 600 556 482 61 700
                  302 880 405 363 173 844 634 26 378 170 238 349 82 76 316 592 280 413 813 825
                  162 615 473 856 118 119 629 203 164 406 796 578 222 820 685 178 533 847 701
                  234 480 881 888 770 105 20 214 21 663 9 431 839 846 247 185 728 189 202 195
                  268 390 683 555 804 509 358 152 887 59 95 122 573 506 310 126 537 69 618 341
                  552 750 766 135 650 814 55 543 269 505 39 602 508 768 611 510 67 488 723 452
                  705 722 199 229 642 525 408 605 221 610 322 692 797 38 80 182 183 536 420 74
                  609 97 333 784 882 564 624 177 339 572 230 659 209 201 36 587 589 249 293 254
                  594 883 258 469 346 83 606 547 440 237 263 321 566 781 821 373 752 753 865 180
                  14 428 733 463 262 441 751 760 721 771 717 343 669 862 252 304 872 18 831 834
                  163 19 92 584 612 236 253 707 716 381 94 486 451 340 744 651 68 337 366 672
                  25 246 332 372 715 351 507 132 133 65 810 758 158 371 599 243 668 869 270 50
                  429 193 548 81 344 421 323 426 559 295 233 153 815 110 720 124 148 850 179 699
                  47 531 671 90 111 726 682 419 713 445 120 491 554 535 495 517 385 147 647 837
                  658 235 31 223 12 168 793 204 401 434 28 146 123 282 41 232 601 291 780 854
                  261 382 759 430 866 795 490 3 563 391 653 54 631 117 447 275 687 745 635 677
                  622 614 43 417 400 289 449 823 407 830 632 808 37 439 557 362 691 884 582 257
                  384 220 623 367 245 143 360 648 357 218 208 570 248 836 128 637 142 454 165
                  794 643 375 640 561 355 853 324 657 782 521 840 603 151 627 283 313 443 674
                  186 801 764 711 40
      MXW         45 404 562 4 271 298 156 806 816 29 352 49 396 57 790 485 303 845 545 502 598
                  93 131 11 667 369 459 22 571 532 636 851 106 58 600 556 482 61 700 302 880 405
                  363 173 844 634 26 170 238 349 82 316 592 778 280 413 813 825 162 615 473 856
                  118 119 629 203 164 406 796 578 222 680 685 178 533 847 234 480 881 888 770
                  20 21 663 807 9 431 839 846 247 185 728 499 189 522 202 195 268 390 683 804
                  509 630 358 152 887 59 95 122 573 506 310 290 618 341 552 750 766 135 650 814
                  55 734 543 269 505 602 508 768 611 350 510 488 452 585 705 199 229 642 525 408
                  605 221 610 322 684 692 797 38 182 183 703 536 656 74 24 609 97 333 784 882
                  564 624 177 339 572 230 659 209 201 36 587 589 249 293 254 594 258 469 346 83
                  565 606 547 440 263 321 566 781 821 373 753 865 180 225 14 428 595 733 463 262
                  441 751 620 760 771 343 862 252 304 872 18 834 163 501 266 92 584 612 236 253
                  707 716 381 94 486 451 99 340 744 835 651 68 337 210 6 366 332 372 715 171 335
                  176 351 507 306 132 133 65 810 758 158 371 599 243 668 869 270 50 429 193 695
                  548 81 344 421 559 233 153 815 110 720 124 148 287 427 850 278 47 789 111 726
                  682 419 239 713 445 120 398 491 554 535 385 147 549 837 658 235 664 223 157
                  12 792 204 524 401 788 434 28 228 123 282 232 601 780 854 759 866 795 490 798
                  686 3 563 391 653 54 631 447 805 275 687 635 677 622 614 43 417 400 289 829
                  449 101 448 823 407 632 860 37 557 362 691 884 384 220 623 712 245 143 360 648
                  357 208 248 114 154 102 783 836 128 637 142 454 165 794 137 643 375 645 774
                  355 324 568 500 840 603 151 98 212 803 534 801 824 764 40

*** WARNING
  Data set contains cases with missing on x-variables.
  These cases were not included in the analysis.
  Number of cases with missing on x-variables:  2018
*** WARNING
  Data set contains cases with missing on all variables except
  x-variables.  These cases were not included in the analysis.
  Number of cases with missing on all variables except x-variables:  61
   4 WARNING(S) FOUND IN THE INPUT INSTRUCTIONS



Analysis 5

SUMMARY OF ANALYSIS

Number of groups                                                 1
Number of observations                                       19356

Number of dependent variables                                    1
Number of independent variables                                 10
Number of continuous latent variables                            8

Observed dependent variables

  Continuous
   ANGRY

Observed independent variables
   CMC         MIXED       FAMILY      WEAK_TIE    WEEKEND     E
   CXF         CXW         MXF         MXW

Continuous latent variables
   S1          S2          S3          S4          S5          S6
   S7          S8

Variables with special functions

  Cluster variable      ID

  Within variables
   CMC         MIXED       FAMILY      WEAK_TIE    WEEKEND     CXF
   CXW         MXF         MXW

  Between variables
   E

  Centering (GRANDMEAN)
   E

  Centering (GROUPMEAN)
   CMC         MIXED       FAMILY      WEAK_TIE


Estimator                                                    BAYES
Specifications for Bayesian Estimation
  Point estimate                                            MEDIAN
  Number of Markov chain Monte Carlo (MCMC) chains               2
  Random seed for the first chain                                0
  Starting value information                           UNPERTURBED
  Algorithm used for Markov chain Monte Carlo           GIBBS(PX1)
  Convergence criterion                                  0.500D-01
  Maximum number of iterations                               50000
  K-th iteration used for thinning                               1

Input data file(s)
  analysis4+5_S3.dat
Input data format  FREE


SUMMARY OF DATA

     Number of clusters                        756

       Size (s)    Cluster ID with Size s

          1        10 63 240 311 608 625 740 876
          2        45 404 562 4 271 298 156 806 816
          3        29 352 376 49 396 57 790 485 303 845 545 502
          4        598 93 131 11 666 667 369
          5        459 22 761 571 532 636 5 851 106 58 718
          6        600 52 556 482 61 700 302 880 405
          7        363 173 844 634 26 378 330 170 238 349
          8        82 76 316 592 778 280 413 813 825 162 615 473 856 118
                   119
          9        629 203 164 406 654 796 578 222 680 820 685 178 533
                   847 701 435 234 480 881 888
         10        770 105 20 214 21 663 807 9 424 431 839 846 247 185
                   728 499 189 522 202 53
         11        195 268 390 683 555 558 804 509 630 358 152 887 59 95
         12        122 573 506 310 290 126 537 69 481 618 732 619 341 552
                   418 750 494 766 498 135 650 569
         13        814 55 734 543 467 269 505 39 602 508 768 611 350 510
                   67 265 529 488 723 60 452
         14        277 585 704 705 588 722 423 199 229 826 642 141 525
                   408 605 221 610 322 684 769 472 130 692 797 697
         15        38 397 80 182 183 703 536 656 420 74 24 374 609 858
                   97 333 784 882 336 564 624 177 339
         16        572 230 706 659 209 201 36 587 589 249 293 254 594 883
                   749 258 469 346 83
         17        565 606 547 440 237 263 321 370 566 781 821
         18        373 752 753 708 865 450 180 13 225 14 416 428 595 317
                   755 678
         19        733 463 262 441 327 66 751 714 620 760 721 817 281 689
                   662 771 251
         20        621 379 717 343 273 669 862 252 304 872 292 738 18 377
                   831 834 163 19
         21        775 501 266 215 92 584 612 236 253 707 551 51 716 518
                   381 94 486 451 99 241 340 744 835
         22        651 68 411 337 210 515 6 366 672 25 246 332 372 715
                   171 88
         23        403 335 644 776 176 607 351 507 306 132 863 133 65 810
                   444 520 758 312 158 200 371 886 458 599 348
         24        33 243 668 633 869 474 270 138 50 483 274 429 193 695
                   548 437 81 194
         25        344 244 421 347 323 426 559 475 295 145 100 233 153
                   815 305 110 276 579 8 497 2 720 124 85
         26        148 287 427 743 850 179 328 216 699 368 278 46 838
         27        446 47 531 319 671 789 90 675 111 726 843 539 682 161
                   419 239 713 445
         28        325 120 307 398 864 491 779 665 554 604 873 356 535
                   495 73 517 385 64 591 681 147
         29        647 487 190 84 754 1 549 837 658 331 155 235 664 345
                   31 223 157 12 777
         30        168 286 871 792 793 204 192 524 676 255 401 42 528 461
                   841 788
         31        434 809 492 28 877 596 228 146 496 315 34 123 432 719
                   282
         32        762 767 542 140 660 41 232 799 87 394 601 291 314 780
                   855
         33        259 729 597 854 261 318 231 382 833 759 646 430 727
                   866 626 818 577
         34        586 795 490 217 798 686 3 563 391 580 653 54 471 631
                   77 849
         35        117 489 447 465 805 264 275 523 687 32 745 635 188 731
         36        513 560 470 677 115 622 219 694 250 785 296
         37        614 43 417 15 400 289 670 829 260 861 449 107 453
         38        101 448 256 823 89 191 407 830 632 709 353 16 172
         39        860 167 267 380 187 808 37 439 354
         40        557 747 127 739 462 414 388 285
         41        613 748 299 362 691 409 181 198 884 582 800 75 655 257
         42        848 425 384 220 791 511 698 623
         43        484 367 227 272 712 812 567 479
         44        245 143 360 648 412 72 357 218
         45        436 129 393 208 570 628 248
         46        399 109 114 154
         47        300 159 102 819 783 679 213 836 546 128
         48        338 757 637 142 415 454 763
         49        165 794 746 137 643 62 386
         50        375 645 774 640
         51        561 652 308 125 355 853
         52        324 827 657 301
         53        842 27
         54        782 568 71 521
         55        174 500 730 226 553
         56        840 603 519
         58        151 639 103 514 98
         59        212 803 402 627
         60        690 283 313
         61        364
         62        534 476
         64        443
         67        674
         68        186
         69        801
         73        824
         74        530
         75        764
         78        711
         80        40



COVARIANCE COVERAGE OF DATA

Minimum covariance coverage value   0.100

     Number of missing data patterns             1


     PROPORTION OF DATA PRESENT


           Covariance Coverage
              ANGRY         CMC           MIXED         FAMILY        WEAK_TIE
              ________      ________      ________      ________      ________
 ANGRY          1.000
 CMC            1.000         1.000
 MIXED          1.000         1.000         1.000
 FAMILY         1.000         1.000         1.000         1.000
 WEAK_TIE       1.000         1.000         1.000         1.000         1.000
 WEEKEND        1.000         1.000         1.000         1.000         1.000
 CXF            1.000         1.000         1.000         1.000         1.000
 CXW            1.000         1.000         1.000         1.000         1.000
 MXF            1.000         1.000         1.000         1.000         1.000
 MXW            1.000         1.000         1.000         1.000         1.000
 E              1.000         1.000         1.000         1.000         1.000


           Covariance Coverage
              WEEKEND       CXF           CXW           MXF           MXW
              ________      ________      ________      ________      ________
 WEEKEND        1.000
 CXF            1.000         1.000
 CXW            1.000         1.000         1.000
 MXF            1.000         1.000         1.000         1.000
 MXW            1.000         1.000         1.000         1.000         1.000
 E              1.000         1.000         1.000         1.000         1.000


           Covariance Coverage
              E
              ________
 E              1.000



UNIVARIATE SAMPLE STATISTICS


     UNIVARIATE HIGHER-ORDER MOMENT DESCRIPTIVE STATISTICS

         Variable/         Mean/     Skewness/   Minimum/ % with                Percentiles
        Sample Size      Variance    Kurtosis    Maximum  Min/Max      20%/60%    40%/80%    Median

     ANGRY                 1.193       3.160       1.000   86.03%       1.000      1.000      1.000
           19356.000       0.288      10.430       4.000    1.22%       1.000      1.000
     CMC                   0.000       0.675      -0.952    0.01%      -0.292     -0.143     -0.091
           19356.000       0.153      -0.299       0.982    0.01%      -0.037      0.409
     MIXED                 0.000       1.498      -0.891    0.03%      -0.152     -0.057     -0.036
           19356.000       0.086       2.738       0.983    0.01%       0.000      0.000
     FAMILY                0.000       0.723      -0.983    0.01%      -0.211     -0.053     -0.025
           19356.000       0.111       1.014       0.983    0.01%       0.000      0.162
     WEAK_TIES             0.000       1.606      -0.929    0.01%      -0.167     -0.077     -0.050
           19356.000       0.094       2.411       0.984    0.01%      -0.025      0.000
     WEEKEND               0.298       0.883       0.000   70.20%       0.000      0.000      0.000
           19356.000       0.209      -1.220       1.000   29.80%       0.000      1.000
     CXF                  -0.038      -0.478      -0.964    0.01%      -0.092     -0.003      0.000
           19356.000       0.024       7.349       0.937    0.01%       0.000      0.015
     CXW                   0.037       2.326      -0.804    0.02%      -0.003      0.000      0.004
           19356.000       0.025       8.962       0.964    0.01%       0.010      0.050
     MXF                  -0.004       0.864      -0.875    0.01%       0.000      0.000      0.000
           19356.000       0.005      42.605       0.958    0.01%       0.000      0.009
     MXW                  -0.005       0.245      -0.794    0.01%       0.000      0.000      0.000
           19356.000       0.004      42.264       0.824    0.01%       0.000      0.008
     E                     0.000      -0.103      -2.019    0.13%      -0.685     -0.185     -0.019
             756.000       0.535      -0.467       1.648    0.13%       0.231      0.648


THE MODEL ESTIMATION TERMINATED NORMALLY

     USE THE FBITERATIONS OPTION TO INCREASE THE NUMBER OF ITERATIONS BY A FACTOR
     OF AT LEAST TWO TO CHECK CONVERGENCE AND THAT THE PSR VALUE DOES NOT INCREASE.



MODEL FIT INFORMATION

Number of Free Parameters                              65

Information Criteria

          Deviance (DIC)                        26930.361
          Estimated Number of Parameters (pD)    1228.613



MODEL RESULTS

                                Posterior  One-Tailed         95% C.I.
                    Estimate       S.D.      P-Value   Lower 2.5%  Upper 2.5%  Significance

Within Level

 ANGRY      ON
    WEEKEND           -0.031       0.008      0.000      -0.047      -0.015      *

 Residual Variances
    ANGRY              0.221       0.002      0.000       0.216       0.226      *

Between Level

 S1         ON
    E                 -0.001       0.017      0.483      -0.035       0.034

 S2         ON
    E                  0.027       0.020      0.087      -0.013       0.066

 S3         ON
    E                  0.013       0.021      0.265      -0.028       0.056

 S4         ON
    E                  0.008       0.025      0.382      -0.040       0.056

 S5         ON
    E                 -0.027       0.042      0.264      -0.112       0.054

 S6         ON
    E                  0.031       0.047      0.267      -0.068       0.118

 S7         ON
    E                 -0.057       0.093      0.273      -0.231       0.135

 S8         ON
    E                 -0.058       0.102      0.274      -0.259       0.148

 ANGRY      ON
    E                 -0.007       0.014      0.317      -0.035       0.021

 ANGRY    WITH
    S1                 0.018       0.004      0.000       0.011       0.027      *
    S2                 0.007       0.005      0.047      -0.001       0.016
    S3                 0.026       0.005      0.000       0.017       0.036      *
    S4                 0.015       0.006      0.004       0.004       0.026      *
    S5                -0.002       0.011      0.416      -0.022       0.019
    S6                -0.056       0.011      0.000      -0.077      -0.034      *
    S7                 0.034       0.020      0.036      -0.003       0.073
    S8                 0.008       0.023      0.373      -0.037       0.055

 S1       WITH
    S2                 0.002       0.004      0.282      -0.004       0.010
    S3                 0.008       0.004      0.042      -0.001       0.016
    S4                -0.010       0.005      0.027      -0.021       0.000
    S5                 0.003       0.007      0.361      -0.011       0.017
    S6                -0.013       0.008      0.051      -0.030       0.003
    S7                -0.005       0.017      0.389      -0.037       0.029
    S8                 0.013       0.015      0.205      -0.014       0.043

 S2       WITH
    S3                 0.001       0.004      0.372      -0.007       0.009
    S4                -0.003       0.005      0.280      -0.014       0.007
    S5                -0.001       0.007      0.455      -0.013       0.014
    S6                -0.001       0.007      0.449      -0.015       0.013
    S7                 0.019       0.013      0.080      -0.007       0.046
    S8                 0.013       0.014      0.173      -0.013       0.041

 S3       WITH
    S4                 0.006       0.007      0.162      -0.005       0.020
    S5                -0.012       0.008      0.065      -0.028       0.004
    S6                -0.018       0.010      0.023      -0.038       0.000      *
    S7                 0.014       0.019      0.217      -0.022       0.053
    S8                 0.019       0.019      0.153      -0.017       0.057

 S4       WITH
    S5                 0.003       0.011      0.384      -0.020       0.023
    S6                -0.030       0.010      0.000      -0.051      -0.013      *
    S7                 0.022       0.021      0.116      -0.014       0.068
    S8                -0.031       0.024      0.094      -0.080       0.015

 S5       WITH
    S6                 0.007       0.016      0.328      -0.019       0.042
    S7                 0.049       0.031      0.024       0.000       0.119      *
    S8                -0.025       0.026      0.166      -0.076       0.027

 S6       WITH
    S7                -0.013       0.033      0.344      -0.077       0.049
    S8                 0.020       0.029      0.220      -0.029       0.085

 S7       WITH
    S8                -0.037       0.059      0.276      -0.151       0.083

 Intercepts
    ANGRY              1.221       0.011      0.000       1.200       1.242      *
    S1                 0.044       0.012      0.000       0.020       0.068      *
    S2                 0.029       0.014      0.021       0.001       0.058      *
    S3                 0.074       0.015      0.000       0.044       0.104      *
    S4                 0.029       0.018      0.057      -0.008       0.065
    S5                -0.042       0.033      0.091      -0.108       0.019
    S6                -0.156       0.032      0.000      -0.218      -0.090      *
    S7                -0.001       0.066      0.496      -0.136       0.127
    S8                 0.034       0.077      0.329      -0.120       0.184

 Residual Variances
    ANGRY              0.070       0.005      0.000       0.062       0.080      *
    S1                 0.023       0.005      0.000       0.014       0.035      *
    S2                 0.012       0.005      0.000       0.006       0.023      *
    S3                 0.032       0.007      0.000       0.020       0.046      *
    S4                 0.040       0.010      0.000       0.023       0.061      *
    S5                 0.050       0.018      0.000       0.023       0.093      *
    S6                 0.075       0.020      0.000       0.045       0.121      *
    S7                 0.280       0.092      0.000       0.140       0.491      *
    S8                 0.203       0.083      0.000       0.086       0.400      *


STANDARDIZED MODEL RESULTS


STDYX Standardization

                                Posterior  One-Tailed         95% C.I.
                    Estimate       S.D.      P-Value   Lower 2.5%  Upper 2.5%  Significance

Within-Level Standardized Estimates Averaged Over Clusters

 S1 | ANGRY ON
    CMC                0.034       0.008      0.000       0.018       0.048      *

 S2 | ANGRY ON
    MIXED              0.015       0.005      0.002       0.006       0.025      *

 S3 | ANGRY ON
    FAMILY             0.042       0.008      0.000       0.026       0.057      *

 S4 | ANGRY ON
    WEAK_TIES          0.017       0.009      0.024       0.000       0.035      *

 S5 | ANGRY ON
    CXF               -0.008       0.007      0.089      -0.025       0.003

 S6 | ANGRY ON
    CXW               -0.037       0.008      0.000      -0.052      -0.020      *

 S7 | ANGRY ON
    MXF                0.001       0.005      0.419      -0.009       0.010

 S8 | ANGRY ON
    MXW                0.002       0.005      0.362      -0.007       0.012

 ANGRY      ON
    WEEKEND           -0.027       0.007      0.000      -0.041      -0.013      *

 Residual Variances
    ANGRY              0.949       0.004      0.000       0.941       0.956      *

Between Level

 S1         ON
    E                 -0.002       0.058      0.483      -0.114       0.110

 S2         ON
    E                  0.125       0.092      0.087      -0.056       0.311

 S3         ON
    E                  0.038       0.062      0.265      -0.080       0.164

 S4         ON
    E                  0.019       0.064      0.382      -0.105       0.140

 S5         ON
    E                 -0.061       0.098      0.264      -0.260       0.128

 S6         ON
    E                  0.057       0.088      0.267      -0.138       0.212

 S7         ON
    E                 -0.055       0.090      0.273      -0.229       0.124

 S8         ON
    E                 -0.066       0.115      0.274      -0.288       0.161

 ANGRY      ON
    E                 -0.013       0.028      0.317      -0.068       0.040

 ANGRY    WITH
    S1                 0.457       0.097      0.000       0.276       0.652      *
    S2                 0.245       0.149      0.047      -0.035       0.545
    S3                 0.566       0.081      0.000       0.396       0.715      *
    S4                 0.298       0.107      0.004       0.085       0.508      *
    S5                -0.040       0.178      0.416      -0.366       0.335
    S6                -0.786       0.102      0.000      -0.912      -0.522      *
    S7                 0.248       0.130      0.036      -0.023       0.488
    S8                 0.067       0.195      0.373      -0.335       0.430

 S1       WITH
    S2                 0.116       0.203      0.282      -0.273       0.498
    S3                 0.286       0.147      0.042      -0.048       0.540
    S4                -0.337       0.158      0.027      -0.618       0.008
    S5                 0.077       0.206      0.361      -0.363       0.455
    S6                -0.325       0.181      0.051      -0.645       0.067
    S7                -0.060       0.211      0.389      -0.492       0.347
    S8                 0.189       0.208      0.205      -0.221       0.566

 S2       WITH
    S3                 0.062       0.198      0.372      -0.360       0.423
    S4                -0.142       0.233      0.280      -0.543       0.371
    S5                -0.029       0.253      0.455      -0.463       0.536
    S6                -0.031       0.229      0.449      -0.492       0.384
    S7                 0.339       0.207      0.080      -0.125       0.668
    S8                 0.254       0.252      0.173      -0.293       0.680

 S3       WITH
    S4                 0.171       0.173      0.162      -0.163       0.517
    S5                -0.315       0.183      0.065      -0.615       0.093
    S6                -0.374       0.189      0.023      -0.747      -0.008      *
    S7                 0.159       0.185      0.217      -0.239       0.475
    S8                 0.236       0.225      0.153      -0.237       0.654

 S4       WITH
    S5                 0.075       0.240      0.384      -0.400       0.550
    S6                -0.571       0.128      0.000      -0.761      -0.273      *
    S7                 0.216       0.193      0.116      -0.133       0.624
    S8                -0.363       0.245      0.094      -0.748       0.178

 S5       WITH
    S6                 0.110       0.240      0.328      -0.333       0.590
    S7                 0.431       0.193      0.024       0.002       0.731      *
    S8                -0.260       0.249      0.166      -0.717       0.250

 S6       WITH
    S7                -0.095       0.224      0.344      -0.517       0.333
    S8                 0.174       0.212      0.220      -0.257       0.552

 S7       WITH
    S8                -0.164       0.245      0.276      -0.612       0.328

 Intercepts
    ANGRY              4.613       0.155      0.000       4.314       4.924      *
    S1                 0.289       0.088      0.000       0.124       0.476      *
    S2                 0.263       0.135      0.021       0.011       0.552      *
    S3                 0.413       0.096      0.000       0.237       0.613      *
    S4                 0.145       0.095      0.057      -0.037       0.340
    S5                -0.184       0.154      0.091      -0.543       0.091
    S6                -0.564       0.145      0.000      -0.906      -0.309      *
    S7                -0.001       0.125      0.496      -0.241       0.259
    S8                 0.075       0.177      0.329      -0.243       0.456

 Residual Variances
    ANGRY              1.000       0.001      0.000       0.995       1.000      *
    S1                 0.998       0.005      0.000       0.983       1.000      *
    S2                 0.984       0.026      0.000       0.903       1.000      *
    S3                 0.998       0.008      0.000       0.973       1.000      *
    S4                 0.998       0.006      0.000       0.979       1.000      *
    S5                 0.994       0.019      0.000       0.932       1.000      *
    S6                 0.994       0.013      0.000       0.953       1.000      *
    S7                 0.995       0.014      0.000       0.947       1.000      *
    S8                 0.992       0.024      0.000       0.913       1.000      *


STDY Standardization

                                Posterior  One-Tailed         95% C.I.
                    Estimate       S.D.      P-Value   Lower 2.5%  Upper 2.5%  Significance

Within-Level Standardized Estimates Averaged Over Clusters

 S1 | ANGRY ON
    CMC                0.093       0.021      0.000       0.048       0.133      *

 S2 | ANGRY ON
    MIXED              0.066       0.026      0.006       0.020       0.120      *

 S3 | ANGRY ON
    FAMILY             0.152       0.029      0.000       0.094       0.205      *

 S4 | ANGRY ON
    WEAK_TIES          0.062       0.035      0.041      -0.009       0.134

 S5 | ANGRY ON
    CXF               -0.078       0.071      0.072      -0.246       0.027

 S6 | ANGRY ON
    CXW               -0.308       0.067      0.000      -0.441      -0.170      *

 S7 | ANGRY ON
    MXF                0.014       0.136      0.463      -0.273       0.247

 S8 | ANGRY ON
    MXW                0.079       0.154      0.303      -0.206       0.389

 ANGRY      ON
    WEEKEND           -0.063       0.017      0.000      -0.097      -0.031      *

 Residual Variances
    ANGRY              0.949       0.004      0.000       0.941       0.956      *

Between Level

 S1         ON
    E                 -0.005       0.114      0.483      -0.226       0.217

 S2         ON
    E                  0.246       0.181      0.087      -0.110       0.612

 S3         ON
    E                  0.075       0.122      0.265      -0.157       0.324

 S4         ON
    E                  0.038       0.126      0.382      -0.207       0.276

 S5         ON
    E                 -0.120       0.193      0.264      -0.513       0.252

 S6         ON
    E                  0.112       0.173      0.267      -0.272       0.419

 S7         ON
    E                 -0.109       0.177      0.273      -0.451       0.244

 S8         ON
    E                 -0.130       0.226      0.274      -0.568       0.318

 ANGRY      ON
    E                 -0.026       0.055      0.317      -0.133       0.079

 ANGRY    WITH
    S1                 0.457       0.097      0.000       0.276       0.652      *
    S2                 0.245       0.149      0.047      -0.035       0.545
    S3                 0.566       0.081      0.000       0.396       0.715      *
    S4                 0.298       0.107      0.004       0.085       0.508      *
    S5                -0.040       0.178      0.416      -0.366       0.335
    S6                -0.786       0.102      0.000      -0.912      -0.522      *
    S7                 0.248       0.130      0.036      -0.023       0.488
    S8                 0.067       0.195      0.373      -0.335       0.430

 S1       WITH
    S2                 0.116       0.203      0.282      -0.273       0.498
    S3                 0.286       0.147      0.042      -0.048       0.540
    S4                -0.337       0.158      0.027      -0.618       0.008
    S5                 0.077       0.206      0.361      -0.363       0.455
    S6                -0.325       0.181      0.051      -0.645       0.067
    S7                -0.060       0.211      0.389      -0.492       0.347
    S8                 0.189       0.208      0.205      -0.221       0.566

 S2       WITH
    S3                 0.062       0.198      0.372      -0.360       0.423
    S4                -0.142       0.233      0.280      -0.543       0.371
    S5                -0.029       0.253      0.455      -0.463       0.536
    S6                -0.031       0.229      0.449      -0.492       0.384
    S7                 0.339       0.207      0.080      -0.125       0.668
    S8                 0.254       0.252      0.173      -0.293       0.680

 S3       WITH
    S4                 0.171       0.173      0.162      -0.163       0.517
    S5                -0.315       0.183      0.065      -0.615       0.093
    S6                -0.374       0.189      0.023      -0.747      -0.008      *
    S7                 0.159       0.185      0.217      -0.239       0.475
    S8                 0.236       0.225      0.153      -0.237       0.654

 S4       WITH
    S5                 0.075       0.240      0.384      -0.400       0.550
    S6                -0.571       0.128      0.000      -0.761      -0.273      *
    S7                 0.216       0.193      0.116      -0.133       0.624
    S8                -0.363       0.245      0.094      -0.748       0.178

 S5       WITH
    S6                 0.110       0.240      0.328      -0.333       0.590
    S7                 0.431       0.193      0.024       0.002       0.731      *
    S8                -0.260       0.249      0.166      -0.717       0.250

 S6       WITH
    S7                -0.095       0.224      0.344      -0.517       0.333
    S8                 0.174       0.212      0.220      -0.257       0.552

 S7       WITH
    S8                -0.164       0.245      0.276      -0.612       0.328

 Intercepts
    ANGRY              4.613       0.155      0.000       4.314       4.924      *
    S1                 0.289       0.088      0.000       0.124       0.476      *
    S2                 0.263       0.135      0.021       0.011       0.552      *
    S3                 0.413       0.096      0.000       0.237       0.613      *
    S4                 0.145       0.095      0.057      -0.037       0.340
    S5                -0.184       0.154      0.091      -0.543       0.091
    S6                -0.564       0.145      0.000      -0.906      -0.309      *
    S7                -0.001       0.125      0.496      -0.241       0.259
    S8                 0.075       0.177      0.329      -0.243       0.456

 Residual Variances
    ANGRY              1.000       0.001      0.000       0.995       1.000      *
    S1                 0.998       0.005      0.000       0.983       1.000      *
    S2                 0.984       0.026      0.000       0.903       1.000      *
    S3                 0.998       0.008      0.000       0.973       1.000      *
    S4                 0.998       0.006      0.000       0.979       1.000      *
    S5                 0.994       0.019      0.000       0.932       1.000      *
    S6                 0.994       0.013      0.000       0.953       1.000      *
    S7                 0.995       0.014      0.000       0.947       1.000      *
    S8                 0.992       0.024      0.000       0.913       1.000      *


R-SQUARE

Within-Level R-Square Averaged Across Clusters

                                Posterior  One-Tailed         95% C.I.
    Variable        Estimate       S.D.      P-Value   Lower 2.5%  Upper 2.5%

    ANGRY              0.051       0.004      0.000       0.044       0.059

Between Level

                                Posterior  One-Tailed         95% C.I.
    Variable        Estimate       S.D.      P-Value   Lower 2.5%  Upper 2.5%

    ANGRY              0.000       0.001      0.000       0.000       0.005

                                Posterior  One-Tailed         95% C.I.
    Variable        Estimate       S.D.      P-Value   Lower 2.5%  Upper 2.5%

    S1                 0.002       0.005      0.000       0.000       0.017
    S2                 0.016       0.026      0.000       0.000       0.097
    S3                 0.002       0.008      0.000       0.000       0.027
    S4                 0.002       0.006      0.000       0.000       0.021
    S5                 0.006       0.019      0.000       0.000       0.068
    S6                 0.006       0.013      0.000       0.000       0.047
    S7                 0.005       0.014      0.000       0.000       0.053
    S8                 0.008       0.024      0.000       0.000       0.087


TECHNICAL 1 OUTPUT


     PARAMETER SPECIFICATION FOR WITHIN


           NU
              ANGRY         CMC           MIXED         FAMILY        WEAK_TIE
              ________      ________      ________      ________      ________
                    0             0             0             0             0


           NU
              WEEKEND       CXF           CXW           MXF           MXW
              ________      ________      ________      ________      ________
                    0             0             0             0             0


           LAMBDA
              ANGRY         CMC           MIXED         FAMILY        WEAK_TIE
              ________      ________      ________      ________      ________
 ANGRY              0             0             0             0             0
 CMC                0             0             0             0             0
 MIXED              0             0             0             0             0
 FAMILY             0             0             0             0             0
 WEAK_TIE           0             0             0             0             0
 WEEKEND            0             0             0             0             0
 CXF                0             0             0             0             0
 CXW                0             0             0             0             0
 MXF                0             0             0             0             0
 MXW                0             0             0             0             0


           LAMBDA
              WEEKEND       CXF           CXW           MXF           MXW
              ________      ________      ________      ________      ________
 ANGRY              0             0             0             0             0
 CMC                0             0             0             0             0
 MIXED              0             0             0             0             0
 FAMILY             0             0             0             0             0
 WEAK_TIE           0             0             0             0             0
 WEEKEND            0             0             0             0             0
 CXF                0             0             0             0             0
 CXW                0             0             0             0             0
 MXF                0             0             0             0             0
 MXW                0             0             0             0             0


           THETA
              ANGRY         CMC           MIXED         FAMILY        WEAK_TIE
              ________      ________      ________      ________      ________
 ANGRY              0
 CMC                0             0
 MIXED              0             0             0
 FAMILY             0             0             0             0
 WEAK_TIE           0             0             0             0             0
 WEEKEND            0             0             0             0             0
 CXF                0             0             0             0             0
 CXW                0             0             0             0             0
 MXF                0             0             0             0             0
 MXW                0             0             0             0             0


           THETA
              WEEKEND       CXF           CXW           MXF           MXW
              ________      ________      ________      ________      ________
 WEEKEND            0
 CXF                0             0
 CXW                0             0             0
 MXF                0             0             0             0
 MXW                0             0             0             0             0


           ALPHA
              ANGRY         CMC           MIXED         FAMILY        WEAK_TIE
              ________      ________      ________      ________      ________
                    0             0             0             0             0


           ALPHA
              WEEKEND       CXF           CXW           MXF           MXW
              ________      ________      ________      ________      ________
                    0             0             0             0             0


           BETA
              ANGRY         CMC           MIXED         FAMILY        WEAK_TIE
              ________      ________      ________      ________      ________
 ANGRY              0             0             0             0             0
 CMC                0             0             0             0             0
 MIXED              0             0             0             0             0
 FAMILY             0             0             0             0             0
 WEAK_TIE           0             0             0             0             0
 WEEKEND            0             0             0             0             0
 CXF                0             0             0             0             0
 CXW                0             0             0             0             0
 MXF                0             0             0             0             0
 MXW                0             0             0             0             0


           BETA
              WEEKEND       CXF           CXW           MXF           MXW
              ________      ________      ________      ________      ________
 ANGRY              1             0             0             0             0
 CMC                0             0             0             0             0
 MIXED              0             0             0             0             0
 FAMILY             0             0             0             0             0
 WEAK_TIE           0             0             0             0             0
 WEEKEND            0             0             0             0             0
 CXF                0             0             0             0             0
 CXW                0             0             0             0             0
 MXF                0             0             0             0             0
 MXW                0             0             0             0             0


           PSI
              ANGRY         CMC           MIXED         FAMILY        WEAK_TIE
              ________      ________      ________      ________      ________
 ANGRY              2
 CMC                0             0
 MIXED              0             0             0
 FAMILY             0             0             0             0
 WEAK_TIE           0             0             0             0             0
 WEEKEND            0             0             0             0             0
 CXF                0             0             0             0             0
 CXW                0             0             0             0             0
 MXF                0             0             0             0             0
 MXW                0             0             0             0             0


           PSI
              WEEKEND       CXF           CXW           MXF           MXW
              ________      ________      ________      ________      ________
 WEEKEND            0
 CXF                0             0
 CXW                0             0             0
 MXF                0             0             0             0
 MXW                0             0             0             0             0


     PARAMETER SPECIFICATION FOR BETWEEN


           NU
              ANGRY         E
              ________      ________
                    0             0


           LAMBDA
              S1            S2            S3            S4            S5
              ________      ________      ________      ________      ________
 ANGRY              0             0             0             0             0
 E                  0             0             0             0             0


           LAMBDA
              S6            S7            S8            ANGRY         E
              ________      ________      ________      ________      ________
 ANGRY              0             0             0             0             0
 E                  0             0             0             0             0


           THETA
              ANGRY         E
              ________      ________
 ANGRY              0
 E                  0             0


           ALPHA
              S1            S2            S3            S4            S5
              ________      ________      ________      ________      ________
                    3             4             5             6             7


           ALPHA
              S6            S7            S8            ANGRY         E
              ________      ________      ________      ________      ________
                    8             9            10            11             0


           BETA
              S1            S2            S3            S4            S5
              ________      ________      ________      ________      ________
 S1                 0             0             0             0             0
 S2                 0             0             0             0             0
 S3                 0             0             0             0             0
 S4                 0             0             0             0             0
 S5                 0             0             0             0             0
 S6                 0             0             0             0             0
 S7                 0             0             0             0             0
 S8                 0             0             0             0             0
 ANGRY              0             0             0             0             0
 E                  0             0             0             0             0


           BETA
              S6            S7            S8            ANGRY         E
              ________      ________      ________      ________      ________
 S1                 0             0             0             0            12
 S2                 0             0             0             0            13
 S3                 0             0             0             0            14
 S4                 0             0             0             0            15
 S5                 0             0             0             0            16
 S6                 0             0             0             0            17
 S7                 0             0             0             0            18
 S8                 0             0             0             0            19
 ANGRY              0             0             0             0            20
 E                  0             0             0             0             0


           PSI
              S1            S2            S3            S4            S5
              ________      ________      ________      ________      ________
 S1                21
 S2                22            23
 S3                24            25            26
 S4                27            28            29            30
 S5                31            32            33            34            35
 S6                36            37            38            39            40
 S7                42            43            44            45            46
 S8                49            50            51            52            53
 ANGRY             57            58            59            60            61
 E                  0             0             0             0             0


           PSI
              S6            S7            S8            ANGRY         E
              ________      ________      ________      ________      ________
 S6                41
 S7                47            48
 S8                54            55            56
 ANGRY             62            63            64            65
 E                  0             0             0             0             0


     STARTING VALUES FOR WITHIN


           NU
              ANGRY         CMC           MIXED         FAMILY        WEAK_TIE
              ________      ________      ________      ________      ________
                0.000         0.000         0.000         0.000         0.000


           NU
              WEEKEND       CXF           CXW           MXF           MXW
              ________      ________      ________      ________      ________
                0.000         0.000         0.000         0.000         0.000


           LAMBDA
              ANGRY         CMC           MIXED         FAMILY        WEAK_TIE
              ________      ________      ________      ________      ________
 ANGRY          1.000         0.000         0.000         0.000         0.000
 CMC            0.000         1.000         0.000         0.000         0.000
 MIXED          0.000         0.000         1.000         0.000         0.000
 FAMILY         0.000         0.000         0.000         1.000         0.000
 WEAK_TIE       0.000         0.000         0.000         0.000         1.000
 WEEKEND        0.000         0.000         0.000         0.000         0.000
 CXF            0.000         0.000         0.000         0.000         0.000
 CXW            0.000         0.000         0.000         0.000         0.000
 MXF            0.000         0.000         0.000         0.000         0.000
 MXW            0.000         0.000         0.000         0.000         0.000


           LAMBDA
              WEEKEND       CXF           CXW           MXF           MXW
              ________      ________      ________      ________      ________
 ANGRY          0.000         0.000         0.000         0.000         0.000
 CMC            0.000         0.000         0.000         0.000         0.000
 MIXED          0.000         0.000         0.000         0.000         0.000
 FAMILY         0.000         0.000         0.000         0.000         0.000
 WEAK_TIE       0.000         0.000         0.000         0.000         0.000
 WEEKEND        1.000         0.000         0.000         0.000         0.000
 CXF            0.000         1.000         0.000         0.000         0.000
 CXW            0.000         0.000         1.000         0.000         0.000
 MXF            0.000         0.000         0.000         1.000         0.000
 MXW            0.000         0.000         0.000         0.000         1.000


           THETA
              ANGRY         CMC           MIXED         FAMILY        WEAK_TIE
              ________      ________      ________      ________      ________
 ANGRY          0.000
 CMC            0.000         0.000
 MIXED          0.000         0.000         0.000
 FAMILY         0.000         0.000         0.000         0.000
 WEAK_TIE       0.000         0.000         0.000         0.000         0.000
 WEEKEND        0.000         0.000         0.000         0.000         0.000
 CXF            0.000         0.000         0.000         0.000         0.000
 CXW            0.000         0.000         0.000         0.000         0.000
 MXF            0.000         0.000         0.000         0.000         0.000
 MXW            0.000         0.000         0.000         0.000         0.000


           THETA
              WEEKEND       CXF           CXW           MXF           MXW
              ________      ________      ________      ________      ________
 WEEKEND        0.000
 CXF            0.000         0.000
 CXW            0.000         0.000         0.000
 MXF            0.000         0.000         0.000         0.000
 MXW            0.000         0.000         0.000         0.000         0.000


           ALPHA
              ANGRY         CMC           MIXED         FAMILY        WEAK_TIE
              ________      ________      ________      ________      ________
                0.000         0.000         0.000         0.000         0.000


           ALPHA
              WEEKEND       CXF           CXW           MXF           MXW
              ________      ________      ________      ________      ________
                0.000         0.000         0.000         0.000         0.000


           BETA
              ANGRY         CMC           MIXED         FAMILY        WEAK_TIE
              ________      ________      ________      ________      ________
 ANGRY          0.000         0.000         0.000         0.000         0.000
 CMC            0.000         0.000         0.000         0.000         0.000
 MIXED          0.000         0.000         0.000         0.000         0.000
 FAMILY         0.000         0.000         0.000         0.000         0.000
 WEAK_TIE       0.000         0.000         0.000         0.000         0.000
 WEEKEND        0.000         0.000         0.000         0.000         0.000
 CXF            0.000         0.000         0.000         0.000         0.000
 CXW            0.000         0.000         0.000         0.000         0.000
 MXF            0.000         0.000         0.000         0.000         0.000
 MXW            0.000         0.000         0.000         0.000         0.000


           BETA
              WEEKEND       CXF           CXW           MXF           MXW
              ________      ________      ________      ________      ________
 ANGRY          0.000         0.000         0.000         0.000         0.000
 CMC            0.000         0.000         0.000         0.000         0.000
 MIXED          0.000         0.000         0.000         0.000         0.000
 FAMILY         0.000         0.000         0.000         0.000         0.000
 WEAK_TIE       0.000         0.000         0.000         0.000         0.000
 WEEKEND        0.000         0.000         0.000         0.000         0.000
 CXF            0.000         0.000         0.000         0.000         0.000
 CXW            0.000         0.000         0.000         0.000         0.000
 MXF            0.000         0.000         0.000         0.000         0.000
 MXW            0.000         0.000         0.000         0.000         0.000


           PSI
              ANGRY         CMC           MIXED         FAMILY        WEAK_TIE
              ________      ________      ________      ________      ________
 ANGRY          0.144
 CMC            0.000         0.077
 MIXED          0.000         0.000         0.043
 FAMILY         0.000         0.000         0.000         0.055
 WEAK_TIE       0.000         0.000         0.000         0.000         0.047
 WEEKEND        0.000         0.000         0.000         0.000         0.000
 CXF            0.000         0.000         0.000         0.000         0.000
 CXW            0.000         0.000         0.000         0.000         0.000
 MXF            0.000         0.000         0.000         0.000         0.000
 MXW            0.000         0.000         0.000         0.000         0.000


           PSI
              WEEKEND       CXF           CXW           MXF           MXW
              ________      ________      ________      ________      ________
 WEEKEND        0.105
 CXF            0.000         0.012
 CXW            0.000         0.000         0.013
 MXF            0.000         0.000         0.000         0.003
 MXW            0.000         0.000         0.000         0.000         0.002


     STARTING VALUES FOR BETWEEN


           NU
              ANGRY         E
              ________      ________
                0.000         0.000


           LAMBDA
              S1            S2            S3            S4            S5
              ________      ________      ________      ________      ________
 ANGRY          0.000         0.000         0.000         0.000         0.000
 E              0.000         0.000         0.000         0.000         0.000


           LAMBDA
              S6            S7            S8            ANGRY         E
              ________      ________      ________      ________      ________
 ANGRY          0.000         0.000         0.000         1.000         0.000
 E              0.000         0.000         0.000         0.000         1.000


           THETA
              ANGRY         E
              ________      ________
 ANGRY          0.000
 E              0.000         0.000


           ALPHA
              S1            S2            S3            S4            S5
              ________      ________      ________      ________      ________
                0.000         0.000         0.000         0.000         0.000


           ALPHA
              S6            S7            S8            ANGRY         E
              ________      ________      ________      ________      ________
                0.000         0.000         0.000         1.193         0.000


           BETA
              S1            S2            S3            S4            S5
              ________      ________      ________      ________      ________
 S1             0.000         0.000         0.000         0.000         0.000
 S2             0.000         0.000         0.000         0.000         0.000
 S3             0.000         0.000         0.000         0.000         0.000
 S4             0.000         0.000         0.000         0.000         0.000
 S5             0.000         0.000         0.000         0.000         0.000
 S6             0.000         0.000         0.000         0.000         0.000
 S7             0.000         0.000         0.000         0.000         0.000
 S8             0.000         0.000         0.000         0.000         0.000
 ANGRY          0.000         0.000         0.000         0.000         0.000
 E              0.000         0.000         0.000         0.000         0.000


           BETA
              S6            S7            S8            ANGRY         E
              ________      ________      ________      ________      ________
 S1             0.000         0.000         0.000         0.000         0.000
 S2             0.000         0.000         0.000         0.000         0.000
 S3             0.000         0.000         0.000         0.000         0.000
 S4             0.000         0.000         0.000         0.000         0.000
 S5             0.000         0.000         0.000         0.000         0.000
 S6             0.000         0.000         0.000         0.000         0.000
 S7             0.000         0.000         0.000         0.000         0.000
 S8             0.000         0.000         0.000         0.000         0.000
 ANGRY          0.000         0.000         0.000         0.000         0.000
 E              0.000         0.000         0.000         0.000         0.000


           PSI
              S1            S2            S3            S4            S5
              ________      ________      ________      ________      ________
 S1             1.000
 S2             0.000         1.000
 S3             0.000         0.000         1.000
 S4             0.000         0.000         0.000         1.000
 S5             0.000         0.000         0.000         0.000         1.000
 S6             0.000         0.000         0.000         0.000         0.000
 S7             0.000         0.000         0.000         0.000         0.000
 S8             0.000         0.000         0.000         0.000         0.000
 ANGRY          0.000         0.000         0.000         0.000         0.000
 E              0.000         0.000         0.000         0.000         0.000


           PSI
              S6            S7            S8            ANGRY         E
              ________      ________      ________      ________      ________
 S6             1.000
 S7             0.000         1.000
 S8             0.000         0.000         1.000
 ANGRY          0.000         0.000         0.000         0.144
 E              0.000         0.000         0.000         0.000         0.257



     PRIORS FOR ALL PARAMETERS            PRIOR MEAN      PRIOR VARIANCE     PRIOR STD. DEV.

     Parameter 1~N(0.000,infinity)           0.0000            infinity            infinity
     Parameter 2~IG(-1.000,0.000)          infinity            infinity            infinity
     Parameter 3~N(0.000,infinity)           0.0000            infinity            infinity
     Parameter 4~N(0.000,infinity)           0.0000            infinity            infinity
     Parameter 5~N(0.000,infinity)           0.0000            infinity            infinity
     Parameter 6~N(0.000,infinity)           0.0000            infinity            infinity
     Parameter 7~N(0.000,infinity)           0.0000            infinity            infinity
     Parameter 8~N(0.000,infinity)           0.0000            infinity            infinity
     Parameter 9~N(0.000,infinity)           0.0000            infinity            infinity
     Parameter 10~N(0.000,infinity)          0.0000            infinity            infinity
     Parameter 11~N(0.000,infinity)          0.0000            infinity            infinity
     Parameter 12~N(0.000,infinity)          0.0000            infinity            infinity
     Parameter 13~N(0.000,infinity)          0.0000            infinity            infinity
     Parameter 14~N(0.000,infinity)          0.0000            infinity            infinity
     Parameter 15~N(0.000,infinity)          0.0000            infinity            infinity
     Parameter 16~N(0.000,infinity)          0.0000            infinity            infinity
     Parameter 17~N(0.000,infinity)          0.0000            infinity            infinity
     Parameter 18~N(0.000,infinity)          0.0000            infinity            infinity
     Parameter 19~N(0.000,infinity)          0.0000            infinity            infinity
     Parameter 20~N(0.000,infinity)          0.0000            infinity            infinity
     Parameter 21~IW(0.000,-10)            infinity            infinity            infinity
     Parameter 22~IW(0.000,-10)            infinity            infinity            infinity
     Parameter 23~IW(0.000,-10)            infinity            infinity            infinity
     Parameter 24~IW(0.000,-10)            infinity            infinity            infinity
     Parameter 25~IW(0.000,-10)            infinity            infinity            infinity
     Parameter 26~IW(0.000,-10)            infinity            infinity            infinity
     Parameter 27~IW(0.000,-10)            infinity            infinity            infinity
     Parameter 28~IW(0.000,-10)            infinity            infinity            infinity
     Parameter 29~IW(0.000,-10)            infinity            infinity            infinity
     Parameter 30~IW(0.000,-10)            infinity            infinity            infinity
     Parameter 31~IW(0.000,-10)            infinity            infinity            infinity
     Parameter 32~IW(0.000,-10)            infinity            infinity            infinity
     Parameter 33~IW(0.000,-10)            infinity            infinity            infinity
     Parameter 34~IW(0.000,-10)            infinity            infinity            infinity
     Parameter 35~IW(0.000,-10)            infinity            infinity            infinity
     Parameter 36~IW(0.000,-10)            infinity            infinity            infinity
     Parameter 37~IW(0.000,-10)            infinity            infinity            infinity
     Parameter 38~IW(0.000,-10)            infinity            infinity            infinity
     Parameter 39~IW(0.000,-10)            infinity            infinity            infinity
     Parameter 40~IW(0.000,-10)            infinity            infinity            infinity
     Parameter 41~IW(0.000,-10)            infinity            infinity            infinity
     Parameter 42~IW(0.000,-10)            infinity            infinity            infinity
     Parameter 43~IW(0.000,-10)            infinity            infinity            infinity
     Parameter 44~IW(0.000,-10)            infinity            infinity            infinity
     Parameter 45~IW(0.000,-10)            infinity            infinity            infinity
     Parameter 46~IW(0.000,-10)            infinity            infinity            infinity
     Parameter 47~IW(0.000,-10)            infinity            infinity            infinity
     Parameter 48~IW(0.000,-10)            infinity            infinity            infinity
     Parameter 49~IW(0.000,-10)            infinity            infinity            infinity
     Parameter 50~IW(0.000,-10)            infinity            infinity            infinity
     Parameter 51~IW(0.000,-10)            infinity            infinity            infinity
     Parameter 52~IW(0.000,-10)            infinity            infinity            infinity
     Parameter 53~IW(0.000,-10)            infinity            infinity            infinity
     Parameter 54~IW(0.000,-10)            infinity            infinity            infinity
     Parameter 55~IW(0.000,-10)            infinity            infinity            infinity
     Parameter 56~IW(0.000,-10)            infinity            infinity            infinity
     Parameter 57~IW(0.000,-10)            infinity            infinity            infinity
     Parameter 58~IW(0.000,-10)            infinity            infinity            infinity
     Parameter 59~IW(0.000,-10)            infinity            infinity            infinity
     Parameter 60~IW(0.000,-10)            infinity            infinity            infinity
     Parameter 61~IW(0.000,-10)            infinity            infinity            infinity
     Parameter 62~IW(0.000,-10)            infinity            infinity            infinity
     Parameter 63~IW(0.000,-10)            infinity            infinity            infinity
     Parameter 64~IW(0.000,-10)            infinity            infinity            infinity
     Parameter 65~IW(0.000,-10)            infinity            infinity            infinity


TECHNICAL 8 OUTPUT


   TECHNICAL 8 OUTPUT FOR BAYES ESTIMATION

     CHAIN    BSEED
     1        0
     2        285380

                     POTENTIAL       PARAMETER WITH
     ITERATION    SCALE REDUCTION      HIGHEST PSR
     100              2.142               56
     200              2.672               50
     300              2.741               50
     400              2.162               35
     500              1.625               49
     600              2.801               51
     700              2.826               51
     800              2.727               51
     900              2.137               54
     1000             1.804               53
     1100             1.705               53
     1200             1.279               54
     1300             1.300               4
     1400             1.357               35
     1500             1.442               35
     1600             1.343               35
     1700             1.359               41
     1800             1.465               46
     1900             1.565               46
     2000             1.564               46
     2100             1.498               46
     2200             1.470               46
     2300             1.506               41
     2400             1.710               41
     2500             1.786               41
     2600             1.821               41
     2700             1.846               41
     2800             1.790               41
     2900             1.772               41
     3000             1.685               41
     3100             1.622               41
     3200             1.567               41
     3300             1.568               46
     3400             1.502               46
     3500             1.475               46
     3600             1.384               46
     3700             1.386               56
     3800             1.399               56
     3900             1.372               56
     4000             1.312               34
     4100             1.305               56
     4200             1.307               34
     4300             1.289               34
     4400             1.221               34
     4500             1.210               10
     4600             1.204               43
     4700             1.198               43
     4800             1.211               43
     4900             1.193               10
     5000             1.169               10
     5100             1.148               51
     5200             1.136               51
     5300             1.121               43
     5400             1.124               43
     5500             1.117               43
     5600             1.124               51
     5700             1.147               51
     5800             1.136               51
     5900             1.134               43
     6000             1.138               43
     6100             1.143               43
     6200             1.159               43
     6300             1.165               43
     6400             1.174               43
     6500             1.167               43
     6600             1.170               43
     6700             1.186               43
     6800             1.189               43
     6900             1.191               43
     7000             1.194               43
     7100             1.187               17
     7200             1.189               17
     7300             1.185               17
     7400             1.170               17
     7500             1.176               17
     7600             1.185               17
     7700             1.183               17
     7800             1.168               43
     7900             1.184               43
     8000             1.184               43
     8100             1.179               43
     8200             1.166               43
     8300             1.162               17
     8400             1.161               17
     8500             1.162               17
     8600             1.150               17
     8700             1.142               17
     8800             1.147               17
     8900             1.145               17
     9000             1.146               17
     9100             1.135               17
     9200             1.126               17
     9300             1.116               17
     9400             1.113               17
     9500             1.110               17
     9600             1.104               17
     9700             1.099               17
     9800             1.099               17
     9900             1.109               43
     10000            1.117               43
     10100            1.107               43
     10200            1.111               41
     10300            1.110               41
     10400            1.116               41
     10500            1.112               41
     10600            1.097               41
     10700            1.095               8


     Beginning Time:  01:03:37
        Ending Time:  01:15:23
       Elapsed Time:  00:11:46



MUTHEN & MUTHEN
3463 Stoner Ave.
Los Angeles, CA  90066

Tel: (310) 391-9971
Fax: (310) 391-8971
Web: www.StatModel.com
Support: Support@StatModel.com

Copyright (c) 1998-2020 Muthen & Muthen
