Mplus VERSION 8.5 (Mac)
MUTHEN & MUTHEN
03/18/2022   2:24 AM

INPUT INSTRUCTIONS

  TITLE: Analysis 5
  DATA: FILE = analysis4+5_S3.dat;
  VARIABLE:
  NAMES = ID AB angry worried happy sad WB stressed lonely
  FTF CMC mixed peers family weak_ties
  E A C N O gender ethnicity SES weekend;
  USEVARIABLES = worried
  CMC mixed family weak_ties
  weekend A
  cxf cxw mxf mxw;
  CLUSTER = ID;
  WITHIN = CMC mixed family weak_ties weekend
  cxf cxw mxf mxw;
  BETWEEN = A;
  MISSING = .;
  DEFINE:
  CENTER CMC (GROUPMEAN);
  CENTER mixed (GROUPMEAN);
  CENTER family (GROUPMEAN);
  CENTER weak_ties (GROUPMEAN);
  cxf=CMC*family;
  cxw=CMC*weak_ties;
  mxf=mixed*family;
  mxw=mixed*weak_ties;
  CENTER A (GRANDMEAN);
  ANALYSIS: TYPE = TWOLEVEL RANDOM; ESTIMATOR = BAYES;
  BITERATIONS = (10000); PROCESSORS = 2;
  MODEL:
  %WITHIN%
  ! Worry is predicted by CMC, the slope is random
  S1 | worried ON CMC;
  ! Worry is predicted by mixed episodes, the slope is random
  S2 | worried ON mixed;
  ! Worry is predicted by family, the slope is random
  S3 | worried ON family;
  ! Worry is predicted by weak ties, the slope is random
  S4 | worried ON weak_ties;
  ! Worry is predicted by CMC*family, the slope is random
  S5 | worried ON cxf;
  ! Worry is predicted by CMC*weak ties, the slope is random
  S6 | worried ON cxw;
  ! Worry is predicted by mixed*family, the slope is random
  S7 | worried ON mxf;
  ! Worry is predicted by mixed*weak ties, the slope is random
  S8 | worried ON mxw;
  ! Control for weekend
  worried ON weekend;
  %BETWEEN%
  ! Covariance between intercept and slopes
  worried S1-S8 WITH worried S1-S8;
  ! The intercept is predicted by agreeableness
  worried ON A;
  ! The slopes are predicted by agreeableness
  S1-S8 ON A;
  OUTPUT: STDYX STDY TECH8;



*** WARNING in VARIABLE command
  Note that only the first 8 characters of variable names are used in the output.
  Shorten variable names to avoid any confusion.
*** WARNING
  One or more individual-level variables have no variation within a
  cluster for the following clusters.

     Variable   Cluster IDs with no within-cluster variation

      WORRIED     45 271 156 816 352 376 49 485 545 666 667 502 61 363 76 825 615 473 856 222
                  685 807 341 498 768 705 525 797 572 305 90 28 635 159 645
      WEEKEND     271 806 816 49 396 57 485 845 598 93 131 666 851 556 349 844 26 680 685 881
                  69 734 265 723 882
      CXF         45 562 4 271 298 156 806 816 29 352 376 396 57 790 485 845 545 369 598 93 11
                  666 502 5 851 58 482 61 700 173 844 378 82 76 778 280 413 473 856 119 629 203
                  820 178 533 701 770 105 214 21 663 846 185 683 555 804 509 630 887 290 126 69
                  766 135 650 55 269 39 67 488 723 722 199 610 322 339 80 182 183 420 609 333
                  336 564 230 883 547 237 321 752 753 865 678 751 721 717 669 252 831 834 19 236
                  253 707 381 94 486 672 25 246 372 171 351 758 81 344 323 426 295 233 815 110
                  179 699 278 531 671 90 554 495 517 647 235 31 223 168 792 793 524 146 282 41
                  259 854 261 382 430 291 490 3 391 653 54 631 117 745 635 400 823 830 632 267
                  808 37 439 691 582 257 367 143 218 570 248 399 114 128 142 643 375 640 561 355
                  853 324 657 782 521 840 603 103 627 283 313 443 674 186 711 40
      CXW         45 562 4 271 298 156 806 816 29 352 396 57 790 845 545 369 598 93 11 666 667
                  502 851 58 600 482 61 700 302 880 173 844 378 238 82 76 316 592 778 413 825
                  615 473 856 203 406 680 685 178 533 847 663 807 846 185 499 522 683 804 509
                  630 152 887 506 290 766 135 55 734 269 350 488 452 585 199 221 610 684 797 339
                  183 656 24 333 336 703 230 565 547 321 753 865 225 595 678 751 620 717 252 834
                  501 266 612 253 381 94 486 99 340 835 68 210 6 372 171 335 176 306 758 599 695
                  81 344 233 815 110 287 427 278 531 239 398 554 549 235 664 223 157 792 524 788
                  228 282 259 854 490 798 686 3 391 54 631 805 635 400 289 829 101 448 823 632
                  860 267 37 712 143 248 154 399 114 128 783 102 637 142 165 137 643 375 645 774
                  355 324 568 500 840 603 103 98 803 212 534 824 40
      MXF         45 562 4 271 298 156 806 816 29 352 376 49 396 57 790 485 303 845 545 369 598
                  93 131 11 666 667 502 459 22 571 532 636 5 851 106 58 600 556 482 61 700 302
                  880 405 349 173 844 634 26 378 170 238 363 82 76 316 592 280 413 813 825 162
                  615 473 856 118 119 629 203 164 406 796 578 222 820 685 178 533 847 701 234
                  480 881 888 770 105 20 214 21 663 9 431 839 846 247 185 728 189 202 683 268
                  390 95 555 804 509 358 152 887 59 195 122 573 506 310 126 69 618 341 552 750
                  766 135 650 814 55 543 269 505 39 602 508 768 611 510 67 488 723 452 705 722
                  199 229 642 525 408 605 221 610 322 692 797 339 38 80 182 183 536 420 74 609
                  97 772 333 784 882 564 624 177 572 230 659 209 36 587 589 249 293 254 594 883
                  258 469 83 821 606 547 440 237 263 321 566 346 781 373 752 753 865 180 14 428
                  733 463 262 441 751 760 721 771 717 343 669 862 252 304 872 18 831 834 163 19
                  92 584 612 236 253 707 716 381 94 486 451 340 651 68 337 366 672 25 246 744
                  372 715 332 351 507 132 133 65 810 758 158 371 599 243 668 869 270 50 429 193
                  548 81 344 421 323 426 559 295 233 153 815 110 720 124 148 850 179 699 47 531
                  671 90 111 726 682 419 713 445 120 491 554 535 495 517 385 147 647 837 658 235
                  31 223 12 168 793 204 401 434 28 146 123 282 41 232 601 780 854 261 382 759
                  430 866 291 795 490 3 563 391 653 54 631 117 447 275 687 745 635 677 622 614
                  43 417 400 289 449 823 407 830 632 808 37 439 557 362 691 884 582 623 384 220
                  257 367 245 143 360 648 357 218 208 570 248 128 836 637 142 454 165 794 643
                  375 640 561 355 853 324 657 782 521 840 603 151 627 283 313 443 674 186 801
                  764 711 40
      MXW         45 562 4 271 298 156 806 816 29 352 49 396 57 790 485 303 845 545 369 598 93
                  131 11 667 502 459 22 571 532 636 851 106 58 600 556 482 61 700 302 880 405
                  349 173 844 634 26 170 238 363 82 316 592 778 280 413 813 825 162 615 473 856
                  118 119 629 203 164 406 796 578 222 680 685 178 533 847 234 480 881 888 770
                  20 21 663 807 9 431 839 846 247 185 728 499 189 522 202 683 268 390 95 804 509
                  630 358 152 887 59 195 122 573 506 310 290 618 341 552 750 766 135 650 814 55
                  734 543 269 505 602 508 768 611 350 510 488 452 585 705 199 229 642 525 408
                  605 221 610 322 684 692 797 339 38 182 183 536 656 74 24 609 97 772 333 784
                  882 564 624 177 703 572 230 659 209 36 587 589 249 293 254 594 258 469 83 821
                  565 606 547 440 263 321 566 346 781 373 753 865 180 225 14 428 595 733 463 262
                  441 751 620 760 771 343 862 252 304 872 18 834 163 501 266 92 584 612 236 253
                  707 716 381 94 486 451 99 340 835 651 68 337 210 6 366 744 372 715 171 332 335
                  176 351 507 306 132 133 65 810 758 158 371 599 243 668 869 270 50 429 193 695
                  548 81 344 421 559 233 153 815 110 720 124 148 287 427 850 278 47 111 726 682
                  419 239 713 445 120 398 491 554 535 385 147 549 837 658 235 664 223 157 12 792
                  204 524 401 788 434 28 228 123 282 232 601 780 854 759 866 795 490 798 686 3
                  563 391 653 54 631 447 805 275 687 635 677 622 614 43 417 400 289 829 449 101
                  448 823 407 632 860 37 557 362 691 884 623 384 220 712 245 143 360 648 357 208
                  248 154 114 128 783 836 102 637 142 454 165 794 137 643 375 645 774 355 324
                  568 500 840 603 151 98 803 212 534 801 824 764 40

*** WARNING
  Data set contains cases with missing on x-variables.
  These cases were not included in the analysis.
  Number of cases with missing on x-variables:  2083
*** WARNING
  Data set contains cases with missing on all variables except
  x-variables.  These cases were not included in the analysis.
  Number of cases with missing on all variables except x-variables:  55
   4 WARNING(S) FOUND IN THE INPUT INSTRUCTIONS



Analysis 5

SUMMARY OF ANALYSIS

Number of groups                                                 1
Number of observations                                       19297

Number of dependent variables                                    1
Number of independent variables                                 10
Number of continuous latent variables                            8

Observed dependent variables

  Continuous
   WORRIED

Observed independent variables
   CMC         MIXED       FAMILY      WEAK_TIE    WEEKEND     A
   CXF         CXW         MXF         MXW

Continuous latent variables
   S1          S2          S3          S4          S5          S6
   S7          S8

Variables with special functions

  Cluster variable      ID

  Within variables
   CMC         MIXED       FAMILY      WEAK_TIE    WEEKEND     CXF
   CXW         MXF         MXW

  Between variables
   A

  Centering (GRANDMEAN)
   A

  Centering (GROUPMEAN)
   CMC         MIXED       FAMILY      WEAK_TIE


Estimator                                                    BAYES
Specifications for Bayesian Estimation
  Point estimate                                            MEDIAN
  Number of Markov chain Monte Carlo (MCMC) chains               2
  Random seed for the first chain                                0
  Starting value information                           UNPERTURBED
  Algorithm used for Markov chain Monte Carlo           GIBBS(PX1)
  Convergence criterion                                  0.500D-01
  Maximum number of iterations                               50000
  K-th iteration used for thinning                               1

Input data file(s)
  analysis4+5_S3.dat
Input data format  FREE


SUMMARY OF DATA

     Number of clusters                        751

       Size (s)    Cluster ID with Size s

          1        10 63 240 311 608 625 740 876
          2        45 562 4 271 298 156 806 816
          3        29 352 376 49 396 57 790 485 303 845 545
          4        369 598 93 131 11 666 667 502
          5        459 22 761 571 532 636 5 851 106 58 718
          6        600 52 556 482 61 700 302 880 405 349
          7        173 844 634 26 378 330 170 238 363
          8        82 76 316 592 778 280 413 813 825 162 615 473 856 118
                   119
          9        629 203 164 406 654 796 578 222 680 820 685 178 533
                   847 701 234 480 881 888
         10        770 105 20 214 21 663 807 9 424 431 839 846 247 185
                   728 499 189 522 202 683 53
         11        268 390 95 555 558 804 509 630 358 152 887 59 195
         12        122 573 506 310 290 126 69 481 618 732 619 341 552 418
                   750 494 766 498 135 650 569
         13        814 55 734 543 467 269 505 39 602 508 768 611 350 510
                   67 265 529 488 723 452
         14        697 277 585 704 705 588 722 423 199 229 826 642 141
                   525 408 605 221 610 322 684 769 472 130 692 797
         15        339 38 397 80 182 183 536 656 420 74 24 374 609 858
                   97 772 333 784 882 336 564 624 177 703
         16        572 230 706 659 209 36 587 589 249 293 254 594 883 749
                   258 469 83
         17        821 565 606 547 440 237 263 321 370 566 346 781
         18        373 752 753 708 865 450 180 13 225 14 416 428 595 317
                   755 678
         19        733 463 262 441 327 66 751 714 620 760 721 817 281 689
                   662 771 251
         20        621 379 717 343 273 669 862 252 304 872 292 738 18 377
                   831 834 163 19
         21        775 501 266 215 92 584 612 236 253 707 551 51 716 518
                   381 94 486 451 99 241 340 835
         22        88 651 68 411 337 210 515 6 366 672 25 246 744 372 715
                   171 332
         23        403 335 644 776 176 607 351 507 306 132 863 133 65 810
                   444 520 758 312 158 200 371 886 458 599 348
         24        33 243 668 633 869 474 270 138 50 483 274 429 193 695
                   548 437 81 194
         25        344 244 421 347 323 426 559 475 295 145 100 233 153
                   815 305 110 276 579 8 497 2 720 124 85
         26        148 287 427 743 850 179 328 216 699 368 278 46 838
         27        446 47 531 319 671 90 675 111 726 843 539 682 161 419
                   239 713 445
         28        325 120 307 398 864 491 779 665 554 604 873 356 535
                   495 73 517 385 64 591 681 147
         29        647 487 190 84 754 1 549 837 658 331 155 235 664 345
                   31 223 157 12 777
         30        168 286 871 792 793 204 192 524 676 255 401 42 528 461
                   841 788
         31        434 809 492 28 877 596 228 146 496 315 34 123 432 719
                   282
         32        762 767 542 140 660 41 232 87 394 601 314 780 855
         33        727 818 259 729 597 854 261 318 231 382 833 759 646
                   765 430 866 626 291 577
         34        586 795 490 217 798 686 3 563 391 580 653 54 471 631
                   77 849
         35        117 489 447 465 805 264 275 523 687 32 745 635 188 731
                   694
         36        560 470 677 115 622 219 513 250 785 296
         37        614 43 417 15 400 289 670 829 260 861 449 107 453
         38        101 448 256 823 89 191 407 830 632 709 353 16 172
         39        860 167 267 380 187 808 37 439 354
         40        557 747 127 739 462 414 388 285
         41        613 748 299 362 691 409 181 198 884 582 800 75 655
         42        623 848 425 384 220 791 511 698 257
         43        484 367 227 272 712 812 567 479
         44        245 143 360 648 412 72 357 218
         45        436 129 393 208 570 248
         46        154 399 114
         47        546 128 300 159 109 819 783 679 213 836 628 102
         48        338 757 637 142 415 454 763
         49        165 794 746 137 643 62 386
         50        375 645 774 640
         51        561 652 308 125 355 853
         52        324 827 657 301
         53        842 27
         54        782 568 71 521
         55        174 500 730 226 553
         56        840 603 519
         58        151 639 103 514 98 402
         59        803 212 627
         60        690 283 313
         61        364
         62        534 476
         64        443
         67        674
         68        186
         69        801
         73        824
         74        530
         75        764
         78        711
         80        40



COVARIANCE COVERAGE OF DATA

Minimum covariance coverage value   0.100

     Number of missing data patterns             1


     PROPORTION OF DATA PRESENT


           Covariance Coverage
              WORRIED       CMC           MIXED         FAMILY        WEAK_TIE
              ________      ________      ________      ________      ________
 WORRIED        1.000
 CMC            1.000         1.000
 MIXED          1.000         1.000         1.000
 FAMILY         1.000         1.000         1.000         1.000
 WEAK_TIE       1.000         1.000         1.000         1.000         1.000
 WEEKEND        1.000         1.000         1.000         1.000         1.000
 CXF            1.000         1.000         1.000         1.000         1.000
 CXW            1.000         1.000         1.000         1.000         1.000
 MXF            1.000         1.000         1.000         1.000         1.000
 MXW            1.000         1.000         1.000         1.000         1.000
 A              1.000         1.000         1.000         1.000         1.000


           Covariance Coverage
              WEEKEND       CXF           CXW           MXF           MXW
              ________      ________      ________      ________      ________
 WEEKEND        1.000
 CXF            1.000         1.000
 CXW            1.000         1.000         1.000
 MXF            1.000         1.000         1.000         1.000
 MXW            1.000         1.000         1.000         1.000         1.000
 A              1.000         1.000         1.000         1.000         1.000


           Covariance Coverage
              A
              ________
 A              1.000



UNIVARIATE SAMPLE STATISTICS


     UNIVARIATE HIGHER-ORDER MOMENT DESCRIPTIVE STATISTICS

         Variable/         Mean/     Skewness/   Minimum/ % with                Percentiles
        Sample Size      Variance    Kurtosis    Maximum  Min/Max      20%/60%    40%/80%    Median

     WORRIED               1.744       1.027       1.000   49.82%       1.000      1.000      2.000
           19297.000       0.793       0.173       4.000    5.93%       2.000      2.000
     CMC                   0.000       0.678      -0.952    0.01%      -0.292     -0.143     -0.091
           19297.000       0.153      -0.295       0.982    0.01%      -0.038      0.409
     MIXED                 0.000       1.496      -0.891    0.03%      -0.151     -0.057     -0.034
           19297.000       0.086       2.739       0.983    0.01%       0.000      0.000
     FAMILY                0.000       0.725      -0.983    0.01%      -0.211     -0.053     -0.025
           19297.000       0.111       1.012       0.983    0.01%       0.000      0.162
     WEAK_TIES             0.000       1.617      -0.929    0.01%      -0.167     -0.077     -0.051
           19297.000       0.094       2.420       0.984    0.01%      -0.025      0.000
     WEEKEND               0.299       0.880       0.000   70.14%       0.000      0.000      0.000
           19297.000       0.209      -1.225       1.000   29.86%       0.000      1.000
     CXF                  -0.038      -0.468      -0.964    0.01%      -0.093     -0.003      0.000
           19297.000       0.024       7.346       0.937    0.01%       0.000      0.015
     CXW                   0.037       2.324      -0.804    0.02%      -0.004      0.000      0.004
           19297.000       0.025       8.981       0.964    0.01%       0.010      0.049
     MXF                  -0.004       0.906      -0.875    0.01%       0.000      0.000      0.000
           19297.000       0.005      42.729       0.958    0.01%       0.000      0.009
     MXW                  -0.005       0.284      -0.794    0.01%       0.000      0.000      0.000
           19297.000       0.004      42.428       0.824    0.01%       0.000      0.008
     A                     0.000      -0.389      -2.140    0.13%      -0.556     -0.140      0.027
             751.000       0.342      -0.144       1.277    0.27%       0.194      0.527


THE MODEL ESTIMATION TERMINATED NORMALLY

     USE THE FBITERATIONS OPTION TO INCREASE THE NUMBER OF ITERATIONS BY A FACTOR
     OF AT LEAST TWO TO CHECK CONVERGENCE AND THAT THE PSR VALUE DOES NOT INCREASE.



MODEL FIT INFORMATION

Number of Free Parameters                              65

Information Criteria

          Deviance (DIC)                        41037.185
          Estimated Number of Parameters (pD)    1314.741



MODEL RESULTS

                                Posterior  One-Tailed         95% C.I.
                    Estimate       S.D.      P-Value   Lower 2.5%  Upper 2.5%  Significance

Within Level

 WORRIED    ON
    WEEKEND           -0.196       0.011      0.000      -0.219      -0.174      *

 Residual Variances
    WORRIED            0.459       0.005      0.000       0.449       0.468      *

Between Level

 S1         ON
    A                 -0.104       0.032      0.001      -0.164      -0.040      *

 S2         ON
    A                 -0.039       0.038      0.158      -0.109       0.038

 S3         ON
    A                 -0.089       0.037      0.008      -0.162      -0.016      *

 S4         ON
    A                 -0.001       0.046      0.490      -0.094       0.088

 S5         ON
    A                 -0.061       0.078      0.213      -0.223       0.086

 S6         ON
    A                  0.057       0.092      0.273      -0.121       0.233

 S7         ON
    A                 -0.017       0.164      0.462      -0.339       0.298

 S8         ON
    A                 -0.187       0.171      0.136      -0.515       0.158

 WORRIED    ON
    A                 -0.054       0.037      0.074      -0.126       0.018

 WORRIED  WITH
    S1                 0.043       0.011      0.000       0.023       0.066      *
    S2                 0.004       0.012      0.355      -0.020       0.027
    S3                 0.010       0.013      0.230      -0.015       0.035
    S4                -0.010       0.016      0.260      -0.041       0.020
    S5                -0.017       0.028      0.278      -0.072       0.035
    S6                -0.017       0.030      0.283      -0.079       0.041
    S7                -0.044       0.047      0.168      -0.136       0.051
    S8                 0.029       0.056      0.295      -0.076       0.147

 S1       WITH
    S2                 0.015       0.008      0.029       0.000       0.030
    S3                 0.010       0.009      0.117      -0.007       0.028
    S4                -0.004       0.011      0.380      -0.025       0.017
    S5                 0.013       0.015      0.210      -0.017       0.043
    S6                -0.035       0.018      0.021      -0.072      -0.002      *
    S7                 0.019       0.028      0.262      -0.030       0.075
    S8                -0.022       0.030      0.255      -0.080       0.038

 S2       WITH
    S3                -0.001       0.009      0.471      -0.016       0.018
    S4                -0.003       0.012      0.393      -0.025       0.021
    S5                 0.008       0.016      0.302      -0.023       0.041
    S6                -0.005       0.023      0.414      -0.049       0.040
    S7                 0.028       0.024      0.105      -0.015       0.082
    S8                -0.009       0.029      0.376      -0.062       0.055

 S3       WITH
    S4                 0.008       0.013      0.248      -0.017       0.034
    S5                -0.029       0.017      0.043      -0.062       0.003
    S6                 0.003       0.023      0.441      -0.042       0.048
    S7                -0.026       0.028      0.185      -0.075       0.034
    S8                 0.014       0.037      0.363      -0.050       0.093

 S4       WITH
    S5                 0.007       0.024      0.383      -0.040       0.052
    S6                -0.054       0.030      0.023      -0.118      -0.001      *
    S7                -0.013       0.041      0.376      -0.093       0.070
    S8                -0.005       0.045      0.456      -0.088       0.087

 S5       WITH
    S6                 0.007       0.041      0.431      -0.063       0.097
    S7                 0.087       0.057      0.059      -0.020       0.213
    S8                -0.032       0.067      0.322      -0.156       0.105

 S6       WITH
    S7                 0.013       0.071      0.423      -0.119       0.164
    S8                 0.084       0.077      0.090      -0.037       0.264

 S7       WITH
    S8                 0.044       0.112      0.374      -0.149       0.275

 Intercepts
    WORRIED            1.822       0.022      0.000       1.778       1.865      *
    S1                 0.108       0.018      0.000       0.073       0.144      *
    S2                 0.031       0.022      0.080      -0.012       0.073
    S3                 0.064       0.020      0.000       0.025       0.104      *
    S4                -0.002       0.026      0.463      -0.054       0.047
    S5                -0.114       0.050      0.025      -0.207       0.000
    S6                -0.066       0.051      0.098      -0.165       0.034
    S7                 0.017       0.087      0.418      -0.156       0.190
    S8                 0.114       0.115      0.131      -0.114       0.357

 Residual Variances
    WORRIED            0.319       0.019      0.000       0.285       0.359      *
    S1                 0.042       0.010      0.000       0.025       0.064      *
    S2                 0.034       0.011      0.000       0.015       0.058      *
    S3                 0.045       0.012      0.000       0.024       0.072      *
    S4                 0.078       0.020      0.000       0.044       0.121      *
    S5                 0.113       0.039      0.000       0.056       0.206      *
    S6                 0.227       0.075      0.000       0.105       0.397      *
    S7                 0.283       0.127      0.000       0.115       0.608      *
    S8                 0.306       0.134      0.000       0.123       0.646      *


STANDARDIZED MODEL RESULTS


STDYX Standardization

                                Posterior  One-Tailed         95% C.I.
                    Estimate       S.D.      P-Value   Lower 2.5%  Upper 2.5%  Significance

Within-Level Standardized Estimates Averaged Over Clusters

 S1 | WORRIED ON
    CMC                0.055       0.008      0.000       0.038       0.071      *

 S2 | WORRIED ON
    MIXED              0.008       0.006      0.119      -0.005       0.018

 S3 | WORRIED ON
    FAMILY             0.026       0.007      0.000       0.014       0.040      *

 S4 | WORRIED ON
    WEAK_TIES         -0.002       0.008      0.373      -0.018       0.014

 S5 | WORRIED ON
    CXF               -0.016       0.006      0.004      -0.028      -0.005      *

 S6 | WORRIED ON
    CXW               -0.010       0.007      0.088      -0.024       0.004

 S7 | WORRIED ON
    MXF                0.001       0.004      0.405      -0.007       0.010

 S8 | WORRIED ON
    MXW                0.003       0.006      0.350      -0.009       0.013

 WORRIED    ON
    WEEKEND           -0.119       0.007      0.000      -0.133      -0.105      *

 Residual Variances
    WORRIED            0.934       0.004      0.000       0.925       0.942      *

Between Level

 S1         ON
    A                 -0.201       0.064      0.001      -0.327      -0.078      *

 S2         ON
    A                 -0.086       0.086      0.158      -0.252       0.085

 S3         ON
    A                 -0.168       0.075      0.008      -0.324      -0.029      *

 S4         ON
    A                 -0.002       0.068      0.490      -0.143       0.130

 S5         ON
    A                 -0.074       0.096      0.213      -0.273       0.103

 S6         ON
    A                  0.048       0.081      0.273      -0.115       0.206

 S7         ON
    A                 -0.013       0.126      0.462      -0.281       0.207

 S8         ON
    A                 -0.136       0.130      0.136      -0.401       0.110

 WORRIED    ON
    A                 -0.039       0.026      0.074      -0.090       0.013

 WORRIED  WITH
    S1                 0.380       0.089      0.000       0.201       0.551      *
    S2                 0.044       0.119      0.355      -0.192       0.272
    S3                 0.081       0.105      0.230      -0.132       0.285
    S4                -0.063       0.099      0.260      -0.258       0.131
    S5                -0.088       0.147      0.278      -0.385       0.177
    S6                -0.063       0.113      0.283      -0.284       0.164
    S7                -0.149       0.155      0.168      -0.439       0.177
    S8                 0.098       0.175      0.295      -0.244       0.440

 S1       WITH
    S2                 0.405       0.184      0.029      -0.016       0.694
    S3                 0.232       0.190      0.117      -0.212       0.549
    S4                -0.063       0.183      0.380      -0.400       0.306
    S5                 0.192       0.216      0.210      -0.246       0.593
    S6                -0.375       0.169      0.021      -0.676      -0.017      *
    S7                 0.172       0.243      0.262      -0.288       0.637
    S8                -0.195       0.266      0.255      -0.654       0.360

 S2       WITH
    S3                -0.016       0.217      0.471      -0.423       0.421
    S4                -0.068       0.236      0.393      -0.528       0.393
    S5                 0.139       0.243      0.302      -0.332       0.587
    S6                -0.062       0.260      0.414      -0.546       0.463
    S7                 0.309       0.224      0.105      -0.170       0.689
    S8                -0.101       0.278      0.376      -0.565       0.514

 S3       WITH
    S4                 0.137       0.215      0.248      -0.377       0.504
    S5                -0.424       0.207      0.043      -0.735       0.042
    S6                 0.033       0.228      0.441      -0.382       0.502
    S7                -0.245       0.248      0.185      -0.684       0.263
    S8                 0.120       0.317      0.363      -0.381       0.794

 S4       WITH
    S5                 0.075       0.257      0.383      -0.391       0.617
    S6                -0.415       0.175      0.023      -0.689      -0.007      *
    S7                -0.094       0.277      0.376      -0.621       0.484
    S8                -0.032       0.279      0.456      -0.536       0.503

 S5       WITH
    S6                 0.045       0.250      0.431      -0.474       0.484
    S7                 0.522       0.254      0.059      -0.125       0.830
    S8                -0.186       0.332      0.322      -0.695       0.527

 S6       WITH
    S7                 0.054       0.270      0.423      -0.489       0.549
    S8                 0.341       0.241      0.090      -0.145       0.750

 S7       WITH
    S8                 0.152       0.366      0.374      -0.594       0.733

 Intercepts
    WORRIED            3.222       0.101      0.000       3.026       3.422      *
    S1                 0.518       0.106      0.000       0.328       0.740      *
    S2                 0.169       0.125      0.080      -0.064       0.428
    S3                 0.297       0.098      0.000       0.115       0.501      *
    S4                -0.009       0.093      0.463      -0.194       0.174
    S5                -0.336       0.163      0.025      -0.661       0.000
    S6                -0.138       0.113      0.098      -0.372       0.069
    S7                 0.031       0.174      0.418      -0.277       0.414
    S8                 0.203       0.212      0.131      -0.248       0.650

 Residual Variances
    WORRIED            0.998       0.002      0.000       0.992       1.000      *
    S1                 0.960       0.026      0.000       0.893       0.994      *
    S2                 0.992       0.018      0.000       0.937       1.000      *
    S3                 0.972       0.029      0.000       0.895       0.999      *
    S4                 0.998       0.007      0.000       0.976       1.000      *
    S5                 0.993       0.021      0.000       0.926       1.000      *
    S6                 0.996       0.012      0.000       0.957       1.000      *
    S7                 0.993       0.023      0.000       0.913       1.000      *
    S8                 0.980       0.045      0.000       0.839       1.000      *


STDY Standardization

                                Posterior  One-Tailed         95% C.I.
                    Estimate       S.D.      P-Value   Lower 2.5%  Upper 2.5%  Significance

Within-Level Standardized Estimates Averaged Over Clusters

 S1 | WORRIED ON
    CMC                0.151       0.024      0.000       0.104       0.198      *

 S2 | WORRIED ON
    MIXED              0.040       0.030      0.124      -0.026       0.093

 S3 | WORRIED ON
    FAMILY             0.089       0.024      0.000       0.043       0.137      *

 S4 | WORRIED ON
    WEAK_TIES         -0.013       0.032      0.350      -0.072       0.053

 S5 | WORRIED ON
    CXF               -0.153       0.055      0.004      -0.269      -0.053      *

 S6 | WORRIED ON
    CXW               -0.090       0.062      0.082      -0.205       0.034

 S7 | WORRIED ON
    MXF                0.023       0.122      0.417      -0.195       0.269

 S8 | WORRIED ON
    MXW                0.086       0.181      0.338      -0.263       0.405

 WORRIED    ON
    WEEKEND           -0.280       0.017      0.000      -0.312      -0.246      *

 Residual Variances
    WORRIED            0.934       0.004      0.000       0.925       0.942      *

Between Level

 S1         ON
    A                 -0.496       0.157      0.001      -0.808      -0.192      *

 S2         ON
    A                 -0.213       0.212      0.158      -0.622       0.211

 S3         ON
    A                 -0.414       0.185      0.008      -0.800      -0.072      *

 S4         ON
    A                 -0.004       0.169      0.490      -0.353       0.322

 S5         ON
    A                 -0.182       0.237      0.213      -0.673       0.253

 S6         ON
    A                  0.118       0.200      0.273      -0.284       0.509

 S7         ON
    A                 -0.032       0.312      0.462      -0.693       0.510

 S8         ON
    A                 -0.335       0.320      0.136      -0.989       0.272

 WORRIED    ON
    A                 -0.095       0.065      0.074      -0.222       0.032

 WORRIED  WITH
    S1                 0.380       0.089      0.000       0.201       0.551      *
    S2                 0.044       0.119      0.355      -0.192       0.272
    S3                 0.081       0.105      0.230      -0.132       0.285
    S4                -0.063       0.099      0.260      -0.258       0.131
    S5                -0.088       0.147      0.278      -0.385       0.177
    S6                -0.063       0.113      0.283      -0.284       0.164
    S7                -0.149       0.155      0.168      -0.439       0.177
    S8                 0.098       0.175      0.295      -0.244       0.440

 S1       WITH
    S2                 0.405       0.184      0.029      -0.016       0.694
    S3                 0.232       0.190      0.117      -0.212       0.549
    S4                -0.063       0.183      0.380      -0.400       0.306
    S5                 0.192       0.216      0.210      -0.246       0.593
    S6                -0.375       0.169      0.021      -0.676      -0.017      *
    S7                 0.172       0.243      0.262      -0.288       0.637
    S8                -0.195       0.266      0.255      -0.654       0.360

 S2       WITH
    S3                -0.016       0.217      0.471      -0.423       0.421
    S4                -0.068       0.236      0.393      -0.528       0.393
    S5                 0.139       0.243      0.302      -0.332       0.587
    S6                -0.062       0.260      0.414      -0.546       0.463
    S7                 0.309       0.224      0.105      -0.170       0.689
    S8                -0.101       0.278      0.376      -0.565       0.514

 S3       WITH
    S4                 0.137       0.215      0.248      -0.377       0.504
    S5                -0.424       0.207      0.043      -0.735       0.042
    S6                 0.033       0.228      0.441      -0.382       0.502
    S7                -0.245       0.248      0.185      -0.684       0.263
    S8                 0.120       0.317      0.363      -0.381       0.794

 S4       WITH
    S5                 0.075       0.257      0.383      -0.391       0.617
    S6                -0.415       0.175      0.023      -0.689      -0.007      *
    S7                -0.094       0.277      0.376      -0.621       0.484
    S8                -0.032       0.279      0.456      -0.536       0.503

 S5       WITH
    S6                 0.045       0.250      0.431      -0.474       0.484
    S7                 0.522       0.254      0.059      -0.125       0.830
    S8                -0.186       0.332      0.322      -0.695       0.527

 S6       WITH
    S7                 0.054       0.270      0.423      -0.489       0.549
    S8                 0.341       0.241      0.090      -0.145       0.750

 S7       WITH
    S8                 0.152       0.366      0.374      -0.594       0.733

 Intercepts
    WORRIED            3.222       0.101      0.000       3.026       3.422      *
    S1                 0.518       0.106      0.000       0.328       0.740      *
    S2                 0.169       0.125      0.080      -0.064       0.428
    S3                 0.297       0.098      0.000       0.115       0.501      *
    S4                -0.009       0.093      0.463      -0.194       0.174
    S5                -0.336       0.163      0.025      -0.661       0.000
    S6                -0.138       0.113      0.098      -0.372       0.069
    S7                 0.031       0.174      0.418      -0.277       0.414
    S8                 0.203       0.212      0.131      -0.248       0.650

 Residual Variances
    WORRIED            0.998       0.002      0.000       0.992       1.000      *
    S1                 0.960       0.026      0.000       0.893       0.994      *
    S2                 0.992       0.018      0.000       0.937       1.000      *
    S3                 0.972       0.029      0.000       0.895       0.999      *
    S4                 0.998       0.007      0.000       0.976       1.000      *
    S5                 0.993       0.021      0.000       0.926       1.000      *
    S6                 0.996       0.012      0.000       0.957       1.000      *
    S7                 0.993       0.023      0.000       0.913       1.000      *
    S8                 0.980       0.045      0.000       0.839       1.000      *


R-SQUARE

Within-Level R-Square Averaged Across Clusters

                                Posterior  One-Tailed         95% C.I.
    Variable        Estimate       S.D.      P-Value   Lower 2.5%  Upper 2.5%

    WORRIED            0.066       0.004      0.000       0.058       0.075

Between Level

                                Posterior  One-Tailed         95% C.I.
    Variable        Estimate       S.D.      P-Value   Lower 2.5%  Upper 2.5%

    WORRIED            0.002       0.002      0.000       0.000       0.008

                                Posterior  One-Tailed         95% C.I.
    Variable        Estimate       S.D.      P-Value   Lower 2.5%  Upper 2.5%

    S1                 0.040       0.026      0.000       0.006       0.107
    S2                 0.008       0.018      0.000       0.000       0.063
    S3                 0.028       0.029      0.000       0.001       0.105
    S4                 0.002       0.007      0.000       0.000       0.024
    S5                 0.007       0.021      0.000       0.000       0.074
    S6                 0.004       0.012      0.000       0.000       0.043
    S7                 0.007       0.023      0.000       0.000       0.087
    S8                 0.020       0.045      0.000       0.000       0.160


TECHNICAL 1 OUTPUT


     PARAMETER SPECIFICATION FOR WITHIN


           NU
              WORRIED       CMC           MIXED         FAMILY        WEAK_TIE
              ________      ________      ________      ________      ________
                    0             0             0             0             0


           NU
              WEEKEND       CXF           CXW           MXF           MXW
              ________      ________      ________      ________      ________
                    0             0             0             0             0


           LAMBDA
              WORRIED       CMC           MIXED         FAMILY        WEAK_TIE
              ________      ________      ________      ________      ________
 WORRIED            0             0             0             0             0
 CMC                0             0             0             0             0
 MIXED              0             0             0             0             0
 FAMILY             0             0             0             0             0
 WEAK_TIE           0             0             0             0             0
 WEEKEND            0             0             0             0             0
 CXF                0             0             0             0             0
 CXW                0             0             0             0             0
 MXF                0             0             0             0             0
 MXW                0             0             0             0             0


           LAMBDA
              WEEKEND       CXF           CXW           MXF           MXW
              ________      ________      ________      ________      ________
 WORRIED            0             0             0             0             0
 CMC                0             0             0             0             0
 MIXED              0             0             0             0             0
 FAMILY             0             0             0             0             0
 WEAK_TIE           0             0             0             0             0
 WEEKEND            0             0             0             0             0
 CXF                0             0             0             0             0
 CXW                0             0             0             0             0
 MXF                0             0             0             0             0
 MXW                0             0             0             0             0


           THETA
              WORRIED       CMC           MIXED         FAMILY        WEAK_TIE
              ________      ________      ________      ________      ________
 WORRIED            0
 CMC                0             0
 MIXED              0             0             0
 FAMILY             0             0             0             0
 WEAK_TIE           0             0             0             0             0
 WEEKEND            0             0             0             0             0
 CXF                0             0             0             0             0
 CXW                0             0             0             0             0
 MXF                0             0             0             0             0
 MXW                0             0             0             0             0


           THETA
              WEEKEND       CXF           CXW           MXF           MXW
              ________      ________      ________      ________      ________
 WEEKEND            0
 CXF                0             0
 CXW                0             0             0
 MXF                0             0             0             0
 MXW                0             0             0             0             0


           ALPHA
              WORRIED       CMC           MIXED         FAMILY        WEAK_TIE
              ________      ________      ________      ________      ________
                    0             0             0             0             0


           ALPHA
              WEEKEND       CXF           CXW           MXF           MXW
              ________      ________      ________      ________      ________
                    0             0             0             0             0


           BETA
              WORRIED       CMC           MIXED         FAMILY        WEAK_TIE
              ________      ________      ________      ________      ________
 WORRIED            0             0             0             0             0
 CMC                0             0             0             0             0
 MIXED              0             0             0             0             0
 FAMILY             0             0             0             0             0
 WEAK_TIE           0             0             0             0             0
 WEEKEND            0             0             0             0             0
 CXF                0             0             0             0             0
 CXW                0             0             0             0             0
 MXF                0             0             0             0             0
 MXW                0             0             0             0             0


           BETA
              WEEKEND       CXF           CXW           MXF           MXW
              ________      ________      ________      ________      ________
 WORRIED            1             0             0             0             0
 CMC                0             0             0             0             0
 MIXED              0             0             0             0             0
 FAMILY             0             0             0             0             0
 WEAK_TIE           0             0             0             0             0
 WEEKEND            0             0             0             0             0
 CXF                0             0             0             0             0
 CXW                0             0             0             0             0
 MXF                0             0             0             0             0
 MXW                0             0             0             0             0


           PSI
              WORRIED       CMC           MIXED         FAMILY        WEAK_TIE
              ________      ________      ________      ________      ________
 WORRIED            2
 CMC                0             0
 MIXED              0             0             0
 FAMILY             0             0             0             0
 WEAK_TIE           0             0             0             0             0
 WEEKEND            0             0             0             0             0
 CXF                0             0             0             0             0
 CXW                0             0             0             0             0
 MXF                0             0             0             0             0
 MXW                0             0             0             0             0


           PSI
              WEEKEND       CXF           CXW           MXF           MXW
              ________      ________      ________      ________      ________
 WEEKEND            0
 CXF                0             0
 CXW                0             0             0
 MXF                0             0             0             0
 MXW                0             0             0             0             0


     PARAMETER SPECIFICATION FOR BETWEEN


           NU
              WORRIED       A
              ________      ________
                    0             0


           LAMBDA
              S1            S2            S3            S4            S5
              ________      ________      ________      ________      ________
 WORRIED            0             0             0             0             0
 A                  0             0             0             0             0


           LAMBDA
              S6            S7            S8            WORRIED       A
              ________      ________      ________      ________      ________
 WORRIED            0             0             0             0             0
 A                  0             0             0             0             0


           THETA
              WORRIED       A
              ________      ________
 WORRIED            0
 A                  0             0


           ALPHA
              S1            S2            S3            S4            S5
              ________      ________      ________      ________      ________
                    3             4             5             6             7


           ALPHA
              S6            S7            S8            WORRIED       A
              ________      ________      ________      ________      ________
                    8             9            10            11             0


           BETA
              S1            S2            S3            S4            S5
              ________      ________      ________      ________      ________
 S1                 0             0             0             0             0
 S2                 0             0             0             0             0
 S3                 0             0             0             0             0
 S4                 0             0             0             0             0
 S5                 0             0             0             0             0
 S6                 0             0             0             0             0
 S7                 0             0             0             0             0
 S8                 0             0             0             0             0
 WORRIED            0             0             0             0             0
 A                  0             0             0             0             0


           BETA
              S6            S7            S8            WORRIED       A
              ________      ________      ________      ________      ________
 S1                 0             0             0             0            12
 S2                 0             0             0             0            13
 S3                 0             0             0             0            14
 S4                 0             0             0             0            15
 S5                 0             0             0             0            16
 S6                 0             0             0             0            17
 S7                 0             0             0             0            18
 S8                 0             0             0             0            19
 WORRIED            0             0             0             0            20
 A                  0             0             0             0             0


           PSI
              S1            S2            S3            S4            S5
              ________      ________      ________      ________      ________
 S1                21
 S2                22            23
 S3                24            25            26
 S4                27            28            29            30
 S5                31            32            33            34            35
 S6                36            37            38            39            40
 S7                42            43            44            45            46
 S8                49            50            51            52            53
 WORRIED           57            58            59            60            61
 A                  0             0             0             0             0


           PSI
              S6            S7            S8            WORRIED       A
              ________      ________      ________      ________      ________
 S6                41
 S7                47            48
 S8                54            55            56
 WORRIED           62            63            64            65
 A                  0             0             0             0             0


     STARTING VALUES FOR WITHIN


           NU
              WORRIED       CMC           MIXED         FAMILY        WEAK_TIE
              ________      ________      ________      ________      ________
                0.000         0.000         0.000         0.000         0.000


           NU
              WEEKEND       CXF           CXW           MXF           MXW
              ________      ________      ________      ________      ________
                0.000         0.000         0.000         0.000         0.000


           LAMBDA
              WORRIED       CMC           MIXED         FAMILY        WEAK_TIE
              ________      ________      ________      ________      ________
 WORRIED        1.000         0.000         0.000         0.000         0.000
 CMC            0.000         1.000         0.000         0.000         0.000
 MIXED          0.000         0.000         1.000         0.000         0.000
 FAMILY         0.000         0.000         0.000         1.000         0.000
 WEAK_TIE       0.000         0.000         0.000         0.000         1.000
 WEEKEND        0.000         0.000         0.000         0.000         0.000
 CXF            0.000         0.000         0.000         0.000         0.000
 CXW            0.000         0.000         0.000         0.000         0.000
 MXF            0.000         0.000         0.000         0.000         0.000
 MXW            0.000         0.000         0.000         0.000         0.000


           LAMBDA
              WEEKEND       CXF           CXW           MXF           MXW
              ________      ________      ________      ________      ________
 WORRIED        0.000         0.000         0.000         0.000         0.000
 CMC            0.000         0.000         0.000         0.000         0.000
 MIXED          0.000         0.000         0.000         0.000         0.000
 FAMILY         0.000         0.000         0.000         0.000         0.000
 WEAK_TIE       0.000         0.000         0.000         0.000         0.000
 WEEKEND        1.000         0.000         0.000         0.000         0.000
 CXF            0.000         1.000         0.000         0.000         0.000
 CXW            0.000         0.000         1.000         0.000         0.000
 MXF            0.000         0.000         0.000         1.000         0.000
 MXW            0.000         0.000         0.000         0.000         1.000


           THETA
              WORRIED       CMC           MIXED         FAMILY        WEAK_TIE
              ________      ________      ________      ________      ________
 WORRIED        0.000
 CMC            0.000         0.000
 MIXED          0.000         0.000         0.000
 FAMILY         0.000         0.000         0.000         0.000
 WEAK_TIE       0.000         0.000         0.000         0.000         0.000
 WEEKEND        0.000         0.000         0.000         0.000         0.000
 CXF            0.000         0.000         0.000         0.000         0.000
 CXW            0.000         0.000         0.000         0.000         0.000
 MXF            0.000         0.000         0.000         0.000         0.000
 MXW            0.000         0.000         0.000         0.000         0.000


           THETA
              WEEKEND       CXF           CXW           MXF           MXW
              ________      ________      ________      ________      ________
 WEEKEND        0.000
 CXF            0.000         0.000
 CXW            0.000         0.000         0.000
 MXF            0.000         0.000         0.000         0.000
 MXW            0.000         0.000         0.000         0.000         0.000


           ALPHA
              WORRIED       CMC           MIXED         FAMILY        WEAK_TIE
              ________      ________      ________      ________      ________
                0.000         0.000         0.000         0.000         0.000


           ALPHA
              WEEKEND       CXF           CXW           MXF           MXW
              ________      ________      ________      ________      ________
                0.000         0.000         0.000         0.000         0.000


           BETA
              WORRIED       CMC           MIXED         FAMILY        WEAK_TIE
              ________      ________      ________      ________      ________
 WORRIED        0.000         0.000         0.000         0.000         0.000
 CMC            0.000         0.000         0.000         0.000         0.000
 MIXED          0.000         0.000         0.000         0.000         0.000
 FAMILY         0.000         0.000         0.000         0.000         0.000
 WEAK_TIE       0.000         0.000         0.000         0.000         0.000
 WEEKEND        0.000         0.000         0.000         0.000         0.000
 CXF            0.000         0.000         0.000         0.000         0.000
 CXW            0.000         0.000         0.000         0.000         0.000
 MXF            0.000         0.000         0.000         0.000         0.000
 MXW            0.000         0.000         0.000         0.000         0.000


           BETA
              WEEKEND       CXF           CXW           MXF           MXW
              ________      ________      ________      ________      ________
 WORRIED        0.000         0.000         0.000         0.000         0.000
 CMC            0.000         0.000         0.000         0.000         0.000
 MIXED          0.000         0.000         0.000         0.000         0.000
 FAMILY         0.000         0.000         0.000         0.000         0.000
 WEAK_TIE       0.000         0.000         0.000         0.000         0.000
 WEEKEND        0.000         0.000         0.000         0.000         0.000
 CXF            0.000         0.000         0.000         0.000         0.000
 CXW            0.000         0.000         0.000         0.000         0.000
 MXF            0.000         0.000         0.000         0.000         0.000
 MXW            0.000         0.000         0.000         0.000         0.000


           PSI
              WORRIED       CMC           MIXED         FAMILY        WEAK_TIE
              ________      ________      ________      ________      ________
 WORRIED        0.397
 CMC            0.000         0.077
 MIXED          0.000         0.000         0.043
 FAMILY         0.000         0.000         0.000         0.055
 WEAK_TIE       0.000         0.000         0.000         0.000         0.047
 WEEKEND        0.000         0.000         0.000         0.000         0.000
 CXF            0.000         0.000         0.000         0.000         0.000
 CXW            0.000         0.000         0.000         0.000         0.000
 MXF            0.000         0.000         0.000         0.000         0.000
 MXW            0.000         0.000         0.000         0.000         0.000


           PSI
              WEEKEND       CXF           CXW           MXF           MXW
              ________      ________      ________      ________      ________
 WEEKEND        0.105
 CXF            0.000         0.012
 CXW            0.000         0.000         0.013
 MXF            0.000         0.000         0.000         0.003
 MXW            0.000         0.000         0.000         0.000         0.002


     STARTING VALUES FOR BETWEEN


           NU
              WORRIED       A
              ________      ________
                0.000         0.000


           LAMBDA
              S1            S2            S3            S4            S5
              ________      ________      ________      ________      ________
 WORRIED        0.000         0.000         0.000         0.000         0.000
 A              0.000         0.000         0.000         0.000         0.000


           LAMBDA
              S6            S7            S8            WORRIED       A
              ________      ________      ________      ________      ________
 WORRIED        0.000         0.000         0.000         1.000         0.000
 A              0.000         0.000         0.000         0.000         1.000


           THETA
              WORRIED       A
              ________      ________
 WORRIED        0.000
 A              0.000         0.000


           ALPHA
              S1            S2            S3            S4            S5
              ________      ________      ________      ________      ________
                0.000         0.000         0.000         0.000         0.000


           ALPHA
              S6            S7            S8            WORRIED       A
              ________      ________      ________      ________      ________
                0.000         0.000         0.000         1.744         0.000


           BETA
              S1            S2            S3            S4            S5
              ________      ________      ________      ________      ________
 S1             0.000         0.000         0.000         0.000         0.000
 S2             0.000         0.000         0.000         0.000         0.000
 S3             0.000         0.000         0.000         0.000         0.000
 S4             0.000         0.000         0.000         0.000         0.000
 S5             0.000         0.000         0.000         0.000         0.000
 S6             0.000         0.000         0.000         0.000         0.000
 S7             0.000         0.000         0.000         0.000         0.000
 S8             0.000         0.000         0.000         0.000         0.000
 WORRIED        0.000         0.000         0.000         0.000         0.000
 A              0.000         0.000         0.000         0.000         0.000


           BETA
              S6            S7            S8            WORRIED       A
              ________      ________      ________      ________      ________
 S1             0.000         0.000         0.000         0.000         0.000
 S2             0.000         0.000         0.000         0.000         0.000
 S3             0.000         0.000         0.000         0.000         0.000
 S4             0.000         0.000         0.000         0.000         0.000
 S5             0.000         0.000         0.000         0.000         0.000
 S6             0.000         0.000         0.000         0.000         0.000
 S7             0.000         0.000         0.000         0.000         0.000
 S8             0.000         0.000         0.000         0.000         0.000
 WORRIED        0.000         0.000         0.000         0.000         0.000
 A              0.000         0.000         0.000         0.000         0.000


           PSI
              S1            S2            S3            S4            S5
              ________      ________      ________      ________      ________
 S1             1.000
 S2             0.000         1.000
 S3             0.000         0.000         1.000
 S4             0.000         0.000         0.000         1.000
 S5             0.000         0.000         0.000         0.000         1.000
 S6             0.000         0.000         0.000         0.000         0.000
 S7             0.000         0.000         0.000         0.000         0.000
 S8             0.000         0.000         0.000         0.000         0.000
 WORRIED        0.000         0.000         0.000         0.000         0.000
 A              0.000         0.000         0.000         0.000         0.000


           PSI
              S6            S7            S8            WORRIED       A
              ________      ________      ________      ________      ________
 S6             1.000
 S7             0.000         1.000
 S8             0.000         0.000         1.000
 WORRIED        0.000         0.000         0.000         0.397
 A              0.000         0.000         0.000         0.000         0.164



     PRIORS FOR ALL PARAMETERS            PRIOR MEAN      PRIOR VARIANCE     PRIOR STD. DEV.

     Parameter 1~N(0.000,infinity)           0.0000            infinity            infinity
     Parameter 2~IG(-1.000,0.000)          infinity            infinity            infinity
     Parameter 3~N(0.000,infinity)           0.0000            infinity            infinity
     Parameter 4~N(0.000,infinity)           0.0000            infinity            infinity
     Parameter 5~N(0.000,infinity)           0.0000            infinity            infinity
     Parameter 6~N(0.000,infinity)           0.0000            infinity            infinity
     Parameter 7~N(0.000,infinity)           0.0000            infinity            infinity
     Parameter 8~N(0.000,infinity)           0.0000            infinity            infinity
     Parameter 9~N(0.000,infinity)           0.0000            infinity            infinity
     Parameter 10~N(0.000,infinity)          0.0000            infinity            infinity
     Parameter 11~N(0.000,infinity)          0.0000            infinity            infinity
     Parameter 12~N(0.000,infinity)          0.0000            infinity            infinity
     Parameter 13~N(0.000,infinity)          0.0000            infinity            infinity
     Parameter 14~N(0.000,infinity)          0.0000            infinity            infinity
     Parameter 15~N(0.000,infinity)          0.0000            infinity            infinity
     Parameter 16~N(0.000,infinity)          0.0000            infinity            infinity
     Parameter 17~N(0.000,infinity)          0.0000            infinity            infinity
     Parameter 18~N(0.000,infinity)          0.0000            infinity            infinity
     Parameter 19~N(0.000,infinity)          0.0000            infinity            infinity
     Parameter 20~N(0.000,infinity)          0.0000            infinity            infinity
     Parameter 21~IW(0.000,-10)            infinity            infinity            infinity
     Parameter 22~IW(0.000,-10)            infinity            infinity            infinity
     Parameter 23~IW(0.000,-10)            infinity            infinity            infinity
     Parameter 24~IW(0.000,-10)            infinity            infinity            infinity
     Parameter 25~IW(0.000,-10)            infinity            infinity            infinity
     Parameter 26~IW(0.000,-10)            infinity            infinity            infinity
     Parameter 27~IW(0.000,-10)            infinity            infinity            infinity
     Parameter 28~IW(0.000,-10)            infinity            infinity            infinity
     Parameter 29~IW(0.000,-10)            infinity            infinity            infinity
     Parameter 30~IW(0.000,-10)            infinity            infinity            infinity
     Parameter 31~IW(0.000,-10)            infinity            infinity            infinity
     Parameter 32~IW(0.000,-10)            infinity            infinity            infinity
     Parameter 33~IW(0.000,-10)            infinity            infinity            infinity
     Parameter 34~IW(0.000,-10)            infinity            infinity            infinity
     Parameter 35~IW(0.000,-10)            infinity            infinity            infinity
     Parameter 36~IW(0.000,-10)            infinity            infinity            infinity
     Parameter 37~IW(0.000,-10)            infinity            infinity            infinity
     Parameter 38~IW(0.000,-10)            infinity            infinity            infinity
     Parameter 39~IW(0.000,-10)            infinity            infinity            infinity
     Parameter 40~IW(0.000,-10)            infinity            infinity            infinity
     Parameter 41~IW(0.000,-10)            infinity            infinity            infinity
     Parameter 42~IW(0.000,-10)            infinity            infinity            infinity
     Parameter 43~IW(0.000,-10)            infinity            infinity            infinity
     Parameter 44~IW(0.000,-10)            infinity            infinity            infinity
     Parameter 45~IW(0.000,-10)            infinity            infinity            infinity
     Parameter 46~IW(0.000,-10)            infinity            infinity            infinity
     Parameter 47~IW(0.000,-10)            infinity            infinity            infinity
     Parameter 48~IW(0.000,-10)            infinity            infinity            infinity
     Parameter 49~IW(0.000,-10)            infinity            infinity            infinity
     Parameter 50~IW(0.000,-10)            infinity            infinity            infinity
     Parameter 51~IW(0.000,-10)            infinity            infinity            infinity
     Parameter 52~IW(0.000,-10)            infinity            infinity            infinity
     Parameter 53~IW(0.000,-10)            infinity            infinity            infinity
     Parameter 54~IW(0.000,-10)            infinity            infinity            infinity
     Parameter 55~IW(0.000,-10)            infinity            infinity            infinity
     Parameter 56~IW(0.000,-10)            infinity            infinity            infinity
     Parameter 57~IW(0.000,-10)            infinity            infinity            infinity
     Parameter 58~IW(0.000,-10)            infinity            infinity            infinity
     Parameter 59~IW(0.000,-10)            infinity            infinity            infinity
     Parameter 60~IW(0.000,-10)            infinity            infinity            infinity
     Parameter 61~IW(0.000,-10)            infinity            infinity            infinity
     Parameter 62~IW(0.000,-10)            infinity            infinity            infinity
     Parameter 63~IW(0.000,-10)            infinity            infinity            infinity
     Parameter 64~IW(0.000,-10)            infinity            infinity            infinity
     Parameter 65~IW(0.000,-10)            infinity            infinity            infinity


TECHNICAL 8 OUTPUT


   TECHNICAL 8 OUTPUT FOR BAYES ESTIMATION

     CHAIN    BSEED
     1        0
     2        285380

                     POTENTIAL       PARAMETER WITH
     ITERATION    SCALE REDUCTION      HIGHEST PSR
     100              3.042               36
     200              2.297               44
     300              2.449               44
     400              2.674               47
     500              2.863               44
     600              2.789               44
     700              2.454               44
     800              2.406               56
     900              1.925               53
     1000             1.910               48
     1100             2.021               48
     1200             1.762               37
     1300             1.567               51
     1400             1.569               51
     1500             1.421               50
     1600             1.580               10
     1700             1.839               10
     1800             1.927               10
     1900             1.931               50
     2000             2.153               50
     2100             2.163               50
     2200             2.224               50
     2300             2.258               50
     2400             1.995               50
     2500             1.789               46
     2600             1.725               46
     2700             1.588               46
     2800             1.564               46
     2900             1.593               46
     3000             1.574               46
     3100             1.555               46
     3200             1.460               46
     3300             1.380               46
     3400             1.294               46
     3500             1.284               46
     3600             1.262               46
     3700             1.215               19
     3800             1.221               19
     3900             1.230               19
     4000             1.249               19
     4100             1.256               19
     4200             1.265               19
     4300             1.291               19
     4400             1.302               19
     4500             1.278               19
     4600             1.269               19
     4700             1.256               19
     4800             1.245               19
     4900             1.247               33
     5000             1.244               33
     5100             1.256               33
     5200             1.262               33
     5300             1.279               33
     5400             1.272               33
     5500             1.224               19
     5600             1.251               19
     5700             1.269               19
     5800             1.256               19
     5900             1.242               19
     6000             1.224               19
     6100             1.242               46
     6200             1.211               19
     6300             1.199               46
     6400             1.220               46
     6500             1.258               46
     6600             1.282               46
     6700             1.318               46
     6800             1.327               46
     6900             1.321               46
     7000             1.315               46
     7100             1.311               46
     7200             1.288               46
     7300             1.280               46
     7400             1.292               46
     7500             1.285               46
     7600             1.274               46
     7700             1.259               46
     7800             1.239               46
     7900             1.244               46
     8000             1.257               53
     8100             1.262               53
     8200             1.271               53
     8300             1.288               53
     8400             1.300               53
     8500             1.316               53
     8600             1.330               53
     8700             1.350               53
     8800             1.376               53
     8900             1.389               53
     9000             1.382               53
     9100             1.397               53
     9200             1.417               53
     9300             1.398               53
     9400             1.399               53
     9500             1.387               53
     9600             1.391               53
     9700             1.388               53
     9800             1.400               53
     9900             1.400               53
     10000            1.404               53
     10100            1.416               53
     10200            1.406               53
     10300            1.392               53
     10400            1.381               53
     10500            1.361               53
     10600            1.328               53
     10700            1.301               53
     10800            1.296               53
     10900            1.296               53
     11000            1.288               53
     11100            1.264               53
     11200            1.244               48
     11300            1.231               46
     11400            1.221               46
     11500            1.198               46
     11600            1.173               53
     11700            1.159               53
     11800            1.154               53
     11900            1.150               53
     12000            1.154               53
     12100            1.147               53
     12200            1.136               53
     12300            1.128               53
     12400            1.129               53
     12500            1.133               53
     12600            1.134               53
     12700            1.121               53
     12800            1.109               53
     12900            1.108               53
     13000            1.105               53
     13100            1.099               53
     13200            1.093               53


     Beginning Time:  02:24:05
        Ending Time:  02:38:23
       Elapsed Time:  00:14:18



MUTHEN & MUTHEN
3463 Stoner Ave.
Los Angeles, CA  90066

Tel: (310) 391-9971
Fax: (310) 391-8971
Web: www.StatModel.com
Support: Support@StatModel.com

Copyright (c) 1998-2020 Muthen & Muthen
