Mplus VERSION 8.5 (Mac)
MUTHEN & MUTHEN
03/18/2022   5:30 AM

INPUT INSTRUCTIONS

  TITLE: Analysis 5
  DATA: FILE = analysis4+5_S3.dat;
  VARIABLE:
  NAMES = ID AB angry worried happy sad WB stressed lonely
  FTF CMC mixed peers family weak_ties
  E A C N O gender ethnicity SES weekend;
  USEVARIABLES = sad
  CMC mixed family weak_ties
  weekend N
  cxf cxw mxf mxw;
  CLUSTER = ID;
  WITHIN = CMC mixed family weak_ties weekend
  cxf cxw mxf mxw;
  BETWEEN = N;
  MISSING = .;
  DEFINE:
  CENTER CMC (GROUPMEAN);
  CENTER mixed (GROUPMEAN);
  CENTER family (GROUPMEAN);
  CENTER weak_ties (GROUPMEAN);
  cxf=CMC*family;
  cxw=CMC*weak_ties;
  mxf=mixed*family;
  mxw=mixed*weak_ties;
  CENTER N (GRANDMEAN);
  ANALYSIS: TYPE = TWOLEVEL RANDOM; ESTIMATOR = BAYES;
  BITERATIONS = (10000); PROCESSORS = 2;
  MODEL:
  %WITHIN%
  ! Sadness is predicted by CMC, the slope is random
  S1 | sad ON CMC;
  ! Sadness is predicted by mixed episodes, the slope is random
  S2 | sad ON mixed;
  ! Sadness is predicted by family, the slope is random
  S3 | sad ON family;
  ! Sadness is predicted by weak ties, the slope is random
  S4 | sad ON weak_ties;
  ! Sadness is predicted by CMC*family, the slope is random
  S5 | sad ON cxf;
  ! Sadness is predicted by CMC*weak ties, the slope is random
  S6 | sad ON cxw;
  ! Sadness is predicted by mixed*family, the slope is random
  S7 | sad ON mxf;
  ! Sadness is predicted by mixed*weak ties, the slope is random
  S8 | sad ON mxw;
  ! Control for weekend
  sad ON weekend;
  %BETWEEN%
  ! Covariance between intercept and slopes
  sad S1-S8 WITH sad S1-S8;
  ! The intercept is predicted by neuroticism
  sad ON N;
  ! The slopes are predicted by neuroticism
  S1-S8 ON N;
  OUTPUT: STDYX STDY TECH8;



*** WARNING in VARIABLE command
  Note that only the first 8 characters of variable names are used in the output.
  Shorten variable names to avoid any confusion.
*** WARNING
  One or more individual-level variables have no variation within a
  cluster for the following clusters.

     Variable   Cluster IDs with no within-cluster variation

      SAD         404 562 4 156 45 376 49 485 545 93 131 11 666 667 502 369 106 459 556 482 61
                  700 405 26 378 173 76 316 413 825 118 685 533 480 888 807 424 247 185 390 573
                  69 766 498 814 705 525 605 221 797 374 703 36 254 469 821 547 781 428 327 714
                  831 834 94 411 210 171 507 599 138 421 153 579 90 675 873 591 192 492 28 228
                  762 631 465 635 107 257 484 245 415 324 842 730
      WEEKEND     404 271 806 816 49 396 57 485 845 598 93 131 666 851 556 844 26 349 680 685
                  881 69 734 265 723 882
      CXF         404 562 4 271 298 156 806 816 45 352 376 396 57 790 485 845 545 29 598 93 11
                  666 502 369 5 851 58 482 61 700 844 378 173 76 778 280 413 473 856 119 82 203
                  820 178 533 701 629 214 21 663 846 185 770 105 683 555 804 509 630 887 290 126
                  537 69 766 135 650 55 269 39 67 488 723 722 199 322 80 182 183 420 609 333 336
                  564 339 230 883 547 237 321 752 753 865 678 751 721 717 669 252 831 834 19 236
                  253 707 381 94 486 672 25 246 372 171 351 758 81 344 323 426 295 233 815 110
                  179 699 278 531 671 90 554 495 517 647 235 31 223 168 792 793 524 146 41 282
                  291 259 854 261 382 430 490 3 391 653 54 631 117 745 635 400 823 830 632 267
                  808 37 439 691 582 257 367 143 218 570 248 399 114 128 142 643 375 640 561 355
                  853 324 657 782 521 840 603 103 627 283 313 443 674 186 711 40
      CXW         404 562 4 271 298 156 806 816 45 352 396 57 790 845 545 29 598 93 11 666 667
                  502 369 851 58 482 61 700 302 880 600 844 378 238 173 76 316 592 778 413 825
                  615 473 856 82 203 406 680 685 178 533 847 663 807 846 185 499 522 683 804 509
                  630 152 887 506 290 766 135 55 734 269 350 488 452 585 199 221 797 684 183 656
                  24 333 336 703 339 230 565 547 321 753 865 225 595 678 751 620 717 252 834 501
                  266 612 253 381 94 486 99 340 835 68 210 6 372 171 335 176 306 758 599 695 81
                  344 233 815 110 287 427 278 531 789 239 398 554 549 235 664 223 157 792 524
                  788 228 282 259 854 490 798 686 3 391 54 631 805 635 400 289 829 101 448 823
                  632 860 267 37 712 143 248 154 399 114 128 783 102 637 142 165 137 643 375 645
                  774 355 324 568 500 840 603 103 98 212 803 534 824 40
      MXF         404 562 4 271 298 156 806 816 45 352 376 49 396 57 790 485 303 845 545 29 598
                  93 131 11 666 667 502 369 22 571 532 636 5 851 106 58 459 556 482 61 700 302
                  880 170 405 600 844 634 26 378 238 363 349 173 76 316 592 280 413 813 825 162
                  615 473 856 118 119 82 203 164 406 796 578 222 820 685 178 533 847 701 234 480
                  881 888 629 20 214 21 663 9 431 839 846 247 185 728 189 202 770 105 268 390
                  683 555 804 509 358 152 887 59 95 195 573 506 310 126 537 69 618 341 552 750
                  766 135 650 122 55 543 269 505 39 602 508 768 611 510 67 488 723 452 814 705
                  722 199 229 642 525 408 605 221 797 322 692 177 38 80 182 183 536 420 74 609
                  97 772 333 784 882 564 624 589 339 230 659 209 201 36 587 83 249 293 254 594
                  883 258 469 572 821 606 547 440 237 263 321 566 346 781 373 752 753 865 180
                  14 428 733 463 262 441 751 760 721 771 717 343 669 862 252 304 872 18 831 834
                  163 19 92 584 612 236 253 707 716 381 94 486 451 340 651 68 337 366 672 25 246
                  744 372 715 50 332 351 507 132 133 65 810 758 158 371 599 429 668 869 270 193
                  548 81 243 344 421 323 426 559 295 233 153 815 110 720 124 148 850 179 699 47
                  531 671 90 111 726 682 419 713 445 120 491 554 535 495 517 385 147 647 837 658
                  235 31 223 12 168 793 204 401 434 28 146 123 41 282 232 601 780 291 854 261
                  382 759 866 430 795 490 3 563 391 653 54 631 117 447 275 687 745 635 677 622
                  614 43 417 400 289 449 823 407 830 632 808 37 439 557 362 691 884 582 623 384
                  220 257 367 245 143 360 648 357 218 208 570 248 128 836 637 142 454 165 794
                  643 375 640 561 355 853 324 657 782 521 840 603 151 627 283 313 443 674 186
                  801 764 711 40
      MXW         404 562 4 271 298 156 806 816 45 352 49 396 57 790 485 303 845 545 29 598 93
                  131 11 667 502 369 22 571 532 636 851 106 58 459 556 482 61 700 302 880 170
                  405 600 844 634 26 238 363 349 173 316 592 778 280 413 813 825 162 615 473 856
                  118 119 82 203 164 406 796 578 222 680 685 178 533 847 234 480 881 888 629 20
                  21 663 807 9 431 839 846 247 185 728 499 189 522 202 770 268 390 683 804 509
                  630 358 152 887 59 95 195 573 506 310 290 618 341 552 750 766 135 650 122 55
                  734 543 269 505 602 508 768 611 350 510 488 452 814 585 705 199 229 642 525
                  408 605 221 797 322 684 692 177 38 182 183 536 656 74 24 609 97 772 333 784
                  882 564 624 703 589 339 230 659 209 201 36 587 83 249 293 254 594 258 469 572
                  821 565 606 547 440 263 321 566 346 781 373 753 865 180 225 14 428 595 733 463
                  262 441 751 620 760 771 343 862 252 304 872 18 834 163 501 266 92 584 612 236
                  253 707 716 381 94 486 451 99 340 835 651 68 337 210 6 366 744 372 715 171 50
                  332 335 176 351 507 306 132 133 65 810 758 158 371 599 429 668 869 270 193 695
                  548 81 243 344 421 559 233 153 815 110 720 124 148 287 427 850 278 47 789 111
                  726 682 419 239 713 445 120 398 491 554 535 385 147 549 837 658 235 664 223
                  157 12 792 204 524 401 788 434 28 228 123 282 232 601 780 854 759 866 795 490
                  798 686 3 563 391 653 54 631 447 805 275 687 635 677 622 614 43 417 400 289
                  829 449 101 448 823 407 632 860 37 557 362 691 884 623 384 220 712 245 143 360
                  648 357 208 248 154 114 128 783 836 102 637 142 454 165 794 137 643 375 645
                  774 355 324 568 500 840 603 151 98 212 803 534 801 824 764 40

*** WARNING
  Data set contains cases with missing on x-variables.
  These cases were not included in the analysis.
  Number of cases with missing on x-variables:  2033
*** WARNING
  Data set contains cases with missing on all variables except
  x-variables.  These cases were not included in the analysis.
  Number of cases with missing on all variables except x-variables:  73
   4 WARNING(S) FOUND IN THE INPUT INSTRUCTIONS



Analysis 5

SUMMARY OF ANALYSIS

Number of groups                                                 1
Number of observations                                       19329

Number of dependent variables                                    1
Number of independent variables                                 10
Number of continuous latent variables                            8

Observed dependent variables

  Continuous
   SAD

Observed independent variables
   CMC         MIXED       FAMILY      WEAK_TIE    WEEKEND     N
   CXF         CXW         MXF         MXW

Continuous latent variables
   S1          S2          S3          S4          S5          S6
   S7          S8

Variables with special functions

  Cluster variable      ID

  Within variables
   CMC         MIXED       FAMILY      WEAK_TIE    WEEKEND     CXF
   CXW         MXF         MXW

  Between variables
   N

  Centering (GRANDMEAN)
   N

  Centering (GROUPMEAN)
   CMC         MIXED       FAMILY      WEAK_TIE


Estimator                                                    BAYES
Specifications for Bayesian Estimation
  Point estimate                                            MEDIAN
  Number of Markov chain Monte Carlo (MCMC) chains               2
  Random seed for the first chain                                0
  Starting value information                           UNPERTURBED
  Algorithm used for Markov chain Monte Carlo           GIBBS(PX1)
  Convergence criterion                                  0.500D-01
  Maximum number of iterations                               50000
  K-th iteration used for thinning                               1

Input data file(s)
  analysis4+5_S3.dat
Input data format  FREE


SUMMARY OF DATA

     Number of clusters                        755

       Size (s)    Cluster ID with Size s

          1        10 63 240 311 608 625 740 876 610
          2        404 562 4 271 298 156 806 816 45
          3        352 376 49 396 57 790 485 303 845 545 29
          4        598 93 131 11 666 667 502 369
          5        22 761 571 532 636 5 851 106 58 718 459
          6        52 556 482 61 700 302 880 170 405 600
          7        844 634 26 378 330 238 363 349 173
          8        76 316 592 778 280 413 813 825 162 615 473 856 118 119
                   82
          9        203 164 406 654 796 578 222 680 820 685 178 533 847
                   701 435 234 480 881 888 629 53
         10        20 214 21 663 807 9 424 431 839 846 247 185 728 499
                   189 522 202 770 105
         11        268 390 683 555 558 804 509 630 358 152 887 59 95 195
         12        573 506 310 290 126 537 69 481 618 732 619 341 552 418
                   750 494 766 498 135 650 569 122
         13        55 734 543 467 269 505 39 602 508 768 611 350 510 67
                   265 529 488 723 452 814
         14        277 585 704 705 588 722 423 199 229 826 642 141 525
                   408 605 221 797 322 684 769 472 130 692 177 697
         15        38 80 182 183 536 656 420 74 24 374 609 858 97 772 333
                   784 882 336 564 624 703 589 339
         16        230 706 659 209 201 36 587 83 249 293 254 594 883 749
                   258 469 572
         17        821 565 606 547 440 237 263 321 370 566 346 781
         18        373 752 753 708 865 450 180 13 225 14 416 428 595 317
                   755 678
         19        733 463 262 441 327 66 751 714 620 760 721 817 281 689
                   662 771 251
         20        621 379 717 343 273 669 862 252 304 872 292 738 18 377
                   831 834 163 19
         21        775 501 266 215 92 584 612 236 253 707 551 51 716 518
                   381 94 486 451 99 241 340 835
         22        88 651 68 411 337 210 515 6 366 672 25 246 744 372 715
                   171 50 332
         23        335 644 776 176 607 351 507 306 132 863 133 65 810 444
                   520 758 312 158 200 371 886 458 599 348 429 403
         24        668 633 869 474 270 138 194 483 274 33 193 695 548 437
                   81 243
         25        344 244 421 347 323 426 559 475 295 145 100 233 153
                   815 305 110 276 579 8 497 2 720 124 85
         26        148 287 427 743 850 179 328 216 699 368 278 46 838
         27        446 47 531 319 671 789 90 675 111 726 843 539 682 161
                   419 239 713 445
         28        325 120 307 398 864 491 779 665 554 604 873 356 535
                   495 73 517 385 64 591 681 147
         29        647 487 190 84 754 1 549 837 658 331 155 235 664 345
                   31 223 157 12 777
         30        168 286 871 792 793 204 192 524 676 255 401 42 528 461
                   841 788
         31        434 809 492 28 877 596 228 146 496 315 34 123 432 719
                   41 282
         32        767 542 140 660 855 232 799 87 394 601 780 762
         33        291 727 818 259 729 597 854 261 318 231 382 833 759
                   646 765 866 626 430 577
         34        586 795 490 217 798 686 3 563 391 580 653 54 471 631
                   77 849
         35        117 489 447 465 805 264 275 523 687 32 745 635 188 731
         36        513 560 470 677 115 622 219 694 250 785 296
         37        614 43 417 15 400 289 670 829 260 861 449 107 453
         38        101 448 256 823 89 191 407 830 632 709 353 16 172
         39        860 167 267 380 187 808 37 439 354
         40        557 747 127 739 462 414 388 285 655
         41        748 299 362 691 409 181 198 884 582 800 75 613
         42        623 848 425 384 220 791 511 698 812 257
         43        367 227 272 712 479 567 484
         44        245 143 360 648 412 72 357 218
         45        436 129 393 208 570 248
         46        154 399 114
         47        546 128 300 159 109 819 783 679 213 836 628 102
         48        338 757 637 142 415 454 763
         49        165 794 746 137 643 62 386
         50        375 645 774 640
         51        561 652 308 125 355 853
         52        324 827 657 301
         53        842 27
         54        782 568 71 521
         55        174 500 730 226 553
         56        840 603 519
         58        151 639 103 514 98
         59        212 803 402 627
         60        690 283 313
         61        364
         62        534 476
         64        443
         67        674
         68        186
         69        801
         73        824
         74        530
         75        764
         78        711
         80        40



COVARIANCE COVERAGE OF DATA

Minimum covariance coverage value   0.100

     Number of missing data patterns             1


     PROPORTION OF DATA PRESENT


           Covariance Coverage
              SAD           CMC           MIXED         FAMILY        WEAK_TIE
              ________      ________      ________      ________      ________
 SAD            1.000
 CMC            1.000         1.000
 MIXED          1.000         1.000         1.000
 FAMILY         1.000         1.000         1.000         1.000
 WEAK_TIE       1.000         1.000         1.000         1.000         1.000
 WEEKEND        1.000         1.000         1.000         1.000         1.000
 CXF            1.000         1.000         1.000         1.000         1.000
 CXW            1.000         1.000         1.000         1.000         1.000
 MXF            1.000         1.000         1.000         1.000         1.000
 MXW            1.000         1.000         1.000         1.000         1.000
 N              1.000         1.000         1.000         1.000         1.000


           Covariance Coverage
              WEEKEND       CXF           CXW           MXF           MXW
              ________      ________      ________      ________      ________
 WEEKEND        1.000
 CXF            1.000         1.000
 CXW            1.000         1.000         1.000
 MXF            1.000         1.000         1.000         1.000
 MXW            1.000         1.000         1.000         1.000         1.000
 N              1.000         1.000         1.000         1.000         1.000


           Covariance Coverage
              N
              ________
 N              1.000



UNIVARIATE SAMPLE STATISTICS


     UNIVARIATE HIGHER-ORDER MOMENT DESCRIPTIVE STATISTICS

         Variable/         Mean/     Skewness/   Minimum/ % with                Percentiles
        Sample Size      Variance    Kurtosis    Maximum  Min/Max      20%/60%    40%/80%    Median

     SAD                   1.457       1.643       1.000   66.52%       1.000      1.000      1.000
           19329.000       0.543       2.183       4.000    2.59%       1.000      2.000
     CMC                   0.000       0.669      -0.952    0.01%      -0.294     -0.143     -0.091
           19329.000       0.154      -0.305       0.982    0.01%      -0.037      0.409
     MIXED                 0.000       1.498      -0.891    0.03%      -0.151     -0.057     -0.034
           19329.000       0.086       2.754       0.983    0.01%       0.000      0.000
     FAMILY                0.000       0.723      -0.983    0.01%      -0.214     -0.053     -0.025
           19329.000       0.111       1.001       0.983    0.01%       0.000      0.162
     WEAK_TIES             0.000       1.608      -0.929    0.01%      -0.167     -0.077     -0.051
           19329.000       0.095       2.394       0.984    0.01%      -0.025      0.000
     WEEKEND               0.298       0.882       0.000   70.18%       0.000      0.000      0.000
           19329.000       0.209      -1.221       1.000   29.82%       0.000      1.000
     CXF                  -0.038      -0.475      -0.964    0.01%      -0.093     -0.004      0.000
           19329.000       0.024       7.296       0.937    0.01%       0.000      0.015
     CXW                   0.037       2.316      -0.804    0.02%      -0.003      0.000      0.004
           19329.000       0.025       8.912       0.964    0.01%       0.010      0.050
     MXF                  -0.004       0.893      -0.875    0.01%       0.000      0.000      0.000
           19329.000       0.005      42.590       0.958    0.01%       0.000      0.009
     MXW                  -0.005       0.171      -0.794    0.01%       0.000      0.000      0.000
           19329.000       0.004      42.373       0.824    0.01%       0.000      0.008
     N                     0.000      -0.063      -2.095    0.13%      -0.679     -0.179     -0.012
             755.000       0.637      -0.440       1.821    0.26%       0.238      0.738


THE MODEL ESTIMATION TERMINATED NORMALLY

     USE THE FBITERATIONS OPTION TO INCREASE THE NUMBER OF ITERATIONS BY A FACTOR
     OF AT LEAST TWO TO CHECK CONVERGENCE AND THAT THE PSR VALUE DOES NOT INCREASE.



MODEL FIT INFORMATION

Number of Free Parameters                              65

Information Criteria

          Deviance (DIC)                        34570.712
          Estimated Number of Parameters (pD)    1390.356



MODEL RESULTS

                                Posterior  One-Tailed         95% C.I.
                    Estimate       S.D.      P-Value   Lower 2.5%  Upper 2.5%  Significance

Within Level

 SAD        ON
    WEEKEND           -0.052       0.010      0.000      -0.070      -0.033      *

 Residual Variances
    SAD                0.326       0.004      0.000       0.319       0.333      *

Between Level

 S1         ON
    N                  0.035       0.019      0.037      -0.003       0.072

 S2         ON
    N                 -0.003       0.026      0.453      -0.054       0.049

 S3         ON
    N                  0.031       0.025      0.104      -0.018       0.080

 S4         ON
    N                  0.023       0.027      0.195      -0.029       0.076

 S5         ON
    N                 -0.011       0.056      0.426      -0.119       0.101

 S6         ON
    N                 -0.073       0.052      0.083      -0.177       0.028

 S7         ON
    N                  0.003       0.113      0.491      -0.229       0.212

 S8         ON
    N                  0.011       0.117      0.459      -0.231       0.235

 SAD        ON
    N                  0.220       0.021      0.000       0.180       0.261      *

 SAD      WITH
    S1                 0.048       0.008      0.000       0.034       0.064      *
    S2                 0.014       0.009      0.059      -0.004       0.031
    S3                 0.025       0.009      0.003       0.007       0.043      *
    S4                -0.003       0.010      0.394      -0.022       0.017
    S5                -0.028       0.021      0.096      -0.067       0.013
    S6                -0.027       0.020      0.087      -0.068       0.013
    S7                 0.024       0.037      0.267      -0.046       0.097
    S8                 0.003       0.040      0.475      -0.075       0.081

 S1       WITH
    S2                 0.013       0.007      0.025       0.000       0.028
    S3                 0.002       0.007      0.385      -0.012       0.016
    S4                -0.013       0.008      0.051      -0.029       0.003
    S5                 0.018       0.014      0.087      -0.009       0.045
    S6                -0.012       0.015      0.188      -0.042       0.015
    S7                 0.045       0.025      0.023       0.001       0.098      *
    S8                -0.035       0.024      0.072      -0.082       0.011

 S2       WITH
    S3                -0.011       0.009      0.102      -0.030       0.006
    S4                -0.007       0.010      0.217      -0.026       0.012
    S5                 0.005       0.018      0.395      -0.031       0.040
    S6                -0.008       0.017      0.328      -0.041       0.027
    S7                 0.023       0.029      0.212      -0.033       0.080
    S8                -0.017       0.030      0.283      -0.076       0.044

 S3       WITH
    S4                 0.022       0.010      0.007       0.004       0.044      *
    S5                -0.033       0.018      0.035      -0.066       0.002
    S6                -0.023       0.019      0.113      -0.062       0.014
    S7                 0.003       0.032      0.458      -0.055       0.070
    S8                 0.036       0.040      0.195      -0.043       0.113

 S4       WITH
    S5                -0.031       0.022      0.065      -0.079       0.010
    S6                -0.056       0.022      0.001      -0.105      -0.017      *
    S7                -0.002       0.033      0.474      -0.065       0.064
    S8                 0.010       0.039      0.400      -0.061       0.090

 S5       WITH
    S6                 0.078       0.041      0.023       0.001       0.162      *
    S7                 0.080       0.059      0.062      -0.020       0.210
    S8                -0.076       0.068      0.136      -0.200       0.067

 S6       WITH
    S7                -0.024       0.059      0.340      -0.136       0.099
    S8                 0.049       0.072      0.265      -0.087       0.191

 S7       WITH
    S8                -0.161       0.104      0.049      -0.375       0.026

 Intercepts
    SAD                1.494       0.017      0.000       1.461       1.527      *
    S1                 0.126       0.015      0.000       0.095       0.157      *
    S2                 0.028       0.020      0.082      -0.013       0.066
    S3                 0.064       0.019      0.001       0.025       0.101      *
    S4                -0.033       0.022      0.063      -0.077       0.009
    S5                -0.054       0.044      0.111      -0.144       0.032
    S6                -0.074       0.044      0.040      -0.162       0.010
    S7                -0.085       0.089      0.185      -0.253       0.097
    S8                 0.073       0.103      0.239      -0.133       0.267

 Residual Variances
    SAD                0.178       0.011      0.000       0.158       0.201      *
    S1                 0.035       0.008      0.000       0.020       0.052      *
    S2                 0.036       0.010      0.000       0.019       0.059      *
    S3                 0.063       0.011      0.000       0.043       0.087      *
    S4                 0.053       0.013      0.000       0.030       0.082      *
    S5                 0.196       0.051      0.000       0.111       0.309      *
    S6                 0.158       0.053      0.000       0.069       0.276      *
    S7                 0.375       0.128      0.000       0.189       0.686      *
    S8                 0.398       0.145      0.000       0.199       0.768      *


STANDARDIZED MODEL RESULTS


STDYX Standardization

                                Posterior  One-Tailed         95% C.I.
                    Estimate       S.D.      P-Value   Lower 2.5%  Upper 2.5%  Significance

Within-Level Standardized Estimates Averaged Over Clusters

 S1 | SAD ON
    CMC                0.080       0.007      0.000       0.067       0.094      *

 S2 | SAD ON
    MIXED              0.012       0.005      0.011       0.002       0.023      *

 S3 | SAD ON
    FAMILY             0.030       0.007      0.000       0.016       0.045      *

 S4 | SAD ON
    WEAK_TIES         -0.015       0.009      0.058      -0.031       0.004

 S5 | SAD ON
    CXF               -0.008       0.006      0.074      -0.022       0.003

 S6 | SAD ON
    CXW               -0.013       0.008      0.040      -0.030       0.002

 S7 | SAD ON
    MXF               -0.005       0.004      0.121      -0.013       0.004

 S8 | SAD ON
    MXW                0.005       0.004      0.094      -0.003       0.014

 SAD        ON
    WEEKEND           -0.036       0.007      0.000      -0.050      -0.024      *

 Residual Variances
    SAD                0.935       0.004      0.000       0.927       0.942      *

Between Level

 S1         ON
    N                  0.106       0.060      0.037      -0.010       0.224

 S2         ON
    N                 -0.009       0.078      0.453      -0.165       0.140

 S3         ON
    N                  0.069       0.056      0.104      -0.040       0.180

 S4         ON
    N                  0.057       0.066      0.195      -0.070       0.188

 S5         ON
    N                 -0.013       0.073      0.426      -0.156       0.130

 S6         ON
    N                 -0.104       0.080      0.083      -0.278       0.040

 S7         ON
    N                  0.003       0.105      0.491      -0.198       0.210

 S8         ON
    N                  0.010       0.103      0.459      -0.195       0.207

 SAD        ON
    N                  0.284       0.025      0.000       0.233       0.332      *

 SAD      WITH
    S1                 0.621       0.085      0.000       0.456       0.786      *
    S2                 0.170       0.109      0.059      -0.046       0.384
    S3                 0.236       0.085      0.003       0.065       0.395      *
    S4                -0.028       0.104      0.394      -0.231       0.175
    S5                -0.151       0.112      0.096      -0.359       0.072
    S6                -0.162       0.123      0.087      -0.413       0.075
    S7                 0.096       0.141      0.267      -0.192       0.349
    S8                 0.010       0.145      0.475      -0.276       0.294

 S1       WITH
    S2                 0.382       0.171      0.025      -0.001       0.677
    S3                 0.043       0.150      0.385      -0.276       0.314
    S4                -0.314       0.166      0.051      -0.585       0.069
    S5                 0.225       0.158      0.087      -0.119       0.509
    S6                -0.172       0.195      0.188      -0.574       0.202
    S7                 0.398       0.203      0.023       0.008       0.781      *
    S8                -0.310       0.188      0.072      -0.616       0.099

 S2       WITH
    S3                -0.239       0.186      0.102      -0.609       0.114
    S4                -0.171       0.217      0.217      -0.607       0.263
    S5                 0.056       0.212      0.395      -0.361       0.469
    S6                -0.108       0.233      0.328      -0.530       0.366
    S7                 0.209       0.234      0.212      -0.288       0.611
    S8                -0.144       0.248      0.283      -0.584       0.357

 S3       WITH
    S4                 0.387       0.147      0.007       0.073       0.643      *
    S5                -0.302       0.156      0.035      -0.586       0.021
    S6                -0.234       0.187      0.113      -0.577       0.167
    S7                 0.022       0.202      0.458      -0.391       0.396
    S8                 0.233       0.246      0.195      -0.300       0.662

 S4       WITH
    S5                -0.308       0.206      0.065      -0.721       0.106
    S6                -0.630       0.150      0.001      -0.849      -0.244      *
    S7                -0.016       0.222      0.474      -0.450       0.395
    S8                 0.074       0.258      0.400      -0.410       0.566

 S5       WITH
    S6                 0.452       0.192      0.023       0.010       0.754      *
    S7                 0.303       0.195      0.062      -0.080       0.664
    S8                -0.281       0.236      0.136      -0.680       0.229

 S6       WITH
    S7                -0.103       0.238      0.340      -0.495       0.428
    S8                 0.198       0.273      0.265      -0.398       0.624

 S7       WITH
    S8                -0.439       0.246      0.049      -0.867       0.070

 Intercepts
    SAD                3.391       0.105      0.000       3.187       3.601      *
    S1                 0.673       0.124      0.000       0.470       0.957      *
    S2                 0.147       0.108      0.082      -0.067       0.361
    S3                 0.254       0.082      0.001       0.098       0.418      *
    S4                -0.145       0.096      0.063      -0.338       0.040
    S5                -0.122       0.103      0.111      -0.330       0.072
    S6                -0.186       0.118      0.040      -0.448       0.024
    S7                -0.138       0.150      0.185      -0.425       0.163
    S8                 0.114       0.169      0.239      -0.225       0.447

 Residual Variances
    SAD                0.920       0.014      0.000       0.890       0.946      *
    S1                 0.989       0.014      0.000       0.950       1.000      *
    S2                 0.997       0.009      0.000       0.970       1.000      *
    S3                 0.995       0.009      0.000       0.968       1.000      *
    S4                 0.996       0.010      0.000       0.965       1.000      *
    S5                 0.998       0.008      0.000       0.972       1.000      *
    S6                 0.989       0.021      0.000       0.923       1.000      *
    S7                 0.995       0.016      0.000       0.944       1.000      *
    S8                 0.995       0.015      0.000       0.947       1.000      *


STDY Standardization

                                Posterior  One-Tailed         95% C.I.
                    Estimate       S.D.      P-Value   Lower 2.5%  Upper 2.5%  Significance

Within-Level Standardized Estimates Averaged Over Clusters

 S1 | SAD ON
    CMC                0.219       0.019      0.000       0.181       0.256      *

 S2 | SAD ON
    MIXED              0.051       0.029      0.032      -0.004       0.111

 S3 | SAD ON
    FAMILY             0.108       0.028      0.000       0.053       0.162      *

 S4 | SAD ON
    WEAK_TIES         -0.062       0.035      0.060      -0.124       0.011

 S5 | SAD ON
    CXF               -0.086       0.062      0.072      -0.220       0.025

 S6 | SAD ON
    CXW               -0.111       0.070      0.035      -0.261       0.012

 S7 | SAD ON
    MXF               -0.158       0.128      0.104      -0.402       0.107

 S8 | SAD ON
    MXW                0.182       0.138      0.068      -0.069       0.457

 SAD        ON
    WEEKEND           -0.086       0.016      0.000      -0.117      -0.057      *

 Residual Variances
    SAD                0.935       0.004      0.000       0.927       0.942      *

Between Level

 S1         ON
    N                  0.187       0.106      0.037      -0.018       0.395

 S2         ON
    N                 -0.015       0.137      0.453      -0.291       0.247

 S3         ON
    N                  0.122       0.099      0.104      -0.071       0.318

 S4         ON
    N                  0.100       0.116      0.195      -0.124       0.332

 S5         ON
    N                 -0.024       0.128      0.426      -0.276       0.229

 S6         ON
    N                 -0.183       0.140      0.083      -0.490       0.070

 S7         ON
    N                  0.005       0.185      0.491      -0.350       0.370

 S8         ON
    N                  0.018       0.182      0.459      -0.344       0.366

 SAD        ON
    N                  0.501       0.045      0.000       0.412       0.586      *

 SAD      WITH
    S1                 0.621       0.085      0.000       0.456       0.786      *
    S2                 0.170       0.109      0.059      -0.046       0.384
    S3                 0.236       0.085      0.003       0.065       0.395      *
    S4                -0.028       0.104      0.394      -0.231       0.175
    S5                -0.151       0.112      0.096      -0.359       0.072
    S6                -0.162       0.123      0.087      -0.413       0.075
    S7                 0.096       0.141      0.267      -0.192       0.349
    S8                 0.010       0.145      0.475      -0.276       0.294

 S1       WITH
    S2                 0.382       0.171      0.025      -0.001       0.677
    S3                 0.043       0.150      0.385      -0.276       0.314
    S4                -0.314       0.166      0.051      -0.585       0.069
    S5                 0.225       0.158      0.087      -0.119       0.509
    S6                -0.172       0.195      0.188      -0.574       0.202
    S7                 0.398       0.203      0.023       0.008       0.781      *
    S8                -0.310       0.188      0.072      -0.616       0.099

 S2       WITH
    S3                -0.239       0.186      0.102      -0.609       0.114
    S4                -0.171       0.217      0.217      -0.607       0.263
    S5                 0.056       0.212      0.395      -0.361       0.469
    S6                -0.108       0.233      0.328      -0.530       0.366
    S7                 0.209       0.234      0.212      -0.288       0.611
    S8                -0.144       0.248      0.283      -0.584       0.357

 S3       WITH
    S4                 0.387       0.147      0.007       0.073       0.643      *
    S5                -0.302       0.156      0.035      -0.586       0.021
    S6                -0.234       0.187      0.113      -0.577       0.167
    S7                 0.022       0.202      0.458      -0.391       0.396
    S8                 0.233       0.246      0.195      -0.300       0.662

 S4       WITH
    S5                -0.308       0.206      0.065      -0.721       0.106
    S6                -0.630       0.150      0.001      -0.849      -0.244      *
    S7                -0.016       0.222      0.474      -0.450       0.395
    S8                 0.074       0.258      0.400      -0.410       0.566

 S5       WITH
    S6                 0.452       0.192      0.023       0.010       0.754      *
    S7                 0.303       0.195      0.062      -0.080       0.664
    S8                -0.281       0.236      0.136      -0.680       0.229

 S6       WITH
    S7                -0.103       0.238      0.340      -0.495       0.428
    S8                 0.198       0.273      0.265      -0.398       0.624

 S7       WITH
    S8                -0.439       0.246      0.049      -0.867       0.070

 Intercepts
    SAD                3.391       0.105      0.000       3.187       3.601      *
    S1                 0.673       0.124      0.000       0.470       0.957      *
    S2                 0.147       0.108      0.082      -0.067       0.361
    S3                 0.254       0.082      0.001       0.098       0.418      *
    S4                -0.145       0.096      0.063      -0.338       0.040
    S5                -0.122       0.103      0.111      -0.330       0.072
    S6                -0.186       0.118      0.040      -0.448       0.024
    S7                -0.138       0.150      0.185      -0.425       0.163
    S8                 0.114       0.169      0.239      -0.225       0.447

 Residual Variances
    SAD                0.920       0.014      0.000       0.890       0.946      *
    S1                 0.989       0.014      0.000       0.950       1.000      *
    S2                 0.997       0.009      0.000       0.970       1.000      *
    S3                 0.995       0.009      0.000       0.968       1.000      *
    S4                 0.996       0.010      0.000       0.965       1.000      *
    S5                 0.998       0.008      0.000       0.972       1.000      *
    S6                 0.989       0.021      0.000       0.923       1.000      *
    S7                 0.995       0.016      0.000       0.944       1.000      *
    S8                 0.995       0.015      0.000       0.947       1.000      *


R-SQUARE

Within-Level R-Square Averaged Across Clusters

                                Posterior  One-Tailed         95% C.I.
    Variable        Estimate       S.D.      P-Value   Lower 2.5%  Upper 2.5%

    SAD                0.065       0.004      0.000       0.058       0.073

Between Level

                                Posterior  One-Tailed         95% C.I.
    Variable        Estimate       S.D.      P-Value   Lower 2.5%  Upper 2.5%

    SAD                0.080       0.014      0.000       0.054       0.110

                                Posterior  One-Tailed         95% C.I.
    Variable        Estimate       S.D.      P-Value   Lower 2.5%  Upper 2.5%

    S1                 0.011       0.014      0.000       0.000       0.050
    S2                 0.003       0.009      0.000       0.000       0.030
    S3                 0.005       0.009      0.000       0.000       0.032
    S4                 0.004       0.010      0.000       0.000       0.035
    S5                 0.002       0.008      0.000       0.000       0.028
    S6                 0.011       0.021      0.000       0.000       0.077
    S7                 0.005       0.016      0.000       0.000       0.056
    S8                 0.005       0.015      0.000       0.000       0.053


TECHNICAL 1 OUTPUT


     PARAMETER SPECIFICATION FOR WITHIN


           NU
              SAD           CMC           MIXED         FAMILY        WEAK_TIE
              ________      ________      ________      ________      ________
                    0             0             0             0             0


           NU
              WEEKEND       CXF           CXW           MXF           MXW
              ________      ________      ________      ________      ________
                    0             0             0             0             0


           LAMBDA
              SAD           CMC           MIXED         FAMILY        WEAK_TIE
              ________      ________      ________      ________      ________
 SAD                0             0             0             0             0
 CMC                0             0             0             0             0
 MIXED              0             0             0             0             0
 FAMILY             0             0             0             0             0
 WEAK_TIE           0             0             0             0             0
 WEEKEND            0             0             0             0             0
 CXF                0             0             0             0             0
 CXW                0             0             0             0             0
 MXF                0             0             0             0             0
 MXW                0             0             0             0             0


           LAMBDA
              WEEKEND       CXF           CXW           MXF           MXW
              ________      ________      ________      ________      ________
 SAD                0             0             0             0             0
 CMC                0             0             0             0             0
 MIXED              0             0             0             0             0
 FAMILY             0             0             0             0             0
 WEAK_TIE           0             0             0             0             0
 WEEKEND            0             0             0             0             0
 CXF                0             0             0             0             0
 CXW                0             0             0             0             0
 MXF                0             0             0             0             0
 MXW                0             0             0             0             0


           THETA
              SAD           CMC           MIXED         FAMILY        WEAK_TIE
              ________      ________      ________      ________      ________
 SAD                0
 CMC                0             0
 MIXED              0             0             0
 FAMILY             0             0             0             0
 WEAK_TIE           0             0             0             0             0
 WEEKEND            0             0             0             0             0
 CXF                0             0             0             0             0
 CXW                0             0             0             0             0
 MXF                0             0             0             0             0
 MXW                0             0             0             0             0


           THETA
              WEEKEND       CXF           CXW           MXF           MXW
              ________      ________      ________      ________      ________
 WEEKEND            0
 CXF                0             0
 CXW                0             0             0
 MXF                0             0             0             0
 MXW                0             0             0             0             0


           ALPHA
              SAD           CMC           MIXED         FAMILY        WEAK_TIE
              ________      ________      ________      ________      ________
                    0             0             0             0             0


           ALPHA
              WEEKEND       CXF           CXW           MXF           MXW
              ________      ________      ________      ________      ________
                    0             0             0             0             0


           BETA
              SAD           CMC           MIXED         FAMILY        WEAK_TIE
              ________      ________      ________      ________      ________
 SAD                0             0             0             0             0
 CMC                0             0             0             0             0
 MIXED              0             0             0             0             0
 FAMILY             0             0             0             0             0
 WEAK_TIE           0             0             0             0             0
 WEEKEND            0             0             0             0             0
 CXF                0             0             0             0             0
 CXW                0             0             0             0             0
 MXF                0             0             0             0             0
 MXW                0             0             0             0             0


           BETA
              WEEKEND       CXF           CXW           MXF           MXW
              ________      ________      ________      ________      ________
 SAD                1             0             0             0             0
 CMC                0             0             0             0             0
 MIXED              0             0             0             0             0
 FAMILY             0             0             0             0             0
 WEAK_TIE           0             0             0             0             0
 WEEKEND            0             0             0             0             0
 CXF                0             0             0             0             0
 CXW                0             0             0             0             0
 MXF                0             0             0             0             0
 MXW                0             0             0             0             0


           PSI
              SAD           CMC           MIXED         FAMILY        WEAK_TIE
              ________      ________      ________      ________      ________
 SAD                2
 CMC                0             0
 MIXED              0             0             0
 FAMILY             0             0             0             0
 WEAK_TIE           0             0             0             0             0
 WEEKEND            0             0             0             0             0
 CXF                0             0             0             0             0
 CXW                0             0             0             0             0
 MXF                0             0             0             0             0
 MXW                0             0             0             0             0


           PSI
              WEEKEND       CXF           CXW           MXF           MXW
              ________      ________      ________      ________      ________
 WEEKEND            0
 CXF                0             0
 CXW                0             0             0
 MXF                0             0             0             0
 MXW                0             0             0             0             0


     PARAMETER SPECIFICATION FOR BETWEEN


           NU
              SAD           N
              ________      ________
                    0             0


           LAMBDA
              S1            S2            S3            S4            S5
              ________      ________      ________      ________      ________
 SAD                0             0             0             0             0
 N                  0             0             0             0             0


           LAMBDA
              S6            S7            S8            SAD           N
              ________      ________      ________      ________      ________
 SAD                0             0             0             0             0
 N                  0             0             0             0             0


           THETA
              SAD           N
              ________      ________
 SAD                0
 N                  0             0


           ALPHA
              S1            S2            S3            S4            S5
              ________      ________      ________      ________      ________
                    3             4             5             6             7


           ALPHA
              S6            S7            S8            SAD           N
              ________      ________      ________      ________      ________
                    8             9            10            11             0


           BETA
              S1            S2            S3            S4            S5
              ________      ________      ________      ________      ________
 S1                 0             0             0             0             0
 S2                 0             0             0             0             0
 S3                 0             0             0             0             0
 S4                 0             0             0             0             0
 S5                 0             0             0             0             0
 S6                 0             0             0             0             0
 S7                 0             0             0             0             0
 S8                 0             0             0             0             0
 SAD                0             0             0             0             0
 N                  0             0             0             0             0


           BETA
              S6            S7            S8            SAD           N
              ________      ________      ________      ________      ________
 S1                 0             0             0             0            12
 S2                 0             0             0             0            13
 S3                 0             0             0             0            14
 S4                 0             0             0             0            15
 S5                 0             0             0             0            16
 S6                 0             0             0             0            17
 S7                 0             0             0             0            18
 S8                 0             0             0             0            19
 SAD                0             0             0             0            20
 N                  0             0             0             0             0


           PSI
              S1            S2            S3            S4            S5
              ________      ________      ________      ________      ________
 S1                21
 S2                22            23
 S3                24            25            26
 S4                27            28            29            30
 S5                31            32            33            34            35
 S6                36            37            38            39            40
 S7                42            43            44            45            46
 S8                49            50            51            52            53
 SAD               57            58            59            60            61
 N                  0             0             0             0             0


           PSI
              S6            S7            S8            SAD           N
              ________      ________      ________      ________      ________
 S6                41
 S7                47            48
 S8                54            55            56
 SAD               62            63            64            65
 N                  0             0             0             0             0


     STARTING VALUES FOR WITHIN


           NU
              SAD           CMC           MIXED         FAMILY        WEAK_TIE
              ________      ________      ________      ________      ________
                0.000         0.000         0.000         0.000         0.000


           NU
              WEEKEND       CXF           CXW           MXF           MXW
              ________      ________      ________      ________      ________
                0.000         0.000         0.000         0.000         0.000


           LAMBDA
              SAD           CMC           MIXED         FAMILY        WEAK_TIE
              ________      ________      ________      ________      ________
 SAD            1.000         0.000         0.000         0.000         0.000
 CMC            0.000         1.000         0.000         0.000         0.000
 MIXED          0.000         0.000         1.000         0.000         0.000
 FAMILY         0.000         0.000         0.000         1.000         0.000
 WEAK_TIE       0.000         0.000         0.000         0.000         1.000
 WEEKEND        0.000         0.000         0.000         0.000         0.000
 CXF            0.000         0.000         0.000         0.000         0.000
 CXW            0.000         0.000         0.000         0.000         0.000
 MXF            0.000         0.000         0.000         0.000         0.000
 MXW            0.000         0.000         0.000         0.000         0.000


           LAMBDA
              WEEKEND       CXF           CXW           MXF           MXW
              ________      ________      ________      ________      ________
 SAD            0.000         0.000         0.000         0.000         0.000
 CMC            0.000         0.000         0.000         0.000         0.000
 MIXED          0.000         0.000         0.000         0.000         0.000
 FAMILY         0.000         0.000         0.000         0.000         0.000
 WEAK_TIE       0.000         0.000         0.000         0.000         0.000
 WEEKEND        1.000         0.000         0.000         0.000         0.000
 CXF            0.000         1.000         0.000         0.000         0.000
 CXW            0.000         0.000         1.000         0.000         0.000
 MXF            0.000         0.000         0.000         1.000         0.000
 MXW            0.000         0.000         0.000         0.000         1.000


           THETA
              SAD           CMC           MIXED         FAMILY        WEAK_TIE
              ________      ________      ________      ________      ________
 SAD            0.000
 CMC            0.000         0.000
 MIXED          0.000         0.000         0.000
 FAMILY         0.000         0.000         0.000         0.000
 WEAK_TIE       0.000         0.000         0.000         0.000         0.000
 WEEKEND        0.000         0.000         0.000         0.000         0.000
 CXF            0.000         0.000         0.000         0.000         0.000
 CXW            0.000         0.000         0.000         0.000         0.000
 MXF            0.000         0.000         0.000         0.000         0.000
 MXW            0.000         0.000         0.000         0.000         0.000


           THETA
              WEEKEND       CXF           CXW           MXF           MXW
              ________      ________      ________      ________      ________
 WEEKEND        0.000
 CXF            0.000         0.000
 CXW            0.000         0.000         0.000
 MXF            0.000         0.000         0.000         0.000
 MXW            0.000         0.000         0.000         0.000         0.000


           ALPHA
              SAD           CMC           MIXED         FAMILY        WEAK_TIE
              ________      ________      ________      ________      ________
                0.000         0.000         0.000         0.000         0.000


           ALPHA
              WEEKEND       CXF           CXW           MXF           MXW
              ________      ________      ________      ________      ________
                0.000         0.000         0.000         0.000         0.000


           BETA
              SAD           CMC           MIXED         FAMILY        WEAK_TIE
              ________      ________      ________      ________      ________
 SAD            0.000         0.000         0.000         0.000         0.000
 CMC            0.000         0.000         0.000         0.000         0.000
 MIXED          0.000         0.000         0.000         0.000         0.000
 FAMILY         0.000         0.000         0.000         0.000         0.000
 WEAK_TIE       0.000         0.000         0.000         0.000         0.000
 WEEKEND        0.000         0.000         0.000         0.000         0.000
 CXF            0.000         0.000         0.000         0.000         0.000
 CXW            0.000         0.000         0.000         0.000         0.000
 MXF            0.000         0.000         0.000         0.000         0.000
 MXW            0.000         0.000         0.000         0.000         0.000


           BETA
              WEEKEND       CXF           CXW           MXF           MXW
              ________      ________      ________      ________      ________
 SAD            0.000         0.000         0.000         0.000         0.000
 CMC            0.000         0.000         0.000         0.000         0.000
 MIXED          0.000         0.000         0.000         0.000         0.000
 FAMILY         0.000         0.000         0.000         0.000         0.000
 WEAK_TIE       0.000         0.000         0.000         0.000         0.000
 WEEKEND        0.000         0.000         0.000         0.000         0.000
 CXF            0.000         0.000         0.000         0.000         0.000
 CXW            0.000         0.000         0.000         0.000         0.000
 MXF            0.000         0.000         0.000         0.000         0.000
 MXW            0.000         0.000         0.000         0.000         0.000


           PSI
              SAD           CMC           MIXED         FAMILY        WEAK_TIE
              ________      ________      ________      ________      ________
 SAD            0.272
 CMC            0.000         0.077
 MIXED          0.000         0.000         0.043
 FAMILY         0.000         0.000         0.000         0.055
 WEAK_TIE       0.000         0.000         0.000         0.000         0.047
 WEEKEND        0.000         0.000         0.000         0.000         0.000
 CXF            0.000         0.000         0.000         0.000         0.000
 CXW            0.000         0.000         0.000         0.000         0.000
 MXF            0.000         0.000         0.000         0.000         0.000
 MXW            0.000         0.000         0.000         0.000         0.000


           PSI
              WEEKEND       CXF           CXW           MXF           MXW
              ________      ________      ________      ________      ________
 WEEKEND        0.105
 CXF            0.000         0.012
 CXW            0.000         0.000         0.013
 MXF            0.000         0.000         0.000         0.003
 MXW            0.000         0.000         0.000         0.000         0.002


     STARTING VALUES FOR BETWEEN


           NU
              SAD           N
              ________      ________
                0.000         0.000


           LAMBDA
              S1            S2            S3            S4            S5
              ________      ________      ________      ________      ________
 SAD            0.000         0.000         0.000         0.000         0.000
 N              0.000         0.000         0.000         0.000         0.000


           LAMBDA
              S6            S7            S8            SAD           N
              ________      ________      ________      ________      ________
 SAD            0.000         0.000         0.000         1.000         0.000
 N              0.000         0.000         0.000         0.000         1.000


           THETA
              SAD           N
              ________      ________
 SAD            0.000
 N              0.000         0.000


           ALPHA
              S1            S2            S3            S4            S5
              ________      ________      ________      ________      ________
                0.000         0.000         0.000         0.000         0.000


           ALPHA
              S6            S7            S8            SAD           N
              ________      ________      ________      ________      ________
                0.000         0.000         0.000         1.457         0.000


           BETA
              S1            S2            S3            S4            S5
              ________      ________      ________      ________      ________
 S1             0.000         0.000         0.000         0.000         0.000
 S2             0.000         0.000         0.000         0.000         0.000
 S3             0.000         0.000         0.000         0.000         0.000
 S4             0.000         0.000         0.000         0.000         0.000
 S5             0.000         0.000         0.000         0.000         0.000
 S6             0.000         0.000         0.000         0.000         0.000
 S7             0.000         0.000         0.000         0.000         0.000
 S8             0.000         0.000         0.000         0.000         0.000
 SAD            0.000         0.000         0.000         0.000         0.000
 N              0.000         0.000         0.000         0.000         0.000


           BETA
              S6            S7            S8            SAD           N
              ________      ________      ________      ________      ________
 S1             0.000         0.000         0.000         0.000         0.000
 S2             0.000         0.000         0.000         0.000         0.000
 S3             0.000         0.000         0.000         0.000         0.000
 S4             0.000         0.000         0.000         0.000         0.000
 S5             0.000         0.000         0.000         0.000         0.000
 S6             0.000         0.000         0.000         0.000         0.000
 S7             0.000         0.000         0.000         0.000         0.000
 S8             0.000         0.000         0.000         0.000         0.000
 SAD            0.000         0.000         0.000         0.000         0.000
 N              0.000         0.000         0.000         0.000         0.000


           PSI
              S1            S2            S3            S4            S5
              ________      ________      ________      ________      ________
 S1             1.000
 S2             0.000         1.000
 S3             0.000         0.000         1.000
 S4             0.000         0.000         0.000         1.000
 S5             0.000         0.000         0.000         0.000         1.000
 S6             0.000         0.000         0.000         0.000         0.000
 S7             0.000         0.000         0.000         0.000         0.000
 S8             0.000         0.000         0.000         0.000         0.000
 SAD            0.000         0.000         0.000         0.000         0.000
 N              0.000         0.000         0.000         0.000         0.000


           PSI
              S6            S7            S8            SAD           N
              ________      ________      ________      ________      ________
 S6             1.000
 S7             0.000         1.000
 S8             0.000         0.000         1.000
 SAD            0.000         0.000         0.000         0.272
 N              0.000         0.000         0.000         0.000         0.321



     PRIORS FOR ALL PARAMETERS            PRIOR MEAN      PRIOR VARIANCE     PRIOR STD. DEV.

     Parameter 1~N(0.000,infinity)           0.0000            infinity            infinity
     Parameter 2~IG(-1.000,0.000)          infinity            infinity            infinity
     Parameter 3~N(0.000,infinity)           0.0000            infinity            infinity
     Parameter 4~N(0.000,infinity)           0.0000            infinity            infinity
     Parameter 5~N(0.000,infinity)           0.0000            infinity            infinity
     Parameter 6~N(0.000,infinity)           0.0000            infinity            infinity
     Parameter 7~N(0.000,infinity)           0.0000            infinity            infinity
     Parameter 8~N(0.000,infinity)           0.0000            infinity            infinity
     Parameter 9~N(0.000,infinity)           0.0000            infinity            infinity
     Parameter 10~N(0.000,infinity)          0.0000            infinity            infinity
     Parameter 11~N(0.000,infinity)          0.0000            infinity            infinity
     Parameter 12~N(0.000,infinity)          0.0000            infinity            infinity
     Parameter 13~N(0.000,infinity)          0.0000            infinity            infinity
     Parameter 14~N(0.000,infinity)          0.0000            infinity            infinity
     Parameter 15~N(0.000,infinity)          0.0000            infinity            infinity
     Parameter 16~N(0.000,infinity)          0.0000            infinity            infinity
     Parameter 17~N(0.000,infinity)          0.0000            infinity            infinity
     Parameter 18~N(0.000,infinity)          0.0000            infinity            infinity
     Parameter 19~N(0.000,infinity)          0.0000            infinity            infinity
     Parameter 20~N(0.000,infinity)          0.0000            infinity            infinity
     Parameter 21~IW(0.000,-10)            infinity            infinity            infinity
     Parameter 22~IW(0.000,-10)            infinity            infinity            infinity
     Parameter 23~IW(0.000,-10)            infinity            infinity            infinity
     Parameter 24~IW(0.000,-10)            infinity            infinity            infinity
     Parameter 25~IW(0.000,-10)            infinity            infinity            infinity
     Parameter 26~IW(0.000,-10)            infinity            infinity            infinity
     Parameter 27~IW(0.000,-10)            infinity            infinity            infinity
     Parameter 28~IW(0.000,-10)            infinity            infinity            infinity
     Parameter 29~IW(0.000,-10)            infinity            infinity            infinity
     Parameter 30~IW(0.000,-10)            infinity            infinity            infinity
     Parameter 31~IW(0.000,-10)            infinity            infinity            infinity
     Parameter 32~IW(0.000,-10)            infinity            infinity            infinity
     Parameter 33~IW(0.000,-10)            infinity            infinity            infinity
     Parameter 34~IW(0.000,-10)            infinity            infinity            infinity
     Parameter 35~IW(0.000,-10)            infinity            infinity            infinity
     Parameter 36~IW(0.000,-10)            infinity            infinity            infinity
     Parameter 37~IW(0.000,-10)            infinity            infinity            infinity
     Parameter 38~IW(0.000,-10)            infinity            infinity            infinity
     Parameter 39~IW(0.000,-10)            infinity            infinity            infinity
     Parameter 40~IW(0.000,-10)            infinity            infinity            infinity
     Parameter 41~IW(0.000,-10)            infinity            infinity            infinity
     Parameter 42~IW(0.000,-10)            infinity            infinity            infinity
     Parameter 43~IW(0.000,-10)            infinity            infinity            infinity
     Parameter 44~IW(0.000,-10)            infinity            infinity            infinity
     Parameter 45~IW(0.000,-10)            infinity            infinity            infinity
     Parameter 46~IW(0.000,-10)            infinity            infinity            infinity
     Parameter 47~IW(0.000,-10)            infinity            infinity            infinity
     Parameter 48~IW(0.000,-10)            infinity            infinity            infinity
     Parameter 49~IW(0.000,-10)            infinity            infinity            infinity
     Parameter 50~IW(0.000,-10)            infinity            infinity            infinity
     Parameter 51~IW(0.000,-10)            infinity            infinity            infinity
     Parameter 52~IW(0.000,-10)            infinity            infinity            infinity
     Parameter 53~IW(0.000,-10)            infinity            infinity            infinity
     Parameter 54~IW(0.000,-10)            infinity            infinity            infinity
     Parameter 55~IW(0.000,-10)            infinity            infinity            infinity
     Parameter 56~IW(0.000,-10)            infinity            infinity            infinity
     Parameter 57~IW(0.000,-10)            infinity            infinity            infinity
     Parameter 58~IW(0.000,-10)            infinity            infinity            infinity
     Parameter 59~IW(0.000,-10)            infinity            infinity            infinity
     Parameter 60~IW(0.000,-10)            infinity            infinity            infinity
     Parameter 61~IW(0.000,-10)            infinity            infinity            infinity
     Parameter 62~IW(0.000,-10)            infinity            infinity            infinity
     Parameter 63~IW(0.000,-10)            infinity            infinity            infinity
     Parameter 64~IW(0.000,-10)            infinity            infinity            infinity
     Parameter 65~IW(0.000,-10)            infinity            infinity            infinity


TECHNICAL 8 OUTPUT


   TECHNICAL 8 OUTPUT FOR BAYES ESTIMATION

     CHAIN    BSEED
     1        0
     2        285380

                     POTENTIAL       PARAMETER WITH
     ITERATION    SCALE REDUCTION      HIGHEST PSR
     100              3.888               46
     200              2.879               50
     300              1.998               53
     400              3.932               51
     500              2.930               51
     600              2.411               51
     700              2.089               53
     800              2.207               53
     900              2.031               53
     1000             1.846               53
     1100             1.865               53
     1200             1.460               39
     1300             1.502               39
     1400             1.409               48
     1500             1.463               48
     1600             1.614               48
     1700             1.789               48
     1800             1.926               48
     1900             1.589               48
     2000             1.449               48
     2100             1.357               48
     2200             1.308               49
     2300             1.271               48
     2400             1.306               48
     2500             1.295               48
     2600             1.279               48
     2700             1.251               56
     2800             1.259               56
     2900             1.290               56
     3000             1.306               56
     3100             1.280               56
     3200             1.296               47
     3300             1.289               47
     3400             1.306               47
     3500             1.273               45
     3600             1.302               45
     3700             1.360               45
     3800             1.376               45
     3900             1.388               45
     4000             1.363               45
     4100             1.364               45
     4200             1.353               45
     4300             1.293               45
     4400             1.268               45
     4500             1.273               30
     4600             1.311               30
     4700             1.335               30
     4800             1.311               30
     4900             1.290               28
     5000             1.301               28
     5100             1.318               28
     5200             1.330               28
     5300             1.331               28
     5400             1.341               28
     5500             1.373               28
     5600             1.386               28
     5700             1.379               28
     5800             1.375               28
     5900             1.368               28
     6000             1.362               28
     6100             1.368               28
     6200             1.327               28
     6300             1.310               37
     6400             1.303               37
     6500             1.284               37
     6600             1.277               37
     6700             1.276               37
     6800             1.231               37
     6900             1.235               41
     7000             1.224               41
     7100             1.250               37
     7200             1.258               37
     7300             1.265               37
     7400             1.280               37
     7500             1.292               37
     7600             1.305               37
     7700             1.331               37
     7800             1.361               37
     7900             1.366               37
     8000             1.381               37
     8100             1.395               37
     8200             1.391               37
     8300             1.390               37
     8400             1.398               37
     8500             1.403               37
     8600             1.391               37
     8700             1.387               37
     8800             1.368               37
     8900             1.377               37
     9000             1.381               37
     9100             1.369               37
     9200             1.336               37
     9300             1.308               37
     9400             1.277               37
     9500             1.282               37
     9600             1.277               37
     9700             1.280               37
     9800             1.281               37
     9900             1.284               37
     10000            1.283               37
     10100            1.261               37
     10200            1.250               37
     10300            1.228               37
     10400            1.231               37
     10500            1.235               37
     10600            1.234               37
     10700            1.226               37
     10800            1.229               37
     10900            1.223               37
     11000            1.222               37
     11100            1.223               37
     11200            1.227               37
     11300            1.227               37
     11400            1.227               37
     11500            1.201               37
     11600            1.187               37
     11700            1.188               37
     11800            1.182               37
     11900            1.176               37
     12000            1.165               37
     12100            1.158               37
     12200            1.146               37
     12300            1.138               37
     12400            1.135               45
     12500            1.140               45
     12600            1.137               45
     12700            1.140               45
     12800            1.140               45
     12900            1.142               45
     13000            1.138               45
     13100            1.131               45
     13200            1.121               47
     13300            1.122               47
     13400            1.124               47
     13500            1.126               47
     13600            1.127               47
     13700            1.131               47
     13800            1.131               63
     13900            1.141               63
     14000            1.158               63
     14100            1.173               63
     14200            1.194               63
     14300            1.210               63
     14400            1.217               63
     14500            1.219               63
     14600            1.221               63
     14700            1.220               63
     14800            1.216               63
     14900            1.216               63
     15000            1.206               63
     15100            1.183               63
     15200            1.167               63
     15300            1.153               63
     15400            1.132               63
     15500            1.116               63
     15600            1.108               63
     15700            1.114               46
     15800            1.115               46
     15900            1.120               46
     16000            1.122               46
     16100            1.127               46
     16200            1.130               46
     16300            1.129               46
     16400            1.128               46
     16500            1.126               46
     16600            1.119               46
     16700            1.116               46
     16800            1.110               46
     16900            1.101               46
     17000            1.099               46
     17100            1.093               46


     Beginning Time:  05:30:16
        Ending Time:  05:48:56
       Elapsed Time:  00:18:40



MUTHEN & MUTHEN
3463 Stoner Ave.
Los Angeles, CA  90066

Tel: (310) 391-9971
Fax: (310) 391-8971
Web: www.StatModel.com
Support: Support@StatModel.com

Copyright (c) 1998-2020 Muthen & Muthen
