Mplus VERSION 8.5 (Mac)
MUTHEN & MUTHEN
03/17/2022   6:54 PM

INPUT INSTRUCTIONS

  TITLE: Analysis 5
  DATA: FILE = analysis4+5_S2.dat;
  VARIABLE:
  NAMES = ID WB content stressed lonely
  FTF CMC mixed peers family weak_ties
  E A C N O gender ethnicity SES weekend;
  USEVARIABLES = content
  CMC mixed family weak_ties
  weekend E
  cxf cxw mxf mxw;
  CLUSTER = ID;
  WITHIN = CMC mixed family weak_ties weekend
  cxf cxw mxf mxw;
  BETWEEN = E;
  MISSING = .;
  DEFINE:
  CENTER CMC (GROUPMEAN);
  CENTER mixed (GROUPMEAN);
  CENTER family (GROUPMEAN);
  CENTER weak_ties (GROUPMEAN);
  cxf=CMC*family;
  cxw=CMC*weak_ties;
  mxf=mixed*family;
  mxw=mixed*weak_ties;
  CENTER E (GRANDMEAN);
  ANALYSIS: TYPE = TWOLEVEL RANDOM; ESTIMATOR = BAYES;
  BITERATIONS = (10000); PROCESSORS = 2;
  MODEL:
  %WITHIN%
  ! Contentment is predicted by CMC, the slope is random
  S1 | content ON CMC;
  ! Contentment is predicted by mixed episodes, the slope is random
  S2 | content ON mixed;
  ! Contentment is predicted by family, the slope is random
  S3 | content ON family;
  ! Contentment is predicted by weak ties, the slope is random
  S4 | content ON weak_ties;
  ! Contentment is predicted by CMC*family, the slope is random
  S5 | content ON cxf;
  ! Contentment is predicted by CMC*weak ties, the slope is random
  S6 | content ON cxw;
  ! Contentment is predicted by mixed*family, the slope is random
  S7 | content ON mxf;
  ! Contentment is predicted by mixed*weak ties, the slope is random
  S8 | content ON mxw;
  ! Control for weekend
  content ON weekend;
  %BETWEEN%
  ! Covariance between intercept and slopes
  content S1-S8 WITH content S1-S8;
  ! The intercept is predicted by extraversion
  content ON E;
  ! The slopes are predicted by extraversion
  S1-S8 ON E;
  OUTPUT: STDYX STDY TECH8;



*** WARNING in VARIABLE command
  Note that only the first 8 characters of variable names are used in the output.
  Shorten variable names to avoid any confusion.
*** WARNING
  One or more individual-level variables have no variation within a
  cluster for the following clusters.

     Variable   Cluster IDs with no within-cluster variation

      CONTENT     316 502 134 13 65 776 50 700 96 291 629 533 546 623 563 78 610 795
      WEEKEND     316 335 69 368 502 568 134 293 140 307 650 197 357 404 595 300 93 680 700 163
                  513 515 537 291 496 326 849 668 321 110 48 722
      CXF         316 335 69 368 215 497 502 568 134 293 703 140 307 650 13 197 65 565 50 357
                  362 216 382 404 783 118 595 300 72 93 428 680 700 150 320 333 163 513 515 537
                  212 657 689 483 96 133 736 578 498 629 857 599 182 480 677 325 698 753 777 597
                  519 533 836 98 849 231 398 727 61 747 501 417 425 623 631 10 804 107 668 11
                  321 559 276 644 229 563 110 672 92 582 126 814 360 334 199 217 343 99 574 584
                  822 825 506 6 649 211 414 172 608 724 848 740 387 331 570 137 842 435 271 371
                  260 361 318 820 616 746 279 826 179 104 536 768 854 410 794 542 591 221 78 26
                  123 328 12 15 213 642 564 619 725 45 688 520 246 214 695 750 457 601 772 470
                  606 219 241 108 195 531 202 852 472 379 769 173 311 634 764 596 771 294 846
                  464 434 332 381 94 164 4 845 88 671 177 152 138 522 784 42 469 356 79 481 82
                  83 274 14 49 577 474 838 290 782 269 20 458 816 659 824 57 490 87 405 739 843
                  511 136 459 743 401 22 758 760 7 730 773 749 550 47 402 415 479 242 60 609 77
                  514 850 598 654 572 465 287 499 580
      CXW         316 335 69 368 215 497 502 568 134 293 703 140 307 650 13 65 776 50 357 216
                  382 783 118 262 595 93 680 320 333 163 513 657 133 736 498 621 629 599 326 182
                  220 567 194 519 546 836 230 239 727 61 501 623 10 107 668 11 276 644 229 563
                  92 582 802 142 126 451 244 302 360 334 199 807 40 19 649 463 211 441 704 466
                  748 179 536 410 36 48 542 635 221 718 117 213 421 564 543 619 620 380 214 695
                  601 471 606 241 482 222 531 202 232 311 754 67 516 332 571 4 88 177 44 42 412
                  59 355 84 583 87 297 184 756 809 667 760 573 730 550 402 738 386 242 609 378
                  540 444 705 24
      MXF         316 335 69 368 215 497 502 568 134 293 703 140 307 650 13 197 65 776 565 50
                  357 362 216 382 404 783 643 118 595 300 72 93 428 680 700 150 320 163 513 515
                  537 212 657 689 483 96 133 291 736 578 498 790 621 629 363 857 599 182 38 480
                  567 677 325 698 194 753 777 597 519 533 836 98 849 500 646 231 155 398 61 602
                  747 501 417 425 623 631 10 804 107 668 11 321 559 276 91 229 757 563 413 110
                  672 126 814 130 451 338 532 360 334 547 633 763 427 217 343 99 574 40 584 822
                  825 506 6 90 19 649 576 414 306 172 143 32 608 377 724 324 848 740 707 387 821
                  331 832 570 137 842 435 271 18 371 713 792 251 260 666 361 318 820 616 746 279
                  826 179 104 628 536 768 854 630 410 794 542 591 592 78 26 123 305 328 614 354
                  12 15 213 642 562 422 564 711 543 619 725 45 116 688 183 520 41 246 737 71 817
                  695 750 457 86 601 772 470 509 606 219 241 395 108 656 585 195 785 600 787 531
                  232 852 472 379 769 173 634 226 639 764 596 771 294 516 846 272 464 193 434
                  237 284 381 94 164 851 4 203 845 88 671 177 152 138 55 684 522 784 690 648 148
                  469 187 356 79 481 82 176 83 274 14 49 577 474 838 175 290 782 269 396 20 458
                  816 659 824 57 490 87 52 405 739 345 843 511 136 459 743 401 22 758 358 667
                  760 7 779 730 773 749 374 319 755 550 47 402 696 415 479 242 60 609 674 77 514
                  850 598 654 572 465 346 287 499 580
      MXW         316 335 69 368 215 497 502 568 134 293 703 140 307 650 13 65 776 565 50 357
                  362 216 382 404 643 118 262 595 300 93 428 680 700 150 320 163 513 515 657 689
                  96 291 736 578 498 790 621 363 857 599 326 38 220 567 677 194 533 546 836 500
                  646 230 155 239 61 602 501 417 631 10 804 107 668 11 276 91 229 757 563 413
                  802 142 126 130 451 244 338 302 532 360 334 547 633 763 427 217 574 807 40 822
                  825 506 90 19 649 576 463 306 143 32 377 441 724 324 848 704 707 821 331 832
                  137 18 371 713 792 466 251 260 666 746 826 748 179 628 630 410 36 48 542 592
                  635 78 305 718 614 354 15 117 213 642 421 562 422 564 711 543 619 620 116 183
                  520 41 246 737 380 71 817 695 750 86 509 471 606 241 482 395 656 585 222 195
                  785 600 787 531 202 232 226 639 754 67 294 516 272 464 193 237 284 571 851 4
                  203 177 44 55 684 784 690 648 148 187 176 412 59 355 84 175 583 290 396 87 52
                  345 297 184 401 756 358 809 667 760 573 779 730 374 319 755 550 402 696 738
                  386 242 609 674 378 540 444 514 705 346 24

*** WARNING
  Data set contains cases with missing on x-variables.
  These cases were not included in the analysis.
  Number of cases with missing on x-variables:  3138
*** WARNING
  Data set contains cases with missing on all variables except
  x-variables.  These cases were not included in the analysis.
  Number of cases with missing on all variables except x-variables:  31
   4 WARNING(S) FOUND IN THE INPUT INSTRUCTIONS



Analysis 5

SUMMARY OF ANALYSIS

Number of groups                                                 1
Number of observations                                       10850

Number of dependent variables                                    1
Number of independent variables                                 10
Number of continuous latent variables                            8

Observed dependent variables

  Continuous
   CONTENT

Observed independent variables
   CMC         MIXED       FAMILY      WEAK_TIE    WEEKEND     E
   CXF         CXW         MXF         MXW

Continuous latent variables
   S1          S2          S3          S4          S5          S6
   S7          S8

Variables with special functions

  Cluster variable      ID

  Within variables
   CMC         MIXED       FAMILY      WEAK_TIE    WEEKEND     CXF
   CXW         MXF         MXW

  Between variables
   E

  Centering (GRANDMEAN)
   E

  Centering (GROUPMEAN)
   CMC         MIXED       FAMILY      WEAK_TIE


Estimator                                                    BAYES
Specifications for Bayesian Estimation
  Point estimate                                            MEDIAN
  Number of Markov chain Monte Carlo (MCMC) chains               2
  Random seed for the first chain                                0
  Starting value information                           UNPERTURBED
  Algorithm used for Markov chain Monte Carlo           GIBBS(PX1)
  Convergence criterion                                  0.500D-01
  Maximum number of iterations                               50000
  K-th iteration used for thinning                               1

Input data file(s)
  analysis4+5_S2.dat
Input data format  FREE


SUMMARY OF DATA

     Number of clusters                        623

       Size (s)    Cluster ID with Size s

          1        46 100 121 157 198 208 277 301 312 350 450 486 603 664
                   708 723
          2        316 335 69 368 215 497 502 568 134 293 703 140 307
          3        650 13 197 65 776 565
          4        50 357 362 216 382 404 783 643 118 262
          5        595 300 72 93 428 680 700 150 320 333 163 513 515 537
                   212
          6        657 373 689 483 96 133 291 736 496 578 498 790 621 629
                   363 857 599
          7        326 182 38 220 370 480 567 677 325 698 589
          8        366 194 753 278 777 597 243 519 533 546 812 836 98 849
                   500 23 646
          9        230 231 155 239 398 727 61 602 747 501 417 425 623 132
                   631 10 804 107 29 668 478 11 321 559 276
         10        91 485 265 644 229 757 563 310 413 110 672 92 582 64
                   802 432 142 126 814 130 451 244 247 617 338
         11        302 467 406 532 360 538 334 547 199 633 555 763 427
                   217 566 801 343 99 574 807 40 584 822 825 506 6 847
                   90
         12        19 649 576 95 463 211 414 789 306 172 143 32 156 608
                   377 158 441 162 724 324 848 740 704
         13        477 701 707 810 2 387 819 821 770 267 331 830 832 570
                   137 842 435 271 18 655
         14        371 713 792 466 251 190 260 204 666 361 813 318 820
                   616 746 279 826 748 179 104 628 536 766 768 854 630
                   410 685
         15        794 579 264 733 36 48 682 542 744 591 592 692 635 221
                   78 26 123 305 328 718 614 354 722 12 15 117
         16        213 642 421 562 422 564 400 711 43 717 543 619 620 725
                   174 551 45 507 76 116 688 245 367
         17        183 520 408 372 41 225 246 737 359 380 71 817 214 695
                   750 457 638 641 759 191 394 86 601 772 470 509 471 606
                   219 241 482 327
         18        395 108 656 585 715 403 622 222 195 74 525 726 681 528
                   785 600 787 531 73 159 160 473 202 541 232 852 31
         19        115 112 472 379 834 769 173 640 56 311 634 226 364 639
                   694 665 544 754
         20        764 66 798 250 596 771 67 294 516 846 436 25 670 732
                   27 127 257 632
         21        249 272 464 101 193 721 434 237 284 139 332 571 381
                   161 94 735 37 164 851 4 203 128 313 845 426
         22        431 275 88 671 258 607 177 152 138 569 44 55 684 522
                   784 63 690 648 42
         23        148 469 170 146 187 356 79 125 527 775 660 481 82 176
                   83 853 210 412 274 14
         24        59 508 54 49 355 577 474 838 84 774 175 583 661 808
                   460 290 782 266 613 248 503 234 269 593 396
         25        20 458 816 120 709 659 693 824 51 57 490 87 52 385 833
                   16 493 315
         26        405 739 345 843 423 297 468 154 511 8 136 624 459 181
         27        743 610 103 699 184 383 348 401 22 227 534 756 295 758
                   388 647 358 391 714 765 169
         28        446 809 827 530 167 186 201 667 760
         29        7 573 779 730 299 773 168 282 749
         30        374 800 319 811 755 550 795 97 47
         31        402 625 696 252 529 738 652 415 309 386
         32        323 263 636 479 270 80 242 60 235
         33        609 389 674 378
         34        77 581 399 337 540 476 439 444
         35        514
         36        135 393
         37        850 192
         38        598 273 705 780 654 308
         39        662 767 572
         40        418
         41        141 465 346 228 53 254
         43        287
         44        499
         45        24
         46        580



COVARIANCE COVERAGE OF DATA

Minimum covariance coverage value   0.100

     Number of missing data patterns             1


     PROPORTION OF DATA PRESENT


           Covariance Coverage
              CONTENT       CMC           MIXED         FAMILY        WEAK_TIE
              ________      ________      ________      ________      ________
 CONTENT        1.000
 CMC            1.000         1.000
 MIXED          1.000         1.000         1.000
 FAMILY         1.000         1.000         1.000         1.000
 WEAK_TIE       1.000         1.000         1.000         1.000         1.000
 WEEKEND        1.000         1.000         1.000         1.000         1.000
 CXF            1.000         1.000         1.000         1.000         1.000
 CXW            1.000         1.000         1.000         1.000         1.000
 MXF            1.000         1.000         1.000         1.000         1.000
 MXW            1.000         1.000         1.000         1.000         1.000
 E              1.000         1.000         1.000         1.000         1.000


           Covariance Coverage
              WEEKEND       CXF           CXW           MXF           MXW
              ________      ________      ________      ________      ________
 WEEKEND        1.000
 CXF            1.000         1.000
 CXW            1.000         1.000         1.000
 MXF            1.000         1.000         1.000         1.000
 MXW            1.000         1.000         1.000         1.000         1.000
 E              1.000         1.000         1.000         1.000         1.000


           Covariance Coverage
              E
              ________
 E              1.000



UNIVARIATE SAMPLE STATISTICS


     UNIVARIATE HIGHER-ORDER MOMENT DESCRIPTIVE STATISTICS

         Variable/         Mean/     Skewness/   Minimum/ % with                Percentiles
        Sample Size      Variance    Kurtosis    Maximum  Min/Max      20%/60%    40%/80%    Median

     CONTENT               2.664      -0.016       1.000    8.58%       2.000      2.000      3.000
           10850.000       0.795      -0.832       4.000   20.03%       3.000      4.000
     CMC                   0.000       0.593      -0.938    0.01%      -0.333     -0.192     -0.125
           10850.000       0.174      -0.751       0.964    0.01%      -0.067      0.480
     MIXED                 0.000       1.588      -0.833    0.01%      -0.200     -0.100     -0.067
           10850.000       0.104       1.860       0.972    0.01%      -0.040      0.000
     FAMILY                0.000       1.475      -0.947    0.01%      -0.167     -0.059     -0.034
           10850.000       0.087       2.619       0.974    0.01%       0.000      0.000
     WEAK_TIES             0.000       1.212      -0.846    0.04%      -0.222     -0.125     -0.083
           10850.000       0.123       0.863       0.977    0.01%      -0.048      0.000
     WEEKEND               0.308       0.834       0.000   69.24%       0.000      0.000      0.000
           10850.000       0.213      -1.305       1.000   30.76%       0.000      1.000
     CXF                   0.003       1.133      -0.754    0.02%      -0.031      0.000      0.000
           10850.000       0.017      11.449       0.915    0.01%       0.000      0.028
     CXW                  -0.024      -0.304      -0.892    0.01%      -0.092      0.000      0.000
           10850.000       0.020       6.583       0.898    0.01%       0.008      0.039
     MXF                  -0.004       1.495      -0.688    0.01%       0.000      0.000      0.000
           10850.000       0.006      34.531       0.878    0.01%       0.000      0.011
     MXW                  -0.007       1.539      -0.814    0.01%      -0.025      0.000      0.000
           10850.000       0.010      20.175       0.845    0.01%       0.004      0.023
     E                     0.000       0.056      -2.056    0.16%      -0.681     -0.181     -0.056
             623.000       0.691      -0.467       1.944    0.64%       0.194      0.819


THE MODEL ESTIMATION TERMINATED NORMALLY

     USE THE FBITERATIONS OPTION TO INCREASE THE NUMBER OF ITERATIONS BY A FACTOR
     OF AT LEAST TWO TO CHECK CONVERGENCE AND THAT THE PSR VALUE DOES NOT INCREASE.



MODEL FIT INFORMATION

Number of Free Parameters                              65

Information Criteria

          Deviance (DIC)                        23788.026
          Estimated Number of Parameters (pD)    1150.582



MODEL RESULTS

                                Posterior  One-Tailed         95% C.I.
                    Estimate       S.D.      P-Value   Lower 2.5%  Upper 2.5%  Significance

Within Level

 CONTENT    ON
    WEEKEND            0.133       0.016      0.000       0.101       0.164      *

 Residual Variances
    CONTENT            0.472       0.007      0.000       0.458       0.486      *

Between Level

 S1         ON
    E                  0.016       0.027      0.278      -0.036       0.067

 S2         ON
    E                 -0.058       0.034      0.043      -0.125       0.009

 S3         ON
    E                  0.022       0.038      0.286      -0.055       0.096

 S4         ON
    E                 -0.025       0.030      0.205      -0.084       0.035

 S5         ON
    E                  0.018       0.083      0.413      -0.154       0.175

 S6         ON
    E                  0.025       0.073      0.355      -0.115       0.172

 S7         ON
    E                  0.044       0.158      0.391      -0.283       0.339

 S8         ON
    E                  0.009       0.105      0.464      -0.194       0.224

 CONTENT    ON
    E                  0.111       0.027      0.000       0.059       0.164      *

 CONTENT  WITH
    S1                -0.007       0.012      0.273      -0.031       0.017
    S2                -0.028       0.015      0.027      -0.058       0.000
    S3                -0.034       0.018      0.028      -0.069       0.001
    S4                -0.043       0.015      0.001      -0.072      -0.014      *
    S5                 0.012       0.038      0.374      -0.062       0.087
    S6                -0.041       0.034      0.106      -0.109       0.025
    S7                 0.030       0.070      0.324      -0.107       0.171
    S8                -0.069       0.050      0.081      -0.170       0.027

 S1       WITH
    S2                 0.029       0.014      0.016       0.002       0.056      *
    S3                -0.016       0.016      0.159      -0.048       0.016
    S4                 0.027       0.013      0.017       0.002       0.055      *
    S5                 0.018       0.033      0.293      -0.047       0.082
    S6                 0.014       0.024      0.273      -0.031       0.064
    S7                -0.080       0.053      0.068      -0.184       0.028
    S8                -0.014       0.043      0.371      -0.101       0.067

 S2       WITH
    S3                -0.017       0.017      0.153      -0.049       0.017
    S4                 0.015       0.015      0.145      -0.013       0.045
    S5                 0.032       0.033      0.180      -0.036       0.095
    S6                 0.014       0.024      0.258      -0.033       0.064
    S7                -0.067       0.045      0.063      -0.158       0.023
    S8                -0.011       0.036      0.367      -0.085       0.058

 S3       WITH
    S4                 0.024       0.018      0.083      -0.010       0.062
    S5                -0.073       0.038      0.021      -0.156      -0.003      *
    S6                -0.011       0.029      0.348      -0.071       0.046
    S7                 0.057       0.058      0.157      -0.059       0.173
    S8                -0.004       0.056      0.473      -0.108       0.113

 S4       WITH
    S5                 0.020       0.036      0.285      -0.053       0.090
    S6                 0.024       0.025      0.147      -0.019       0.080
    S7                -0.009       0.055      0.436      -0.120       0.094
    S8                 0.020       0.040      0.310      -0.055       0.102

 S5       WITH
    S6                 0.066       0.064      0.118      -0.048       0.204
    S7                 0.035       0.120      0.366      -0.174       0.305
    S8                -0.029       0.103      0.391      -0.214       0.186

 S6       WITH
    S7                -0.016       0.087      0.423      -0.184       0.159
    S8                -0.005       0.076      0.474      -0.159       0.137

 S7       WITH
    S8                 0.018       0.141      0.444      -0.249       0.315

 Intercepts
    CONTENT            2.617       0.023      0.000       2.573       2.662      *
    S1                -0.224       0.022      0.000      -0.266      -0.180      *
    S2                -0.039       0.026      0.069      -0.091       0.013
    S3                 0.028       0.033      0.195      -0.037       0.095
    S4                -0.265       0.026      0.000      -0.315      -0.214      *
    S5                 0.055       0.070      0.215      -0.080       0.194
    S6                 0.148       0.058      0.005       0.036       0.261      *
    S7                -0.041       0.123      0.376      -0.266       0.217
    S8                 0.045       0.087      0.290      -0.129       0.220

 Residual Variances
    CONTENT            0.263       0.018      0.000       0.230       0.300      *
    S1                 0.078       0.016      0.000       0.050       0.111      *
    S2                 0.058       0.017      0.000       0.030       0.097      *
    S3                 0.108       0.024      0.000       0.068       0.160      *
    S4                 0.075       0.019      0.000       0.044       0.116      *
    S5                 0.301       0.106      0.000       0.139       0.552      *
    S6                 0.127       0.059      0.000       0.051       0.278      *
    S7                 0.558       0.211      0.000       0.245       1.064      *
    S8                 0.360       0.162      0.000       0.137       0.765      *


STANDARDIZED MODEL RESULTS


STDYX Standardization

                                Posterior  One-Tailed         95% C.I.
                    Estimate       S.D.      P-Value   Lower 2.5%  Upper 2.5%  Significance

Within-Level Standardized Estimates Averaged Over Clusters

 S1 | CONTENT ON
    CMC               -0.112       0.009      0.000      -0.131      -0.094      *

 S2 | CONTENT ON
    MIXED             -0.014       0.007      0.032      -0.028       0.001

 S3 | CONTENT ON
    FAMILY             0.007       0.008      0.190      -0.009       0.022

 S4 | CONTENT ON
    WEAK_TIES         -0.106       0.009      0.000      -0.124      -0.088      *

 S5 | CONTENT ON
    CXF                0.007       0.006      0.154      -0.006       0.019

 S6 | CONTENT ON
    CXW                0.022       0.008      0.002       0.007       0.037      *

 S7 | CONTENT ON
    MXF                0.000       0.005      0.475      -0.011       0.010

 S8 | CONTENT ON
    MXW                0.006       0.006      0.161      -0.006       0.017

 CONTENT    ON
    WEEKEND            0.074       0.009      0.000       0.058       0.092      *

 Residual Variances
    CONTENT            0.894       0.006      0.000       0.882       0.907      *

Between Level

 S1         ON
    E                  0.033       0.056      0.278      -0.077       0.141

 S2         ON
    E                 -0.139       0.082      0.043      -0.297       0.024

 S3         ON
    E                  0.038       0.068      0.286      -0.097       0.173

 S4         ON
    E                 -0.052       0.066      0.205      -0.186       0.072

 S5         ON
    E                  0.019       0.089      0.413      -0.160       0.187

 S6         ON
    E                  0.040       0.120      0.355      -0.199       0.281

 S7         ON
    E                  0.034       0.123      0.391      -0.219       0.262

 S8         ON
    E                  0.009       0.103      0.464      -0.189       0.218

 CONTENT    ON
    E                  0.126       0.030      0.000       0.067       0.184      *

 CONTENT  WITH
    S1                -0.052       0.087      0.273      -0.219       0.120
    S2                -0.233       0.118      0.027      -0.458       0.003
    S3                -0.204       0.104      0.028      -0.399       0.005
    S4                -0.311       0.101      0.001      -0.503      -0.106      *
    S5                 0.044       0.135      0.374      -0.216       0.312
    S6                -0.227       0.175      0.106      -0.546       0.143
    S7                 0.080       0.180      0.324      -0.279       0.429
    S8                -0.231       0.162      0.081      -0.541       0.086

 S1       WITH
    S2                 0.440       0.170      0.016       0.043       0.709      *
    S3                -0.176       0.173      0.159      -0.501       0.175
    S4                 0.360       0.157      0.017       0.033       0.649      *
    S5                 0.120       0.216      0.293      -0.303       0.554
    S6                 0.147       0.231      0.273      -0.323       0.555
    S7                -0.401       0.229      0.068      -0.745       0.146
    S8                -0.085       0.259      0.371      -0.592       0.424

 S2       WITH
    S3                -0.221       0.205      0.153      -0.596       0.209
    S4                 0.240       0.209      0.145      -0.214       0.616
    S5                 0.258       0.243      0.180      -0.265       0.650
    S6                 0.172       0.272      0.258      -0.403       0.650
    S7                -0.392       0.228      0.063      -0.759       0.132
    S8                -0.082       0.245      0.367      -0.540       0.401

 S3       WITH
    S4                 0.274       0.182      0.083      -0.118       0.595
    S5                -0.425       0.181      0.021      -0.722      -0.017      *
    S6                -0.099       0.241      0.348      -0.534       0.399
    S7                 0.239       0.226      0.157      -0.257       0.625
    S8                -0.020       0.288      0.473      -0.508       0.655

 S4       WITH
    S5                 0.139       0.235      0.285      -0.362       0.558
    S6                 0.256       0.228      0.147      -0.220       0.648
    S7                -0.044       0.261      0.436      -0.565       0.437
    S8                 0.129       0.238      0.310      -0.343       0.574

 S5       WITH
    S6                 0.351       0.271      0.118      -0.302       0.759
    S7                 0.090       0.270      0.366      -0.442       0.617
    S8                -0.095       0.305      0.391      -0.615       0.546

 S6       WITH
    S7                -0.060       0.308      0.423      -0.613       0.560
    S8                -0.027       0.337      0.474      -0.680       0.570

 S7       WITH
    S8                 0.044       0.291      0.444      -0.519       0.566

 Intercepts
    CONTENT            5.067       0.175      0.000       4.731       5.416      *
    S1                -0.799       0.118      0.000      -1.065      -0.604      *
    S2                -0.162       0.117      0.069      -0.413       0.050
    S3                 0.086       0.103      0.195      -0.111       0.294
    S4                -0.967       0.156      0.000      -1.311      -0.711      *
    S5                 0.100       0.132      0.215      -0.150       0.379
    S6                 0.412       0.187      0.005       0.091       0.819      *
    S7                -0.054       0.170      0.376      -0.376       0.307
    S8                 0.076       0.147      0.290      -0.218       0.368

 Residual Variances
    CONTENT            0.984       0.008      0.000       0.966       0.996      *
    S1                 0.998       0.006      0.000       0.980       1.000      *
    S2                 0.981       0.025      0.000       0.912       1.000      *
    S3                 0.997       0.008      0.000       0.970       1.000      *
    S4                 0.997       0.010      0.000       0.965       1.000      *
    S5                 0.996       0.011      0.000       0.959       1.000      *
    S6                 0.993       0.024      0.000       0.914       1.000      *
    S7                 0.992       0.022      0.000       0.922       1.000      *
    S8                 0.995       0.016      0.000       0.943       1.000      *


STDY Standardization

                                Posterior  One-Tailed         95% C.I.
                    Estimate       S.D.      P-Value   Lower 2.5%  Upper 2.5%  Significance

Within-Level Standardized Estimates Averaged Over Clusters

 S1 | CONTENT ON
    CMC               -0.299       0.026      0.000      -0.353      -0.251      *

 S2 | CONTENT ON
    MIXED             -0.042       0.031      0.089      -0.105       0.016

 S3 | CONTENT ON
    FAMILY             0.037       0.041      0.174      -0.044       0.117

 S4 | CONTENT ON
    WEAK_TIES         -0.350       0.032      0.000      -0.412      -0.293      *

 S5 | CONTENT ON
    CXF                0.066       0.083      0.225      -0.089       0.235

 S6 | CONTENT ON
    CXW                0.204       0.076      0.003       0.050       0.355      *

 S7 | CONTENT ON
    MXF               -0.031       0.148      0.413      -0.339       0.260

 S8 | CONTENT ON
    MXW                0.100       0.105      0.169      -0.106       0.301

 CONTENT    ON
    WEEKEND            0.181       0.021      0.000       0.141       0.224      *

 Residual Variances
    CONTENT            0.894       0.006      0.000       0.882       0.907      *

Between Level

 S1         ON
    E                  0.057       0.096      0.278      -0.132       0.243

 S2         ON
    E                 -0.238       0.141      0.043      -0.511       0.041

 S3         ON
    E                  0.065       0.117      0.286      -0.166       0.297

 S4         ON
    E                 -0.090       0.113      0.205      -0.319       0.124

 S5         ON
    E                  0.033       0.152      0.413      -0.275       0.322

 S6         ON
    E                  0.069       0.207      0.355      -0.342       0.483

 S7         ON
    E                  0.058       0.211      0.391      -0.377       0.450

 S8         ON
    E                  0.015       0.178      0.464      -0.326       0.375

 CONTENT    ON
    E                  0.216       0.051      0.000       0.115       0.316      *

 CONTENT  WITH
    S1                -0.052       0.087      0.273      -0.219       0.120
    S2                -0.233       0.118      0.027      -0.458       0.003
    S3                -0.204       0.104      0.028      -0.399       0.005
    S4                -0.311       0.101      0.001      -0.503      -0.106      *
    S5                 0.044       0.135      0.374      -0.216       0.312
    S6                -0.227       0.175      0.106      -0.546       0.143
    S7                 0.080       0.180      0.324      -0.279       0.429
    S8                -0.231       0.162      0.081      -0.541       0.086

 S1       WITH
    S2                 0.440       0.170      0.016       0.043       0.709      *
    S3                -0.176       0.173      0.159      -0.501       0.175
    S4                 0.360       0.157      0.017       0.033       0.649      *
    S5                 0.120       0.216      0.293      -0.303       0.554
    S6                 0.147       0.231      0.273      -0.323       0.555
    S7                -0.401       0.229      0.068      -0.745       0.146
    S8                -0.085       0.259      0.371      -0.592       0.424

 S2       WITH
    S3                -0.221       0.205      0.153      -0.596       0.209
    S4                 0.240       0.209      0.145      -0.214       0.616
    S5                 0.258       0.243      0.180      -0.265       0.650
    S6                 0.172       0.272      0.258      -0.403       0.650
    S7                -0.392       0.228      0.063      -0.759       0.132
    S8                -0.082       0.245      0.367      -0.540       0.401

 S3       WITH
    S4                 0.274       0.182      0.083      -0.118       0.595
    S5                -0.425       0.181      0.021      -0.722      -0.017      *
    S6                -0.099       0.241      0.348      -0.534       0.399
    S7                 0.239       0.226      0.157      -0.257       0.625
    S8                -0.020       0.288      0.473      -0.508       0.655

 S4       WITH
    S5                 0.139       0.235      0.285      -0.362       0.558
    S6                 0.256       0.228      0.147      -0.220       0.648
    S7                -0.044       0.261      0.436      -0.565       0.437
    S8                 0.129       0.238      0.310      -0.343       0.574

 S5       WITH
    S6                 0.351       0.271      0.118      -0.302       0.759
    S7                 0.090       0.270      0.366      -0.442       0.617
    S8                -0.095       0.305      0.391      -0.615       0.546

 S6       WITH
    S7                -0.060       0.308      0.423      -0.613       0.560
    S8                -0.027       0.337      0.474      -0.680       0.570

 S7       WITH
    S8                 0.044       0.291      0.444      -0.519       0.566

 Intercepts
    CONTENT            5.067       0.175      0.000       4.731       5.416      *
    S1                -0.799       0.118      0.000      -1.065      -0.604      *
    S2                -0.162       0.117      0.069      -0.413       0.050
    S3                 0.086       0.103      0.195      -0.111       0.294
    S4                -0.967       0.156      0.000      -1.311      -0.711      *
    S5                 0.100       0.132      0.215      -0.150       0.379
    S6                 0.412       0.187      0.005       0.091       0.819      *
    S7                -0.054       0.170      0.376      -0.376       0.307
    S8                 0.076       0.147      0.290      -0.218       0.368

 Residual Variances
    CONTENT            0.984       0.008      0.000       0.966       0.996      *
    S1                 0.998       0.006      0.000       0.980       1.000      *
    S2                 0.981       0.025      0.000       0.912       1.000      *
    S3                 0.997       0.008      0.000       0.970       1.000      *
    S4                 0.997       0.010      0.000       0.965       1.000      *
    S5                 0.996       0.011      0.000       0.959       1.000      *
    S6                 0.993       0.024      0.000       0.914       1.000      *
    S7                 0.992       0.022      0.000       0.922       1.000      *
    S8                 0.995       0.016      0.000       0.943       1.000      *


R-SQUARE

Within-Level R-Square Averaged Across Clusters

                                Posterior  One-Tailed         95% C.I.
    Variable        Estimate       S.D.      P-Value   Lower 2.5%  Upper 2.5%

    CONTENT            0.106       0.006      0.000       0.093       0.118

Between Level

                                Posterior  One-Tailed         95% C.I.
    Variable        Estimate       S.D.      P-Value   Lower 2.5%  Upper 2.5%

    CONTENT            0.016       0.008      0.000       0.004       0.034

                                Posterior  One-Tailed         95% C.I.
    Variable        Estimate       S.D.      P-Value   Lower 2.5%  Upper 2.5%

    S1                 0.002       0.006      0.000       0.000       0.020
    S2                 0.019       0.025      0.000       0.000       0.088
    S3                 0.003       0.008      0.000       0.000       0.030
    S4                 0.003       0.010      0.000       0.000       0.035
    S5                 0.004       0.011      0.000       0.000       0.041
    S6                 0.007       0.024      0.000       0.000       0.086
    S7                 0.008       0.022      0.000       0.000       0.078
    S8                 0.005       0.016      0.000       0.000       0.057


TECHNICAL 1 OUTPUT


     PARAMETER SPECIFICATION FOR WITHIN


           NU
              CONTENT       CMC           MIXED         FAMILY        WEAK_TIE
              ________      ________      ________      ________      ________
                    0             0             0             0             0


           NU
              WEEKEND       CXF           CXW           MXF           MXW
              ________      ________      ________      ________      ________
                    0             0             0             0             0


           LAMBDA
              CONTENT       CMC           MIXED         FAMILY        WEAK_TIE
              ________      ________      ________      ________      ________
 CONTENT            0             0             0             0             0
 CMC                0             0             0             0             0
 MIXED              0             0             0             0             0
 FAMILY             0             0             0             0             0
 WEAK_TIE           0             0             0             0             0
 WEEKEND            0             0             0             0             0
 CXF                0             0             0             0             0
 CXW                0             0             0             0             0
 MXF                0             0             0             0             0
 MXW                0             0             0             0             0


           LAMBDA
              WEEKEND       CXF           CXW           MXF           MXW
              ________      ________      ________      ________      ________
 CONTENT            0             0             0             0             0
 CMC                0             0             0             0             0
 MIXED              0             0             0             0             0
 FAMILY             0             0             0             0             0
 WEAK_TIE           0             0             0             0             0
 WEEKEND            0             0             0             0             0
 CXF                0             0             0             0             0
 CXW                0             0             0             0             0
 MXF                0             0             0             0             0
 MXW                0             0             0             0             0


           THETA
              CONTENT       CMC           MIXED         FAMILY        WEAK_TIE
              ________      ________      ________      ________      ________
 CONTENT            0
 CMC                0             0
 MIXED              0             0             0
 FAMILY             0             0             0             0
 WEAK_TIE           0             0             0             0             0
 WEEKEND            0             0             0             0             0
 CXF                0             0             0             0             0
 CXW                0             0             0             0             0
 MXF                0             0             0             0             0
 MXW                0             0             0             0             0


           THETA
              WEEKEND       CXF           CXW           MXF           MXW
              ________      ________      ________      ________      ________
 WEEKEND            0
 CXF                0             0
 CXW                0             0             0
 MXF                0             0             0             0
 MXW                0             0             0             0             0


           ALPHA
              CONTENT       CMC           MIXED         FAMILY        WEAK_TIE
              ________      ________      ________      ________      ________
                    0             0             0             0             0


           ALPHA
              WEEKEND       CXF           CXW           MXF           MXW
              ________      ________      ________      ________      ________
                    0             0             0             0             0


           BETA
              CONTENT       CMC           MIXED         FAMILY        WEAK_TIE
              ________      ________      ________      ________      ________
 CONTENT            0             0             0             0             0
 CMC                0             0             0             0             0
 MIXED              0             0             0             0             0
 FAMILY             0             0             0             0             0
 WEAK_TIE           0             0             0             0             0
 WEEKEND            0             0             0             0             0
 CXF                0             0             0             0             0
 CXW                0             0             0             0             0
 MXF                0             0             0             0             0
 MXW                0             0             0             0             0


           BETA
              WEEKEND       CXF           CXW           MXF           MXW
              ________      ________      ________      ________      ________
 CONTENT            1             0             0             0             0
 CMC                0             0             0             0             0
 MIXED              0             0             0             0             0
 FAMILY             0             0             0             0             0
 WEAK_TIE           0             0             0             0             0
 WEEKEND            0             0             0             0             0
 CXF                0             0             0             0             0
 CXW                0             0             0             0             0
 MXF                0             0             0             0             0
 MXW                0             0             0             0             0


           PSI
              CONTENT       CMC           MIXED         FAMILY        WEAK_TIE
              ________      ________      ________      ________      ________
 CONTENT            2
 CMC                0             0
 MIXED              0             0             0
 FAMILY             0             0             0             0
 WEAK_TIE           0             0             0             0             0
 WEEKEND            0             0             0             0             0
 CXF                0             0             0             0             0
 CXW                0             0             0             0             0
 MXF                0             0             0             0             0
 MXW                0             0             0             0             0


           PSI
              WEEKEND       CXF           CXW           MXF           MXW
              ________      ________      ________      ________      ________
 WEEKEND            0
 CXF                0             0
 CXW                0             0             0
 MXF                0             0             0             0
 MXW                0             0             0             0             0


     PARAMETER SPECIFICATION FOR BETWEEN


           NU
              CONTENT       E
              ________      ________
                    0             0


           LAMBDA
              S1            S2            S3            S4            S5
              ________      ________      ________      ________      ________
 CONTENT            0             0             0             0             0
 E                  0             0             0             0             0


           LAMBDA
              S6            S7            S8            CONTENT       E
              ________      ________      ________      ________      ________
 CONTENT            0             0             0             0             0
 E                  0             0             0             0             0


           THETA
              CONTENT       E
              ________      ________
 CONTENT            0
 E                  0             0


           ALPHA
              S1            S2            S3            S4            S5
              ________      ________      ________      ________      ________
                    3             4             5             6             7


           ALPHA
              S6            S7            S8            CONTENT       E
              ________      ________      ________      ________      ________
                    8             9            10            11             0


           BETA
              S1            S2            S3            S4            S5
              ________      ________      ________      ________      ________
 S1                 0             0             0             0             0
 S2                 0             0             0             0             0
 S3                 0             0             0             0             0
 S4                 0             0             0             0             0
 S5                 0             0             0             0             0
 S6                 0             0             0             0             0
 S7                 0             0             0             0             0
 S8                 0             0             0             0             0
 CONTENT            0             0             0             0             0
 E                  0             0             0             0             0


           BETA
              S6            S7            S8            CONTENT       E
              ________      ________      ________      ________      ________
 S1                 0             0             0             0            12
 S2                 0             0             0             0            13
 S3                 0             0             0             0            14
 S4                 0             0             0             0            15
 S5                 0             0             0             0            16
 S6                 0             0             0             0            17
 S7                 0             0             0             0            18
 S8                 0             0             0             0            19
 CONTENT            0             0             0             0            20
 E                  0             0             0             0             0


           PSI
              S1            S2            S3            S4            S5
              ________      ________      ________      ________      ________
 S1                21
 S2                22            23
 S3                24            25            26
 S4                27            28            29            30
 S5                31            32            33            34            35
 S6                36            37            38            39            40
 S7                42            43            44            45            46
 S8                49            50            51            52            53
 CONTENT           57            58            59            60            61
 E                  0             0             0             0             0


           PSI
              S6            S7            S8            CONTENT       E
              ________      ________      ________      ________      ________
 S6                41
 S7                47            48
 S8                54            55            56
 CONTENT           62            63            64            65
 E                  0             0             0             0             0


     STARTING VALUES FOR WITHIN


           NU
              CONTENT       CMC           MIXED         FAMILY        WEAK_TIE
              ________      ________      ________      ________      ________
                0.000         0.000         0.000         0.000         0.000


           NU
              WEEKEND       CXF           CXW           MXF           MXW
              ________      ________      ________      ________      ________
                0.000         0.000         0.000         0.000         0.000


           LAMBDA
              CONTENT       CMC           MIXED         FAMILY        WEAK_TIE
              ________      ________      ________      ________      ________
 CONTENT        1.000         0.000         0.000         0.000         0.000
 CMC            0.000         1.000         0.000         0.000         0.000
 MIXED          0.000         0.000         1.000         0.000         0.000
 FAMILY         0.000         0.000         0.000         1.000         0.000
 WEAK_TIE       0.000         0.000         0.000         0.000         1.000
 WEEKEND        0.000         0.000         0.000         0.000         0.000
 CXF            0.000         0.000         0.000         0.000         0.000
 CXW            0.000         0.000         0.000         0.000         0.000
 MXF            0.000         0.000         0.000         0.000         0.000
 MXW            0.000         0.000         0.000         0.000         0.000


           LAMBDA
              WEEKEND       CXF           CXW           MXF           MXW
              ________      ________      ________      ________      ________
 CONTENT        0.000         0.000         0.000         0.000         0.000
 CMC            0.000         0.000         0.000         0.000         0.000
 MIXED          0.000         0.000         0.000         0.000         0.000
 FAMILY         0.000         0.000         0.000         0.000         0.000
 WEAK_TIE       0.000         0.000         0.000         0.000         0.000
 WEEKEND        1.000         0.000         0.000         0.000         0.000
 CXF            0.000         1.000         0.000         0.000         0.000
 CXW            0.000         0.000         1.000         0.000         0.000
 MXF            0.000         0.000         0.000         1.000         0.000
 MXW            0.000         0.000         0.000         0.000         1.000


           THETA
              CONTENT       CMC           MIXED         FAMILY        WEAK_TIE
              ________      ________      ________      ________      ________
 CONTENT        0.000
 CMC            0.000         0.000
 MIXED          0.000         0.000         0.000
 FAMILY         0.000         0.000         0.000         0.000
 WEAK_TIE       0.000         0.000         0.000         0.000         0.000
 WEEKEND        0.000         0.000         0.000         0.000         0.000
 CXF            0.000         0.000         0.000         0.000         0.000
 CXW            0.000         0.000         0.000         0.000         0.000
 MXF            0.000         0.000         0.000         0.000         0.000
 MXW            0.000         0.000         0.000         0.000         0.000


           THETA
              WEEKEND       CXF           CXW           MXF           MXW
              ________      ________      ________      ________      ________
 WEEKEND        0.000
 CXF            0.000         0.000
 CXW            0.000         0.000         0.000
 MXF            0.000         0.000         0.000         0.000
 MXW            0.000         0.000         0.000         0.000         0.000


           ALPHA
              CONTENT       CMC           MIXED         FAMILY        WEAK_TIE
              ________      ________      ________      ________      ________
                0.000         0.000         0.000         0.000         0.000


           ALPHA
              WEEKEND       CXF           CXW           MXF           MXW
              ________      ________      ________      ________      ________
                0.000         0.000         0.000         0.000         0.000


           BETA
              CONTENT       CMC           MIXED         FAMILY        WEAK_TIE
              ________      ________      ________      ________      ________
 CONTENT        0.000         0.000         0.000         0.000         0.000
 CMC            0.000         0.000         0.000         0.000         0.000
 MIXED          0.000         0.000         0.000         0.000         0.000
 FAMILY         0.000         0.000         0.000         0.000         0.000
 WEAK_TIE       0.000         0.000         0.000         0.000         0.000
 WEEKEND        0.000         0.000         0.000         0.000         0.000
 CXF            0.000         0.000         0.000         0.000         0.000
 CXW            0.000         0.000         0.000         0.000         0.000
 MXF            0.000         0.000         0.000         0.000         0.000
 MXW            0.000         0.000         0.000         0.000         0.000


           BETA
              WEEKEND       CXF           CXW           MXF           MXW
              ________      ________      ________      ________      ________
 CONTENT        0.000         0.000         0.000         0.000         0.000
 CMC            0.000         0.000         0.000         0.000         0.000
 MIXED          0.000         0.000         0.000         0.000         0.000
 FAMILY         0.000         0.000         0.000         0.000         0.000
 WEAK_TIE       0.000         0.000         0.000         0.000         0.000
 WEEKEND        0.000         0.000         0.000         0.000         0.000
 CXF            0.000         0.000         0.000         0.000         0.000
 CXW            0.000         0.000         0.000         0.000         0.000
 MXF            0.000         0.000         0.000         0.000         0.000
 MXW            0.000         0.000         0.000         0.000         0.000


           PSI
              CONTENT       CMC           MIXED         FAMILY        WEAK_TIE
              ________      ________      ________      ________      ________
 CONTENT        0.398
 CMC            0.000         0.087
 MIXED          0.000         0.000         0.052
 FAMILY         0.000         0.000         0.000         0.044
 WEAK_TIE       0.000         0.000         0.000         0.000         0.062
 WEEKEND        0.000         0.000         0.000         0.000         0.000
 CXF            0.000         0.000         0.000         0.000         0.000
 CXW            0.000         0.000         0.000         0.000         0.000
 MXF            0.000         0.000         0.000         0.000         0.000
 MXW            0.000         0.000         0.000         0.000         0.000


           PSI
              WEEKEND       CXF           CXW           MXF           MXW
              ________      ________      ________      ________      ________
 WEEKEND        0.107
 CXF            0.000         0.008
 CXW            0.000         0.000         0.010
 MXF            0.000         0.000         0.000         0.003
 MXW            0.000         0.000         0.000         0.000         0.005


     STARTING VALUES FOR BETWEEN


           NU
              CONTENT       E
              ________      ________
                0.000         0.000


           LAMBDA
              S1            S2            S3            S4            S5
              ________      ________      ________      ________      ________
 CONTENT        0.000         0.000         0.000         0.000         0.000
 E              0.000         0.000         0.000         0.000         0.000


           LAMBDA
              S6            S7            S8            CONTENT       E
              ________      ________      ________      ________      ________
 CONTENT        0.000         0.000         0.000         1.000         0.000
 E              0.000         0.000         0.000         0.000         1.000


           THETA
              CONTENT       E
              ________      ________
 CONTENT        0.000
 E              0.000         0.000


           ALPHA
              S1            S2            S3            S4            S5
              ________      ________      ________      ________      ________
                0.000         0.000         0.000         0.000         0.000


           ALPHA
              S6            S7            S8            CONTENT       E
              ________      ________      ________      ________      ________
                0.000         0.000         0.000         2.664         0.000


           BETA
              S1            S2            S3            S4            S5
              ________      ________      ________      ________      ________
 S1             0.000         0.000         0.000         0.000         0.000
 S2             0.000         0.000         0.000         0.000         0.000
 S3             0.000         0.000         0.000         0.000         0.000
 S4             0.000         0.000         0.000         0.000         0.000
 S5             0.000         0.000         0.000         0.000         0.000
 S6             0.000         0.000         0.000         0.000         0.000
 S7             0.000         0.000         0.000         0.000         0.000
 S8             0.000         0.000         0.000         0.000         0.000
 CONTENT        0.000         0.000         0.000         0.000         0.000
 E              0.000         0.000         0.000         0.000         0.000


           BETA
              S6            S7            S8            CONTENT       E
              ________      ________      ________      ________      ________
 S1             0.000         0.000         0.000         0.000         0.000
 S2             0.000         0.000         0.000         0.000         0.000
 S3             0.000         0.000         0.000         0.000         0.000
 S4             0.000         0.000         0.000         0.000         0.000
 S5             0.000         0.000         0.000         0.000         0.000
 S6             0.000         0.000         0.000         0.000         0.000
 S7             0.000         0.000         0.000         0.000         0.000
 S8             0.000         0.000         0.000         0.000         0.000
 CONTENT        0.000         0.000         0.000         0.000         0.000
 E              0.000         0.000         0.000         0.000         0.000


           PSI
              S1            S2            S3            S4            S5
              ________      ________      ________      ________      ________
 S1             1.000
 S2             0.000         1.000
 S3             0.000         0.000         1.000
 S4             0.000         0.000         0.000         1.000
 S5             0.000         0.000         0.000         0.000         1.000
 S6             0.000         0.000         0.000         0.000         0.000
 S7             0.000         0.000         0.000         0.000         0.000
 S8             0.000         0.000         0.000         0.000         0.000
 CONTENT        0.000         0.000         0.000         0.000         0.000
 E              0.000         0.000         0.000         0.000         0.000


           PSI
              S6            S7            S8            CONTENT       E
              ________      ________      ________      ________      ________
 S6             1.000
 S7             0.000         1.000
 S8             0.000         0.000         1.000
 CONTENT        0.000         0.000         0.000         0.398
 E              0.000         0.000         0.000         0.000         0.338



     PRIORS FOR ALL PARAMETERS            PRIOR MEAN      PRIOR VARIANCE     PRIOR STD. DEV.

     Parameter 1~N(0.000,infinity)           0.0000            infinity            infinity
     Parameter 2~IG(-1.000,0.000)          infinity            infinity            infinity
     Parameter 3~N(0.000,infinity)           0.0000            infinity            infinity
     Parameter 4~N(0.000,infinity)           0.0000            infinity            infinity
     Parameter 5~N(0.000,infinity)           0.0000            infinity            infinity
     Parameter 6~N(0.000,infinity)           0.0000            infinity            infinity
     Parameter 7~N(0.000,infinity)           0.0000            infinity            infinity
     Parameter 8~N(0.000,infinity)           0.0000            infinity            infinity
     Parameter 9~N(0.000,infinity)           0.0000            infinity            infinity
     Parameter 10~N(0.000,infinity)          0.0000            infinity            infinity
     Parameter 11~N(0.000,infinity)          0.0000            infinity            infinity
     Parameter 12~N(0.000,infinity)          0.0000            infinity            infinity
     Parameter 13~N(0.000,infinity)          0.0000            infinity            infinity
     Parameter 14~N(0.000,infinity)          0.0000            infinity            infinity
     Parameter 15~N(0.000,infinity)          0.0000            infinity            infinity
     Parameter 16~N(0.000,infinity)          0.0000            infinity            infinity
     Parameter 17~N(0.000,infinity)          0.0000            infinity            infinity
     Parameter 18~N(0.000,infinity)          0.0000            infinity            infinity
     Parameter 19~N(0.000,infinity)          0.0000            infinity            infinity
     Parameter 20~N(0.000,infinity)          0.0000            infinity            infinity
     Parameter 21~IW(0.000,-10)            infinity            infinity            infinity
     Parameter 22~IW(0.000,-10)            infinity            infinity            infinity
     Parameter 23~IW(0.000,-10)            infinity            infinity            infinity
     Parameter 24~IW(0.000,-10)            infinity            infinity            infinity
     Parameter 25~IW(0.000,-10)            infinity            infinity            infinity
     Parameter 26~IW(0.000,-10)            infinity            infinity            infinity
     Parameter 27~IW(0.000,-10)            infinity            infinity            infinity
     Parameter 28~IW(0.000,-10)            infinity            infinity            infinity
     Parameter 29~IW(0.000,-10)            infinity            infinity            infinity
     Parameter 30~IW(0.000,-10)            infinity            infinity            infinity
     Parameter 31~IW(0.000,-10)            infinity            infinity            infinity
     Parameter 32~IW(0.000,-10)            infinity            infinity            infinity
     Parameter 33~IW(0.000,-10)            infinity            infinity            infinity
     Parameter 34~IW(0.000,-10)            infinity            infinity            infinity
     Parameter 35~IW(0.000,-10)            infinity            infinity            infinity
     Parameter 36~IW(0.000,-10)            infinity            infinity            infinity
     Parameter 37~IW(0.000,-10)            infinity            infinity            infinity
     Parameter 38~IW(0.000,-10)            infinity            infinity            infinity
     Parameter 39~IW(0.000,-10)            infinity            infinity            infinity
     Parameter 40~IW(0.000,-10)            infinity            infinity            infinity
     Parameter 41~IW(0.000,-10)            infinity            infinity            infinity
     Parameter 42~IW(0.000,-10)            infinity            infinity            infinity
     Parameter 43~IW(0.000,-10)            infinity            infinity            infinity
     Parameter 44~IW(0.000,-10)            infinity            infinity            infinity
     Parameter 45~IW(0.000,-10)            infinity            infinity            infinity
     Parameter 46~IW(0.000,-10)            infinity            infinity            infinity
     Parameter 47~IW(0.000,-10)            infinity            infinity            infinity
     Parameter 48~IW(0.000,-10)            infinity            infinity            infinity
     Parameter 49~IW(0.000,-10)            infinity            infinity            infinity
     Parameter 50~IW(0.000,-10)            infinity            infinity            infinity
     Parameter 51~IW(0.000,-10)            infinity            infinity            infinity
     Parameter 52~IW(0.000,-10)            infinity            infinity            infinity
     Parameter 53~IW(0.000,-10)            infinity            infinity            infinity
     Parameter 54~IW(0.000,-10)            infinity            infinity            infinity
     Parameter 55~IW(0.000,-10)            infinity            infinity            infinity
     Parameter 56~IW(0.000,-10)            infinity            infinity            infinity
     Parameter 57~IW(0.000,-10)            infinity            infinity            infinity
     Parameter 58~IW(0.000,-10)            infinity            infinity            infinity
     Parameter 59~IW(0.000,-10)            infinity            infinity            infinity
     Parameter 60~IW(0.000,-10)            infinity            infinity            infinity
     Parameter 61~IW(0.000,-10)            infinity            infinity            infinity
     Parameter 62~IW(0.000,-10)            infinity            infinity            infinity
     Parameter 63~IW(0.000,-10)            infinity            infinity            infinity
     Parameter 64~IW(0.000,-10)            infinity            infinity            infinity
     Parameter 65~IW(0.000,-10)            infinity            infinity            infinity


TECHNICAL 8 OUTPUT


   TECHNICAL 8 OUTPUT FOR BAYES ESTIMATION

     CHAIN    BSEED
     1        0
     2        285380

                     POTENTIAL       PARAMETER WITH
     ITERATION    SCALE REDUCTION      HIGHEST PSR
     100              3.665               36
     200              3.412               38
     300              3.073               50
     400              2.862               16
     500              2.491               35
     600              2.603               40
     700              3.111               55
     800              3.235               55
     900              3.073               55
     1000             2.998               55
     1100             2.670               55
     1200             2.597               55
     1300             2.505               55
     1400             2.154               55
     1500             2.070               55
     1600             2.057               18
     1700             2.014               47
     1800             1.967               47
     1900             1.942               47
     2000             1.928               47
     2100             1.808               47
     2200             1.857               47
     2300             1.771               47
     2400             1.716               47
     2500             1.763               47
     2600             1.743               47
     2700             1.730               47
     2800             1.677               47
     2900             1.620               47
     3000             1.649               47
     3100             1.689               47
     3200             1.753               47
     3300             1.678               47
     3400             1.606               47
     3500             1.465               47
     3600             1.430               47
     3700             1.417               47
     3800             1.343               47
     3900             1.345               45
     4000             1.371               45
     4100             1.358               45
     4200             1.275               45
     4300             1.313               48
     4400             1.314               48
     4500             1.297               53
     4600             1.305               53
     4700             1.280               53
     4800             1.267               48
     4900             1.272               48
     5000             1.285               48
     5100             1.289               48
     5200             1.277               48
     5300             1.260               48
     5400             1.235               48
     5500             1.229               48
     5600             1.216               48
     5700             1.215               48
     5800             1.216               48
     5900             1.220               48
     6000             1.209               48
     6100             1.207               48
     6200             1.194               48
     6300             1.189               48
     6400             1.187               48
     6500             1.185               48
     6600             1.181               48
     6700             1.141               48
     6800             1.123               48
     6900             1.121               51
     7000             1.123               48
     7100             1.150               48
     7200             1.126               48
     7300             1.111               51
     7400             1.119               31
     7500             1.137               31
     7600             1.148               31
     7700             1.159               31
     7800             1.166               31
     7900             1.157               31
     8000             1.146               50
     8100             1.151               50
     8200             1.158               9
     8300             1.165               9
     8400             1.184               9
     8500             1.201               9
     8600             1.197               50
     8700             1.214               50
     8800             1.234               50
     8900             1.251               50
     9000             1.266               50
     9100             1.290               50
     9200             1.297               50
     9300             1.322               50
     9400             1.326               50
     9500             1.324               50
     9600             1.323               50
     9700             1.309               50
     9800             1.281               50
     9900             1.270               50
     10000            1.262               50
     10100            1.256               50
     10200            1.240               50
     10300            1.249               50
     10400            1.238               50
     10500            1.233               50
     10600            1.240               50
     10700            1.241               50
     10800            1.226               50
     10900            1.211               50
     11000            1.199               50
     11100            1.181               9
     11200            1.175               9
     11300            1.171               9
     11400            1.180               9
     11500            1.187               9
     11600            1.183               9
     11700            1.179               9
     11800            1.184               9
     11900            1.179               9
     12000            1.178               9
     12100            1.173               9
     12200            1.169               9
     12300            1.162               9
     12400            1.166               9
     12500            1.173               9
     12600            1.166               9
     12700            1.164               9
     12800            1.167               9
     12900            1.170               9
     13000            1.171               9
     13100            1.166               9
     13200            1.155               9
     13300            1.141               9
     13400            1.130               9
     13500            1.120               9
     13600            1.127               55
     13700            1.139               55
     13800            1.151               55
     13900            1.164               55
     14000            1.173               55
     14100            1.193               55
     14200            1.209               55
     14300            1.208               55
     14400            1.209               55
     14500            1.223               55
     14600            1.230               55
     14700            1.238               55
     14800            1.241               55
     14900            1.244               55
     15000            1.251               55
     15100            1.252               55
     15200            1.244               55
     15300            1.234               55
     15400            1.224               55
     15500            1.213               55
     15600            1.207               55
     15700            1.206               55
     15800            1.211               55
     15900            1.215               55
     16000            1.206               55
     16100            1.205               55
     16200            1.195               55
     16300            1.188               55
     16400            1.181               55
     16500            1.177               55
     16600            1.171               55
     16700            1.173               55
     16800            1.173               55
     16900            1.167               55
     17000            1.162               55
     17100            1.145               55
     17200            1.128               55
     17300            1.123               55
     17400            1.117               55
     17500            1.115               55
     17600            1.116               55
     17700            1.117               55
     17800            1.114               55
     17900            1.112               55
     18000            1.113               55
     18100            1.114               55
     18200            1.114               55
     18300            1.114               55
     18400            1.108               55
     18500            1.107               55
     18600            1.112               55
     18700            1.115               55
     18800            1.112               55
     18900            1.104               55
     19000            1.109               40
     19100            1.120               40
     19200            1.128               40
     19300            1.142               40
     19400            1.143               40
     19500            1.149               40
     19600            1.158               40
     19700            1.165               40
     19800            1.165               40
     19900            1.167               40
     20000            1.165               40
     20100            1.169               40
     20200            1.183               40
     20300            1.193               40
     20400            1.192               40
     20500            1.187               40
     20600            1.190               40
     20700            1.194               40
     20800            1.200               40
     20900            1.203               40
     21000            1.208               40
     21100            1.205               40
     21200            1.197               40
     21300            1.176               40
     21400            1.169               40
     21500            1.169               40
     21600            1.166               40
     21700            1.159               40
     21800            1.155               40
     21900            1.155               40
     22000            1.156               40
     22100            1.157               40
     22200            1.164               40
     22300            1.167               40
     22400            1.163               40
     22500            1.153               40
     22600            1.150               40
     22700            1.150               40
     22800            1.145               40
     22900            1.147               40
     23000            1.145               40
     23100            1.140               40
     23200            1.142               40
     23300            1.138               40
     23400            1.126               40
     23500            1.122               40
     23600            1.120               40
     23700            1.117               40
     23800            1.110               40
     23900            1.112               34
     24000            1.114               34
     24100            1.116               34
     24200            1.114               34
     24300            1.111               34
     24400            1.103               34
     24500            1.094               34


     Beginning Time:  18:54:37
        Ending Time:  19:16:20
       Elapsed Time:  00:21:43



MUTHEN & MUTHEN
3463 Stoner Ave.
Los Angeles, CA  90066

Tel: (310) 391-9971
Fax: (310) 391-8971
Web: www.StatModel.com
Support: Support@StatModel.com

Copyright (c) 1998-2020 Muthen & Muthen
