Mplus VERSION 8.5 (Mac)
MUTHEN & MUTHEN
03/17/2022   6:05 PM

INPUT INSTRUCTIONS

  TITLE: Analysis 5
  DATA: FILE = analysis4+5_S2.dat;
  VARIABLE:
  NAMES = ID WB content stressed lonely
  FTF CMC mixed peers family weak_ties
  E A C N O gender ethnicity SES weekend;
  USEVARIABLES = WB
  CMC mixed family weak_ties
  weekend N
  cxf cxw mxf mxw;
  CLUSTER = ID;
  WITHIN = CMC mixed family weak_ties weekend
  cxf cxw mxf mxw;
  BETWEEN = N;
  MISSING = .;
  DEFINE:
  CENTER CMC (GROUPMEAN);
  CENTER mixed (GROUPMEAN);
  CENTER family (GROUPMEAN);
  CENTER weak_ties (GROUPMEAN);
  cxf=CMC*family;
  cxw=CMC*weak_ties;
  mxf=mixed*family;
  mxw=mixed*weak_ties;
  CENTER N (GRANDMEAN);
  ANALYSIS: TYPE = TWOLEVEL RANDOM; ESTIMATOR = BAYES;
  BITERATIONS = (10000); PROCESSORS = 2;
  MODEL:
  %WITHIN%
  ! Well-being is predicted by CMC, the slope is random
  S1 | WB ON CMC;
  ! Well-being is predicted by mixed episodes, the slope is random
  S2 | WB ON mixed;
  ! Well-being is predicted by family, the slope is random
  S3 | WB ON family;
  ! Well-being is predicted by weak ties, the slope is random
  S4 | WB ON weak_ties;
  ! Well-being is predicted by CMC*family, the slope is random
  S5 | WB ON cxf;
  ! Well-being is predicted by CMC*weak ties, the slope is random
  S6 | WB ON cxw;
  ! Well-being is predicted by mixed*family, the slope is random
  S7 | WB ON mxf;
  ! Well-being is predicted by mixed*weak ties, the slope is random
  S8 | WB ON mxw;
  ! Control for weekend
  WB ON weekend;
  %BETWEEN%
  ! Covariance between intercept and slopes
  WB S1-S8 WITH WB S1-S8;
  ! The intercept is predicted by neuroticism
  WB ON N;
  ! The slopes are predicted by neuroticism
  S1-S8 ON N;
  OUTPUT: STDYX STDY TECH8;



*** WARNING in VARIABLE command
  Note that only the first 8 characters of variable names are used in the output.
  Shorten variable names to avoid any confusion.
*** WARNING
  One or more individual-level variables have no variation within a
  cluster for the following clusters.

     Variable   Cluster IDs with no within-cluster variation

      WB          497 134 140 13 50 629
      WEEKEND     316 335 69 368 502 568 134 293 140 307 650 197 357 404 163 595 300 93 680 700
                  513 515 537 291 496 326 849 668 321 110 48 722
      CXF         316 335 69 368 215 497 502 568 134 293 703 140 307 650 13 197 65 565 50 357
                  362 216 382 404 783 118 163 595 300 72 93 428 680 700 150 320 333 513 515 537
                  212 657 689 483 96 133 736 578 498 629 857 182 480 677 325 698 753 777 597 519
                  533 836 98 849 61 231 398 727 599 747 501 417 425 623 631 10 804 107 668 11
                  321 559 110 644 229 563 276 672 92 582 126 814 360 334 199 217 343 99 574 584
                  822 825 506 6 649 211 414 172 608 724 848 740 387 331 570 137 842 435 271 371
                  260 361 318 820 616 746 279 826 179 104 536 768 854 410 542 794 591 221 78 26
                  123 328 12 15 213 642 564 619 725 45 688 520 246 214 695 750 457 601 772 470
                  606 219 241 108 195 531 202 852 472 379 769 173 311 634 764 596 771 294 846
                  464 434 332 381 94 164 4 138 42 88 671 177 152 845 522 784 14 469 356 79 481
                  82 83 274 49 577 474 838 290 782 269 20 458 816 659 824 57 490 87 405 739 843
                  511 136 743 401 758 459 22 760 7 730 773 749 550 47 402 415 479 242 60 609 77
                  514 850 598 654 572 465 287 499 580
      CXW         316 335 69 368 215 497 502 568 134 293 703 140 307 650 13 65 776 50 357 216
                  382 783 118 163 595 93 680 320 333 262 513 657 133 736 498 621 629 326 182 220
                  567 194 519 546 836 61 230 239 727 599 501 623 10 107 668 11 644 229 563 276
                  92 582 802 142 126 451 244 302 360 334 199 807 40 19 649 463 211 441 704 466
                  748 179 536 410 542 36 48 635 221 718 213 421 564 543 619 620 482 380 214 695
                  601 471 606 241 222 531 202 754 311 67 516 332 571 4 42 88 177 44 412 59 355
                  84 583 87 297 184 756 809 667 760 573 730 550 402 738 386 242 609 378 540 444
                  705 24
      MXF         316 335 69 368 215 497 502 568 134 293 703 140 307 650 13 197 65 776 565 50
                  357 362 216 382 404 783 643 118 163 595 300 72 93 428 680 700 150 320 513 515
                  537 212 657 689 483 96 133 291 736 578 498 790 621 629 363 857 182 38 480 567
                  677 325 698 646 194 753 777 597 519 533 836 98 849 500 61 231 155 398 599 602
                  747 501 417 425 623 631 10 804 107 668 11 321 559 110 91 229 757 563 413 276
                  672 126 814 130 451 338 532 360 334 547 633 763 427 217 343 99 574 40 584 822
                  825 506 6 143 19 649 576 414 306 172 90 32 608 377 724 324 848 740 707 387 821
                  331 832 570 137 842 435 271 18 371 713 792 251 260 666 361 318 820 616 746 279
                  826 179 104 628 536 768 854 630 410 542 794 591 592 78 26 123 305 328 614 354
                  12 15 213 642 562 422 564 711 543 619 725 45 116 688 183 520 41 246 737 71 817
                  695 750 457 86 601 772 470 509 606 219 241 395 108 656 585 195 785 600 787 531
                  852 472 379 769 173 232 634 226 639 764 596 771 294 516 846 272 464 193 434
                  237 284 381 94 164 851 4 203 138 88 671 177 152 845 55 684 522 784 690 14 148
                  469 648 187 356 79 481 82 176 83 274 49 577 474 838 175 290 782 269 396 20 458
                  816 659 824 57 490 87 52 405 739 345 843 511 136 743 401 758 459 358 22 667
                  760 7 779 730 773 749 374 319 755 550 47 402 696 415 479 242 60 609 674 77 514
                  850 598 654 572 465 346 287 499 580
      MXW         316 335 69 368 215 497 502 568 134 293 703 140 307 650 13 65 776 565 50 357
                  362 216 382 404 643 118 163 595 300 93 428 680 700 150 320 262 513 515 657 689
                  96 291 736 578 498 790 621 363 857 326 38 220 567 677 646 194 533 546 836 500
                  61 230 155 239 599 602 501 417 631 10 804 107 668 11 91 229 757 563 413 276
                  802 142 126 130 451 244 338 302 532 360 334 547 633 763 427 217 574 807 40 822
                  825 506 143 19 649 576 463 306 90 32 377 441 724 324 848 704 707 821 331 832
                  137 18 371 713 792 466 251 260 666 746 826 748 179 628 630 410 542 36 48 592
                  635 78 305 718 614 354 15 213 642 421 562 422 564 711 543 619 620 116 482 183
                  520 41 246 737 380 71 817 695 750 86 509 471 606 241 395 656 585 222 195 785
                  600 787 531 202 754 232 226 639 67 294 516 272 464 193 237 284 571 851 4 203
                  177 44 55 684 784 690 148 648 187 176 412 59 355 84 175 583 290 396 87 52 345
                  297 184 401 756 358 809 667 760 573 779 730 374 319 755 550 402 696 738 386
                  242 609 674 378 540 444 514 705 346 24

*** WARNING
  Data set contains cases with missing on x-variables.
  These cases were not included in the analysis.
  Number of cases with missing on x-variables:  3138
*** WARNING
  Data set contains cases with missing on all variables except
  x-variables.  These cases were not included in the analysis.
  Number of cases with missing on all variables except x-variables:  10
   4 WARNING(S) FOUND IN THE INPUT INSTRUCTIONS



Analysis 5

SUMMARY OF ANALYSIS

Number of groups                                                 1
Number of observations                                       10871

Number of dependent variables                                    1
Number of independent variables                                 10
Number of continuous latent variables                            8

Observed dependent variables

  Continuous
   WB

Observed independent variables
   CMC         MIXED       FAMILY      WEAK_TIE    WEEKEND     N
   CXF         CXW         MXF         MXW

Continuous latent variables
   S1          S2          S3          S4          S5          S6
   S7          S8

Variables with special functions

  Cluster variable      ID

  Within variables
   CMC         MIXED       FAMILY      WEAK_TIE    WEEKEND     CXF
   CXW         MXF         MXW

  Between variables
   N

  Centering (GRANDMEAN)
   N

  Centering (GROUPMEAN)
   CMC         MIXED       FAMILY      WEAK_TIE


Estimator                                                    BAYES
Specifications for Bayesian Estimation
  Point estimate                                            MEDIAN
  Number of Markov chain Monte Carlo (MCMC) chains               2
  Random seed for the first chain                                0
  Starting value information                           UNPERTURBED
  Algorithm used for Markov chain Monte Carlo           GIBBS(PX1)
  Convergence criterion                                  0.500D-01
  Maximum number of iterations                               50000
  K-th iteration used for thinning                               1

Input data file(s)
  analysis4+5_S2.dat
Input data format  FREE


SUMMARY OF DATA

     Number of clusters                        623

       Size (s)    Cluster ID with Size s

          1        46 100 121 157 198 208 277 301 312 350 450 486 603 664
                   708 723
          2        316 335 69 368 215 497 502 568 134 293 703 140 307
          3        650 13 197 65 776 565
          4        50 357 362 216 382 404 783 643 118
          5        163 595 300 72 93 428 680 700 150 320 333 262 513 515
                   537 212
          6        657 373 689 483 96 133 291 736 496 578 498 790 621 629
                   363 857
          7        589 326 182 38 220 370 480 567 677 325 698
          8        646 366 194 753 278 777 597 243 519 533 546 812 836
                   98 849 500 23
          9        61 230 231 155 239 398 727 599 602 747 501 417 425 623
                   132 631 10 804 107 29 668 478 11 321 559
         10        110 91 485 265 644 229 757 563 310 413 276 672 92 582
                   64 802 432 142 126 814 130 451 244 247 617 338
         11        302 467 406 532 360 538 334 547 199 633 555 763 427
                   217 566 801 343 99 574 807 40 584 822 825 506 6 847
         12        143 19 649 576 95 463 211 414 789 306 172 90 32 156
                   608 377 158 441 162 724 324 848 740
         13        701 477 704 707 810 2 387 819 821 770 267 331 830 832
                   570 137 842 435 271 18 655
         14        371 713 792 466 251 190 260 204 666 361 813 318 820
                   616 746 279 826 748 179 104 628 536 766 768 854 630
                   410
         15        542 794 579 264 733 36 48 682 685 744 591 592 692 635
                   221 78 26 123 305 328 718 614 354 722 12 15
         16        245 213 642 421 562 422 564 400 711 43 717 543 619 620
                   725 174 551 45 507 76 116 688
         17        482 327 183 520 408 372 41 225 246 737 359 380 71 817
                   214 695 750 457 638 641 759 191 394 86 601 772 470 509
                   471 606 219 241 117
         18        31 395 108 656 585 715 403 622 222 195 74 525 726 681
                   528 785 600 787 531 73 159 160 473 202 541 852
         19        544 754 115 112 472 379 834 769 173 232 56 311 634 226
                   364 639 694 665 640
         20        632 764 66 798 250 596 771 67 294 516 846 436 25 670
                   732 27 127 257 367
         21        249 272 464 101 193 721 434 237 284 139 332 571 381
                   161 94 735 37 164 851 4 203 128 426
         22        138 42 431 275 88 671 258 313 177 152 845 569 44 55
                   684 522 784 63 690 607
         23        14 148 469 170 648 187 356 79 125 527 775 660 481 82
                   176 83 853 210 412 274 146
         24        59 508 54 49 355 577 474 838 84 774 175 583 661 808
                   460 290 782 266 613 248 503 234 269 593 396
         25        20 458 816 120 709 659 693 824 51 57 490 87 52 385 833
                   16 315
         26        181 405 739 345 843 423 297 468 154 511 8 136 624
         27        647 169 743 610 103 699 184 383 348 401 493 227 534
                   756 295 758 388 459 358 391 714 765 22
         28        446 809 827 530 167 186 201 667 760
         29        7 573 779 730 299 773 168 282 749
         30        374 800 319 811 755 550 795 97 47
         31        402 625 696 252 529 738 652 415 309 386
         32        323 263 636 479 270 80 242 60 235
         33        609 389 674 378
         34        77 581 399 337 540 476 439 444
         35        514
         36        135 393
         37        850 192
         38        598 273 705 780 654 308
         39        662 767 572
         40        418
         41        141 465 346 228 53 254
         43        287
         44        499
         45        24
         46        580



COVARIANCE COVERAGE OF DATA

Minimum covariance coverage value   0.100

     Number of missing data patterns             1


     PROPORTION OF DATA PRESENT


           Covariance Coverage
              WB            CMC           MIXED         FAMILY        WEAK_TIE
              ________      ________      ________      ________      ________
 WB             1.000
 CMC            1.000         1.000
 MIXED          1.000         1.000         1.000
 FAMILY         1.000         1.000         1.000         1.000
 WEAK_TIE       1.000         1.000         1.000         1.000         1.000
 WEEKEND        1.000         1.000         1.000         1.000         1.000
 CXF            1.000         1.000         1.000         1.000         1.000
 CXW            1.000         1.000         1.000         1.000         1.000
 MXF            1.000         1.000         1.000         1.000         1.000
 MXW            1.000         1.000         1.000         1.000         1.000
 N              1.000         1.000         1.000         1.000         1.000


           Covariance Coverage
              WEEKEND       CXF           CXW           MXF           MXW
              ________      ________      ________      ________      ________
 WEEKEND        1.000
 CXF            1.000         1.000
 CXW            1.000         1.000         1.000
 MXF            1.000         1.000         1.000         1.000
 MXW            1.000         1.000         1.000         1.000         1.000
 N              1.000         1.000         1.000         1.000         1.000


           Covariance Coverage
              N
              ________
 N              1.000



UNIVARIATE SAMPLE STATISTICS


     UNIVARIATE HIGHER-ORDER MOMENT DESCRIPTIVE STATISTICS

         Variable/         Mean/     Skewness/   Minimum/ % with                Percentiles
        Sample Size      Variance    Kurtosis    Maximum  Min/Max      20%/60%    40%/80%    Median

     WB                    3.030      -0.512       1.000    0.88%       2.333      3.000      3.000
           10871.000       0.428      -0.085       4.000   11.18%       3.333      3.667
     CMC                   0.000       0.592      -0.941    0.01%      -0.333     -0.192     -0.125
           10871.000       0.174      -0.751       0.964    0.01%      -0.067      0.480
     MIXED                 0.000       1.589      -0.833    0.01%      -0.200     -0.100     -0.067
           10871.000       0.104       1.863       0.972    0.01%      -0.040      0.000
     FAMILY                0.000       1.474      -0.947    0.01%      -0.167     -0.059     -0.034
           10871.000       0.088       2.597       0.974    0.01%       0.000      0.000
     WEAK_TIES             0.000       1.214      -0.846    0.04%      -0.222     -0.125     -0.083
           10871.000       0.123       0.865       0.977    0.01%      -0.050      0.000
     WEEKEND               0.308       0.832       0.000   69.21%       0.000      0.000      0.000
           10871.000       0.213      -1.307       1.000   30.79%       0.000      1.000
     CXF                   0.003       1.128      -0.754    0.02%      -0.031      0.000      0.000
           10871.000       0.017      11.376       0.915    0.01%       0.000      0.028
     CXW                  -0.024      -0.311      -0.892    0.01%      -0.092      0.000      0.000
           10871.000       0.020       6.578       0.898    0.01%       0.008      0.039
     MXF                  -0.004       1.517      -0.710    0.01%       0.000      0.000      0.000
           10871.000       0.006      34.594       0.878    0.01%       0.000      0.011
     MXW                  -0.007       1.548      -0.814    0.01%      -0.025      0.000      0.000
           10871.000       0.010      20.252       0.845    0.01%       0.004      0.023
     N                     0.000      -0.005      -1.996    0.16%      -0.621     -0.246      0.004
             623.000       0.543      -0.508       1.879    0.32%       0.254      0.629


THE MODEL ESTIMATION TERMINATED NORMALLY

     USE THE FBITERATIONS OPTION TO INCREASE THE NUMBER OF ITERATIONS BY A FACTOR
     OF AT LEAST TWO TO CHECK CONVERGENCE AND THAT THE PSR VALUE DOES NOT INCREASE.



MODEL FIT INFORMATION

Number of Free Parameters                              65

Information Criteria

          Deviance (DIC)                        16382.336
          Estimated Number of Parameters (pD)    1161.599



MODEL RESULTS

                                Posterior  One-Tailed         95% C.I.
                    Estimate       S.D.      P-Value   Lower 2.5%  Upper 2.5%  Significance

Within Level

 WB         ON
    WEEKEND            0.108       0.012      0.000       0.085       0.130      *

 Residual Variances
    WB                 0.237       0.004      0.000       0.231       0.245      *

Between Level

 S1         ON
    N                 -0.065       0.022      0.002      -0.109      -0.022      *

 S2         ON
    N                 -0.014       0.026      0.301      -0.063       0.037

 S3         ON
    N                 -0.020       0.031      0.253      -0.081       0.041

 S4         ON
    N                 -0.040       0.025      0.052      -0.088       0.009

 S5         ON
    N                  0.078       0.070      0.134      -0.061       0.217

 S6         ON
    N                  0.032       0.062      0.302      -0.091       0.149

 S7         ON
    N                  0.052       0.112      0.327      -0.169       0.267

 S8         ON
    N                 -0.060       0.089      0.245      -0.229       0.118

 WB         ON
    N                 -0.203       0.022      0.000      -0.246      -0.159      *

 WB       WITH
    S1                 0.008       0.007      0.124      -0.005       0.021
    S2                -0.007       0.007      0.153      -0.022       0.007
    S3                -0.008       0.009      0.176      -0.027       0.010
    S4                -0.025       0.008      0.000      -0.040      -0.010      *
    S5                -0.014       0.020      0.247      -0.054       0.026
    S6                -0.006       0.017      0.355      -0.041       0.027
    S7                -0.016       0.035      0.319      -0.084       0.050
    S8                -0.015       0.025      0.264      -0.064       0.033

 S1       WITH
    S2                 0.018       0.007      0.002       0.006       0.032      *
    S3                -0.016       0.008      0.021      -0.032      -0.001      *
    S4                 0.007       0.007      0.126      -0.005       0.021
    S5                 0.006       0.016      0.352      -0.027       0.038
    S6                -0.022       0.012      0.037      -0.047       0.002
    S7                -0.036       0.029      0.089      -0.096       0.018
    S8                -0.025       0.020      0.111      -0.064       0.014

 S2       WITH
    S3                -0.006       0.008      0.227      -0.021       0.011
    S4                 0.008       0.007      0.112      -0.005       0.022
    S5                 0.013       0.017      0.205      -0.021       0.045
    S6                -0.005       0.012      0.314      -0.029       0.016
    S7                -0.028       0.025      0.127      -0.076       0.023
    S8                -0.023       0.015      0.046      -0.053       0.004

 S3       WITH
    S4                 0.008       0.009      0.170      -0.008       0.027
    S5                -0.026       0.019      0.080      -0.066       0.010
    S6                 0.004       0.015      0.402      -0.027       0.033
    S7                 0.034       0.030      0.120      -0.024       0.097
    S8                 0.007       0.025      0.406      -0.041       0.052

 S4       WITH
    S5                -0.003       0.018      0.447      -0.038       0.034
    S6                 0.011       0.012      0.164      -0.009       0.035
    S7                -0.019       0.026      0.237      -0.071       0.033
    S8                 0.005       0.019      0.388      -0.029       0.045

 S5       WITH
    S6                 0.028       0.034      0.197      -0.036       0.101
    S7                -0.032       0.062      0.311      -0.151       0.099
    S8                -0.023       0.043      0.293      -0.110       0.061

 S6       WITH
    S7                 0.014       0.044      0.372      -0.079       0.094
    S8                 0.005       0.030      0.435      -0.057       0.067

 S7       WITH
    S8                 0.028       0.065      0.328      -0.096       0.158

 Intercepts
    WB                 2.975       0.017      0.000       2.943       3.008      *
    S1                -0.229       0.016      0.000      -0.260      -0.197      *
    S2                -0.050       0.018      0.003      -0.085      -0.014      *
    S3                 0.016       0.023      0.240      -0.030       0.062
    S4                -0.146       0.018      0.000      -0.182      -0.111      *
    S5                 0.004       0.052      0.467      -0.097       0.106
    S6                 0.103       0.041      0.005       0.024       0.183      *
    S7                 0.003       0.087      0.486      -0.165       0.172
    S8                 0.065       0.059      0.132      -0.054       0.181

 Residual Variances
    WB                 0.143       0.010      0.000       0.125       0.163      *
    S1                 0.046       0.008      0.000       0.032       0.063      *
    S2                 0.024       0.008      0.000       0.011       0.042      *
    S3                 0.051       0.012      0.000       0.031       0.077      *
    S4                 0.036       0.010      0.000       0.021       0.058      *
    S5                 0.162       0.058      0.000       0.070       0.295      *
    S6                 0.070       0.027      0.000       0.029       0.136      *
    S7                 0.312       0.118      0.000       0.145       0.607      *
    S8                 0.142       0.058      0.000       0.056       0.278      *


STANDARDIZED MODEL RESULTS


STDYX Standardization

                                Posterior  One-Tailed         95% C.I.
                    Estimate       S.D.      P-Value   Lower 2.5%  Upper 2.5%  Significance

Within-Level Standardized Estimates Averaged Over Clusters

 S1 | WB ON
    CMC               -0.162       0.009      0.000      -0.180      -0.145      *

 S2 | WB ON
    MIXED             -0.027       0.007      0.000      -0.041      -0.012      *

 S3 | WB ON
    FAMILY             0.006       0.008      0.211      -0.009       0.022

 S4 | WB ON
    WEAK_TIES         -0.084       0.009      0.000      -0.102      -0.068      *

 S5 | WB ON
    CXF                0.000       0.008      0.494      -0.015       0.019

 S6 | WB ON
    CXW                0.018       0.007      0.008       0.003       0.030      *

 S7 | WB ON
    MXF               -0.001       0.005      0.427      -0.011       0.010

 S8 | WB ON
    MXW                0.004       0.005      0.243      -0.008       0.014

 WB         ON
    WEEKEND            0.086       0.009      0.000       0.069       0.103      *

 Residual Variances
    WB                 0.886       0.006      0.000       0.874       0.898      *

Between Level

 S1         ON
    N                 -0.157       0.055      0.002      -0.267      -0.052      *

 S2         ON
    N                 -0.047       0.091      0.301      -0.229       0.131

 S3         ON
    N                 -0.048       0.072      0.253      -0.190       0.095

 S4         ON
    N                 -0.110       0.069      0.052      -0.248       0.023

 S5         ON
    N                  0.103       0.092      0.134      -0.083       0.278

 S6         ON
    N                  0.063       0.127      0.302      -0.202       0.301

 S7         ON
    N                  0.049       0.108      0.327      -0.154       0.268

 S8         ON
    N                 -0.085       0.125      0.245      -0.316       0.178

 WB         ON
    N                 -0.273       0.029      0.000      -0.328      -0.215      *

 WB       WITH
    S1                 0.095       0.081      0.124      -0.066       0.252
    S2                -0.128       0.125      0.153      -0.372       0.112
    S3                -0.097       0.108      0.176      -0.310       0.111
    S4                -0.350       0.100      0.000      -0.536      -0.145      *
    S5                -0.092       0.135      0.247      -0.349       0.177
    S6                -0.063       0.174      0.355      -0.405       0.280
    S7                -0.078       0.163      0.319      -0.387       0.249
    S8                -0.109       0.175      0.264      -0.447       0.230

 S1       WITH
    S2                 0.549       0.148      0.002       0.219       0.788      *
    S3                -0.342       0.159      0.021      -0.636      -0.013      *
    S4                 0.184       0.151      0.126      -0.133       0.458
    S5                 0.076       0.189      0.352      -0.300       0.424
    S6                -0.403       0.208      0.037      -0.791       0.036
    S7                -0.309       0.222      0.089      -0.698       0.160
    S8                -0.324       0.230      0.111      -0.698       0.190

 S2       WITH
    S3                -0.180       0.227      0.227      -0.576       0.308
    S4                 0.291       0.218      0.112      -0.185       0.677
    S5                 0.230       0.258      0.205      -0.339       0.659
    S6                -0.142       0.272      0.314      -0.674       0.356
    S7                -0.340       0.264      0.127      -0.758       0.254
    S8                -0.410       0.214      0.046      -0.751       0.071

 S3       WITH
    S4                 0.199       0.197      0.170      -0.213       0.549
    S5                -0.290       0.201      0.080      -0.671       0.121
    S6                 0.072       0.255      0.402      -0.426       0.536
    S7                 0.277       0.223      0.120      -0.193       0.683
    S8                 0.084       0.286      0.406      -0.475       0.597

 S4       WITH
    S5                -0.034       0.239      0.447      -0.490       0.447
    S6                 0.227       0.211      0.164      -0.222       0.585
    S7                -0.177       0.244      0.237      -0.645       0.311
    S8                 0.074       0.247      0.388      -0.418       0.531

 S5       WITH
    S6                 0.269       0.287      0.197      -0.410       0.711
    S7                -0.145       0.271      0.311      -0.625       0.418
    S8                -0.167       0.274      0.293      -0.649       0.392

 S6       WITH
    S7                 0.102       0.281      0.372      -0.494       0.574
    S8                 0.051       0.290      0.435      -0.523       0.594

 S7       WITH
    S8                 0.142       0.293      0.328      -0.450       0.661

 Intercepts
    WB                 7.579       0.249      0.000       7.097       8.073      *
    S1                -1.054       0.118      0.000      -1.310      -0.845      *
    S2                -0.323       0.135      0.003      -0.613      -0.084      *
    S3                 0.072       0.105      0.240      -0.132       0.280
    S4                -0.761       0.140      0.000      -1.073      -0.529      *
    S5                 0.010       0.133      0.467      -0.245       0.279
    S6                 0.388       0.173      0.005       0.087       0.770      *
    S7                 0.006       0.161      0.486      -0.310       0.327
    S8                 0.171       0.172      0.132      -0.140       0.544

 Residual Variances
    WB                 0.925       0.016      0.000       0.892       0.954      *
    S1                 0.975       0.018      0.000       0.929       0.997      *
    S2                 0.995       0.015      0.000       0.947       1.000      *
    S3                 0.996       0.010      0.000       0.964       1.000      *
    S4                 0.988       0.017      0.000       0.938       1.000      *
    S5                 0.989       0.022      0.000       0.922       1.000      *
    S6                 0.991       0.027      0.000       0.903       1.000      *
    S7                 0.993       0.020      0.000       0.927       1.000      *
    S8                 0.989       0.030      0.000       0.896       1.000      *


STDY Standardization

                                Posterior  One-Tailed         95% C.I.
                    Estimate       S.D.      P-Value   Lower 2.5%  Upper 2.5%  Significance

Within-Level Standardized Estimates Averaged Over Clusters

 S1 | WB ON
    CMC               -0.430       0.025      0.000      -0.481      -0.385      *

 S2 | WB ON
    MIXED             -0.106       0.029      0.000      -0.161      -0.050      *

 S3 | WB ON
    FAMILY             0.028       0.042      0.244      -0.056       0.109

 S4 | WB ON
    WEAK_TIES         -0.279       0.029      0.000      -0.341      -0.225      *

 S5 | WB ON
    CXF               -0.001       0.106      0.495      -0.194       0.252

 S6 | WB ON
    CXW                0.181       0.070      0.011       0.022       0.293      *

 S7 | WB ON
    MXF               -0.058       0.159      0.361      -0.354       0.270

 S8 | WB ON
    MXW                0.049       0.094      0.299      -0.155       0.216

 WB         ON
    WEEKEND            0.210       0.021      0.000       0.168       0.250      *

 Residual Variances
    WB                 0.886       0.006      0.000       0.874       0.898      *

Between Level

 S1         ON
    N                 -0.298       0.103      0.002      -0.504      -0.098      *

 S2         ON
    N                 -0.089       0.172      0.301      -0.433       0.247

 S3         ON
    N                 -0.090       0.136      0.253      -0.359       0.180

 S4         ON
    N                 -0.209       0.131      0.052      -0.469       0.044

 S5         ON
    N                  0.194       0.174      0.134      -0.157       0.526

 S6         ON
    N                  0.120       0.239      0.302      -0.382       0.569

 S7         ON
    N                  0.093       0.204      0.327      -0.291       0.507

 S8         ON
    N                 -0.161       0.237      0.245      -0.598       0.336

 WB         ON
    N                 -0.516       0.054      0.000      -0.620      -0.407      *

 WB       WITH
    S1                 0.095       0.081      0.124      -0.066       0.252
    S2                -0.128       0.125      0.153      -0.372       0.112
    S3                -0.097       0.108      0.176      -0.310       0.111
    S4                -0.350       0.100      0.000      -0.536      -0.145      *
    S5                -0.092       0.135      0.247      -0.349       0.177
    S6                -0.063       0.174      0.355      -0.405       0.280
    S7                -0.078       0.163      0.319      -0.387       0.249
    S8                -0.109       0.175      0.264      -0.447       0.230

 S1       WITH
    S2                 0.549       0.148      0.002       0.219       0.788      *
    S3                -0.342       0.159      0.021      -0.636      -0.013      *
    S4                 0.184       0.151      0.126      -0.133       0.458
    S5                 0.076       0.189      0.352      -0.300       0.424
    S6                -0.403       0.208      0.037      -0.791       0.036
    S7                -0.309       0.222      0.089      -0.698       0.160
    S8                -0.324       0.230      0.111      -0.698       0.190

 S2       WITH
    S3                -0.180       0.227      0.227      -0.576       0.308
    S4                 0.291       0.218      0.112      -0.185       0.677
    S5                 0.230       0.258      0.205      -0.339       0.659
    S6                -0.142       0.272      0.314      -0.674       0.356
    S7                -0.340       0.264      0.127      -0.758       0.254
    S8                -0.410       0.214      0.046      -0.751       0.071

 S3       WITH
    S4                 0.199       0.197      0.170      -0.213       0.549
    S5                -0.290       0.201      0.080      -0.671       0.121
    S6                 0.072       0.255      0.402      -0.426       0.536
    S7                 0.277       0.223      0.120      -0.193       0.683
    S8                 0.084       0.286      0.406      -0.475       0.597

 S4       WITH
    S5                -0.034       0.239      0.447      -0.490       0.447
    S6                 0.227       0.211      0.164      -0.222       0.585
    S7                -0.177       0.244      0.237      -0.645       0.311
    S8                 0.074       0.247      0.388      -0.418       0.531

 S5       WITH
    S6                 0.269       0.287      0.197      -0.410       0.711
    S7                -0.145       0.271      0.311      -0.625       0.418
    S8                -0.167       0.274      0.293      -0.649       0.392

 S6       WITH
    S7                 0.102       0.281      0.372      -0.494       0.574
    S8                 0.051       0.290      0.435      -0.523       0.594

 S7       WITH
    S8                 0.142       0.293      0.328      -0.450       0.661

 Intercepts
    WB                 7.579       0.249      0.000       7.097       8.073      *
    S1                -1.054       0.118      0.000      -1.310      -0.845      *
    S2                -0.323       0.135      0.003      -0.613      -0.084      *
    S3                 0.072       0.105      0.240      -0.132       0.280
    S4                -0.761       0.140      0.000      -1.073      -0.529      *
    S5                 0.010       0.133      0.467      -0.245       0.279
    S6                 0.388       0.173      0.005       0.087       0.770      *
    S7                 0.006       0.161      0.486      -0.310       0.327
    S8                 0.171       0.172      0.132      -0.140       0.544

 Residual Variances
    WB                 0.925       0.016      0.000       0.892       0.954      *
    S1                 0.975       0.018      0.000       0.929       0.997      *
    S2                 0.995       0.015      0.000       0.947       1.000      *
    S3                 0.996       0.010      0.000       0.964       1.000      *
    S4                 0.988       0.017      0.000       0.938       1.000      *
    S5                 0.989       0.022      0.000       0.922       1.000      *
    S6                 0.991       0.027      0.000       0.903       1.000      *
    S7                 0.993       0.020      0.000       0.927       1.000      *
    S8                 0.989       0.030      0.000       0.896       1.000      *


R-SQUARE

Within-Level R-Square Averaged Across Clusters

                                Posterior  One-Tailed         95% C.I.
    Variable        Estimate       S.D.      P-Value   Lower 2.5%  Upper 2.5%

    WB                 0.114       0.006      0.000       0.102       0.126

Between Level

                                Posterior  One-Tailed         95% C.I.
    Variable        Estimate       S.D.      P-Value   Lower 2.5%  Upper 2.5%

    WB                 0.075       0.016      0.000       0.046       0.108

                                Posterior  One-Tailed         95% C.I.
    Variable        Estimate       S.D.      P-Value   Lower 2.5%  Upper 2.5%

    S1                 0.025       0.018      0.000       0.003       0.071
    S2                 0.005       0.015      0.000       0.000       0.053
    S3                 0.004       0.010      0.000       0.000       0.036
    S4                 0.012       0.017      0.000       0.000       0.062
    S5                 0.011       0.022      0.000       0.000       0.078
    S6                 0.009       0.027      0.000       0.000       0.097
    S7                 0.007       0.020      0.000       0.000       0.073
    S8                 0.011       0.030      0.000       0.000       0.104


TECHNICAL 1 OUTPUT


     PARAMETER SPECIFICATION FOR WITHIN


           NU
              WB            CMC           MIXED         FAMILY        WEAK_TIE
              ________      ________      ________      ________      ________
                    0             0             0             0             0


           NU
              WEEKEND       CXF           CXW           MXF           MXW
              ________      ________      ________      ________      ________
                    0             0             0             0             0


           LAMBDA
              WB            CMC           MIXED         FAMILY        WEAK_TIE
              ________      ________      ________      ________      ________
 WB                 0             0             0             0             0
 CMC                0             0             0             0             0
 MIXED              0             0             0             0             0
 FAMILY             0             0             0             0             0
 WEAK_TIE           0             0             0             0             0
 WEEKEND            0             0             0             0             0
 CXF                0             0             0             0             0
 CXW                0             0             0             0             0
 MXF                0             0             0             0             0
 MXW                0             0             0             0             0


           LAMBDA
              WEEKEND       CXF           CXW           MXF           MXW
              ________      ________      ________      ________      ________
 WB                 0             0             0             0             0
 CMC                0             0             0             0             0
 MIXED              0             0             0             0             0
 FAMILY             0             0             0             0             0
 WEAK_TIE           0             0             0             0             0
 WEEKEND            0             0             0             0             0
 CXF                0             0             0             0             0
 CXW                0             0             0             0             0
 MXF                0             0             0             0             0
 MXW                0             0             0             0             0


           THETA
              WB            CMC           MIXED         FAMILY        WEAK_TIE
              ________      ________      ________      ________      ________
 WB                 0
 CMC                0             0
 MIXED              0             0             0
 FAMILY             0             0             0             0
 WEAK_TIE           0             0             0             0             0
 WEEKEND            0             0             0             0             0
 CXF                0             0             0             0             0
 CXW                0             0             0             0             0
 MXF                0             0             0             0             0
 MXW                0             0             0             0             0


           THETA
              WEEKEND       CXF           CXW           MXF           MXW
              ________      ________      ________      ________      ________
 WEEKEND            0
 CXF                0             0
 CXW                0             0             0
 MXF                0             0             0             0
 MXW                0             0             0             0             0


           ALPHA
              WB            CMC           MIXED         FAMILY        WEAK_TIE
              ________      ________      ________      ________      ________
                    0             0             0             0             0


           ALPHA
              WEEKEND       CXF           CXW           MXF           MXW
              ________      ________      ________      ________      ________
                    0             0             0             0             0


           BETA
              WB            CMC           MIXED         FAMILY        WEAK_TIE
              ________      ________      ________      ________      ________
 WB                 0             0             0             0             0
 CMC                0             0             0             0             0
 MIXED              0             0             0             0             0
 FAMILY             0             0             0             0             0
 WEAK_TIE           0             0             0             0             0
 WEEKEND            0             0             0             0             0
 CXF                0             0             0             0             0
 CXW                0             0             0             0             0
 MXF                0             0             0             0             0
 MXW                0             0             0             0             0


           BETA
              WEEKEND       CXF           CXW           MXF           MXW
              ________      ________      ________      ________      ________
 WB                 1             0             0             0             0
 CMC                0             0             0             0             0
 MIXED              0             0             0             0             0
 FAMILY             0             0             0             0             0
 WEAK_TIE           0             0             0             0             0
 WEEKEND            0             0             0             0             0
 CXF                0             0             0             0             0
 CXW                0             0             0             0             0
 MXF                0             0             0             0             0
 MXW                0             0             0             0             0


           PSI
              WB            CMC           MIXED         FAMILY        WEAK_TIE
              ________      ________      ________      ________      ________
 WB                 2
 CMC                0             0
 MIXED              0             0             0
 FAMILY             0             0             0             0
 WEAK_TIE           0             0             0             0             0
 WEEKEND            0             0             0             0             0
 CXF                0             0             0             0             0
 CXW                0             0             0             0             0
 MXF                0             0             0             0             0
 MXW                0             0             0             0             0


           PSI
              WEEKEND       CXF           CXW           MXF           MXW
              ________      ________      ________      ________      ________
 WEEKEND            0
 CXF                0             0
 CXW                0             0             0
 MXF                0             0             0             0
 MXW                0             0             0             0             0


     PARAMETER SPECIFICATION FOR BETWEEN


           NU
              WB            N
              ________      ________
                    0             0


           LAMBDA
              S1            S2            S3            S4            S5
              ________      ________      ________      ________      ________
 WB                 0             0             0             0             0
 N                  0             0             0             0             0


           LAMBDA
              S6            S7            S8            WB            N
              ________      ________      ________      ________      ________
 WB                 0             0             0             0             0
 N                  0             0             0             0             0


           THETA
              WB            N
              ________      ________
 WB                 0
 N                  0             0


           ALPHA
              S1            S2            S3            S4            S5
              ________      ________      ________      ________      ________
                    3             4             5             6             7


           ALPHA
              S6            S7            S8            WB            N
              ________      ________      ________      ________      ________
                    8             9            10            11             0


           BETA
              S1            S2            S3            S4            S5
              ________      ________      ________      ________      ________
 S1                 0             0             0             0             0
 S2                 0             0             0             0             0
 S3                 0             0             0             0             0
 S4                 0             0             0             0             0
 S5                 0             0             0             0             0
 S6                 0             0             0             0             0
 S7                 0             0             0             0             0
 S8                 0             0             0             0             0
 WB                 0             0             0             0             0
 N                  0             0             0             0             0


           BETA
              S6            S7            S8            WB            N
              ________      ________      ________      ________      ________
 S1                 0             0             0             0            12
 S2                 0             0             0             0            13
 S3                 0             0             0             0            14
 S4                 0             0             0             0            15
 S5                 0             0             0             0            16
 S6                 0             0             0             0            17
 S7                 0             0             0             0            18
 S8                 0             0             0             0            19
 WB                 0             0             0             0            20
 N                  0             0             0             0             0


           PSI
              S1            S2            S3            S4            S5
              ________      ________      ________      ________      ________
 S1                21
 S2                22            23
 S3                24            25            26
 S4                27            28            29            30
 S5                31            32            33            34            35
 S6                36            37            38            39            40
 S7                42            43            44            45            46
 S8                49            50            51            52            53
 WB                57            58            59            60            61
 N                  0             0             0             0             0


           PSI
              S6            S7            S8            WB            N
              ________      ________      ________      ________      ________
 S6                41
 S7                47            48
 S8                54            55            56
 WB                62            63            64            65
 N                  0             0             0             0             0


     STARTING VALUES FOR WITHIN


           NU
              WB            CMC           MIXED         FAMILY        WEAK_TIE
              ________      ________      ________      ________      ________
                0.000         0.000         0.000         0.000         0.000


           NU
              WEEKEND       CXF           CXW           MXF           MXW
              ________      ________      ________      ________      ________
                0.000         0.000         0.000         0.000         0.000


           LAMBDA
              WB            CMC           MIXED         FAMILY        WEAK_TIE
              ________      ________      ________      ________      ________
 WB             1.000         0.000         0.000         0.000         0.000
 CMC            0.000         1.000         0.000         0.000         0.000
 MIXED          0.000         0.000         1.000         0.000         0.000
 FAMILY         0.000         0.000         0.000         1.000         0.000
 WEAK_TIE       0.000         0.000         0.000         0.000         1.000
 WEEKEND        0.000         0.000         0.000         0.000         0.000
 CXF            0.000         0.000         0.000         0.000         0.000
 CXW            0.000         0.000         0.000         0.000         0.000
 MXF            0.000         0.000         0.000         0.000         0.000
 MXW            0.000         0.000         0.000         0.000         0.000


           LAMBDA
              WEEKEND       CXF           CXW           MXF           MXW
              ________      ________      ________      ________      ________
 WB             0.000         0.000         0.000         0.000         0.000
 CMC            0.000         0.000         0.000         0.000         0.000
 MIXED          0.000         0.000         0.000         0.000         0.000
 FAMILY         0.000         0.000         0.000         0.000         0.000
 WEAK_TIE       0.000         0.000         0.000         0.000         0.000
 WEEKEND        1.000         0.000         0.000         0.000         0.000
 CXF            0.000         1.000         0.000         0.000         0.000
 CXW            0.000         0.000         1.000         0.000         0.000
 MXF            0.000         0.000         0.000         1.000         0.000
 MXW            0.000         0.000         0.000         0.000         1.000


           THETA
              WB            CMC           MIXED         FAMILY        WEAK_TIE
              ________      ________      ________      ________      ________
 WB             0.000
 CMC            0.000         0.000
 MIXED          0.000         0.000         0.000
 FAMILY         0.000         0.000         0.000         0.000
 WEAK_TIE       0.000         0.000         0.000         0.000         0.000
 WEEKEND        0.000         0.000         0.000         0.000         0.000
 CXF            0.000         0.000         0.000         0.000         0.000
 CXW            0.000         0.000         0.000         0.000         0.000
 MXF            0.000         0.000         0.000         0.000         0.000
 MXW            0.000         0.000         0.000         0.000         0.000


           THETA
              WEEKEND       CXF           CXW           MXF           MXW
              ________      ________      ________      ________      ________
 WEEKEND        0.000
 CXF            0.000         0.000
 CXW            0.000         0.000         0.000
 MXF            0.000         0.000         0.000         0.000
 MXW            0.000         0.000         0.000         0.000         0.000


           ALPHA
              WB            CMC           MIXED         FAMILY        WEAK_TIE
              ________      ________      ________      ________      ________
                0.000         0.000         0.000         0.000         0.000


           ALPHA
              WEEKEND       CXF           CXW           MXF           MXW
              ________      ________      ________      ________      ________
                0.000         0.000         0.000         0.000         0.000


           BETA
              WB            CMC           MIXED         FAMILY        WEAK_TIE
              ________      ________      ________      ________      ________
 WB             0.000         0.000         0.000         0.000         0.000
 CMC            0.000         0.000         0.000         0.000         0.000
 MIXED          0.000         0.000         0.000         0.000         0.000
 FAMILY         0.000         0.000         0.000         0.000         0.000
 WEAK_TIE       0.000         0.000         0.000         0.000         0.000
 WEEKEND        0.000         0.000         0.000         0.000         0.000
 CXF            0.000         0.000         0.000         0.000         0.000
 CXW            0.000         0.000         0.000         0.000         0.000
 MXF            0.000         0.000         0.000         0.000         0.000
 MXW            0.000         0.000         0.000         0.000         0.000


           BETA
              WEEKEND       CXF           CXW           MXF           MXW
              ________      ________      ________      ________      ________
 WB             0.000         0.000         0.000         0.000         0.000
 CMC            0.000         0.000         0.000         0.000         0.000
 MIXED          0.000         0.000         0.000         0.000         0.000
 FAMILY         0.000         0.000         0.000         0.000         0.000
 WEAK_TIE       0.000         0.000         0.000         0.000         0.000
 WEEKEND        0.000         0.000         0.000         0.000         0.000
 CXF            0.000         0.000         0.000         0.000         0.000
 CXW            0.000         0.000         0.000         0.000         0.000
 MXF            0.000         0.000         0.000         0.000         0.000
 MXW            0.000         0.000         0.000         0.000         0.000


           PSI
              WB            CMC           MIXED         FAMILY        WEAK_TIE
              ________      ________      ________      ________      ________
 WB             0.214
 CMC            0.000         0.087
 MIXED          0.000         0.000         0.052
 FAMILY         0.000         0.000         0.000         0.044
 WEAK_TIE       0.000         0.000         0.000         0.000         0.062
 WEEKEND        0.000         0.000         0.000         0.000         0.000
 CXF            0.000         0.000         0.000         0.000         0.000
 CXW            0.000         0.000         0.000         0.000         0.000
 MXF            0.000         0.000         0.000         0.000         0.000
 MXW            0.000         0.000         0.000         0.000         0.000


           PSI
              WEEKEND       CXF           CXW           MXF           MXW
              ________      ________      ________      ________      ________
 WEEKEND        0.107
 CXF            0.000         0.008
 CXW            0.000         0.000         0.010
 MXF            0.000         0.000         0.000         0.003
 MXW            0.000         0.000         0.000         0.000         0.005


     STARTING VALUES FOR BETWEEN


           NU
              WB            N
              ________      ________
                0.000         0.000


           LAMBDA
              S1            S2            S3            S4            S5
              ________      ________      ________      ________      ________
 WB             0.000         0.000         0.000         0.000         0.000
 N              0.000         0.000         0.000         0.000         0.000


           LAMBDA
              S6            S7            S8            WB            N
              ________      ________      ________      ________      ________
 WB             0.000         0.000         0.000         1.000         0.000
 N              0.000         0.000         0.000         0.000         1.000


           THETA
              WB            N
              ________      ________
 WB             0.000
 N              0.000         0.000


           ALPHA
              S1            S2            S3            S4            S5
              ________      ________      ________      ________      ________
                0.000         0.000         0.000         0.000         0.000


           ALPHA
              S6            S7            S8            WB            N
              ________      ________      ________      ________      ________
                0.000         0.000         0.000         3.030         0.000


           BETA
              S1            S2            S3            S4            S5
              ________      ________      ________      ________      ________
 S1             0.000         0.000         0.000         0.000         0.000
 S2             0.000         0.000         0.000         0.000         0.000
 S3             0.000         0.000         0.000         0.000         0.000
 S4             0.000         0.000         0.000         0.000         0.000
 S5             0.000         0.000         0.000         0.000         0.000
 S6             0.000         0.000         0.000         0.000         0.000
 S7             0.000         0.000         0.000         0.000         0.000
 S8             0.000         0.000         0.000         0.000         0.000
 WB             0.000         0.000         0.000         0.000         0.000
 N              0.000         0.000         0.000         0.000         0.000


           BETA
              S6            S7            S8            WB            N
              ________      ________      ________      ________      ________
 S1             0.000         0.000         0.000         0.000         0.000
 S2             0.000         0.000         0.000         0.000         0.000
 S3             0.000         0.000         0.000         0.000         0.000
 S4             0.000         0.000         0.000         0.000         0.000
 S5             0.000         0.000         0.000         0.000         0.000
 S6             0.000         0.000         0.000         0.000         0.000
 S7             0.000         0.000         0.000         0.000         0.000
 S8             0.000         0.000         0.000         0.000         0.000
 WB             0.000         0.000         0.000         0.000         0.000
 N              0.000         0.000         0.000         0.000         0.000


           PSI
              S1            S2            S3            S4            S5
              ________      ________      ________      ________      ________
 S1             1.000
 S2             0.000         1.000
 S3             0.000         0.000         1.000
 S4             0.000         0.000         0.000         1.000
 S5             0.000         0.000         0.000         0.000         1.000
 S6             0.000         0.000         0.000         0.000         0.000
 S7             0.000         0.000         0.000         0.000         0.000
 S8             0.000         0.000         0.000         0.000         0.000
 WB             0.000         0.000         0.000         0.000         0.000
 N              0.000         0.000         0.000         0.000         0.000


           PSI
              S6            S7            S8            WB            N
              ________      ________      ________      ________      ________
 S6             1.000
 S7             0.000         1.000
 S8             0.000         0.000         1.000
 WB             0.000         0.000         0.000         0.214
 N              0.000         0.000         0.000         0.000         0.280



     PRIORS FOR ALL PARAMETERS            PRIOR MEAN      PRIOR VARIANCE     PRIOR STD. DEV.

     Parameter 1~N(0.000,infinity)           0.0000            infinity            infinity
     Parameter 2~IG(-1.000,0.000)          infinity            infinity            infinity
     Parameter 3~N(0.000,infinity)           0.0000            infinity            infinity
     Parameter 4~N(0.000,infinity)           0.0000            infinity            infinity
     Parameter 5~N(0.000,infinity)           0.0000            infinity            infinity
     Parameter 6~N(0.000,infinity)           0.0000            infinity            infinity
     Parameter 7~N(0.000,infinity)           0.0000            infinity            infinity
     Parameter 8~N(0.000,infinity)           0.0000            infinity            infinity
     Parameter 9~N(0.000,infinity)           0.0000            infinity            infinity
     Parameter 10~N(0.000,infinity)          0.0000            infinity            infinity
     Parameter 11~N(0.000,infinity)          0.0000            infinity            infinity
     Parameter 12~N(0.000,infinity)          0.0000            infinity            infinity
     Parameter 13~N(0.000,infinity)          0.0000            infinity            infinity
     Parameter 14~N(0.000,infinity)          0.0000            infinity            infinity
     Parameter 15~N(0.000,infinity)          0.0000            infinity            infinity
     Parameter 16~N(0.000,infinity)          0.0000            infinity            infinity
     Parameter 17~N(0.000,infinity)          0.0000            infinity            infinity
     Parameter 18~N(0.000,infinity)          0.0000            infinity            infinity
     Parameter 19~N(0.000,infinity)          0.0000            infinity            infinity
     Parameter 20~N(0.000,infinity)          0.0000            infinity            infinity
     Parameter 21~IW(0.000,-10)            infinity            infinity            infinity
     Parameter 22~IW(0.000,-10)            infinity            infinity            infinity
     Parameter 23~IW(0.000,-10)            infinity            infinity            infinity
     Parameter 24~IW(0.000,-10)            infinity            infinity            infinity
     Parameter 25~IW(0.000,-10)            infinity            infinity            infinity
     Parameter 26~IW(0.000,-10)            infinity            infinity            infinity
     Parameter 27~IW(0.000,-10)            infinity            infinity            infinity
     Parameter 28~IW(0.000,-10)            infinity            infinity            infinity
     Parameter 29~IW(0.000,-10)            infinity            infinity            infinity
     Parameter 30~IW(0.000,-10)            infinity            infinity            infinity
     Parameter 31~IW(0.000,-10)            infinity            infinity            infinity
     Parameter 32~IW(0.000,-10)            infinity            infinity            infinity
     Parameter 33~IW(0.000,-10)            infinity            infinity            infinity
     Parameter 34~IW(0.000,-10)            infinity            infinity            infinity
     Parameter 35~IW(0.000,-10)            infinity            infinity            infinity
     Parameter 36~IW(0.000,-10)            infinity            infinity            infinity
     Parameter 37~IW(0.000,-10)            infinity            infinity            infinity
     Parameter 38~IW(0.000,-10)            infinity            infinity            infinity
     Parameter 39~IW(0.000,-10)            infinity            infinity            infinity
     Parameter 40~IW(0.000,-10)            infinity            infinity            infinity
     Parameter 41~IW(0.000,-10)            infinity            infinity            infinity
     Parameter 42~IW(0.000,-10)            infinity            infinity            infinity
     Parameter 43~IW(0.000,-10)            infinity            infinity            infinity
     Parameter 44~IW(0.000,-10)            infinity            infinity            infinity
     Parameter 45~IW(0.000,-10)            infinity            infinity            infinity
     Parameter 46~IW(0.000,-10)            infinity            infinity            infinity
     Parameter 47~IW(0.000,-10)            infinity            infinity            infinity
     Parameter 48~IW(0.000,-10)            infinity            infinity            infinity
     Parameter 49~IW(0.000,-10)            infinity            infinity            infinity
     Parameter 50~IW(0.000,-10)            infinity            infinity            infinity
     Parameter 51~IW(0.000,-10)            infinity            infinity            infinity
     Parameter 52~IW(0.000,-10)            infinity            infinity            infinity
     Parameter 53~IW(0.000,-10)            infinity            infinity            infinity
     Parameter 54~IW(0.000,-10)            infinity            infinity            infinity
     Parameter 55~IW(0.000,-10)            infinity            infinity            infinity
     Parameter 56~IW(0.000,-10)            infinity            infinity            infinity
     Parameter 57~IW(0.000,-10)            infinity            infinity            infinity
     Parameter 58~IW(0.000,-10)            infinity            infinity            infinity
     Parameter 59~IW(0.000,-10)            infinity            infinity            infinity
     Parameter 60~IW(0.000,-10)            infinity            infinity            infinity
     Parameter 61~IW(0.000,-10)            infinity            infinity            infinity
     Parameter 62~IW(0.000,-10)            infinity            infinity            infinity
     Parameter 63~IW(0.000,-10)            infinity            infinity            infinity
     Parameter 64~IW(0.000,-10)            infinity            infinity            infinity
     Parameter 65~IW(0.000,-10)            infinity            infinity            infinity


TECHNICAL 8 OUTPUT


   TECHNICAL 8 OUTPUT FOR BAYES ESTIMATION

     CHAIN    BSEED
     1        0
     2        285380

                     POTENTIAL       PARAMETER WITH
     ITERATION    SCALE REDUCTION      HIGHEST PSR
     100              2.971               40
     200              2.751               40
     300              2.896               40
     400              3.810               16
     500              2.937               16
     600              2.381               16
     700              2.267               42
     800              2.339               42
     900              2.098               42
     1000             2.197               42
     1100             2.286               42
     1200             2.339               42
     1300             2.247               42
     1400             2.313               42
     1500             2.318               42
     1600             2.234               42
     1700             2.298               42
     1800             2.138               42
     1900             2.004               47
     2000             2.038               47
     2100             2.053               47
     2200             2.187               47
     2300             2.219               47
     2400             2.017               47
     2500             1.950               47
     2600             1.780               47
     2700             1.809               47
     2800             1.781               47
     2900             1.715               47
     3000             1.692               47
     3100             1.635               47
     3200             1.642               47
     3300             1.623               47
     3400             1.601               47
     3500             1.561               47
     3600             1.547               54
     3700             1.565               54
     3800             1.518               54
     3900             1.518               54
     4000             1.425               54
     4100             1.353               54
     4200             1.284               54
     4300             1.286               54
     4400             1.286               54
     4500             1.237               54
     4600             1.230               54
     4700             1.234               54
     4800             1.248               41
     4900             1.312               41
     5000             1.335               62
     5100             1.396               62
     5200             1.408               62
     5300             1.406               62
     5400             1.367               62
     5500             1.315               62
     5600             1.295               62
     5700             1.266               62
     5800             1.235               62
     5900             1.225               8
     6000             1.234               8
     6100             1.224               62
     6200             1.215               62
     6300             1.214               62
     6400             1.205               56
     6500             1.209               56
     6600             1.210               56
     6700             1.214               56
     6800             1.217               56
     6900             1.204               56
     7000             1.199               56
     7100             1.203               56
     7200             1.214               56
     7300             1.222               56
     7400             1.233               56
     7500             1.246               56
     7600             1.258               56
     7700             1.253               56
     7800             1.245               56
     7900             1.264               56
     8000             1.259               56
     8100             1.266               56
     8200             1.279               56
     8300             1.279               56
     8400             1.300               56
     8500             1.341               56
     8600             1.376               56
     8700             1.374               56
     8800             1.354               56
     8900             1.342               56
     9000             1.310               50
     9100             1.331               50
     9200             1.340               50
     9300             1.363               50
     9400             1.380               50
     9500             1.359               50
     9600             1.338               50
     9700             1.331               50
     9800             1.330               50
     9900             1.333               50
     10000            1.339               50
     10100            1.344               50
     10200            1.338               50
     10300            1.349               50
     10400            1.348               50
     10500            1.349               50
     10600            1.349               50
     10700            1.331               50
     10800            1.305               50
     10900            1.279               50
     11000            1.270               50
     11100            1.249               50
     11200            1.243               50
     11300            1.232               50
     11400            1.211               50
     11500            1.210               50
     11600            1.206               50
     11700            1.200               50
     11800            1.197               50
     11900            1.182               50
     12000            1.169               52
     12100            1.161               50
     12200            1.159               50
     12300            1.147               50
     12400            1.132               50
     12500            1.128               50
     12600            1.131               50
     12700            1.131               50
     12800            1.122               50
     12900            1.120               55
     13000            1.127               55
     13100            1.132               55
     13200            1.140               55
     13300            1.149               55
     13400            1.158               55
     13500            1.170               55
     13600            1.175               55
     13700            1.185               55
     13800            1.195               55
     13900            1.205               55
     14000            1.208               55
     14100            1.216               55
     14200            1.223               55
     14300            1.224               55
     14400            1.225               55
     14500            1.228               55
     14600            1.230               55
     14700            1.232               55
     14800            1.221               55
     14900            1.217               55
     15000            1.221               55
     15100            1.226               55
     15200            1.232               55
     15300            1.236               55
     15400            1.232               55
     15500            1.228               55
     15600            1.229               55
     15700            1.233               55
     15800            1.240               55
     15900            1.243               55
     16000            1.244               55
     16100            1.245               55
     16200            1.227               55
     16300            1.214               55
     16400            1.203               55
     16500            1.200               55
     16600            1.196               55
     16700            1.195               55
     16800            1.198               55
     16900            1.195               55
     17000            1.190               55
     17100            1.190               55
     17200            1.185               55
     17300            1.184               55
     17400            1.182               55
     17500            1.185               55
     17600            1.190               55
     17700            1.195               55
     17800            1.195               55
     17900            1.195               55
     18000            1.202               55
     18100            1.204               55
     18200            1.208               55
     18300            1.212               55
     18400            1.207               55
     18500            1.188               55
     18600            1.189               55
     18700            1.195               55
     18800            1.194               55
     18900            1.184               55
     19000            1.176               55
     19100            1.176               55
     19200            1.165               55
     19300            1.162               55
     19400            1.163               55
     19500            1.164               55
     19600            1.159               55
     19700            1.156               55
     19800            1.161               55
     19900            1.157               55
     20000            1.158               55
     20100            1.147               55
     20200            1.138               55
     20300            1.131               55
     20400            1.122               55
     20500            1.115               55
     20600            1.112               55
     20700            1.108               55
     20800            1.106               55
     20900            1.104               55
     21000            1.103               40
     21100            1.102               40
     21200            1.097               40
     21300            1.092               40


     Beginning Time:  18:05:10
        Ending Time:  18:24:01
       Elapsed Time:  00:18:51



MUTHEN & MUTHEN
3463 Stoner Ave.
Los Angeles, CA  90066

Tel: (310) 391-9971
Fax: (310) 391-8971
Web: www.StatModel.com
Support: Support@StatModel.com

Copyright (c) 1998-2020 Muthen & Muthen
