Mplus VERSION 8.5 (Mac)
MUTHEN & MUTHEN
03/17/2022   7:16 PM

INPUT INSTRUCTIONS

  TITLE: Analysis 5
  DATA: FILE = analysis4+5_S2.dat;
  VARIABLE:
  NAMES = ID WB content stressed lonely
  FTF CMC mixed peers family weak_ties
  E A C N O gender ethnicity SES weekend;
  USEVARIABLES = content
  CMC mixed family weak_ties
  weekend A
  cxf cxw mxf mxw;
  CLUSTER = ID;
  WITHIN = CMC mixed family weak_ties weekend
  cxf cxw mxf mxw;
  BETWEEN = A;
  MISSING = .;
  DEFINE:
  CENTER CMC (GROUPMEAN);
  CENTER mixed (GROUPMEAN);
  CENTER family (GROUPMEAN);
  CENTER weak_ties (GROUPMEAN);
  cxf=CMC*family;
  cxw=CMC*weak_ties;
  mxf=mixed*family;
  mxw=mixed*weak_ties;
  CENTER A (GRANDMEAN);
  ANALYSIS: TYPE = TWOLEVEL RANDOM; ESTIMATOR = BAYES;
  BITERATIONS = (10000); PROCESSORS = 2;
  MODEL:
  %WITHIN%
  ! Contentment is predicted by CMC, the slope is random
  S1 | content ON CMC;
  ! Contentment is predicted by mixed episodes, the slope is random
  S2 | content ON mixed;
  ! Contentment is predicted by family, the slope is random
  S3 | content ON family;
  ! Contentment is predicted by weak ties, the slope is random
  S4 | content ON weak_ties;
  ! Contentment is predicted by CMC*family, the slope is random
  S5 | content ON cxf;
  ! Contentment is predicted by CMC*weak ties, the slope is random
  S6 | content ON cxw;
  ! Contentment is predicted by mixed*family, the slope is random
  S7 | content ON mxf;
  ! Contentment is predicted by mixed*weak ties, the slope is random
  S8 | content ON mxw;
  ! Control for weekend
  content ON weekend;
  %BETWEEN%
  ! Covariance between intercept and slopes
  content S1-S8 WITH content S1-S8;
  ! The intercept is predicted by agreeableness
  content ON A;
  ! The slopes are predicted by agreeableness
  S1-S8 ON A;
  OUTPUT: STDYX STDY TECH8;



*** WARNING in VARIABLE command
  Note that only the first 8 characters of variable names are used in the output.
  Shorten variable names to avoid any confusion.
*** WARNING
  One or more individual-level variables have no variation within a
  cluster for the following clusters.

     Variable   Cluster IDs with no within-cluster variation

      CONTENT     316 502 134 13 65 776 50 700 96 291 629 533 546 623 563 78 610 795
      WEEKEND     316 335 69 368 502 568 134 293 140 307 650 197 357 404 595 300 93 680 700 163
                  513 515 537 291 496 326 849 668 321 110 48 722
      CXF         316 335 69 368 215 497 502 568 134 293 703 140 307 650 13 197 65 565 50 357
                  362 216 382 404 783 118 595 300 72 93 428 680 700 150 320 333 163 513 515 537
                  212 657 689 483 96 133 736 578 498 629 857 599 182 480 677 325 698 753 777 597
                  519 533 836 98 849 231 398 727 61 747 501 417 425 623 631 10 804 107 668 11
                  321 559 276 644 229 563 110 672 92 582 126 814 360 334 199 217 343 99 574 584
                  822 825 506 6 649 211 414 172 608 724 848 740 387 331 570 137 842 435 271 371
                  260 361 318 820 616 746 279 826 179 104 536 768 854 410 794 542 591 221 78 26
                  123 328 12 15 213 642 564 619 725 45 688 520 246 214 695 750 457 601 772 470
                  606 219 241 108 195 531 202 852 472 379 769 173 311 634 764 596 771 294 846
                  464 434 332 381 94 164 4 845 88 671 177 152 138 522 784 42 469 356 79 481 82
                  83 274 14 49 577 474 838 290 782 269 20 458 816 659 824 57 490 87 405 739 843
                  511 136 459 743 401 22 758 760 7 730 773 749 550 47 402 415 479 242 60 609 77
                  514 850 598 654 572 465 287 499 580
      CXW         316 335 69 368 215 497 502 568 134 293 703 140 307 650 13 65 776 50 357 216
                  382 783 118 262 595 93 680 320 333 163 513 657 133 736 498 621 629 599 326 182
                  220 567 194 519 546 836 230 239 727 61 501 623 10 107 668 11 276 644 229 563
                  92 582 802 142 126 451 244 302 360 334 199 807 40 19 649 463 211 441 704 466
                  748 179 536 410 36 48 542 635 221 718 117 213 421 564 543 619 620 380 214 695
                  601 471 606 241 482 222 531 202 232 311 754 67 516 332 571 4 88 177 44 42 412
                  59 355 84 583 87 297 184 756 809 667 760 573 730 550 402 738 386 242 609 378
                  540 444 705 24
      MXF         316 335 69 368 215 497 502 568 134 293 703 140 307 650 13 197 65 776 565 50
                  357 362 216 382 404 783 643 118 595 300 72 93 428 680 700 150 320 163 513 515
                  537 212 657 689 483 96 133 291 736 578 498 790 621 629 363 857 599 182 38 480
                  567 677 325 698 194 753 777 597 519 533 836 98 849 500 646 231 155 398 61 602
                  747 501 417 425 623 631 10 804 107 668 11 321 559 276 91 229 757 563 413 110
                  672 126 814 130 451 338 532 360 334 547 633 763 427 217 343 99 574 40 584 822
                  825 506 6 90 19 649 576 414 306 172 143 32 608 377 724 324 848 740 707 387 821
                  331 832 570 137 842 435 271 18 371 713 792 251 260 666 361 318 820 616 746 279
                  826 179 104 628 536 768 854 630 410 794 542 591 592 78 26 123 305 328 614 354
                  12 15 213 642 562 422 564 711 543 619 725 45 116 688 183 520 41 246 737 71 817
                  695 750 457 86 601 772 470 509 606 219 241 395 108 656 585 195 785 600 787 531
                  232 852 472 379 769 173 634 226 639 764 596 771 294 516 846 272 464 193 434
                  237 284 381 94 164 851 4 203 845 88 671 177 152 138 55 684 522 784 690 648 148
                  469 187 356 79 481 82 176 83 274 14 49 577 474 838 175 290 782 269 396 20 458
                  816 659 824 57 490 87 52 405 739 345 843 511 136 459 743 401 22 758 358 667
                  760 7 779 730 773 749 374 319 755 550 47 402 696 415 479 242 60 609 674 77 514
                  850 598 654 572 465 346 287 499 580
      MXW         316 335 69 368 215 497 502 568 134 293 703 140 307 650 13 65 776 565 50 357
                  362 216 382 404 643 118 262 595 300 93 428 680 700 150 320 163 513 515 657 689
                  96 291 736 578 498 790 621 363 857 599 326 38 220 567 677 194 533 546 836 500
                  646 230 155 239 61 602 501 417 631 10 804 107 668 11 276 91 229 757 563 413
                  802 142 126 130 451 244 338 302 532 360 334 547 633 763 427 217 574 807 40 822
                  825 506 90 19 649 576 463 306 143 32 377 441 724 324 848 704 707 821 331 832
                  137 18 371 713 792 466 251 260 666 746 826 748 179 628 630 410 36 48 542 592
                  635 78 305 718 614 354 15 117 213 642 421 562 422 564 711 543 619 620 116 183
                  520 41 246 737 380 71 817 695 750 86 509 471 606 241 482 395 656 585 222 195
                  785 600 787 531 202 232 226 639 754 67 294 516 272 464 193 237 284 571 851 4
                  203 177 44 55 684 784 690 648 148 187 176 412 59 355 84 175 583 290 396 87 52
                  345 297 184 401 756 358 809 667 760 573 779 730 374 319 755 550 402 696 738
                  386 242 609 674 378 540 444 514 705 346 24

*** WARNING
  Data set contains cases with missing on x-variables.
  These cases were not included in the analysis.
  Number of cases with missing on x-variables:  3138
*** WARNING
  Data set contains cases with missing on all variables except
  x-variables.  These cases were not included in the analysis.
  Number of cases with missing on all variables except x-variables:  31
   4 WARNING(S) FOUND IN THE INPUT INSTRUCTIONS



Analysis 5

SUMMARY OF ANALYSIS

Number of groups                                                 1
Number of observations                                       10850

Number of dependent variables                                    1
Number of independent variables                                 10
Number of continuous latent variables                            8

Observed dependent variables

  Continuous
   CONTENT

Observed independent variables
   CMC         MIXED       FAMILY      WEAK_TIE    WEEKEND     A
   CXF         CXW         MXF         MXW

Continuous latent variables
   S1          S2          S3          S4          S5          S6
   S7          S8

Variables with special functions

  Cluster variable      ID

  Within variables
   CMC         MIXED       FAMILY      WEAK_TIE    WEEKEND     CXF
   CXW         MXF         MXW

  Between variables
   A

  Centering (GRANDMEAN)
   A

  Centering (GROUPMEAN)
   CMC         MIXED       FAMILY      WEAK_TIE


Estimator                                                    BAYES
Specifications for Bayesian Estimation
  Point estimate                                            MEDIAN
  Number of Markov chain Monte Carlo (MCMC) chains               2
  Random seed for the first chain                                0
  Starting value information                           UNPERTURBED
  Algorithm used for Markov chain Monte Carlo           GIBBS(PX1)
  Convergence criterion                                  0.500D-01
  Maximum number of iterations                               50000
  K-th iteration used for thinning                               1

Input data file(s)
  analysis4+5_S2.dat
Input data format  FREE


SUMMARY OF DATA

     Number of clusters                        623

       Size (s)    Cluster ID with Size s

          1        46 100 121 157 198 208 277 301 312 350 450 486 603 664
                   708 723
          2        316 335 69 368 215 497 502 568 134 293 703 140 307
          3        650 13 197 65 776 565
          4        50 357 362 216 382 404 783 643 118 262
          5        595 300 72 93 428 680 700 150 320 333 163 513 515 537
                   212
          6        657 373 689 483 96 133 291 736 496 578 498 790 621 629
                   363 857 599
          7        326 182 38 220 370 480 567 677 325 698 589
          8        366 194 753 278 777 597 243 519 533 546 812 836 98 849
                   500 23 646
          9        230 231 155 239 398 727 61 602 747 501 417 425 623 132
                   631 10 804 107 29 668 478 11 321 559 276
         10        91 485 265 644 229 757 563 310 413 110 672 92 582 64
                   802 432 142 126 814 130 451 244 247 617 338
         11        302 467 406 532 360 538 334 547 199 633 555 763 427
                   217 566 801 343 99 574 807 40 584 822 825 506 6 847
                   90
         12        19 649 576 95 463 211 414 789 306 172 143 32 156 608
                   377 158 441 162 724 324 848 740 704
         13        477 701 707 810 2 387 819 821 770 267 331 830 832 570
                   137 842 435 271 18 655
         14        371 713 792 466 251 190 260 204 666 361 813 318 820
                   616 746 279 826 748 179 104 628 536 766 768 854 630
                   410 685
         15        794 579 264 733 36 48 682 542 744 591 592 692 635 221
                   78 26 123 305 328 718 614 354 722 12 15 117
         16        213 642 421 562 422 564 400 711 43 717 543 619 620 725
                   174 551 45 507 76 116 688 245 367
         17        183 520 408 372 41 225 246 737 359 380 71 817 214 695
                   750 457 638 641 759 191 394 86 601 772 470 509 471 606
                   219 241 482 327
         18        395 108 656 585 715 403 622 222 195 74 525 726 681 528
                   785 600 787 531 73 159 160 473 202 541 232 852 31
         19        115 112 472 379 834 769 173 640 56 311 634 226 364 639
                   694 665 544 754
         20        764 66 798 250 596 771 67 294 516 846 436 25 670 732
                   27 127 257 632
         21        249 272 464 101 193 721 434 237 284 139 332 571 381
                   161 94 735 37 164 851 4 203 128 313 845 426
         22        431 275 88 671 258 607 177 152 138 569 44 55 684 522
                   784 63 690 648 42
         23        148 469 170 146 187 356 79 125 527 775 660 481 82 176
                   83 853 210 412 274 14
         24        59 508 54 49 355 577 474 838 84 774 175 583 661 808
                   460 290 782 266 613 248 503 234 269 593 396
         25        20 458 816 120 709 659 693 824 51 57 490 87 52 385 833
                   16 493 315
         26        405 739 345 843 423 297 468 154 511 8 136 624 459 181
         27        743 610 103 699 184 383 348 401 22 227 534 756 295 758
                   388 647 358 391 714 765 169
         28        446 809 827 530 167 186 201 667 760
         29        7 573 779 730 299 773 168 282 749
         30        374 800 319 811 755 550 795 97 47
         31        402 625 696 252 529 738 652 415 309 386
         32        323 263 636 479 270 80 242 60 235
         33        609 389 674 378
         34        77 581 399 337 540 476 439 444
         35        514
         36        135 393
         37        850 192
         38        598 273 705 780 654 308
         39        662 767 572
         40        418
         41        141 465 346 228 53 254
         43        287
         44        499
         45        24
         46        580



COVARIANCE COVERAGE OF DATA

Minimum covariance coverage value   0.100

     Number of missing data patterns             1


     PROPORTION OF DATA PRESENT


           Covariance Coverage
              CONTENT       CMC           MIXED         FAMILY        WEAK_TIE
              ________      ________      ________      ________      ________
 CONTENT        1.000
 CMC            1.000         1.000
 MIXED          1.000         1.000         1.000
 FAMILY         1.000         1.000         1.000         1.000
 WEAK_TIE       1.000         1.000         1.000         1.000         1.000
 WEEKEND        1.000         1.000         1.000         1.000         1.000
 CXF            1.000         1.000         1.000         1.000         1.000
 CXW            1.000         1.000         1.000         1.000         1.000
 MXF            1.000         1.000         1.000         1.000         1.000
 MXW            1.000         1.000         1.000         1.000         1.000
 A              1.000         1.000         1.000         1.000         1.000


           Covariance Coverage
              WEEKEND       CXF           CXW           MXF           MXW
              ________      ________      ________      ________      ________
 WEEKEND        1.000
 CXF            1.000         1.000
 CXW            1.000         1.000         1.000
 MXF            1.000         1.000         1.000         1.000
 MXW            1.000         1.000         1.000         1.000         1.000
 A              1.000         1.000         1.000         1.000         1.000


           Covariance Coverage
              A
              ________
 A              1.000



UNIVARIATE SAMPLE STATISTICS


     UNIVARIATE HIGHER-ORDER MOMENT DESCRIPTIVE STATISTICS

         Variable/         Mean/     Skewness/   Minimum/ % with                Percentiles
        Sample Size      Variance    Kurtosis    Maximum  Min/Max      20%/60%    40%/80%    Median

     CONTENT               2.664      -0.016       1.000    8.58%       2.000      2.000      3.000
           10850.000       0.795      -0.832       4.000   20.03%       3.000      4.000
     CMC                   0.000       0.593      -0.938    0.01%      -0.333     -0.192     -0.125
           10850.000       0.174      -0.751       0.964    0.01%      -0.067      0.480
     MIXED                 0.000       1.588      -0.833    0.01%      -0.200     -0.100     -0.067
           10850.000       0.104       1.860       0.972    0.01%      -0.040      0.000
     FAMILY                0.000       1.475      -0.947    0.01%      -0.167     -0.059     -0.034
           10850.000       0.087       2.619       0.974    0.01%       0.000      0.000
     WEAK_TIES             0.000       1.212      -0.846    0.04%      -0.222     -0.125     -0.083
           10850.000       0.123       0.863       0.977    0.01%      -0.048      0.000
     WEEKEND               0.308       0.834       0.000   69.24%       0.000      0.000      0.000
           10850.000       0.213      -1.305       1.000   30.76%       0.000      1.000
     CXF                   0.003       1.133      -0.754    0.02%      -0.031      0.000      0.000
           10850.000       0.017      11.449       0.915    0.01%       0.000      0.028
     CXW                  -0.024      -0.304      -0.892    0.01%      -0.092      0.000      0.000
           10850.000       0.020       6.583       0.898    0.01%       0.008      0.039
     MXF                  -0.004       1.495      -0.688    0.01%       0.000      0.000      0.000
           10850.000       0.006      34.531       0.878    0.01%       0.000      0.011
     MXW                  -0.007       1.539      -0.814    0.01%      -0.025      0.000      0.000
           10850.000       0.010      20.175       0.845    0.01%       0.004      0.023
     A                     0.000      -0.346      -2.383    0.16%      -0.494     -0.160      0.062
             623.000       0.373       0.014       1.284    0.64%       0.173      0.506


THE MODEL ESTIMATION TERMINATED NORMALLY

     USE THE FBITERATIONS OPTION TO INCREASE THE NUMBER OF ITERATIONS BY A FACTOR
     OF AT LEAST TWO TO CHECK CONVERGENCE AND THAT THE PSR VALUE DOES NOT INCREASE.



MODEL FIT INFORMATION

Number of Free Parameters                              65

Information Criteria

          Deviance (DIC)                        23779.052
          Estimated Number of Parameters (pD)    1153.560



MODEL RESULTS

                                Posterior  One-Tailed         95% C.I.
                    Estimate       S.D.      P-Value   Lower 2.5%  Upper 2.5%  Significance

Within Level

 CONTENT    ON
    WEEKEND            0.133       0.016      0.000       0.100       0.163      *

 Residual Variances
    CONTENT            0.471       0.007      0.000       0.458       0.485      *

Between Level

 S1         ON
    A                 -0.038       0.037      0.153      -0.111       0.036

 S2         ON
    A                 -0.002       0.044      0.478      -0.089       0.085

 S3         ON
    A                  0.008       0.054      0.444      -0.099       0.111

 S4         ON
    A                  0.015       0.045      0.368      -0.072       0.105

 S5         ON
    A                 -0.162       0.122      0.099      -0.399       0.069

 S6         ON
    A                  0.119       0.105      0.129      -0.087       0.324

 S7         ON
    A                 -0.253       0.209      0.109      -0.669       0.147

 S8         ON
    A                  0.224       0.159      0.077      -0.086       0.531

 CONTENT    ON
    A                  0.086       0.037      0.011       0.013       0.158      *

 CONTENT  WITH
    S1                -0.005       0.013      0.339      -0.030       0.020
    S2                -0.033       0.015      0.014      -0.064      -0.003      *
    S3                -0.032       0.018      0.043      -0.068       0.005
    S4                -0.047       0.015      0.001      -0.076      -0.018      *
    S5                 0.025       0.040      0.267      -0.055       0.101
    S6                -0.044       0.033      0.085      -0.112       0.019
    S7                 0.025       0.070      0.366      -0.102       0.170
    S8                -0.066       0.053      0.098      -0.174       0.032

 S1       WITH
    S2                 0.027       0.013      0.016       0.002       0.054      *
    S3                -0.017       0.017      0.150      -0.049       0.016
    S4                 0.027       0.013      0.015       0.003       0.055      *
    S5                 0.019       0.032      0.283      -0.044       0.079
    S6                 0.019       0.025      0.208      -0.028       0.071
    S7                -0.084       0.053      0.052      -0.192       0.021
    S8                -0.015       0.043      0.368      -0.103       0.071

 S2       WITH
    S3                -0.021       0.016      0.102      -0.052       0.011
    S4                 0.014       0.015      0.170      -0.014       0.045
    S5                 0.038       0.031      0.112      -0.022       0.101
    S6                 0.027       0.023      0.130      -0.023       0.068
    S7                -0.072       0.042      0.037      -0.158       0.010
    S8                -0.008       0.038      0.409      -0.081       0.067

 S3       WITH
    S4                 0.026       0.018      0.062      -0.006       0.064
    S5                -0.071       0.037      0.020      -0.150      -0.003      *
    S6                -0.015       0.031      0.317      -0.077       0.040
    S7                 0.052       0.055      0.164      -0.050       0.163
    S8                -0.013       0.054      0.405      -0.119       0.091

 S4       WITH
    S5                 0.028       0.034      0.214      -0.043       0.092
    S6                 0.029       0.026      0.124      -0.016       0.083
    S7                -0.009       0.051      0.437      -0.102       0.093
    S8                 0.020       0.042      0.303      -0.053       0.110

 S5       WITH
    S6                 0.076       0.054      0.046      -0.012       0.195
    S7                 0.043       0.113      0.327      -0.145       0.299
    S8                 0.000       0.107      0.498      -0.201       0.213

 S6       WITH
    S7                -0.031       0.093      0.375      -0.198       0.164
    S8                 0.014       0.075      0.430      -0.130       0.160

 S7       WITH
    S8                 0.067       0.151      0.323      -0.233       0.372

 Intercepts
    CONTENT            2.618       0.023      0.000       2.573       2.663      *
    S1                -0.224       0.022      0.000      -0.267      -0.179      *
    S2                -0.041       0.026      0.052      -0.094       0.009
    S3                 0.028       0.033      0.195      -0.035       0.093
    S4                -0.266       0.026      0.000      -0.317      -0.214      *
    S5                 0.056       0.068      0.207      -0.077       0.188
    S6                 0.142       0.059      0.008       0.028       0.256      *
    S7                -0.044       0.126      0.366      -0.289       0.203
    S8                 0.060       0.093      0.261      -0.117       0.249

 Residual Variances
    CONTENT            0.268       0.018      0.000       0.235       0.306      *
    S1                 0.079       0.016      0.000       0.051       0.112      *
    S2                 0.056       0.017      0.000       0.030       0.095      *
    S3                 0.109       0.023      0.000       0.070       0.161      *
    S4                 0.077       0.019      0.000       0.046       0.118      *
    S5                 0.285       0.101      0.000       0.130       0.524      *
    S6                 0.133       0.057      0.000       0.053       0.273      *
    S7                 0.544       0.202      0.000       0.228       1.030      *
    S8                 0.424       0.161      0.000       0.171       0.783      *


STANDARDIZED MODEL RESULTS


STDYX Standardization

                                Posterior  One-Tailed         95% C.I.
                    Estimate       S.D.      P-Value   Lower 2.5%  Upper 2.5%  Significance

Within-Level Standardized Estimates Averaged Over Clusters

 S1 | CONTENT ON
    CMC               -0.114       0.010      0.000      -0.132      -0.095      *

 S2 | CONTENT ON
    MIXED             -0.016       0.007      0.007      -0.032      -0.003      *

 S3 | CONTENT ON
    FAMILY             0.008       0.008      0.173      -0.008       0.023

 S4 | CONTENT ON
    WEAK_TIES         -0.107       0.010      0.000      -0.126      -0.088      *

 S5 | CONTENT ON
    CXF                0.006       0.007      0.199      -0.008       0.019

 S6 | CONTENT ON
    CXW                0.020       0.007      0.002       0.008       0.036      *

 S7 | CONTENT ON
    MXF               -0.003       0.005      0.249      -0.013       0.007

 S8 | CONTENT ON
    MXW                0.005       0.005      0.191      -0.007       0.014

 CONTENT    ON
    WEEKEND            0.075       0.009      0.000       0.057       0.093      *

 Residual Variances
    CONTENT            0.894       0.006      0.000       0.882       0.906      *

Between Level

 S1         ON
    A                 -0.056       0.055      0.153      -0.162       0.053

 S2         ON
    A                 -0.004       0.079      0.478      -0.161       0.154

 S3         ON
    A                  0.010       0.068      0.444      -0.126       0.140

 S4         ON
    A                  0.023       0.068      0.368      -0.110       0.157

 S5         ON
    A                 -0.125       0.099      0.099      -0.330       0.053

 S6         ON
    A                  0.133       0.122      0.129      -0.104       0.380

 S7         ON
    A                 -0.141       0.116      0.109      -0.373       0.083

 S8         ON
    A                  0.145       0.099      0.077      -0.057       0.333

 CONTENT    ON
    A                  0.069       0.030      0.011       0.011       0.127      *

 CONTENT  WITH
    S1                -0.036       0.087      0.339      -0.203       0.135
    S2                -0.269       0.122      0.014      -0.509      -0.027      *
    S3                -0.188       0.105      0.043      -0.388       0.026
    S4                -0.328       0.097      0.001      -0.508      -0.131      *
    S5                 0.091       0.146      0.267      -0.194       0.389
    S6                -0.237       0.168      0.085      -0.555       0.097
    S7                 0.067       0.179      0.366      -0.279       0.406
    S8                -0.204       0.157      0.098      -0.520       0.094

 S1       WITH
    S2                 0.414       0.168      0.016       0.039       0.682      *
    S3                -0.189       0.175      0.150      -0.509       0.168
    S4                 0.357       0.149      0.015       0.036       0.631      *
    S5                 0.130       0.210      0.283      -0.274       0.547
    S6                 0.195       0.224      0.208      -0.281       0.577
    S7                -0.423       0.224      0.052      -0.762       0.112
    S8                -0.083       0.235      0.368      -0.518       0.412

 S2       WITH
    S3                -0.270       0.197      0.102      -0.615       0.148
    S4                 0.224       0.212      0.170      -0.226       0.611
    S5                 0.316       0.233      0.112      -0.160       0.696
    S6                 0.319       0.260      0.130      -0.301       0.681
    S7                -0.430       0.205      0.037      -0.743       0.057
    S8                -0.058       0.241      0.409      -0.495       0.451

 S3       WITH
    S4                 0.288       0.175      0.062      -0.075       0.599
    S5                -0.416       0.181      0.020      -0.714      -0.019      *
    S6                -0.125       0.246      0.317      -0.581       0.347
    S7                 0.216       0.216      0.164      -0.215       0.616
    S8                -0.062       0.248      0.405      -0.527       0.423

 S4       WITH
    S5                 0.199       0.227      0.214      -0.302       0.573
    S6                 0.294       0.225      0.124      -0.171       0.661
    S7                -0.045       0.238      0.437      -0.481       0.410
    S8                 0.119       0.219      0.303      -0.319       0.521

 S5       WITH
    S6                 0.404       0.213      0.046      -0.073       0.754
    S7                 0.116       0.263      0.327      -0.429       0.616
    S8                -0.001       0.303      0.498      -0.552       0.586

 S6       WITH
    S7                -0.119       0.323      0.375      -0.658       0.529
    S8                 0.064       0.303      0.430      -0.571       0.579

 S7       WITH
    S8                 0.149       0.300      0.323      -0.488       0.683

 Intercepts
    CONTENT            5.042       0.175      0.000       4.703       5.390      *
    S1                -0.793       0.117      0.000      -1.052      -0.596      *
    S2                -0.174       0.117      0.052      -0.422       0.035
    S3                 0.085       0.099      0.195      -0.108       0.282
    S4                -0.951       0.150      0.000      -1.298      -0.709      *
    S5                 0.105       0.131      0.207      -0.143       0.373
    S6                 0.382       0.184      0.008       0.072       0.789      *
    S7                -0.058       0.176      0.366      -0.415       0.293
    S8                 0.093       0.145      0.261      -0.180       0.391

 Residual Variances
    CONTENT            0.995       0.004      0.000       0.984       1.000      *
    S1                 0.997       0.007      0.000       0.974       1.000      *
    S2                 0.997       0.010      0.000       0.967       1.000      *
    S3                 0.998       0.006      0.000       0.977       1.000      *
    S4                 0.998       0.007      0.000       0.974       1.000      *
    S5                 0.984       0.030      0.000       0.891       1.000      *
    S6                 0.981       0.040      0.000       0.854       1.000      *
    S7                 0.979       0.038      0.000       0.861       1.000      *
    S8                 0.979       0.031      0.000       0.889       1.000      *


STDY Standardization

                                Posterior  One-Tailed         95% C.I.
                    Estimate       S.D.      P-Value   Lower 2.5%  Upper 2.5%  Significance

Within-Level Standardized Estimates Averaged Over Clusters

 S1 | CONTENT ON
    CMC               -0.304       0.026      0.000      -0.354      -0.254      *

 S2 | CONTENT ON
    MIXED             -0.058       0.031      0.019      -0.124      -0.004      *

 S3 | CONTENT ON
    FAMILY             0.037       0.043      0.199      -0.047       0.121

 S4 | CONTENT ON
    WEAK_TIES         -0.357       0.033      0.000      -0.422      -0.289      *

 S5 | CONTENT ON
    CXF                0.065       0.091      0.251      -0.120       0.228

 S6 | CONTENT ON
    CXW                0.182       0.071      0.003       0.057       0.334      *

 S7 | CONTENT ON
    MXF               -0.117       0.134      0.200      -0.375       0.166

 S8 | CONTENT ON
    MXW                0.077       0.093      0.211      -0.140       0.235

 CONTENT    ON
    WEEKEND            0.184       0.022      0.000       0.140       0.228      *

 Residual Variances
    CONTENT            0.894       0.006      0.000       0.882       0.906      *

Between Level

 S1         ON
    A                 -0.135       0.132      0.153      -0.390       0.128

 S2         ON
    A                 -0.009       0.190      0.478      -0.386       0.370

 S3         ON
    A                  0.024       0.163      0.444      -0.301       0.336

 S4         ON
    A                  0.056       0.164      0.368      -0.264       0.378

 S5         ON
    A                 -0.300       0.239      0.099      -0.793       0.127

 S6         ON
    A                  0.319       0.293      0.129      -0.250       0.913

 S7         ON
    A                 -0.339       0.278      0.109      -0.896       0.199

 S8         ON
    A                  0.347       0.239      0.077      -0.137       0.798

 CONTENT    ON
    A                  0.166       0.071      0.011       0.026       0.304      *

 CONTENT  WITH
    S1                -0.036       0.087      0.339      -0.203       0.135
    S2                -0.269       0.122      0.014      -0.509      -0.027      *
    S3                -0.188       0.105      0.043      -0.388       0.026
    S4                -0.328       0.097      0.001      -0.508      -0.131      *
    S5                 0.091       0.146      0.267      -0.194       0.389
    S6                -0.237       0.168      0.085      -0.555       0.097
    S7                 0.067       0.179      0.366      -0.279       0.406
    S8                -0.204       0.157      0.098      -0.520       0.094

 S1       WITH
    S2                 0.414       0.168      0.016       0.039       0.682      *
    S3                -0.189       0.175      0.150      -0.509       0.168
    S4                 0.357       0.149      0.015       0.036       0.631      *
    S5                 0.130       0.210      0.283      -0.274       0.547
    S6                 0.195       0.224      0.208      -0.281       0.577
    S7                -0.423       0.224      0.052      -0.762       0.112
    S8                -0.083       0.235      0.368      -0.518       0.412

 S2       WITH
    S3                -0.270       0.197      0.102      -0.615       0.148
    S4                 0.224       0.212      0.170      -0.226       0.611
    S5                 0.316       0.233      0.112      -0.160       0.696
    S6                 0.319       0.260      0.130      -0.301       0.681
    S7                -0.430       0.205      0.037      -0.743       0.057
    S8                -0.058       0.241      0.409      -0.495       0.451

 S3       WITH
    S4                 0.288       0.175      0.062      -0.075       0.599
    S5                -0.416       0.181      0.020      -0.714      -0.019      *
    S6                -0.125       0.246      0.317      -0.581       0.347
    S7                 0.216       0.216      0.164      -0.215       0.616
    S8                -0.062       0.248      0.405      -0.527       0.423

 S4       WITH
    S5                 0.199       0.227      0.214      -0.302       0.573
    S6                 0.294       0.225      0.124      -0.171       0.661
    S7                -0.045       0.238      0.437      -0.481       0.410
    S8                 0.119       0.219      0.303      -0.319       0.521

 S5       WITH
    S6                 0.404       0.213      0.046      -0.073       0.754
    S7                 0.116       0.263      0.327      -0.429       0.616
    S8                -0.001       0.303      0.498      -0.552       0.586

 S6       WITH
    S7                -0.119       0.323      0.375      -0.658       0.529
    S8                 0.064       0.303      0.430      -0.571       0.579

 S7       WITH
    S8                 0.149       0.300      0.323      -0.488       0.683

 Intercepts
    CONTENT            5.042       0.175      0.000       4.703       5.390      *
    S1                -0.793       0.117      0.000      -1.052      -0.596      *
    S2                -0.174       0.117      0.052      -0.422       0.035
    S3                 0.085       0.099      0.195      -0.108       0.282
    S4                -0.951       0.150      0.000      -1.298      -0.709      *
    S5                 0.105       0.131      0.207      -0.143       0.373
    S6                 0.382       0.184      0.008       0.072       0.789      *
    S7                -0.058       0.176      0.366      -0.415       0.293
    S8                 0.093       0.145      0.261      -0.180       0.391

 Residual Variances
    CONTENT            0.995       0.004      0.000       0.984       1.000      *
    S1                 0.997       0.007      0.000       0.974       1.000      *
    S2                 0.997       0.010      0.000       0.967       1.000      *
    S3                 0.998       0.006      0.000       0.977       1.000      *
    S4                 0.998       0.007      0.000       0.974       1.000      *
    S5                 0.984       0.030      0.000       0.891       1.000      *
    S6                 0.981       0.040      0.000       0.854       1.000      *
    S7                 0.979       0.038      0.000       0.861       1.000      *
    S8                 0.979       0.031      0.000       0.889       1.000      *


R-SQUARE

Within-Level R-Square Averaged Across Clusters

                                Posterior  One-Tailed         95% C.I.
    Variable        Estimate       S.D.      P-Value   Lower 2.5%  Upper 2.5%

    CONTENT            0.106       0.006      0.000       0.094       0.118

Between Level

                                Posterior  One-Tailed         95% C.I.
    Variable        Estimate       S.D.      P-Value   Lower 2.5%  Upper 2.5%

    CONTENT            0.005       0.004      0.000       0.000       0.016

                                Posterior  One-Tailed         95% C.I.
    Variable        Estimate       S.D.      P-Value   Lower 2.5%  Upper 2.5%

    S1                 0.003       0.007      0.000       0.000       0.026
    S2                 0.003       0.010      0.000       0.000       0.033
    S3                 0.002       0.006      0.000       0.000       0.023
    S4                 0.002       0.007      0.000       0.000       0.026
    S5                 0.016       0.030      0.000       0.000       0.109
    S6                 0.019       0.040      0.000       0.000       0.145
    S7                 0.021       0.038      0.000       0.000       0.139
    S8                 0.021       0.031      0.000       0.000       0.111


TECHNICAL 1 OUTPUT


     PARAMETER SPECIFICATION FOR WITHIN


           NU
              CONTENT       CMC           MIXED         FAMILY        WEAK_TIE
              ________      ________      ________      ________      ________
                    0             0             0             0             0


           NU
              WEEKEND       CXF           CXW           MXF           MXW
              ________      ________      ________      ________      ________
                    0             0             0             0             0


           LAMBDA
              CONTENT       CMC           MIXED         FAMILY        WEAK_TIE
              ________      ________      ________      ________      ________
 CONTENT            0             0             0             0             0
 CMC                0             0             0             0             0
 MIXED              0             0             0             0             0
 FAMILY             0             0             0             0             0
 WEAK_TIE           0             0             0             0             0
 WEEKEND            0             0             0             0             0
 CXF                0             0             0             0             0
 CXW                0             0             0             0             0
 MXF                0             0             0             0             0
 MXW                0             0             0             0             0


           LAMBDA
              WEEKEND       CXF           CXW           MXF           MXW
              ________      ________      ________      ________      ________
 CONTENT            0             0             0             0             0
 CMC                0             0             0             0             0
 MIXED              0             0             0             0             0
 FAMILY             0             0             0             0             0
 WEAK_TIE           0             0             0             0             0
 WEEKEND            0             0             0             0             0
 CXF                0             0             0             0             0
 CXW                0             0             0             0             0
 MXF                0             0             0             0             0
 MXW                0             0             0             0             0


           THETA
              CONTENT       CMC           MIXED         FAMILY        WEAK_TIE
              ________      ________      ________      ________      ________
 CONTENT            0
 CMC                0             0
 MIXED              0             0             0
 FAMILY             0             0             0             0
 WEAK_TIE           0             0             0             0             0
 WEEKEND            0             0             0             0             0
 CXF                0             0             0             0             0
 CXW                0             0             0             0             0
 MXF                0             0             0             0             0
 MXW                0             0             0             0             0


           THETA
              WEEKEND       CXF           CXW           MXF           MXW
              ________      ________      ________      ________      ________
 WEEKEND            0
 CXF                0             0
 CXW                0             0             0
 MXF                0             0             0             0
 MXW                0             0             0             0             0


           ALPHA
              CONTENT       CMC           MIXED         FAMILY        WEAK_TIE
              ________      ________      ________      ________      ________
                    0             0             0             0             0


           ALPHA
              WEEKEND       CXF           CXW           MXF           MXW
              ________      ________      ________      ________      ________
                    0             0             0             0             0


           BETA
              CONTENT       CMC           MIXED         FAMILY        WEAK_TIE
              ________      ________      ________      ________      ________
 CONTENT            0             0             0             0             0
 CMC                0             0             0             0             0
 MIXED              0             0             0             0             0
 FAMILY             0             0             0             0             0
 WEAK_TIE           0             0             0             0             0
 WEEKEND            0             0             0             0             0
 CXF                0             0             0             0             0
 CXW                0             0             0             0             0
 MXF                0             0             0             0             0
 MXW                0             0             0             0             0


           BETA
              WEEKEND       CXF           CXW           MXF           MXW
              ________      ________      ________      ________      ________
 CONTENT            1             0             0             0             0
 CMC                0             0             0             0             0
 MIXED              0             0             0             0             0
 FAMILY             0             0             0             0             0
 WEAK_TIE           0             0             0             0             0
 WEEKEND            0             0             0             0             0
 CXF                0             0             0             0             0
 CXW                0             0             0             0             0
 MXF                0             0             0             0             0
 MXW                0             0             0             0             0


           PSI
              CONTENT       CMC           MIXED         FAMILY        WEAK_TIE
              ________      ________      ________      ________      ________
 CONTENT            2
 CMC                0             0
 MIXED              0             0             0
 FAMILY             0             0             0             0
 WEAK_TIE           0             0             0             0             0
 WEEKEND            0             0             0             0             0
 CXF                0             0             0             0             0
 CXW                0             0             0             0             0
 MXF                0             0             0             0             0
 MXW                0             0             0             0             0


           PSI
              WEEKEND       CXF           CXW           MXF           MXW
              ________      ________      ________      ________      ________
 WEEKEND            0
 CXF                0             0
 CXW                0             0             0
 MXF                0             0             0             0
 MXW                0             0             0             0             0


     PARAMETER SPECIFICATION FOR BETWEEN


           NU
              CONTENT       A
              ________      ________
                    0             0


           LAMBDA
              S1            S2            S3            S4            S5
              ________      ________      ________      ________      ________
 CONTENT            0             0             0             0             0
 A                  0             0             0             0             0


           LAMBDA
              S6            S7            S8            CONTENT       A
              ________      ________      ________      ________      ________
 CONTENT            0             0             0             0             0
 A                  0             0             0             0             0


           THETA
              CONTENT       A
              ________      ________
 CONTENT            0
 A                  0             0


           ALPHA
              S1            S2            S3            S4            S5
              ________      ________      ________      ________      ________
                    3             4             5             6             7


           ALPHA
              S6            S7            S8            CONTENT       A
              ________      ________      ________      ________      ________
                    8             9            10            11             0


           BETA
              S1            S2            S3            S4            S5
              ________      ________      ________      ________      ________
 S1                 0             0             0             0             0
 S2                 0             0             0             0             0
 S3                 0             0             0             0             0
 S4                 0             0             0             0             0
 S5                 0             0             0             0             0
 S6                 0             0             0             0             0
 S7                 0             0             0             0             0
 S8                 0             0             0             0             0
 CONTENT            0             0             0             0             0
 A                  0             0             0             0             0


           BETA
              S6            S7            S8            CONTENT       A
              ________      ________      ________      ________      ________
 S1                 0             0             0             0            12
 S2                 0             0             0             0            13
 S3                 0             0             0             0            14
 S4                 0             0             0             0            15
 S5                 0             0             0             0            16
 S6                 0             0             0             0            17
 S7                 0             0             0             0            18
 S8                 0             0             0             0            19
 CONTENT            0             0             0             0            20
 A                  0             0             0             0             0


           PSI
              S1            S2            S3            S4            S5
              ________      ________      ________      ________      ________
 S1                21
 S2                22            23
 S3                24            25            26
 S4                27            28            29            30
 S5                31            32            33            34            35
 S6                36            37            38            39            40
 S7                42            43            44            45            46
 S8                49            50            51            52            53
 CONTENT           57            58            59            60            61
 A                  0             0             0             0             0


           PSI
              S6            S7            S8            CONTENT       A
              ________      ________      ________      ________      ________
 S6                41
 S7                47            48
 S8                54            55            56
 CONTENT           62            63            64            65
 A                  0             0             0             0             0


     STARTING VALUES FOR WITHIN


           NU
              CONTENT       CMC           MIXED         FAMILY        WEAK_TIE
              ________      ________      ________      ________      ________
                0.000         0.000         0.000         0.000         0.000


           NU
              WEEKEND       CXF           CXW           MXF           MXW
              ________      ________      ________      ________      ________
                0.000         0.000         0.000         0.000         0.000


           LAMBDA
              CONTENT       CMC           MIXED         FAMILY        WEAK_TIE
              ________      ________      ________      ________      ________
 CONTENT        1.000         0.000         0.000         0.000         0.000
 CMC            0.000         1.000         0.000         0.000         0.000
 MIXED          0.000         0.000         1.000         0.000         0.000
 FAMILY         0.000         0.000         0.000         1.000         0.000
 WEAK_TIE       0.000         0.000         0.000         0.000         1.000
 WEEKEND        0.000         0.000         0.000         0.000         0.000
 CXF            0.000         0.000         0.000         0.000         0.000
 CXW            0.000         0.000         0.000         0.000         0.000
 MXF            0.000         0.000         0.000         0.000         0.000
 MXW            0.000         0.000         0.000         0.000         0.000


           LAMBDA
              WEEKEND       CXF           CXW           MXF           MXW
              ________      ________      ________      ________      ________
 CONTENT        0.000         0.000         0.000         0.000         0.000
 CMC            0.000         0.000         0.000         0.000         0.000
 MIXED          0.000         0.000         0.000         0.000         0.000
 FAMILY         0.000         0.000         0.000         0.000         0.000
 WEAK_TIE       0.000         0.000         0.000         0.000         0.000
 WEEKEND        1.000         0.000         0.000         0.000         0.000
 CXF            0.000         1.000         0.000         0.000         0.000
 CXW            0.000         0.000         1.000         0.000         0.000
 MXF            0.000         0.000         0.000         1.000         0.000
 MXW            0.000         0.000         0.000         0.000         1.000


           THETA
              CONTENT       CMC           MIXED         FAMILY        WEAK_TIE
              ________      ________      ________      ________      ________
 CONTENT        0.000
 CMC            0.000         0.000
 MIXED          0.000         0.000         0.000
 FAMILY         0.000         0.000         0.000         0.000
 WEAK_TIE       0.000         0.000         0.000         0.000         0.000
 WEEKEND        0.000         0.000         0.000         0.000         0.000
 CXF            0.000         0.000         0.000         0.000         0.000
 CXW            0.000         0.000         0.000         0.000         0.000
 MXF            0.000         0.000         0.000         0.000         0.000
 MXW            0.000         0.000         0.000         0.000         0.000


           THETA
              WEEKEND       CXF           CXW           MXF           MXW
              ________      ________      ________      ________      ________
 WEEKEND        0.000
 CXF            0.000         0.000
 CXW            0.000         0.000         0.000
 MXF            0.000         0.000         0.000         0.000
 MXW            0.000         0.000         0.000         0.000         0.000


           ALPHA
              CONTENT       CMC           MIXED         FAMILY        WEAK_TIE
              ________      ________      ________      ________      ________
                0.000         0.000         0.000         0.000         0.000


           ALPHA
              WEEKEND       CXF           CXW           MXF           MXW
              ________      ________      ________      ________      ________
                0.000         0.000         0.000         0.000         0.000


           BETA
              CONTENT       CMC           MIXED         FAMILY        WEAK_TIE
              ________      ________      ________      ________      ________
 CONTENT        0.000         0.000         0.000         0.000         0.000
 CMC            0.000         0.000         0.000         0.000         0.000
 MIXED          0.000         0.000         0.000         0.000         0.000
 FAMILY         0.000         0.000         0.000         0.000         0.000
 WEAK_TIE       0.000         0.000         0.000         0.000         0.000
 WEEKEND        0.000         0.000         0.000         0.000         0.000
 CXF            0.000         0.000         0.000         0.000         0.000
 CXW            0.000         0.000         0.000         0.000         0.000
 MXF            0.000         0.000         0.000         0.000         0.000
 MXW            0.000         0.000         0.000         0.000         0.000


           BETA
              WEEKEND       CXF           CXW           MXF           MXW
              ________      ________      ________      ________      ________
 CONTENT        0.000         0.000         0.000         0.000         0.000
 CMC            0.000         0.000         0.000         0.000         0.000
 MIXED          0.000         0.000         0.000         0.000         0.000
 FAMILY         0.000         0.000         0.000         0.000         0.000
 WEAK_TIE       0.000         0.000         0.000         0.000         0.000
 WEEKEND        0.000         0.000         0.000         0.000         0.000
 CXF            0.000         0.000         0.000         0.000         0.000
 CXW            0.000         0.000         0.000         0.000         0.000
 MXF            0.000         0.000         0.000         0.000         0.000
 MXW            0.000         0.000         0.000         0.000         0.000


           PSI
              CONTENT       CMC           MIXED         FAMILY        WEAK_TIE
              ________      ________      ________      ________      ________
 CONTENT        0.398
 CMC            0.000         0.087
 MIXED          0.000         0.000         0.052
 FAMILY         0.000         0.000         0.000         0.044
 WEAK_TIE       0.000         0.000         0.000         0.000         0.062
 WEEKEND        0.000         0.000         0.000         0.000         0.000
 CXF            0.000         0.000         0.000         0.000         0.000
 CXW            0.000         0.000         0.000         0.000         0.000
 MXF            0.000         0.000         0.000         0.000         0.000
 MXW            0.000         0.000         0.000         0.000         0.000


           PSI
              WEEKEND       CXF           CXW           MXF           MXW
              ________      ________      ________      ________      ________
 WEEKEND        0.107
 CXF            0.000         0.008
 CXW            0.000         0.000         0.010
 MXF            0.000         0.000         0.000         0.003
 MXW            0.000         0.000         0.000         0.000         0.005


     STARTING VALUES FOR BETWEEN


           NU
              CONTENT       A
              ________      ________
                0.000         0.000


           LAMBDA
              S1            S2            S3            S4            S5
              ________      ________      ________      ________      ________
 CONTENT        0.000         0.000         0.000         0.000         0.000
 A              0.000         0.000         0.000         0.000         0.000


           LAMBDA
              S6            S7            S8            CONTENT       A
              ________      ________      ________      ________      ________
 CONTENT        0.000         0.000         0.000         1.000         0.000
 A              0.000         0.000         0.000         0.000         1.000


           THETA
              CONTENT       A
              ________      ________
 CONTENT        0.000
 A              0.000         0.000


           ALPHA
              S1            S2            S3            S4            S5
              ________      ________      ________      ________      ________
                0.000         0.000         0.000         0.000         0.000


           ALPHA
              S6            S7            S8            CONTENT       A
              ________      ________      ________      ________      ________
                0.000         0.000         0.000         2.664         0.000


           BETA
              S1            S2            S3            S4            S5
              ________      ________      ________      ________      ________
 S1             0.000         0.000         0.000         0.000         0.000
 S2             0.000         0.000         0.000         0.000         0.000
 S3             0.000         0.000         0.000         0.000         0.000
 S4             0.000         0.000         0.000         0.000         0.000
 S5             0.000         0.000         0.000         0.000         0.000
 S6             0.000         0.000         0.000         0.000         0.000
 S7             0.000         0.000         0.000         0.000         0.000
 S8             0.000         0.000         0.000         0.000         0.000
 CONTENT        0.000         0.000         0.000         0.000         0.000
 A              0.000         0.000         0.000         0.000         0.000


           BETA
              S6            S7            S8            CONTENT       A
              ________      ________      ________      ________      ________
 S1             0.000         0.000         0.000         0.000         0.000
 S2             0.000         0.000         0.000         0.000         0.000
 S3             0.000         0.000         0.000         0.000         0.000
 S4             0.000         0.000         0.000         0.000         0.000
 S5             0.000         0.000         0.000         0.000         0.000
 S6             0.000         0.000         0.000         0.000         0.000
 S7             0.000         0.000         0.000         0.000         0.000
 S8             0.000         0.000         0.000         0.000         0.000
 CONTENT        0.000         0.000         0.000         0.000         0.000
 A              0.000         0.000         0.000         0.000         0.000


           PSI
              S1            S2            S3            S4            S5
              ________      ________      ________      ________      ________
 S1             1.000
 S2             0.000         1.000
 S3             0.000         0.000         1.000
 S4             0.000         0.000         0.000         1.000
 S5             0.000         0.000         0.000         0.000         1.000
 S6             0.000         0.000         0.000         0.000         0.000
 S7             0.000         0.000         0.000         0.000         0.000
 S8             0.000         0.000         0.000         0.000         0.000
 CONTENT        0.000         0.000         0.000         0.000         0.000
 A              0.000         0.000         0.000         0.000         0.000


           PSI
              S6            S7            S8            CONTENT       A
              ________      ________      ________      ________      ________
 S6             1.000
 S7             0.000         1.000
 S8             0.000         0.000         1.000
 CONTENT        0.000         0.000         0.000         0.398
 A              0.000         0.000         0.000         0.000         0.174



     PRIORS FOR ALL PARAMETERS            PRIOR MEAN      PRIOR VARIANCE     PRIOR STD. DEV.

     Parameter 1~N(0.000,infinity)           0.0000            infinity            infinity
     Parameter 2~IG(-1.000,0.000)          infinity            infinity            infinity
     Parameter 3~N(0.000,infinity)           0.0000            infinity            infinity
     Parameter 4~N(0.000,infinity)           0.0000            infinity            infinity
     Parameter 5~N(0.000,infinity)           0.0000            infinity            infinity
     Parameter 6~N(0.000,infinity)           0.0000            infinity            infinity
     Parameter 7~N(0.000,infinity)           0.0000            infinity            infinity
     Parameter 8~N(0.000,infinity)           0.0000            infinity            infinity
     Parameter 9~N(0.000,infinity)           0.0000            infinity            infinity
     Parameter 10~N(0.000,infinity)          0.0000            infinity            infinity
     Parameter 11~N(0.000,infinity)          0.0000            infinity            infinity
     Parameter 12~N(0.000,infinity)          0.0000            infinity            infinity
     Parameter 13~N(0.000,infinity)          0.0000            infinity            infinity
     Parameter 14~N(0.000,infinity)          0.0000            infinity            infinity
     Parameter 15~N(0.000,infinity)          0.0000            infinity            infinity
     Parameter 16~N(0.000,infinity)          0.0000            infinity            infinity
     Parameter 17~N(0.000,infinity)          0.0000            infinity            infinity
     Parameter 18~N(0.000,infinity)          0.0000            infinity            infinity
     Parameter 19~N(0.000,infinity)          0.0000            infinity            infinity
     Parameter 20~N(0.000,infinity)          0.0000            infinity            infinity
     Parameter 21~IW(0.000,-10)            infinity            infinity            infinity
     Parameter 22~IW(0.000,-10)            infinity            infinity            infinity
     Parameter 23~IW(0.000,-10)            infinity            infinity            infinity
     Parameter 24~IW(0.000,-10)            infinity            infinity            infinity
     Parameter 25~IW(0.000,-10)            infinity            infinity            infinity
     Parameter 26~IW(0.000,-10)            infinity            infinity            infinity
     Parameter 27~IW(0.000,-10)            infinity            infinity            infinity
     Parameter 28~IW(0.000,-10)            infinity            infinity            infinity
     Parameter 29~IW(0.000,-10)            infinity            infinity            infinity
     Parameter 30~IW(0.000,-10)            infinity            infinity            infinity
     Parameter 31~IW(0.000,-10)            infinity            infinity            infinity
     Parameter 32~IW(0.000,-10)            infinity            infinity            infinity
     Parameter 33~IW(0.000,-10)            infinity            infinity            infinity
     Parameter 34~IW(0.000,-10)            infinity            infinity            infinity
     Parameter 35~IW(0.000,-10)            infinity            infinity            infinity
     Parameter 36~IW(0.000,-10)            infinity            infinity            infinity
     Parameter 37~IW(0.000,-10)            infinity            infinity            infinity
     Parameter 38~IW(0.000,-10)            infinity            infinity            infinity
     Parameter 39~IW(0.000,-10)            infinity            infinity            infinity
     Parameter 40~IW(0.000,-10)            infinity            infinity            infinity
     Parameter 41~IW(0.000,-10)            infinity            infinity            infinity
     Parameter 42~IW(0.000,-10)            infinity            infinity            infinity
     Parameter 43~IW(0.000,-10)            infinity            infinity            infinity
     Parameter 44~IW(0.000,-10)            infinity            infinity            infinity
     Parameter 45~IW(0.000,-10)            infinity            infinity            infinity
     Parameter 46~IW(0.000,-10)            infinity            infinity            infinity
     Parameter 47~IW(0.000,-10)            infinity            infinity            infinity
     Parameter 48~IW(0.000,-10)            infinity            infinity            infinity
     Parameter 49~IW(0.000,-10)            infinity            infinity            infinity
     Parameter 50~IW(0.000,-10)            infinity            infinity            infinity
     Parameter 51~IW(0.000,-10)            infinity            infinity            infinity
     Parameter 52~IW(0.000,-10)            infinity            infinity            infinity
     Parameter 53~IW(0.000,-10)            infinity            infinity            infinity
     Parameter 54~IW(0.000,-10)            infinity            infinity            infinity
     Parameter 55~IW(0.000,-10)            infinity            infinity            infinity
     Parameter 56~IW(0.000,-10)            infinity            infinity            infinity
     Parameter 57~IW(0.000,-10)            infinity            infinity            infinity
     Parameter 58~IW(0.000,-10)            infinity            infinity            infinity
     Parameter 59~IW(0.000,-10)            infinity            infinity            infinity
     Parameter 60~IW(0.000,-10)            infinity            infinity            infinity
     Parameter 61~IW(0.000,-10)            infinity            infinity            infinity
     Parameter 62~IW(0.000,-10)            infinity            infinity            infinity
     Parameter 63~IW(0.000,-10)            infinity            infinity            infinity
     Parameter 64~IW(0.000,-10)            infinity            infinity            infinity
     Parameter 65~IW(0.000,-10)            infinity            infinity            infinity


TECHNICAL 8 OUTPUT


   TECHNICAL 8 OUTPUT FOR BAYES ESTIMATION

     CHAIN    BSEED
     1        0
     2        285380

                     POTENTIAL       PARAMETER WITH
     ITERATION    SCALE REDUCTION      HIGHEST PSR
     100              3.783               36
     200              3.465               38
     300              3.078               50
     400              2.623               40
     500              2.584               35
     600              2.491               40
     700              3.116               55
     800              3.309               55
     900              3.188               55
     1000             3.187               55
     1100             2.643               55
     1200             2.533               55
     1300             2.356               55
     1400             2.008               55
     1500             1.965               55
     1600             1.865               55
     1700             1.845               47
     1800             1.842               47
     1900             1.844               47
     2000             1.835               47
     2100             1.752               47
     2200             1.843               47
     2300             1.799               47
     2400             1.779               47
     2500             1.841               47
     2600             1.809               47
     2700             1.808               47
     2800             1.743               47
     2900             1.664               47
     3000             1.673               47
     3100             1.698               47
     3200             1.750               47
     3300             1.690               47
     3400             1.606               47
     3500             1.478               47
     3600             1.452               47
     3700             1.460               45
     3800             1.443               45
     3900             1.473               45
     4000             1.489               45
     4100             1.459               45
     4200             1.353               45
     4300             1.335               45
     4400             1.334               45
     4500             1.328               34
     4600             1.299               55
     4700             1.278               17
     4800             1.278               17
     4900             1.311               17
     5000             1.297               38
     5100             1.307               38
     5200             1.277               38
     5300             1.239               38
     5400             1.250               17
     5500             1.269               17
     5600             1.263               17
     5700             1.227               17
     5800             1.192               48
     5900             1.196               48
     6000             1.183               48
     6100             1.184               48
     6200             1.172               48
     6300             1.168               48
     6400             1.166               48
     6500             1.166               48
     6600             1.166               48
     6700             1.132               48
     6800             1.120               48
     6900             1.115               48
     7000             1.127               48
     7100             1.155               48
     7200             1.131               48
     7300             1.102               63
     7400             1.110               31
     7500             1.126               31
     7600             1.135               31
     7700             1.145               31
     7800             1.151               31
     7900             1.143               9
     8000             1.148               9
     8100             1.156               9
     8200             1.169               9
     8300             1.176               9
     8400             1.193               9
     8500             1.208               9
     8600             1.203               9
     8700             1.190               50
     8800             1.210               50
     8900             1.229               50
     9000             1.246               50
     9100             1.269               50
     9200             1.276               50
     9300             1.300               50
     9400             1.306               50
     9500             1.300               50
     9600             1.300               50
     9700             1.290               50
     9800             1.268               50
     9900             1.258               50
     10000            1.251               50
     10100            1.246               50
     10200            1.231               50
     10300            1.239               50
     10400            1.229               50
     10500            1.225               50
     10600            1.233               50
     10700            1.230               50
     10800            1.216               50
     10900            1.201               50
     11000            1.188               50
     11100            1.181               9
     11200            1.175               9
     11300            1.172               9
     11400            1.181               9
     11500            1.188               9
     11600            1.185               9
     11700            1.182               9
     11800            1.186               9
     11900            1.182               9
     12000            1.181               9
     12100            1.176               9
     12200            1.173               9
     12300            1.166               9
     12400            1.171               9
     12500            1.178               9
     12600            1.171               9
     12700            1.168               9
     12800            1.171               9
     12900            1.170               9
     13000            1.170               9
     13100            1.166               9
     13200            1.153               9
     13300            1.141               9
     13400            1.132               9
     13500            1.121               9
     13600            1.107               55
     13700            1.117               55
     13800            1.126               55
     13900            1.138               55
     14000            1.145               55
     14100            1.158               55
     14200            1.167               55
     14300            1.166               55
     14400            1.168               55
     14500            1.178               55
     14600            1.184               55
     14700            1.191               55
     14800            1.190               55
     14900            1.188               55
     15000            1.193               55
     15100            1.195               55
     15200            1.192               55
     15300            1.183               55
     15400            1.179               55
     15500            1.171               55
     15600            1.167               55
     15700            1.167               55
     15800            1.171               55
     15900            1.176               55
     16000            1.168               55
     16100            1.169               55
     16200            1.160               55
     16300            1.154               55
     16400            1.147               55
     16500            1.143               55
     16600            1.138               55
     16700            1.139               55
     16800            1.138               55
     16900            1.133               55
     17000            1.129               55
     17100            1.117               55
     17200            1.104               55
     17300            1.100               55
     17400            1.095               55


     Beginning Time:  19:16:24
        Ending Time:  19:32:07
       Elapsed Time:  00:15:43



MUTHEN & MUTHEN
3463 Stoner Ave.
Los Angeles, CA  90066

Tel: (310) 391-9971
Fax: (310) 391-8971
Web: www.StatModel.com
Support: Support@StatModel.com

Copyright (c) 1998-2020 Muthen & Muthen
