Mplus VERSION 8.5 (Mac)
MUTHEN & MUTHEN
03/17/2022   6:24 PM

INPUT INSTRUCTIONS

  TITLE: Analysis 5
  DATA: FILE = analysis4+5_S2.dat;
  VARIABLE:
  NAMES = ID WB content stressed lonely
  FTF CMC mixed peers family weak_ties
  E A C N O gender ethnicity SES weekend;
  USEVARIABLES = WB
  CMC mixed family weak_ties
  weekend O
  cxf cxw mxf mxw;
  CLUSTER = ID;
  WITHIN = CMC mixed family weak_ties weekend
  cxf cxw mxf mxw;
  BETWEEN = O;
  MISSING = .;
  DEFINE:
  CENTER CMC (GROUPMEAN);
  CENTER mixed (GROUPMEAN);
  CENTER family (GROUPMEAN);
  CENTER weak_ties (GROUPMEAN);
  cxf=CMC*family;
  cxw=CMC*weak_ties;
  mxf=mixed*family;
  mxw=mixed*weak_ties;
  CENTER O (GRANDMEAN);
  ANALYSIS: TYPE = TWOLEVEL RANDOM; ESTIMATOR = BAYES;
  BITERATIONS = (10000); PROCESSORS = 2;
  MODEL:
  %WITHIN%
  ! Well-being is predicted by CMC, the slope is random
  S1 | WB ON CMC;
  ! Well-being is predicted by mixed episodes, the slope is random
  S2 | WB ON mixed;
  ! Well-being is predicted by family, the slope is random
  S3 | WB ON family;
  ! Well-being is predicted by weak ties, the slope is random
  S4 | WB ON weak_ties;
  ! Well-being is predicted by CMC*family, the slope is random
  S5 | WB ON cxf;
  ! Well-being is predicted by CMC*weak ties, the slope is random
  S6 | WB ON cxw;
  ! Well-being is predicted by mixed*family, the slope is random
  S7 | WB ON mxf;
  ! Well-being is predicted by mixed*weak ties, the slope is random
  S8 | WB ON mxw;
  ! Control for weekend
  WB ON weekend;
  %BETWEEN%
  ! Covariance between intercept and slopes
  WB S1-S8 WITH WB S1-S8;
  ! The intercept is predicted by openness
  WB ON O;
  ! The slopes are predicted by openness
  S1-S8 ON O;
  OUTPUT: STDYX STDY TECH8;



*** WARNING in VARIABLE command
  Note that only the first 8 characters of variable names are used in the output.
  Shorten variable names to avoid any confusion.
*** WARNING
  One or more individual-level variables have no variation within a
  cluster for the following clusters.

     Variable   Cluster IDs with no within-cluster variation

      WB          497 134 140 13 50 629
      WEEKEND     316 335 69 368 502 568 134 293 140 307 650 197 357 404 163 595 300 93 680 700
                  513 515 537 291 496 326 849 668 321 110 48 722
      CXF         316 335 69 368 215 497 502 568 134 293 703 140 307 650 13 197 65 565 50 357
                  362 216 382 404 783 118 163 595 300 72 93 428 680 700 150 320 333 513 515 537
                  212 657 689 483 96 133 736 578 498 629 857 182 480 677 325 698 753 777 597 519
                  533 836 98 849 61 231 398 727 599 747 501 417 425 623 631 10 804 107 668 11
                  321 559 110 644 229 563 276 672 92 582 126 814 360 334 199 217 343 99 574 584
                  822 825 506 6 649 211 414 172 608 724 848 740 387 331 570 137 842 435 271 371
                  260 361 318 820 616 746 279 826 179 104 536 768 854 410 542 794 591 221 78 26
                  123 328 12 15 213 642 564 619 725 45 688 520 246 214 695 750 457 601 772 470
                  606 219 241 108 195 531 202 852 472 379 769 173 311 634 764 596 771 294 846
                  464 434 332 381 94 164 4 138 42 88 671 177 152 845 522 784 14 469 356 79 481
                  82 83 274 49 577 474 838 290 782 269 20 458 816 659 824 57 490 87 405 739 843
                  511 136 743 401 758 459 22 760 7 730 773 749 550 47 402 415 479 242 60 609 77
                  514 850 598 654 572 465 287 499 580
      CXW         316 335 69 368 215 497 502 568 134 293 703 140 307 650 13 65 776 50 357 216
                  382 783 118 163 595 93 680 320 333 262 513 657 133 736 498 621 629 326 182 220
                  567 194 519 546 836 61 230 239 727 599 501 623 10 107 668 11 644 229 563 276
                  92 582 802 142 126 451 244 302 360 334 199 807 40 19 649 463 211 441 704 466
                  748 179 536 410 542 36 48 635 221 718 213 421 564 543 619 620 482 380 214 695
                  601 471 606 241 222 531 202 754 311 67 516 332 571 4 42 88 177 44 412 59 355
                  84 583 87 297 184 756 809 667 760 573 730 550 402 738 386 242 609 378 540 444
                  705 24
      MXF         316 335 69 368 215 497 502 568 134 293 703 140 307 650 13 197 65 776 565 50
                  357 362 216 382 404 783 643 118 163 595 300 72 93 428 680 700 150 320 513 515
                  537 212 657 689 483 96 133 291 736 578 498 790 621 629 363 857 182 38 480 567
                  677 325 698 646 194 753 777 597 519 533 836 98 849 500 61 231 155 398 599 602
                  747 501 417 425 623 631 10 804 107 668 11 321 559 110 91 229 757 563 413 276
                  672 126 814 130 451 338 532 360 334 547 633 763 427 217 343 99 574 40 584 822
                  825 506 6 143 19 649 576 414 306 172 90 32 608 377 724 324 848 740 707 387 821
                  331 832 570 137 842 435 271 18 371 713 792 251 260 666 361 318 820 616 746 279
                  826 179 104 628 536 768 854 630 410 542 794 591 592 78 26 123 305 328 614 354
                  12 15 213 642 562 422 564 711 543 619 725 45 116 688 183 520 41 246 737 71 817
                  695 750 457 86 601 772 470 509 606 219 241 395 108 656 585 195 785 600 787 531
                  852 472 379 769 173 232 634 226 639 764 596 771 294 516 846 272 464 193 434
                  237 284 381 94 164 851 4 203 138 88 671 177 152 845 55 684 522 784 690 14 148
                  469 648 187 356 79 481 82 176 83 274 49 577 474 838 175 290 782 269 396 20 458
                  816 659 824 57 490 87 52 405 739 345 843 511 136 743 401 758 459 358 22 667
                  760 7 779 730 773 749 374 319 755 550 47 402 696 415 479 242 60 609 674 77 514
                  850 598 654 572 465 346 287 499 580
      MXW         316 335 69 368 215 497 502 568 134 293 703 140 307 650 13 65 776 565 50 357
                  362 216 382 404 643 118 163 595 300 93 428 680 700 150 320 262 513 515 657 689
                  96 291 736 578 498 790 621 363 857 326 38 220 567 677 646 194 533 546 836 500
                  61 230 155 239 599 602 501 417 631 10 804 107 668 11 91 229 757 563 413 276
                  802 142 126 130 451 244 338 302 532 360 334 547 633 763 427 217 574 807 40 822
                  825 506 143 19 649 576 463 306 90 32 377 441 724 324 848 704 707 821 331 832
                  137 18 371 713 792 466 251 260 666 746 826 748 179 628 630 410 542 36 48 592
                  635 78 305 718 614 354 15 213 642 421 562 422 564 711 543 619 620 116 482 183
                  520 41 246 737 380 71 817 695 750 86 509 471 606 241 395 656 585 222 195 785
                  600 787 531 202 754 232 226 639 67 294 516 272 464 193 237 284 571 851 4 203
                  177 44 55 684 784 690 148 648 187 176 412 59 355 84 175 583 290 396 87 52 345
                  297 184 401 756 358 809 667 760 573 779 730 374 319 755 550 402 696 738 386
                  242 609 674 378 540 444 514 705 346 24

*** WARNING
  Data set contains cases with missing on x-variables.
  These cases were not included in the analysis.
  Number of cases with missing on x-variables:  3138
*** WARNING
  Data set contains cases with missing on all variables except
  x-variables.  These cases were not included in the analysis.
  Number of cases with missing on all variables except x-variables:  10
   4 WARNING(S) FOUND IN THE INPUT INSTRUCTIONS



Analysis 5

SUMMARY OF ANALYSIS

Number of groups                                                 1
Number of observations                                       10871

Number of dependent variables                                    1
Number of independent variables                                 10
Number of continuous latent variables                            8

Observed dependent variables

  Continuous
   WB

Observed independent variables
   CMC         MIXED       FAMILY      WEAK_TIE    WEEKEND     O
   CXF         CXW         MXF         MXW

Continuous latent variables
   S1          S2          S3          S4          S5          S6
   S7          S8

Variables with special functions

  Cluster variable      ID

  Within variables
   CMC         MIXED       FAMILY      WEAK_TIE    WEEKEND     CXF
   CXW         MXF         MXW

  Between variables
   O

  Centering (GRANDMEAN)
   O

  Centering (GROUPMEAN)
   CMC         MIXED       FAMILY      WEAK_TIE


Estimator                                                    BAYES
Specifications for Bayesian Estimation
  Point estimate                                            MEDIAN
  Number of Markov chain Monte Carlo (MCMC) chains               2
  Random seed for the first chain                                0
  Starting value information                           UNPERTURBED
  Algorithm used for Markov chain Monte Carlo           GIBBS(PX1)
  Convergence criterion                                  0.500D-01
  Maximum number of iterations                               50000
  K-th iteration used for thinning                               1

Input data file(s)
  analysis4+5_S2.dat
Input data format  FREE


SUMMARY OF DATA

     Number of clusters                        623

       Size (s)    Cluster ID with Size s

          1        46 100 121 157 198 208 277 301 312 350 450 486 603 664
                   708 723
          2        316 335 69 368 215 497 502 568 134 293 703 140 307
          3        650 13 197 65 776 565
          4        50 357 362 216 382 404 783 643 118
          5        163 595 300 72 93 428 680 700 150 320 333 262 513 515
                   537 212
          6        657 373 689 483 96 133 291 736 496 578 498 790 621 629
                   363 857
          7        589 326 182 38 220 370 480 567 677 325 698
          8        646 366 194 753 278 777 597 243 519 533 546 812 836
                   98 849 500 23
          9        61 230 231 155 239 398 727 599 602 747 501 417 425 623
                   132 631 10 804 107 29 668 478 11 321 559
         10        110 91 485 265 644 229 757 563 310 413 276 672 92 582
                   64 802 432 142 126 814 130 451 244 247 617 338
         11        302 467 406 532 360 538 334 547 199 633 555 763 427
                   217 566 801 343 99 574 807 40 584 822 825 506 6 847
         12        143 19 649 576 95 463 211 414 789 306 172 90 32 156
                   608 377 158 441 162 724 324 848 740
         13        701 477 704 707 810 2 387 819 821 770 267 331 830 832
                   570 137 842 435 271 18 655
         14        371 713 792 466 251 190 260 204 666 361 813 318 820
                   616 746 279 826 748 179 104 628 536 766 768 854 630
                   410
         15        542 794 579 264 733 36 48 682 685 744 591 592 692 635
                   221 78 26 123 305 328 718 614 354 722 12 15
         16        245 213 642 421 562 422 564 400 711 43 717 543 619 620
                   725 174 551 45 507 76 116 688
         17        482 327 183 520 408 372 41 225 246 737 359 380 71 817
                   214 695 750 457 638 641 759 191 394 86 601 772 470 509
                   471 606 219 241 117
         18        31 395 108 656 585 715 403 622 222 195 74 525 726 681
                   528 785 600 787 531 73 159 160 473 202 541 852
         19        544 754 115 112 472 379 834 769 173 232 56 311 634 226
                   364 639 694 665 640
         20        632 764 66 798 250 596 771 67 294 516 846 436 25 670
                   732 27 127 257 367
         21        249 272 464 101 193 721 434 237 284 139 332 571 381
                   161 94 735 37 164 851 4 203 128 426
         22        138 42 431 275 88 671 258 313 177 152 845 569 44 55
                   684 522 784 63 690 607
         23        14 148 469 170 648 187 356 79 125 527 775 660 481 82
                   176 83 853 210 412 274 146
         24        59 508 54 49 355 577 474 838 84 774 175 583 661 808
                   460 290 782 266 613 248 503 234 269 593 396
         25        20 458 816 120 709 659 693 824 51 57 490 87 52 385 833
                   16 315
         26        181 405 739 345 843 423 297 468 154 511 8 136 624
         27        647 169 743 610 103 699 184 383 348 401 493 227 534
                   756 295 758 388 459 358 391 714 765 22
         28        446 809 827 530 167 186 201 667 760
         29        7 573 779 730 299 773 168 282 749
         30        374 800 319 811 755 550 795 97 47
         31        402 625 696 252 529 738 652 415 309 386
         32        323 263 636 479 270 80 242 60 235
         33        609 389 674 378
         34        77 581 399 337 540 476 439 444
         35        514
         36        135 393
         37        850 192
         38        598 273 705 780 654 308
         39        662 767 572
         40        418
         41        141 465 346 228 53 254
         43        287
         44        499
         45        24
         46        580



COVARIANCE COVERAGE OF DATA

Minimum covariance coverage value   0.100

     Number of missing data patterns             1


     PROPORTION OF DATA PRESENT


           Covariance Coverage
              WB            CMC           MIXED         FAMILY        WEAK_TIE
              ________      ________      ________      ________      ________
 WB             1.000
 CMC            1.000         1.000
 MIXED          1.000         1.000         1.000
 FAMILY         1.000         1.000         1.000         1.000
 WEAK_TIE       1.000         1.000         1.000         1.000         1.000
 WEEKEND        1.000         1.000         1.000         1.000         1.000
 CXF            1.000         1.000         1.000         1.000         1.000
 CXW            1.000         1.000         1.000         1.000         1.000
 MXF            1.000         1.000         1.000         1.000         1.000
 MXW            1.000         1.000         1.000         1.000         1.000
 O              1.000         1.000         1.000         1.000         1.000


           Covariance Coverage
              WEEKEND       CXF           CXW           MXF           MXW
              ________      ________      ________      ________      ________
 WEEKEND        1.000
 CXF            1.000         1.000
 CXW            1.000         1.000         1.000
 MXF            1.000         1.000         1.000         1.000
 MXW            1.000         1.000         1.000         1.000         1.000
 O              1.000         1.000         1.000         1.000         1.000


           Covariance Coverage
              O
              ________
 O              1.000



UNIVARIATE SAMPLE STATISTICS


     UNIVARIATE HIGHER-ORDER MOMENT DESCRIPTIVE STATISTICS

         Variable/         Mean/     Skewness/   Minimum/ % with                Percentiles
        Sample Size      Variance    Kurtosis    Maximum  Min/Max      20%/60%    40%/80%    Median

     WB                    3.030      -0.512       1.000    0.88%       2.333      3.000      3.000
           10871.000       0.428      -0.085       4.000   11.18%       3.333      3.667
     CMC                   0.000       0.592      -0.941    0.01%      -0.333     -0.192     -0.125
           10871.000       0.174      -0.751       0.964    0.01%      -0.067      0.480
     MIXED                 0.000       1.589      -0.833    0.01%      -0.200     -0.100     -0.067
           10871.000       0.104       1.863       0.972    0.01%      -0.040      0.000
     FAMILY                0.000       1.474      -0.947    0.01%      -0.167     -0.059     -0.034
           10871.000       0.088       2.597       0.974    0.01%       0.000      0.000
     WEAK_TIES             0.000       1.214      -0.846    0.04%      -0.222     -0.125     -0.083
           10871.000       0.123       0.865       0.977    0.01%      -0.050      0.000
     WEEKEND               0.308       0.832       0.000   69.21%       0.000      0.000      0.000
           10871.000       0.213      -1.307       1.000   30.79%       0.000      1.000
     CXF                   0.003       1.128      -0.754    0.02%      -0.031      0.000      0.000
           10871.000       0.017      11.376       0.915    0.01%       0.000      0.028
     CXW                  -0.024      -0.311      -0.892    0.01%      -0.092      0.000      0.000
           10871.000       0.020       6.578       0.898    0.01%       0.008      0.039
     MXF                  -0.004       1.517      -0.710    0.01%       0.000      0.000      0.000
           10871.000       0.006      34.594       0.878    0.01%       0.000      0.011
     MXW                  -0.007       1.548      -0.814    0.01%      -0.025      0.000      0.000
           10871.000       0.010      20.252       0.845    0.01%       0.004      0.023
     O                     0.000      -0.077      -1.729    0.16%      -0.529     -0.129     -0.029
             623.000       0.371      -0.400       1.371    0.64%       0.171      0.471


THE MODEL ESTIMATION TERMINATED NORMALLY

     USE THE FBITERATIONS OPTION TO INCREASE THE NUMBER OF ITERATIONS BY A FACTOR
     OF AT LEAST TWO TO CHECK CONVERGENCE AND THAT THE PSR VALUE DOES NOT INCREASE.



MODEL FIT INFORMATION

Number of Free Parameters                              65

Information Criteria

          Deviance (DIC)                        16395.444
          Estimated Number of Parameters (pD)    1173.287



MODEL RESULTS

                                Posterior  One-Tailed         95% C.I.
                    Estimate       S.D.      P-Value   Lower 2.5%  Upper 2.5%  Significance

Within Level

 WB         ON
    WEEKEND            0.107       0.011      0.000       0.085       0.129      *

 Residual Variances
    WB                 0.237       0.004      0.000       0.231       0.245      *

Between Level

 S1         ON
    O                 -0.013       0.026      0.307      -0.064       0.039

 S2         ON
    O                 -0.004       0.030      0.447      -0.061       0.055

 S3         ON
    O                 -0.107       0.037      0.002      -0.179      -0.036      *

 S4         ON
    O                  0.014       0.030      0.312      -0.042       0.073

 S5         ON
    O                  0.069       0.087      0.210      -0.099       0.243

 S6         ON
    O                 -0.001       0.073      0.492      -0.140       0.156

 S7         ON
    O                 -0.007       0.149      0.481      -0.318       0.271

 S8         ON
    O                  0.070       0.099      0.250      -0.137       0.250

 WB         ON
    O                  0.012       0.029      0.339      -0.044       0.069

 WB       WITH
    S1                 0.017       0.007      0.008       0.003       0.031      *
    S2                -0.007       0.008      0.205      -0.021       0.009
    S3                -0.004       0.010      0.325      -0.023       0.016
    S4                -0.020       0.008      0.005      -0.036      -0.005      *
    S5                -0.021       0.021      0.158      -0.063       0.021
    S6                -0.006       0.018      0.348      -0.044       0.028
    S7                -0.024       0.038      0.258      -0.101       0.052
    S8                -0.008       0.025      0.365      -0.057       0.041

 S1       WITH
    S2                 0.018       0.007      0.003       0.004       0.031      *
    S3                -0.017       0.008      0.014      -0.033      -0.002      *
    S4                 0.009       0.007      0.104      -0.005       0.022
    S5                 0.007       0.017      0.337      -0.026       0.040
    S6                -0.022       0.013      0.033      -0.048       0.001
    S7                -0.041       0.028      0.050      -0.102       0.008
    S8                -0.021       0.020      0.122      -0.061       0.017

 S2       WITH
    S3                -0.004       0.008      0.289      -0.019       0.013
    S4                 0.009       0.006      0.085      -0.004       0.022
    S5                 0.010       0.017      0.259      -0.018       0.046
    S6                -0.009       0.011      0.194      -0.034       0.010
    S7                -0.028       0.023      0.093      -0.077       0.015
    S8                -0.024       0.017      0.076      -0.058       0.009

 S3       WITH
    S4                 0.011       0.008      0.086      -0.006       0.028
    S5                -0.021       0.020      0.123      -0.065       0.014
    S6                 0.008       0.016      0.304      -0.025       0.040
    S7                 0.035       0.028      0.099      -0.018       0.093
    S8                 0.004       0.021      0.429      -0.039       0.046

 S4       WITH
    S5                -0.002       0.018      0.462      -0.039       0.030
    S6                 0.007       0.013      0.268      -0.015       0.035
    S7                -0.019       0.023      0.219      -0.065       0.026
    S8                 0.009       0.020      0.332      -0.027       0.048

 S5       WITH
    S6                 0.022       0.036      0.248      -0.033       0.107
    S7                -0.018       0.058      0.389      -0.124       0.099
    S8                -0.024       0.051      0.329      -0.121       0.076

 S6       WITH
    S7                 0.019       0.045      0.332      -0.078       0.105
    S8                 0.011       0.029      0.347      -0.047       0.070

 S7       WITH
    S8                 0.033       0.061      0.309      -0.080       0.152

 Intercepts
    WB                 2.974       0.018      0.000       2.939       3.009      *
    S1                -0.231       0.016      0.000      -0.263      -0.199      *
    S2                -0.049       0.018      0.003      -0.086      -0.014      *
    S3                 0.010       0.022      0.329      -0.034       0.053
    S4                -0.145       0.018      0.000      -0.181      -0.109      *
    S5                 0.021       0.053      0.350      -0.088       0.118
    S6                 0.102       0.043      0.011       0.014       0.180      *
    S7                 0.001       0.093      0.494      -0.187       0.183
    S8                 0.078       0.068      0.115      -0.043       0.222

 Residual Variances
    WB                 0.166       0.011      0.000       0.146       0.188      *
    S1                 0.047       0.008      0.000       0.032       0.064      *
    S2                 0.025       0.009      0.000       0.012       0.046      *
    S3                 0.048       0.012      0.000       0.029       0.074      *
    S4                 0.039       0.010      0.000       0.022       0.059      *
    S5                 0.159       0.060      0.000       0.062       0.304      *
    S6                 0.072       0.031      0.000       0.028       0.149      *
    S7                 0.308       0.115      0.000       0.145       0.602      *
    S8                 0.138       0.062      0.000       0.057       0.297      *


STANDARDIZED MODEL RESULTS


STDYX Standardization

                                Posterior  One-Tailed         95% C.I.
                    Estimate       S.D.      P-Value   Lower 2.5%  Upper 2.5%  Significance

Within-Level Standardized Estimates Averaged Over Clusters

 S1 | WB ON
    CMC               -0.160       0.009      0.000      -0.179      -0.142      *

 S2 | WB ON
    MIXED             -0.022       0.008      0.003      -0.037      -0.007      *

 S3 | WB ON
    FAMILY             0.007       0.008      0.192      -0.008       0.021

 S4 | WB ON
    WEAK_TIES         -0.082       0.009      0.000      -0.099      -0.064      *

 S5 | WB ON
    CXF                0.001       0.007      0.428      -0.014       0.015

 S6 | WB ON
    CXW                0.020       0.007      0.000       0.006       0.034      *

 S7 | WB ON
    MXF                0.000       0.006      0.473      -0.012       0.012

 S8 | WB ON
    MXW                0.007       0.006      0.126      -0.005       0.020

 WB         ON
    WEEKEND            0.084       0.009      0.000       0.067       0.102      *

 Residual Variances
    WB                 0.883       0.006      0.000       0.871       0.896      *

Between Level

 S1         ON
    O                 -0.026       0.052      0.307      -0.127       0.079

 S2         ON
    O                 -0.010       0.082      0.447      -0.167       0.150

 S3         ON
    O                 -0.206       0.072      0.002      -0.349      -0.069      *

 S4         ON
    O                  0.032       0.065      0.312      -0.096       0.162

 S5         ON
    O                  0.073       0.097      0.210      -0.108       0.287

 S6         ON
    O                 -0.002       0.117      0.492      -0.225       0.249

 S7         ON
    O                 -0.005       0.115      0.481      -0.244       0.202

 S8         ON
    O                  0.080       0.117      0.250      -0.164       0.300

 WB         ON
    O                  0.013       0.030      0.339      -0.046       0.073

 WB       WITH
    S1                 0.192       0.079      0.008       0.038       0.343      *
    S2                -0.103       0.121      0.205      -0.334       0.134
    S3                -0.048       0.109      0.325      -0.255       0.168
    S4                -0.248       0.093      0.005      -0.426      -0.059      *
    S5                -0.134       0.132      0.158      -0.392       0.128
    S6                -0.061       0.162      0.348      -0.391       0.242
    S7                -0.108       0.164      0.258      -0.426       0.215
    S8                -0.056       0.162      0.365      -0.376       0.253

 S1       WITH
    S2                 0.511       0.163      0.003       0.158       0.800      *
    S3                -0.361       0.164      0.014      -0.668      -0.035      *
    S4                 0.203       0.159      0.104      -0.132       0.509
    S5                 0.084       0.203      0.337      -0.295       0.499
    S6                -0.396       0.209      0.033      -0.769       0.027
    S7                -0.356       0.213      0.050      -0.779       0.068
    S8                -0.271       0.219      0.122      -0.636       0.241

 S2       WITH
    S3                -0.121       0.227      0.289      -0.543       0.370
    S4                 0.288       0.193      0.085      -0.135       0.635
    S5                 0.163       0.249      0.259      -0.306       0.656
    S6                -0.215       0.243      0.194      -0.708       0.222
    S7                -0.333       0.236      0.093      -0.724       0.155
    S8                -0.433       0.255      0.076      -0.797       0.161

 S3       WITH
    S4                 0.268       0.181      0.086      -0.145       0.582
    S5                -0.255       0.209      0.123      -0.633       0.181
    S6                 0.142       0.270      0.304      -0.416       0.634
    S7                 0.290       0.217      0.099      -0.164       0.707
    S8                 0.047       0.251      0.429      -0.434       0.550

 S4       WITH
    S5                -0.021       0.224      0.462      -0.519       0.379
    S6                 0.144       0.225      0.268      -0.322       0.555
    S7                -0.176       0.209      0.219      -0.555       0.227
    S8                 0.120       0.265      0.332      -0.409       0.607

 S5       WITH
    S6                 0.214       0.295      0.248      -0.411       0.711
    S7                -0.083       0.256      0.389      -0.525       0.468
    S8                -0.166       0.344      0.329      -0.744       0.560

 S6       WITH
    S7                 0.132       0.286      0.332      -0.502       0.612
    S8                 0.112       0.290      0.347      -0.432       0.733

 S7       WITH
    S8                 0.161       0.274      0.309      -0.400       0.641

 Intercepts
    WB                 7.304       0.244      0.000       6.838       7.798      *
    S1                -1.068       0.129      0.000      -1.363      -0.851      *
    S2                -0.308       0.130      0.003      -0.599      -0.084      *
    S3                 0.046       0.101      0.329      -0.151       0.245
    S4                -0.738       0.141      0.000      -1.072      -0.515      *
    S5                 0.053       0.140      0.350      -0.215       0.344
    S6                 0.380       0.189      0.011       0.048       0.782      *
    S7                 0.002       0.172      0.494      -0.350       0.332
    S8                 0.207       0.201      0.115      -0.110       0.681

 Residual Variances
    WB                 1.000       0.002      0.000       0.995       1.000      *
    S1                 0.998       0.005      0.000       0.983       1.000      *
    S2                 0.997       0.010      0.000       0.966       1.000      *
    S3                 0.957       0.031      0.000       0.878       0.995      *
    S4                 0.998       0.007      0.000       0.973       1.000      *
    S5                 0.993       0.022      0.000       0.918       1.000      *
    S6                 0.994       0.020      0.000       0.925       1.000      *
    S7                 0.994       0.020      0.000       0.932       1.000      *
    S8                 0.990       0.026      0.000       0.908       1.000      *


STDY Standardization

                                Posterior  One-Tailed         95% C.I.
                    Estimate       S.D.      P-Value   Lower 2.5%  Upper 2.5%  Significance

Within-Level Standardized Estimates Averaged Over Clusters

 S1 | WB ON
    CMC               -0.428       0.026      0.000      -0.480      -0.380      *

 S2 | WB ON
    MIXED             -0.084       0.034      0.005      -0.149      -0.020      *

 S3 | WB ON
    FAMILY             0.023       0.039      0.292      -0.057       0.093

 S4 | WB ON
    WEAK_TIES         -0.270       0.030      0.000      -0.329      -0.212      *

 S5 | WB ON
    CXF                0.017       0.099      0.433      -0.194       0.192

 S6 | WB ON
    CXW                0.200       0.069      0.000       0.069       0.337      *

 S7 | WB ON
    MXF               -0.009       0.183      0.481      -0.371       0.334

 S8 | WB ON
    MXW                0.112       0.113      0.156      -0.115       0.343

 WB         ON
    WEEKEND            0.206       0.022      0.000       0.163       0.248      *

 Residual Variances
    WB                 0.883       0.006      0.000       0.871       0.896      *

Between Level

 S1         ON
    O                 -0.061       0.121      0.307      -0.295       0.183

 S2         ON
    O                 -0.024       0.192      0.447      -0.389       0.349

 S3         ON
    O                 -0.481       0.168      0.002      -0.812      -0.161      *

 S4         ON
    O                  0.073       0.152      0.312      -0.223       0.378

 S5         ON
    O                  0.171       0.227      0.210      -0.253       0.667

 S6         ON
    O                 -0.004       0.273      0.492      -0.524       0.580

 S7         ON
    O                 -0.012       0.267      0.481      -0.568       0.471

 S8         ON
    O                  0.186       0.272      0.250      -0.382       0.698

 WB         ON
    O                  0.030       0.070      0.339      -0.108       0.170

 WB       WITH
    S1                 0.192       0.079      0.008       0.038       0.343      *
    S2                -0.103       0.121      0.205      -0.334       0.134
    S3                -0.048       0.109      0.325      -0.255       0.168
    S4                -0.248       0.093      0.005      -0.426      -0.059      *
    S5                -0.134       0.132      0.158      -0.392       0.128
    S6                -0.061       0.162      0.348      -0.391       0.242
    S7                -0.108       0.164      0.258      -0.426       0.215
    S8                -0.056       0.162      0.365      -0.376       0.253

 S1       WITH
    S2                 0.511       0.163      0.003       0.158       0.800      *
    S3                -0.361       0.164      0.014      -0.668      -0.035      *
    S4                 0.203       0.159      0.104      -0.132       0.509
    S5                 0.084       0.203      0.337      -0.295       0.499
    S6                -0.396       0.209      0.033      -0.769       0.027
    S7                -0.356       0.213      0.050      -0.779       0.068
    S8                -0.271       0.219      0.122      -0.636       0.241

 S2       WITH
    S3                -0.121       0.227      0.289      -0.543       0.370
    S4                 0.288       0.193      0.085      -0.135       0.635
    S5                 0.163       0.249      0.259      -0.306       0.656
    S6                -0.215       0.243      0.194      -0.708       0.222
    S7                -0.333       0.236      0.093      -0.724       0.155
    S8                -0.433       0.255      0.076      -0.797       0.161

 S3       WITH
    S4                 0.268       0.181      0.086      -0.145       0.582
    S5                -0.255       0.209      0.123      -0.633       0.181
    S6                 0.142       0.270      0.304      -0.416       0.634
    S7                 0.290       0.217      0.099      -0.164       0.707
    S8                 0.047       0.251      0.429      -0.434       0.550

 S4       WITH
    S5                -0.021       0.224      0.462      -0.519       0.379
    S6                 0.144       0.225      0.268      -0.322       0.555
    S7                -0.176       0.209      0.219      -0.555       0.227
    S8                 0.120       0.265      0.332      -0.409       0.607

 S5       WITH
    S6                 0.214       0.295      0.248      -0.411       0.711
    S7                -0.083       0.256      0.389      -0.525       0.468
    S8                -0.166       0.344      0.329      -0.744       0.560

 S6       WITH
    S7                 0.132       0.286      0.332      -0.502       0.612
    S8                 0.112       0.290      0.347      -0.432       0.733

 S7       WITH
    S8                 0.161       0.274      0.309      -0.400       0.641

 Intercepts
    WB                 7.304       0.244      0.000       6.838       7.798      *
    S1                -1.068       0.129      0.000      -1.363      -0.851      *
    S2                -0.308       0.130      0.003      -0.599      -0.084      *
    S3                 0.046       0.101      0.329      -0.151       0.245
    S4                -0.738       0.141      0.000      -1.072      -0.515      *
    S5                 0.053       0.140      0.350      -0.215       0.344
    S6                 0.380       0.189      0.011       0.048       0.782      *
    S7                 0.002       0.172      0.494      -0.350       0.332
    S8                 0.207       0.201      0.115      -0.110       0.681

 Residual Variances
    WB                 1.000       0.002      0.000       0.995       1.000      *
    S1                 0.998       0.005      0.000       0.983       1.000      *
    S2                 0.997       0.010      0.000       0.966       1.000      *
    S3                 0.957       0.031      0.000       0.878       0.995      *
    S4                 0.998       0.007      0.000       0.973       1.000      *
    S5                 0.993       0.022      0.000       0.918       1.000      *
    S6                 0.994       0.020      0.000       0.925       1.000      *
    S7                 0.994       0.020      0.000       0.932       1.000      *
    S8                 0.990       0.026      0.000       0.908       1.000      *


R-SQUARE

Within-Level R-Square Averaged Across Clusters

                                Posterior  One-Tailed         95% C.I.
    Variable        Estimate       S.D.      P-Value   Lower 2.5%  Upper 2.5%

    WB                 0.117       0.006      0.000       0.104       0.129

Between Level

                                Posterior  One-Tailed         95% C.I.
    Variable        Estimate       S.D.      P-Value   Lower 2.5%  Upper 2.5%

    WB                 0.000       0.002      0.000       0.000       0.005

                                Posterior  One-Tailed         95% C.I.
    Variable        Estimate       S.D.      P-Value   Lower 2.5%  Upper 2.5%

    S1                 0.002       0.005      0.000       0.000       0.017
    S2                 0.003       0.010      0.000       0.000       0.034
    S3                 0.043       0.031      0.000       0.005       0.122
    S4                 0.002       0.007      0.000       0.000       0.027
    S5                 0.007       0.022      0.000       0.000       0.082
    S6                 0.006       0.020      0.000       0.000       0.075
    S7                 0.006       0.020      0.000       0.000       0.068
    S8                 0.010       0.026      0.000       0.000       0.092


TECHNICAL 1 OUTPUT


     PARAMETER SPECIFICATION FOR WITHIN


           NU
              WB            CMC           MIXED         FAMILY        WEAK_TIE
              ________      ________      ________      ________      ________
                    0             0             0             0             0


           NU
              WEEKEND       CXF           CXW           MXF           MXW
              ________      ________      ________      ________      ________
                    0             0             0             0             0


           LAMBDA
              WB            CMC           MIXED         FAMILY        WEAK_TIE
              ________      ________      ________      ________      ________
 WB                 0             0             0             0             0
 CMC                0             0             0             0             0
 MIXED              0             0             0             0             0
 FAMILY             0             0             0             0             0
 WEAK_TIE           0             0             0             0             0
 WEEKEND            0             0             0             0             0
 CXF                0             0             0             0             0
 CXW                0             0             0             0             0
 MXF                0             0             0             0             0
 MXW                0             0             0             0             0


           LAMBDA
              WEEKEND       CXF           CXW           MXF           MXW
              ________      ________      ________      ________      ________
 WB                 0             0             0             0             0
 CMC                0             0             0             0             0
 MIXED              0             0             0             0             0
 FAMILY             0             0             0             0             0
 WEAK_TIE           0             0             0             0             0
 WEEKEND            0             0             0             0             0
 CXF                0             0             0             0             0
 CXW                0             0             0             0             0
 MXF                0             0             0             0             0
 MXW                0             0             0             0             0


           THETA
              WB            CMC           MIXED         FAMILY        WEAK_TIE
              ________      ________      ________      ________      ________
 WB                 0
 CMC                0             0
 MIXED              0             0             0
 FAMILY             0             0             0             0
 WEAK_TIE           0             0             0             0             0
 WEEKEND            0             0             0             0             0
 CXF                0             0             0             0             0
 CXW                0             0             0             0             0
 MXF                0             0             0             0             0
 MXW                0             0             0             0             0


           THETA
              WEEKEND       CXF           CXW           MXF           MXW
              ________      ________      ________      ________      ________
 WEEKEND            0
 CXF                0             0
 CXW                0             0             0
 MXF                0             0             0             0
 MXW                0             0             0             0             0


           ALPHA
              WB            CMC           MIXED         FAMILY        WEAK_TIE
              ________      ________      ________      ________      ________
                    0             0             0             0             0


           ALPHA
              WEEKEND       CXF           CXW           MXF           MXW
              ________      ________      ________      ________      ________
                    0             0             0             0             0


           BETA
              WB            CMC           MIXED         FAMILY        WEAK_TIE
              ________      ________      ________      ________      ________
 WB                 0             0             0             0             0
 CMC                0             0             0             0             0
 MIXED              0             0             0             0             0
 FAMILY             0             0             0             0             0
 WEAK_TIE           0             0             0             0             0
 WEEKEND            0             0             0             0             0
 CXF                0             0             0             0             0
 CXW                0             0             0             0             0
 MXF                0             0             0             0             0
 MXW                0             0             0             0             0


           BETA
              WEEKEND       CXF           CXW           MXF           MXW
              ________      ________      ________      ________      ________
 WB                 1             0             0             0             0
 CMC                0             0             0             0             0
 MIXED              0             0             0             0             0
 FAMILY             0             0             0             0             0
 WEAK_TIE           0             0             0             0             0
 WEEKEND            0             0             0             0             0
 CXF                0             0             0             0             0
 CXW                0             0             0             0             0
 MXF                0             0             0             0             0
 MXW                0             0             0             0             0


           PSI
              WB            CMC           MIXED         FAMILY        WEAK_TIE
              ________      ________      ________      ________      ________
 WB                 2
 CMC                0             0
 MIXED              0             0             0
 FAMILY             0             0             0             0
 WEAK_TIE           0             0             0             0             0
 WEEKEND            0             0             0             0             0
 CXF                0             0             0             0             0
 CXW                0             0             0             0             0
 MXF                0             0             0             0             0
 MXW                0             0             0             0             0


           PSI
              WEEKEND       CXF           CXW           MXF           MXW
              ________      ________      ________      ________      ________
 WEEKEND            0
 CXF                0             0
 CXW                0             0             0
 MXF                0             0             0             0
 MXW                0             0             0             0             0


     PARAMETER SPECIFICATION FOR BETWEEN


           NU
              WB            O
              ________      ________
                    0             0


           LAMBDA
              S1            S2            S3            S4            S5
              ________      ________      ________      ________      ________
 WB                 0             0             0             0             0
 O                  0             0             0             0             0


           LAMBDA
              S6            S7            S8            WB            O
              ________      ________      ________      ________      ________
 WB                 0             0             0             0             0
 O                  0             0             0             0             0


           THETA
              WB            O
              ________      ________
 WB                 0
 O                  0             0


           ALPHA
              S1            S2            S3            S4            S5
              ________      ________      ________      ________      ________
                    3             4             5             6             7


           ALPHA
              S6            S7            S8            WB            O
              ________      ________      ________      ________      ________
                    8             9            10            11             0


           BETA
              S1            S2            S3            S4            S5
              ________      ________      ________      ________      ________
 S1                 0             0             0             0             0
 S2                 0             0             0             0             0
 S3                 0             0             0             0             0
 S4                 0             0             0             0             0
 S5                 0             0             0             0             0
 S6                 0             0             0             0             0
 S7                 0             0             0             0             0
 S8                 0             0             0             0             0
 WB                 0             0             0             0             0
 O                  0             0             0             0             0


           BETA
              S6            S7            S8            WB            O
              ________      ________      ________      ________      ________
 S1                 0             0             0             0            12
 S2                 0             0             0             0            13
 S3                 0             0             0             0            14
 S4                 0             0             0             0            15
 S5                 0             0             0             0            16
 S6                 0             0             0             0            17
 S7                 0             0             0             0            18
 S8                 0             0             0             0            19
 WB                 0             0             0             0            20
 O                  0             0             0             0             0


           PSI
              S1            S2            S3            S4            S5
              ________      ________      ________      ________      ________
 S1                21
 S2                22            23
 S3                24            25            26
 S4                27            28            29            30
 S5                31            32            33            34            35
 S6                36            37            38            39            40
 S7                42            43            44            45            46
 S8                49            50            51            52            53
 WB                57            58            59            60            61
 O                  0             0             0             0             0


           PSI
              S6            S7            S8            WB            O
              ________      ________      ________      ________      ________
 S6                41
 S7                47            48
 S8                54            55            56
 WB                62            63            64            65
 O                  0             0             0             0             0


     STARTING VALUES FOR WITHIN


           NU
              WB            CMC           MIXED         FAMILY        WEAK_TIE
              ________      ________      ________      ________      ________
                0.000         0.000         0.000         0.000         0.000


           NU
              WEEKEND       CXF           CXW           MXF           MXW
              ________      ________      ________      ________      ________
                0.000         0.000         0.000         0.000         0.000


           LAMBDA
              WB            CMC           MIXED         FAMILY        WEAK_TIE
              ________      ________      ________      ________      ________
 WB             1.000         0.000         0.000         0.000         0.000
 CMC            0.000         1.000         0.000         0.000         0.000
 MIXED          0.000         0.000         1.000         0.000         0.000
 FAMILY         0.000         0.000         0.000         1.000         0.000
 WEAK_TIE       0.000         0.000         0.000         0.000         1.000
 WEEKEND        0.000         0.000         0.000         0.000         0.000
 CXF            0.000         0.000         0.000         0.000         0.000
 CXW            0.000         0.000         0.000         0.000         0.000
 MXF            0.000         0.000         0.000         0.000         0.000
 MXW            0.000         0.000         0.000         0.000         0.000


           LAMBDA
              WEEKEND       CXF           CXW           MXF           MXW
              ________      ________      ________      ________      ________
 WB             0.000         0.000         0.000         0.000         0.000
 CMC            0.000         0.000         0.000         0.000         0.000
 MIXED          0.000         0.000         0.000         0.000         0.000
 FAMILY         0.000         0.000         0.000         0.000         0.000
 WEAK_TIE       0.000         0.000         0.000         0.000         0.000
 WEEKEND        1.000         0.000         0.000         0.000         0.000
 CXF            0.000         1.000         0.000         0.000         0.000
 CXW            0.000         0.000         1.000         0.000         0.000
 MXF            0.000         0.000         0.000         1.000         0.000
 MXW            0.000         0.000         0.000         0.000         1.000


           THETA
              WB            CMC           MIXED         FAMILY        WEAK_TIE
              ________      ________      ________      ________      ________
 WB             0.000
 CMC            0.000         0.000
 MIXED          0.000         0.000         0.000
 FAMILY         0.000         0.000         0.000         0.000
 WEAK_TIE       0.000         0.000         0.000         0.000         0.000
 WEEKEND        0.000         0.000         0.000         0.000         0.000
 CXF            0.000         0.000         0.000         0.000         0.000
 CXW            0.000         0.000         0.000         0.000         0.000
 MXF            0.000         0.000         0.000         0.000         0.000
 MXW            0.000         0.000         0.000         0.000         0.000


           THETA
              WEEKEND       CXF           CXW           MXF           MXW
              ________      ________      ________      ________      ________
 WEEKEND        0.000
 CXF            0.000         0.000
 CXW            0.000         0.000         0.000
 MXF            0.000         0.000         0.000         0.000
 MXW            0.000         0.000         0.000         0.000         0.000


           ALPHA
              WB            CMC           MIXED         FAMILY        WEAK_TIE
              ________      ________      ________      ________      ________
                0.000         0.000         0.000         0.000         0.000


           ALPHA
              WEEKEND       CXF           CXW           MXF           MXW
              ________      ________      ________      ________      ________
                0.000         0.000         0.000         0.000         0.000


           BETA
              WB            CMC           MIXED         FAMILY        WEAK_TIE
              ________      ________      ________      ________      ________
 WB             0.000         0.000         0.000         0.000         0.000
 CMC            0.000         0.000         0.000         0.000         0.000
 MIXED          0.000         0.000         0.000         0.000         0.000
 FAMILY         0.000         0.000         0.000         0.000         0.000
 WEAK_TIE       0.000         0.000         0.000         0.000         0.000
 WEEKEND        0.000         0.000         0.000         0.000         0.000
 CXF            0.000         0.000         0.000         0.000         0.000
 CXW            0.000         0.000         0.000         0.000         0.000
 MXF            0.000         0.000         0.000         0.000         0.000
 MXW            0.000         0.000         0.000         0.000         0.000


           BETA
              WEEKEND       CXF           CXW           MXF           MXW
              ________      ________      ________      ________      ________
 WB             0.000         0.000         0.000         0.000         0.000
 CMC            0.000         0.000         0.000         0.000         0.000
 MIXED          0.000         0.000         0.000         0.000         0.000
 FAMILY         0.000         0.000         0.000         0.000         0.000
 WEAK_TIE       0.000         0.000         0.000         0.000         0.000
 WEEKEND        0.000         0.000         0.000         0.000         0.000
 CXF            0.000         0.000         0.000         0.000         0.000
 CXW            0.000         0.000         0.000         0.000         0.000
 MXF            0.000         0.000         0.000         0.000         0.000
 MXW            0.000         0.000         0.000         0.000         0.000


           PSI
              WB            CMC           MIXED         FAMILY        WEAK_TIE
              ________      ________      ________      ________      ________
 WB             0.214
 CMC            0.000         0.087
 MIXED          0.000         0.000         0.052
 FAMILY         0.000         0.000         0.000         0.044
 WEAK_TIE       0.000         0.000         0.000         0.000         0.062
 WEEKEND        0.000         0.000         0.000         0.000         0.000
 CXF            0.000         0.000         0.000         0.000         0.000
 CXW            0.000         0.000         0.000         0.000         0.000
 MXF            0.000         0.000         0.000         0.000         0.000
 MXW            0.000         0.000         0.000         0.000         0.000


           PSI
              WEEKEND       CXF           CXW           MXF           MXW
              ________      ________      ________      ________      ________
 WEEKEND        0.107
 CXF            0.000         0.008
 CXW            0.000         0.000         0.010
 MXF            0.000         0.000         0.000         0.003
 MXW            0.000         0.000         0.000         0.000         0.005


     STARTING VALUES FOR BETWEEN


           NU
              WB            O
              ________      ________
                0.000         0.000


           LAMBDA
              S1            S2            S3            S4            S5
              ________      ________      ________      ________      ________
 WB             0.000         0.000         0.000         0.000         0.000
 O              0.000         0.000         0.000         0.000         0.000


           LAMBDA
              S6            S7            S8            WB            O
              ________      ________      ________      ________      ________
 WB             0.000         0.000         0.000         1.000         0.000
 O              0.000         0.000         0.000         0.000         1.000


           THETA
              WB            O
              ________      ________
 WB             0.000
 O              0.000         0.000


           ALPHA
              S1            S2            S3            S4            S5
              ________      ________      ________      ________      ________
                0.000         0.000         0.000         0.000         0.000


           ALPHA
              S6            S7            S8            WB            O
              ________      ________      ________      ________      ________
                0.000         0.000         0.000         3.030         0.000


           BETA
              S1            S2            S3            S4            S5
              ________      ________      ________      ________      ________
 S1             0.000         0.000         0.000         0.000         0.000
 S2             0.000         0.000         0.000         0.000         0.000
 S3             0.000         0.000         0.000         0.000         0.000
 S4             0.000         0.000         0.000         0.000         0.000
 S5             0.000         0.000         0.000         0.000         0.000
 S6             0.000         0.000         0.000         0.000         0.000
 S7             0.000         0.000         0.000         0.000         0.000
 S8             0.000         0.000         0.000         0.000         0.000
 WB             0.000         0.000         0.000         0.000         0.000
 O              0.000         0.000         0.000         0.000         0.000


           BETA
              S6            S7            S8            WB            O
              ________      ________      ________      ________      ________
 S1             0.000         0.000         0.000         0.000         0.000
 S2             0.000         0.000         0.000         0.000         0.000
 S3             0.000         0.000         0.000         0.000         0.000
 S4             0.000         0.000         0.000         0.000         0.000
 S5             0.000         0.000         0.000         0.000         0.000
 S6             0.000         0.000         0.000         0.000         0.000
 S7             0.000         0.000         0.000         0.000         0.000
 S8             0.000         0.000         0.000         0.000         0.000
 WB             0.000         0.000         0.000         0.000         0.000
 O              0.000         0.000         0.000         0.000         0.000


           PSI
              S1            S2            S3            S4            S5
              ________      ________      ________      ________      ________
 S1             1.000
 S2             0.000         1.000
 S3             0.000         0.000         1.000
 S4             0.000         0.000         0.000         1.000
 S5             0.000         0.000         0.000         0.000         1.000
 S6             0.000         0.000         0.000         0.000         0.000
 S7             0.000         0.000         0.000         0.000         0.000
 S8             0.000         0.000         0.000         0.000         0.000
 WB             0.000         0.000         0.000         0.000         0.000
 O              0.000         0.000         0.000         0.000         0.000


           PSI
              S6            S7            S8            WB            O
              ________      ________      ________      ________      ________
 S6             1.000
 S7             0.000         1.000
 S8             0.000         0.000         1.000
 WB             0.000         0.000         0.000         0.214
 O              0.000         0.000         0.000         0.000         0.184



     PRIORS FOR ALL PARAMETERS            PRIOR MEAN      PRIOR VARIANCE     PRIOR STD. DEV.

     Parameter 1~N(0.000,infinity)           0.0000            infinity            infinity
     Parameter 2~IG(-1.000,0.000)          infinity            infinity            infinity
     Parameter 3~N(0.000,infinity)           0.0000            infinity            infinity
     Parameter 4~N(0.000,infinity)           0.0000            infinity            infinity
     Parameter 5~N(0.000,infinity)           0.0000            infinity            infinity
     Parameter 6~N(0.000,infinity)           0.0000            infinity            infinity
     Parameter 7~N(0.000,infinity)           0.0000            infinity            infinity
     Parameter 8~N(0.000,infinity)           0.0000            infinity            infinity
     Parameter 9~N(0.000,infinity)           0.0000            infinity            infinity
     Parameter 10~N(0.000,infinity)          0.0000            infinity            infinity
     Parameter 11~N(0.000,infinity)          0.0000            infinity            infinity
     Parameter 12~N(0.000,infinity)          0.0000            infinity            infinity
     Parameter 13~N(0.000,infinity)          0.0000            infinity            infinity
     Parameter 14~N(0.000,infinity)          0.0000            infinity            infinity
     Parameter 15~N(0.000,infinity)          0.0000            infinity            infinity
     Parameter 16~N(0.000,infinity)          0.0000            infinity            infinity
     Parameter 17~N(0.000,infinity)          0.0000            infinity            infinity
     Parameter 18~N(0.000,infinity)          0.0000            infinity            infinity
     Parameter 19~N(0.000,infinity)          0.0000            infinity            infinity
     Parameter 20~N(0.000,infinity)          0.0000            infinity            infinity
     Parameter 21~IW(0.000,-10)            infinity            infinity            infinity
     Parameter 22~IW(0.000,-10)            infinity            infinity            infinity
     Parameter 23~IW(0.000,-10)            infinity            infinity            infinity
     Parameter 24~IW(0.000,-10)            infinity            infinity            infinity
     Parameter 25~IW(0.000,-10)            infinity            infinity            infinity
     Parameter 26~IW(0.000,-10)            infinity            infinity            infinity
     Parameter 27~IW(0.000,-10)            infinity            infinity            infinity
     Parameter 28~IW(0.000,-10)            infinity            infinity            infinity
     Parameter 29~IW(0.000,-10)            infinity            infinity            infinity
     Parameter 30~IW(0.000,-10)            infinity            infinity            infinity
     Parameter 31~IW(0.000,-10)            infinity            infinity            infinity
     Parameter 32~IW(0.000,-10)            infinity            infinity            infinity
     Parameter 33~IW(0.000,-10)            infinity            infinity            infinity
     Parameter 34~IW(0.000,-10)            infinity            infinity            infinity
     Parameter 35~IW(0.000,-10)            infinity            infinity            infinity
     Parameter 36~IW(0.000,-10)            infinity            infinity            infinity
     Parameter 37~IW(0.000,-10)            infinity            infinity            infinity
     Parameter 38~IW(0.000,-10)            infinity            infinity            infinity
     Parameter 39~IW(0.000,-10)            infinity            infinity            infinity
     Parameter 40~IW(0.000,-10)            infinity            infinity            infinity
     Parameter 41~IW(0.000,-10)            infinity            infinity            infinity
     Parameter 42~IW(0.000,-10)            infinity            infinity            infinity
     Parameter 43~IW(0.000,-10)            infinity            infinity            infinity
     Parameter 44~IW(0.000,-10)            infinity            infinity            infinity
     Parameter 45~IW(0.000,-10)            infinity            infinity            infinity
     Parameter 46~IW(0.000,-10)            infinity            infinity            infinity
     Parameter 47~IW(0.000,-10)            infinity            infinity            infinity
     Parameter 48~IW(0.000,-10)            infinity            infinity            infinity
     Parameter 49~IW(0.000,-10)            infinity            infinity            infinity
     Parameter 50~IW(0.000,-10)            infinity            infinity            infinity
     Parameter 51~IW(0.000,-10)            infinity            infinity            infinity
     Parameter 52~IW(0.000,-10)            infinity            infinity            infinity
     Parameter 53~IW(0.000,-10)            infinity            infinity            infinity
     Parameter 54~IW(0.000,-10)            infinity            infinity            infinity
     Parameter 55~IW(0.000,-10)            infinity            infinity            infinity
     Parameter 56~IW(0.000,-10)            infinity            infinity            infinity
     Parameter 57~IW(0.000,-10)            infinity            infinity            infinity
     Parameter 58~IW(0.000,-10)            infinity            infinity            infinity
     Parameter 59~IW(0.000,-10)            infinity            infinity            infinity
     Parameter 60~IW(0.000,-10)            infinity            infinity            infinity
     Parameter 61~IW(0.000,-10)            infinity            infinity            infinity
     Parameter 62~IW(0.000,-10)            infinity            infinity            infinity
     Parameter 63~IW(0.000,-10)            infinity            infinity            infinity
     Parameter 64~IW(0.000,-10)            infinity            infinity            infinity
     Parameter 65~IW(0.000,-10)            infinity            infinity            infinity


TECHNICAL 8 OUTPUT


   TECHNICAL 8 OUTPUT FOR BAYES ESTIMATION

     CHAIN    BSEED
     1        0
     2        285380

                     POTENTIAL       PARAMETER WITH
     ITERATION    SCALE REDUCTION      HIGHEST PSR
     100              2.528               40
     200              2.625               40
     300              3.018               40
     400              2.733               40
     500              2.346               35
     600              1.887               35
     700              2.082               42
     800              2.128               42
     900              1.856               55
     1000             2.030               55
     1100             2.028               55
     1200             2.133               54
     1300             2.235               54
     1400             2.042               42
     1500             2.000               42
     1600             1.895               18
     1700             1.976               18
     1800             1.898               10
     1900             1.740               10
     2000             1.666               10
     2100             1.656               10
     2200             1.653               10
     2300             1.679               47
     2400             1.619               47
     2500             1.609               47
     2600             1.511               47
     2700             1.530               47
     2800             1.521               47
     2900             1.518               8
     3000             1.547               8
     3100             1.616               8
     3200             1.629               8
     3300             1.615               8
     3400             1.660               8
     3500             1.530               8
     3600             1.459               47
     3700             1.441               47
     3800             1.376               54
     3900             1.367               54
     4000             1.283               54
     4100             1.204               45
     4200             1.166               44
     4300             1.173               44
     4400             1.175               44
     4500             1.158               7
     4600             1.184               7
     4700             1.197               62
     4800             1.235               62
     4900             1.284               62
     5000             1.315               62
     5100             1.378               62
     5200             1.374               62
     5300             1.372               62
     5400             1.347               62
     5500             1.301               62
     5600             1.286               62
     5700             1.252               62
     5800             1.220               62
     5900             1.213               62
     6000             1.207               62
     6100             1.204               62
     6200             1.194               62
     6300             1.190               62
     6400             1.173               62
     6500             1.172               62
     6600             1.161               62
     6700             1.160               62
     6800             1.157               62
     6900             1.153               62
     7000             1.160               62
     7100             1.147               62
     7200             1.156               46
     7300             1.161               46
     7400             1.172               46
     7500             1.157               46
     7600             1.159               46
     7700             1.151               56
     7800             1.139               36
     7900             1.128               36
     8000             1.127               36
     8100             1.138               36
     8200             1.117               36
     8300             1.109               62
     8400             1.111               36
     8500             1.109               36
     8600             1.105               36
     8700             1.119               36
     8800             1.112               36
     8900             1.103               36
     9000             1.102               50
     9100             1.114               50
     9200             1.119               50
     9300             1.131               50
     9400             1.137               50
     9500             1.126               50
     9600             1.117               50
     9700             1.110               50
     9800             1.110               50
     9900             1.109               50
     10000            1.110               50
     10100            1.108               50
     10200            1.107               23
     10300            1.100               52
     10400            1.114               52
     10500            1.116               52
     10600            1.116               52
     10700            1.106               52
     10800            1.099               52
     10900            1.087               52


     Beginning Time:  18:24:05
        Ending Time:  18:33:46
       Elapsed Time:  00:09:41



MUTHEN & MUTHEN
3463 Stoner Ave.
Los Angeles, CA  90066

Tel: (310) 391-9971
Fax: (310) 391-8971
Web: www.StatModel.com
Support: Support@StatModel.com

Copyright (c) 1998-2020 Muthen & Muthen
