Mplus VERSION 8.5 (Mac)
MUTHEN & MUTHEN
03/17/2022   5:54 PM

INPUT INSTRUCTIONS

  TITLE: Analysis 5
  DATA: FILE = analysis4+5_S2.dat;
  VARIABLE:
  NAMES = ID WB content stressed lonely
  FTF CMC mixed peers family weak_ties
  E A C N O gender ethnicity SES weekend;
  USEVARIABLES = WB
  CMC mixed family weak_ties
  weekend C
  cxf cxw mxf mxw;
  CLUSTER = ID;
  WITHIN = CMC mixed family weak_ties weekend
  cxf cxw mxf mxw;
  BETWEEN = C;
  MISSING = .;
  DEFINE:
  CENTER CMC (GROUPMEAN);
  CENTER mixed (GROUPMEAN);
  CENTER family (GROUPMEAN);
  CENTER weak_ties (GROUPMEAN);
  cxf=CMC*family;
  cxw=CMC*weak_ties;
  mxf=mixed*family;
  mxw=mixed*weak_ties;
  CENTER C (GRANDMEAN);
  ANALYSIS: TYPE = TWOLEVEL RANDOM; ESTIMATOR = BAYES;
  BITERATIONS = (10000); PROCESSORS = 2;
  MODEL:
  %WITHIN%
  ! Well-being is predicted by CMC, the slope is random
  S1 | WB ON CMC;
  ! Well-being is predicted by mixed episodes, the slope is random
  S2 | WB ON mixed;
  ! Well-being is predicted by family, the slope is random
  S3 | WB ON family;
  ! Well-being is predicted by weak ties, the slope is random
  S4 | WB ON weak_ties;
  ! Well-being is predicted by CMC*family, the slope is random
  S5 | WB ON cxf;
  ! Well-being is predicted by CMC*weak ties, the slope is random
  S6 | WB ON cxw;
  ! Well-being is predicted by mixed*family, the slope is random
  S7 | WB ON mxf;
  ! Well-being is predicted by mixed*weak ties, the slope is random
  S8 | WB ON mxw;
  ! Control for weekend
  WB ON weekend;
  %BETWEEN%
  ! Covariance between intercept and slopes
  WB S1-S8 WITH WB S1-S8;
  ! The intercept is predicted by conscientiousness
  WB ON C;
  ! The slopes are predicted by conscientiousness
  S1-S8 ON C;
  OUTPUT: STDYX STDY TECH8;



*** WARNING in VARIABLE command
  Note that only the first 8 characters of variable names are used in the output.
  Shorten variable names to avoid any confusion.
*** WARNING
  One or more individual-level variables have no variation within a
  cluster for the following clusters.

     Variable   Cluster IDs with no within-cluster variation

      WB          497 134 140 13 50 629
      WEEKEND     316 335 69 368 502 568 134 293 140 307 650 197 357 404 163 595 300 93 680 700
                  513 515 537 291 496 326 849 668 321 110 48 722
      CXF         316 335 69 368 215 497 502 568 134 293 703 140 307 650 13 197 65 565 50 357
                  362 216 382 404 783 118 163 595 300 72 93 428 680 700 150 320 333 513 515 537
                  212 657 689 483 96 133 736 578 498 629 857 182 480 677 325 698 753 777 597 519
                  533 836 98 849 61 231 398 727 599 747 501 417 425 623 631 10 804 107 668 11
                  321 559 110 644 229 563 276 672 92 582 126 814 360 334 199 217 343 99 574 584
                  822 825 506 6 649 211 414 172 608 724 848 740 387 331 570 137 842 435 271 371
                  260 361 318 820 616 746 279 826 179 104 536 768 854 410 542 794 591 221 78 26
                  123 328 12 15 213 642 564 619 725 45 688 520 246 214 695 750 457 601 772 470
                  606 219 241 108 195 531 202 852 472 379 769 173 311 634 764 596 771 294 846
                  464 434 332 381 94 164 4 138 42 88 671 177 152 845 522 784 14 469 356 79 481
                  82 83 274 49 577 474 838 290 782 269 20 458 816 659 824 57 490 87 405 739 843
                  511 136 743 401 758 459 22 760 7 730 773 749 550 47 402 415 479 242 60 609 77
                  514 850 598 654 572 465 287 499 580
      CXW         316 335 69 368 215 497 502 568 134 293 703 140 307 650 13 65 776 50 357 216
                  382 783 118 163 595 93 680 320 333 262 513 657 133 736 498 621 629 326 182 220
                  567 194 519 546 836 61 230 239 727 599 501 623 10 107 668 11 644 229 563 276
                  92 582 802 142 126 451 244 302 360 334 199 807 40 19 649 463 211 441 704 466
                  748 179 536 410 542 36 48 635 221 718 213 421 564 543 619 620 482 380 214 695
                  601 471 606 241 222 531 202 754 311 67 516 332 571 4 42 88 177 44 412 59 355
                  84 583 87 297 184 756 809 667 760 573 730 550 402 738 386 242 609 378 540 444
                  705 24
      MXF         316 335 69 368 215 497 502 568 134 293 703 140 307 650 13 197 65 776 565 50
                  357 362 216 382 404 783 643 118 163 595 300 72 93 428 680 700 150 320 513 515
                  537 212 657 689 483 96 133 291 736 578 498 790 621 629 363 857 182 38 480 567
                  677 325 698 646 194 753 777 597 519 533 836 98 849 500 61 231 155 398 599 602
                  747 501 417 425 623 631 10 804 107 668 11 321 559 110 91 229 757 563 413 276
                  672 126 814 130 451 338 532 360 334 547 633 763 427 217 343 99 574 40 584 822
                  825 506 6 143 19 649 576 414 306 172 90 32 608 377 724 324 848 740 707 387 821
                  331 832 570 137 842 435 271 18 371 713 792 251 260 666 361 318 820 616 746 279
                  826 179 104 628 536 768 854 630 410 542 794 591 592 78 26 123 305 328 614 354
                  12 15 213 642 562 422 564 711 543 619 725 45 116 688 183 520 41 246 737 71 817
                  695 750 457 86 601 772 470 509 606 219 241 395 108 656 585 195 785 600 787 531
                  852 472 379 769 173 232 634 226 639 764 596 771 294 516 846 272 464 193 434
                  237 284 381 94 164 851 4 203 138 88 671 177 152 845 55 684 522 784 690 14 148
                  469 648 187 356 79 481 82 176 83 274 49 577 474 838 175 290 782 269 396 20 458
                  816 659 824 57 490 87 52 405 739 345 843 511 136 743 401 758 459 358 22 667
                  760 7 779 730 773 749 374 319 755 550 47 402 696 415 479 242 60 609 674 77 514
                  850 598 654 572 465 346 287 499 580
      MXW         316 335 69 368 215 497 502 568 134 293 703 140 307 650 13 65 776 565 50 357
                  362 216 382 404 643 118 163 595 300 93 428 680 700 150 320 262 513 515 657 689
                  96 291 736 578 498 790 621 363 857 326 38 220 567 677 646 194 533 546 836 500
                  61 230 155 239 599 602 501 417 631 10 804 107 668 11 91 229 757 563 413 276
                  802 142 126 130 451 244 338 302 532 360 334 547 633 763 427 217 574 807 40 822
                  825 506 143 19 649 576 463 306 90 32 377 441 724 324 848 704 707 821 331 832
                  137 18 371 713 792 466 251 260 666 746 826 748 179 628 630 410 542 36 48 592
                  635 78 305 718 614 354 15 213 642 421 562 422 564 711 543 619 620 116 482 183
                  520 41 246 737 380 71 817 695 750 86 509 471 606 241 395 656 585 222 195 785
                  600 787 531 202 754 232 226 639 67 294 516 272 464 193 237 284 571 851 4 203
                  177 44 55 684 784 690 148 648 187 176 412 59 355 84 175 583 290 396 87 52 345
                  297 184 401 756 358 809 667 760 573 779 730 374 319 755 550 402 696 738 386
                  242 609 674 378 540 444 514 705 346 24

*** WARNING
  Data set contains cases with missing on x-variables.
  These cases were not included in the analysis.
  Number of cases with missing on x-variables:  3138
*** WARNING
  Data set contains cases with missing on all variables except
  x-variables.  These cases were not included in the analysis.
  Number of cases with missing on all variables except x-variables:  10
   4 WARNING(S) FOUND IN THE INPUT INSTRUCTIONS



Analysis 5

SUMMARY OF ANALYSIS

Number of groups                                                 1
Number of observations                                       10871

Number of dependent variables                                    1
Number of independent variables                                 10
Number of continuous latent variables                            8

Observed dependent variables

  Continuous
   WB

Observed independent variables
   CMC         MIXED       FAMILY      WEAK_TIE    WEEKEND     C
   CXF         CXW         MXF         MXW

Continuous latent variables
   S1          S2          S3          S4          S5          S6
   S7          S8

Variables with special functions

  Cluster variable      ID

  Within variables
   CMC         MIXED       FAMILY      WEAK_TIE    WEEKEND     CXF
   CXW         MXF         MXW

  Between variables
   C

  Centering (GRANDMEAN)
   C

  Centering (GROUPMEAN)
   CMC         MIXED       FAMILY      WEAK_TIE


Estimator                                                    BAYES
Specifications for Bayesian Estimation
  Point estimate                                            MEDIAN
  Number of Markov chain Monte Carlo (MCMC) chains               2
  Random seed for the first chain                                0
  Starting value information                           UNPERTURBED
  Algorithm used for Markov chain Monte Carlo           GIBBS(PX1)
  Convergence criterion                                  0.500D-01
  Maximum number of iterations                               50000
  K-th iteration used for thinning                               1

Input data file(s)
  analysis4+5_S2.dat
Input data format  FREE


SUMMARY OF DATA

     Number of clusters                        623

       Size (s)    Cluster ID with Size s

          1        46 100 121 157 198 208 277 301 312 350 450 486 603 664
                   708 723
          2        316 335 69 368 215 497 502 568 134 293 703 140 307
          3        650 13 197 65 776 565
          4        50 357 362 216 382 404 783 643 118
          5        163 595 300 72 93 428 680 700 150 320 333 262 513 515
                   537 212
          6        657 373 689 483 96 133 291 736 496 578 498 790 621 629
                   363 857
          7        589 326 182 38 220 370 480 567 677 325 698
          8        646 366 194 753 278 777 597 243 519 533 546 812 836
                   98 849 500 23
          9        61 230 231 155 239 398 727 599 602 747 501 417 425 623
                   132 631 10 804 107 29 668 478 11 321 559
         10        110 91 485 265 644 229 757 563 310 413 276 672 92 582
                   64 802 432 142 126 814 130 451 244 247 617 338
         11        302 467 406 532 360 538 334 547 199 633 555 763 427
                   217 566 801 343 99 574 807 40 584 822 825 506 6 847
         12        143 19 649 576 95 463 211 414 789 306 172 90 32 156
                   608 377 158 441 162 724 324 848 740
         13        701 477 704 707 810 2 387 819 821 770 267 331 830 832
                   570 137 842 435 271 18 655
         14        371 713 792 466 251 190 260 204 666 361 813 318 820
                   616 746 279 826 748 179 104 628 536 766 768 854 630
                   410
         15        542 794 579 264 733 36 48 682 685 744 591 592 692 635
                   221 78 26 123 305 328 718 614 354 722 12 15
         16        245 213 642 421 562 422 564 400 711 43 717 543 619 620
                   725 174 551 45 507 76 116 688
         17        482 327 183 520 408 372 41 225 246 737 359 380 71 817
                   214 695 750 457 638 641 759 191 394 86 601 772 470 509
                   471 606 219 241 117
         18        31 395 108 656 585 715 403 622 222 195 74 525 726 681
                   528 785 600 787 531 73 159 160 473 202 541 852
         19        544 754 115 112 472 379 834 769 173 232 56 311 634 226
                   364 639 694 665 640
         20        632 764 66 798 250 596 771 67 294 516 846 436 25 670
                   732 27 127 257 367
         21        249 272 464 101 193 721 434 237 284 139 332 571 381
                   161 94 735 37 164 851 4 203 128 426
         22        138 42 431 275 88 671 258 313 177 152 845 569 44 55
                   684 522 784 63 690 607
         23        14 148 469 170 648 187 356 79 125 527 775 660 481 82
                   176 83 853 210 412 274 146
         24        59 508 54 49 355 577 474 838 84 774 175 583 661 808
                   460 290 782 266 613 248 503 234 269 593 396
         25        20 458 816 120 709 659 693 824 51 57 490 87 52 385 833
                   16 315
         26        181 405 739 345 843 423 297 468 154 511 8 136 624
         27        647 169 743 610 103 699 184 383 348 401 493 227 534
                   756 295 758 388 459 358 391 714 765 22
         28        446 809 827 530 167 186 201 667 760
         29        7 573 779 730 299 773 168 282 749
         30        374 800 319 811 755 550 795 97 47
         31        402 625 696 252 529 738 652 415 309 386
         32        323 263 636 479 270 80 242 60 235
         33        609 389 674 378
         34        77 581 399 337 540 476 439 444
         35        514
         36        135 393
         37        850 192
         38        598 273 705 780 654 308
         39        662 767 572
         40        418
         41        141 465 346 228 53 254
         43        287
         44        499
         45        24
         46        580



COVARIANCE COVERAGE OF DATA

Minimum covariance coverage value   0.100

     Number of missing data patterns             1


     PROPORTION OF DATA PRESENT


           Covariance Coverage
              WB            CMC           MIXED         FAMILY        WEAK_TIE
              ________      ________      ________      ________      ________
 WB             1.000
 CMC            1.000         1.000
 MIXED          1.000         1.000         1.000
 FAMILY         1.000         1.000         1.000         1.000
 WEAK_TIE       1.000         1.000         1.000         1.000         1.000
 WEEKEND        1.000         1.000         1.000         1.000         1.000
 CXF            1.000         1.000         1.000         1.000         1.000
 CXW            1.000         1.000         1.000         1.000         1.000
 MXF            1.000         1.000         1.000         1.000         1.000
 MXW            1.000         1.000         1.000         1.000         1.000
 C              1.000         1.000         1.000         1.000         1.000


           Covariance Coverage
              WEEKEND       CXF           CXW           MXF           MXW
              ________      ________      ________      ________      ________
 WEEKEND        1.000
 CXF            1.000         1.000
 CXW            1.000         1.000         1.000
 MXF            1.000         1.000         1.000         1.000
 MXW            1.000         1.000         1.000         1.000         1.000
 C              1.000         1.000         1.000         1.000         1.000


           Covariance Coverage
              C
              ________
 C              1.000



UNIVARIATE SAMPLE STATISTICS


     UNIVARIATE HIGHER-ORDER MOMENT DESCRIPTIVE STATISTICS

         Variable/         Mean/     Skewness/   Minimum/ % with                Percentiles
        Sample Size      Variance    Kurtosis    Maximum  Min/Max      20%/60%    40%/80%    Median

     WB                    3.030      -0.512       1.000    0.88%       2.333      3.000      3.000
           10871.000       0.428      -0.085       4.000   11.18%       3.333      3.667
     CMC                   0.000       0.592      -0.941    0.01%      -0.333     -0.192     -0.125
           10871.000       0.174      -0.751       0.964    0.01%      -0.067      0.480
     MIXED                 0.000       1.589      -0.833    0.01%      -0.200     -0.100     -0.067
           10871.000       0.104       1.863       0.972    0.01%      -0.040      0.000
     FAMILY                0.000       1.474      -0.947    0.01%      -0.167     -0.059     -0.034
           10871.000       0.088       2.597       0.974    0.01%       0.000      0.000
     WEAK_TIES             0.000       1.214      -0.846    0.04%      -0.222     -0.125     -0.083
           10871.000       0.123       0.865       0.977    0.01%      -0.050      0.000
     WEEKEND               0.308       0.832       0.000   69.21%       0.000      0.000      0.000
           10871.000       0.213      -1.307       1.000   30.79%       0.000      1.000
     CXF                   0.003       1.128      -0.754    0.02%      -0.031      0.000      0.000
           10871.000       0.017      11.376       0.915    0.01%       0.000      0.028
     CXW                  -0.024      -0.311      -0.892    0.01%      -0.092      0.000      0.000
           10871.000       0.020       6.578       0.898    0.01%       0.008      0.039
     MXF                  -0.004       1.517      -0.710    0.01%       0.000      0.000      0.000
           10871.000       0.006      34.594       0.878    0.01%       0.000      0.011
     MXW                  -0.007       1.548      -0.814    0.01%      -0.025      0.000      0.000
           10871.000       0.010      20.252       0.845    0.01%       0.004      0.023
     C                     0.000       0.033      -1.781    0.16%      -0.448     -0.226     -0.003
             623.000       0.399      -0.288       1.552    0.64%       0.219      0.552


THE MODEL ESTIMATION TERMINATED NORMALLY

     USE THE FBITERATIONS OPTION TO INCREASE THE NUMBER OF ITERATIONS BY A FACTOR
     OF AT LEAST TWO TO CHECK CONVERGENCE AND THAT THE PSR VALUE DOES NOT INCREASE.



MODEL FIT INFORMATION

Number of Free Parameters                              65

Information Criteria

          Deviance (DIC)                        16400.482
          Estimated Number of Parameters (pD)    1177.642



MODEL RESULTS

                                Posterior  One-Tailed         95% C.I.
                    Estimate       S.D.      P-Value   Lower 2.5%  Upper 2.5%  Significance

Within Level

 WB         ON
    WEEKEND            0.107       0.011      0.000       0.085       0.129      *

 Residual Variances
    WB                 0.238       0.004      0.000       0.231       0.245      *

Between Level

 S1         ON
    C                  0.025       0.027      0.177      -0.027       0.077

 S2         ON
    C                  0.020       0.032      0.262      -0.039       0.084

 S3         ON
    C                 -0.009       0.037      0.411      -0.078       0.066

 S4         ON
    C                 -0.008       0.029      0.392      -0.068       0.049

 S5         ON
    C                 -0.069       0.084      0.216      -0.230       0.103

 S6         ON
    C                 -0.018       0.072      0.404      -0.161       0.115

 S7         ON
    C                 -0.228       0.149      0.078      -0.497       0.095

 S8         ON
    C                  0.024       0.099      0.403      -0.181       0.212

 WB         ON
    C                  0.122       0.027      0.000       0.069       0.176      *

 WB       WITH
    S1                 0.015       0.007      0.016       0.001       0.029      *
    S2                -0.008       0.008      0.139      -0.023       0.007
    S3                -0.005       0.010      0.288      -0.024       0.014
    S4                -0.020       0.008      0.005      -0.035      -0.005      *
    S5                -0.019       0.021      0.181      -0.060       0.022
    S6                -0.008       0.018      0.316      -0.045       0.026
    S7                -0.020       0.037      0.279      -0.095       0.050
    S8                -0.015       0.024      0.260      -0.060       0.035

 S1       WITH
    S2                 0.017       0.007      0.001       0.005       0.031      *
    S3                -0.017       0.008      0.017      -0.034      -0.001      *
    S4                 0.009       0.007      0.090      -0.004       0.023
    S5                 0.005       0.017      0.375      -0.026       0.039
    S6                -0.021       0.013      0.040      -0.048       0.003
    S7                -0.042       0.029      0.047      -0.106       0.008
    S8                -0.019       0.017      0.127      -0.055       0.016

 S2       WITH
    S3                -0.007       0.008      0.175      -0.022       0.008
    S4                 0.008       0.007      0.087      -0.004       0.022
    S5                 0.013       0.017      0.214      -0.019       0.048
    S6                -0.006       0.011      0.287      -0.030       0.013
    S7                -0.030       0.024      0.106      -0.077       0.017
    S8                -0.022       0.015      0.053      -0.055       0.005

 S3       WITH
    S4                 0.009       0.008      0.125      -0.007       0.027
    S5                -0.025       0.020      0.091      -0.070       0.011
    S6                 0.006       0.017      0.373      -0.028       0.039
    S7                 0.034       0.028      0.111      -0.020       0.093
    S8                 0.012       0.021      0.294      -0.028       0.053

 S4       WITH
    S5                -0.003       0.018      0.439      -0.038       0.032
    S6                 0.010       0.012      0.212      -0.013       0.035
    S7                -0.024       0.024      0.159      -0.069       0.023
    S8                 0.008       0.019      0.350      -0.028       0.047

 S5       WITH
    S6                 0.024       0.036      0.202      -0.031       0.110
    S7                -0.014       0.059      0.406      -0.131       0.105
    S8                -0.036       0.048      0.232      -0.125       0.061

 S6       WITH
    S7                 0.017       0.045      0.335      -0.077       0.104
    S8                 0.010       0.030      0.362      -0.051       0.069

 S7       WITH
    S8                 0.057       0.063      0.181      -0.052       0.201

 Intercepts
    WB                 2.973       0.017      0.000       2.939       3.007      *
    S1                -0.231       0.016      0.000      -0.263      -0.199      *
    S2                -0.047       0.018      0.003      -0.083      -0.012      *
    S3                 0.017       0.023      0.239      -0.029       0.063
    S4                -0.145       0.018      0.000      -0.180      -0.108      *
    S5                 0.021       0.054      0.352      -0.086       0.121
    S6                 0.110       0.043      0.006       0.024       0.189      *
    S7                 0.042       0.103      0.341      -0.172       0.224
    S8                 0.085       0.069      0.100      -0.043       0.229

 Residual Variances
    WB                 0.159       0.011      0.000       0.140       0.182      *
    S1                 0.048       0.008      0.000       0.033       0.065      *
    S2                 0.024       0.009      0.000       0.011       0.045      *
    S3                 0.051       0.012      0.000       0.030       0.078      *
    S4                 0.038       0.010      0.000       0.021       0.058      *
    S5                 0.162       0.061      0.000       0.066       0.306      *
    S6                 0.073       0.031      0.000       0.032       0.155      *
    S7                 0.319       0.120      0.000       0.137       0.620      *
    S8                 0.125       0.054      0.000       0.054       0.262      *


STANDARDIZED MODEL RESULTS


STDYX Standardization

                                Posterior  One-Tailed         95% C.I.
                    Estimate       S.D.      P-Value   Lower 2.5%  Upper 2.5%  Significance

Within-Level Standardized Estimates Averaged Over Clusters

 S1 | WB ON
    CMC               -0.160       0.009      0.000      -0.178      -0.143      *

 S2 | WB ON
    MIXED             -0.021       0.007      0.002      -0.036      -0.006      *

 S3 | WB ON
    FAMILY             0.009       0.008      0.150      -0.008       0.024

 S4 | WB ON
    WEAK_TIES         -0.082       0.009      0.000      -0.101      -0.065      *

 S5 | WB ON
    CXF                0.001       0.006      0.442      -0.012       0.013

 S6 | WB ON
    CXW                0.019       0.007      0.001       0.006       0.033      *

 S7 | WB ON
    MXF                0.002       0.005      0.337      -0.008       0.013

 S8 | WB ON
    MXW                0.009       0.008      0.139      -0.006       0.024

 WB         ON
    WEEKEND            0.084       0.009      0.000       0.066       0.102      *

 Residual Variances
    WB                 0.886       0.006      0.000       0.874       0.897      *

Between Level

 S1         ON
    C                  0.049       0.053      0.177      -0.053       0.155

 S2         ON
    C                  0.055       0.090      0.262      -0.111       0.246

 S3         ON
    C                 -0.017       0.072      0.411      -0.155       0.130

 S4         ON
    C                 -0.017       0.066      0.392      -0.152       0.110

 S5         ON
    C                 -0.075       0.092      0.216      -0.246       0.109

 S6         ON
    C                 -0.028       0.115      0.404      -0.254       0.189

 S7         ON
    C                 -0.173       0.110      0.078      -0.361       0.073

 S8         ON
    C                  0.029       0.122      0.403      -0.211       0.268

 WB         ON
    C                  0.131       0.029      0.000       0.074       0.188      *

 WB       WITH
    S1                 0.172       0.080      0.016       0.014       0.328      *
    S2                -0.132       0.125      0.139      -0.382       0.106
    S3                -0.062       0.108      0.288      -0.268       0.155
    S4                -0.254       0.095      0.005      -0.435      -0.061      *
    S5                -0.121       0.132      0.181      -0.375       0.140
    S6                -0.077       0.162      0.316      -0.410       0.228
    S7                -0.093       0.161      0.279      -0.405       0.218
    S8                -0.109       0.170      0.260      -0.435       0.232

 S1       WITH
    S2                 0.510       0.161      0.001       0.182       0.822      *
    S3                -0.346       0.166      0.017      -0.671      -0.027      *
    S4                 0.210       0.155      0.090      -0.110       0.510
    S5                 0.061       0.193      0.375      -0.293       0.453
    S6                -0.367       0.202      0.040      -0.736       0.050
    S7                -0.356       0.206      0.047      -0.731       0.069
    S8                -0.255       0.204      0.127      -0.592       0.215

 S2       WITH
    S3                -0.211       0.212      0.175      -0.595       0.217
    S4                 0.295       0.199      0.087      -0.127       0.644
    S5                 0.223       0.260      0.214      -0.317       0.684
    S6                -0.139       0.249      0.287      -0.690       0.279
    S7                -0.352       0.256      0.106      -0.760       0.187
    S8                -0.425       0.230      0.053      -0.787       0.087

 S3       WITH
    S4                 0.217       0.180      0.125      -0.167       0.549
    S5                -0.287       0.205      0.091      -0.665       0.140
    S6                 0.091       0.279      0.373      -0.444       0.621
    S7                 0.275       0.204      0.111      -0.177       0.629
    S8                 0.159       0.265      0.294      -0.360       0.650

 S4       WITH
    S5                -0.035       0.225      0.439      -0.477       0.393
    S6                 0.196       0.221      0.212      -0.257       0.592
    S7                -0.224       0.208      0.159      -0.585       0.205
    S8                 0.123       0.277      0.350      -0.444       0.599

 S5       WITH
    S6                 0.240       0.279      0.202      -0.378       0.699
    S7                -0.065       0.254      0.406      -0.533       0.462
    S8                -0.263       0.323      0.232      -0.753       0.489

 S6       WITH
    S7                 0.120       0.280      0.335      -0.508       0.606
    S8                 0.111       0.301      0.362      -0.496       0.688

 S7       WITH
    S8                 0.296       0.282      0.181      -0.277       0.778

 Intercepts
    WB                 7.379       0.246      0.000       6.907       7.870      *
    S1                -1.054       0.122      0.000      -1.322      -0.846      *
    S2                -0.306       0.133      0.003      -0.595      -0.069      *
    S3                 0.074       0.107      0.239      -0.127       0.297
    S4                -0.741       0.144      0.000      -1.083      -0.514      *
    S5                 0.051       0.141      0.352      -0.217       0.343
    S6                 0.401       0.182      0.006       0.085       0.794      *
    S7                 0.073       0.187      0.341      -0.323       0.412
    S8                 0.240       0.215      0.100      -0.116       0.737

 Residual Variances
    WB                 0.983       0.008      0.000       0.965       0.995      *
    S1                 0.997       0.007      0.000       0.976       1.000      *
    S2                 0.995       0.017      0.000       0.939       1.000      *
    S3                 0.997       0.007      0.000       0.973       1.000      *
    S4                 0.998       0.007      0.000       0.975       1.000      *
    S5                 0.993       0.017      0.000       0.939       1.000      *
    S6                 0.993       0.019      0.000       0.930       1.000      *
    S7                 0.970       0.037      0.000       0.870       1.000      *
    S8                 0.993       0.022      0.000       0.921       1.000      *


STDY Standardization

                                Posterior  One-Tailed         95% C.I.
                    Estimate       S.D.      P-Value   Lower 2.5%  Upper 2.5%  Significance

Within-Level Standardized Estimates Averaged Over Clusters

 S1 | WB ON
    CMC               -0.428       0.025      0.000      -0.478      -0.378      *

 S2 | WB ON
    MIXED             -0.080       0.030      0.004      -0.144      -0.019      *

 S3 | WB ON
    FAMILY             0.040       0.043      0.177      -0.045       0.122

 S4 | WB ON
    WEAK_TIES         -0.270       0.031      0.000      -0.334      -0.213      *

 S5 | WB ON
    CXF                0.019       0.089      0.423      -0.153       0.187

 S6 | WB ON
    CXW                0.177       0.073      0.002       0.052       0.329      *

 S7 | WB ON
    MXF                0.096       0.149      0.227      -0.199       0.404

 S8 | WB ON
    MXW                0.125       0.139      0.172      -0.140       0.391

 WB         ON
    WEEKEND            0.205       0.022      0.000       0.162       0.248      *

 Residual Variances
    WB                 0.886       0.006      0.000       0.874       0.897      *

Between Level

 S1         ON
    C                  0.113       0.122      0.177      -0.123       0.357

 S2         ON
    C                  0.127       0.208      0.262      -0.257       0.568

 S3         ON
    C                 -0.038       0.167      0.411      -0.357       0.300

 S4         ON
    C                 -0.040       0.153      0.392      -0.351       0.254

 S5         ON
    C                 -0.172       0.213      0.216      -0.569       0.252

 S6         ON
    C                 -0.066       0.265      0.404      -0.587       0.437

 S7         ON
    C                 -0.399       0.254      0.078      -0.834       0.168

 S8         ON
    C                  0.066       0.281      0.403      -0.487       0.619

 WB         ON
    C                  0.303       0.067      0.000       0.170       0.434      *

 WB       WITH
    S1                 0.172       0.080      0.016       0.014       0.328      *
    S2                -0.132       0.125      0.139      -0.382       0.106
    S3                -0.062       0.108      0.288      -0.268       0.155
    S4                -0.254       0.095      0.005      -0.435      -0.061      *
    S5                -0.121       0.132      0.181      -0.375       0.140
    S6                -0.077       0.162      0.316      -0.410       0.228
    S7                -0.093       0.161      0.279      -0.405       0.218
    S8                -0.109       0.170      0.260      -0.435       0.232

 S1       WITH
    S2                 0.510       0.161      0.001       0.182       0.822      *
    S3                -0.346       0.166      0.017      -0.671      -0.027      *
    S4                 0.210       0.155      0.090      -0.110       0.510
    S5                 0.061       0.193      0.375      -0.293       0.453
    S6                -0.367       0.202      0.040      -0.736       0.050
    S7                -0.356       0.206      0.047      -0.731       0.069
    S8                -0.255       0.204      0.127      -0.592       0.215

 S2       WITH
    S3                -0.211       0.212      0.175      -0.595       0.217
    S4                 0.295       0.199      0.087      -0.127       0.644
    S5                 0.223       0.260      0.214      -0.317       0.684
    S6                -0.139       0.249      0.287      -0.690       0.279
    S7                -0.352       0.256      0.106      -0.760       0.187
    S8                -0.425       0.230      0.053      -0.787       0.087

 S3       WITH
    S4                 0.217       0.180      0.125      -0.167       0.549
    S5                -0.287       0.205      0.091      -0.665       0.140
    S6                 0.091       0.279      0.373      -0.444       0.621
    S7                 0.275       0.204      0.111      -0.177       0.629
    S8                 0.159       0.265      0.294      -0.360       0.650

 S4       WITH
    S5                -0.035       0.225      0.439      -0.477       0.393
    S6                 0.196       0.221      0.212      -0.257       0.592
    S7                -0.224       0.208      0.159      -0.585       0.205
    S8                 0.123       0.277      0.350      -0.444       0.599

 S5       WITH
    S6                 0.240       0.279      0.202      -0.378       0.699
    S7                -0.065       0.254      0.406      -0.533       0.462
    S8                -0.263       0.323      0.232      -0.753       0.489

 S6       WITH
    S7                 0.120       0.280      0.335      -0.508       0.606
    S8                 0.111       0.301      0.362      -0.496       0.688

 S7       WITH
    S8                 0.296       0.282      0.181      -0.277       0.778

 Intercepts
    WB                 7.379       0.246      0.000       6.907       7.870      *
    S1                -1.054       0.122      0.000      -1.322      -0.846      *
    S2                -0.306       0.133      0.003      -0.595      -0.069      *
    S3                 0.074       0.107      0.239      -0.127       0.297
    S4                -0.741       0.144      0.000      -1.083      -0.514      *
    S5                 0.051       0.141      0.352      -0.217       0.343
    S6                 0.401       0.182      0.006       0.085       0.794      *
    S7                 0.073       0.187      0.341      -0.323       0.412
    S8                 0.240       0.215      0.100      -0.116       0.737

 Residual Variances
    WB                 0.983       0.008      0.000       0.965       0.995      *
    S1                 0.997       0.007      0.000       0.976       1.000      *
    S2                 0.995       0.017      0.000       0.939       1.000      *
    S3                 0.997       0.007      0.000       0.973       1.000      *
    S4                 0.998       0.007      0.000       0.975       1.000      *
    S5                 0.993       0.017      0.000       0.939       1.000      *
    S6                 0.993       0.019      0.000       0.930       1.000      *
    S7                 0.970       0.037      0.000       0.870       1.000      *
    S8                 0.993       0.022      0.000       0.921       1.000      *


R-SQUARE

Within-Level R-Square Averaged Across Clusters

                                Posterior  One-Tailed         95% C.I.
    Variable        Estimate       S.D.      P-Value   Lower 2.5%  Upper 2.5%

    WB                 0.114       0.006      0.000       0.103       0.126

Between Level

                                Posterior  One-Tailed         95% C.I.
    Variable        Estimate       S.D.      P-Value   Lower 2.5%  Upper 2.5%

    WB                 0.017       0.008      0.000       0.005       0.035

                                Posterior  One-Tailed         95% C.I.
    Variable        Estimate       S.D.      P-Value   Lower 2.5%  Upper 2.5%

    S1                 0.003       0.007      0.000       0.000       0.024
    S2                 0.005       0.017      0.000       0.000       0.061
    S3                 0.003       0.007      0.000       0.000       0.027
    S4                 0.002       0.007      0.000       0.000       0.025
    S5                 0.007       0.017      0.000       0.000       0.061
    S6                 0.007       0.019      0.000       0.000       0.070
    S7                 0.030       0.037      0.000       0.000       0.130
    S8                 0.007       0.022      0.000       0.000       0.079


TECHNICAL 1 OUTPUT


     PARAMETER SPECIFICATION FOR WITHIN


           NU
              WB            CMC           MIXED         FAMILY        WEAK_TIE
              ________      ________      ________      ________      ________
                    0             0             0             0             0


           NU
              WEEKEND       CXF           CXW           MXF           MXW
              ________      ________      ________      ________      ________
                    0             0             0             0             0


           LAMBDA
              WB            CMC           MIXED         FAMILY        WEAK_TIE
              ________      ________      ________      ________      ________
 WB                 0             0             0             0             0
 CMC                0             0             0             0             0
 MIXED              0             0             0             0             0
 FAMILY             0             0             0             0             0
 WEAK_TIE           0             0             0             0             0
 WEEKEND            0             0             0             0             0
 CXF                0             0             0             0             0
 CXW                0             0             0             0             0
 MXF                0             0             0             0             0
 MXW                0             0             0             0             0


           LAMBDA
              WEEKEND       CXF           CXW           MXF           MXW
              ________      ________      ________      ________      ________
 WB                 0             0             0             0             0
 CMC                0             0             0             0             0
 MIXED              0             0             0             0             0
 FAMILY             0             0             0             0             0
 WEAK_TIE           0             0             0             0             0
 WEEKEND            0             0             0             0             0
 CXF                0             0             0             0             0
 CXW                0             0             0             0             0
 MXF                0             0             0             0             0
 MXW                0             0             0             0             0


           THETA
              WB            CMC           MIXED         FAMILY        WEAK_TIE
              ________      ________      ________      ________      ________
 WB                 0
 CMC                0             0
 MIXED              0             0             0
 FAMILY             0             0             0             0
 WEAK_TIE           0             0             0             0             0
 WEEKEND            0             0             0             0             0
 CXF                0             0             0             0             0
 CXW                0             0             0             0             0
 MXF                0             0             0             0             0
 MXW                0             0             0             0             0


           THETA
              WEEKEND       CXF           CXW           MXF           MXW
              ________      ________      ________      ________      ________
 WEEKEND            0
 CXF                0             0
 CXW                0             0             0
 MXF                0             0             0             0
 MXW                0             0             0             0             0


           ALPHA
              WB            CMC           MIXED         FAMILY        WEAK_TIE
              ________      ________      ________      ________      ________
                    0             0             0             0             0


           ALPHA
              WEEKEND       CXF           CXW           MXF           MXW
              ________      ________      ________      ________      ________
                    0             0             0             0             0


           BETA
              WB            CMC           MIXED         FAMILY        WEAK_TIE
              ________      ________      ________      ________      ________
 WB                 0             0             0             0             0
 CMC                0             0             0             0             0
 MIXED              0             0             0             0             0
 FAMILY             0             0             0             0             0
 WEAK_TIE           0             0             0             0             0
 WEEKEND            0             0             0             0             0
 CXF                0             0             0             0             0
 CXW                0             0             0             0             0
 MXF                0             0             0             0             0
 MXW                0             0             0             0             0


           BETA
              WEEKEND       CXF           CXW           MXF           MXW
              ________      ________      ________      ________      ________
 WB                 1             0             0             0             0
 CMC                0             0             0             0             0
 MIXED              0             0             0             0             0
 FAMILY             0             0             0             0             0
 WEAK_TIE           0             0             0             0             0
 WEEKEND            0             0             0             0             0
 CXF                0             0             0             0             0
 CXW                0             0             0             0             0
 MXF                0             0             0             0             0
 MXW                0             0             0             0             0


           PSI
              WB            CMC           MIXED         FAMILY        WEAK_TIE
              ________      ________      ________      ________      ________
 WB                 2
 CMC                0             0
 MIXED              0             0             0
 FAMILY             0             0             0             0
 WEAK_TIE           0             0             0             0             0
 WEEKEND            0             0             0             0             0
 CXF                0             0             0             0             0
 CXW                0             0             0             0             0
 MXF                0             0             0             0             0
 MXW                0             0             0             0             0


           PSI
              WEEKEND       CXF           CXW           MXF           MXW
              ________      ________      ________      ________      ________
 WEEKEND            0
 CXF                0             0
 CXW                0             0             0
 MXF                0             0             0             0
 MXW                0             0             0             0             0


     PARAMETER SPECIFICATION FOR BETWEEN


           NU
              WB            C
              ________      ________
                    0             0


           LAMBDA
              S1            S2            S3            S4            S5
              ________      ________      ________      ________      ________
 WB                 0             0             0             0             0
 C                  0             0             0             0             0


           LAMBDA
              S6            S7            S8            WB            C
              ________      ________      ________      ________      ________
 WB                 0             0             0             0             0
 C                  0             0             0             0             0


           THETA
              WB            C
              ________      ________
 WB                 0
 C                  0             0


           ALPHA
              S1            S2            S3            S4            S5
              ________      ________      ________      ________      ________
                    3             4             5             6             7


           ALPHA
              S6            S7            S8            WB            C
              ________      ________      ________      ________      ________
                    8             9            10            11             0


           BETA
              S1            S2            S3            S4            S5
              ________      ________      ________      ________      ________
 S1                 0             0             0             0             0
 S2                 0             0             0             0             0
 S3                 0             0             0             0             0
 S4                 0             0             0             0             0
 S5                 0             0             0             0             0
 S6                 0             0             0             0             0
 S7                 0             0             0             0             0
 S8                 0             0             0             0             0
 WB                 0             0             0             0             0
 C                  0             0             0             0             0


           BETA
              S6            S7            S8            WB            C
              ________      ________      ________      ________      ________
 S1                 0             0             0             0            12
 S2                 0             0             0             0            13
 S3                 0             0             0             0            14
 S4                 0             0             0             0            15
 S5                 0             0             0             0            16
 S6                 0             0             0             0            17
 S7                 0             0             0             0            18
 S8                 0             0             0             0            19
 WB                 0             0             0             0            20
 C                  0             0             0             0             0


           PSI
              S1            S2            S3            S4            S5
              ________      ________      ________      ________      ________
 S1                21
 S2                22            23
 S3                24            25            26
 S4                27            28            29            30
 S5                31            32            33            34            35
 S6                36            37            38            39            40
 S7                42            43            44            45            46
 S8                49            50            51            52            53
 WB                57            58            59            60            61
 C                  0             0             0             0             0


           PSI
              S6            S7            S8            WB            C
              ________      ________      ________      ________      ________
 S6                41
 S7                47            48
 S8                54            55            56
 WB                62            63            64            65
 C                  0             0             0             0             0


     STARTING VALUES FOR WITHIN


           NU
              WB            CMC           MIXED         FAMILY        WEAK_TIE
              ________      ________      ________      ________      ________
                0.000         0.000         0.000         0.000         0.000


           NU
              WEEKEND       CXF           CXW           MXF           MXW
              ________      ________      ________      ________      ________
                0.000         0.000         0.000         0.000         0.000


           LAMBDA
              WB            CMC           MIXED         FAMILY        WEAK_TIE
              ________      ________      ________      ________      ________
 WB             1.000         0.000         0.000         0.000         0.000
 CMC            0.000         1.000         0.000         0.000         0.000
 MIXED          0.000         0.000         1.000         0.000         0.000
 FAMILY         0.000         0.000         0.000         1.000         0.000
 WEAK_TIE       0.000         0.000         0.000         0.000         1.000
 WEEKEND        0.000         0.000         0.000         0.000         0.000
 CXF            0.000         0.000         0.000         0.000         0.000
 CXW            0.000         0.000         0.000         0.000         0.000
 MXF            0.000         0.000         0.000         0.000         0.000
 MXW            0.000         0.000         0.000         0.000         0.000


           LAMBDA
              WEEKEND       CXF           CXW           MXF           MXW
              ________      ________      ________      ________      ________
 WB             0.000         0.000         0.000         0.000         0.000
 CMC            0.000         0.000         0.000         0.000         0.000
 MIXED          0.000         0.000         0.000         0.000         0.000
 FAMILY         0.000         0.000         0.000         0.000         0.000
 WEAK_TIE       0.000         0.000         0.000         0.000         0.000
 WEEKEND        1.000         0.000         0.000         0.000         0.000
 CXF            0.000         1.000         0.000         0.000         0.000
 CXW            0.000         0.000         1.000         0.000         0.000
 MXF            0.000         0.000         0.000         1.000         0.000
 MXW            0.000         0.000         0.000         0.000         1.000


           THETA
              WB            CMC           MIXED         FAMILY        WEAK_TIE
              ________      ________      ________      ________      ________
 WB             0.000
 CMC            0.000         0.000
 MIXED          0.000         0.000         0.000
 FAMILY         0.000         0.000         0.000         0.000
 WEAK_TIE       0.000         0.000         0.000         0.000         0.000
 WEEKEND        0.000         0.000         0.000         0.000         0.000
 CXF            0.000         0.000         0.000         0.000         0.000
 CXW            0.000         0.000         0.000         0.000         0.000
 MXF            0.000         0.000         0.000         0.000         0.000
 MXW            0.000         0.000         0.000         0.000         0.000


           THETA
              WEEKEND       CXF           CXW           MXF           MXW
              ________      ________      ________      ________      ________
 WEEKEND        0.000
 CXF            0.000         0.000
 CXW            0.000         0.000         0.000
 MXF            0.000         0.000         0.000         0.000
 MXW            0.000         0.000         0.000         0.000         0.000


           ALPHA
              WB            CMC           MIXED         FAMILY        WEAK_TIE
              ________      ________      ________      ________      ________
                0.000         0.000         0.000         0.000         0.000


           ALPHA
              WEEKEND       CXF           CXW           MXF           MXW
              ________      ________      ________      ________      ________
                0.000         0.000         0.000         0.000         0.000


           BETA
              WB            CMC           MIXED         FAMILY        WEAK_TIE
              ________      ________      ________      ________      ________
 WB             0.000         0.000         0.000         0.000         0.000
 CMC            0.000         0.000         0.000         0.000         0.000
 MIXED          0.000         0.000         0.000         0.000         0.000
 FAMILY         0.000         0.000         0.000         0.000         0.000
 WEAK_TIE       0.000         0.000         0.000         0.000         0.000
 WEEKEND        0.000         0.000         0.000         0.000         0.000
 CXF            0.000         0.000         0.000         0.000         0.000
 CXW            0.000         0.000         0.000         0.000         0.000
 MXF            0.000         0.000         0.000         0.000         0.000
 MXW            0.000         0.000         0.000         0.000         0.000


           BETA
              WEEKEND       CXF           CXW           MXF           MXW
              ________      ________      ________      ________      ________
 WB             0.000         0.000         0.000         0.000         0.000
 CMC            0.000         0.000         0.000         0.000         0.000
 MIXED          0.000         0.000         0.000         0.000         0.000
 FAMILY         0.000         0.000         0.000         0.000         0.000
 WEAK_TIE       0.000         0.000         0.000         0.000         0.000
 WEEKEND        0.000         0.000         0.000         0.000         0.000
 CXF            0.000         0.000         0.000         0.000         0.000
 CXW            0.000         0.000         0.000         0.000         0.000
 MXF            0.000         0.000         0.000         0.000         0.000
 MXW            0.000         0.000         0.000         0.000         0.000


           PSI
              WB            CMC           MIXED         FAMILY        WEAK_TIE
              ________      ________      ________      ________      ________
 WB             0.214
 CMC            0.000         0.087
 MIXED          0.000         0.000         0.052
 FAMILY         0.000         0.000         0.000         0.044
 WEAK_TIE       0.000         0.000         0.000         0.000         0.062
 WEEKEND        0.000         0.000         0.000         0.000         0.000
 CXF            0.000         0.000         0.000         0.000         0.000
 CXW            0.000         0.000         0.000         0.000         0.000
 MXF            0.000         0.000         0.000         0.000         0.000
 MXW            0.000         0.000         0.000         0.000         0.000


           PSI
              WEEKEND       CXF           CXW           MXF           MXW
              ________      ________      ________      ________      ________
 WEEKEND        0.107
 CXF            0.000         0.008
 CXW            0.000         0.000         0.010
 MXF            0.000         0.000         0.000         0.003
 MXW            0.000         0.000         0.000         0.000         0.005


     STARTING VALUES FOR BETWEEN


           NU
              WB            C
              ________      ________
                0.000         0.000


           LAMBDA
              S1            S2            S3            S4            S5
              ________      ________      ________      ________      ________
 WB             0.000         0.000         0.000         0.000         0.000
 C              0.000         0.000         0.000         0.000         0.000


           LAMBDA
              S6            S7            S8            WB            C
              ________      ________      ________      ________      ________
 WB             0.000         0.000         0.000         1.000         0.000
 C              0.000         0.000         0.000         0.000         1.000


           THETA
              WB            C
              ________      ________
 WB             0.000
 C              0.000         0.000


           ALPHA
              S1            S2            S3            S4            S5
              ________      ________      ________      ________      ________
                0.000         0.000         0.000         0.000         0.000


           ALPHA
              S6            S7            S8            WB            C
              ________      ________      ________      ________      ________
                0.000         0.000         0.000         3.030         0.000


           BETA
              S1            S2            S3            S4            S5
              ________      ________      ________      ________      ________
 S1             0.000         0.000         0.000         0.000         0.000
 S2             0.000         0.000         0.000         0.000         0.000
 S3             0.000         0.000         0.000         0.000         0.000
 S4             0.000         0.000         0.000         0.000         0.000
 S5             0.000         0.000         0.000         0.000         0.000
 S6             0.000         0.000         0.000         0.000         0.000
 S7             0.000         0.000         0.000         0.000         0.000
 S8             0.000         0.000         0.000         0.000         0.000
 WB             0.000         0.000         0.000         0.000         0.000
 C              0.000         0.000         0.000         0.000         0.000


           BETA
              S6            S7            S8            WB            C
              ________      ________      ________      ________      ________
 S1             0.000         0.000         0.000         0.000         0.000
 S2             0.000         0.000         0.000         0.000         0.000
 S3             0.000         0.000         0.000         0.000         0.000
 S4             0.000         0.000         0.000         0.000         0.000
 S5             0.000         0.000         0.000         0.000         0.000
 S6             0.000         0.000         0.000         0.000         0.000
 S7             0.000         0.000         0.000         0.000         0.000
 S8             0.000         0.000         0.000         0.000         0.000
 WB             0.000         0.000         0.000         0.000         0.000
 C              0.000         0.000         0.000         0.000         0.000


           PSI
              S1            S2            S3            S4            S5
              ________      ________      ________      ________      ________
 S1             1.000
 S2             0.000         1.000
 S3             0.000         0.000         1.000
 S4             0.000         0.000         0.000         1.000
 S5             0.000         0.000         0.000         0.000         1.000
 S6             0.000         0.000         0.000         0.000         0.000
 S7             0.000         0.000         0.000         0.000         0.000
 S8             0.000         0.000         0.000         0.000         0.000
 WB             0.000         0.000         0.000         0.000         0.000
 C              0.000         0.000         0.000         0.000         0.000


           PSI
              S6            S7            S8            WB            C
              ________      ________      ________      ________      ________
 S6             1.000
 S7             0.000         1.000
 S8             0.000         0.000         1.000
 WB             0.000         0.000         0.000         0.214
 C              0.000         0.000         0.000         0.000         0.188



     PRIORS FOR ALL PARAMETERS            PRIOR MEAN      PRIOR VARIANCE     PRIOR STD. DEV.

     Parameter 1~N(0.000,infinity)           0.0000            infinity            infinity
     Parameter 2~IG(-1.000,0.000)          infinity            infinity            infinity
     Parameter 3~N(0.000,infinity)           0.0000            infinity            infinity
     Parameter 4~N(0.000,infinity)           0.0000            infinity            infinity
     Parameter 5~N(0.000,infinity)           0.0000            infinity            infinity
     Parameter 6~N(0.000,infinity)           0.0000            infinity            infinity
     Parameter 7~N(0.000,infinity)           0.0000            infinity            infinity
     Parameter 8~N(0.000,infinity)           0.0000            infinity            infinity
     Parameter 9~N(0.000,infinity)           0.0000            infinity            infinity
     Parameter 10~N(0.000,infinity)          0.0000            infinity            infinity
     Parameter 11~N(0.000,infinity)          0.0000            infinity            infinity
     Parameter 12~N(0.000,infinity)          0.0000            infinity            infinity
     Parameter 13~N(0.000,infinity)          0.0000            infinity            infinity
     Parameter 14~N(0.000,infinity)          0.0000            infinity            infinity
     Parameter 15~N(0.000,infinity)          0.0000            infinity            infinity
     Parameter 16~N(0.000,infinity)          0.0000            infinity            infinity
     Parameter 17~N(0.000,infinity)          0.0000            infinity            infinity
     Parameter 18~N(0.000,infinity)          0.0000            infinity            infinity
     Parameter 19~N(0.000,infinity)          0.0000            infinity            infinity
     Parameter 20~N(0.000,infinity)          0.0000            infinity            infinity
     Parameter 21~IW(0.000,-10)            infinity            infinity            infinity
     Parameter 22~IW(0.000,-10)            infinity            infinity            infinity
     Parameter 23~IW(0.000,-10)            infinity            infinity            infinity
     Parameter 24~IW(0.000,-10)            infinity            infinity            infinity
     Parameter 25~IW(0.000,-10)            infinity            infinity            infinity
     Parameter 26~IW(0.000,-10)            infinity            infinity            infinity
     Parameter 27~IW(0.000,-10)            infinity            infinity            infinity
     Parameter 28~IW(0.000,-10)            infinity            infinity            infinity
     Parameter 29~IW(0.000,-10)            infinity            infinity            infinity
     Parameter 30~IW(0.000,-10)            infinity            infinity            infinity
     Parameter 31~IW(0.000,-10)            infinity            infinity            infinity
     Parameter 32~IW(0.000,-10)            infinity            infinity            infinity
     Parameter 33~IW(0.000,-10)            infinity            infinity            infinity
     Parameter 34~IW(0.000,-10)            infinity            infinity            infinity
     Parameter 35~IW(0.000,-10)            infinity            infinity            infinity
     Parameter 36~IW(0.000,-10)            infinity            infinity            infinity
     Parameter 37~IW(0.000,-10)            infinity            infinity            infinity
     Parameter 38~IW(0.000,-10)            infinity            infinity            infinity
     Parameter 39~IW(0.000,-10)            infinity            infinity            infinity
     Parameter 40~IW(0.000,-10)            infinity            infinity            infinity
     Parameter 41~IW(0.000,-10)            infinity            infinity            infinity
     Parameter 42~IW(0.000,-10)            infinity            infinity            infinity
     Parameter 43~IW(0.000,-10)            infinity            infinity            infinity
     Parameter 44~IW(0.000,-10)            infinity            infinity            infinity
     Parameter 45~IW(0.000,-10)            infinity            infinity            infinity
     Parameter 46~IW(0.000,-10)            infinity            infinity            infinity
     Parameter 47~IW(0.000,-10)            infinity            infinity            infinity
     Parameter 48~IW(0.000,-10)            infinity            infinity            infinity
     Parameter 49~IW(0.000,-10)            infinity            infinity            infinity
     Parameter 50~IW(0.000,-10)            infinity            infinity            infinity
     Parameter 51~IW(0.000,-10)            infinity            infinity            infinity
     Parameter 52~IW(0.000,-10)            infinity            infinity            infinity
     Parameter 53~IW(0.000,-10)            infinity            infinity            infinity
     Parameter 54~IW(0.000,-10)            infinity            infinity            infinity
     Parameter 55~IW(0.000,-10)            infinity            infinity            infinity
     Parameter 56~IW(0.000,-10)            infinity            infinity            infinity
     Parameter 57~IW(0.000,-10)            infinity            infinity            infinity
     Parameter 58~IW(0.000,-10)            infinity            infinity            infinity
     Parameter 59~IW(0.000,-10)            infinity            infinity            infinity
     Parameter 60~IW(0.000,-10)            infinity            infinity            infinity
     Parameter 61~IW(0.000,-10)            infinity            infinity            infinity
     Parameter 62~IW(0.000,-10)            infinity            infinity            infinity
     Parameter 63~IW(0.000,-10)            infinity            infinity            infinity
     Parameter 64~IW(0.000,-10)            infinity            infinity            infinity
     Parameter 65~IW(0.000,-10)            infinity            infinity            infinity


TECHNICAL 8 OUTPUT


   TECHNICAL 8 OUTPUT FOR BAYES ESTIMATION

     CHAIN    BSEED
     1        0
     2        285380

                     POTENTIAL       PARAMETER WITH
     ITERATION    SCALE REDUCTION      HIGHEST PSR
     100              2.734               40
     200              2.753               40
     300              3.009               40
     400              2.732               40
     500              2.362               40
     600              2.055               40
     700              2.227               42
     800              2.363               42
     900              1.958               42
     1000             2.074               42
     1100             2.146               42
     1200             2.224               42
     1300             2.174               54
     1400             2.087               42
     1500             2.000               42
     1600             1.874               10
     1700             2.010               10
     1800             2.016               10
     1900             1.806               10
     2000             1.701               47
     2100             1.749               47
     2200             1.811               47
     2300             1.819               47
     2400             1.657               47
     2500             1.580               47
     2600             1.444               47
     2700             1.460               47
     2800             1.455               47
     2900             1.434               54
     3000             1.431               47
     3100             1.450               54
     3200             1.526               54
     3300             1.626               54
     3400             1.696               54
     3500             1.690               54
     3600             1.681               54
     3700             1.668               54
     3800             1.601               54
     3900             1.594               54
     4000             1.496               54
     4100             1.400               54
     4200             1.285               54
     4300             1.283               54
     4400             1.281               54
     4500             1.263               53
     4600             1.262               53
     4700             1.265               62
     4800             1.302               62
     4900             1.338               62
     5000             1.357               62
     5100             1.423               62
     5200             1.435               62
     5300             1.439               62
     5400             1.399               62
     5500             1.335               62
     5600             1.307               62
     5700             1.271               62
     5800             1.245               62
     5900             1.240               62
     6000             1.239               62
     6100             1.231               62
     6200             1.221               62
     6300             1.216               62
     6400             1.193               62
     6500             1.195               62
     6600             1.183               62
     6700             1.182               62
     6800             1.179               62
     6900             1.173               62
     7000             1.176               62
     7100             1.160               46
     7200             1.180               46
     7300             1.193               46
     7400             1.206               46
     7500             1.189               56
     7600             1.206               56
     7700             1.208               56
     7800             1.204               56
     7900             1.229               56
     8000             1.230               56
     8100             1.225               56
     8200             1.231               56
     8300             1.226               56
     8400             1.231               56
     8500             1.259               56
     8600             1.291               56
     8700             1.309               56
     8800             1.302               56
     8900             1.282               56
     9000             1.237               56
     9100             1.194               56
     9200             1.170               10
     9300             1.173               10
     9400             1.185               10
     9500             1.181               10
     9600             1.185               10
     9700             1.187               10
     9800             1.175               10
     9900             1.152               10
     10000            1.160               56
     10100            1.158               56
     10200            1.150               56
     10300            1.147               50
     10400            1.145               50
     10500            1.148               50
     10600            1.149               50
     10700            1.142               50
     10800            1.134               50
     10900            1.123               50
     11000            1.127               50
     11100            1.125               50
     11200            1.131               50
     11300            1.129               50
     11400            1.126               52
     11500            1.131               52
     11600            1.132               52
     11700            1.121               53
     11800            1.132               53
     11900            1.140               53
     12000            1.136               53
     12100            1.122               53
     12200            1.107               53
     12300            1.096               53


     Beginning Time:  17:54:11
        Ending Time:  18:05:06
       Elapsed Time:  00:10:55



MUTHEN & MUTHEN
3463 Stoner Ave.
Los Angeles, CA  90066

Tel: (310) 391-9971
Fax: (310) 391-8971
Web: www.StatModel.com
Support: Support@StatModel.com

Copyright (c) 1998-2020 Muthen & Muthen
