Mplus VERSION 8.5 (Mac)
MUTHEN & MUTHEN
03/18/2022   1:23 PM

INPUT INSTRUCTIONS

  TITLE: Analysis 5
  DATA: FILE = analysis4+5_S2.dat;
  VARIABLE:
  NAMES = ID WB content stressed lonely
  FTF CMC mixed peers family weak_ties
  E A C N O gender ethnicity SES weekend;
  USEVARIABLES = WB
  CMC mixed family weak_ties
  weekend A gender ethnicity SES
  cxf cxw mxf mxw;
  CLUSTER = ID;
  WITHIN = CMC mixed family weak_ties weekend
  cxf cxw mxf mxw;
  BETWEEN = A gender ethnicity SES;
  MISSING = .;
  DEFINE:
  CENTER CMC (GROUPMEAN);
  CENTER mixed (GROUPMEAN);
  CENTER family (GROUPMEAN);
  CENTER weak_ties (GROUPMEAN);
  cxf=CMC*family;
  cxw=CMC*weak_ties;
  mxf=mixed*family;
  mxw=mixed*weak_ties;
  CENTER A (GRANDMEAN);
  ANALYSIS: TYPE = TWOLEVEL RANDOM; ESTIMATOR = BAYES;
  BITERATIONS = (10000); PROCESSORS = 2;
  MODEL:
  %WITHIN%
  ! Well-being is predicted by CMC, the slope is random
  S1 | WB ON CMC;
  ! Well-being is predicted by mixed episodes, the slope is random
  S2 | WB ON mixed;
  ! Well-being is predicted by family, the slope is random
  S3 | WB ON family;
  ! Well-being is predicted by weak ties, the slope is random
  S4 | WB ON weak_ties;
  ! Well-being is predicted by CMC*family, the slope is random
  S5 | WB ON cxf;
  ! Well-being is predicted by CMC*weak ties, the slope is random
  S6 | WB ON cxw;
  ! Well-being is predicted by mixed*family, the slope is random
  S7 | WB ON mxf;
  ! Well-being is predicted by mixed*weak ties, the slope is random
  S8 | WB ON mxw;
  ! Control for weekend
  WB ON weekend;
  %BETWEEN%
  ! Covariance between intercept and slopes
  WB S1-S8 WITH WB S1-S8;
  ! The intercept is predicted by agreeableness
  WB ON A;
  ! The slopes are predicted by agreeableness
  S1-S8 ON A;
  ! Control for demographic variables
  WB ON gender ethnicity SES;
  OUTPUT: STDYX STDY TECH8;



*** WARNING in VARIABLE command
  Note that only the first 8 characters of variable names are used in the output.
  Shorten variable names to avoid any confusion.
*** WARNING
  One or more individual-level variables have no variation within a
  cluster for the following clusters.

     Variable   Cluster IDs with no within-cluster variation

      WB          134
      WEEKEND     316 368 502 134 293 307 650 197 680 700 326 849 668
      CXF         316 368 215 502 134 293 703 307 650 197 362 216 382 783 118 72 428 680 700 320
                  212 657 483 133 736 578 498 480 677 325 698 777 533 836 849 398 599 747 501
                  417 425 631 10 804 107 668 644 563 276 672 92 126 814 217 343 99 506 172 608
                  848 740 387 137 842 435 371 361 318 279 179 854 542 794 221 78 26 123 12 45
                  520 695 772 470 241 108 531 202 769 596 771 294 464 164 138 177 845 522 784
                  481 82 474 838 782 49 458 659 824 57 87 20 739 136 405 401 758 459 22 773 514
                  850 654 572 465 499
      CXW         316 368 215 502 134 293 703 307 650 776 216 382 783 118 680 320 657 133 736
                  498 621 326 220 194 836 599 501 10 107 668 644 563 276 92 142 126 451 244 302
                  40 463 704 748 179 542 36 635 221 718 421 380 695 471 241 222 531 202 754 67
                  516 177 583 87 756 809 667 573 738 386 378 540 444
      MXF         316 368 215 502 134 293 703 307 650 197 776 362 216 382 783 118 72 428 680 700
                  320 212 657 483 133 736 578 498 621 363 38 480 677 325 698 194 777 533 836 849
                  155 398 599 602 747 501 417 425 631 10 804 107 668 91 757 563 276 672 126 814
                  130 451 763 427 217 343 99 40 506 143 576 172 32 608 377 848 740 707 387 821
                  137 842 435 371 713 361 318 279 179 628 854 630 542 794 592 78 26 123 305 614
                  354 12 562 45 116 520 41 737 71 817 695 772 470 509 241 108 656 785 531 769
                  232 226 639 596 771 294 516 272 464 284 164 138 177 845 522 784 690 481 82 176
                  474 838 782 49 458 659 824 57 87 52 20 739 136 405 401 758 459 22 667 773 319
                  696 674 514 850 654 572 465 499
      MXW         316 368 215 502 134 293 703 307 650 776 362 216 382 118 428 680 700 320 657
                  736 578 498 621 363 326 38 220 677 194 533 836 155 599 602 501 417 631 10 804
                  107 668 91 757 563 276 142 126 130 451 244 302 763 427 217 40 506 143 576 463
                  32 377 848 704 707 821 137 371 713 748 179 628 630 542 36 592 635 78 305 718
                  614 354 421 562 116 520 41 737 380 71 817 695 509 471 241 656 222 785 531 202
                  754 232 226 639 67 294 516 272 464 284 177 784 690 176 583 87 52 401 756 809
                  667 573 319 696 738 386 674 378 540 444 514

*** WARNING
  Data set contains cases with missing on x-variables.
  These cases were not included in the analysis.
  Number of cases with missing on x-variables:  8895
*** WARNING
  Data set contains cases with missing on all variables except
  x-variables.  These cases were not included in the analysis.
  Number of cases with missing on all variables except x-variables:  7
   4 WARNING(S) FOUND IN THE INPUT INSTRUCTIONS



Analysis 5

SUMMARY OF ANALYSIS

Number of groups                                                 1
Number of observations                                        5117

Number of dependent variables                                    1
Number of independent variables                                 13
Number of continuous latent variables                            8

Observed dependent variables

  Continuous
   WB

Observed independent variables
   CMC         MIXED       FAMILY      WEAK_TIE    WEEKEND     A
   GENDER      ETHNICIT    SES         CXF         CXW         MXF
   MXW

Continuous latent variables
   S1          S2          S3          S4          S5          S6
   S7          S8

Variables with special functions

  Cluster variable      ID

  Within variables
   CMC         MIXED       FAMILY      WEAK_TIE    WEEKEND     CXF
   CXW         MXF         MXW

  Between variables
   A           GENDER      ETHNICIT    SES

  Centering (GRANDMEAN)
   A

  Centering (GROUPMEAN)
   CMC         MIXED       FAMILY      WEAK_TIE


Estimator                                                    BAYES
Specifications for Bayesian Estimation
  Point estimate                                            MEDIAN
  Number of Markov chain Monte Carlo (MCMC) chains               2
  Random seed for the first chain                                0
  Starting value information                           UNPERTURBED
  Algorithm used for Markov chain Monte Carlo           GIBBS(PX1)
  Convergence criterion                                  0.500D-01
  Maximum number of iterations                               50000
  K-th iteration used for thinning                               1

Input data file(s)
  analysis4+5_S2.dat
Input data format  FREE


SUMMARY OF DATA

     Number of clusters                        305

       Size (s)    Cluster ID with Size s

          1        46 157 277 301 350 450 603 723
          2        316 368 215 502 134 293 703 307
          3        650 197 776
          4        362 216 382 783 118
          5        72 428 680 700 320 212
          6        657 483 133 736 578 498 621 363
          7        589 326 38 220 370 480 677 325 698
          8        366 194 777 243 533 812 836 849 23
          9        155 398 599 602 747 501 417 425 631 10 804 107 29 668
         10        91 644 757 563 276 672 92 432 142 126 814 130 451 244
         11        302 467 538 763 427 217 566 343 99 40 506 847
         12        143 576 95 463 789 172 32 608 377 158 162 848 740
         13        704 707 387 819 821 770 267 137 842 435
         14        371 713 190 361 318 279 748 179 628 766 854 630
         15        542 794 264 36 685 744 592 692 635 221 78 26 123 305
                   718 614 354 12
         16        245 421 562 400 43 717 174 551 45 116
         17        327 520 41 225 737 380 71 817 695 641 191 772 470 509
                   471 241
         18        31 108 656 715 403 622 222 525 726 681 528 785 531 159
                   160 202
         19        640 754 769 232 226 364 639 694 665
         20        732 66 798 250 596 771 67 294 516 670 127 367
         21        272 464 101 284 164 249
         22        138 177 845 569 522 784 63 690 607
         23        527 775 481 82 176 853 146
         24        474 838 583 808 460 782 234 49
         25        458 709 659 693 824 57 87 52 385 833 20
         26        739 136 405
         27        647 699 401 493 534 756 758 388 459 391 22
         28        446 809 530 167 186 667
         29        573 773
         30        319 795
         31        625 696 252 529 738 652 386
         32        323 636
         33        674 378
         34        581 540 476 439 444
         35        514
         37        850
         38        273 780 654 308
         39        767 572
         40        418
         41        141 465
         44        499



COVARIANCE COVERAGE OF DATA

Minimum covariance coverage value   0.100

     Number of missing data patterns             1


     PROPORTION OF DATA PRESENT


           Covariance Coverage
              WB            CMC           MIXED         FAMILY        WEAK_TIE
              ________      ________      ________      ________      ________
 WB             1.000
 CMC            1.000         1.000
 MIXED          1.000         1.000         1.000
 FAMILY         1.000         1.000         1.000         1.000
 WEAK_TIE       1.000         1.000         1.000         1.000         1.000
 WEEKEND        1.000         1.000         1.000         1.000         1.000
 CXF            1.000         1.000         1.000         1.000         1.000
 CXW            1.000         1.000         1.000         1.000         1.000
 MXF            1.000         1.000         1.000         1.000         1.000
 MXW            1.000         1.000         1.000         1.000         1.000
 A              1.000         1.000         1.000         1.000         1.000
 GENDER         1.000         1.000         1.000         1.000         1.000
 ETHNICIT       1.000         1.000         1.000         1.000         1.000
 SES            1.000         1.000         1.000         1.000         1.000


           Covariance Coverage
              WEEKEND       CXF           CXW           MXF           MXW
              ________      ________      ________      ________      ________
 WEEKEND        1.000
 CXF            1.000         1.000
 CXW            1.000         1.000         1.000
 MXF            1.000         1.000         1.000         1.000
 MXW            1.000         1.000         1.000         1.000         1.000
 A              1.000         1.000         1.000         1.000         1.000
 GENDER         1.000         1.000         1.000         1.000         1.000
 ETHNICIT       1.000         1.000         1.000         1.000         1.000
 SES            1.000         1.000         1.000         1.000         1.000


           Covariance Coverage
              A             GENDER        ETHNICIT      SES
              ________      ________      ________      ________
 A              1.000
 GENDER         1.000         1.000
 ETHNICIT       1.000         1.000         1.000
 SES            1.000         1.000         1.000         1.000



UNIVARIATE SAMPLE STATISTICS


     UNIVARIATE HIGHER-ORDER MOMENT DESCRIPTIVE STATISTICS

         Variable/         Mean/     Skewness/   Minimum/ % with                Percentiles
        Sample Size      Variance    Kurtosis    Maximum  Min/Max      20%/60%    40%/80%    Median

     WB                    3.034      -0.545       1.000    1.06%       2.333      3.000      3.000
            5117.000       0.437      -0.036       4.000   11.45%       3.333      3.667
     CMC                   0.000       0.528      -0.926    0.04%      -0.333     -0.200     -0.143
            5117.000       0.179      -0.805       0.963    0.02%      -0.067      0.480
     MIXED                 0.000       1.702      -0.833    0.02%      -0.200     -0.100     -0.067
            5117.000       0.100       2.163       0.969    0.02%      -0.038      0.000
     FAMILY                0.000       1.524      -0.941    0.04%      -0.154     -0.056     -0.036
            5117.000       0.086       2.789       0.974    0.02%       0.000      0.000
     WEAK_TIES             0.000       1.295      -0.846    0.08%      -0.200     -0.125     -0.080
            5117.000       0.120       1.030       0.974    0.02%      -0.045      0.000
     WEEKEND               0.309       0.827       0.000   69.10%       0.000      0.000      0.000
            5117.000       0.214      -1.316       1.000   30.90%       0.000      1.000
     CXF                   0.004       0.966      -0.754    0.04%      -0.037      0.000      0.000
            5117.000       0.017      10.683       0.832    0.02%       0.000      0.034
     CXW                  -0.028      -0.695      -0.892    0.02%      -0.096     -0.012      0.000
            5117.000       0.019       6.787       0.773    0.04%       0.006      0.038
     MXF                  -0.005       1.454      -0.710    0.02%       0.000      0.000      0.000
            5117.000       0.006      36.536       0.816    0.02%       0.000      0.011
     MXW                  -0.007       1.457      -0.814    0.02%      -0.017      0.000      0.000
            5117.000       0.009      20.284       0.839    0.02%       0.004      0.021
     A                     0.000      -0.432      -2.346    0.33%      -0.568     -0.123      0.099
             305.000       0.398       0.218       1.321    0.33%       0.210      0.543
     GENDER                0.649      -0.625       0.000   35.08%       0.000      1.000      1.000
             305.000       0.228      -1.609       1.000   64.92%       1.000      1.000
     ETHNICITY             0.679      -0.765       0.000   32.13%       0.000      1.000      1.000
             305.000       0.218      -1.414       1.000   67.87%       1.000      1.000
     SES                   0.869      -2.185       0.000   13.11%       1.000      1.000      1.000
             305.000       0.114       2.776       1.000   86.89%       1.000      1.000


THE MODEL ESTIMATION TERMINATED NORMALLY

     USE THE FBITERATIONS OPTION TO INCREASE THE NUMBER OF ITERATIONS BY A FACTOR
     OF AT LEAST TWO TO CHECK CONVERGENCE AND THAT THE PSR VALUE DOES NOT INCREASE.



MODEL FIT INFORMATION

Number of Free Parameters                              68

Information Criteria

          Deviance (DIC)                         7835.444
          Estimated Number of Parameters (pD)     645.717



MODEL RESULTS

                                Posterior  One-Tailed         95% C.I.
                    Estimate       S.D.      P-Value   Lower 2.5%  Upper 2.5%  Significance

Within Level

 WB         ON
    WEEKEND            0.112       0.017      0.000       0.080       0.144      *

 Residual Variances
    WB                 0.239       0.005      0.000       0.229       0.249      *

Between Level

 S1         ON
    A                 -0.015       0.041      0.362      -0.095       0.066

 S2         ON
    A                  0.016       0.050      0.375      -0.085       0.110

 S3         ON
    A                 -0.009       0.057      0.436      -0.116       0.108

 S4         ON
    A                  0.084       0.051      0.053      -0.020       0.181

 S5         ON
    A                 -0.054       0.138      0.353      -0.332       0.213

 S6         ON
    A                  0.179       0.117      0.058      -0.052       0.410

 S7         ON
    A                 -0.361       0.238      0.063      -0.840       0.091

 S8         ON
    A                  0.136       0.176      0.219      -0.211       0.470

 WB         ON
    A                  0.134       0.040      0.000       0.055       0.214      *
    GENDER            -0.074       0.051      0.076      -0.173       0.026
    ETHNICITY         -0.100       0.052      0.030      -0.197       0.005
    SES               -0.099       0.073      0.092      -0.240       0.046

 WB       WITH
    S1                 0.027       0.012      0.009       0.005       0.050      *
    S2                 0.018       0.015      0.111      -0.010       0.049
    S3                -0.006       0.015      0.329      -0.035       0.024
    S4                -0.025       0.013      0.025      -0.053       0.000
    S5                -0.042       0.038      0.128      -0.117       0.031
    S6                -0.034       0.031      0.143      -0.093       0.031
    S7                 0.019       0.073      0.385      -0.112       0.178
    S8                 0.004       0.053      0.469      -0.101       0.105

 S1       WITH
    S2                 0.031       0.010      0.000       0.013       0.055      *
    S3                -0.008       0.012      0.244      -0.033       0.016
    S4                 0.005       0.011      0.309      -0.016       0.028
    S5                 0.017       0.030      0.284      -0.048       0.074
    S6                -0.018       0.024      0.224      -0.067       0.028
    S7                -0.007       0.053      0.450      -0.113       0.096
    S8                -0.060       0.038      0.056      -0.136       0.014

 S2       WITH
    S3                -0.014       0.013      0.150      -0.040       0.013
    S4                 0.005       0.013      0.345      -0.019       0.033
    S5                 0.008       0.034      0.405      -0.062       0.074
    S6                -0.017       0.026      0.236      -0.070       0.033
    S7                -0.015       0.050      0.382      -0.111       0.085
    S8                -0.050       0.034      0.062      -0.120       0.015

 S3       WITH
    S4                 0.007       0.014      0.298      -0.017       0.037
    S5                -0.021       0.036      0.257      -0.098       0.046
    S6                 0.006       0.025      0.391      -0.045       0.058
    S7                 0.016       0.057      0.389      -0.089       0.137
    S8                 0.031       0.045      0.244      -0.057       0.118

 S4       WITH
    S5                 0.027       0.036      0.227      -0.046       0.096
    S6                 0.022       0.024      0.152      -0.017       0.078
    S7                -0.002       0.046      0.483      -0.091       0.091
    S8                 0.031       0.040      0.204      -0.038       0.117

 S5       WITH
    S6                 0.079       0.070      0.129      -0.054       0.223
    S7                -0.004       0.144      0.490      -0.286       0.282
    S8                -0.061       0.116      0.284      -0.295       0.173

 S6       WITH
    S7                 0.016       0.091      0.414      -0.164       0.205
    S8                 0.035       0.071      0.290      -0.092       0.190

 S7       WITH
    S8                -0.022       0.148      0.439      -0.304       0.271

 Intercepts
    WB                 3.186       0.090      0.000       3.015       3.359      *
    S1                -0.235       0.024      0.000      -0.282      -0.188      *
    S2                -0.072       0.029      0.010      -0.126      -0.012      *
    S3                 0.010       0.034      0.383      -0.061       0.077
    S4                -0.146       0.030      0.000      -0.207      -0.087      *
    S5                 0.004       0.084      0.481      -0.161       0.173
    S6                 0.119       0.069      0.042      -0.019       0.253
    S7                 0.103       0.145      0.238      -0.199       0.367
    S8                 0.031       0.106      0.384      -0.184       0.233

 Residual Variances
    WB                 0.167       0.017      0.000       0.139       0.204      *
    S1                 0.053       0.012      0.000       0.032       0.081      *
    S2                 0.042       0.016      0.000       0.018       0.081      *
    S3                 0.055       0.020      0.000       0.024       0.101      *
    S4                 0.055       0.018      0.000       0.024       0.097      *
    S5                 0.377       0.137      0.000       0.167       0.688      *
    S6                 0.140       0.060      0.000       0.048       0.285      *
    S7                 0.532       0.262      0.000       0.198       1.203      *
    S8                 0.439       0.177      0.000       0.189       0.873      *


STANDARDIZED MODEL RESULTS


STDYX Standardization

                                Posterior  One-Tailed         95% C.I.
                    Estimate       S.D.      P-Value   Lower 2.5%  Upper 2.5%  Significance

Within-Level Standardized Estimates Averaged Over Clusters

 S1 | WB ON
    CMC               -0.165       0.014      0.000      -0.192      -0.137      *

 S2 | WB ON
    MIXED             -0.034       0.012      0.002      -0.056      -0.009      *

 S3 | WB ON
    FAMILY             0.002       0.012      0.435      -0.022       0.025

 S4 | WB ON
    WEAK_TIES         -0.081       0.014      0.000      -0.110      -0.054      *

 S5 | WB ON
    CXF                0.002       0.010      0.406      -0.017       0.022

 S6 | WB ON
    CXW                0.021       0.012      0.038      -0.003       0.047

 S7 | WB ON
    MXF                0.004       0.008      0.314      -0.012       0.019

 S8 | WB ON
    MXW                0.004       0.010      0.359      -0.019       0.021

 WB         ON
    WEEKEND            0.088       0.013      0.000       0.063       0.113      *

 Residual Variances
    WB                 0.863       0.009      0.000       0.846       0.880      *

Between Level

 S1         ON
    A                 -0.027       0.075      0.362      -0.175       0.122

 S2         ON
    A                  0.033       0.104      0.375      -0.166       0.240

 S3         ON
    A                 -0.017       0.105      0.436      -0.219       0.189

 S4         ON
    A                  0.150       0.094      0.053      -0.036       0.340

 S5         ON
    A                 -0.037       0.095      0.353      -0.230       0.147

 S6         ON
    A                  0.199       0.131      0.058      -0.053       0.461

 S7         ON
    A                 -0.207       0.137      0.063      -0.482       0.051

 S8         ON
    A                  0.087       0.112      0.219      -0.132       0.307

 WB         ON
    A                  0.136       0.040      0.000       0.056       0.216      *
    GENDER            -0.058       0.040      0.076      -0.135       0.021
    ETHNICITY         -0.081       0.042      0.030      -0.158       0.004
    SES               -0.058       0.043      0.092      -0.139       0.027

 WB       WITH
    S1                 0.284       0.114      0.009       0.051       0.497      *
    S2                 0.221       0.170      0.111      -0.122       0.533
    S3                -0.069       0.155      0.329      -0.372       0.231
    S4                -0.271       0.133      0.025      -0.524       0.001
    S5                -0.169       0.145      0.128      -0.444       0.126
    S6                -0.229       0.204      0.143      -0.585       0.214
    S7                 0.067       0.231      0.385      -0.360       0.533
    S8                 0.014       0.188      0.469      -0.367       0.360

 S1       WITH
    S2                 0.671       0.135      0.000       0.342       0.870      *
    S3                -0.159       0.226      0.244      -0.596       0.284
    S4                 0.104       0.205      0.309      -0.328       0.471
    S5                 0.124       0.210      0.284      -0.326       0.493
    S6                -0.219       0.270      0.224      -0.706       0.334
    S7                -0.046       0.299      0.450      -0.564       0.565
    S8                -0.413       0.222      0.056      -0.748       0.098

 S2       WITH
    S3                -0.304       0.271      0.150      -0.797       0.255
    S4                 0.106       0.287      0.345      -0.402       0.688
    S5                 0.066       0.264      0.405      -0.414       0.606
    S6                -0.234       0.310      0.236      -0.713       0.499
    S7                -0.107       0.324      0.382      -0.672       0.543
    S8                -0.394       0.226      0.062      -0.757       0.112

 S3       WITH
    S4                 0.137       0.241      0.298      -0.322       0.588
    S5                -0.152       0.231      0.257      -0.598       0.309
    S6                 0.078       0.275      0.391      -0.466       0.584
    S7                 0.098       0.306      0.389      -0.547       0.607
    S8                 0.216       0.278      0.244      -0.340       0.697

 S4       WITH
    S5                 0.200       0.241      0.227      -0.297       0.617
    S6                 0.272       0.244      0.152      -0.225       0.710
    S7                -0.012       0.261      0.483      -0.482       0.512
    S8                 0.203       0.234      0.204      -0.272       0.611

 S5       WITH
    S6                 0.362       0.268      0.129      -0.270       0.752
    S7                -0.009       0.306      0.490      -0.586       0.572
    S8                -0.158       0.272      0.284      -0.657       0.402

 S6       WITH
    S7                 0.069       0.297      0.414      -0.549       0.576
    S8                 0.151       0.263      0.290      -0.362       0.648

 S7       WITH
    S8                -0.048       0.288      0.439      -0.587       0.513

 Intercepts
    WB                 7.639       0.400      0.000       6.854       8.425      *
    S1                -1.024       0.161      0.000      -1.380      -0.751      *
    S2                -0.351       0.163      0.010      -0.701      -0.053      *
    S3                 0.042       0.149      0.383      -0.247       0.337
    S4                -0.619       0.163      0.000      -0.976      -0.340      *
    S5                 0.007       0.140      0.481      -0.265       0.291
    S6                 0.312       0.210      0.042      -0.047       0.793
    S7                 0.136       0.202      0.238      -0.274       0.529
    S8                 0.047       0.163      0.384      -0.275       0.370

 Residual Variances
    WB                 0.963       0.016      0.000       0.927       0.987      *
    S1                 0.997       0.009      0.000       0.968       1.000      *
    S2                 0.995       0.017      0.000       0.938       1.000      *
    S3                 0.995       0.016      0.000       0.943       1.000      *
    S4                 0.978       0.032      0.000       0.884       1.000      *
    S5                 0.995       0.015      0.000       0.946       1.000      *
    S6                 0.960       0.058      0.000       0.787       1.000      *
    S7                 0.957       0.064      0.000       0.768       1.000      *
    S8                 0.990       0.027      0.000       0.906       1.000      *


STDY Standardization

                                Posterior  One-Tailed         95% C.I.
                    Estimate       S.D.      P-Value   Lower 2.5%  Upper 2.5%  Significance

Within-Level Standardized Estimates Averaged Over Clusters

 S1 | WB ON
    CMC               -0.440       0.038      0.000      -0.514      -0.364      *

 S2 | WB ON
    MIXED             -0.140       0.053      0.006      -0.239      -0.032      *

 S3 | WB ON
    FAMILY             0.003       0.063      0.479      -0.132       0.134

 S4 | WB ON
    WEAK_TIES         -0.281       0.051      0.000      -0.385      -0.183      *

 S5 | WB ON
    CXF                0.013       0.143      0.463      -0.271       0.305

 S6 | WB ON
    CXW                0.199       0.123      0.046      -0.040       0.458

 S7 | WB ON
    MXF                0.060       0.250      0.403      -0.454       0.550

 S8 | WB ON
    MXW                0.064       0.194      0.370      -0.370       0.414

 WB         ON
    WEEKEND            0.212       0.031      0.000       0.153       0.274      *

 Residual Variances
    WB                 0.863       0.009      0.000       0.846       0.880      *

Between Level

 S1         ON
    A                 -0.063       0.178      0.362      -0.416       0.289

 S2         ON
    A                  0.077       0.248      0.375      -0.393       0.570

 S3         ON
    A                 -0.041       0.249      0.436      -0.520       0.448

 S4         ON
    A                  0.356       0.223      0.053      -0.086       0.807

 S5         ON
    A                 -0.087       0.226      0.353      -0.545       0.350

 S6         ON
    A                  0.473       0.310      0.058      -0.127       1.094

 S7         ON
    A                 -0.491       0.326      0.063      -1.145       0.121

 S8         ON
    A                  0.206       0.267      0.219      -0.314       0.728

 WB         ON
    A                  0.322       0.096      0.000       0.134       0.512      *
    GENDER            -0.177       0.123      0.076      -0.414       0.064
    ETHNICITY         -0.240       0.124      0.030      -0.469       0.012
    SES               -0.236       0.173      0.092      -0.566       0.110

 WB       WITH
    S1                 0.284       0.114      0.009       0.051       0.497      *
    S2                 0.221       0.170      0.111      -0.122       0.533
    S3                -0.069       0.155      0.329      -0.372       0.231
    S4                -0.271       0.133      0.025      -0.524       0.001
    S5                -0.169       0.145      0.128      -0.444       0.126
    S6                -0.229       0.204      0.143      -0.585       0.214
    S7                 0.067       0.231      0.385      -0.360       0.533
    S8                 0.014       0.188      0.469      -0.367       0.360

 S1       WITH
    S2                 0.671       0.135      0.000       0.342       0.870      *
    S3                -0.159       0.226      0.244      -0.596       0.284
    S4                 0.104       0.205      0.309      -0.328       0.471
    S5                 0.124       0.210      0.284      -0.326       0.493
    S6                -0.219       0.270      0.224      -0.706       0.334
    S7                -0.046       0.299      0.450      -0.564       0.565
    S8                -0.413       0.222      0.056      -0.748       0.098

 S2       WITH
    S3                -0.304       0.271      0.150      -0.797       0.255
    S4                 0.106       0.287      0.345      -0.402       0.688
    S5                 0.066       0.264      0.405      -0.414       0.606
    S6                -0.234       0.310      0.236      -0.713       0.499
    S7                -0.107       0.324      0.382      -0.672       0.543
    S8                -0.394       0.226      0.062      -0.757       0.112

 S3       WITH
    S4                 0.137       0.241      0.298      -0.322       0.588
    S5                -0.152       0.231      0.257      -0.598       0.309
    S6                 0.078       0.275      0.391      -0.466       0.584
    S7                 0.098       0.306      0.389      -0.547       0.607
    S8                 0.216       0.278      0.244      -0.340       0.697

 S4       WITH
    S5                 0.200       0.241      0.227      -0.297       0.617
    S6                 0.272       0.244      0.152      -0.225       0.710
    S7                -0.012       0.261      0.483      -0.482       0.512
    S8                 0.203       0.234      0.204      -0.272       0.611

 S5       WITH
    S6                 0.362       0.268      0.129      -0.270       0.752
    S7                -0.009       0.306      0.490      -0.586       0.572
    S8                -0.158       0.272      0.284      -0.657       0.402

 S6       WITH
    S7                 0.069       0.297      0.414      -0.549       0.576
    S8                 0.151       0.263      0.290      -0.362       0.648

 S7       WITH
    S8                -0.048       0.288      0.439      -0.587       0.513

 Intercepts
    WB                 7.639       0.400      0.000       6.854       8.425      *
    S1                -1.024       0.161      0.000      -1.380      -0.751      *
    S2                -0.351       0.163      0.010      -0.701      -0.053      *
    S3                 0.042       0.149      0.383      -0.247       0.337
    S4                -0.619       0.163      0.000      -0.976      -0.340      *
    S5                 0.007       0.140      0.481      -0.265       0.291
    S6                 0.312       0.210      0.042      -0.047       0.793
    S7                 0.136       0.202      0.238      -0.274       0.529
    S8                 0.047       0.163      0.384      -0.275       0.370

 Residual Variances
    WB                 0.963       0.016      0.000       0.927       0.987      *
    S1                 0.997       0.009      0.000       0.968       1.000      *
    S2                 0.995       0.017      0.000       0.938       1.000      *
    S3                 0.995       0.016      0.000       0.943       1.000      *
    S4                 0.978       0.032      0.000       0.884       1.000      *
    S5                 0.995       0.015      0.000       0.946       1.000      *
    S6                 0.960       0.058      0.000       0.787       1.000      *
    S7                 0.957       0.064      0.000       0.768       1.000      *
    S8                 0.990       0.027      0.000       0.906       1.000      *


R-SQUARE

Within-Level R-Square Averaged Across Clusters

                                Posterior  One-Tailed         95% C.I.
    Variable        Estimate       S.D.      P-Value   Lower 2.5%  Upper 2.5%

    WB                 0.137       0.009      0.000       0.120       0.154

Between Level

                                Posterior  One-Tailed         95% C.I.
    Variable        Estimate       S.D.      P-Value   Lower 2.5%  Upper 2.5%

    WB                 0.037       0.016      0.000       0.013       0.073

                                Posterior  One-Tailed         95% C.I.
    Variable        Estimate       S.D.      P-Value   Lower 2.5%  Upper 2.5%

    S1                 0.003       0.009      0.000       0.000       0.032
    S2                 0.005       0.017      0.000       0.000       0.062
    S3                 0.005       0.016      0.000       0.000       0.057
    S4                 0.022       0.032      0.000       0.000       0.116
    S5                 0.005       0.015      0.000       0.000       0.054
    S6                 0.040       0.058      0.000       0.000       0.212
    S7                 0.043       0.064      0.000       0.000       0.232
    S8                 0.010       0.027      0.000       0.000       0.094


TECHNICAL 1 OUTPUT


     PARAMETER SPECIFICATION FOR WITHIN


           NU
              WB            CMC           MIXED         FAMILY        WEAK_TIE
              ________      ________      ________      ________      ________
                    0             0             0             0             0


           NU
              WEEKEND       CXF           CXW           MXF           MXW
              ________      ________      ________      ________      ________
                    0             0             0             0             0


           LAMBDA
              WB            CMC           MIXED         FAMILY        WEAK_TIE
              ________      ________      ________      ________      ________
 WB                 0             0             0             0             0
 CMC                0             0             0             0             0
 MIXED              0             0             0             0             0
 FAMILY             0             0             0             0             0
 WEAK_TIE           0             0             0             0             0
 WEEKEND            0             0             0             0             0
 CXF                0             0             0             0             0
 CXW                0             0             0             0             0
 MXF                0             0             0             0             0
 MXW                0             0             0             0             0


           LAMBDA
              WEEKEND       CXF           CXW           MXF           MXW
              ________      ________      ________      ________      ________
 WB                 0             0             0             0             0
 CMC                0             0             0             0             0
 MIXED              0             0             0             0             0
 FAMILY             0             0             0             0             0
 WEAK_TIE           0             0             0             0             0
 WEEKEND            0             0             0             0             0
 CXF                0             0             0             0             0
 CXW                0             0             0             0             0
 MXF                0             0             0             0             0
 MXW                0             0             0             0             0


           THETA
              WB            CMC           MIXED         FAMILY        WEAK_TIE
              ________      ________      ________      ________      ________
 WB                 0
 CMC                0             0
 MIXED              0             0             0
 FAMILY             0             0             0             0
 WEAK_TIE           0             0             0             0             0
 WEEKEND            0             0             0             0             0
 CXF                0             0             0             0             0
 CXW                0             0             0             0             0
 MXF                0             0             0             0             0
 MXW                0             0             0             0             0


           THETA
              WEEKEND       CXF           CXW           MXF           MXW
              ________      ________      ________      ________      ________
 WEEKEND            0
 CXF                0             0
 CXW                0             0             0
 MXF                0             0             0             0
 MXW                0             0             0             0             0


           ALPHA
              WB            CMC           MIXED         FAMILY        WEAK_TIE
              ________      ________      ________      ________      ________
                    0             0             0             0             0


           ALPHA
              WEEKEND       CXF           CXW           MXF           MXW
              ________      ________      ________      ________      ________
                    0             0             0             0             0


           BETA
              WB            CMC           MIXED         FAMILY        WEAK_TIE
              ________      ________      ________      ________      ________
 WB                 0             0             0             0             0
 CMC                0             0             0             0             0
 MIXED              0             0             0             0             0
 FAMILY             0             0             0             0             0
 WEAK_TIE           0             0             0             0             0
 WEEKEND            0             0             0             0             0
 CXF                0             0             0             0             0
 CXW                0             0             0             0             0
 MXF                0             0             0             0             0
 MXW                0             0             0             0             0


           BETA
              WEEKEND       CXF           CXW           MXF           MXW
              ________      ________      ________      ________      ________
 WB                 1             0             0             0             0
 CMC                0             0             0             0             0
 MIXED              0             0             0             0             0
 FAMILY             0             0             0             0             0
 WEAK_TIE           0             0             0             0             0
 WEEKEND            0             0             0             0             0
 CXF                0             0             0             0             0
 CXW                0             0             0             0             0
 MXF                0             0             0             0             0
 MXW                0             0             0             0             0


           PSI
              WB            CMC           MIXED         FAMILY        WEAK_TIE
              ________      ________      ________      ________      ________
 WB                 2
 CMC                0             0
 MIXED              0             0             0
 FAMILY             0             0             0             0
 WEAK_TIE           0             0             0             0             0
 WEEKEND            0             0             0             0             0
 CXF                0             0             0             0             0
 CXW                0             0             0             0             0
 MXF                0             0             0             0             0
 MXW                0             0             0             0             0


           PSI
              WEEKEND       CXF           CXW           MXF           MXW
              ________      ________      ________      ________      ________
 WEEKEND            0
 CXF                0             0
 CXW                0             0             0
 MXF                0             0             0             0
 MXW                0             0             0             0             0


     PARAMETER SPECIFICATION FOR BETWEEN


           NU
              WB            A             GENDER        ETHNICIT      SES
              ________      ________      ________      ________      ________
                    0             0             0             0             0


           LAMBDA
              S1            S2            S3            S4            S5
              ________      ________      ________      ________      ________
 WB                 0             0             0             0             0
 A                  0             0             0             0             0
 GENDER             0             0             0             0             0
 ETHNICIT           0             0             0             0             0
 SES                0             0             0             0             0


           LAMBDA
              S6            S7            S8            WB            A
              ________      ________      ________      ________      ________
 WB                 0             0             0             0             0
 A                  0             0             0             0             0
 GENDER             0             0             0             0             0
 ETHNICIT           0             0             0             0             0
 SES                0             0             0             0             0


           LAMBDA
              GENDER        ETHNICIT      SES
              ________      ________      ________
 WB                 0             0             0
 A                  0             0             0
 GENDER             0             0             0
 ETHNICIT           0             0             0
 SES                0             0             0


           THETA
              WB            A             GENDER        ETHNICIT      SES
              ________      ________      ________      ________      ________
 WB                 0
 A                  0             0
 GENDER             0             0             0
 ETHNICIT           0             0             0             0
 SES                0             0             0             0             0


           ALPHA
              S1            S2            S3            S4            S5
              ________      ________      ________      ________      ________
                    3             4             5             6             7


           ALPHA
              S6            S7            S8            WB            A
              ________      ________      ________      ________      ________
                    8             9            10            11             0


           ALPHA
              GENDER        ETHNICIT      SES
              ________      ________      ________
                    0             0             0


           BETA
              S1            S2            S3            S4            S5
              ________      ________      ________      ________      ________
 S1                 0             0             0             0             0
 S2                 0             0             0             0             0
 S3                 0             0             0             0             0
 S4                 0             0             0             0             0
 S5                 0             0             0             0             0
 S6                 0             0             0             0             0
 S7                 0             0             0             0             0
 S8                 0             0             0             0             0
 WB                 0             0             0             0             0
 A                  0             0             0             0             0
 GENDER             0             0             0             0             0
 ETHNICIT           0             0             0             0             0
 SES                0             0             0             0             0


           BETA
              S6            S7            S8            WB            A
              ________      ________      ________      ________      ________
 S1                 0             0             0             0            12
 S2                 0             0             0             0            13
 S3                 0             0             0             0            14
 S4                 0             0             0             0            15
 S5                 0             0             0             0            16
 S6                 0             0             0             0            17
 S7                 0             0             0             0            18
 S8                 0             0             0             0            19
 WB                 0             0             0             0            20
 A                  0             0             0             0             0
 GENDER             0             0             0             0             0
 ETHNICIT           0             0             0             0             0
 SES                0             0             0             0             0


           BETA
              GENDER        ETHNICIT      SES
              ________      ________      ________
 S1                 0             0             0
 S2                 0             0             0
 S3                 0             0             0
 S4                 0             0             0
 S5                 0             0             0
 S6                 0             0             0
 S7                 0             0             0
 S8                 0             0             0
 WB                21            22            23
 A                  0             0             0
 GENDER             0             0             0
 ETHNICIT           0             0             0
 SES                0             0             0


           PSI
              S1            S2            S3            S4            S5
              ________      ________      ________      ________      ________
 S1                24
 S2                25            26
 S3                27            28            29
 S4                30            31            32            33
 S5                34            35            36            37            38
 S6                39            40            41            42            43
 S7                45            46            47            48            49
 S8                52            53            54            55            56
 WB                60            61            62            63            64
 A                  0             0             0             0             0
 GENDER             0             0             0             0             0
 ETHNICIT           0             0             0             0             0
 SES                0             0             0             0             0


           PSI
              S6            S7            S8            WB            A
              ________      ________      ________      ________      ________
 S6                44
 S7                50            51
 S8                57            58            59
 WB                65            66            67            68
 A                  0             0             0             0             0
 GENDER             0             0             0             0             0
 ETHNICIT           0             0             0             0             0
 SES                0             0             0             0             0


           PSI
              GENDER        ETHNICIT      SES
              ________      ________      ________
 GENDER             0
 ETHNICIT           0             0
 SES                0             0             0


     STARTING VALUES FOR WITHIN


           NU
              WB            CMC           MIXED         FAMILY        WEAK_TIE
              ________      ________      ________      ________      ________
                0.000         0.000         0.000         0.000         0.000


           NU
              WEEKEND       CXF           CXW           MXF           MXW
              ________      ________      ________      ________      ________
                0.000         0.000         0.000         0.000         0.000


           LAMBDA
              WB            CMC           MIXED         FAMILY        WEAK_TIE
              ________      ________      ________      ________      ________
 WB             1.000         0.000         0.000         0.000         0.000
 CMC            0.000         1.000         0.000         0.000         0.000
 MIXED          0.000         0.000         1.000         0.000         0.000
 FAMILY         0.000         0.000         0.000         1.000         0.000
 WEAK_TIE       0.000         0.000         0.000         0.000         1.000
 WEEKEND        0.000         0.000         0.000         0.000         0.000
 CXF            0.000         0.000         0.000         0.000         0.000
 CXW            0.000         0.000         0.000         0.000         0.000
 MXF            0.000         0.000         0.000         0.000         0.000
 MXW            0.000         0.000         0.000         0.000         0.000


           LAMBDA
              WEEKEND       CXF           CXW           MXF           MXW
              ________      ________      ________      ________      ________
 WB             0.000         0.000         0.000         0.000         0.000
 CMC            0.000         0.000         0.000         0.000         0.000
 MIXED          0.000         0.000         0.000         0.000         0.000
 FAMILY         0.000         0.000         0.000         0.000         0.000
 WEAK_TIE       0.000         0.000         0.000         0.000         0.000
 WEEKEND        1.000         0.000         0.000         0.000         0.000
 CXF            0.000         1.000         0.000         0.000         0.000
 CXW            0.000         0.000         1.000         0.000         0.000
 MXF            0.000         0.000         0.000         1.000         0.000
 MXW            0.000         0.000         0.000         0.000         1.000


           THETA
              WB            CMC           MIXED         FAMILY        WEAK_TIE
              ________      ________      ________      ________      ________
 WB             0.000
 CMC            0.000         0.000
 MIXED          0.000         0.000         0.000
 FAMILY         0.000         0.000         0.000         0.000
 WEAK_TIE       0.000         0.000         0.000         0.000         0.000
 WEEKEND        0.000         0.000         0.000         0.000         0.000
 CXF            0.000         0.000         0.000         0.000         0.000
 CXW            0.000         0.000         0.000         0.000         0.000
 MXF            0.000         0.000         0.000         0.000         0.000
 MXW            0.000         0.000         0.000         0.000         0.000


           THETA
              WEEKEND       CXF           CXW           MXF           MXW
              ________      ________      ________      ________      ________
 WEEKEND        0.000
 CXF            0.000         0.000
 CXW            0.000         0.000         0.000
 MXF            0.000         0.000         0.000         0.000
 MXW            0.000         0.000         0.000         0.000         0.000


           ALPHA
              WB            CMC           MIXED         FAMILY        WEAK_TIE
              ________      ________      ________      ________      ________
                0.000         0.000         0.000         0.000         0.000


           ALPHA
              WEEKEND       CXF           CXW           MXF           MXW
              ________      ________      ________      ________      ________
                0.000         0.000         0.000         0.000         0.000


           BETA
              WB            CMC           MIXED         FAMILY        WEAK_TIE
              ________      ________      ________      ________      ________
 WB             0.000         0.000         0.000         0.000         0.000
 CMC            0.000         0.000         0.000         0.000         0.000
 MIXED          0.000         0.000         0.000         0.000         0.000
 FAMILY         0.000         0.000         0.000         0.000         0.000
 WEAK_TIE       0.000         0.000         0.000         0.000         0.000
 WEEKEND        0.000         0.000         0.000         0.000         0.000
 CXF            0.000         0.000         0.000         0.000         0.000
 CXW            0.000         0.000         0.000         0.000         0.000
 MXF            0.000         0.000         0.000         0.000         0.000
 MXW            0.000         0.000         0.000         0.000         0.000


           BETA
              WEEKEND       CXF           CXW           MXF           MXW
              ________      ________      ________      ________      ________
 WB             0.000         0.000         0.000         0.000         0.000
 CMC            0.000         0.000         0.000         0.000         0.000
 MIXED          0.000         0.000         0.000         0.000         0.000
 FAMILY         0.000         0.000         0.000         0.000         0.000
 WEAK_TIE       0.000         0.000         0.000         0.000         0.000
 WEEKEND        0.000         0.000         0.000         0.000         0.000
 CXF            0.000         0.000         0.000         0.000         0.000
 CXW            0.000         0.000         0.000         0.000         0.000
 MXF            0.000         0.000         0.000         0.000         0.000
 MXW            0.000         0.000         0.000         0.000         0.000


           PSI
              WB            CMC           MIXED         FAMILY        WEAK_TIE
              ________      ________      ________      ________      ________
 WB             0.219
 CMC            0.000         0.089
 MIXED          0.000         0.000         0.050
 FAMILY         0.000         0.000         0.000         0.043
 WEAK_TIE       0.000         0.000         0.000         0.000         0.060
 WEEKEND        0.000         0.000         0.000         0.000         0.000
 CXF            0.000         0.000         0.000         0.000         0.000
 CXW            0.000         0.000         0.000         0.000         0.000
 MXF            0.000         0.000         0.000         0.000         0.000
 MXW            0.000         0.000         0.000         0.000         0.000


           PSI
              WEEKEND       CXF           CXW           MXF           MXW
              ________      ________      ________      ________      ________
 WEEKEND        0.107
 CXF            0.000         0.009
 CXW            0.000         0.000         0.010
 MXF            0.000         0.000         0.000         0.003
 MXW            0.000         0.000         0.000         0.000         0.005


     STARTING VALUES FOR BETWEEN


           NU
              WB            A             GENDER        ETHNICIT      SES
              ________      ________      ________      ________      ________
                0.000         0.000         0.000         0.000         0.000


           LAMBDA
              S1            S2            S3            S4            S5
              ________      ________      ________      ________      ________
 WB             0.000         0.000         0.000         0.000         0.000
 A              0.000         0.000         0.000         0.000         0.000
 GENDER         0.000         0.000         0.000         0.000         0.000
 ETHNICIT       0.000         0.000         0.000         0.000         0.000
 SES            0.000         0.000         0.000         0.000         0.000


           LAMBDA
              S6            S7            S8            WB            A
              ________      ________      ________      ________      ________
 WB             0.000         0.000         0.000         1.000         0.000
 A              0.000         0.000         0.000         0.000         1.000
 GENDER         0.000         0.000         0.000         0.000         0.000
 ETHNICIT       0.000         0.000         0.000         0.000         0.000
 SES            0.000         0.000         0.000         0.000         0.000


           LAMBDA
              GENDER        ETHNICIT      SES
              ________      ________      ________
 WB             0.000         0.000         0.000
 A              0.000         0.000         0.000
 GENDER         1.000         0.000         0.000
 ETHNICIT       0.000         1.000         0.000
 SES            0.000         0.000         1.000


           THETA
              WB            A             GENDER        ETHNICIT      SES
              ________      ________      ________      ________      ________
 WB             0.000
 A              0.000         0.000
 GENDER         0.000         0.000         0.000
 ETHNICIT       0.000         0.000         0.000         0.000
 SES            0.000         0.000         0.000         0.000         0.000


           ALPHA
              S1            S2            S3            S4            S5
              ________      ________      ________      ________      ________
                0.000         0.000         0.000         0.000         0.000


           ALPHA
              S6            S7            S8            WB            A
              ________      ________      ________      ________      ________
                0.000         0.000         0.000         3.034         0.000


           ALPHA
              GENDER        ETHNICIT      SES
              ________      ________      ________
                0.000         0.000         0.000


           BETA
              S1            S2            S3            S4            S5
              ________      ________      ________      ________      ________
 S1             0.000         0.000         0.000         0.000         0.000
 S2             0.000         0.000         0.000         0.000         0.000
 S3             0.000         0.000         0.000         0.000         0.000
 S4             0.000         0.000         0.000         0.000         0.000
 S5             0.000         0.000         0.000         0.000         0.000
 S6             0.000         0.000         0.000         0.000         0.000
 S7             0.000         0.000         0.000         0.000         0.000
 S8             0.000         0.000         0.000         0.000         0.000
 WB             0.000         0.000         0.000         0.000         0.000
 A              0.000         0.000         0.000         0.000         0.000
 GENDER         0.000         0.000         0.000         0.000         0.000
 ETHNICIT       0.000         0.000         0.000         0.000         0.000
 SES            0.000         0.000         0.000         0.000         0.000


           BETA
              S6            S7            S8            WB            A
              ________      ________      ________      ________      ________
 S1             0.000         0.000         0.000         0.000         0.000
 S2             0.000         0.000         0.000         0.000         0.000
 S3             0.000         0.000         0.000         0.000         0.000
 S4             0.000         0.000         0.000         0.000         0.000
 S5             0.000         0.000         0.000         0.000         0.000
 S6             0.000         0.000         0.000         0.000         0.000
 S7             0.000         0.000         0.000         0.000         0.000
 S8             0.000         0.000         0.000         0.000         0.000
 WB             0.000         0.000         0.000         0.000         0.000
 A              0.000         0.000         0.000         0.000         0.000
 GENDER         0.000         0.000         0.000         0.000         0.000
 ETHNICIT       0.000         0.000         0.000         0.000         0.000
 SES            0.000         0.000         0.000         0.000         0.000


           BETA
              GENDER        ETHNICIT      SES
              ________      ________      ________
 S1             0.000         0.000         0.000
 S2             0.000         0.000         0.000
 S3             0.000         0.000         0.000
 S4             0.000         0.000         0.000
 S5             0.000         0.000         0.000
 S6             0.000         0.000         0.000
 S7             0.000         0.000         0.000
 S8             0.000         0.000         0.000
 WB             0.000         0.000         0.000
 A              0.000         0.000         0.000
 GENDER         0.000         0.000         0.000
 ETHNICIT       0.000         0.000         0.000
 SES            0.000         0.000         0.000


           PSI
              S1            S2            S3            S4            S5
              ________      ________      ________      ________      ________
 S1             1.000
 S2             0.000         1.000
 S3             0.000         0.000         1.000
 S4             0.000         0.000         0.000         1.000
 S5             0.000         0.000         0.000         0.000         1.000
 S6             0.000         0.000         0.000         0.000         0.000
 S7             0.000         0.000         0.000         0.000         0.000
 S8             0.000         0.000         0.000         0.000         0.000
 WB             0.000         0.000         0.000         0.000         0.000
 A              0.000         0.000         0.000         0.000         0.000
 GENDER         0.000         0.000         0.000         0.000         0.000
 ETHNICIT       0.000         0.000         0.000         0.000         0.000
 SES            0.000         0.000         0.000         0.000         0.000


           PSI
              S6            S7            S8            WB            A
              ________      ________      ________      ________      ________
 S6             1.000
 S7             0.000         1.000
 S8             0.000         0.000         1.000
 WB             0.000         0.000         0.000         0.219
 A              0.000         0.000         0.000         0.000         0.177
 GENDER         0.000         0.000         0.000         0.000         0.000
 ETHNICIT       0.000         0.000         0.000         0.000         0.000
 SES            0.000         0.000         0.000         0.000         0.000


           PSI
              GENDER        ETHNICIT      SES
              ________      ________      ________
 GENDER         0.106
 ETHNICIT       0.000         0.113
 SES            0.000         0.000         0.060



     PRIORS FOR ALL PARAMETERS            PRIOR MEAN      PRIOR VARIANCE     PRIOR STD. DEV.

     Parameter 1~N(0.000,infinity)           0.0000            infinity            infinity
     Parameter 2~IG(-1.000,0.000)          infinity            infinity            infinity
     Parameter 3~N(0.000,infinity)           0.0000            infinity            infinity
     Parameter 4~N(0.000,infinity)           0.0000            infinity            infinity
     Parameter 5~N(0.000,infinity)           0.0000            infinity            infinity
     Parameter 6~N(0.000,infinity)           0.0000            infinity            infinity
     Parameter 7~N(0.000,infinity)           0.0000            infinity            infinity
     Parameter 8~N(0.000,infinity)           0.0000            infinity            infinity
     Parameter 9~N(0.000,infinity)           0.0000            infinity            infinity
     Parameter 10~N(0.000,infinity)          0.0000            infinity            infinity
     Parameter 11~N(0.000,infinity)          0.0000            infinity            infinity
     Parameter 12~N(0.000,infinity)          0.0000            infinity            infinity
     Parameter 13~N(0.000,infinity)          0.0000            infinity            infinity
     Parameter 14~N(0.000,infinity)          0.0000            infinity            infinity
     Parameter 15~N(0.000,infinity)          0.0000            infinity            infinity
     Parameter 16~N(0.000,infinity)          0.0000            infinity            infinity
     Parameter 17~N(0.000,infinity)          0.0000            infinity            infinity
     Parameter 18~N(0.000,infinity)          0.0000            infinity            infinity
     Parameter 19~N(0.000,infinity)          0.0000            infinity            infinity
     Parameter 20~N(0.000,infinity)          0.0000            infinity            infinity
     Parameter 21~N(0.000,infinity)          0.0000            infinity            infinity
     Parameter 22~N(0.000,infinity)          0.0000            infinity            infinity
     Parameter 23~N(0.000,infinity)          0.0000            infinity            infinity
     Parameter 24~IW(0.000,-10)            infinity            infinity            infinity
     Parameter 25~IW(0.000,-10)            infinity            infinity            infinity
     Parameter 26~IW(0.000,-10)            infinity            infinity            infinity
     Parameter 27~IW(0.000,-10)            infinity            infinity            infinity
     Parameter 28~IW(0.000,-10)            infinity            infinity            infinity
     Parameter 29~IW(0.000,-10)            infinity            infinity            infinity
     Parameter 30~IW(0.000,-10)            infinity            infinity            infinity
     Parameter 31~IW(0.000,-10)            infinity            infinity            infinity
     Parameter 32~IW(0.000,-10)            infinity            infinity            infinity
     Parameter 33~IW(0.000,-10)            infinity            infinity            infinity
     Parameter 34~IW(0.000,-10)            infinity            infinity            infinity
     Parameter 35~IW(0.000,-10)            infinity            infinity            infinity
     Parameter 36~IW(0.000,-10)            infinity            infinity            infinity
     Parameter 37~IW(0.000,-10)            infinity            infinity            infinity
     Parameter 38~IW(0.000,-10)            infinity            infinity            infinity
     Parameter 39~IW(0.000,-10)            infinity            infinity            infinity
     Parameter 40~IW(0.000,-10)            infinity            infinity            infinity
     Parameter 41~IW(0.000,-10)            infinity            infinity            infinity
     Parameter 42~IW(0.000,-10)            infinity            infinity            infinity
     Parameter 43~IW(0.000,-10)            infinity            infinity            infinity
     Parameter 44~IW(0.000,-10)            infinity            infinity            infinity
     Parameter 45~IW(0.000,-10)            infinity            infinity            infinity
     Parameter 46~IW(0.000,-10)            infinity            infinity            infinity
     Parameter 47~IW(0.000,-10)            infinity            infinity            infinity
     Parameter 48~IW(0.000,-10)            infinity            infinity            infinity
     Parameter 49~IW(0.000,-10)            infinity            infinity            infinity
     Parameter 50~IW(0.000,-10)            infinity            infinity            infinity
     Parameter 51~IW(0.000,-10)            infinity            infinity            infinity
     Parameter 52~IW(0.000,-10)            infinity            infinity            infinity
     Parameter 53~IW(0.000,-10)            infinity            infinity            infinity
     Parameter 54~IW(0.000,-10)            infinity            infinity            infinity
     Parameter 55~IW(0.000,-10)            infinity            infinity            infinity
     Parameter 56~IW(0.000,-10)            infinity            infinity            infinity
     Parameter 57~IW(0.000,-10)            infinity            infinity            infinity
     Parameter 58~IW(0.000,-10)            infinity            infinity            infinity
     Parameter 59~IW(0.000,-10)            infinity            infinity            infinity
     Parameter 60~IW(0.000,-10)            infinity            infinity            infinity
     Parameter 61~IW(0.000,-10)            infinity            infinity            infinity
     Parameter 62~IW(0.000,-10)            infinity            infinity            infinity
     Parameter 63~IW(0.000,-10)            infinity            infinity            infinity
     Parameter 64~IW(0.000,-10)            infinity            infinity            infinity
     Parameter 65~IW(0.000,-10)            infinity            infinity            infinity
     Parameter 66~IW(0.000,-10)            infinity            infinity            infinity
     Parameter 67~IW(0.000,-10)            infinity            infinity            infinity
     Parameter 68~IW(0.000,-10)            infinity            infinity            infinity


TECHNICAL 8 OUTPUT


   TECHNICAL 8 OUTPUT FOR BAYES ESTIMATION

     CHAIN    BSEED
     1        0
     2        285380

                     POTENTIAL       PARAMETER WITH
     ITERATION    SCALE REDUCTION      HIGHEST PSR
     100              2.586               44
     200              2.592               44
     300              2.446               48
     400              2.029               49
     500              1.837               42
     600              2.042               53
     700              1.872               53
     800              1.495               53
     900              1.452               42
     1000             1.429               42
     1100             1.387               46
     1200             1.392               44
     1300             1.370               55
     1400             1.352               44
     1500             1.428               44
     1600             1.540               44
     1700             1.499               44
     1800             1.330               44
     1900             1.249               44
     2000             1.290               14
     2100             1.260               48
     2200             1.194               48
     2300             1.151               48
     2400             1.228               40
     2500             1.198               40
     2600             1.176               40
     2700             1.145               28
     2800             1.162               40
     2900             1.187               49
     3000             1.178               49
     3100             1.158               40
     3200             1.153               40
     3300             1.137               40
     3400             1.102               37
     3500             1.111               37
     3600             1.119               37
     3700             1.118               37
     3800             1.156               37
     3900             1.194               37
     4000             1.237               37
     4100             1.259               37
     4200             1.248               37
     4300             1.248               37
     4400             1.222               37
     4500             1.211               37
     4600             1.181               37
     4700             1.137               37
     4800             1.102               16
     4900             1.124               16
     5000             1.132               16
     5100             1.135               16
     5200             1.127               16
     5300             1.119               37
     5400             1.121               37
     5500             1.122               37
     5600             1.117               37
     5700             1.118               61
     5800             1.123               61
     5900             1.123               61
     6000             1.125               61
     6100             1.147               49
     6200             1.140               49
     6300             1.148               49
     6400             1.149               49
     6500             1.143               49
     6600             1.161               40
     6700             1.190               40
     6800             1.214               40
     6900             1.233               40
     7000             1.286               40
     7100             1.329               40
     7200             1.327               40
     7300             1.283               40
     7400             1.255               40
     7500             1.224               40
     7600             1.213               40
     7700             1.202               40
     7800             1.198               40
     7900             1.196               40
     8000             1.174               31
     8100             1.183               31
     8200             1.184               31
     8300             1.189               31
     8400             1.191               31
     8500             1.210               31
     8600             1.201               31
     8700             1.191               31
     8800             1.182               31
     8900             1.179               31
     9000             1.185               31
     9100             1.172               31
     9200             1.160               31
     9300             1.148               40
     9400             1.150               40
     9500             1.139               40
     9600             1.136               40
     9700             1.132               40
     9800             1.121               40
     9900             1.117               40
     10000            1.111               40
     10100            1.105               40
     10200            1.088               40


     Beginning Time:  13:23:38
        Ending Time:  13:29:59
       Elapsed Time:  00:06:21



MUTHEN & MUTHEN
3463 Stoner Ave.
Los Angeles, CA  90066

Tel: (310) 391-9971
Fax: (310) 391-8971
Web: www.StatModel.com
Support: Support@StatModel.com

Copyright (c) 1998-2020 Muthen & Muthen
