Mplus VERSION 8.5 (Mac)
MUTHEN & MUTHEN
03/18/2022   1:49 PM

INPUT INSTRUCTIONS

  TITLE: Analysis 5
  DATA: FILE = analysis4+5_S3.dat;
  VARIABLE:
  NAMES = ID AB angry worried happy sad WB stressed lonely
  FTF CMC mixed peers family weak_ties
  E A C N O gender ethnicity SES weekend;
  USEVARIABLES = AB
  CMC mixed family weak_ties
  weekend gender ethnicity SES
  cxf cxw mxf mxw;
  CLUSTER = ID;
  WITHIN = CMC mixed family weak_ties weekend
  cxf cxw mxf mxw;
  BETWEEN = gender ethnicity SES;
  MISSING = .;
  DEFINE:
  CENTER CMC (GROUPMEAN);
  CENTER mixed (GROUPMEAN);
  CENTER family (GROUPMEAN);
  CENTER weak_ties (GROUPMEAN);
  cxf=CMC*family;
  cxw=CMC*weak_ties;
  mxf=mixed*family;
  mxw=mixed*weak_ties;
  ANALYSIS: TYPE = TWOLEVEL RANDOM; ESTIMATOR = BAYES;
  BITERATIONS = (10000); PROCESSORS = 2;
  MODEL:
  %WITHIN%
  ! Affect balance is predicted by CMC, the slope is random
  S1 | AB ON CMC;
  ! Affect balance is predicted by mixed episodes, the slope is random
  S2 | AB ON mixed;
  ! Affect balance is predicted by family, the slope is random
  S3 | AB ON family;
  ! Affect balance is predicted by weak ties, the slope is random
  S4 | AB ON weak_ties;
  ! Affect balance is predicted by CMC*family, the slope is random
  S5 | AB ON cxf;
  ! Affect balance is predicted by CMC*weak ties, the slope is random
  S6 | AB ON cxw;
  ! Affect balance is predicted by mixed*family, the slope is random
  S7 | AB ON mxf;
  ! Affect balance is predicted by mixed*weak ties, the slope is random
  S8 | AB ON mxw;
  ! Control for weekend
  AB ON weekend;
  %BETWEEN%
  ! Covariance between intercept and slopes
  AB S1-S8 WITH AB S1-S8;
  ! Control for demographic variables
  AB ON gender ethnicity SES;
  OUTPUT: STDYX STDY TECH8;



*** WARNING in VARIABLE command
  Note that only the first 8 characters of variable names are used in the output.
  Shorten variable names to avoid any confusion.
*** WARNING
  One or more individual-level variables have no variation within a
  cluster for the following clusters.

     Variable   Cluster IDs with no within-cluster variation

      AB          593 156 806 502 76
      WEEKEND     404 593 271 649 806 816 342 550 224 49 396 57 741 485 845 598 93 131 666 867
                  851 556 844 26 349 309 527 680 685 881 144 284 69 734 265 723 882
      CXF         45 404 544 562 593 4 271 649 298 156 806 816 342 550 29 352 376 396 57 741 742
                  790 485 845 545 369 598 93 11 666 867 44 502 610 139 5 851 58 35 79 482 61 700
                  206 173 844 378 82 725 309 76 575 778 527 413 473 856 280 169 119 203 802 820
                  178 533 701 857 629 105 214 21 663 822 136 846 144 185 770 683 555 116 804 509
                  630 887 290 537 69 766 135 650 55 269 67 488 723 199 722 322 885 182 183 339
                  361 420 609 333 336 564 80 230 883 205 547 237 321 112 752 753 865 678 673 751
                  721 456 717 669 252 19 831 834 236 253 707 870 381 94 486 334 617 672 25 246
                  372 171 351 581 758 282 48 81 110 323 426 295 233 815 344 179 699 278 531 671
                  512 90 554 495 517 647 235 31 223 792 793 524 168 146 504 41 259 854 261 382
                  430 291 3 490 391 653 54 631 583 745 635 297 117 400 823 468 830 632 267 808
                  37 439 691 582 257 367 143 661 218 570 248 114 399 197 128 142 643 375 389 640
                  561 355 853 324 657 782 521 840 603 103 627 283 313 443 674 186 711 40
      CXW         45 404 544 562 593 4 271 649 298 156 806 816 342 550 29 352 396 57 741 742 790
                  845 545 369 598 93 11 666 667 867 44 502 610 851 58 600 35 482 61 700 302 880
                  206 173 844 378 238 82 725 309 76 316 575 592 778 527 413 422 825 615 473 856
                  203 406 802 680 685 178 533 847 857 395 663 807 91 822 846 185 499 522 683 116
                  804 509 630 152 887 506 290 766 135 55 734 269 350 488 199 452 797 221 684 885
                  703 585 207 183 339 656 24 333 336 230 108 547 321 753 865 225 595 678 673 751
                  620 456 717 252 834 501 266 612 253 870 381 94 486 99 340 835 68 617 210 6 372
                  171 335 176 581 306 758 599 282 359 695 702 81 110 233 815 344 427 278 287 531
                  512 789 239 398 554 549 235 664 223 157 792 524 788 228 259 854 3 490 798 686
                  391 54 631 805 392 635 400 289 829 823 468 632 457 860 101 448 267 37 712 143
                  248 114 154 399 128 783 102 637 142 165 137 643 375 645 774 464 355 324 568
                  500 840 603 103 98 212 803 786 534 824 40
      MXF         45 404 544 562 593 4 271 649 298 156 806 816 342 550 224 29 352 376 49 396 57
                  741 742 790 485 303 845 545 369 598 93 131 11 666 667 867 44 502 610 459 22
                  139 532 636 5 851 106 58 571 600 35 79 556 482 61 696 700 302 880 405 206 173
                  844 634 26 378 170 238 349 363 82 725 76 316 575 592 527 413 813 825 162 615
                  473 856 118 280 169 119 203 164 406 796 802 578 222 820 685 178 533 847 701
                  395 234 480 881 888 629 105 20 214 21 663 9 91 822 431 839 136 846 144 185 728
                  284 189 202 770 195 268 390 683 555 116 804 509 358 152 887 59 95 573 506 310
                  442 326 537 69 618 341 552 750 766 135 650 122 55 543 269 505 602 508 768 611
                  510 67 488 723 199 452 814 705 722 797 229 642 525 408 605 221 322 885 692 177
                  589 182 183 339 536 361 420 609 97 772 333 784 882 564 624 38 80 230 659 209
                  201 36 587 108 83 249 293 254 594 883 258 469 346 572 205 606 547 440 237 263
                  321 566 781 112 821 752 753 865 180 14 428 373 733 673 262 441 751 760 721 456
                  771 18 410 717 343 669 862 252 304 872 616 773 19 831 834 163 92 584 612 236
                  253 707 870 716 381 94 486 451 340 334 651 68 617 337 366 672 25 246 744 372
                  715 50 332 538 351 507 581 132 133 65 868 810 874 758 158 371 599 429 421 282
                  869 270 48 193 548 702 81 243 668 110 323 426 559 295 233 153 815 720 124 147
                  344 850 179 699 148 531 671 90 111 726 682 419 713 445 47 491 554 535 878 495
                  517 385 120 837 658 647 235 31 223 638 12 793 204 401 168 28 146 123 576 434
                  504 41 232 601 780 854 261 382 759 430 866 291 3 795 490 563 391 653 54 631
                  583 447 275 687 745 635 297 117 677 622 43 417 400 289 449 614 357 823 407 468
                  830 632 808 37 439 557 362 691 884 582 384 220 623 257 367 245 143 360 648 661
                  218 570 248 197 128 836 637 142 454 165 794 643 375 389 640 561 355 853 324
                  657 782 521 840 603 151 627 283 313 443 674 186 320 801 764 711 40
      MXW         45 404 544 562 593 4 271 649 298 156 806 816 342 550 224 29 352 49 396 57 741
                  742 790 485 303 845 545 369 598 93 131 11 667 867 44 502 610 459 22 139 532
                  636 851 106 58 571 600 35 556 482 61 696 700 302 880 405 206 173 844 634 26
                  170 238 349 363 82 725 309 316 575 592 778 527 413 813 422 825 162 615 473 856
                  118 280 119 203 164 406 796 802 578 222 680 685 178 533 847 395 234 480 881
                  888 629 20 21 663 807 9 91 822 431 839 846 185 728 284 499 189 522 202 770 195
                  268 390 683 116 804 509 630 358 152 887 59 95 573 506 310 290 442 326 618 341
                  552 750 766 135 650 122 55 734 543 269 505 602 508 768 611 350 510 488 199 452
                  814 705 797 229 642 525 408 605 221 322 684 885 692 703 177 589 585 207 182
                  183 339 536 656 24 609 97 772 333 784 882 564 624 38 230 659 209 201 36 587
                  108 83 249 293 254 594 258 469 346 572 205 606 547 440 263 321 566 781 821 753
                  865 180 225 14 428 595 373 733 673 262 441 751 620 760 456 771 18 410 343 862
                  252 304 872 616 773 834 163 501 266 92 584 612 236 253 707 870 716 381 94 486
                  451 99 340 835 651 68 617 337 210 6 366 744 372 715 171 50 332 335 176 538 351
                  507 581 306 132 133 65 868 810 874 758 158 371 599 429 421 282 359 869 270 193
                  695 548 702 81 243 668 110 559 233 153 815 720 124 147 344 427 850 278 148 287
                  789 111 726 682 419 239 713 445 47 398 491 554 535 878 385 120 549 837 658 235
                  664 223 638 157 12 792 204 524 401 788 28 228 123 576 434 232 601 780 854 759
                  866 3 795 490 798 686 563 391 653 54 631 447 805 275 392 687 635 677 622 43
                  417 400 289 829 449 614 357 823 407 468 632 457 860 101 448 37 557 362 691 884
                  384 220 623 712 245 143 360 648 248 114 154 128 783 836 102 637 142 454 165
                  794 137 643 375 645 774 464 355 324 568 500 840 603 151 98 212 803 786 534 320
                  801 824 764 40

*** WARNING
  Data set contains cases with missing on x-variables.
  These cases were not included in the analysis.
  Number of cases with missing on x-variables:  235
*** WARNING
  Data set contains cases with missing on all variables except
  x-variables.  These cases were not included in the analysis.
  Number of cases with missing on all variables except x-variables:  104
   4 WARNING(S) FOUND IN THE INPUT INSTRUCTIONS



Analysis 5

SUMMARY OF ANALYSIS

Number of groups                                                 1
Number of observations                                       21096

Number of dependent variables                                    1
Number of independent variables                                 12
Number of continuous latent variables                            8

Observed dependent variables

  Continuous
   AB

Observed independent variables
   CMC         MIXED       FAMILY      WEAK_TIE    WEEKEND     GENDER
   ETHNICIT    SES         CXF         CXW         MXF         MXW

Continuous latent variables
   S1          S2          S3          S4          S5          S6
   S7          S8

Variables with special functions

  Cluster variable      ID

  Within variables
   CMC         MIXED       FAMILY      WEAK_TIE    WEEKEND     CXF
   CXW         MXF         MXW

  Between variables
   GENDER      ETHNICIT    SES

  Centering (GROUPMEAN)
   CMC         MIXED       FAMILY      WEAK_TIE


Estimator                                                    BAYES
Specifications for Bayesian Estimation
  Point estimate                                            MEDIAN
  Number of Markov chain Monte Carlo (MCMC) chains               2
  Random seed for the first chain                                0
  Starting value information                           UNPERTURBED
  Algorithm used for Markov chain Monte Carlo           GIBBS(PX1)
  Convergence criterion                                  0.500D-01
  Maximum number of iterations                               50000
  K-th iteration used for thinning                               1

Input data file(s)
  analysis4+5_S3.dat
Input data format  FREE


SUMMARY OF DATA

     Number of clusters                        843

       Size (s)    Cluster ID with Size s

          1        63 166 240 311 387 608 625 736 740 876
          2        45 404 544 562 593 4 271 649 298 156 806 816 342
          3        550 224 29 352 376 49 396 57 741 742 790 485 303 845
                   545
          4        369 598 93 131 11 666 667 867 44 502 610
          5        459 22 761 139 532 636 5 851 106 58 718 571
          6        600 35 79 52 556 482 61 696 700 302 880 405 206
          7        173 844 634 26 378 330 170 238 349 363
          8        82 78 725 309 76 316 575 592 778 527 413 813 422 825
                   162 615 473 856 118 280 169 119
          9        203 164 406 654 796 802 578 222 680 820 685 178 533
                   847 701 435 857 395 234 480 881 888 629
         10        105 20 214 21 663 807 9 91 424 822 431 839 136 23 846
                   144 185 728 284 499 189 522 202 770 53
         11        195 268 390 683 555 116 558 804 509 630 358 152 887
                   59 590 95
         12        573 506 310 290 442 326 537 69 481 618 732 619 341 552
                   418 750 494 766 498 135 650 569 122
         13        55 734 543 467 269 505 602 508 768 611 350 688 510 67
                   265 529 488 723 199 452 60 814
         14        704 705 588 722 423 797 229 826 642 141 525 526 408
                   605 221 697 322 684 769 472 885 130 692 703 277 177
                   589 585
         15        207 182 183 339 536 656 361 493 420 24 374 609 858 97
                   772 333 784 882 336 564 624 38 397 80
         16        230 659 209 201 36 587 108 83 249 293 254 594 883 749
                   258 469 346 755 572
         17        205 606 547 440 237 263 321 370 566 781 112 821
         18        752 753 708 865 450 180 13 225 14 416 428 595 317 678
                   373
         19        733 438 673 262 441 327 66 751 714 620 760 721 817 281
                   689 456 662 771 18 251
         20        379 410 717 343 273 669 862 252 304 872 292 738 616
                   773 19 377 831 834 163 621
         21        775 501 266 215 92 584 612 236 253 707 551 51 870 716
                   518 381 94 486 451 99 241 340 835
         22        88 334 651 68 617 411 337 210 515 6 366 672 25 246 744
                   372 715 171 50 332
         23        335 644 776 176 607 538 351 507 581 306 132 863 133
                   65 868 810 444 874 520 758 312 158 200 371 886 458 599
                   348 429 421 403 282
         24        359 633 869 474 270 138 194 483 274 33 48 193 695 548
                   437 702 81 243 668
         25        244 110 347 113 323 426 559 294 475 295 145 100 233
                   153 815 305 85 276 579 8 497 2 720 124 724 147 344
         26        427 743 850 179 328 216 699 368 278 46 838 148 287
         27        531 319 329 671 512 789 90 675 111 726 843 539 682 161
                   419 239 713 445 446 47
         28        307 398 864 491 779 121 665 554 604 873 356 535 878
                   495 73 517 385 64 591 681 325 331 120
         29        190 84 754 1 549 837 658 647 155 235 664 879 345 31
                   223 638 157 12 777 859 487
         30        286 871 792 793 204 875 192 524 676 832 255 401 42 528
                   461 841 788 168
         31        809 492 28 877 596 228 146 496 315 34 123 432 576 719
                   434
         32        762 466 767 540 542 140 504 660 41 232 799 87 394 601
                   314 780 855
         33        727 818 259 729 597 854 261 318 231 382 833 759 646
                   765 430 866 626 291 577
         34        3 586 795 490 217 798 828 686 288 563 391 580 653 54
                   471 631 77 849 583
         35        489 447 465 805 264 275 392 523 687 32 745 635 297 188
                   731 117
         36        560 470 677 115 622 219 694 250 785 296 513
         37        43 417 15 400 289 670 829 861 449 107 614 453 357
         38        256 823 89 191 407 468 830 632 709 16 353 457 860 101
                   172 448
         39        267 380 354 808 37 439 187 167
         40        747 127 739 462 414 388 285 655 557
         41        299 362 691 409 181 198 884 582 800 75 613 748
         42        848 425 384 220 791 511 698 623 812 257
         43        227 272 712 479 484 567 367
         44        245 143 360 648 661 412 72 218 455
         45        436 129 393 570 248
         46        114 154 399 628 365
         47        197 128 300 159 109 819 783 679 213 836 102 546
         48        338 757 637 142 415 454 763
         49        165 794 746 137 643 62 386
         50        375 645 774 389 640
         51        561 652 464 308 125 355 853
         52        324 827 657 301
         53        842 27
         54        782 568 71
         55        553 174 500 730 226 521
         56        840 603 519
         58        151 639 103 514 98
         59        212 803 402 627
         60        690 283 786 313
         61        364
         62        534 476
         64        443
         67        674 433
         68        186 320
         69        801
         73        824
         74        530
         75        764
         78        711
         80        40



COVARIANCE COVERAGE OF DATA

Minimum covariance coverage value   0.100

     Number of missing data patterns             1


     PROPORTION OF DATA PRESENT


           Covariance Coverage
              AB            CMC           MIXED         FAMILY        WEAK_TIE
              ________      ________      ________      ________      ________
 AB             1.000
 CMC            1.000         1.000
 MIXED          1.000         1.000         1.000
 FAMILY         1.000         1.000         1.000         1.000
 WEAK_TIE       1.000         1.000         1.000         1.000         1.000
 WEEKEND        1.000         1.000         1.000         1.000         1.000
 CXF            1.000         1.000         1.000         1.000         1.000
 CXW            1.000         1.000         1.000         1.000         1.000
 MXF            1.000         1.000         1.000         1.000         1.000
 MXW            1.000         1.000         1.000         1.000         1.000
 GENDER         1.000         1.000         1.000         1.000         1.000
 ETHNICIT       1.000         1.000         1.000         1.000         1.000
 SES            1.000         1.000         1.000         1.000         1.000


           Covariance Coverage
              WEEKEND       CXF           CXW           MXF           MXW
              ________      ________      ________      ________      ________
 WEEKEND        1.000
 CXF            1.000         1.000
 CXW            1.000         1.000         1.000
 MXF            1.000         1.000         1.000         1.000
 MXW            1.000         1.000         1.000         1.000         1.000
 GENDER         1.000         1.000         1.000         1.000         1.000
 ETHNICIT       1.000         1.000         1.000         1.000         1.000
 SES            1.000         1.000         1.000         1.000         1.000


           Covariance Coverage
              GENDER        ETHNICIT      SES
              ________      ________      ________
 GENDER         1.000
 ETHNICIT       1.000         1.000
 SES            1.000         1.000         1.000



UNIVARIATE SAMPLE STATISTICS


     UNIVARIATE HIGHER-ORDER MOMENT DESCRIPTIVE STATISTICS

         Variable/         Mean/     Skewness/   Minimum/ % with                Percentiles
        Sample Size      Variance    Kurtosis    Maximum  Min/Max      20%/60%    40%/80%    Median

     AB                    1.221      -0.474      -3.000    0.37%       0.000      1.000      1.333
           21096.000       1.711      -0.288       3.000   16.17%       1.667      2.667
     CMC                   0.000       0.679      -0.985    0.00%      -0.286     -0.143     -0.088
           21096.000       0.152      -0.247       0.982    0.00%      -0.037      0.391
     MIXED                 0.000       1.504      -0.891    0.03%      -0.154     -0.060     -0.036
           21096.000       0.086       2.754       0.983    0.00%       0.000      0.000
     FAMILY                0.000       0.760      -0.983    0.00%      -0.200     -0.053     -0.026
           21096.000       0.108       1.157       0.983    0.00%       0.000      0.148
     WEAK_TIES             0.000       1.617      -0.923    0.00%      -0.167     -0.075     -0.050
           21096.000       0.093       2.489       0.985    0.00%      -0.025      0.000
     WEEKEND               0.297       0.891       0.000   70.35%       0.000      0.000      0.000
           21096.000       0.209      -1.206       1.000   29.65%       0.000      1.000
     CXF                  -0.036      -0.466      -0.964    0.00%      -0.083      0.000      0.000
           21096.000       0.024       7.789       0.937    0.01%       0.000      0.015
     CXW                   0.035       2.339      -0.804    0.01%      -0.003      0.000      0.003
           21096.000       0.025       9.350       0.964    0.00%       0.009      0.046
     MXF                  -0.004       0.825      -0.875    0.00%       0.000      0.000      0.000
           21096.000       0.005      43.295       0.958    0.00%       0.000      0.008
     MXW                  -0.005       0.109      -0.794    0.00%       0.000      0.000      0.000
           21096.000       0.004      42.455       0.824    0.00%       0.000      0.008
     GENDER                0.688      -0.812       0.000   31.20%       0.000      1.000      1.000
             843.000       0.215      -1.341       1.000   68.80%       1.000      1.000
     ETHNICITY             0.661      -0.679       0.000   33.93%       0.000      1.000      1.000
             843.000       0.224      -1.539       1.000   66.07%       1.000      1.000
     SES                   0.821      -1.674       0.000   17.91%       1.000      1.000      1.000
             843.000       0.147       0.801       1.000   82.09%       1.000      1.000


THE MODEL ESTIMATION TERMINATED NORMALLY

     USE THE FBITERATIONS OPTION TO INCREASE THE NUMBER OF ITERATIONS BY A FACTOR
     OF AT LEAST TWO TO CHECK CONVERGENCE AND THAT THE PSR VALUE DOES NOT INCREASE.



MODEL FIT INFORMATION

Number of Free Parameters                              59

Information Criteria

          Deviance (DIC)                        60111.770
          Estimated Number of Parameters (pD)    1647.470



MODEL RESULTS

                                Posterior  One-Tailed         95% C.I.
                    Estimate       S.D.      P-Value   Lower 2.5%  Upper 2.5%  Significance

Within Level

 AB         ON
    WEEKEND            0.243       0.016      0.000       0.211       0.274      *

 Residual Variances
    AB                 0.936       0.010      0.000       0.916       0.955      *

Between Level

 AB         ON
    GENDER            -0.128       0.063      0.021      -0.252      -0.005      *
    ETHNICITY         -0.125       0.064      0.020      -0.252      -0.005      *
    SES               -0.047       0.079      0.287      -0.198       0.110

 AB       WITH
    S1                 0.079       0.023      0.000       0.033       0.125      *
    S2                 0.008       0.027      0.381      -0.042       0.063
    S3                 0.069       0.031      0.013       0.008       0.129      *
    S4                -0.008       0.032      0.391      -0.073       0.053
    S5                 0.003       0.062      0.481      -0.120       0.127
    S6                -0.052       0.064      0.211      -0.177       0.074
    S7                 0.078       0.119      0.261      -0.137       0.318
    S8                 0.027       0.128      0.420      -0.239       0.254

 S1       WITH
    S2                 0.065       0.022      0.000       0.028       0.115      *
    S3                 0.051       0.025      0.017       0.004       0.101      *
    S4                 0.000       0.024      0.500      -0.049       0.045
    S5                -0.089       0.051      0.036      -0.190       0.011
    S6                -0.124       0.051      0.003      -0.234      -0.036      *
    S7                -0.043       0.076      0.280      -0.179       0.116
    S8                -0.039       0.078      0.304      -0.209       0.101

 S2       WITH
    S3                 0.012       0.028      0.338      -0.041       0.069
    S4                -0.018       0.032      0.269      -0.080       0.041
    S5                -0.053       0.061      0.182      -0.181       0.054
    S6                -0.068       0.057      0.116      -0.184       0.048
    S7                -0.022       0.062      0.359      -0.121       0.122
    S8                -0.109       0.084      0.093      -0.269       0.064

 S3       WITH
    S4                 0.125       0.036      0.000       0.052       0.194      *
    S5                -0.342       0.062      0.000      -0.469      -0.225      *
    S6                -0.169       0.061      0.004      -0.286      -0.047      *
    S7                -0.080       0.083      0.191      -0.216       0.111
    S8                 0.167       0.109      0.054      -0.044       0.376

 S4       WITH
    S5                -0.110       0.064      0.045      -0.232       0.015
    S6                -0.180       0.064      0.002      -0.324      -0.070      *
    S7                -0.015       0.085      0.433      -0.186       0.140
    S8                 0.070       0.129      0.282      -0.132       0.358

 S5       WITH
    S6                 0.261       0.123      0.015       0.029       0.517      *
    S7                 0.238       0.149      0.051      -0.044       0.540
    S8                -0.242       0.203      0.120      -0.606       0.196

 S6       WITH
    S7                 0.108       0.140      0.209      -0.165       0.384
    S8                 0.111       0.180      0.280      -0.260       0.432

 S7       WITH
    S8                -0.016       0.189      0.462      -0.359       0.403

 Means
    S1                -0.332       0.027      0.000      -0.386      -0.280      *
    S2                -0.028       0.034      0.207      -0.094       0.038
    S3                -0.286       0.036      0.000      -0.355      -0.214      *
    S4                -0.289       0.037      0.000      -0.362      -0.216      *
    S5                 0.228       0.079      0.002       0.068       0.376      *
    S6                 0.252       0.074      0.001       0.106       0.393      *
    S7                 0.175       0.130      0.099      -0.100       0.415
    S8                -0.156       0.152      0.146      -0.473       0.118

 Intercepts
    AB                 1.306       0.103      0.000       1.104       1.511      *

 Variances
    S1                 0.142       0.025      0.000       0.098       0.194      *
    S2                 0.106       0.026      0.000       0.061       0.163      *
    S3                 0.267       0.037      0.000       0.201       0.348      *
    S4                 0.195       0.043      0.000       0.119       0.286      *
    S5                 0.836       0.176      0.000       0.515       1.208      *
    S6                 0.512       0.145      0.000       0.269       0.846      *
    S7                 0.551       0.264      0.000       0.161       1.190      *
    S8                 0.961       0.311      0.000       0.337       1.604      *

 Residual Variances
    AB                 0.678       0.037      0.000       0.610       0.756      *


STANDARDIZED MODEL RESULTS


STDYX Standardization

                                Posterior  One-Tailed         95% C.I.
                    Estimate       S.D.      P-Value   Lower 2.5%  Upper 2.5%  Significance

Within-Level Standardized Estimates Averaged Over Clusters

 S1 | AB ON
    CMC               -0.113       0.008      0.000      -0.131      -0.099      *

 S2 | AB ON
    MIXED             -0.003       0.006      0.288      -0.016       0.007

 S3 | AB ON
    FAMILY            -0.078       0.008      0.000      -0.094      -0.063      *

 S4 | AB ON
    WEAK_TIES         -0.075       0.009      0.000      -0.092      -0.057      *

 S5 | AB ON
    CXF                0.024       0.007      0.001       0.010       0.036      *

 S6 | AB ON
    CXW                0.029       0.007      0.000       0.015       0.042      *

 S7 | AB ON
    MXF                0.007       0.004      0.054      -0.001       0.014

 S8 | AB ON
    MXW               -0.002       0.004      0.236      -0.011       0.004

 AB         ON
    WEEKEND            0.100       0.006      0.000       0.087       0.112      *

 Residual Variances
    AB                 0.903       0.004      0.000       0.894       0.910      *

Between Level

 AB         ON
    GENDER            -0.048       0.024      0.021      -0.094      -0.002      *
    ETHNICITY         -0.052       0.026      0.020      -0.104      -0.002      *
    SES               -0.015       0.025      0.287      -0.062       0.035

 AB       WITH
    S1                 0.258       0.074      0.000       0.108       0.401      *
    S2                 0.031       0.100      0.381      -0.156       0.232
    S3                 0.162       0.071      0.013       0.019       0.298      *
    S4                -0.023       0.088      0.391      -0.199       0.148
    S5                 0.004       0.083      0.481      -0.161       0.168
    S6                -0.088       0.109      0.211      -0.302       0.127
    S7                 0.130       0.186      0.261      -0.232       0.469
    S8                 0.034       0.169      0.420      -0.279       0.399

 S1       WITH
    S2                 0.538       0.129      0.000       0.268       0.766      *
    S3                 0.262       0.120      0.017       0.022       0.482      *
    S4                 0.000       0.140      0.500      -0.275       0.274
    S5                -0.266       0.142      0.036      -0.527       0.031
    S6                -0.469       0.175      0.003      -0.807      -0.138      *
    S7                -0.158       0.274      0.280      -0.710       0.381
    S8                -0.112       0.206      0.304      -0.512       0.296

 S2       WITH
    S3                 0.072       0.167      0.338      -0.241       0.413
    S4                -0.129       0.223      0.269      -0.551       0.300
    S5                -0.182       0.202      0.182      -0.611       0.188
    S6                -0.298       0.247      0.116      -0.814       0.199
    S7                -0.097       0.250      0.359      -0.520       0.434
    S8                -0.375       0.243      0.093      -0.759       0.191

 S3       WITH
    S4                 0.550       0.125      0.000       0.264       0.768      *
    S5                -0.737       0.094      0.000      -0.885      -0.521      *
    S6                -0.461       0.149      0.004      -0.716      -0.140      *
    S7                -0.219       0.214      0.191      -0.557       0.274
    S8                 0.343       0.207      0.054      -0.089       0.689

 S4       WITH
    S5                -0.278       0.150      0.045      -0.544       0.039
    S6                -0.585       0.140      0.002      -0.810      -0.264      *
    S7                -0.049       0.254      0.433      -0.568       0.412
    S8                 0.164       0.297      0.282      -0.316       0.822

 S5       WITH
    S6                 0.419       0.155      0.015       0.055       0.676      *
    S7                 0.362       0.198      0.051      -0.070       0.688
    S8                -0.273       0.227      0.120      -0.700       0.217

 S6       WITH
    S7                 0.212       0.260      0.209      -0.338       0.677
    S8                 0.161       0.262      0.280      -0.441       0.561

 S7       WITH
    S8                -0.025       0.247      0.462      -0.472       0.443

 Means
    S1                -0.878       0.110      0.000      -1.125      -0.693      *
    S2                -0.086       0.107      0.207      -0.305       0.117
    S3                -0.552       0.080      0.000      -0.717      -0.401      *
    S4                -0.656       0.123      0.000      -0.938      -0.454      *
    S5                 0.251       0.090      0.002       0.075       0.433      *
    S6                 0.352       0.122      0.001       0.141       0.621      *
    S7                 0.237       0.186      0.099      -0.148       0.580
    S8                -0.161       0.157      0.146      -0.495       0.130

 Intercepts
    AB                 1.580       0.130      0.000       1.321       1.831      *

 Variances
    S1                 1.000       0.000      0.000       1.000       1.000
    S2                 1.000       0.000      0.000       1.000       1.000
    S3                 1.000       0.000      0.000       1.000       1.000
    S4                 1.000       0.000      0.000       1.000       1.000
    S5                 1.000       0.000      0.000       1.000       1.000
    S6                 1.000       0.000      0.000       1.000       1.000
    S7                 1.000       0.000      0.000       1.000       1.000
    S8                 1.000       0.000      0.000       1.000       1.000

 Residual Variances
    AB                 0.994       0.004      0.000       0.983       0.999      *


STDY Standardization

                                Posterior  One-Tailed         95% C.I.
                    Estimate       S.D.      P-Value   Lower 2.5%  Upper 2.5%  Significance

Within-Level Standardized Estimates Averaged Over Clusters

 S1 | AB ON
    CMC               -0.314       0.023      0.000      -0.364      -0.272      *

 S2 | AB ON
    MIXED             -0.012       0.032      0.343      -0.079       0.042

 S3 | AB ON
    FAMILY            -0.268       0.030      0.000      -0.330      -0.213      *

 S4 | AB ON
    WEAK_TIES         -0.278       0.036      0.000      -0.349      -0.204      *

 S5 | AB ON
    CXF                0.214       0.065      0.001       0.081       0.334      *

 S6 | AB ON
    CXW                0.244       0.064      0.000       0.125       0.361      *

 S7 | AB ON
    MXF                0.196       0.112      0.065      -0.049       0.387

 S8 | AB ON
    MXW               -0.066       0.117      0.242      -0.319       0.129

 AB         ON
    WEEKEND            0.238       0.015      0.000       0.208       0.268      *

 Residual Variances
    AB                 0.903       0.004      0.000       0.894       0.910      *

Between Level

 AB         ON
    GENDER            -0.155       0.076      0.021      -0.304      -0.006      *
    ETHNICITY         -0.151       0.077      0.020      -0.303      -0.006      *
    SES               -0.056       0.096      0.287      -0.239       0.133

 AB       WITH
    S1                 0.258       0.074      0.000       0.108       0.401      *
    S2                 0.031       0.100      0.381      -0.156       0.232
    S3                 0.162       0.071      0.013       0.019       0.298      *
    S4                -0.023       0.088      0.391      -0.199       0.148
    S5                 0.004       0.083      0.481      -0.161       0.168
    S6                -0.088       0.109      0.211      -0.302       0.127
    S7                 0.130       0.186      0.261      -0.232       0.469
    S8                 0.034       0.169      0.420      -0.279       0.399

 S1       WITH
    S2                 0.538       0.129      0.000       0.268       0.766      *
    S3                 0.262       0.120      0.017       0.022       0.482      *
    S4                 0.000       0.140      0.500      -0.275       0.274
    S5                -0.266       0.142      0.036      -0.527       0.031
    S6                -0.469       0.175      0.003      -0.807      -0.138      *
    S7                -0.158       0.274      0.280      -0.710       0.381
    S8                -0.112       0.206      0.304      -0.512       0.296

 S2       WITH
    S3                 0.072       0.167      0.338      -0.241       0.413
    S4                -0.129       0.223      0.269      -0.551       0.300
    S5                -0.182       0.202      0.182      -0.611       0.188
    S6                -0.298       0.247      0.116      -0.814       0.199
    S7                -0.097       0.250      0.359      -0.520       0.434
    S8                -0.375       0.243      0.093      -0.759       0.191

 S3       WITH
    S4                 0.550       0.125      0.000       0.264       0.768      *
    S5                -0.737       0.094      0.000      -0.885      -0.521      *
    S6                -0.461       0.149      0.004      -0.716      -0.140      *
    S7                -0.219       0.214      0.191      -0.557       0.274
    S8                 0.343       0.207      0.054      -0.089       0.689

 S4       WITH
    S5                -0.278       0.150      0.045      -0.544       0.039
    S6                -0.585       0.140      0.002      -0.810      -0.264      *
    S7                -0.049       0.254      0.433      -0.568       0.412
    S8                 0.164       0.297      0.282      -0.316       0.822

 S5       WITH
    S6                 0.419       0.155      0.015       0.055       0.676      *
    S7                 0.362       0.198      0.051      -0.070       0.688
    S8                -0.273       0.227      0.120      -0.700       0.217

 S6       WITH
    S7                 0.212       0.260      0.209      -0.338       0.677
    S8                 0.161       0.262      0.280      -0.441       0.561

 S7       WITH
    S8                -0.025       0.247      0.462      -0.472       0.443

 Means
    S1                -0.878       0.110      0.000      -1.125      -0.693      *
    S2                -0.086       0.107      0.207      -0.305       0.117
    S3                -0.552       0.080      0.000      -0.717      -0.401      *
    S4                -0.656       0.123      0.000      -0.938      -0.454      *
    S5                 0.251       0.090      0.002       0.075       0.433      *
    S6                 0.352       0.122      0.001       0.141       0.621      *
    S7                 0.237       0.186      0.099      -0.148       0.580
    S8                -0.161       0.157      0.146      -0.495       0.130

 Intercepts
    AB                 1.580       0.130      0.000       1.321       1.831      *

 Variances
    S1                 1.000       0.000      0.000       1.000       1.000
    S2                 1.000       0.000      0.000       1.000       1.000
    S3                 1.000       0.000      0.000       1.000       1.000
    S4                 1.000       0.000      0.000       1.000       1.000
    S5                 1.000       0.000      0.000       1.000       1.000
    S6                 1.000       0.000      0.000       1.000       1.000
    S7                 1.000       0.000      0.000       1.000       1.000
    S8                 1.000       0.000      0.000       1.000       1.000

 Residual Variances
    AB                 0.994       0.004      0.000       0.983       0.999      *


R-SQUARE

Within-Level R-Square Averaged Across Clusters

                                Posterior  One-Tailed         95% C.I.
    Variable        Estimate       S.D.      P-Value   Lower 2.5%  Upper 2.5%

    AB                 0.097       0.004      0.000       0.090       0.106

Between Level

                                Posterior  One-Tailed         95% C.I.
    Variable        Estimate       S.D.      P-Value   Lower 2.5%  Upper 2.5%

    AB                 0.006       0.004      0.000       0.001       0.017


TECHNICAL 1 OUTPUT


     PARAMETER SPECIFICATION FOR WITHIN


           NU
              AB            CMC           MIXED         FAMILY        WEAK_TIE
              ________      ________      ________      ________      ________
                    0             0             0             0             0


           NU
              WEEKEND       CXF           CXW           MXF           MXW
              ________      ________      ________      ________      ________
                    0             0             0             0             0


           LAMBDA
              AB            CMC           MIXED         FAMILY        WEAK_TIE
              ________      ________      ________      ________      ________
 AB                 0             0             0             0             0
 CMC                0             0             0             0             0
 MIXED              0             0             0             0             0
 FAMILY             0             0             0             0             0
 WEAK_TIE           0             0             0             0             0
 WEEKEND            0             0             0             0             0
 CXF                0             0             0             0             0
 CXW                0             0             0             0             0
 MXF                0             0             0             0             0
 MXW                0             0             0             0             0


           LAMBDA
              WEEKEND       CXF           CXW           MXF           MXW
              ________      ________      ________      ________      ________
 AB                 0             0             0             0             0
 CMC                0             0             0             0             0
 MIXED              0             0             0             0             0
 FAMILY             0             0             0             0             0
 WEAK_TIE           0             0             0             0             0
 WEEKEND            0             0             0             0             0
 CXF                0             0             0             0             0
 CXW                0             0             0             0             0
 MXF                0             0             0             0             0
 MXW                0             0             0             0             0


           THETA
              AB            CMC           MIXED         FAMILY        WEAK_TIE
              ________      ________      ________      ________      ________
 AB                 0
 CMC                0             0
 MIXED              0             0             0
 FAMILY             0             0             0             0
 WEAK_TIE           0             0             0             0             0
 WEEKEND            0             0             0             0             0
 CXF                0             0             0             0             0
 CXW                0             0             0             0             0
 MXF                0             0             0             0             0
 MXW                0             0             0             0             0


           THETA
              WEEKEND       CXF           CXW           MXF           MXW
              ________      ________      ________      ________      ________
 WEEKEND            0
 CXF                0             0
 CXW                0             0             0
 MXF                0             0             0             0
 MXW                0             0             0             0             0


           ALPHA
              AB            CMC           MIXED         FAMILY        WEAK_TIE
              ________      ________      ________      ________      ________
                    0             0             0             0             0


           ALPHA
              WEEKEND       CXF           CXW           MXF           MXW
              ________      ________      ________      ________      ________
                    0             0             0             0             0


           BETA
              AB            CMC           MIXED         FAMILY        WEAK_TIE
              ________      ________      ________      ________      ________
 AB                 0             0             0             0             0
 CMC                0             0             0             0             0
 MIXED              0             0             0             0             0
 FAMILY             0             0             0             0             0
 WEAK_TIE           0             0             0             0             0
 WEEKEND            0             0             0             0             0
 CXF                0             0             0             0             0
 CXW                0             0             0             0             0
 MXF                0             0             0             0             0
 MXW                0             0             0             0             0


           BETA
              WEEKEND       CXF           CXW           MXF           MXW
              ________      ________      ________      ________      ________
 AB                 1             0             0             0             0
 CMC                0             0             0             0             0
 MIXED              0             0             0             0             0
 FAMILY             0             0             0             0             0
 WEAK_TIE           0             0             0             0             0
 WEEKEND            0             0             0             0             0
 CXF                0             0             0             0             0
 CXW                0             0             0             0             0
 MXF                0             0             0             0             0
 MXW                0             0             0             0             0


           PSI
              AB            CMC           MIXED         FAMILY        WEAK_TIE
              ________      ________      ________      ________      ________
 AB                 2
 CMC                0             0
 MIXED              0             0             0
 FAMILY             0             0             0             0
 WEAK_TIE           0             0             0             0             0
 WEEKEND            0             0             0             0             0
 CXF                0             0             0             0             0
 CXW                0             0             0             0             0
 MXF                0             0             0             0             0
 MXW                0             0             0             0             0


           PSI
              WEEKEND       CXF           CXW           MXF           MXW
              ________      ________      ________      ________      ________
 WEEKEND            0
 CXF                0             0
 CXW                0             0             0
 MXF                0             0             0             0
 MXW                0             0             0             0             0


     PARAMETER SPECIFICATION FOR BETWEEN


           NU
              AB            GENDER        ETHNICIT      SES
              ________      ________      ________      ________
                    0             0             0             0


           LAMBDA
              S1            S2            S3            S4            S5
              ________      ________      ________      ________      ________
 AB                 0             0             0             0             0
 GENDER             0             0             0             0             0
 ETHNICIT           0             0             0             0             0
 SES                0             0             0             0             0


           LAMBDA
              S6            S7            S8            AB            GENDER
              ________      ________      ________      ________      ________
 AB                 0             0             0             0             0
 GENDER             0             0             0             0             0
 ETHNICIT           0             0             0             0             0
 SES                0             0             0             0             0


           LAMBDA
              ETHNICIT      SES
              ________      ________
 AB                 0             0
 GENDER             0             0
 ETHNICIT           0             0
 SES                0             0


           THETA
              AB            GENDER        ETHNICIT      SES
              ________      ________      ________      ________
 AB                 0
 GENDER             0             0
 ETHNICIT           0             0             0
 SES                0             0             0             0


           ALPHA
              S1            S2            S3            S4            S5
              ________      ________      ________      ________      ________
                    3             4             5             6             7


           ALPHA
              S6            S7            S8            AB            GENDER
              ________      ________      ________      ________      ________
                    8             9            10            11             0


           ALPHA
              ETHNICIT      SES
              ________      ________
                    0             0


           BETA
              S1            S2            S3            S4            S5
              ________      ________      ________      ________      ________
 S1                 0             0             0             0             0
 S2                 0             0             0             0             0
 S3                 0             0             0             0             0
 S4                 0             0             0             0             0
 S5                 0             0             0             0             0
 S6                 0             0             0             0             0
 S7                 0             0             0             0             0
 S8                 0             0             0             0             0
 AB                 0             0             0             0             0
 GENDER             0             0             0             0             0
 ETHNICIT           0             0             0             0             0
 SES                0             0             0             0             0


           BETA
              S6            S7            S8            AB            GENDER
              ________      ________      ________      ________      ________
 S1                 0             0             0             0             0
 S2                 0             0             0             0             0
 S3                 0             0             0             0             0
 S4                 0             0             0             0             0
 S5                 0             0             0             0             0
 S6                 0             0             0             0             0
 S7                 0             0             0             0             0
 S8                 0             0             0             0             0
 AB                 0             0             0             0            12
 GENDER             0             0             0             0             0
 ETHNICIT           0             0             0             0             0
 SES                0             0             0             0             0


           BETA
              ETHNICIT      SES
              ________      ________
 S1                 0             0
 S2                 0             0
 S3                 0             0
 S4                 0             0
 S5                 0             0
 S6                 0             0
 S7                 0             0
 S8                 0             0
 AB                13            14
 GENDER             0             0
 ETHNICIT           0             0
 SES                0             0


           PSI
              S1            S2            S3            S4            S5
              ________      ________      ________      ________      ________
 S1                15
 S2                16            17
 S3                18            19            20
 S4                21            22            23            24
 S5                25            26            27            28            29
 S6                30            31            32            33            34
 S7                36            37            38            39            40
 S8                43            44            45            46            47
 AB                51            52            53            54            55
 GENDER             0             0             0             0             0
 ETHNICIT           0             0             0             0             0
 SES                0             0             0             0             0


           PSI
              S6            S7            S8            AB            GENDER
              ________      ________      ________      ________      ________
 S6                35
 S7                41            42
 S8                48            49            50
 AB                56            57            58            59
 GENDER             0             0             0             0             0
 ETHNICIT           0             0             0             0             0
 SES                0             0             0             0             0


           PSI
              ETHNICIT      SES
              ________      ________
 ETHNICIT           0
 SES                0             0


     STARTING VALUES FOR WITHIN


           NU
              AB            CMC           MIXED         FAMILY        WEAK_TIE
              ________      ________      ________      ________      ________
                0.000         0.000         0.000         0.000         0.000


           NU
              WEEKEND       CXF           CXW           MXF           MXW
              ________      ________      ________      ________      ________
                0.000         0.000         0.000         0.000         0.000


           LAMBDA
              AB            CMC           MIXED         FAMILY        WEAK_TIE
              ________      ________      ________      ________      ________
 AB             1.000         0.000         0.000         0.000         0.000
 CMC            0.000         1.000         0.000         0.000         0.000
 MIXED          0.000         0.000         1.000         0.000         0.000
 FAMILY         0.000         0.000         0.000         1.000         0.000
 WEAK_TIE       0.000         0.000         0.000         0.000         1.000
 WEEKEND        0.000         0.000         0.000         0.000         0.000
 CXF            0.000         0.000         0.000         0.000         0.000
 CXW            0.000         0.000         0.000         0.000         0.000
 MXF            0.000         0.000         0.000         0.000         0.000
 MXW            0.000         0.000         0.000         0.000         0.000


           LAMBDA
              WEEKEND       CXF           CXW           MXF           MXW
              ________      ________      ________      ________      ________
 AB             0.000         0.000         0.000         0.000         0.000
 CMC            0.000         0.000         0.000         0.000         0.000
 MIXED          0.000         0.000         0.000         0.000         0.000
 FAMILY         0.000         0.000         0.000         0.000         0.000
 WEAK_TIE       0.000         0.000         0.000         0.000         0.000
 WEEKEND        1.000         0.000         0.000         0.000         0.000
 CXF            0.000         1.000         0.000         0.000         0.000
 CXW            0.000         0.000         1.000         0.000         0.000
 MXF            0.000         0.000         0.000         1.000         0.000
 MXW            0.000         0.000         0.000         0.000         1.000


           THETA
              AB            CMC           MIXED         FAMILY        WEAK_TIE
              ________      ________      ________      ________      ________
 AB             0.000
 CMC            0.000         0.000
 MIXED          0.000         0.000         0.000
 FAMILY         0.000         0.000         0.000         0.000
 WEAK_TIE       0.000         0.000         0.000         0.000         0.000
 WEEKEND        0.000         0.000         0.000         0.000         0.000
 CXF            0.000         0.000         0.000         0.000         0.000
 CXW            0.000         0.000         0.000         0.000         0.000
 MXF            0.000         0.000         0.000         0.000         0.000
 MXW            0.000         0.000         0.000         0.000         0.000


           THETA
              WEEKEND       CXF           CXW           MXF           MXW
              ________      ________      ________      ________      ________
 WEEKEND        0.000
 CXF            0.000         0.000
 CXW            0.000         0.000         0.000
 MXF            0.000         0.000         0.000         0.000
 MXW            0.000         0.000         0.000         0.000         0.000


           ALPHA
              AB            CMC           MIXED         FAMILY        WEAK_TIE
              ________      ________      ________      ________      ________
                0.000         0.000         0.000         0.000         0.000


           ALPHA
              WEEKEND       CXF           CXW           MXF           MXW
              ________      ________      ________      ________      ________
                0.000         0.000         0.000         0.000         0.000


           BETA
              AB            CMC           MIXED         FAMILY        WEAK_TIE
              ________      ________      ________      ________      ________
 AB             0.000         0.000         0.000         0.000         0.000
 CMC            0.000         0.000         0.000         0.000         0.000
 MIXED          0.000         0.000         0.000         0.000         0.000
 FAMILY         0.000         0.000         0.000         0.000         0.000
 WEAK_TIE       0.000         0.000         0.000         0.000         0.000
 WEEKEND        0.000         0.000         0.000         0.000         0.000
 CXF            0.000         0.000         0.000         0.000         0.000
 CXW            0.000         0.000         0.000         0.000         0.000
 MXF            0.000         0.000         0.000         0.000         0.000
 MXW            0.000         0.000         0.000         0.000         0.000


           BETA
              WEEKEND       CXF           CXW           MXF           MXW
              ________      ________      ________      ________      ________
 AB             0.000         0.000         0.000         0.000         0.000
 CMC            0.000         0.000         0.000         0.000         0.000
 MIXED          0.000         0.000         0.000         0.000         0.000
 FAMILY         0.000         0.000         0.000         0.000         0.000
 WEAK_TIE       0.000         0.000         0.000         0.000         0.000
 WEEKEND        0.000         0.000         0.000         0.000         0.000
 CXF            0.000         0.000         0.000         0.000         0.000
 CXW            0.000         0.000         0.000         0.000         0.000
 MXF            0.000         0.000         0.000         0.000         0.000
 MXW            0.000         0.000         0.000         0.000         0.000


           PSI
              AB            CMC           MIXED         FAMILY        WEAK_TIE
              ________      ________      ________      ________      ________
 AB             0.856
 CMC            0.000         0.076
 MIXED          0.000         0.000         0.043
 FAMILY         0.000         0.000         0.000         0.054
 WEAK_TIE       0.000         0.000         0.000         0.000         0.047
 WEEKEND        0.000         0.000         0.000         0.000         0.000
 CXF            0.000         0.000         0.000         0.000         0.000
 CXW            0.000         0.000         0.000         0.000         0.000
 MXF            0.000         0.000         0.000         0.000         0.000
 MXW            0.000         0.000         0.000         0.000         0.000


           PSI
              WEEKEND       CXF           CXW           MXF           MXW
              ________      ________      ________      ________      ________
 WEEKEND        0.104
 CXF            0.000         0.012
 CXW            0.000         0.000         0.012
 MXF            0.000         0.000         0.000         0.003
 MXW            0.000         0.000         0.000         0.000         0.002


     STARTING VALUES FOR BETWEEN


           NU
              AB            GENDER        ETHNICIT      SES
              ________      ________      ________      ________
                0.000         0.000         0.000         0.000


           LAMBDA
              S1            S2            S3            S4            S5
              ________      ________      ________      ________      ________
 AB             0.000         0.000         0.000         0.000         0.000
 GENDER         0.000         0.000         0.000         0.000         0.000
 ETHNICIT       0.000         0.000         0.000         0.000         0.000
 SES            0.000         0.000         0.000         0.000         0.000


           LAMBDA
              S6            S7            S8            AB            GENDER
              ________      ________      ________      ________      ________
 AB             0.000         0.000         0.000         1.000         0.000
 GENDER         0.000         0.000         0.000         0.000         1.000
 ETHNICIT       0.000         0.000         0.000         0.000         0.000
 SES            0.000         0.000         0.000         0.000         0.000


           LAMBDA
              ETHNICIT      SES
              ________      ________
 AB             0.000         0.000
 GENDER         0.000         0.000
 ETHNICIT       1.000         0.000
 SES            0.000         1.000


           THETA
              AB            GENDER        ETHNICIT      SES
              ________      ________      ________      ________
 AB             0.000
 GENDER         0.000         0.000
 ETHNICIT       0.000         0.000         0.000
 SES            0.000         0.000         0.000         0.000


           ALPHA
              S1            S2            S3            S4            S5
              ________      ________      ________      ________      ________
                0.000         0.000         0.000         0.000         0.000


           ALPHA
              S6            S7            S8            AB            GENDER
              ________      ________      ________      ________      ________
                0.000         0.000         0.000         1.221         0.000


           ALPHA
              ETHNICIT      SES
              ________      ________
                0.000         0.000


           BETA
              S1            S2            S3            S4            S5
              ________      ________      ________      ________      ________
 S1             0.000         0.000         0.000         0.000         0.000
 S2             0.000         0.000         0.000         0.000         0.000
 S3             0.000         0.000         0.000         0.000         0.000
 S4             0.000         0.000         0.000         0.000         0.000
 S5             0.000         0.000         0.000         0.000         0.000
 S6             0.000         0.000         0.000         0.000         0.000
 S7             0.000         0.000         0.000         0.000         0.000
 S8             0.000         0.000         0.000         0.000         0.000
 AB             0.000         0.000         0.000         0.000         0.000
 GENDER         0.000         0.000         0.000         0.000         0.000
 ETHNICIT       0.000         0.000         0.000         0.000         0.000
 SES            0.000         0.000         0.000         0.000         0.000


           BETA
              S6            S7            S8            AB            GENDER
              ________      ________      ________      ________      ________
 S1             0.000         0.000         0.000         0.000         0.000
 S2             0.000         0.000         0.000         0.000         0.000
 S3             0.000         0.000         0.000         0.000         0.000
 S4             0.000         0.000         0.000         0.000         0.000
 S5             0.000         0.000         0.000         0.000         0.000
 S6             0.000         0.000         0.000         0.000         0.000
 S7             0.000         0.000         0.000         0.000         0.000
 S8             0.000         0.000         0.000         0.000         0.000
 AB             0.000         0.000         0.000         0.000         0.000
 GENDER         0.000         0.000         0.000         0.000         0.000
 ETHNICIT       0.000         0.000         0.000         0.000         0.000
 SES            0.000         0.000         0.000         0.000         0.000


           BETA
              ETHNICIT      SES
              ________      ________
 S1             0.000         0.000
 S2             0.000         0.000
 S3             0.000         0.000
 S4             0.000         0.000
 S5             0.000         0.000
 S6             0.000         0.000
 S7             0.000         0.000
 S8             0.000         0.000
 AB             0.000         0.000
 GENDER         0.000         0.000
 ETHNICIT       0.000         0.000
 SES            0.000         0.000


           PSI
              S1            S2            S3            S4            S5
              ________      ________      ________      ________      ________
 S1             1.000
 S2             0.000         1.000
 S3             0.000         0.000         1.000
 S4             0.000         0.000         0.000         1.000
 S5             0.000         0.000         0.000         0.000         1.000
 S6             0.000         0.000         0.000         0.000         0.000
 S7             0.000         0.000         0.000         0.000         0.000
 S8             0.000         0.000         0.000         0.000         0.000
 AB             0.000         0.000         0.000         0.000         0.000
 GENDER         0.000         0.000         0.000         0.000         0.000
 ETHNICIT       0.000         0.000         0.000         0.000         0.000
 SES            0.000         0.000         0.000         0.000         0.000


           PSI
              S6            S7            S8            AB            GENDER
              ________      ________      ________      ________      ________
 S6             1.000
 S7             0.000         1.000
 S8             0.000         0.000         1.000
 AB             0.000         0.000         0.000         0.856
 GENDER         0.000         0.000         0.000         0.000         0.095
 ETHNICIT       0.000         0.000         0.000         0.000         0.000
 SES            0.000         0.000         0.000         0.000         0.000


           PSI
              ETHNICIT      SES
              ________      ________
 ETHNICIT       0.118
 SES            0.000         0.068



     PRIORS FOR ALL PARAMETERS            PRIOR MEAN      PRIOR VARIANCE     PRIOR STD. DEV.

     Parameter 1~N(0.000,infinity)           0.0000            infinity            infinity
     Parameter 2~IG(-1.000,0.000)          infinity            infinity            infinity
     Parameter 3~N(0.000,infinity)           0.0000            infinity            infinity
     Parameter 4~N(0.000,infinity)           0.0000            infinity            infinity
     Parameter 5~N(0.000,infinity)           0.0000            infinity            infinity
     Parameter 6~N(0.000,infinity)           0.0000            infinity            infinity
     Parameter 7~N(0.000,infinity)           0.0000            infinity            infinity
     Parameter 8~N(0.000,infinity)           0.0000            infinity            infinity
     Parameter 9~N(0.000,infinity)           0.0000            infinity            infinity
     Parameter 10~N(0.000,infinity)          0.0000            infinity            infinity
     Parameter 11~N(0.000,infinity)          0.0000            infinity            infinity
     Parameter 12~N(0.000,infinity)          0.0000            infinity            infinity
     Parameter 13~N(0.000,infinity)          0.0000            infinity            infinity
     Parameter 14~N(0.000,infinity)          0.0000            infinity            infinity
     Parameter 15~IW(0.000,-10)            infinity            infinity            infinity
     Parameter 16~IW(0.000,-10)            infinity            infinity            infinity
     Parameter 17~IW(0.000,-10)            infinity            infinity            infinity
     Parameter 18~IW(0.000,-10)            infinity            infinity            infinity
     Parameter 19~IW(0.000,-10)            infinity            infinity            infinity
     Parameter 20~IW(0.000,-10)            infinity            infinity            infinity
     Parameter 21~IW(0.000,-10)            infinity            infinity            infinity
     Parameter 22~IW(0.000,-10)            infinity            infinity            infinity
     Parameter 23~IW(0.000,-10)            infinity            infinity            infinity
     Parameter 24~IW(0.000,-10)            infinity            infinity            infinity
     Parameter 25~IW(0.000,-10)            infinity            infinity            infinity
     Parameter 26~IW(0.000,-10)            infinity            infinity            infinity
     Parameter 27~IW(0.000,-10)            infinity            infinity            infinity
     Parameter 28~IW(0.000,-10)            infinity            infinity            infinity
     Parameter 29~IW(0.000,-10)            infinity            infinity            infinity
     Parameter 30~IW(0.000,-10)            infinity            infinity            infinity
     Parameter 31~IW(0.000,-10)            infinity            infinity            infinity
     Parameter 32~IW(0.000,-10)            infinity            infinity            infinity
     Parameter 33~IW(0.000,-10)            infinity            infinity            infinity
     Parameter 34~IW(0.000,-10)            infinity            infinity            infinity
     Parameter 35~IW(0.000,-10)            infinity            infinity            infinity
     Parameter 36~IW(0.000,-10)            infinity            infinity            infinity
     Parameter 37~IW(0.000,-10)            infinity            infinity            infinity
     Parameter 38~IW(0.000,-10)            infinity            infinity            infinity
     Parameter 39~IW(0.000,-10)            infinity            infinity            infinity
     Parameter 40~IW(0.000,-10)            infinity            infinity            infinity
     Parameter 41~IW(0.000,-10)            infinity            infinity            infinity
     Parameter 42~IW(0.000,-10)            infinity            infinity            infinity
     Parameter 43~IW(0.000,-10)            infinity            infinity            infinity
     Parameter 44~IW(0.000,-10)            infinity            infinity            infinity
     Parameter 45~IW(0.000,-10)            infinity            infinity            infinity
     Parameter 46~IW(0.000,-10)            infinity            infinity            infinity
     Parameter 47~IW(0.000,-10)            infinity            infinity            infinity
     Parameter 48~IW(0.000,-10)            infinity            infinity            infinity
     Parameter 49~IW(0.000,-10)            infinity            infinity            infinity
     Parameter 50~IW(0.000,-10)            infinity            infinity            infinity
     Parameter 51~IW(0.000,-10)            infinity            infinity            infinity
     Parameter 52~IW(0.000,-10)            infinity            infinity            infinity
     Parameter 53~IW(0.000,-10)            infinity            infinity            infinity
     Parameter 54~IW(0.000,-10)            infinity            infinity            infinity
     Parameter 55~IW(0.000,-10)            infinity            infinity            infinity
     Parameter 56~IW(0.000,-10)            infinity            infinity            infinity
     Parameter 57~IW(0.000,-10)            infinity            infinity            infinity
     Parameter 58~IW(0.000,-10)            infinity            infinity            infinity
     Parameter 59~IW(0.000,-10)            infinity            infinity            infinity


TECHNICAL 8 OUTPUT


   TECHNICAL 8 OUTPUT FOR BAYES ESTIMATION

     CHAIN    BSEED
     1        0
     2        285380

                     POTENTIAL       PARAMETER WITH
     ITERATION    SCALE REDUCTION      HIGHEST PSR
     100              4.356               37
     200              2.759               57
     300              2.246               30
     400              1.998               22
     500              2.221               44
     600              2.169               45
     700              2.617               45
     800              1.979               45
     900              1.848               33
     1000             1.820               33
     1100             1.553               33
     1200             1.593               33
     1300             1.513               33
     1400             1.677               44
     1500             1.842               44
     1600             1.932               44
     1700             1.742               44
     1800             1.620               44
     1900             1.653               49
     2000             1.771               49
     2100             1.841               49
     2200             1.846               49
     2300             1.903               49
     2400             2.095               49
     2500             2.278               49
     2600             2.357               49
     2700             2.060               49
     2800             1.657               49
     2900             1.545               49
     3000             1.576               47
     3100             1.577               47
     3200             1.574               47
     3300             1.578               47
     3400             1.623               47
     3500             1.660               47
     3600             1.684               47
     3700             1.749               47
     3800             1.772               47
     3900             1.774               47
     4000             1.642               47
     4100             1.556               47
     4200             1.567               47
     4300             1.512               47
     4400             1.443               47
     4500             1.376               47
     4600             1.311               47
     4700             1.317               47
     4800             1.328               47
     4900             1.330               47
     5000             1.325               47
     5100             1.318               50
     5200             1.314               50
     5300             1.300               50
     5400             1.286               40
     5500             1.287               40
     5600             1.290               40
     5700             1.303               40
     5800             1.329               40
     5900             1.351               40
     6000             1.322               40
     6100             1.291               41
     6200             1.292               40
     6300             1.308               41
     6400             1.327               41
     6500             1.348               41
     6600             1.360               41
     6700             1.381               41
     6800             1.354               41
     6900             1.311               41
     7000             1.288               41
     7100             1.287               41
     7200             1.283               41
     7300             1.290               41
     7400             1.286               41
     7500             1.282               41
     7600             1.270               41
     7700             1.251               41
     7800             1.222               41
     7900             1.190               41
     8000             1.183               41
     8100             1.180               41
     8200             1.180               41
     8300             1.170               41
     8400             1.138               41
     8500             1.111               41
     8600             1.088               40
     8700             1.077               40
     8800             1.073               40
     8900             1.060               36
     9000             1.057               47
     9100             1.058               47
     9200             1.066               47
     9300             1.056               47
     9400             1.052               47
     9500             1.053               47
     9600             1.052               47
     9700             1.047               47
     9800             1.049               47
     9900             1.055               47
     10000            1.061               47


     Beginning Time:  13:49:17
        Ending Time:  14:05:01
       Elapsed Time:  00:15:44



MUTHEN & MUTHEN
3463 Stoner Ave.
Los Angeles, CA  90066

Tel: (310) 391-9971
Fax: (310) 391-8971
Web: www.StatModel.com
Support: Support@StatModel.com

Copyright (c) 1998-2020 Muthen & Muthen
