Mplus VERSION 8.5 (Mac)
MUTHEN & MUTHEN
03/17/2022   7:22 AM

INPUT INSTRUCTIONS

  TITLE: Analysis 5
  DATA: FILE = analysis4+5_S1.dat;
  VARIABLE:
  NAMES = ID WB content stressed lonely
  FTF CMC mixed peers family weak_ties
  E A C N O gender ethnicity SES weekend;
  USEVARIABLES = content
  CMC mixed family weak_ties
  weekend
  cxf cxw mxf mxw;
  CLUSTER = ID;
  WITHIN = CMC mixed family weak_ties weekend
  cxf cxw mxf mxw;
  MISSING = .;
  DEFINE:
  CENTER CMC (GROUPMEAN);
  CENTER mixed (GROUPMEAN);
  CENTER family (GROUPMEAN);
  CENTER weak_ties (GROUPMEAN);
  cxf=CMC*family;
  cxw=CMC*weak_ties;
  mxf=mixed*family;
  mxw=mixed*weak_ties;
  ANALYSIS: TYPE = TWOLEVEL RANDOM; ESTIMATOR = BAYES;
  BITERATIONS = (10000); PROCESSORS = 2;
  MODEL:
  %WITHIN%
  ! Contentment is predicted by CMC, the slope is random
  S1 | content ON CMC;
  ! Contentment is predicted by mixed episodes, the slope is random
  S2 | content ON mixed;
  ! Contentment is predicted by family, the slope is random
  S3 | content ON family;
  ! Contentment is predicted by weak ties, the slope is random
  S4 | content ON weak_ties;
  ! Contentment is predicted by CMC*family, the slope is random
  S5 | content ON cxf;
  ! Contentment is predicted by CMC*weak ties, the slope is random
  S6 | content ON cxw;
  ! Contentment is predicted by mixed*family, the slope is random
  S7 | content ON mxf;
  ! Contentment is predicted by mixed*weak ties, the slope is random
  S8 | content ON mxw;
  ! Control for weekend
  content ON weekend;
  %BETWEEN%
  ! Covariance between intercept and slopes
  content S1-S8 WITH content S1-S8;
  OUTPUT: STDYX STDY TECH8;



*** WARNING in VARIABLE command
  Note that only the first 8 characters of variable names are used in the output.
  Shorten variable names to avoid any confusion.
*** WARNING
  One or more individual-level variables have no variation within a
  cluster for the following clusters.

     Variable   Cluster IDs with no within-cluster variation

      CONTENT     460 644 195 1006 652 524 571 1174 1017 1094 831 395 468 922 235 485 653 846
                  1051 1011 690 956 660 1306 1108 1112 501 55 188 1018 1340 520 112 1321 206 1296
                  270
      WEEKEND     476 567 992 127 1082 1091 1167 183 195 811 938 202 998 645 1040 722 1179 1274
                  16 1348 4 522 33 1050 569 587 1123 1154 362 607 975 389 423 1017 130 114 1074
                  343 1094 794 799 843 973 885 1305 967 395 988 213 589 466 335 546 665 922 674
                  1067 371 235 5 941 966 117 771 790 553 653 846 1389 580 217 227 1213 1278 850
                  1053 24 943 950 179 1222 755 1366 1013 750 275 1149 1024 433 706 7 341 917 501
                  803 1211 1320 868 661 876 627 1302 474 99
      CXF         460 476 567 877 992 246 127 1082 1091 1167 644 183 195 148 811 637 938 942 202
                  998 1006 652 1040 167 524 722 1179 1274 16 1348 4 278 323 522 1023 33 128 1050
                  569 1059 571 587 1116 1123 775 362 380 14 389 407 1219 405 304 409 413 1017
                  424 1035 201 130 549 1074 343 1093 1094 794 799 831 843 851 973 1242 1247 575
                  885 1305 1371 958 967 395 139 456 988 213 589 774 468 335 339 1280 546 9 674
                  1373 709 371 1081 913 235 5 1106 941 391 1128 1144 966 485 117 153 300 784 528
                  798 1290 68 1325 846 578 946 959 605 611 57 227 1203 1213 1237 1011 64 816 827
                  88 1278 39 654 345 870 359 91 910 715 464 1092 719 400 1140 830 265 1163 628
                  1007 1008 739 1209 1022 222 499 136 1053 426 83 1339 951 550 690 805 237 175
                  1033 412 786 176 179 956 525 1069 1222 394 813 824 540 1252 1261 451 149 614
                  1115 755 1338 365 635 560 640 1159 1394 933 1038 676 207 1175 421 713 458 527
                  541 1257 547 1269 436 753 847 275 441 491 1120 860 1149 1166 425 574 504 1044
                  506 518 433 935 772 317 103 599 685 328 704 203 274 73 1330 7 1346 732 1133
                  469 743 258 1198 642 455 255 1206 186 591 296 760 357 23 874 264 193 171 906
                  60 56 613 917 1322 918 87 1337 1048 718 515 510 1216 864 770 698 353 242 783
                  169 787 923 1143 929 297 530 650 419 1049 543 1331 106 825 12 194 834 1376 672
                  116 346 1208 758 932 1253 936 512 350 620 622 699 282 1304 286 1312 1192 334
                  730 47 896 489 600 188 62 812 133 151 392 1119 714 900 1265 1131 1275 444 789
                  105 514 1289 727 305 927 58 173 8 934 592 819 535 470 184 675 677 1357 484 375
                  1215 1084 387 228 854 1078 568 467 1288 1186 945 710 1099 948 397 110 636 833
                  1363 1152 604 687 367 368 1161 497 647 969 791 1052 239 306 581 584 208 1193
                  507 937 121 1114 150 944 601 702 886 6 683 86 298 59 401 916 143 919 1212 924
                  749 336 277 198 576 873 383 711 1170 1271 147 259 828 890 1111 1185 952 99 1224
                  692 53 657 51 1250 420 447 1340 505 1355 707 667 858 422 327 308 548 634 360
                  321 534 746 159 1009 1165 751 1369 752 788 356 904 1392 861 1027 205 124 1087
                  1177 1138 531 361 1368 1307 776 681 316 516 762 551 1218 189 254 1310 89 608
                  141 44 891 804 720 1321 865 1046 724 324 728 989 735 1365 544 703 180 472 440
                  445 224 1090 757 1238 206 1184 134 61 1367 806 490 511 1042 1105 893 844 1217
                  212 65 1251 1031 93 234 593 102 1234 688 994 352 921 954 1227 40 1293 1045 1385
                  1075 766 1057 1315 930 393 1195 177 496 271 1210 723 641 34 1344 1390 585 1220
                  556 557 586 976 250 1319 276 897 1333 236 1230 508 486 267 1077 248 879 494
                  1268 565 1190 403 1266 109 459 1241 52 963 415 1225 1137 656 925 354 659 10
                  1003 145 991 1375 293
      CXW         460 476 567 877 992 246 127 1082 1091 1167 644 183 195 148 811 637 938 942 1004
                  1006 652 1040 1055 524 722 1179 1259 1274 16 1348 759 4 278 323 522 1023 1050
                  569 571 1116 1123 775 1169 1174 362 607 14 975 389 407 1219 304 409 413 423
                  1035 130 549 1093 831 843 851 1248 885 1305 1371 967 395 139 456 988 774 337
                  9 674 371 913 1106 1128 485 1171 771 153 790 528 68 1325 653 846 564 1096 578
                  49 1011 118 816 827 39 345 91 715 464 719 19 1117 400 1140 1142 628 1007 1008
                  739 273 1022 1053 426 438 1071 951 550 690 237 175 1168 956 525 394 813 149
                  614 457 1115 755 1338 635 79 1394 1038 1058 458 1060 85 50 547 847 860 1149
                  1166 425 574 504 1207 935 772 685 328 706 203 274 732 469 743 1198 455 1206
                  186 1235 296 264 193 906 60 87 931 1048 1062 510 864 701 353 708 325 783 1021
                  1285 650 543 106 12 194 1376 1208 932 512 620 622 55 1297 1303 1312 1320 730
                  47 11 133 900 514 1289 934 535 1084 63 387 568 1018 1314 406 1363 604 368 497
                  1273 1052 306 288 369 741 937 1103 121 150 601 1254 886 6 86 59 122 143 919
                  277 1170 828 1111 729 1224 398 837 657 447 971 1277 801 712 159 442 751 1027
                  112 205 681 454 1218 254 1041 333 513 608 891 804 226 720 1321 875 180 1090
                  315 490 1042 1105 844 93 102 509 352 921 1227 984 1385 808 766 1057 431 588
                  496 1210 633 556 976 1319 276 236 1072 344 1268 565 459 738 980 538 1375
      MXF         460 476 567 877 992 246 127 1082 1091 1167 644 183 195 148 811 637 938 942 202
                  998 1006 645 652 1040 167 524 722 1179 1259 1274 16 1348 4 278 323 522 1023
                  33 128 1050 569 1059 571 587 1116 1123 1154 775 1174 362 607 380 14 975 389
                  407 1219 17 405 304 409 413 1017 424 309 1035 201 130 549 1074 343 115 1093
                  1094 794 799 281 831 843 849 851 973 1242 1247 1248 575 885 1294 1305 301 1371
                  958 967 395 139 456 988 213 589 774 1199 468 335 629 495 339 1280 546 665 674
                  1373 709 1081 225 913 235 5 941 391 1128 1144 966 485 767 117 153 300 784 528
                  798 1290 68 98 1325 553 653 1051 1389 1096 578 946 959 373 49 217 605 311 611
                  57 619 227 1203 1213 80 1237 64 118 816 827 88 1278 654 345 870 359 91 910 715
                  464 1092 719 19 1117 400 1140 1142 830 265 1163 628 1007 1008 731 1197 747 1209
                  1022 884 222 499 136 1053 426 1071 83 1339 951 550 690 805 237 1033 412 786
                  176 272 179 956 525 1069 1222 394 813 824 540 1252 1261 451 149 614 1115 755
                  365 1366 1013 635 560 640 1159 1394 933 1038 676 207 1175 421 713 458 527 541
                  1257 388 547 1269 436 748 753 847 275 441 491 1120 860 1149 1024 492 1166 261
                  574 504 1044 506 518 433 935 772 317 103 947 779 599 1255 685 328 704 111 203
                  1292 274 1108 73 1330 209 7 1346 732 1133 469 200 743 258 1198 642 523 455 255
                  341 655 591 187 296 760 357 23 874 606 264 193 171 906 60 56 613 917 1322 918
                  87 1328 1337 501 718 515 803 572 1062 510 1216 864 770 698 242 783 1021 169
                  577 787 923 1287 1143 929 297 530 419 1049 372 543 1331 106 825 12 194 834 1374
                  1376 672 116 346 1208 758 932 404 1253 936 1037 512 350 620 622 699 282 1303
                  1304 286 1239 1312 1320 1182 15 1192 162 334 730 47 896 489 600 1228 188 62
                  812 318 133 151 503 392 1119 894 714 900 1265 1131 1275 444 789 105 514 1289
                  727 305 927 58 173 8 934 592 819 72 535 215 470 184 675 677 1354 1357 1361 484
                  375 1215 1084 387 228 854 1078 568 319 467 1288 1186 1302 945 710 1099 948 474
                  397 406 902 110 636 833 408 1363 1148 1152 563 604 687 367 368 1161 497 647
                  1397 969 791 818 822 1052 239 306 1301 581 584 208 1193 507 432 937 939 121
                  1114 1352 944 871 601 1127 230 702 886 887 1395 6 683 86 298 59 401 916 122
                  143 919 1212 1136 924 928 749 336 277 1342 198 576 182 873 383 711 166 1170
                  1271 147 259 828 890 1111 1185 1360 952 473 99 1224 692 53 657 51 1250 420 447
                  1340 505 1355 1356 707 312 667 858 754 422 807 327 308 548 520 985 634 360 321
                  997 534 294 1349 746 159 1009 1165 751 1369 752 31 788 356 904 1392 861 1027
                  124 1087 1089 1177 1138 866 531 802 361 1368 1307 776 221 681 316 516 882 253
                  762 1334 615 551 1218 189 254 156 257 908 1310 430 89 141 44 891 804 1164 157
                  720 1321 863 865 1046 724 324 728 989 570 245 735 781 1365 544 703 180 472 440
                  1214 445 224 1090 757 123 1238 342 539 206 1184 671 315 134 61 1367 806 490
                  511 386 1042 1105 893 238 844 478 1217 212 65 582 280 1251 1031 93 234 593 102
                  1234 688 915 994 352 562 921 954 1227 40 1293 1045 880 1300 552 964 1385 1075
                  1129 835 1057 1315 431 930 393 1195 177 496 271 1210 723 641 34 1344 573 1390
                  585 1220 449 77 556 557 586 976 250 1319 651 852 276 897 736 1333 236 1012 1230
                  508 486 267 1077 583 248 603 879 494 1268 565 594 1190 403 1266 1232 109 459
                  1241 52 617 963 415 1225 1137 656 925 1029 354 659 10 1003 145 140 991 1375
                  303 293
      MXW         460 476 567 877 992 246 127 1082 1091 1167 644 183 195 148 811 637 938 942 202
                  1004 1006 645 1040 1055 524 722 1179 1259 16 1348 759 4 323 522 1023 1050 569
                  1059 571 587 1116 1123 1154 775 1169 1174 362 607 14 975 389 407 1219 17 405
                  304 413 423 1017 309 1035 130 1074 115 1093 1094 794 799 281 831 843 849 851
                  1247 1248 885 1294 1305 301 1371 958 395 139 456 988 774 1199 468 335 629 495
                  337 339 1280 546 665 709 371 225 913 235 941 391 1128 485 1171 767 771 153 784
                  790 528 1290 68 98 1325 553 653 1051 564 1389 1096 578 373 49 217 311 619 227
                  1213 80 64 118 816 827 88 39 654 345 91 715 1092 719 19 1117 400 1142 830 265
                  628 1007 1008 731 1197 273 747 1022 884 499 426 438 1071 83 951 550 237 1033
                  1168 272 956 525 394 813 824 149 614 457 1115 755 1366 1013 635 1159 79 1394
                  1038 1058 458 1060 85 50 541 388 547 1269 748 753 847 275 860 1149 1024 492
                  1166 261 504 433 1207 935 772 947 779 1255 685 328 706 111 203 1292 274 1108
                  73 1330 209 732 469 200 743 1198 523 255 341 655 1235 187 296 606 171 906 60
                  87 1328 931 501 803 572 1062 510 864 701 708 325 783 1021 577 1285 1287 297
                  1049 372 543 106 194 1374 1376 1208 932 404 1037 512 350 622 55 1297 1303 1304
                  1239 1312 1320 1182 15 162 47 896 11 1228 188 318 133 503 392 894 900 1275 514
                  1289 305 934 592 72 535 215 470 184 1354 1361 1215 63 387 228 568 319 1288 1018
                  1302 1099 1314 474 397 406 902 408 1363 1148 563 604 367 368 497 1397 818 1273
                  822 306 288 1301 369 581 432 741 1103 939 121 1114 1352 871 601 1127 230 1254
                  886 887 1395 6 86 59 122 143 919 1212 1136 928 1342 182 383 166 1170 828 1111
                  1185 1360 952 473 729 1224 398 837 657 447 1340 505 1356 312 971 1277 801 754
                  807 520 985 634 997 712 294 1349 159 442 751 31 788 1027 112 1089 866 802 776
                  221 681 882 253 454 1334 615 1218 254 156 257 908 1041 333 430 513 891 804 226
                  1164 157 720 1321 863 865 570 875 245 781 180 472 1214 224 1090 123 342 539
                  671 315 490 386 1042 1105 238 844 478 582 280 93 102 509 915 562 921 1227 880
                  1300 552 984 964 1385 808 1129 835 1057 431 588 496 1210 723 573 633 449 77
                  556 976 1319 651 852 276 736 236 1012 1072 583 344 603 1268 565 594 403 1232
                  459 738 617 980 1029 538 140 1375 303

*** WARNING
  Data set contains cases with missing on all variables except
  x-variables.  These cases were not included in the analysis.
  Number of cases with missing on all variables except x-variables:  34
   3 WARNING(S) FOUND IN THE INPUT INSTRUCTIONS



Analysis 5

SUMMARY OF ANALYSIS

Number of groups                                                 1
Number of observations                                       23744

Number of dependent variables                                    1
Number of independent variables                                  9
Number of continuous latent variables                            8

Observed dependent variables

  Continuous
   CONTENT

Observed independent variables
   CMC         MIXED       FAMILY      WEAK_TIE    WEEKEND     CXF
   CXW         MXF         MXW

Continuous latent variables
   S1          S2          S3          S4          S5          S6
   S7          S8

Variables with special functions

  Cluster variable      ID

  Within variables
   CMC         MIXED       FAMILY      WEAK_TIE    WEEKEND     CXF
   CXW         MXF         MXW

  Centering (GROUPMEAN)
   CMC         MIXED       FAMILY      WEAK_TIE


Estimator                                                    BAYES
Specifications for Bayesian Estimation
  Point estimate                                            MEDIAN
  Number of Markov chain Monte Carlo (MCMC) chains               2
  Random seed for the first chain                                0
  Starting value information                           UNPERTURBED
  Algorithm used for Markov chain Monte Carlo           GIBBS(PX1)
  Convergence criterion                                  0.500D-01
  Maximum number of iterations                               50000
  K-th iteration used for thinning                               1

Input data file(s)
  analysis4+5_S1.dat
Input data format  FREE


SUMMARY OF DATA

     Number of clusters                       1347

       Size (s)    Cluster ID with Size s

          1        27 75 84 90 181 331 332 385 595 612 670 717 740 765
                   768 1010 1030 1326 1388 1391
          2        460 476 567 877 992 246 127 1082 1091 1167 644 183 195
          3        148 811 637 938 942 202 998 1004 1006 645 652 1040 1055
                   167 524 722 1179 1259 1274 16 1348 759 4
          4        278 323 522 1023 33 128 1050 569 1059 571 587 1116 1123
                   1154 775 1169 1174 362 607 380 14 975 389 407 1219 17
          5        405 304 409 413 423 1017 424 309 1035 201 130 114 549
                   1074 343 115 1093 1094 794 799 281 831 843 849 851 973
                   1242 1247 1248 575 885 1294 1305 291 301 1371 958 967
                   395
          6        139 456 988 213 589 774 466 1199 468 335 629 495 337
                   339 1280 546 665 9 922 674 1373 1379 709 168
          7        1067 371 1081 225 913 235 5 1106 941 391 1128 1144 66
                   1160 966 485 1171 767 117 771 153 300 1245 784 790 528
                   798 1019 1290 68 98 1325 553 653 846 1051 554 564 1389
                   1063
          8        92 1096 578 946 580 959 373 49 217 605 311 611 57 619
                   227 1203 1213 80 1237 1011 64 118 816 827 88 1278 39
                   654 555 850 345 870 359 91 910 715 464 1092 719
          9        19 1117 979 400 1140 1142 830 265 838 1163 628 1007
                   1008 731 739 1197 273 747 1209 1022 632 191 884 222
                   499 136 1053 24 426 778 438 1071 943 1080 83 1339 950
                   951 550 682 690 805 237
         10        175 1033 1168 412 260 786 417 176 272 179 956 525 1069
                   1222 394 813 597 824 540 1252 443 1261 610 451 149 614
                   457 1115 210 755 1338 365 559 1366 1013 635 560 1384
                   640 1159 79 1394 269
         11        933 30 1038 676 207 1175 160 421 713 1058 1205 458 1060
                   527 85 50 1070 541 733 1079 968 1257 388 547 1269 436
                   987 748 750 753 847 275 441 491 1120 860 1359 658 660
                   769 663 1149 773 609 1024 492 1166
         12        566 261 425 218 574 889 1172 907 504 1043 1044 506 1201
                   518 433 1207 935 772 268 317 103 598 947 949 779 599
                   1255 684 685 328 704 706 111 810 203 1292 977 274 1306
                   1308 1108 73 1330 209 7 1346 287 1122 732 290 1133 469
                   1382 845 200 742 743 258
         13        1198 642 523 455 255 1206 744 186 341 655 591 1235 187
                   296 760 761 357 299 1005 23 1112 1113 874 606 264 193
                   171 906 60 56 613 917 1317 1322 918 87 1328 931 1337
                   501 161 204 792 1048 718 630 515 803 1056 241 572 1191
                   1194 146 1062
         14        1211 510 1216 691 864 770 698 701 353 322 708 242 325
                   783 1021 169 1262 577 787 1276 414 923 1285 1287 1143
                   929 297 418 1156 530 650 419 1049 734 372 543 1331 106
                   480 36 825 826 12 178 194 834 1374 1376 672 18 116 678
                   502 346 1208 347 450 758
         15        932 404 446 1253 936 1037 28 512 350 620 622 626 1158
                   694 1282 279 699 410 55 282 1297 1303 1304 286 196 1239
                   1312 856 1320 329 862 1182 15 1192 868 532 162 334 995
                   542 1086 730 47 896 489 11 600 104 661 240 1228 188
                   62 812 318 133 151
         16        1001 876 503 782 392 54 1119 894 714 900 1265 1014 1131
                   1275 444 789 639 105 514 990 1289 727 1032 305 1034
                   927 58 173 8 627 934 592 320 819 244 72 252 535 215
                   470 184 675 32 677 1354 1357 483 1361 484 375 488 970
                   219 382 857 1215 1084 63 387 144 228
         17        854 1078 568 319 467 69 1178 1288 1083 165 1291 1186
                   867 1018 1302 307 945 710 872 1099 948 1314 474 545
                   397 477 957 38 95 961 452 81 406 902 110 636 833 911
                   408 1363 1148 914 1249 1152 563 604 1380 687 367 368
                   1161 497 647 1397 969 791
         18        818 302 1273 822 1052 142 901 529 239 1066 306 129 616
                   120 288 721 842 396 1301 369 581 1183 584 208 402 1193
                   429 507 432 741 937 859 1204 1103 939 1335 940 121 48
                   1114 150 1352 944 376 800 695 1121 871 601 1125 1127
                   229 230 1132 702 26 448 1254 886 887 1395 965 1151
         19        898 6 76 41 232 683 86 1299 298 59 401 916 122 143 919
                   216 1313 696 1212 1318 1136 924 745 928 101 1147 487
                   1000 749 336 277 1342 1155 198 1 576 182 873 383 1362
                   711 1258 166 1372 878 664 1170 621 1271 147 259 828
                   890 348 390 1111 1185 1360 952 473
         20        1150 729 99 100 1224 692 1015 693 398 53 837 657 839
                   51 1327 1250 1098 903 119 700 420 447 1340 71 505 795
                   1264 853 1355 1356 797 707 312 971 667 858 602 1277
                   801 1279 983 754 422 1286 807 327 308 453 251 152 643
                   548 520 199
         21        985 137 1085 634 1270 360 321 154 997 712 437 534 294
                   1349 1157 1353 536 746 159 623 1009 1165 625 442 815
                   751 1369 1118 1240 752 1243 895 31 22 788 356 1180 1073
                   904 1392 861 1026 1027 112
         22        205 124 1087 1236 1089 1177 97 1138 243 174 192 866
                   1145 1146 531 802 361 1104 909 1368 1307 776 841 221
                   681 211 316 516 882 253 1386 737 454 135 1039 762 1334
                   615
         23        1065 646 1336 551 1068 1218 649 498 899 214 310 189
                   254 156 1176 257 533 993 908 832 126 1041 1088 763 370
                   333 1310 1311 430 513 89 1316 608 141 374 74 416 439
                   44 1061 378 1396 891
         24        804 226 1164 157 720 1321 863 399 978 865 1046 283 724
                   324 728 989 1260 284 427 570 428 996 875 20 1351 1124
                   245 735 67 537 780 781 78 170 292 233 1365 544 703 180
                   472 440 363 668 1214 190 366 1381 82 1153 445 224 855
                   1233 1090 757 123 1238 342
         25        666 539 3 1226 206 1184 671 315 134 25 61 1367 1323
                   806 490 1162 764 1097 974 511 386 1042 1105 893 37 238
                   1173 844 247 164 478 1217 364
         26        1141 285 1110 829 1244 212 65 1054 582 280 1251 1031
                   379 29 1332 93 1296 1377 716 679 1064 234 593 558 519
                   102 509 1234 688 962 915 994 352
         27        562 1107 921 384 954 777 1324 1227 40 1293 1231 926
                   1045 880 1300 552 1267 984 1028 475 964 1341 820 1385
                   1345 1075 808 766 1350 1129 835 1057 1315
         28        431 930 793 155 393 1195 1223 177 482 588 1109 1229
                   1202 1130 496 471 270 461 271 624 1210 723 641 34 848
         29        108 435 500 96 1246 526 1002 1344 107 573 633 1390 823
                   585 340 185 1220 1189
         30        814 449 479 77 338 556 1187 557 648 586 976 250 1100
                   1319 651 351 852
         31        276 289 897 736 1333 1102 236 1012 1230 508 1072 486
                   1196 267 689 1077 590 1284 809 583 313
         32        705 248 1256 618 344 1283 358 561 1309 603 879 494 881
                   462 1268 883 131 565 266 42 594 840 70
         33        465 223 2 1190 403 1266 1232 109 262 1134 377 1295 1126
         34        1095 631 1383 220 697 459 1241
         35        912 1343 52 1139 796 481 256 197 434 738 617 94 963
                   662 415 980
         36        1225 1137 411 1101 656 1016 113 686
         37        925 596 1029 955 354
         38        659 463 1200 125 579 756
         39        330 1364 10 1281 538
         40        1298
         41        1003 231 145 1393 140
         42        355 991 836
         43        249 869 1375 13
         44        982 1076 1020
         45        1025
         47        138
         48        263
         51        303
         53        293



COVARIANCE COVERAGE OF DATA

Minimum covariance coverage value   0.100

     Number of missing data patterns             1


     PROPORTION OF DATA PRESENT


           Covariance Coverage
              CONTENT       CMC           MIXED         FAMILY        WEAK_TIE
              ________      ________      ________      ________      ________
 CONTENT        1.000
 CMC            1.000         1.000
 MIXED          1.000         1.000         1.000
 FAMILY         1.000         1.000         1.000         1.000
 WEAK_TIE       1.000         1.000         1.000         1.000         1.000
 WEEKEND        1.000         1.000         1.000         1.000         1.000
 CXF            1.000         1.000         1.000         1.000         1.000
 CXW            1.000         1.000         1.000         1.000         1.000
 MXF            1.000         1.000         1.000         1.000         1.000
 MXW            1.000         1.000         1.000         1.000         1.000


           Covariance Coverage
              WEEKEND       CXF           CXW           MXF           MXW
              ________      ________      ________      ________      ________
 WEEKEND        1.000
 CXF            1.000         1.000
 CXW            1.000         1.000         1.000
 MXF            1.000         1.000         1.000         1.000
 MXW            1.000         1.000         1.000         1.000         1.000



UNIVARIATE SAMPLE STATISTICS


     UNIVARIATE HIGHER-ORDER MOMENT DESCRIPTIVE STATISTICS

         Variable/         Mean/     Skewness/   Minimum/ % with                Percentiles
        Sample Size      Variance    Kurtosis    Maximum  Min/Max      20%/60%    40%/80%    Median

     CONTENT               2.704      -0.096       1.000    8.66%       2.000      2.000      3.000
           23744.000       0.811      -0.838       4.000   21.48%       3.000      4.000
     CMC                   0.000       0.522      -0.968    0.00%      -0.350     -0.200     -0.125
           23744.000       0.177      -0.855       0.970    0.00%      -0.042      0.500
     MIXED                 0.000       1.274      -0.846    0.01%      -0.227     -0.105     -0.067
           23744.000       0.116       1.030       0.979    0.00%      -0.038      0.000
     FAMILY                0.000       1.900      -0.833    0.00%      -0.115     -0.050     -0.031
           23744.000       0.071       4.517       0.979    0.00%       0.000      0.000
     WEAK_TIES             0.000       1.337      -0.944    0.00%      -0.217     -0.125     -0.083
           23744.000       0.121       1.011       0.981    0.00%      -0.056      0.000
     WEEKEND               0.267       1.053       0.000   73.30%       0.000      0.000      0.000
           23744.000       0.196      -0.891       1.000   26.70%       0.000      1.000
     CXF                   0.006       1.860      -0.922    0.00%      -0.020      0.000      0.000
           23744.000       0.015      15.176       0.930    0.00%       0.000      0.024
     CXW                  -0.027      -0.365      -0.892    0.00%      -0.096      0.000      0.000
           23744.000       0.019       6.742       0.879    0.00%       0.008      0.036
     MXF                  -0.005       1.177      -0.712    0.00%       0.000      0.000      0.000
           23744.000       0.005      39.346       0.835    0.00%       0.000      0.009
     MXW                  -0.007       1.286      -0.712    0.00%      -0.031      0.000      0.000
           23744.000       0.011      17.507       0.848    0.01%       0.006      0.022


THE MODEL ESTIMATION TERMINATED NORMALLY

     USE THE FBITERATIONS OPTION TO INCREASE THE NUMBER OF ITERATIONS BY A FACTOR
     OF AT LEAST TWO TO CHECK CONVERGENCE AND THAT THE PSR VALUE DOES NOT INCREASE.



MODEL FIT INFORMATION

Number of Free Parameters                              56

Information Criteria

          Deviance (DIC)                        52423.047
          Estimated Number of Parameters (pD)    2214.565



MODEL RESULTS

                                Posterior  One-Tailed         95% C.I.
                    Estimate       S.D.      P-Value   Lower 2.5%  Upper 2.5%  Significance

Within Level

 CONTENT    ON
    WEEKEND            0.074       0.011      0.000       0.052       0.096      *

 Residual Variances
    CONTENT            0.485       0.005      0.000       0.476       0.495      *

Between Level

 CONTENT  WITH
    S1                 0.009       0.009      0.131      -0.007       0.027
    S2                 0.001       0.009      0.460      -0.017       0.020
    S3                -0.005       0.013      0.359      -0.030       0.020
    S4                -0.002       0.010      0.410      -0.022       0.017
    S5                -0.020       0.027      0.231      -0.072       0.035
    S6                 0.032       0.026      0.103      -0.019       0.082
    S7                 0.012       0.047      0.397      -0.078       0.106
    S8                 0.010       0.032      0.380      -0.048       0.074

 S1       WITH
    S2                 0.030       0.009      0.000       0.015       0.048      *
    S3                 0.005       0.011      0.344      -0.017       0.026
    S4                 0.033       0.009      0.000       0.015       0.051      *
    S5                 0.002       0.023      0.473      -0.039       0.050
    S6                -0.031       0.019      0.056      -0.066       0.007
    S7                 0.003       0.035      0.464      -0.066       0.070
    S8                 0.003       0.023      0.431      -0.039       0.051

 S2       WITH
    S3                 0.002       0.012      0.428      -0.020       0.026
    S4                 0.010       0.009      0.124      -0.007       0.029
    S5                -0.008       0.022      0.342      -0.053       0.030
    S6                -0.019       0.017      0.138      -0.052       0.017
    S7                 0.017       0.029      0.278      -0.043       0.072
    S8                -0.012       0.019      0.281      -0.045       0.029

 S3       WITH
    S4                 0.003       0.012      0.399      -0.023       0.027
    S5                -0.032       0.024      0.096      -0.080       0.014
    S6                 0.052       0.029      0.036      -0.005       0.110
    S7                 0.058       0.036      0.050      -0.014       0.130
    S8                 0.024       0.030      0.216      -0.030       0.086

 S4       WITH
    S5                 0.002       0.024      0.474      -0.047       0.051
    S6                -0.017       0.020      0.202      -0.055       0.021
    S7                -0.009       0.036      0.404      -0.083       0.060
    S8                 0.029       0.023      0.093      -0.013       0.075

 S5       WITH
    S6                 0.024       0.051      0.323      -0.070       0.128
    S7                 0.069       0.073      0.160      -0.059       0.226
    S8                -0.013       0.055      0.406      -0.123       0.092

 S6       WITH
    S7                 0.084       0.069      0.104      -0.060       0.218
    S8                 0.051       0.051      0.146      -0.053       0.155

 S7       WITH
    S8                 0.011       0.075      0.442      -0.125       0.162

 Means
    CONTENT            2.686       0.016      0.000       2.655       2.718      *
    S1                -0.241       0.015      0.000      -0.270      -0.212      *
    S2                -0.001       0.016      0.479      -0.033       0.030
    S3                 0.060       0.023      0.005       0.015       0.106      *
    S4                -0.278       0.018      0.000      -0.314      -0.244      *
    S5                -0.066       0.052      0.101      -0.168       0.037
    S6                 0.237       0.043      0.000       0.154       0.321      *
    S7                 0.008       0.087      0.462      -0.157       0.185
    S8                 0.100       0.053      0.033      -0.007       0.201

 Variances
    CONTENT            0.287       0.013      0.000       0.263       0.313      *
    S1                 0.063       0.010      0.000       0.045       0.085      *
    S2                 0.033       0.009      0.000       0.018       0.054      *
    S3                 0.080       0.017      0.000       0.050       0.117      *
    S4                 0.068       0.012      0.000       0.046       0.093      *
    S5                 0.189       0.074      0.000       0.072       0.361      *
    S6                 0.200       0.061      0.000       0.098       0.337      *
    S7                 0.377       0.134      0.000       0.167       0.692      *
    S8                 0.145       0.067      0.000       0.057       0.313      *


STANDARDIZED MODEL RESULTS


STDYX Standardization

                                Posterior  One-Tailed         95% C.I.
                    Estimate       S.D.      P-Value   Lower 2.5%  Upper 2.5%  Significance

Within-Level Standardized Estimates Averaged Over Clusters

 S1 | CONTENT ON
    CMC               -0.125       0.007      0.000      -0.138      -0.111      *

 S2 | CONTENT ON
    MIXED              0.000       0.006      0.500      -0.011       0.012

 S3 | CONTENT ON
    FAMILY             0.015       0.005      0.005       0.005       0.024      *

 S4 | CONTENT ON
    WEAK_TIES         -0.111       0.007      0.000      -0.124      -0.098      *

 S5 | CONTENT ON
    CXF               -0.008       0.004      0.036      -0.015       0.000

 S6 | CONTENT ON
    CXW                0.031       0.006      0.000       0.020       0.043      *

 S7 | CONTENT ON
    MXF                0.002       0.003      0.285      -0.004       0.009

 S8 | CONTENT ON
    MXW                0.010       0.004      0.013       0.001       0.018      *

 CONTENT    ON
    WEEKEND            0.040       0.006      0.000       0.027       0.050      *

 Residual Variances
    CONTENT            0.910       0.004      0.000       0.901       0.918      *

Between Level

 CONTENT  WITH
    S1                 0.069       0.063      0.131      -0.053       0.194
    S2                 0.010       0.097      0.460      -0.179       0.201
    S3                -0.030       0.084      0.359      -0.199       0.131
    S4                -0.016       0.073      0.410      -0.160       0.124
    S5                -0.085       0.122      0.231      -0.322       0.166
    S6                 0.135       0.109      0.103      -0.085       0.346
    S7                 0.037       0.142      0.397      -0.238       0.319
    S8                 0.047       0.159      0.380      -0.244       0.375

 S1       WITH
    S2                 0.664       0.116      0.000       0.407       0.869      *
    S3                 0.066       0.155      0.344      -0.250       0.348
    S4                 0.505       0.114      0.000       0.259       0.708      *
    S5                 0.015       0.220      0.473      -0.337       0.508
    S6                -0.280       0.166      0.056      -0.577       0.064
    S7                 0.020       0.222      0.464      -0.422       0.433
    S8                 0.038       0.222      0.431      -0.400       0.473

 S2       WITH
    S3                 0.044       0.222      0.428      -0.396       0.453
    S4                 0.219       0.180      0.124      -0.157       0.550
    S5                -0.111       0.260      0.342      -0.558       0.438
    S6                -0.246       0.208      0.138      -0.595       0.196
    S7                 0.155       0.243      0.278      -0.395       0.566
    S8                -0.173       0.264      0.281      -0.622       0.379

 S3       WITH
    S4                 0.042       0.172      0.399      -0.359       0.327
    S5                -0.264       0.184      0.096      -0.573       0.139
    S6                 0.423       0.209      0.036      -0.039       0.760
    S7                 0.341       0.191      0.050      -0.082       0.675
    S8                 0.232       0.249      0.216      -0.294       0.659

 S4       WITH
    S5                 0.016       0.218      0.474      -0.390       0.476
    S6                -0.151       0.187      0.202      -0.553       0.160
    S7                -0.057       0.222      0.404      -0.485       0.359
    S8                 0.298       0.202      0.093      -0.155       0.634

 S5       WITH
    S6                 0.130       0.264      0.323      -0.381       0.651
    S7                 0.269       0.246      0.160      -0.245       0.708
    S8                -0.079       0.350      0.406      -0.748       0.704

 S6       WITH
    S7                 0.316       0.232      0.104      -0.224       0.688
    S8                 0.304       0.271      0.146      -0.337       0.754

 S7       WITH
    S8                 0.050       0.313      0.442      -0.581       0.620

 Means
    CONTENT            5.014       0.116      0.000       4.792       5.244      *
    S1                -0.960       0.101      0.000      -1.181      -0.783      *
    S2                -0.005       0.090      0.479      -0.188       0.171
    S3                 0.212       0.088      0.005       0.050       0.395      *
    S4                -1.071       0.118      0.000      -1.336      -0.874      *
    S5                -0.152       0.128      0.101      -0.418       0.094
    S6                 0.533       0.137      0.000       0.320       0.860      *
    S7                 0.013       0.146      0.462      -0.262       0.318
    S8                 0.266       0.155      0.033      -0.018       0.590

 Variances
    CONTENT            1.000       0.000      0.000       1.000       1.000
    S1                 1.000       0.000      0.000       1.000       1.000
    S2                 1.000       0.000      0.000       1.000       1.000
    S3                 1.000       0.000      0.000       1.000       1.000
    S4                 1.000       0.000      0.000       1.000       1.000
    S5                 1.000       0.000      0.000       1.000       1.000
    S6                 1.000       0.000      0.000       1.000       1.000
    S7                 1.000       0.000      0.000       1.000       1.000
    S8                 1.000       0.000      0.000       1.000       1.000


STDY Standardization

                                Posterior  One-Tailed         95% C.I.
                    Estimate       S.D.      P-Value   Lower 2.5%  Upper 2.5%  Significance

Within-Level Standardized Estimates Averaged Over Clusters

 S1 | CONTENT ON
    CMC               -0.324       0.018      0.000      -0.359      -0.286      *

 S2 | CONTENT ON
    MIXED              0.004       0.022      0.424      -0.037       0.048

 S3 | CONTENT ON
    FAMILY             0.085       0.028      0.007       0.026       0.136      *

 S4 | CONTENT ON
    WEAK_TIES         -0.369       0.022      0.000      -0.417      -0.328      *

 S5 | CONTENT ON
    CXF               -0.118       0.059      0.031      -0.217       0.003

 S6 | CONTENT ON
    CXW                0.318       0.059      0.000       0.198       0.424      *

 S7 | CONTENT ON
    MXF                0.054       0.107      0.294      -0.140       0.281

 S8 | CONTENT ON
    MXW                0.145       0.070      0.024       0.001       0.271      *

 CONTENT    ON
    WEEKEND            0.102       0.015      0.000       0.070       0.130      *

 Residual Variances
    CONTENT            0.910       0.004      0.000       0.901       0.918      *

Between Level

 CONTENT  WITH
    S1                 0.069       0.063      0.131      -0.053       0.194
    S2                 0.010       0.097      0.460      -0.179       0.201
    S3                -0.030       0.084      0.359      -0.199       0.131
    S4                -0.016       0.073      0.410      -0.160       0.124
    S5                -0.085       0.122      0.231      -0.322       0.166
    S6                 0.135       0.109      0.103      -0.085       0.346
    S7                 0.037       0.142      0.397      -0.238       0.319
    S8                 0.047       0.159      0.380      -0.244       0.375

 S1       WITH
    S2                 0.664       0.116      0.000       0.407       0.869      *
    S3                 0.066       0.155      0.344      -0.250       0.348
    S4                 0.505       0.114      0.000       0.259       0.708      *
    S5                 0.015       0.220      0.473      -0.337       0.508
    S6                -0.280       0.166      0.056      -0.577       0.064
    S7                 0.020       0.222      0.464      -0.422       0.433
    S8                 0.038       0.222      0.431      -0.400       0.473

 S2       WITH
    S3                 0.044       0.222      0.428      -0.396       0.453
    S4                 0.219       0.180      0.124      -0.157       0.550
    S5                -0.111       0.260      0.342      -0.558       0.438
    S6                -0.246       0.208      0.138      -0.595       0.196
    S7                 0.155       0.243      0.278      -0.395       0.566
    S8                -0.173       0.264      0.281      -0.622       0.379

 S3       WITH
    S4                 0.042       0.172      0.399      -0.359       0.327
    S5                -0.264       0.184      0.096      -0.573       0.139
    S6                 0.423       0.209      0.036      -0.039       0.760
    S7                 0.341       0.191      0.050      -0.082       0.675
    S8                 0.232       0.249      0.216      -0.294       0.659

 S4       WITH
    S5                 0.016       0.218      0.474      -0.390       0.476
    S6                -0.151       0.187      0.202      -0.553       0.160
    S7                -0.057       0.222      0.404      -0.485       0.359
    S8                 0.298       0.202      0.093      -0.155       0.634

 S5       WITH
    S6                 0.130       0.264      0.323      -0.381       0.651
    S7                 0.269       0.246      0.160      -0.245       0.708
    S8                -0.079       0.350      0.406      -0.748       0.704

 S6       WITH
    S7                 0.316       0.232      0.104      -0.224       0.688
    S8                 0.304       0.271      0.146      -0.337       0.754

 S7       WITH
    S8                 0.050       0.313      0.442      -0.581       0.620

 Means
    CONTENT            5.014       0.116      0.000       4.792       5.244      *
    S1                -0.960       0.101      0.000      -1.181      -0.783      *
    S2                -0.005       0.090      0.479      -0.188       0.171
    S3                 0.212       0.088      0.005       0.050       0.395      *
    S4                -1.071       0.118      0.000      -1.336      -0.874      *
    S5                -0.152       0.128      0.101      -0.418       0.094
    S6                 0.533       0.137      0.000       0.320       0.860      *
    S7                 0.013       0.146      0.462      -0.262       0.318
    S8                 0.266       0.155      0.033      -0.018       0.590

 Variances
    CONTENT            1.000       0.000      0.000       1.000       1.000
    S1                 1.000       0.000      0.000       1.000       1.000
    S2                 1.000       0.000      0.000       1.000       1.000
    S3                 1.000       0.000      0.000       1.000       1.000
    S4                 1.000       0.000      0.000       1.000       1.000
    S5                 1.000       0.000      0.000       1.000       1.000
    S6                 1.000       0.000      0.000       1.000       1.000
    S7                 1.000       0.000      0.000       1.000       1.000
    S8                 1.000       0.000      0.000       1.000       1.000


R-SQUARE

Within-Level R-Square Averaged Across Clusters

                                Posterior  One-Tailed         95% C.I.
    Variable        Estimate       S.D.      P-Value   Lower 2.5%  Upper 2.5%

    CONTENT            0.090       0.004      0.000       0.082       0.099


TECHNICAL 1 OUTPUT


     PARAMETER SPECIFICATION FOR WITHIN


           NU
              CONTENT       CMC           MIXED         FAMILY        WEAK_TIE
              ________      ________      ________      ________      ________
                    0             0             0             0             0


           NU
              WEEKEND       CXF           CXW           MXF           MXW
              ________      ________      ________      ________      ________
                    0             0             0             0             0


           LAMBDA
              CONTENT       CMC           MIXED         FAMILY        WEAK_TIE
              ________      ________      ________      ________      ________
 CONTENT            0             0             0             0             0
 CMC                0             0             0             0             0
 MIXED              0             0             0             0             0
 FAMILY             0             0             0             0             0
 WEAK_TIE           0             0             0             0             0
 WEEKEND            0             0             0             0             0
 CXF                0             0             0             0             0
 CXW                0             0             0             0             0
 MXF                0             0             0             0             0
 MXW                0             0             0             0             0


           LAMBDA
              WEEKEND       CXF           CXW           MXF           MXW
              ________      ________      ________      ________      ________
 CONTENT            0             0             0             0             0
 CMC                0             0             0             0             0
 MIXED              0             0             0             0             0
 FAMILY             0             0             0             0             0
 WEAK_TIE           0             0             0             0             0
 WEEKEND            0             0             0             0             0
 CXF                0             0             0             0             0
 CXW                0             0             0             0             0
 MXF                0             0             0             0             0
 MXW                0             0             0             0             0


           THETA
              CONTENT       CMC           MIXED         FAMILY        WEAK_TIE
              ________      ________      ________      ________      ________
 CONTENT            0
 CMC                0             0
 MIXED              0             0             0
 FAMILY             0             0             0             0
 WEAK_TIE           0             0             0             0             0
 WEEKEND            0             0             0             0             0
 CXF                0             0             0             0             0
 CXW                0             0             0             0             0
 MXF                0             0             0             0             0
 MXW                0             0             0             0             0


           THETA
              WEEKEND       CXF           CXW           MXF           MXW
              ________      ________      ________      ________      ________
 WEEKEND            0
 CXF                0             0
 CXW                0             0             0
 MXF                0             0             0             0
 MXW                0             0             0             0             0


           ALPHA
              CONTENT       CMC           MIXED         FAMILY        WEAK_TIE
              ________      ________      ________      ________      ________
                    0             0             0             0             0


           ALPHA
              WEEKEND       CXF           CXW           MXF           MXW
              ________      ________      ________      ________      ________
                    0             0             0             0             0


           BETA
              CONTENT       CMC           MIXED         FAMILY        WEAK_TIE
              ________      ________      ________      ________      ________
 CONTENT            0             0             0             0             0
 CMC                0             0             0             0             0
 MIXED              0             0             0             0             0
 FAMILY             0             0             0             0             0
 WEAK_TIE           0             0             0             0             0
 WEEKEND            0             0             0             0             0
 CXF                0             0             0             0             0
 CXW                0             0             0             0             0
 MXF                0             0             0             0             0
 MXW                0             0             0             0             0


           BETA
              WEEKEND       CXF           CXW           MXF           MXW
              ________      ________      ________      ________      ________
 CONTENT            1             0             0             0             0
 CMC                0             0             0             0             0
 MIXED              0             0             0             0             0
 FAMILY             0             0             0             0             0
 WEAK_TIE           0             0             0             0             0
 WEEKEND            0             0             0             0             0
 CXF                0             0             0             0             0
 CXW                0             0             0             0             0
 MXF                0             0             0             0             0
 MXW                0             0             0             0             0


           PSI
              CONTENT       CMC           MIXED         FAMILY        WEAK_TIE
              ________      ________      ________      ________      ________
 CONTENT            2
 CMC                0             0
 MIXED              0             0             0
 FAMILY             0             0             0             0
 WEAK_TIE           0             0             0             0             0
 WEEKEND            0             0             0             0             0
 CXF                0             0             0             0             0
 CXW                0             0             0             0             0
 MXF                0             0             0             0             0
 MXW                0             0             0             0             0


           PSI
              WEEKEND       CXF           CXW           MXF           MXW
              ________      ________      ________      ________      ________
 WEEKEND            0
 CXF                0             0
 CXW                0             0             0
 MXF                0             0             0             0
 MXW                0             0             0             0             0


     PARAMETER SPECIFICATION FOR BETWEEN


           NU
              CONTENT
              ________
                    0


           LAMBDA
              S1            S2            S3            S4            S5
              ________      ________      ________      ________      ________
 CONTENT            0             0             0             0             0


           LAMBDA
              S6            S7            S8            CONTENT
              ________      ________      ________      ________
 CONTENT            0             0             0             0


           THETA
              CONTENT
              ________
 CONTENT            0


           ALPHA
              S1            S2            S3            S4            S5
              ________      ________      ________      ________      ________
                    3             4             5             6             7


           ALPHA
              S6            S7            S8            CONTENT
              ________      ________      ________      ________
                    8             9            10            11


           BETA
              S1            S2            S3            S4            S5
              ________      ________      ________      ________      ________
 S1                 0             0             0             0             0
 S2                 0             0             0             0             0
 S3                 0             0             0             0             0
 S4                 0             0             0             0             0
 S5                 0             0             0             0             0
 S6                 0             0             0             0             0
 S7                 0             0             0             0             0
 S8                 0             0             0             0             0
 CONTENT            0             0             0             0             0


           BETA
              S6            S7            S8            CONTENT
              ________      ________      ________      ________
 S1                 0             0             0             0
 S2                 0             0             0             0
 S3                 0             0             0             0
 S4                 0             0             0             0
 S5                 0             0             0             0
 S6                 0             0             0             0
 S7                 0             0             0             0
 S8                 0             0             0             0
 CONTENT            0             0             0             0


           PSI
              S1            S2            S3            S4            S5
              ________      ________      ________      ________      ________
 S1                12
 S2                13            14
 S3                15            16            17
 S4                18            19            20            21
 S5                22            23            24            25            26
 S6                27            28            29            30            31
 S7                33            34            35            36            37
 S8                40            41            42            43            44
 CONTENT           48            49            50            51            52


           PSI
              S6            S7            S8            CONTENT
              ________      ________      ________      ________
 S6                32
 S7                38            39
 S8                45            46            47
 CONTENT           53            54            55            56


     STARTING VALUES FOR WITHIN


           NU
              CONTENT       CMC           MIXED         FAMILY        WEAK_TIE
              ________      ________      ________      ________      ________
                0.000         0.000         0.000         0.000         0.000


           NU
              WEEKEND       CXF           CXW           MXF           MXW
              ________      ________      ________      ________      ________
                0.000         0.000         0.000         0.000         0.000


           LAMBDA
              CONTENT       CMC           MIXED         FAMILY        WEAK_TIE
              ________      ________      ________      ________      ________
 CONTENT        1.000         0.000         0.000         0.000         0.000
 CMC            0.000         1.000         0.000         0.000         0.000
 MIXED          0.000         0.000         1.000         0.000         0.000
 FAMILY         0.000         0.000         0.000         1.000         0.000
 WEAK_TIE       0.000         0.000         0.000         0.000         1.000
 WEEKEND        0.000         0.000         0.000         0.000         0.000
 CXF            0.000         0.000         0.000         0.000         0.000
 CXW            0.000         0.000         0.000         0.000         0.000
 MXF            0.000         0.000         0.000         0.000         0.000
 MXW            0.000         0.000         0.000         0.000         0.000


           LAMBDA
              WEEKEND       CXF           CXW           MXF           MXW
              ________      ________      ________      ________      ________
 CONTENT        0.000         0.000         0.000         0.000         0.000
 CMC            0.000         0.000         0.000         0.000         0.000
 MIXED          0.000         0.000         0.000         0.000         0.000
 FAMILY         0.000         0.000         0.000         0.000         0.000
 WEAK_TIE       0.000         0.000         0.000         0.000         0.000
 WEEKEND        1.000         0.000         0.000         0.000         0.000
 CXF            0.000         1.000         0.000         0.000         0.000
 CXW            0.000         0.000         1.000         0.000         0.000
 MXF            0.000         0.000         0.000         1.000         0.000
 MXW            0.000         0.000         0.000         0.000         1.000


           THETA
              CONTENT       CMC           MIXED         FAMILY        WEAK_TIE
              ________      ________      ________      ________      ________
 CONTENT        0.000
 CMC            0.000         0.000
 MIXED          0.000         0.000         0.000
 FAMILY         0.000         0.000         0.000         0.000
 WEAK_TIE       0.000         0.000         0.000         0.000         0.000
 WEEKEND        0.000         0.000         0.000         0.000         0.000
 CXF            0.000         0.000         0.000         0.000         0.000
 CXW            0.000         0.000         0.000         0.000         0.000
 MXF            0.000         0.000         0.000         0.000         0.000
 MXW            0.000         0.000         0.000         0.000         0.000


           THETA
              WEEKEND       CXF           CXW           MXF           MXW
              ________      ________      ________      ________      ________
 WEEKEND        0.000
 CXF            0.000         0.000
 CXW            0.000         0.000         0.000
 MXF            0.000         0.000         0.000         0.000
 MXW            0.000         0.000         0.000         0.000         0.000


           ALPHA
              CONTENT       CMC           MIXED         FAMILY        WEAK_TIE
              ________      ________      ________      ________      ________
                0.000         0.000         0.000         0.000         0.000


           ALPHA
              WEEKEND       CXF           CXW           MXF           MXW
              ________      ________      ________      ________      ________
                0.000         0.000         0.000         0.000         0.000


           BETA
              CONTENT       CMC           MIXED         FAMILY        WEAK_TIE
              ________      ________      ________      ________      ________
 CONTENT        0.000         0.000         0.000         0.000         0.000
 CMC            0.000         0.000         0.000         0.000         0.000
 MIXED          0.000         0.000         0.000         0.000         0.000
 FAMILY         0.000         0.000         0.000         0.000         0.000
 WEAK_TIE       0.000         0.000         0.000         0.000         0.000
 WEEKEND        0.000         0.000         0.000         0.000         0.000
 CXF            0.000         0.000         0.000         0.000         0.000
 CXW            0.000         0.000         0.000         0.000         0.000
 MXF            0.000         0.000         0.000         0.000         0.000
 MXW            0.000         0.000         0.000         0.000         0.000


           BETA
              WEEKEND       CXF           CXW           MXF           MXW
              ________      ________      ________      ________      ________
 CONTENT        0.000         0.000         0.000         0.000         0.000
 CMC            0.000         0.000         0.000         0.000         0.000
 MIXED          0.000         0.000         0.000         0.000         0.000
 FAMILY         0.000         0.000         0.000         0.000         0.000
 WEAK_TIE       0.000         0.000         0.000         0.000         0.000
 WEEKEND        0.000         0.000         0.000         0.000         0.000
 CXF            0.000         0.000         0.000         0.000         0.000
 CXW            0.000         0.000         0.000         0.000         0.000
 MXF            0.000         0.000         0.000         0.000         0.000
 MXW            0.000         0.000         0.000         0.000         0.000


           PSI
              CONTENT       CMC           MIXED         FAMILY        WEAK_TIE
              ________      ________      ________      ________      ________
 CONTENT        0.406
 CMC            0.000         0.089
 MIXED          0.000         0.000         0.058
 FAMILY         0.000         0.000         0.000         0.035
 WEAK_TIE       0.000         0.000         0.000         0.000         0.061
 WEEKEND        0.000         0.000         0.000         0.000         0.000
 CXF            0.000         0.000         0.000         0.000         0.000
 CXW            0.000         0.000         0.000         0.000         0.000
 MXF            0.000         0.000         0.000         0.000         0.000
 MXW            0.000         0.000         0.000         0.000         0.000


           PSI
              WEEKEND       CXF           CXW           MXF           MXW
              ________      ________      ________      ________      ________
 WEEKEND        0.098
 CXF            0.000         0.007
 CXW            0.000         0.000         0.010
 MXF            0.000         0.000         0.000         0.002
 MXW            0.000         0.000         0.000         0.000         0.005


     STARTING VALUES FOR BETWEEN


           NU
              CONTENT
              ________
                0.000


           LAMBDA
              S1            S2            S3            S4            S5
              ________      ________      ________      ________      ________
 CONTENT        0.000         0.000         0.000         0.000         0.000


           LAMBDA
              S6            S7            S8            CONTENT
              ________      ________      ________      ________
 CONTENT        0.000         0.000         0.000         1.000


           THETA
              CONTENT
              ________
 CONTENT        0.000


           ALPHA
              S1            S2            S3            S4            S5
              ________      ________      ________      ________      ________
                0.000         0.000         0.000         0.000         0.000


           ALPHA
              S6            S7            S8            CONTENT
              ________      ________      ________      ________
                0.000         0.000         0.000         2.704


           BETA
              S1            S2            S3            S4            S5
              ________      ________      ________      ________      ________
 S1             0.000         0.000         0.000         0.000         0.000
 S2             0.000         0.000         0.000         0.000         0.000
 S3             0.000         0.000         0.000         0.000         0.000
 S4             0.000         0.000         0.000         0.000         0.000
 S5             0.000         0.000         0.000         0.000         0.000
 S6             0.000         0.000         0.000         0.000         0.000
 S7             0.000         0.000         0.000         0.000         0.000
 S8             0.000         0.000         0.000         0.000         0.000
 CONTENT        0.000         0.000         0.000         0.000         0.000


           BETA
              S6            S7            S8            CONTENT
              ________      ________      ________      ________
 S1             0.000         0.000         0.000         0.000
 S2             0.000         0.000         0.000         0.000
 S3             0.000         0.000         0.000         0.000
 S4             0.000         0.000         0.000         0.000
 S5             0.000         0.000         0.000         0.000
 S6             0.000         0.000         0.000         0.000
 S7             0.000         0.000         0.000         0.000
 S8             0.000         0.000         0.000         0.000
 CONTENT        0.000         0.000         0.000         0.000


           PSI
              S1            S2            S3            S4            S5
              ________      ________      ________      ________      ________
 S1             1.000
 S2             0.000         1.000
 S3             0.000         0.000         1.000
 S4             0.000         0.000         0.000         1.000
 S5             0.000         0.000         0.000         0.000         1.000
 S6             0.000         0.000         0.000         0.000         0.000
 S7             0.000         0.000         0.000         0.000         0.000
 S8             0.000         0.000         0.000         0.000         0.000
 CONTENT        0.000         0.000         0.000         0.000         0.000


           PSI
              S6            S7            S8            CONTENT
              ________      ________      ________      ________
 S6             1.000
 S7             0.000         1.000
 S8             0.000         0.000         1.000
 CONTENT        0.000         0.000         0.000         0.406



     PRIORS FOR ALL PARAMETERS            PRIOR MEAN      PRIOR VARIANCE     PRIOR STD. DEV.

     Parameter 1~N(0.000,infinity)           0.0000            infinity            infinity
     Parameter 2~IG(-1.000,0.000)          infinity            infinity            infinity
     Parameter 3~N(0.000,infinity)           0.0000            infinity            infinity
     Parameter 4~N(0.000,infinity)           0.0000            infinity            infinity
     Parameter 5~N(0.000,infinity)           0.0000            infinity            infinity
     Parameter 6~N(0.000,infinity)           0.0000            infinity            infinity
     Parameter 7~N(0.000,infinity)           0.0000            infinity            infinity
     Parameter 8~N(0.000,infinity)           0.0000            infinity            infinity
     Parameter 9~N(0.000,infinity)           0.0000            infinity            infinity
     Parameter 10~N(0.000,infinity)          0.0000            infinity            infinity
     Parameter 11~N(0.000,infinity)          0.0000            infinity            infinity
     Parameter 12~IW(0.000,-10)            infinity            infinity            infinity
     Parameter 13~IW(0.000,-10)            infinity            infinity            infinity
     Parameter 14~IW(0.000,-10)            infinity            infinity            infinity
     Parameter 15~IW(0.000,-10)            infinity            infinity            infinity
     Parameter 16~IW(0.000,-10)            infinity            infinity            infinity
     Parameter 17~IW(0.000,-10)            infinity            infinity            infinity
     Parameter 18~IW(0.000,-10)            infinity            infinity            infinity
     Parameter 19~IW(0.000,-10)            infinity            infinity            infinity
     Parameter 20~IW(0.000,-10)            infinity            infinity            infinity
     Parameter 21~IW(0.000,-10)            infinity            infinity            infinity
     Parameter 22~IW(0.000,-10)            infinity            infinity            infinity
     Parameter 23~IW(0.000,-10)            infinity            infinity            infinity
     Parameter 24~IW(0.000,-10)            infinity            infinity            infinity
     Parameter 25~IW(0.000,-10)            infinity            infinity            infinity
     Parameter 26~IW(0.000,-10)            infinity            infinity            infinity
     Parameter 27~IW(0.000,-10)            infinity            infinity            infinity
     Parameter 28~IW(0.000,-10)            infinity            infinity            infinity
     Parameter 29~IW(0.000,-10)            infinity            infinity            infinity
     Parameter 30~IW(0.000,-10)            infinity            infinity            infinity
     Parameter 31~IW(0.000,-10)            infinity            infinity            infinity
     Parameter 32~IW(0.000,-10)            infinity            infinity            infinity
     Parameter 33~IW(0.000,-10)            infinity            infinity            infinity
     Parameter 34~IW(0.000,-10)            infinity            infinity            infinity
     Parameter 35~IW(0.000,-10)            infinity            infinity            infinity
     Parameter 36~IW(0.000,-10)            infinity            infinity            infinity
     Parameter 37~IW(0.000,-10)            infinity            infinity            infinity
     Parameter 38~IW(0.000,-10)            infinity            infinity            infinity
     Parameter 39~IW(0.000,-10)            infinity            infinity            infinity
     Parameter 40~IW(0.000,-10)            infinity            infinity            infinity
     Parameter 41~IW(0.000,-10)            infinity            infinity            infinity
     Parameter 42~IW(0.000,-10)            infinity            infinity            infinity
     Parameter 43~IW(0.000,-10)            infinity            infinity            infinity
     Parameter 44~IW(0.000,-10)            infinity            infinity            infinity
     Parameter 45~IW(0.000,-10)            infinity            infinity            infinity
     Parameter 46~IW(0.000,-10)            infinity            infinity            infinity
     Parameter 47~IW(0.000,-10)            infinity            infinity            infinity
     Parameter 48~IW(0.000,-10)            infinity            infinity            infinity
     Parameter 49~IW(0.000,-10)            infinity            infinity            infinity
     Parameter 50~IW(0.000,-10)            infinity            infinity            infinity
     Parameter 51~IW(0.000,-10)            infinity            infinity            infinity
     Parameter 52~IW(0.000,-10)            infinity            infinity            infinity
     Parameter 53~IW(0.000,-10)            infinity            infinity            infinity
     Parameter 54~IW(0.000,-10)            infinity            infinity            infinity
     Parameter 55~IW(0.000,-10)            infinity            infinity            infinity
     Parameter 56~IW(0.000,-10)            infinity            infinity            infinity


TECHNICAL 8 OUTPUT


   TECHNICAL 8 OUTPUT FOR BAYES ESTIMATION

     CHAIN    BSEED
     1        0
     2        285380

                     POTENTIAL       PARAMETER WITH
     ITERATION    SCALE REDUCTION      HIGHEST PSR
     100              3.053               47
     200              3.433               40
     300              2.801               40
     400              3.775               38
     500              3.508               38
     600              2.967               46
     700              2.460               36
     800              2.243               36
     900              2.233               34
     1000             2.601               36
     1100             2.579               36
     1200             2.442               36
     1300             2.471               54
     1400             2.101               38
     1500             2.201               36
     1600             2.297               36
     1700             2.483               38
     1800             2.469               38
     1900             2.503               38
     2000             2.560               38
     2100             2.403               38
     2200             2.388               38
     2300             2.214               38
     2400             2.175               38
     2500             2.184               38
     2600             2.215               38
     2700             2.277               38
     2800             2.296               38
     2900             2.399               38
     3000             2.428               38
     3100             2.471               38
     3200             2.425               38
     3300             2.444               38
     3400             2.454               38
     3500             2.519               38
     3600             2.558               38
     3700             2.590               38
     3800             2.549               38
     3900             2.373               38
     4000             2.213               38
     4100             2.149               38
     4200             2.102               38
     4300             2.044               38
     4400             2.018               38
     4500             1.956               38
     4600             1.936               38
     4700             1.841               38
     4800             1.774               38
     4900             1.686               38
     5000             1.654               38
     5100             1.581               40
     5200             1.645               40
     5300             1.693               40
     5400             1.729               40
     5500             1.725               40
     5600             1.741               40
     5700             1.741               40
     5800             1.698               40
     5900             1.696               40
     6000             1.672               40
     6100             1.604               40
     6200             1.564               40
     6300             1.461               40
     6400             1.415               40
     6500             1.408               40
     6600             1.393               40
     6700             1.392               40
     6800             1.381               40
     6900             1.353               40
     7000             1.331               40
     7100             1.306               40
     7200             1.280               40
     7300             1.239               40
     7400             1.209               40
     7500             1.183               40
     7600             1.172               36
     7700             1.171               47
     7800             1.174               47
     7900             1.178               47
     8000             1.193               47
     8100             1.203               47
     8200             1.212               47
     8300             1.217               47
     8400             1.229               47
     8500             1.248               47
     8600             1.254               47
     8700             1.252               47
     8800             1.245               47
     8900             1.246               47
     9000             1.255               47
     9100             1.270               47
     9200             1.287               47
     9300             1.294               47
     9400             1.292               47
     9500             1.294               47
     9600             1.311               47
     9700             1.317               47
     9800             1.324               47
     9900             1.334               47
     10000            1.349               47
     10100            1.363               47
     10200            1.371               47
     10300            1.365               47
     10400            1.373               47
     10500            1.369               47
     10600            1.380               47
     10700            1.400               47
     10800            1.415               47
     10900            1.450               47
     11000            1.473               47
     11100            1.505               47
     11200            1.521               47
     11300            1.530               47
     11400            1.523               47
     11500            1.507               47
     11600            1.510               47
     11700            1.530               47
     11800            1.513               47
     11900            1.505               47
     12000            1.493               47
     12100            1.496               47
     12200            1.499               47
     12300            1.493               47
     12400            1.498               47
     12500            1.492               47
     12600            1.479               47
     12700            1.448               47
     12800            1.417               47
     12900            1.397               47
     13000            1.396               46
     13100            1.410               46
     13200            1.418               46
     13300            1.426               46
     13400            1.426               46
     13500            1.441               46
     13600            1.454               46
     13700            1.461               46
     13800            1.461               46
     13900            1.463               46
     14000            1.456               46
     14100            1.442               46
     14200            1.430               46
     14300            1.425               46
     14400            1.422               46
     14500            1.427               46
     14600            1.423               46
     14700            1.430               46
     14800            1.434               46
     14900            1.439               46
     15000            1.443               46
     15100            1.432               46
     15200            1.424               46
     15300            1.402               46
     15400            1.379               46
     15500            1.366               46
     15600            1.364               47
     15700            1.377               47
     15800            1.387               47
     15900            1.395               47
     16000            1.402               47
     16100            1.411               47
     16200            1.407               47
     16300            1.412               47
     16400            1.412               47
     16500            1.423               47
     16600            1.421               47
     16700            1.423               47
     16800            1.425               47
     16900            1.419               47
     17000            1.396               47
     17100            1.381               47
     17200            1.373               47
     17300            1.355               47
     17400            1.356               47
     17500            1.359               47
     17600            1.364               47
     17700            1.370               47
     17800            1.367               47
     17900            1.350               47
     18000            1.349               47
     18100            1.344               47
     18200            1.341               47
     18300            1.339               47
     18400            1.337               47
     18500            1.330               47
     18600            1.316               47
     18700            1.300               47
     18800            1.285               47
     18900            1.271               47
     19000            1.258               47
     19100            1.252               47
     19200            1.254               47
     19300            1.257               47
     19400            1.265               47
     19500            1.269               47
     19600            1.271               47
     19700            1.270               47
     19800            1.269               47
     19900            1.271               47
     20000            1.274               47
     20100            1.269               47
     20200            1.262               47
     20300            1.248               47
     20400            1.244               47
     20500            1.247               47
     20600            1.242               47
     20700            1.231               47
     20800            1.229               47
     20900            1.231               47
     21000            1.226               47
     21100            1.217               47
     21200            1.200               47
     21300            1.179               47
     21400            1.169               47
     21500            1.161               47
     21600            1.157               47
     21700            1.146               47
     21800            1.137               47
     21900            1.125               47
     22000            1.117               47
     22100            1.110               47
     22200            1.108               47
     22300            1.109               47
     22400            1.106               47
     22500            1.103               47
     22600            1.102               47
     22700            1.104               47
     22800            1.109               47
     22900            1.113               47
     23000            1.115               47
     23100            1.116               47
     23200            1.119               47
     23300            1.120               47
     23400            1.122               47
     23500            1.127               47
     23600            1.131               47
     23700            1.133               47
     23800            1.132               47
     23900            1.128               47
     24000            1.127               47
     24100            1.127               47
     24200            1.126               47
     24300            1.118               47
     24400            1.117               47
     24500            1.120               47
     24600            1.121               47
     24700            1.121               47
     24800            1.122               47
     24900            1.114               47
     25000            1.111               47
     25100            1.109               41
     25200            1.113               41
     25300            1.121               41
     25400            1.128               41
     25500            1.135               41
     25600            1.137               41
     25700            1.140               41
     25800            1.146               41
     25900            1.146               41
     26000            1.143               41
     26100            1.135               41
     26200            1.134               41
     26300            1.129               41
     26400            1.126               41
     26500            1.124               41
     26600            1.119               41
     26700            1.116               41
     26800            1.109               41
     26900            1.106               41
     27000            1.104               41
     27100            1.100               41
     27200            1.096               41
     27300            1.088               41


     Beginning Time:  07:22:01
        Ending Time:  08:08:14
       Elapsed Time:  00:46:13



MUTHEN & MUTHEN
3463 Stoner Ave.
Los Angeles, CA  90066

Tel: (310) 391-9971
Fax: (310) 391-8971
Web: www.StatModel.com
Support: Support@StatModel.com

Copyright (c) 1998-2020 Muthen & Muthen
