Mplus VERSION 8.5 (Mac)
MUTHEN & MUTHEN
03/17/2022  10:05 AM

INPUT INSTRUCTIONS

  TITLE: Analysis 5
  DATA: FILE = analysis4+5_S1.dat;
  VARIABLE:
  NAMES = ID WB content stressed lonely
  FTF CMC mixed peers family weak_ties
  E A C N O gender ethnicity SES weekend;
  USEVARIABLES = content
  CMC mixed family weak_ties
  weekend N
  cxf cxw mxf mxw;
  CLUSTER = ID;
  WITHIN = CMC mixed family weak_ties weekend
  cxf cxw mxf mxw;
  BETWEEN = N;
  MISSING = .;
  DEFINE:
  CENTER CMC (GROUPMEAN);
  CENTER mixed (GROUPMEAN);
  CENTER family (GROUPMEAN);
  CENTER weak_ties (GROUPMEAN);
  cxf=CMC*family;
  cxw=CMC*weak_ties;
  mxf=mixed*family;
  mxw=mixed*weak_ties;
  CENTER N (GRANDMEAN);
  ANALYSIS: TYPE = TWOLEVEL RANDOM; ESTIMATOR = BAYES;
  BITERATIONS = (10000); PROCESSORS = 2;
  MODEL:
  %WITHIN%
  ! Contentment is predicted by CMC, the slope is random
  S1 | content ON CMC;
  ! Contentment is predicted by mixed episodes, the slope is random
  S2 | content ON mixed;
  ! Contentment is predicted by family, the slope is random
  S3 | content ON family;
  ! Contentment is predicted by weak ties, the slope is random
  S4 | content ON weak_ties;
  ! Contentment is predicted by CMC*family, the slope is random
  S5 | content ON cxf;
  ! Contentment is predicted by CMC*weak ties, the slope is random
  S6 | content ON cxw;
  ! Contentment is predicted by mixed*family, the slope is random
  S7 | content ON mxf;
  ! Contentment is predicted by mixed*weak ties, the slope is random
  S8 | content ON mxw;
  ! Control for weekend
  content ON weekend;
  %BETWEEN%
  ! Covariance between intercept and slopes
  content S1-S8 WITH content S1-S8;
  ! The intercept is predicted by neuroticism
  content ON N;
  ! The slopes are predicted by neuroticism
  S1-S8 ON N;
  OUTPUT: STDYX STDY TECH8;



*** WARNING in VARIABLE command
  Note that only the first 8 characters of variable names are used in the output.
  Shorten variable names to avoid any confusion.
*** WARNING
  One or more individual-level variables have no variation within a
  cluster for the following clusters.

     Variable   Cluster IDs with no within-cluster variation

      CONTENT     644 1006 652 524 571 1017 1094 831 468 922 235 485 1051 690 660 1306 1108 501
                  55 188 1018 1340 520 112 206 1296 270
      WEEKEND     476 567 992 1082 1167 183 811 938 202 998 1040 1179 1274 16 1348 4 522 1050
                  569 1123 1154 607 975 389 423 1017 130 1074 343 1094 794 799 843 973 967 988
                  213 589 335 665 922 674 1067 235 5 941 966 553 1389 580 217 1213 1278 850 1053
                  24 943 950 179 1222 755 1013 750 275 433 706 7 341 917 501 803 1320 868 661
                  876 627 1302 474 99
      CXF         476 567 877 992 246 1082 1167 644 183 811 637 938 202 998 1006 652 1040 524
                  1179 1274 16 1348 4 278 323 522 1023 128 1050 569 1059 571 1123 380 14 389 407
                  1219 1017 424 201 130 549 1074 343 1093 1094 794 799 831 843 851 973 1242 1247
                  1371 967 413 139 456 988 213 589 774 468 335 339 1280 9 674 1373 709 1081 913
                  235 5 1106 941 391 1128 1144 966 485 153 300 798 68 1325 578 946 605 57 1203
                  1213 1237 64 816 827 88 1278 39 654 345 359 91 910 464 1092 719 400 1140 830
                  265 1163 628 1007 1008 1022 222 499 136 1053 426 83 1339 951 550 690 805 237
                  175 1033 412 786 176 179 525 1069 1222 394 824 1252 1261 614 755 1338 365 635
                  560 640 1159 1166 933 1038 676 207 1175 421 713 458 527 541 1257 547 1269 436
                  753 847 275 441 491 1120 860 103 425 574 504 518 433 935 317 599 685 328 704
                  203 274 73 7 1346 732 1133 469 743 258 1198 642 455 255 1206 186 591 296 760
                  357 23 874 193 171 906 60 613 917 1322 918 87 1337 1048 718 510 1216 770 353
                  242 169 787 923 1143 929 297 530 650 419 1049 543 1331 106 825 12 194 834 1376
                  672 116 346 1208 758 1253 936 350 620 622 699 1304 1192 334 47 896 489 600 188
                  62 151 133 392 1119 714 1265 1131 444 789 105 514 1289 727 305 927 58 173 8
                  934 592 819 470 184 675 677 1357 484 375 1215 387 228 854 1078 568 467 1186
                  945 1099 948 397 110 636 833 1363 1152 687 367 368 1161 791 239 306 581 584
                  208 507 937 121 1114 150 944 702 886 1052 6 683 86 298 59 401 916 143 919 1212
                  749 336 277 198 383 711 1170 1271 147 259 828 890 1111 1185 952 99 1224 692
                  53 657 51 1250 420 1340 505 1355 667 858 422 327 308 548 634 360 321 534 159
                  1009 1165 1369 752 788 904 1392 861 1027 205 124 1087 1177 1138 531 1368 1307
                  776 681 316 762 551 1218 189 254 1310 89 608 141 44 891 804 720 865 1046 724
                  728 735 1365 544 703 180 472 440 445 1090 757 1238 206 1184 134 61 1367 806
                  511 1042 1105 893 844 1217 212 65 1251 1031 93 234 593 1234 688 994 352 921
                  954 1227 40 1293 1045 1385 1075 766 1057 930 393 1195 177 496 1210 723 641 1344
                  1390 585 556 557 586 976 250 1319 276 897 1333 236 1230 508 486 267 1077 248
                  879 494 1268 565 1190 403 459 52 963 1225 1137 656 925 354 659 10 1003 145 991
                  1375 293
      CXW         476 567 877 992 246 1082 1167 644 183 811 637 938 1004 1006 652 1040 1055 524
                  1179 1259 1274 16 1348 4 278 323 522 1023 1050 569 571 1123 607 14 975 389 407
                  1219 423 130 549 1093 831 843 851 1248 1371 967 413 139 456 988 774 9 674 913
                  1106 1128 485 1171 153 68 1325 564 1096 578 49 118 816 827 39 345 91 464 719
                  19 1117 400 1140 1142 628 1007 1008 1022 1053 426 438 1071 951 550 690 237 175
                  1168 525 394 614 457 755 1338 635 79 1166 1038 1058 458 50 547 847 860 425 574
                  504 1207 935 685 328 706 203 274 732 469 743 1198 455 1206 186 1235 296 193
                  906 60 87 931 1048 1062 510 701 353 325 1021 1285 650 543 106 12 194 1376 1208
                  620 622 55 1297 1303 1320 47 11 133 514 1289 934 63 387 568 1018 1314 406 1363
                  368 1273 306 288 369 741 937 121 150 886 1052 6 86 59 122 143 919 277 1170 828
                  1111 729 1224 398 837 657 971 801 712 159 1027 112 205 681 454 1218 254 1041
                  513 608 891 804 226 720 875 180 1090 315 1042 1105 844 93 509 352 921 1227 984
                  1385 808 766 1057 431 588 496 1210 633 556 976 1319 276 236 1072 344 1268 565
                  459 738 980 538 1375
      MXF         476 567 877 992 246 1082 1167 644 183 811 637 938 202 998 1006 652 1040 524
                  1179 1259 1274 16 1348 4 278 323 522 1023 128 1050 569 1059 571 1123 1154 607
                  380 14 975 389 407 1219 17 1017 424 309 201 130 549 1074 343 115 1093 1094 794
                  799 281 831 843 851 973 1242 1247 1248 1294 301 1371 967 413 139 456 988 213
                  589 774 1199 468 335 629 495 339 1280 665 674 1373 709 1081 913 235 5 941 391
                  1128 1144 966 485 767 153 300 798 68 98 1325 553 1051 1389 1096 578 946 373
                  49 217 605 57 619 1203 1213 1237 64 118 816 827 88 1278 654 345 359 91 910 464
                  1092 719 19 1117 400 1140 1142 830 265 1163 628 1007 1008 731 1197 747 1022
                  884 222 499 136 1053 426 1071 83 1339 951 550 690 805 237 1033 412 786 176 272
                  179 525 1069 1222 394 824 1252 1261 614 755 365 1013 635 560 640 1159 1166 933
                  1038 676 207 1175 421 713 458 527 541 1257 388 547 1269 436 748 753 847 275
                  441 491 1120 860 492 103 261 574 504 518 433 935 317 947 779 599 1255 685 328
                  704 111 203 1292 274 1108 73 209 7 1346 732 1133 469 743 258 1198 642 523 455
                  255 341 655 591 187 296 760 357 23 874 606 193 171 906 60 613 917 1322 918 87
                  1328 1337 501 718 803 1062 510 1216 770 242 1021 169 577 787 923 1287 1143 929
                  297 530 419 1049 372 543 1331 106 825 12 194 834 1374 1376 672 116 346 1208
                  758 1253 936 350 620 622 699 1303 1304 1239 1320 1182 15 1192 162 334 47 896
                  489 600 1228 188 62 151 318 133 404 503 392 1119 894 714 1265 1131 444 789 105
                  514 1289 727 305 927 58 173 8 934 592 819 215 470 184 675 677 1354 1357 484
                  375 1215 387 228 854 1078 568 319 467 1186 1302 945 1099 948 474 397 406 902
                  110 636 833 408 1363 1148 1152 563 687 367 368 1161 1397 791 818 822 239 306
                  1301 581 584 208 507 432 937 939 121 1114 1352 944 871 230 702 886 887 1395
                  1052 6 683 86 298 59 401 916 122 143 919 1212 1136 928 749 336 277 1342 198
                  182 383 711 166 1170 1271 147 259 828 890 1111 1185 1360 952 473 99 1224 692
                  53 657 51 1250 420 1340 505 1355 1356 312 667 858 754 422 807 327 308 548 520
                  985 634 360 321 997 534 294 1349 159 1009 1165 1369 752 31 788 904 1392 861
                  1027 124 1087 1089 1177 1138 531 1368 1307 776 221 681 316 882 253 762 1334
                  551 1218 189 254 908 1310 430 89 141 44 891 804 1164 157 720 863 865 1046 724
                  728 570 245 735 781 1365 544 703 180 472 440 1214 445 1090 757 123 1238 342
                  206 1184 671 315 134 61 1367 806 511 386 1042 1105 893 844 478 1217 212 65 582
                  1251 1031 93 234 593 1234 688 915 994 352 562 921 954 1227 40 1293 1045 880
                  1300 552 964 1385 1075 1129 1057 431 930 393 1195 177 496 1210 723 641 1344
                  573 1390 585 449 77 556 557 586 976 250 1319 651 852 276 897 736 1333 236 1012
                  1230 508 486 267 1077 248 879 494 1268 565 594 1190 403 1232 459 52 617 963
                  1225 1137 656 925 1029 354 659 10 1003 145 991 1375 303 293
      MXW         476 567 877 992 246 1082 1167 644 183 811 637 938 202 1004 1006 1040 1055 524
                  1179 1259 16 1348 4 323 522 1023 1050 569 1059 571 1123 1154 607 14 975 389
                  407 1219 17 423 1017 309 130 1074 115 1093 1094 794 799 281 831 843 851 1247
                  1248 1294 301 1371 413 139 456 988 774 1199 468 335 629 495 339 1280 665 709
                  913 235 941 391 1128 485 1171 767 153 68 98 1325 553 1051 564 1389 1096 578
                  373 49 217 619 1213 64 118 816 827 88 39 654 345 91 1092 719 19 1117 400 1142
                  830 265 628 1007 1008 731 1197 747 1022 884 499 426 438 1071 83 951 550 237
                  1033 1168 272 525 394 824 614 457 755 1013 635 1159 79 1166 1038 1058 458 50
                  541 388 547 1269 748 753 847 275 860 492 261 504 433 1207 935 947 779 1255 685
                  328 706 111 203 1292 274 1108 73 209 732 469 743 1198 523 255 341 655 1235 187
                  296 606 171 906 60 87 1328 931 501 803 1062 510 701 325 1021 577 1285 1287 297
                  1049 372 543 106 194 1374 1376 1208 350 622 55 1297 1303 1304 1239 1320 1182
                  15 162 47 896 11 1228 188 318 133 404 503 392 894 514 1289 305 934 592 215 470
                  184 1354 1215 63 387 228 568 319 1018 1302 1099 1314 474 397 406 902 408 1363
                  1148 563 367 368 1397 818 1273 822 306 288 1301 369 581 432 741 939 121 1114
                  1352 871 230 886 887 1395 6 86 59 122 143 919 1212 1136 928 1342 182 383 166
                  1170 828 1111 1185 1360 952 473 729 1224 398 837 657 1340 505 1356 312 971 801
                  754 807 520 985 634 997 712 294 1349 159 31 788 1027 112 1089 776 221 681 882
                  253 454 1334 1218 254 908 1041 430 513 891 804 226 1164 157 720 863 865 570
                  875 245 781 180 472 1214 1090 123 342 671 315 386 1042 1105 844 478 582 93 509
                  915 562 921 1227 880 1300 552 984 964 1385 808 1129 1057 431 588 496 1210 723
                  573 633 449 77 556 976 1319 651 852 276 736 236 1012 1072 344 1268 565 594 403
                  1232 459 738 617 980 1029 538 1375 303

*** WARNING
  Data set contains cases with missing on x-variables.
  These cases were not included in the analysis.
  Number of cases with missing on x-variables:  3267
*** WARNING
  Data set contains cases with missing on all variables except
  x-variables.  These cases were not included in the analysis.
  Number of cases with missing on all variables except x-variables:  28
   4 WARNING(S) FOUND IN THE INPUT INSTRUCTIONS



Analysis 5

SUMMARY OF ANALYSIS

Number of groups                                                 1
Number of observations                                       20483

Number of dependent variables                                    1
Number of independent variables                                 10
Number of continuous latent variables                            8

Observed dependent variables

  Continuous
   CONTENT

Observed independent variables
   CMC         MIXED       FAMILY      WEAK_TIE    WEEKEND     N
   CXF         CXW         MXF         MXW

Continuous latent variables
   S1          S2          S3          S4          S5          S6
   S7          S8

Variables with special functions

  Cluster variable      ID

  Within variables
   CMC         MIXED       FAMILY      WEAK_TIE    WEEKEND     CXF
   CXW         MXF         MXW

  Between variables
   N

  Centering (GRANDMEAN)
   N

  Centering (GROUPMEAN)
   CMC         MIXED       FAMILY      WEAK_TIE


Estimator                                                    BAYES
Specifications for Bayesian Estimation
  Point estimate                                            MEDIAN
  Number of Markov chain Monte Carlo (MCMC) chains               2
  Random seed for the first chain                                0
  Starting value information                           UNPERTURBED
  Algorithm used for Markov chain Monte Carlo           GIBBS(PX1)
  Convergence criterion                                  0.500D-01
  Maximum number of iterations                               50000
  K-th iteration used for thinning                               1

Input data file(s)
  analysis4+5_S1.dat
Input data format  FREE


SUMMARY OF DATA

     Number of clusters                       1130

       Size (s)    Cluster ID with Size s

          1        84 90 181 331 332 385 595 717 1010 1388 1391
          2        476 567 877 992 246 1082 1167 644 183
          3        811 637 938 202 998 1004 1006 652 1040 1055 524 1179
                   1259 1274 16 1348 4
          4        278 323 522 1023 128 1050 569 1059 571 1123 1154 607
                   380 14 975 389 407 1219 17
          5        423 1017 424 309 201 130 549 1074 343 115 1093 1094
                   794 799 281 831 843 851 973 1242 1247 1248 1294 291
                   301 1371 967 413
          6        139 456 988 213 589 774 1199 468 335 629 495 339 1280
                   665 9 922 674 1373 1379 709 168
          7        1067 1081 913 235 5 1106 941 391 1128 1144 66 1160 966
                   485 1171 767 153 300 1245 798 68 98 1325 553 1051 554
                   564 1389 1063
          8        92 1096 578 946 580 373 49 217 605 57 619 1203 1213
                   1237 64 118 816 827 88 1278 39 654 555 850 345 359 91
                   910 464 1092 719
          9        19 1117 979 400 1140 1142 830 265 838 1163 628 1007
                   1008 731 1197 747 1022 632 884 222 499 136 1053 24 426
                   778 438 1071 943 1080 83 1339 950 951 550 682 690 805
                   237
         10        175 1033 1168 412 260 786 417 176 272 179 525 1069 1222
                   394 824 1252 443 1261 610 614 457 210 755 1338 365 559
                   1013 635 560 1384 640 1159 79
         11        1166 933 30 1038 676 207 1175 160 421 713 1058 458 527
                   50 1070 541 733 1079 968 1257 388 547 1269 436 987 748
                   750 753 847 275 441 491 1120 860 1359 660 769 663 773
                   492
         12        103 566 261 425 218 574 889 1172 907 504 1201 518 433
                   1207 935 317 598 947 779 599 1255 685 328 704 706 111
                   810 203 1292 977 274 1306 1308 1108 73 209 7 1346 287
                   732 290 1133 469 1382 845 742 743 258
         13        1198 642 523 455 255 1206 744 186 341 655 591 1235 187
                   296 760 761 357 299 1005 23 874 606 193 171 906 60 613
                   917 1317 1322 918 87 1328 931 1337 501 161 204 792 1048
                   718 803 241 1191 1194 146 1062
         14        510 1216 691 770 701 353 242 325 1021 169 1262 577 787
                   1276 414 923 1285 1287 1143 929 297 418 1156 530 650
                   419 1049 372 543 1331 106 480 36 825 826 12 178 194
                   834 1374 1376 672 18 116 678 346 1208 347 450 758
         15        446 1253 936 28 350 620 622 626 1158 694 1282 699 410
                   55 1297 1303 1304 196 1239 856 1320 329 1182 15 1192
                   868 532 162 334 995 542 1086 47 896 489 11 600 104 661
                   1228 188 62 151 318 133 404
         16        1001 876 503 782 392 54 1119 894 714 1265 1014 1131
                   444 789 639 105 514 990 1289 727 1032 305 1034 927 58
                   173 8 627 934 592 819 244 215 470 184 675 32 677 1354
                   1357 484 375 488 970 219 857 1215 63 387 144 228
         17        854 1078 568 319 467 69 165 1291 1186 867 1018 1302
                   307 945 1099 948 1314 474 397 957 38 95 452 81 406 902
                   110 636 833 911 408 1363 1148 914 1249 1152 563 1380
                   687 367 368 1161 1397 791
         18        818 302 1273 822 142 901 529 239 1066 306 129 616 120
                   288 842 396 1301 369 581 584 208 402 429 507 432 741
                   937 859 1204 939 1335 121 1114 150 1352 944 376 800
                   695 1121 871 1125 230 1132 702 26 448 886 887 1395 965
                   1052
         19        898 6 76 41 232 683 86 298 59 401 916 122 143 919 216
                   1313 1212 1318 1136 745 928 101 1147 1000 749 336 277
                   1342 1155 198 1 182 383 1362 711 1258 166 1372 878 664
                   1170 621 1271 147 259 828 890 348 1111 1185 1360 952
                   473
         20        729 99 100 1224 692 1015 693 398 53 837 657 839 51 1327
                   1250 1098 903 119 700 420 1340 71 505 795 1264 853 1355
                   1356 797 312 971 667 858 602 801 1279 754 422 1286 807
                   327 308 453 251 152 643 548 520 1150
         21        985 137 1085 634 1270 360 321 154 997 712 437 534 294
                   1349 1157 1353 536 159 623 1009 1165 1369 1118 1240
                   752 1243 895 31 22 788 1180 1073 904 1392 861 1026 1027
                   112
         22        205 124 1087 1236 1089 1177 97 1138 243 174 192 1145
                   1146 531 1368 1307 776 841 221 681 316 882 253 1386
                   737 454 135 1039 762 1334
         23        1065 646 1336 551 1068 1218 649 498 899 214 310 189
                   254 1176 533 993 908 832 1041 1088 763 1310 1311 430
                   513 89 608 141 374 74 416 439 44 1061 378 1396 891
         24        804 226 1164 157 720 863 399 978 865 1046 724 728 1260
                   284 427 570 428 996 875 20 1351 1124 245 735 67 537
                   781 78 170 292 233 1365 544 703 180 472 440 363 668
                   1214 190 366 1381 82 1153 445 855 1233 1090 757 123
                   1238 342
         25        666 3 206 1184 671 315 134 25 61 1367 1323 806 1162
                   764 1097 974 511 386 1042 1105 893 37 1173 844 247 164
                   478 1217 364
         26        1141 285 1110 829 1244 212 65 1054 582 1251 1031 379
                   29 1332 93 1296 1377 716 679 1064 234 593 558 519 509
                   1234 688 962 915 994 352
         27        562 1107 921 384 954 777 1324 1227 40 1293 1231 1045
                   880 1300 552 1267 984 1028 475 964 1341 820 1385 1345
                   1075 808 766 1350 1129 1057
         28        431 930 793 155 393 1195 1223 177 482 588 1109 1229
                   1130 496 471 270 624 1210 723 641 848
         29        108 435 500 1246 526 1002 1344 107 573 633 1390 585
                   340 185 1189
         30        814 449 479 77 338 556 1187 557 648 586 976 250 1100
                   1319 651 351 852
         31        276 289 897 736 1333 1102 236 1012 1230 508 1072 486
                   1196 267 689 1077 1284 809 313
         32        705 248 1256 618 344 1283 358 561 1309 879 494 881 462
                   1268 883 131 565 266 42 594 840 70
         33        2 1190 403 1126 1232 262 1134 377 1295 465
         34        1095 631 1383 220 697 459
         35        912 1343 52 1139 796 481 256 197 434 738 617 94 963
                   662 980
         36        1225 1137 411 1101 656 1016 113
         37        925 596 1029 955 354
         38        659 463 1200 125 579 756
         39        1364 10 538
         40        1298
         41        1003 231 145 1393
         42        836 991
         43        869 249 1375 13
         44        982 1076 1020
         45        1025
         47        138
         48        263
         51        303
         53        293



COVARIANCE COVERAGE OF DATA

Minimum covariance coverage value   0.100

     Number of missing data patterns             1


     PROPORTION OF DATA PRESENT


           Covariance Coverage
              CONTENT       CMC           MIXED         FAMILY        WEAK_TIE
              ________      ________      ________      ________      ________
 CONTENT        1.000
 CMC            1.000         1.000
 MIXED          1.000         1.000         1.000
 FAMILY         1.000         1.000         1.000         1.000
 WEAK_TIE       1.000         1.000         1.000         1.000         1.000
 WEEKEND        1.000         1.000         1.000         1.000         1.000
 CXF            1.000         1.000         1.000         1.000         1.000
 CXW            1.000         1.000         1.000         1.000         1.000
 MXF            1.000         1.000         1.000         1.000         1.000
 MXW            1.000         1.000         1.000         1.000         1.000
 N              1.000         1.000         1.000         1.000         1.000


           Covariance Coverage
              WEEKEND       CXF           CXW           MXF           MXW
              ________      ________      ________      ________      ________
 WEEKEND        1.000
 CXF            1.000         1.000
 CXW            1.000         1.000         1.000
 MXF            1.000         1.000         1.000         1.000
 MXW            1.000         1.000         1.000         1.000         1.000
 N              1.000         1.000         1.000         1.000         1.000


           Covariance Coverage
              N
              ________
 N              1.000



UNIVARIATE SAMPLE STATISTICS


     UNIVARIATE HIGHER-ORDER MOMENT DESCRIPTIVE STATISTICS

         Variable/         Mean/     Skewness/   Minimum/ % with                Percentiles
        Sample Size      Variance    Kurtosis    Maximum  Min/Max      20%/60%    40%/80%    Median

     CONTENT               2.714      -0.101       1.000    8.38%       2.000      2.000      3.000
           20483.000       0.807      -0.838       4.000   21.76%       3.000      4.000
     CMC                   0.000       0.526      -0.968    0.00%      -0.353     -0.200     -0.125
           20483.000       0.178      -0.868       0.970    0.00%      -0.048      0.500
     MIXED                 0.000       1.266      -0.846    0.01%      -0.231     -0.105     -0.067
           20483.000       0.116       1.009       0.979    0.00%      -0.038      0.000
     FAMILY                0.000       1.931      -0.833    0.00%      -0.115     -0.050     -0.031
           20483.000       0.071       4.531       0.979    0.00%       0.000      0.000
     WEAK_TIES             0.000       1.320      -0.938    0.00%      -0.219     -0.125     -0.087
           20483.000       0.123       0.936       0.981    0.00%      -0.056      0.000
     WEEKEND               0.269       1.044       0.000   73.14%       0.000      0.000      0.000
           20483.000       0.196      -0.910       1.000   26.86%       0.000      1.000
     CXF                   0.006       1.909      -0.922    0.00%      -0.019      0.000      0.000
           20483.000       0.015      15.094       0.930    0.00%       0.000      0.024
     CXW                  -0.028      -0.351      -0.879    0.00%      -0.098     -0.003      0.000
           20483.000       0.020       6.406       0.879    0.00%       0.008      0.036
     MXF                  -0.005       1.106      -0.710    0.00%       0.000      0.000      0.000
           20483.000       0.005      38.574       0.835    0.00%       0.000      0.009
     MXW                  -0.008       1.195      -0.712    0.00%      -0.035      0.000      0.000
           20483.000       0.011      17.093       0.848    0.01%       0.006      0.022
     N                     0.000       0.050      -1.931    0.18%      -0.681     -0.181     -0.056
            1130.000       0.575      -0.326       1.944    0.35%       0.194      0.694


THE MODEL ESTIMATION TERMINATED NORMALLY

     USE THE FBITERATIONS OPTION TO INCREASE THE NUMBER OF ITERATIONS BY A FACTOR
     OF AT LEAST TWO TO CHECK CONVERGENCE AND THAT THE PSR VALUE DOES NOT INCREASE.



MODEL FIT INFORMATION

Number of Free Parameters                              65

Information Criteria

          Deviance (DIC)                        44979.312
          Estimated Number of Parameters (pD)    1928.746



MODEL RESULTS

                                Posterior  One-Tailed         95% C.I.
                    Estimate       S.D.      P-Value   Lower 2.5%  Upper 2.5%  Significance

Within Level

 CONTENT    ON
    WEEKEND            0.074       0.012      0.000       0.051       0.098      *

 Residual Variances
    CONTENT            0.479       0.005      0.000       0.469       0.489      *

Between Level

 S1         ON
    N                 -0.045       0.021      0.015      -0.087      -0.004      *

 S2         ON
    N                  0.009       0.024      0.355      -0.037       0.056

 S3         ON
    N                  0.031       0.035      0.187      -0.036       0.101

 S4         ON
    N                 -0.047       0.024      0.025      -0.095       0.000      *

 S5         ON
    N                 -0.080       0.071      0.130      -0.221       0.062

 S6         ON
    N                  0.023       0.064      0.360      -0.098       0.150

 S7         ON
    N                 -0.075       0.121      0.277      -0.308       0.165

 S8         ON
    N                  0.009       0.080      0.453      -0.162       0.160

 CONTENT    ON
    N                 -0.251       0.021      0.000      -0.293      -0.210      *

 CONTENT  WITH
    S1                -0.001       0.009      0.461      -0.018       0.016
    S2                 0.004       0.010      0.359      -0.016       0.023
    S3                -0.014       0.013      0.146      -0.040       0.012
    S4                -0.010       0.010      0.149      -0.031       0.010
    S5                -0.027       0.028      0.165      -0.079       0.030
    S6                 0.044       0.025      0.036      -0.004       0.092
    S7                 0.032       0.054      0.291      -0.077       0.129
    S8                 0.010       0.032      0.383      -0.056       0.070

 S1       WITH
    S2                 0.035       0.009      0.000       0.017       0.054      *
    S3                 0.005       0.012      0.342      -0.019       0.027
    S4                 0.033       0.010      0.000       0.015       0.053      *
    S5                -0.008       0.024      0.373      -0.056       0.039
    S6                -0.032       0.019      0.050      -0.069       0.005
    S7                 0.012       0.037      0.370      -0.058       0.086
    S8                 0.008       0.024      0.362      -0.037       0.058

 S2       WITH
    S3                 0.001       0.012      0.467      -0.022       0.026
    S4                 0.011       0.010      0.117      -0.007       0.031
    S5                -0.019       0.024      0.195      -0.066       0.028
    S6                -0.023       0.021      0.146      -0.062       0.019
    S7                 0.023       0.032      0.199      -0.033       0.096
    S8                -0.010       0.021      0.328      -0.049       0.033

 S3       WITH
    S4                 0.004       0.014      0.393      -0.024       0.032
    S5                -0.043       0.031      0.090      -0.104       0.016
    S6                 0.049       0.031      0.055      -0.011       0.112
    S7                 0.079       0.044      0.021       0.004       0.177      *
    S8                 0.021       0.032      0.279      -0.042       0.082

 S4       WITH
    S5                -0.001       0.027      0.490      -0.056       0.051
    S6                -0.012       0.020      0.263      -0.051       0.026
    S7                -0.023       0.043      0.302      -0.105       0.063
    S8                 0.031       0.025      0.108      -0.017       0.085

 S5       WITH
    S6                 0.016       0.055      0.391      -0.077       0.137
    S7                 0.070       0.087      0.168      -0.073       0.271
    S8                -0.011       0.048      0.402      -0.109       0.078

 S6       WITH
    S7                 0.045       0.088      0.288      -0.103       0.248
    S8                 0.060       0.053      0.104      -0.036       0.176

 S7       WITH
    S8                 0.010       0.083      0.447      -0.159       0.183

 Intercepts
    CONTENT            2.695       0.016      0.000       2.663       2.726      *
    S1                -0.244       0.016      0.000      -0.275      -0.212      *
    S2                -0.007       0.019      0.355      -0.044       0.029
    S3                 0.073       0.026      0.002       0.022       0.126      *
    S4                -0.290       0.019      0.000      -0.327      -0.253      *
    S5                -0.088       0.055      0.052      -0.193       0.018
    S6                 0.221       0.046      0.000       0.129       0.311      *
    S7                -0.039       0.099      0.353      -0.224       0.162
    S8                 0.060       0.058      0.154      -0.052       0.174

 Residual Variances
    CONTENT            0.249       0.012      0.000       0.227       0.275      *
    S1                 0.068       0.011      0.000       0.047       0.091      *
    S2                 0.040       0.011      0.000       0.022       0.066      *
    S3                 0.092       0.020      0.000       0.058       0.135      *
    S4                 0.065       0.013      0.000       0.042       0.093      *
    S5                 0.265       0.092      0.000       0.106       0.470      *
    S6                 0.224       0.066      0.000       0.124       0.380      *
    S7                 0.386       0.155      0.000       0.185       0.786      *
    S8                 0.156       0.061      0.000       0.070       0.310      *


STANDARDIZED MODEL RESULTS


STDYX Standardization

                                Posterior  One-Tailed         95% C.I.
                    Estimate       S.D.      P-Value   Lower 2.5%  Upper 2.5%  Significance

Within-Level Standardized Estimates Averaged Over Clusters

 S1 | CONTENT ON
    CMC               -0.128       0.007      0.000      -0.141      -0.116      *

 S2 | CONTENT ON
    MIXED             -0.003       0.006      0.308      -0.014       0.009

 S3 | CONTENT ON
    FAMILY             0.019       0.006      0.001       0.008       0.030      *

 S4 | CONTENT ON
    WEAK_TIES         -0.119       0.007      0.000      -0.132      -0.105      *

 S5 | CONTENT ON
    CXF               -0.010       0.005      0.016      -0.019      -0.001      *

 S6 | CONTENT ON
    CXW                0.029       0.006      0.000       0.017       0.041      *

 S7 | CONTENT ON
    MXF               -0.002       0.004      0.365      -0.010       0.005

 S8 | CONTENT ON
    MXW                0.005       0.005      0.147      -0.005       0.015

 CONTENT    ON
    WEEKEND            0.040       0.007      0.000       0.026       0.053      *

 Residual Variances
    CONTENT            0.904       0.004      0.000       0.895       0.913      *

Between Level

 S1         ON
    N                 -0.092       0.044      0.015      -0.181      -0.008      *

 S2         ON
    N                  0.024       0.065      0.355      -0.099       0.155

 S3         ON
    N                  0.055       0.063      0.187      -0.065       0.181

 S4         ON
    N                 -0.098       0.051      0.025      -0.200       0.000      *

 S5         ON
    N                 -0.084       0.076      0.130      -0.237       0.065

 S6         ON
    N                  0.026       0.072      0.360      -0.111       0.169

 S7         ON
    N                 -0.063       0.106      0.277      -0.268       0.151

 S8         ON
    N                  0.012       0.110      0.453      -0.233       0.213

 CONTENT    ON
    N                 -0.260       0.021      0.000      -0.300      -0.218      *

 CONTENT  WITH
    S1                -0.007       0.066      0.461      -0.136       0.121
    S2                 0.036       0.100      0.359      -0.166       0.227
    S3                -0.092       0.088      0.146      -0.267       0.077
    S4                -0.080       0.079      0.149      -0.239       0.076
    S5                -0.107       0.112      0.165      -0.322       0.121
    S6                 0.184       0.102      0.036      -0.017       0.384
    S7                 0.102       0.175      0.291      -0.260       0.419
    S8                 0.049       0.163      0.383      -0.282       0.357

 S1       WITH
    S2                 0.675       0.106      0.000       0.421       0.833      *
    S3                 0.059       0.146      0.342      -0.237       0.333
    S4                 0.509       0.116      0.000       0.253       0.710      *
    S5                -0.062       0.178      0.373      -0.405       0.282
    S6                -0.259       0.152      0.050      -0.549       0.042
    S7                 0.075       0.224      0.370      -0.356       0.508
    S8                 0.077       0.230      0.362      -0.385       0.509

 S2       WITH
    S3                 0.019       0.202      0.467      -0.364       0.431
    S4                 0.223       0.179      0.117      -0.143       0.553
    S5                -0.195       0.218      0.195      -0.565       0.274
    S6                -0.245       0.221      0.146      -0.647       0.215
    S7                 0.190       0.234      0.199      -0.283       0.638
    S8                -0.131       0.257      0.328      -0.609       0.406

 S3       WITH
    S4                 0.053       0.183      0.393      -0.335       0.365
    S5                -0.283       0.184      0.090      -0.583       0.117
    S6                 0.353       0.199      0.055      -0.074       0.693
    S7                 0.433       0.195      0.021       0.022       0.767      *
    S8                 0.178       0.258      0.279      -0.349       0.625

 S4       WITH
    S5                -0.006       0.209      0.490      -0.423       0.391
    S6                -0.100       0.173      0.263      -0.481       0.193
    S7                -0.154       0.265      0.302      -0.616       0.382
    S8                 0.315       0.224      0.108      -0.189       0.693

 S5       WITH
    S6                 0.067       0.217      0.391      -0.330       0.500
    S7                 0.232       0.234      0.168      -0.289       0.631
    S8                -0.056       0.234      0.402      -0.506       0.405

 S6       WITH
    S7                 0.155       0.269      0.288      -0.355       0.678
    S8                 0.337       0.234      0.104      -0.224       0.710

 S7       WITH
    S8                 0.043       0.306      0.447      -0.618       0.618

 Intercepts
    CONTENT            5.211       0.127      0.000       4.962       5.460      *
    S1                -0.930       0.098      0.000      -1.145      -0.761      *
    S2                -0.034       0.095      0.355      -0.227       0.150
    S3                 0.240       0.093      0.002       0.071       0.435      *
    S4                -1.131       0.135      0.000      -1.426      -0.901      *
    S5                -0.171       0.113      0.052      -0.407       0.039
    S6                 0.461       0.120      0.000       0.261       0.731      *
    S7                -0.062       0.161      0.353      -0.375       0.262
    S8                 0.151       0.146      0.154      -0.132       0.438

 Residual Variances
    CONTENT            0.933       0.011      0.000       0.910       0.953      *
    S1                 0.991       0.009      0.000       0.967       1.000      *
    S2                 0.998       0.007      0.000       0.975       1.000      *
    S3                 0.996       0.009      0.000       0.967       1.000      *
    S4                 0.990       0.011      0.000       0.960       1.000      *
    S5                 0.993       0.015      0.000       0.944       1.000      *
    S6                 0.997       0.008      0.000       0.970       1.000      *
    S7                 0.993       0.020      0.000       0.928       1.000      *
    S8                 0.995       0.019      0.000       0.934       1.000      *


STDY Standardization

                                Posterior  One-Tailed         95% C.I.
                    Estimate       S.D.      P-Value   Lower 2.5%  Upper 2.5%  Significance

Within-Level Standardized Estimates Averaged Over Clusters

 S1 | CONTENT ON
    CMC               -0.326       0.017      0.000      -0.361      -0.294      *

 S2 | CONTENT ON
    MIXED             -0.008       0.022      0.357      -0.047       0.038

 S3 | CONTENT ON
    FAMILY             0.103       0.033      0.002       0.043       0.166      *

 S4 | CONTENT ON
    WEAK_TIES         -0.390       0.023      0.000      -0.434      -0.344      *

 S5 | CONTENT ON
    CXF               -0.145       0.067      0.020      -0.266      -0.006      *

 S6 | CONTENT ON
    CXW                0.289       0.062      0.000       0.168       0.407      *

 S7 | CONTENT ON
    MXF               -0.041       0.126      0.400      -0.311       0.156

 S8 | CONTENT ON
    MXW                0.073       0.070      0.150      -0.078       0.214

 CONTENT    ON
    WEEKEND            0.102       0.017      0.000       0.067       0.134      *

 Residual Variances
    CONTENT            0.904       0.004      0.000       0.895       0.913      *

Between Level

 S1         ON
    N                 -0.173       0.082      0.015      -0.338      -0.015      *

 S2         ON
    N                  0.045       0.121      0.355      -0.185       0.290

 S3         ON
    N                  0.102       0.117      0.187      -0.121       0.338

 S4         ON
    N                 -0.183       0.096      0.025      -0.373       0.000      *

 S5         ON
    N                 -0.157       0.142      0.130      -0.443       0.122

 S6         ON
    N                  0.049       0.135      0.360      -0.208       0.317

 S7         ON
    N                 -0.118       0.198      0.277      -0.501       0.282

 S8         ON
    N                  0.023       0.206      0.453      -0.436       0.398

 CONTENT    ON
    N                 -0.486       0.040      0.000      -0.562      -0.408      *

 CONTENT  WITH
    S1                -0.007       0.066      0.461      -0.136       0.121
    S2                 0.036       0.100      0.359      -0.166       0.227
    S3                -0.092       0.088      0.146      -0.267       0.077
    S4                -0.080       0.079      0.149      -0.239       0.076
    S5                -0.107       0.112      0.165      -0.322       0.121
    S6                 0.184       0.102      0.036      -0.017       0.384
    S7                 0.102       0.175      0.291      -0.260       0.419
    S8                 0.049       0.163      0.383      -0.282       0.357

 S1       WITH
    S2                 0.675       0.106      0.000       0.421       0.833      *
    S3                 0.059       0.146      0.342      -0.237       0.333
    S4                 0.509       0.116      0.000       0.253       0.710      *
    S5                -0.062       0.178      0.373      -0.405       0.282
    S6                -0.259       0.152      0.050      -0.549       0.042
    S7                 0.075       0.224      0.370      -0.356       0.508
    S8                 0.077       0.230      0.362      -0.385       0.509

 S2       WITH
    S3                 0.019       0.202      0.467      -0.364       0.431
    S4                 0.223       0.179      0.117      -0.143       0.553
    S5                -0.195       0.218      0.195      -0.565       0.274
    S6                -0.245       0.221      0.146      -0.647       0.215
    S7                 0.190       0.234      0.199      -0.283       0.638
    S8                -0.131       0.257      0.328      -0.609       0.406

 S3       WITH
    S4                 0.053       0.183      0.393      -0.335       0.365
    S5                -0.283       0.184      0.090      -0.583       0.117
    S6                 0.353       0.199      0.055      -0.074       0.693
    S7                 0.433       0.195      0.021       0.022       0.767      *
    S8                 0.178       0.258      0.279      -0.349       0.625

 S4       WITH
    S5                -0.006       0.209      0.490      -0.423       0.391
    S6                -0.100       0.173      0.263      -0.481       0.193
    S7                -0.154       0.265      0.302      -0.616       0.382
    S8                 0.315       0.224      0.108      -0.189       0.693

 S5       WITH
    S6                 0.067       0.217      0.391      -0.330       0.500
    S7                 0.232       0.234      0.168      -0.289       0.631
    S8                -0.056       0.234      0.402      -0.506       0.405

 S6       WITH
    S7                 0.155       0.269      0.288      -0.355       0.678
    S8                 0.337       0.234      0.104      -0.224       0.710

 S7       WITH
    S8                 0.043       0.306      0.447      -0.618       0.618

 Intercepts
    CONTENT            5.211       0.127      0.000       4.962       5.460      *
    S1                -0.930       0.098      0.000      -1.145      -0.761      *
    S2                -0.034       0.095      0.355      -0.227       0.150
    S3                 0.240       0.093      0.002       0.071       0.435      *
    S4                -1.131       0.135      0.000      -1.426      -0.901      *
    S5                -0.171       0.113      0.052      -0.407       0.039
    S6                 0.461       0.120      0.000       0.261       0.731      *
    S7                -0.062       0.161      0.353      -0.375       0.262
    S8                 0.151       0.146      0.154      -0.132       0.438

 Residual Variances
    CONTENT            0.933       0.011      0.000       0.910       0.953      *
    S1                 0.991       0.009      0.000       0.967       1.000      *
    S2                 0.998       0.007      0.000       0.975       1.000      *
    S3                 0.996       0.009      0.000       0.967       1.000      *
    S4                 0.990       0.011      0.000       0.960       1.000      *
    S5                 0.993       0.015      0.000       0.944       1.000      *
    S6                 0.997       0.008      0.000       0.970       1.000      *
    S7                 0.993       0.020      0.000       0.928       1.000      *
    S8                 0.995       0.019      0.000       0.934       1.000      *


R-SQUARE

Within-Level R-Square Averaged Across Clusters

                                Posterior  One-Tailed         95% C.I.
    Variable        Estimate       S.D.      P-Value   Lower 2.5%  Upper 2.5%

    CONTENT            0.096       0.004      0.000       0.087       0.105

Between Level

                                Posterior  One-Tailed         95% C.I.
    Variable        Estimate       S.D.      P-Value   Lower 2.5%  Upper 2.5%

    CONTENT            0.067       0.011      0.000       0.047       0.090

                                Posterior  One-Tailed         95% C.I.
    Variable        Estimate       S.D.      P-Value   Lower 2.5%  Upper 2.5%

    S1                 0.009       0.009      0.000       0.000       0.033
    S2                 0.002       0.007      0.000       0.000       0.025
    S3                 0.004       0.009      0.000       0.000       0.033
    S4                 0.010       0.011      0.000       0.000       0.040
    S5                 0.007       0.015      0.000       0.000       0.056
    S6                 0.003       0.008      0.000       0.000       0.030
    S7                 0.007       0.020      0.000       0.000       0.072
    S8                 0.005       0.019      0.000       0.000       0.066


TECHNICAL 1 OUTPUT


     PARAMETER SPECIFICATION FOR WITHIN


           NU
              CONTENT       CMC           MIXED         FAMILY        WEAK_TIE
              ________      ________      ________      ________      ________
                    0             0             0             0             0


           NU
              WEEKEND       CXF           CXW           MXF           MXW
              ________      ________      ________      ________      ________
                    0             0             0             0             0


           LAMBDA
              CONTENT       CMC           MIXED         FAMILY        WEAK_TIE
              ________      ________      ________      ________      ________
 CONTENT            0             0             0             0             0
 CMC                0             0             0             0             0
 MIXED              0             0             0             0             0
 FAMILY             0             0             0             0             0
 WEAK_TIE           0             0             0             0             0
 WEEKEND            0             0             0             0             0
 CXF                0             0             0             0             0
 CXW                0             0             0             0             0
 MXF                0             0             0             0             0
 MXW                0             0             0             0             0


           LAMBDA
              WEEKEND       CXF           CXW           MXF           MXW
              ________      ________      ________      ________      ________
 CONTENT            0             0             0             0             0
 CMC                0             0             0             0             0
 MIXED              0             0             0             0             0
 FAMILY             0             0             0             0             0
 WEAK_TIE           0             0             0             0             0
 WEEKEND            0             0             0             0             0
 CXF                0             0             0             0             0
 CXW                0             0             0             0             0
 MXF                0             0             0             0             0
 MXW                0             0             0             0             0


           THETA
              CONTENT       CMC           MIXED         FAMILY        WEAK_TIE
              ________      ________      ________      ________      ________
 CONTENT            0
 CMC                0             0
 MIXED              0             0             0
 FAMILY             0             0             0             0
 WEAK_TIE           0             0             0             0             0
 WEEKEND            0             0             0             0             0
 CXF                0             0             0             0             0
 CXW                0             0             0             0             0
 MXF                0             0             0             0             0
 MXW                0             0             0             0             0


           THETA
              WEEKEND       CXF           CXW           MXF           MXW
              ________      ________      ________      ________      ________
 WEEKEND            0
 CXF                0             0
 CXW                0             0             0
 MXF                0             0             0             0
 MXW                0             0             0             0             0


           ALPHA
              CONTENT       CMC           MIXED         FAMILY        WEAK_TIE
              ________      ________      ________      ________      ________
                    0             0             0             0             0


           ALPHA
              WEEKEND       CXF           CXW           MXF           MXW
              ________      ________      ________      ________      ________
                    0             0             0             0             0


           BETA
              CONTENT       CMC           MIXED         FAMILY        WEAK_TIE
              ________      ________      ________      ________      ________
 CONTENT            0             0             0             0             0
 CMC                0             0             0             0             0
 MIXED              0             0             0             0             0
 FAMILY             0             0             0             0             0
 WEAK_TIE           0             0             0             0             0
 WEEKEND            0             0             0             0             0
 CXF                0             0             0             0             0
 CXW                0             0             0             0             0
 MXF                0             0             0             0             0
 MXW                0             0             0             0             0


           BETA
              WEEKEND       CXF           CXW           MXF           MXW
              ________      ________      ________      ________      ________
 CONTENT            1             0             0             0             0
 CMC                0             0             0             0             0
 MIXED              0             0             0             0             0
 FAMILY             0             0             0             0             0
 WEAK_TIE           0             0             0             0             0
 WEEKEND            0             0             0             0             0
 CXF                0             0             0             0             0
 CXW                0             0             0             0             0
 MXF                0             0             0             0             0
 MXW                0             0             0             0             0


           PSI
              CONTENT       CMC           MIXED         FAMILY        WEAK_TIE
              ________      ________      ________      ________      ________
 CONTENT            2
 CMC                0             0
 MIXED              0             0             0
 FAMILY             0             0             0             0
 WEAK_TIE           0             0             0             0             0
 WEEKEND            0             0             0             0             0
 CXF                0             0             0             0             0
 CXW                0             0             0             0             0
 MXF                0             0             0             0             0
 MXW                0             0             0             0             0


           PSI
              WEEKEND       CXF           CXW           MXF           MXW
              ________      ________      ________      ________      ________
 WEEKEND            0
 CXF                0             0
 CXW                0             0             0
 MXF                0             0             0             0
 MXW                0             0             0             0             0


     PARAMETER SPECIFICATION FOR BETWEEN


           NU
              CONTENT       N
              ________      ________
                    0             0


           LAMBDA
              S1            S2            S3            S4            S5
              ________      ________      ________      ________      ________
 CONTENT            0             0             0             0             0
 N                  0             0             0             0             0


           LAMBDA
              S6            S7            S8            CONTENT       N
              ________      ________      ________      ________      ________
 CONTENT            0             0             0             0             0
 N                  0             0             0             0             0


           THETA
              CONTENT       N
              ________      ________
 CONTENT            0
 N                  0             0


           ALPHA
              S1            S2            S3            S4            S5
              ________      ________      ________      ________      ________
                    3             4             5             6             7


           ALPHA
              S6            S7            S8            CONTENT       N
              ________      ________      ________      ________      ________
                    8             9            10            11             0


           BETA
              S1            S2            S3            S4            S5
              ________      ________      ________      ________      ________
 S1                 0             0             0             0             0
 S2                 0             0             0             0             0
 S3                 0             0             0             0             0
 S4                 0             0             0             0             0
 S5                 0             0             0             0             0
 S6                 0             0             0             0             0
 S7                 0             0             0             0             0
 S8                 0             0             0             0             0
 CONTENT            0             0             0             0             0
 N                  0             0             0             0             0


           BETA
              S6            S7            S8            CONTENT       N
              ________      ________      ________      ________      ________
 S1                 0             0             0             0            12
 S2                 0             0             0             0            13
 S3                 0             0             0             0            14
 S4                 0             0             0             0            15
 S5                 0             0             0             0            16
 S6                 0             0             0             0            17
 S7                 0             0             0             0            18
 S8                 0             0             0             0            19
 CONTENT            0             0             0             0            20
 N                  0             0             0             0             0


           PSI
              S1            S2            S3            S4            S5
              ________      ________      ________      ________      ________
 S1                21
 S2                22            23
 S3                24            25            26
 S4                27            28            29            30
 S5                31            32            33            34            35
 S6                36            37            38            39            40
 S7                42            43            44            45            46
 S8                49            50            51            52            53
 CONTENT           57            58            59            60            61
 N                  0             0             0             0             0


           PSI
              S6            S7            S8            CONTENT       N
              ________      ________      ________      ________      ________
 S6                41
 S7                47            48
 S8                54            55            56
 CONTENT           62            63            64            65
 N                  0             0             0             0             0


     STARTING VALUES FOR WITHIN


           NU
              CONTENT       CMC           MIXED         FAMILY        WEAK_TIE
              ________      ________      ________      ________      ________
                0.000         0.000         0.000         0.000         0.000


           NU
              WEEKEND       CXF           CXW           MXF           MXW
              ________      ________      ________      ________      ________
                0.000         0.000         0.000         0.000         0.000


           LAMBDA
              CONTENT       CMC           MIXED         FAMILY        WEAK_TIE
              ________      ________      ________      ________      ________
 CONTENT        1.000         0.000         0.000         0.000         0.000
 CMC            0.000         1.000         0.000         0.000         0.000
 MIXED          0.000         0.000         1.000         0.000         0.000
 FAMILY         0.000         0.000         0.000         1.000         0.000
 WEAK_TIE       0.000         0.000         0.000         0.000         1.000
 WEEKEND        0.000         0.000         0.000         0.000         0.000
 CXF            0.000         0.000         0.000         0.000         0.000
 CXW            0.000         0.000         0.000         0.000         0.000
 MXF            0.000         0.000         0.000         0.000         0.000
 MXW            0.000         0.000         0.000         0.000         0.000


           LAMBDA
              WEEKEND       CXF           CXW           MXF           MXW
              ________      ________      ________      ________      ________
 CONTENT        0.000         0.000         0.000         0.000         0.000
 CMC            0.000         0.000         0.000         0.000         0.000
 MIXED          0.000         0.000         0.000         0.000         0.000
 FAMILY         0.000         0.000         0.000         0.000         0.000
 WEAK_TIE       0.000         0.000         0.000         0.000         0.000
 WEEKEND        1.000         0.000         0.000         0.000         0.000
 CXF            0.000         1.000         0.000         0.000         0.000
 CXW            0.000         0.000         1.000         0.000         0.000
 MXF            0.000         0.000         0.000         1.000         0.000
 MXW            0.000         0.000         0.000         0.000         1.000


           THETA
              CONTENT       CMC           MIXED         FAMILY        WEAK_TIE
              ________      ________      ________      ________      ________
 CONTENT        0.000
 CMC            0.000         0.000
 MIXED          0.000         0.000         0.000
 FAMILY         0.000         0.000         0.000         0.000
 WEAK_TIE       0.000         0.000         0.000         0.000         0.000
 WEEKEND        0.000         0.000         0.000         0.000         0.000
 CXF            0.000         0.000         0.000         0.000         0.000
 CXW            0.000         0.000         0.000         0.000         0.000
 MXF            0.000         0.000         0.000         0.000         0.000
 MXW            0.000         0.000         0.000         0.000         0.000


           THETA
              WEEKEND       CXF           CXW           MXF           MXW
              ________      ________      ________      ________      ________
 WEEKEND        0.000
 CXF            0.000         0.000
 CXW            0.000         0.000         0.000
 MXF            0.000         0.000         0.000         0.000
 MXW            0.000         0.000         0.000         0.000         0.000


           ALPHA
              CONTENT       CMC           MIXED         FAMILY        WEAK_TIE
              ________      ________      ________      ________      ________
                0.000         0.000         0.000         0.000         0.000


           ALPHA
              WEEKEND       CXF           CXW           MXF           MXW
              ________      ________      ________      ________      ________
                0.000         0.000         0.000         0.000         0.000


           BETA
              CONTENT       CMC           MIXED         FAMILY        WEAK_TIE
              ________      ________      ________      ________      ________
 CONTENT        0.000         0.000         0.000         0.000         0.000
 CMC            0.000         0.000         0.000         0.000         0.000
 MIXED          0.000         0.000         0.000         0.000         0.000
 FAMILY         0.000         0.000         0.000         0.000         0.000
 WEAK_TIE       0.000         0.000         0.000         0.000         0.000
 WEEKEND        0.000         0.000         0.000         0.000         0.000
 CXF            0.000         0.000         0.000         0.000         0.000
 CXW            0.000         0.000         0.000         0.000         0.000
 MXF            0.000         0.000         0.000         0.000         0.000
 MXW            0.000         0.000         0.000         0.000         0.000


           BETA
              WEEKEND       CXF           CXW           MXF           MXW
              ________      ________      ________      ________      ________
 CONTENT        0.000         0.000         0.000         0.000         0.000
 CMC            0.000         0.000         0.000         0.000         0.000
 MIXED          0.000         0.000         0.000         0.000         0.000
 FAMILY         0.000         0.000         0.000         0.000         0.000
 WEAK_TIE       0.000         0.000         0.000         0.000         0.000
 WEEKEND        0.000         0.000         0.000         0.000         0.000
 CXF            0.000         0.000         0.000         0.000         0.000
 CXW            0.000         0.000         0.000         0.000         0.000
 MXF            0.000         0.000         0.000         0.000         0.000
 MXW            0.000         0.000         0.000         0.000         0.000


           PSI
              CONTENT       CMC           MIXED         FAMILY        WEAK_TIE
              ________      ________      ________      ________      ________
 CONTENT        0.403
 CMC            0.000         0.089
 MIXED          0.000         0.000         0.058
 FAMILY         0.000         0.000         0.000         0.035
 WEAK_TIE       0.000         0.000         0.000         0.000         0.061
 WEEKEND        0.000         0.000         0.000         0.000         0.000
 CXF            0.000         0.000         0.000         0.000         0.000
 CXW            0.000         0.000         0.000         0.000         0.000
 MXF            0.000         0.000         0.000         0.000         0.000
 MXW            0.000         0.000         0.000         0.000         0.000


           PSI
              WEEKEND       CXF           CXW           MXF           MXW
              ________      ________      ________      ________      ________
 WEEKEND        0.098
 CXF            0.000         0.007
 CXW            0.000         0.000         0.010
 MXF            0.000         0.000         0.000         0.002
 MXW            0.000         0.000         0.000         0.000         0.005


     STARTING VALUES FOR BETWEEN


           NU
              CONTENT       N
              ________      ________
                0.000         0.000


           LAMBDA
              S1            S2            S3            S4            S5
              ________      ________      ________      ________      ________
 CONTENT        0.000         0.000         0.000         0.000         0.000
 N              0.000         0.000         0.000         0.000         0.000


           LAMBDA
              S6            S7            S8            CONTENT       N
              ________      ________      ________      ________      ________
 CONTENT        0.000         0.000         0.000         1.000         0.000
 N              0.000         0.000         0.000         0.000         1.000


           THETA
              CONTENT       N
              ________      ________
 CONTENT        0.000
 N              0.000         0.000


           ALPHA
              S1            S2            S3            S4            S5
              ________      ________      ________      ________      ________
                0.000         0.000         0.000         0.000         0.000


           ALPHA
              S6            S7            S8            CONTENT       N
              ________      ________      ________      ________      ________
                0.000         0.000         0.000         2.714         0.000


           BETA
              S1            S2            S3            S4            S5
              ________      ________      ________      ________      ________
 S1             0.000         0.000         0.000         0.000         0.000
 S2             0.000         0.000         0.000         0.000         0.000
 S3             0.000         0.000         0.000         0.000         0.000
 S4             0.000         0.000         0.000         0.000         0.000
 S5             0.000         0.000         0.000         0.000         0.000
 S6             0.000         0.000         0.000         0.000         0.000
 S7             0.000         0.000         0.000         0.000         0.000
 S8             0.000         0.000         0.000         0.000         0.000
 CONTENT        0.000         0.000         0.000         0.000         0.000
 N              0.000         0.000         0.000         0.000         0.000


           BETA
              S6            S7            S8            CONTENT       N
              ________      ________      ________      ________      ________
 S1             0.000         0.000         0.000         0.000         0.000
 S2             0.000         0.000         0.000         0.000         0.000
 S3             0.000         0.000         0.000         0.000         0.000
 S4             0.000         0.000         0.000         0.000         0.000
 S5             0.000         0.000         0.000         0.000         0.000
 S6             0.000         0.000         0.000         0.000         0.000
 S7             0.000         0.000         0.000         0.000         0.000
 S8             0.000         0.000         0.000         0.000         0.000
 CONTENT        0.000         0.000         0.000         0.000         0.000
 N              0.000         0.000         0.000         0.000         0.000


           PSI
              S1            S2            S3            S4            S5
              ________      ________      ________      ________      ________
 S1             1.000
 S2             0.000         1.000
 S3             0.000         0.000         1.000
 S4             0.000         0.000         0.000         1.000
 S5             0.000         0.000         0.000         0.000         1.000
 S6             0.000         0.000         0.000         0.000         0.000
 S7             0.000         0.000         0.000         0.000         0.000
 S8             0.000         0.000         0.000         0.000         0.000
 CONTENT        0.000         0.000         0.000         0.000         0.000
 N              0.000         0.000         0.000         0.000         0.000


           PSI
              S6            S7            S8            CONTENT       N
              ________      ________      ________      ________      ________
 S6             1.000
 S7             0.000         1.000
 S8             0.000         0.000         1.000
 CONTENT        0.000         0.000         0.000         0.403
 N              0.000         0.000         0.000         0.000         0.286



     PRIORS FOR ALL PARAMETERS            PRIOR MEAN      PRIOR VARIANCE     PRIOR STD. DEV.

     Parameter 1~N(0.000,infinity)           0.0000            infinity            infinity
     Parameter 2~IG(-1.000,0.000)          infinity            infinity            infinity
     Parameter 3~N(0.000,infinity)           0.0000            infinity            infinity
     Parameter 4~N(0.000,infinity)           0.0000            infinity            infinity
     Parameter 5~N(0.000,infinity)           0.0000            infinity            infinity
     Parameter 6~N(0.000,infinity)           0.0000            infinity            infinity
     Parameter 7~N(0.000,infinity)           0.0000            infinity            infinity
     Parameter 8~N(0.000,infinity)           0.0000            infinity            infinity
     Parameter 9~N(0.000,infinity)           0.0000            infinity            infinity
     Parameter 10~N(0.000,infinity)          0.0000            infinity            infinity
     Parameter 11~N(0.000,infinity)          0.0000            infinity            infinity
     Parameter 12~N(0.000,infinity)          0.0000            infinity            infinity
     Parameter 13~N(0.000,infinity)          0.0000            infinity            infinity
     Parameter 14~N(0.000,infinity)          0.0000            infinity            infinity
     Parameter 15~N(0.000,infinity)          0.0000            infinity            infinity
     Parameter 16~N(0.000,infinity)          0.0000            infinity            infinity
     Parameter 17~N(0.000,infinity)          0.0000            infinity            infinity
     Parameter 18~N(0.000,infinity)          0.0000            infinity            infinity
     Parameter 19~N(0.000,infinity)          0.0000            infinity            infinity
     Parameter 20~N(0.000,infinity)          0.0000            infinity            infinity
     Parameter 21~IW(0.000,-10)            infinity            infinity            infinity
     Parameter 22~IW(0.000,-10)            infinity            infinity            infinity
     Parameter 23~IW(0.000,-10)            infinity            infinity            infinity
     Parameter 24~IW(0.000,-10)            infinity            infinity            infinity
     Parameter 25~IW(0.000,-10)            infinity            infinity            infinity
     Parameter 26~IW(0.000,-10)            infinity            infinity            infinity
     Parameter 27~IW(0.000,-10)            infinity            infinity            infinity
     Parameter 28~IW(0.000,-10)            infinity            infinity            infinity
     Parameter 29~IW(0.000,-10)            infinity            infinity            infinity
     Parameter 30~IW(0.000,-10)            infinity            infinity            infinity
     Parameter 31~IW(0.000,-10)            infinity            infinity            infinity
     Parameter 32~IW(0.000,-10)            infinity            infinity            infinity
     Parameter 33~IW(0.000,-10)            infinity            infinity            infinity
     Parameter 34~IW(0.000,-10)            infinity            infinity            infinity
     Parameter 35~IW(0.000,-10)            infinity            infinity            infinity
     Parameter 36~IW(0.000,-10)            infinity            infinity            infinity
     Parameter 37~IW(0.000,-10)            infinity            infinity            infinity
     Parameter 38~IW(0.000,-10)            infinity            infinity            infinity
     Parameter 39~IW(0.000,-10)            infinity            infinity            infinity
     Parameter 40~IW(0.000,-10)            infinity            infinity            infinity
     Parameter 41~IW(0.000,-10)            infinity            infinity            infinity
     Parameter 42~IW(0.000,-10)            infinity            infinity            infinity
     Parameter 43~IW(0.000,-10)            infinity            infinity            infinity
     Parameter 44~IW(0.000,-10)            infinity            infinity            infinity
     Parameter 45~IW(0.000,-10)            infinity            infinity            infinity
     Parameter 46~IW(0.000,-10)            infinity            infinity            infinity
     Parameter 47~IW(0.000,-10)            infinity            infinity            infinity
     Parameter 48~IW(0.000,-10)            infinity            infinity            infinity
     Parameter 49~IW(0.000,-10)            infinity            infinity            infinity
     Parameter 50~IW(0.000,-10)            infinity            infinity            infinity
     Parameter 51~IW(0.000,-10)            infinity            infinity            infinity
     Parameter 52~IW(0.000,-10)            infinity            infinity            infinity
     Parameter 53~IW(0.000,-10)            infinity            infinity            infinity
     Parameter 54~IW(0.000,-10)            infinity            infinity            infinity
     Parameter 55~IW(0.000,-10)            infinity            infinity            infinity
     Parameter 56~IW(0.000,-10)            infinity            infinity            infinity
     Parameter 57~IW(0.000,-10)            infinity            infinity            infinity
     Parameter 58~IW(0.000,-10)            infinity            infinity            infinity
     Parameter 59~IW(0.000,-10)            infinity            infinity            infinity
     Parameter 60~IW(0.000,-10)            infinity            infinity            infinity
     Parameter 61~IW(0.000,-10)            infinity            infinity            infinity
     Parameter 62~IW(0.000,-10)            infinity            infinity            infinity
     Parameter 63~IW(0.000,-10)            infinity            infinity            infinity
     Parameter 64~IW(0.000,-10)            infinity            infinity            infinity
     Parameter 65~IW(0.000,-10)            infinity            infinity            infinity


TECHNICAL 8 OUTPUT


   TECHNICAL 8 OUTPUT FOR BAYES ESTIMATION

     CHAIN    BSEED
     1        0
     2        285380

                     POTENTIAL       PARAMETER WITH
     ITERATION    SCALE REDUCTION      HIGHEST PSR
     100              3.520               43
     200              2.730               40
     300              3.494               54
     400              2.617               54
     500              2.703               54
     600              2.515               54
     700              1.766               54
     800              1.849               10
     900              2.083               10
     1000             1.753               10
     1100             1.924               48
     1200             1.661               48
     1300             1.607               55
     1400             1.652               55
     1500             1.680               55
     1600             1.708               55
     1700             1.775               63
     1800             1.890               45
     1900             1.937               45
     2000             1.984               45
     2100             2.012               45
     2200             2.068               45
     2300             2.025               45
     2400             1.901               47
     2500             1.959               47
     2600             2.007               47
     2700             1.957               47
     2800             1.977               47
     2900             1.881               47
     3000             1.825               42
     3100             1.818               42
     3200             1.847               42
     3300             1.915               42
     3400             1.776               42
     3500             1.710               42
     3600             1.662               42
     3700             1.609               50
     3800             1.547               50
     3900             1.546               64
     4000             1.582               64
     4100             1.624               64
     4200             1.623               64
     4300             1.614               64
     4400             1.544               64
     4500             1.572               50
     4600             1.601               50
     4700             1.559               50
     4800             1.517               50
     4900             1.489               50
     5000             1.457               50
     5100             1.405               50
     5200             1.375               50
     5300             1.348               50
     5400             1.348               50
     5500             1.344               50
     5600             1.321               50
     5700             1.290               50
     5800             1.293               50
     5900             1.320               50
     6000             1.338               50
     6100             1.369               50
     6200             1.390               50
     6300             1.412               50
     6400             1.448               50
     6500             1.468               50
     6600             1.451               50
     6700             1.426               50
     6800             1.410               50
     6900             1.422               50
     7000             1.434               50
     7100             1.403               50
     7200             1.339               50
     7300             1.313               50
     7400             1.263               50
     7500             1.249               50
     7600             1.235               50
     7700             1.224               54
     7800             1.239               54
     7900             1.252               54
     8000             1.240               54
     8100             1.213               54
     8200             1.209               54
     8300             1.206               54
     8400             1.223               54
     8500             1.221               54
     8600             1.224               54
     8700             1.220               54
     8800             1.213               54
     8900             1.190               54
     9000             1.188               54
     9100             1.182               42
     9200             1.186               42
     9300             1.190               42
     9400             1.193               42
     9500             1.190               42
     9600             1.183               42
     9700             1.176               42
     9800             1.183               42
     9900             1.187               42
     10000            1.178               42
     10100            1.172               42
     10200            1.159               42
     10300            1.154               42
     10400            1.142               42
     10500            1.143               19
     10600            1.142               49
     10700            1.148               49
     10800            1.143               49
     10900            1.163               47
     11000            1.187               47
     11100            1.201               47
     11200            1.218               47
     11300            1.229               47
     11400            1.247               47
     11500            1.265               47
     11600            1.275               47
     11700            1.292               47
     11800            1.306               47
     11900            1.311               47
     12000            1.306               47
     12100            1.292               47
     12200            1.271               47
     12300            1.261               47
     12400            1.251               47
     12500            1.248               47
     12600            1.258               47
     12700            1.260               47
     12800            1.272               47
     12900            1.284               47
     13000            1.306               47
     13100            1.316               47
     13200            1.319               47
     13300            1.307               47
     13400            1.299               47
     13500            1.265               47
     13600            1.253               47
     13700            1.238               47
     13800            1.222               47
     13900            1.211               47
     14000            1.208               47
     14100            1.207               47
     14200            1.195               47
     14300            1.201               47
     14400            1.212               47
     14500            1.220               47
     14600            1.225               47
     14700            1.236               47
     14800            1.241               47
     14900            1.244               45
     15000            1.266               45
     15100            1.281               45
     15200            1.300               45
     15300            1.314               45
     15400            1.327               45
     15500            1.333               45
     15600            1.327               45
     15700            1.315               45
     15800            1.317               45
     15900            1.321               45
     16000            1.331               45
     16100            1.344               45
     16200            1.357               45
     16300            1.378               45
     16400            1.391               45
     16500            1.379               45
     16600            1.369               45
     16700            1.336               45
     16800            1.325               45
     16900            1.310               45
     17000            1.305               45
     17100            1.300               45
     17200            1.296               45
     17300            1.290               45
     17400            1.283               45
     17500            1.264               45
     17600            1.246               45
     17700            1.231               45
     17800            1.232               45
     17900            1.242               45
     18000            1.248               45
     18100            1.248               45
     18200            1.250               45
     18300            1.235               45
     18400            1.218               45
     18500            1.207               45
     18600            1.203               45
     18700            1.203               45
     18800            1.200               45
     18900            1.196               45
     19000            1.190               45
     19100            1.181               45
     19200            1.171               45
     19300            1.167               45
     19400            1.167               45
     19500            1.161               45
     19600            1.159               45
     19700            1.152               45
     19800            1.144               45
     19900            1.141               45
     20000            1.139               45
     20100            1.133               45
     20200            1.124               45
     20300            1.118               45
     20400            1.118               45
     20500            1.109               45
     20600            1.103               45
     20700            1.098               45
     20800            1.101               45
     20900            1.103               45
     21000            1.104               45
     21100            1.099               45
     21200            1.100               45
     21300            1.095               45


     Beginning Time:  10:05:27
        Ending Time:  10:39:50
       Elapsed Time:  00:34:23



MUTHEN & MUTHEN
3463 Stoner Ave.
Los Angeles, CA  90066

Tel: (310) 391-9971
Fax: (310) 391-8971
Web: www.StatModel.com
Support: Support@StatModel.com

Copyright (c) 1998-2020 Muthen & Muthen
