Mplus VERSION 8.5 (Mac)
MUTHEN & MUTHEN
03/18/2022  12:06 PM

INPUT INSTRUCTIONS

  TITLE: Analysis 5
  DATA: FILE = analysis4+5_S1.dat;
  VARIABLE:
  NAMES = ID WB content stressed lonely
  FTF CMC mixed peers family weak_ties
  E A C N O gender ethnicity SES weekend;
  USEVARIABLES = WB
  CMC mixed family weak_ties
  weekend N gender ethnicity SES
  cxf cxw mxf mxw;
  CLUSTER = ID;
  WITHIN = CMC mixed family weak_ties weekend
  cxf cxw mxf mxw;
  BETWEEN = N gender ethnicity SES;
  MISSING = .;
  DEFINE:
  CENTER CMC (GROUPMEAN);
  CENTER mixed (GROUPMEAN);
  CENTER family (GROUPMEAN);
  CENTER weak_ties (GROUPMEAN);
  cxf=CMC*family;
  cxw=CMC*weak_ties;
  mxf=mixed*family;
  mxw=mixed*weak_ties;
  CENTER N (GRANDMEAN);
  ANALYSIS: TYPE = TWOLEVEL RANDOM; ESTIMATOR = BAYES;
  BITERATIONS = (10000); PROCESSORS = 2;
  MODEL:
  %WITHIN%
  ! Well-being is predicted by CMC, the slope is random
  S1 | WB ON CMC;
  ! Well-being is predicted by mixed episodes, the slope is random
  S2 | WB ON mixed;
  ! Well-being is predicted by family, the slope is random
  S3 | WB ON family;
  ! Well-being is predicted by weak ties, the slope is random
  S4 | WB ON weak_ties;
  ! Well-being is predicted by CMC*family, the slope is random
  S5 | WB ON cxf;
  ! Well-being is predicted by CMC*weak ties, the slope is random
  S6 | WB ON cxw;
  ! Well-being is predicted by mixed*family, the slope is random
  S7 | WB ON mxf;
  ! Well-being is predicted by mixed*weak ties, the slope is random
  S8 | WB ON mxw;
  ! Control for weekend
  WB ON weekend;
  %BETWEEN%
  ! Covariance between intercept and slopes
  WB S1-S8 WITH WB S1-S8;
  ! The intercept is predicted by neuroticism
  WB ON N;
  ! The slopes are predicted by neuroticism
  S1-S8 ON N;
  ! Control for demographic variables
  WB ON gender ethnicity SES;
  OUTPUT: STDYX STDY TECH8;



*** WARNING in VARIABLE command
  Note that only the first 8 characters of variable names are used in the output.
  Shorten variable names to avoid any confusion.
*** WARNING
  One or more individual-level variables have no variation within a
  cluster for the following clusters.

     Variable   Cluster IDs with no within-cluster variation

      WB          652 831 501
      WEEKEND     476 567 992 1082 1167 183 811 938 998 1179 16 1348 522 569 1123 1154 607 389
                  1017 130 1094 794 967 988 213 589 922 674 1067 5 941 966 553 1389 217 1213 1278
                  850 1053 24 943 1013 750 433 706 7 341 501 803 868 661 627 876 99
      CXF         476 567 877 992 1082 1167 183 811 637 938 998 1006 652 524 1179 16 1348 278
                  522 1023 128 569 1059 1123 380 14 389 413 1017 424 201 130 1093 1094 794 831
                  1371 967 139 456 988 213 589 468 339 674 1373 709 1081 913 5 1106 941 391 1144
                  966 485 153 300 68 1325 946 605 57 1203 1213 64 88 1278 39 654 345 359 91 910
                  719 830 628 1007 1022 499 1053 426 83 1339 951 550 690 805 237 175 1033 412
                  176 1069 824 1252 614 365 640 1159 933 1038 676 207 421 458 541 1257 547 1269
                  436 753 491 860 425 574 518 433 935 599 73 7 1346 732 1133 743 258 1198 642
                  455 1206 296 760 357 23 906 60 613 87 1337 1048 718 510 1216 353 242 169 923
                  1143 929 530 419 1049 825 834 672 346 1208 936 350 620 622 699 1304 1192 334
                  896 489 600 62 184 228 714 1265 1131 444 789 105 514 727 927 58 592 819 677
                  1357 375 1215 387 791 854 1078 568 467 945 1099 948 397 110 636 833 1363 1152
                  687 367 368 1052 239 306 581 584 208 507 1114 150 944 702 886 683 86 401 916
                  1212 749 277 383 711 1271 147 890 1111 1185 758 99 1224 692 53 657 51 420 1340
                  505 858 422 327 308 548 634 360 321 1369 752 788 904 861 1027 205 1087 1138
                  531 1368 1307 681 316 762 551 189 254 1310 89 608 804 865 1046 724 728 735 1365
                  703 180 440 445 1090 1238 206 134 61 511 1042 1105 893 844 1217 212 65 1031
                  593 1234 688 921 1227 1293 1045 766 1057 930 393 1195 177 1210 723 1344 1390
                  585 556 557 976 1319 1333 236 508 486 267 1077 879 494 1190 459 52 963 1225
                  656 925 659 10 1003 991 1375 293
      CXW         476 567 877 992 1082 1167 183 811 637 938 1004 1006 652 1055 524 1179 1259 16
                  1348 278 522 1023 569 1123 607 14 389 413 130 1093 831 1248 1371 967 139 456
                  988 674 913 1106 485 1171 153 68 1325 564 1096 49 118 39 345 91 719 1142 628
                  1007 1022 1053 426 438 951 550 690 237 175 1168 614 1038 458 547 860 425 574
                  1207 935 706 732 743 1198 455 1206 296 906 60 87 931 1048 510 701 353 325 1285
                  1208 620 622 55 1297 1062 11 514 387 568 1018 1314 406 1363 368 1052 306 288
                  741 150 886 86 122 277 1111 729 1224 398 837 657 971 801 112 1027 454 205 681
                  254 1041 608 804 875 180 1090 315 1042 1105 844 921 1227 984 808 766 1057 588
                  1210 556 976 1319 236 459 738 980 538 1375
      MXF         476 567 877 992 1082 1167 183 811 637 938 998 1006 652 524 1179 1259 16 1348
                  278 522 1023 128 569 1059 1123 1154 607 380 14 389 413 1017 424 309 201 130
                  115 1093 1094 794 281 831 1248 301 1371 967 139 456 988 213 589 1199 468 629
                  495 339 674 1373 709 17 1081 913 5 941 391 1144 966 485 153 300 68 98 1325 553
                  1051 1389 1096 946 49 217 605 57 1203 1213 64 118 88 1278 654 345 359 91 910
                  719 1142 830 628 1007 731 1197 747 1022 499 1053 426 83 1339 951 550 690 805
                  237 1033 412 176 272 1069 824 1252 614 365 1013 640 1159 933 1038 676 207 421
                  458 541 1257 388 547 1269 436 748 753 491 860 261 574 518 433 935 779 599 111
                  1292 1108 73 209 7 1346 732 1133 743 258 1198 642 523 455 341 655 187 296 760
                  357 23 606 906 60 613 87 1337 501 718 803 510 1216 242 169 577 923 1287 1143
                  929 530 419 1049 372 825 834 672 346 1208 1239 404 936 350 620 622 699 1304
                  1062 1182 1192 162 334 896 489 600 1228 62 318 184 228 503 714 1265 1131 444
                  789 105 514 727 927 58 592 819 215 677 1354 1357 375 1215 387 791 854 1078 568
                  319 467 945 1099 948 397 406 902 110 636 833 1363 1148 1152 563 687 367 368
                  1397 1052 818 822 239 306 1301 581 584 208 507 432 939 1114 944 230 702 886
                  683 86 401 916 122 1212 1136 928 749 277 1342 182 383 711 166 1271 147 890 1111
                  1185 758 99 1224 692 53 657 51 420 1340 505 1356 858 422 807 327 308 548 312
                  634 360 321 294 1349 1369 752 31 788 904 861 1027 1087 1138 531 1368 1307 221
                  681 316 882 473 762 1334 551 189 254 908 1310 430 89 804 1164 157 863 865 1046
                  724 728 570 245 735 1365 703 180 440 1214 445 1090 123 1238 206 671 315 134
                  61 511 1042 1105 893 844 1217 212 65 582 1031 593 1234 688 915 562 921 1227
                  1293 1045 1300 552 1129 1057 930 393 1195 177 1210 723 1344 573 1390 585 449
                  556 557 976 1319 651 736 1333 236 508 486 267 852 1077 879 494 1190 1232 459
                  52 963 1225 656 925 1029 659 10 1003 991 1375 303 293
      MXW         476 567 877 992 1082 1167 183 811 637 938 1004 1006 1055 524 1179 1259 16 1348
                  522 1023 569 1059 1123 1154 607 14 389 413 1017 309 130 115 1093 1094 794 281
                  831 1248 301 1371 139 456 988 1199 468 629 495 339 709 17 913 941 391 485 1171
                  153 68 98 1325 553 1051 564 1389 1096 49 217 1213 64 118 88 39 654 345 91 719
                  1142 830 628 1007 731 1197 747 1022 499 426 438 83 951 550 237 1033 1168 272
                  824 614 1013 1159 1038 458 541 388 547 1269 748 753 860 261 433 1207 935 779
                  706 111 1292 1108 73 209 732 743 1198 523 341 655 187 296 606 906 60 87 931
                  501 803 510 701 325 577 1285 1287 1049 372 1208 1239 404 350 622 55 1297 1304
                  1062 1182 162 896 11 1228 318 184 228 503 514 592 215 1354 1215 387 568 319
                  1018 1099 1314 397 406 902 1363 1148 563 367 368 1397 818 822 306 288 1301 581
                  432 741 939 1114 230 886 86 122 1212 1136 928 1342 182 383 166 1111 1185 729
                  1224 398 837 657 1340 505 1356 971 801 807 312 112 634 294 1349 31 788 1027
                  454 221 681 882 473 1334 254 908 1041 430 804 1164 157 863 865 570 875 245 180
                  1214 1090 123 671 315 1042 1105 844 582 915 562 921 1227 1300 552 984 808 1129
                  1057 588 1210 723 573 449 556 976 1319 651 736 236 852 1232 459 738 980 1029
                  538 1375 303

*** WARNING
  Data set contains cases with missing on x-variables.
  These cases were not included in the analysis.
  Number of cases with missing on x-variables:  9284
*** WARNING
  Data set contains cases with missing on all variables except
  x-variables.  These cases were not included in the analysis.
  Number of cases with missing on all variables except x-variables:  3
   4 WARNING(S) FOUND IN THE INPUT INSTRUCTIONS



Analysis 5

SUMMARY OF ANALYSIS

Number of groups                                                 1
Number of observations                                       14491

Number of dependent variables                                    1
Number of independent variables                                 13
Number of continuous latent variables                            8

Observed dependent variables

  Continuous
   WB

Observed independent variables
   CMC         MIXED       FAMILY      WEAK_TIE    WEEKEND     N
   GENDER      ETHNICIT    SES         CXF         CXW         MXF
   MXW

Continuous latent variables
   S1          S2          S3          S4          S5          S6
   S7          S8

Variables with special functions

  Cluster variable      ID

  Within variables
   CMC         MIXED       FAMILY      WEAK_TIE    WEEKEND     CXF
   CXW         MXF         MXW

  Between variables
   N           GENDER      ETHNICIT    SES

  Centering (GRANDMEAN)
   N

  Centering (GROUPMEAN)
   CMC         MIXED       FAMILY      WEAK_TIE


Estimator                                                    BAYES
Specifications for Bayesian Estimation
  Point estimate                                            MEDIAN
  Number of Markov chain Monte Carlo (MCMC) chains               2
  Random seed for the first chain                                0
  Starting value information                           UNPERTURBED
  Algorithm used for Markov chain Monte Carlo           GIBBS(PX1)
  Convergence criterion                                  0.500D-01
  Maximum number of iterations                               50000
  K-th iteration used for thinning                               1

Input data file(s)
  analysis4+5_S1.dat
Input data format  FREE


SUMMARY OF DATA

     Number of clusters                        790

       Size (s)    Cluster ID with Size s

          1        181 332 717 1010 1391
          2        476 567 877 992 1082 1167 183
          3        811 637 938 998 1004 1006 652 1055 524 1179 1259 16
                   1348
          4        278 522 1023 128 569 1059 1123 1154 607 380 14 389
          5        413 1017 424 309 201 130 115 1093 1094 794 281 831 1248
                   291 301 1371 967
          6        168 139 456 988 213 589 1199 468 629 495 339 922 674
                   1373 1379 709 17
          7        1067 1081 913 5 1106 941 391 1144 66 1160 966 485 1171
                   153 300 68 98 1325 553 1051 564 1389 1063
          8        92 1096 946 49 217 605 57 1203 1213 64 118 88 1278 39
                   654 555 850 345 359 91 910 719
          9        1142 830 838 628 1007 731 1197 747 1022 632 499 1053
                   24 426 778 438 943 1080 83 1339 951 550 682 690 805
                   237
         10        175 1033 1168 412 260 176 272 1069 824 1252 443 610
                   614 210 365 559 1013 1384 640 1159
         11        933 30 1038 676 207 160 421 458 1070 541 1079 1257 388
                   547 1269 436 987 748 750 753 491 860 1359 660 769 663
                   773
         12        566 261 425 218 574 889 1172 907 518 433 1207 935 779
                   599 706 111 1292 977 1306 1108 73 209 7 1346 732 290
                   1133 1382 845 742 743 258
         13        1198 642 523 455 1206 341 655 187 296 760 357 299 1005
                   23 606 906 60 613 1317 87 931 1337 501 161 792 1048
                   718 803 1191
         14        347 510 1216 701 353 242 325 169 1262 577 1276 414 923
                   1285 1287 1143 929 1156 530 419 1049 372 480 825 826
                   178 834 672 346 1208
         15        1239 404 446 936 28 350 620 622 626 1158 694 1282 699
                   410 55 1297 1304 196 1062 329 1182 1192 868 162 334
                   995 896 489 11 600 661 1228 62 318
         16        627 184 228 1001 876 503 782 54 714 1265 1014 1131 444
                   789 639 105 514 450 727 1032 1034 927 58 990 592 819
                   215 32 677 1354 1357 375 488 970 219 1215 387 144
         17        791 854 1078 568 319 467 69 165 1018 307 945 1099 948
                   1314 397 957 38 95 452 81 406 902 110 636 833 1363 1148
                   914 1249 1152 563 1380 687 367 368 1397
         18        1052 818 302 822 142 901 529 239 306 129 616 288 396
                   1301 581 584 208 507 432 741 859 939 1335 1114 150 944
                   800 695 1121 1125 230 1132 702 26 448 886 965
         19        898 76 232 683 86 401 916 122 216 1313 1212 1318 1136
                   745 928 101 1147 1000 749 277 1342 1155 182 383 711
                   1258 166 1372 878 621 1271 147 890 348 1111 1185 758
         20        1150 729 99 100 1224 692 1015 693 398 53 837 657 839
                   51 1327 119 420 1340 71 505 795 1264 1356 797 971 858
                   801 422 807 327 308 152 643 548 312
         21        112 137 634 360 321 154 437 294 1349 1157 1353 536 1369
                   1118 752 1243 31 788 1073 904 861 1026 1027
         22        454 205 1087 1236 97 1138 243 174 192 1146 531 1368
                   1307 841 221 681 316 882 473 135 762 1334
         23        1065 646 1336 551 1068 498 899 310 189 254 1176 533
                   908 832 1041 763 1310 1311 430 89 608 374 416 1061
         24        804 1164 157 863 399 865 1046 724 728 1260 427 570 428
                   875 20 1351 1124 245 735 537 78 170 233 1365 703 180
                   440 363 1214 190 366 1381 82 1153 445 1233 1090 123
                   1238
         25        666 3 206 671 315 134 61 1162 1097 974 511 1042 1105
                   893 37 1173 844 247 164 1217 364
         26        1141 1110 1244 212 65 582 1031 379 29 1332 1296 1377
                   716 679 593 519 1234 688 962 915
         27        1107 562 921 384 1324 1227 1293 1231 1045 1300 552 984
                   1028 475 1341 820 1345 808 766 1350 1129 1057
         28        930 793 155 393 1195 1223 177 482 588 1109 1229 1130
                   471 270 624 1210 723 848
         29        108 435 500 526 1002 1344 107 573 1390 585 340
         30        449 479 338 556 1187 557 976 1100 1319 651 351
         31        289 736 1333 1102 236 508 486 1196 267 852 1077 1284
                   809
         32        840 705 1256 618 1283 358 561 1309 879 494 881 462 883
                   131 266 42
         33        1126 2 1190 313 1232 262 1134 1295
         34        459 1383 697 70
         35        1343 52 1139 481 256 197 434 738 94 963 662 980
         36        1225 411 1101 656 1016 113
         37        925 596 1029 955
         38        659 463 125 756
         39        10 538
         40        1298
         41        1003 231
         42        836 991
         43        869 249 1375
         44        1020 1076
         47        138
         51        303
         53        293



COVARIANCE COVERAGE OF DATA

Minimum covariance coverage value   0.100

     Number of missing data patterns             1


     PROPORTION OF DATA PRESENT


           Covariance Coverage
              WB            CMC           MIXED         FAMILY        WEAK_TIE
              ________      ________      ________      ________      ________
 WB             1.000
 CMC            1.000         1.000
 MIXED          1.000         1.000         1.000
 FAMILY         1.000         1.000         1.000         1.000
 WEAK_TIE       1.000         1.000         1.000         1.000         1.000
 WEEKEND        1.000         1.000         1.000         1.000         1.000
 CXF            1.000         1.000         1.000         1.000         1.000
 CXW            1.000         1.000         1.000         1.000         1.000
 MXF            1.000         1.000         1.000         1.000         1.000
 MXW            1.000         1.000         1.000         1.000         1.000
 N              1.000         1.000         1.000         1.000         1.000
 GENDER         1.000         1.000         1.000         1.000         1.000
 ETHNICIT       1.000         1.000         1.000         1.000         1.000
 SES            1.000         1.000         1.000         1.000         1.000


           Covariance Coverage
              WEEKEND       CXF           CXW           MXF           MXW
              ________      ________      ________      ________      ________
 WEEKEND        1.000
 CXF            1.000         1.000
 CXW            1.000         1.000         1.000
 MXF            1.000         1.000         1.000         1.000
 MXW            1.000         1.000         1.000         1.000         1.000
 N              1.000         1.000         1.000         1.000         1.000
 GENDER         1.000         1.000         1.000         1.000         1.000
 ETHNICIT       1.000         1.000         1.000         1.000         1.000
 SES            1.000         1.000         1.000         1.000         1.000


           Covariance Coverage
              N             GENDER        ETHNICIT      SES
              ________      ________      ________      ________
 N              1.000
 GENDER         1.000         1.000
 ETHNICIT       1.000         1.000         1.000
 SES            1.000         1.000         1.000         1.000



UNIVARIATE SAMPLE STATISTICS


     UNIVARIATE HIGHER-ORDER MOMENT DESCRIPTIVE STATISTICS

         Variable/         Mean/     Skewness/   Minimum/ % with                Percentiles
        Sample Size      Variance    Kurtosis    Maximum  Min/Max      20%/60%    40%/80%    Median

     WB                    3.039      -0.517       1.000    0.66%       2.333      3.000      3.000
           14491.000       0.427      -0.139       4.000   11.41%       3.333      3.667
     CMC                   0.000       0.525      -0.968    0.01%      -0.355     -0.207     -0.125
           14491.000       0.180      -0.903       0.969    0.01%      -0.050      0.500
     MIXED                 0.000       1.300      -0.833    0.01%      -0.231     -0.107     -0.071
           14491.000       0.117       1.018       0.979    0.01%      -0.042      0.000
     FAMILY                0.000       1.927      -0.833    0.01%      -0.114     -0.049     -0.033
           14491.000       0.071       4.625       0.977    0.01%       0.000      0.000
     WEAK_TIES             0.000       1.351      -0.917    0.01%      -0.219     -0.125     -0.087
           14491.000       0.123       0.948       0.981    0.01%      -0.059      0.000
     WEEKEND               0.267       1.054       0.000   73.31%       0.000      0.000      0.000
           14491.000       0.196      -0.889       1.000   26.69%       0.000      1.000
     CXF                   0.005       1.829      -0.922    0.01%      -0.020      0.000      0.000
           14491.000       0.015      15.206       0.930    0.01%       0.000      0.023
     CXW                  -0.029      -0.412      -0.879    0.01%      -0.099     -0.012      0.000
           14491.000       0.020       6.497       0.879    0.01%       0.009      0.036
     MXF                  -0.005       1.350      -0.688    0.01%       0.000      0.000      0.000
           14491.000       0.005      37.716       0.835    0.01%       0.000      0.010
     MXW                  -0.008       1.225      -0.694    0.01%      -0.036      0.000      0.000
           14491.000       0.011      17.111       0.848    0.01%       0.007      0.022
     N                     0.000       0.080      -1.953    0.13%      -0.578     -0.203     -0.078
             790.000       0.563      -0.388       1.922    0.38%       0.172      0.672
     GENDER                0.648      -0.620       0.000   35.19%       0.000      1.000      1.000
             790.000       0.228      -1.615       1.000   64.81%       1.000      1.000
     ETHNICITY             0.634      -0.557       0.000   36.58%       0.000      1.000      1.000
             790.000       0.232      -1.690       1.000   63.42%       1.000      1.000
     SES                   0.859      -2.069       0.000   14.05%       1.000      1.000      1.000
             790.000       0.121       2.281       1.000   85.95%       1.000      1.000


THE MODEL ESTIMATION TERMINATED NORMALLY

     USE THE FBITERATIONS OPTION TO INCREASE THE NUMBER OF ITERATIONS BY A FACTOR
     OF AT LEAST TWO TO CHECK CONVERGENCE AND THAT THE PSR VALUE DOES NOT INCREASE.



MODEL FIT INFORMATION

Number of Free Parameters                              68

Information Criteria

          Deviance (DIC)                        20917.604
          Estimated Number of Parameters (pD)    1543.351



MODEL RESULTS

                                Posterior  One-Tailed         95% C.I.
                    Estimate       S.D.      P-Value   Lower 2.5%  Upper 2.5%  Significance

Within Level

 WB         ON
    WEEKEND            0.049       0.010      0.000       0.029       0.068      *

 Residual Variances
    WB                 0.223       0.003      0.000       0.217       0.229      *

Between Level

 S1         ON
    N                 -0.035       0.019      0.035      -0.071       0.003

 S2         ON
    N                  0.011       0.020      0.286      -0.029       0.051

 S3         ON
    N                  0.019       0.029      0.260      -0.037       0.075

 S4         ON
    N                 -0.025       0.019      0.104      -0.062       0.014

 S5         ON
    N                 -0.059       0.065      0.183      -0.186       0.066

 S6         ON
    N                 -0.001       0.053      0.489      -0.103       0.103

 S7         ON
    N                 -0.065       0.119      0.292      -0.301       0.166

 S8         ON
    N                 -0.041       0.063      0.260      -0.160       0.085

 WB         ON
    N                 -0.251       0.020      0.000      -0.291      -0.211      *
    GENDER             0.045       0.031      0.078      -0.017       0.105
    ETHNICITY         -0.084       0.032      0.005      -0.146      -0.020      *
    SES               -0.012       0.044      0.392      -0.098       0.075

 WB       WITH
    S1                 0.016       0.006      0.003       0.005       0.029      *
    S2                 0.013       0.008      0.041      -0.002       0.028
    S3                 0.003       0.009      0.366      -0.014       0.021
    S4                -0.011       0.007      0.050      -0.024       0.002
    S5                -0.002       0.020      0.456      -0.042       0.037
    S6                -0.028       0.018      0.062      -0.064       0.007
    S7                 0.041       0.041      0.151      -0.036       0.125
    S8                -0.010       0.025      0.348      -0.051       0.044

 S1       WITH
    S2                 0.026       0.006      0.000       0.015       0.039      *
    S3                -0.004       0.008      0.279      -0.019       0.010
    S4                 0.018       0.006      0.000       0.007       0.031      *
    S5                 0.018       0.017      0.145      -0.016       0.051
    S6                -0.028       0.013      0.017      -0.054      -0.002      *
    S7                 0.033       0.029      0.127      -0.024       0.090
    S8                -0.010       0.016      0.237      -0.046       0.018

 S2       WITH
    S3                -0.005       0.007      0.273      -0.018       0.009
    S4                 0.015       0.006      0.007       0.003       0.026      *
    S5                 0.028       0.017      0.046      -0.005       0.061
    S6                -0.006       0.014      0.317      -0.036       0.018
    S7                 0.043       0.026      0.030      -0.002       0.100
    S8                -0.013       0.012      0.131      -0.038       0.011

 S3       WITH
    S4                -0.003       0.008      0.339      -0.017       0.013
    S5                -0.001       0.019      0.479      -0.039       0.036
    S6                 0.025       0.019      0.088      -0.011       0.063
    S7                 0.050       0.029      0.037      -0.005       0.107
    S8                 0.011       0.019      0.274      -0.025       0.050

 S4       WITH
    S5                 0.016       0.016      0.172      -0.017       0.045
    S6                -0.014       0.012      0.127      -0.037       0.011
    S7                -0.001       0.026      0.477      -0.050       0.050
    S8                -0.008       0.012      0.261      -0.029       0.018

 S5       WITH
    S6                 0.086       0.042      0.022       0.002       0.169      *
    S7                 0.128       0.069      0.015       0.012       0.282      *
    S8                -0.023       0.042      0.306      -0.098       0.063

 S6       WITH
    S7                 0.103       0.064      0.053      -0.021       0.232
    S8                 0.040       0.037      0.127      -0.025       0.118

 S7       WITH
    S8                 0.024       0.055      0.337      -0.080       0.134

 Intercepts
    WB                 3.051       0.054      0.000       2.943       3.157      *
    S1                -0.235       0.014      0.000      -0.263      -0.208      *
    S2                -0.013       0.015      0.202      -0.043       0.018
    S3                 0.015       0.022      0.245      -0.028       0.059
    S4                -0.175       0.015      0.000      -0.205      -0.144      *
    S5                -0.088       0.048      0.034      -0.181       0.007
    S6                 0.172       0.040      0.000       0.093       0.249      *
    S7                -0.008       0.086      0.464      -0.186       0.156
    S8                 0.086       0.045      0.028      -0.003       0.176

 Residual Variances
    WB                 0.157       0.009      0.000       0.140       0.177      *
    S1                 0.047       0.007      0.000       0.034       0.062      *
    S2                 0.031       0.008      0.000       0.018       0.048      *
    S3                 0.042       0.013      0.000       0.018       0.069      *
    S4                 0.028       0.007      0.000       0.015       0.043      *
    S5                 0.210       0.057      0.000       0.114       0.334      *
    S6                 0.193       0.048      0.000       0.116       0.299      *
    S7                 0.423       0.148      0.000       0.225       0.800      *
    S8                 0.089       0.042      0.000       0.033       0.190      *


STANDARDIZED MODEL RESULTS


STDYX Standardization

                                Posterior  One-Tailed         95% C.I.
                    Estimate       S.D.      P-Value   Lower 2.5%  Upper 2.5%  Significance

Within-Level Standardized Estimates Averaged Over Clusters

 S1 | WB ON
    CMC               -0.180       0.009      0.000      -0.198      -0.162      *

 S2 | WB ON
    MIXED             -0.006       0.008      0.218      -0.021       0.010

 S3 | WB ON
    FAMILY             0.004       0.007      0.327      -0.011       0.018

 S4 | WB ON
    WEAK_TIES         -0.104       0.009      0.000      -0.123      -0.088      *

 S5 | WB ON
    CXF               -0.012       0.007      0.043      -0.025       0.001

 S6 | WB ON
    CXW                0.035       0.009      0.000       0.015       0.051      *

 S7 | WB ON
    MXF                0.002       0.005      0.346      -0.008       0.011

 S8 | WB ON
    MXW                0.011       0.006      0.013       0.002       0.023      *

 WB         ON
    WEEKEND            0.039       0.008      0.000       0.023       0.054      *

 Residual Variances
    WB                 0.877       0.005      0.000       0.867       0.887      *

Between Level

 S1         ON
    N                 -0.087       0.047      0.035      -0.179       0.007

 S2         ON
    N                  0.035       0.063      0.286      -0.089       0.155

 S3         ON
    N                  0.049       0.079      0.260      -0.101       0.210

 S4         ON
    N                 -0.080       0.063      0.104      -0.200       0.046

 S5         ON
    N                 -0.070       0.077      0.183      -0.222       0.076

 S6         ON
    N                 -0.002       0.065      0.489      -0.128       0.128

 S7         ON
    N                 -0.054       0.096      0.292      -0.241       0.132

 S8         ON
    N                 -0.075       0.117      0.260      -0.301       0.164

 WB         ON
    N                 -0.320       0.024      0.000      -0.367      -0.271      *
    GENDER             0.035       0.024      0.078      -0.014       0.082
    ETHNICITY         -0.068       0.026      0.005      -0.117      -0.016      *
    SES               -0.007       0.027      0.392      -0.060       0.046

 WB       WITH
    S1                 0.190       0.070      0.003       0.054       0.327      *
    S2                 0.191       0.109      0.041      -0.026       0.411
    S3                 0.040       0.114      0.366      -0.191       0.258
    S4                -0.167       0.102      0.050      -0.368       0.031
    S5                -0.012       0.111      0.456      -0.238       0.200
    S6                -0.160       0.108      0.062      -0.387       0.040
    S7                 0.160       0.153      0.151      -0.143       0.448
    S8                -0.088       0.210      0.348      -0.446       0.371

 S1       WITH
    S2                 0.700       0.088      0.000       0.497       0.842      *
    S3                -0.103       0.171      0.279      -0.436       0.227
    S4                 0.502       0.134      0.000       0.217       0.737      *
    S5                 0.183       0.170      0.145      -0.159       0.512
    S6                -0.303       0.137      0.017      -0.554      -0.021      *
    S7                 0.238       0.194      0.127      -0.173       0.578
    S8                -0.167       0.248      0.237      -0.704       0.260

 S2       WITH
    S3                -0.129       0.197      0.273      -0.506       0.243
    S4                 0.525       0.160      0.007       0.137       0.758      *
    S5                 0.352       0.192      0.046      -0.058       0.675
    S6                -0.084       0.175      0.317      -0.446       0.234
    S7                 0.385       0.186      0.030      -0.015       0.695
    S8                -0.266       0.230      0.131      -0.679       0.204

 S3       WITH
    S4                -0.093       0.226      0.339      -0.556       0.333
    S5                -0.012       0.213      0.479      -0.448       0.381
    S6                 0.280       0.207      0.088      -0.131       0.675
    S7                 0.400       0.187      0.037      -0.041       0.673
    S8                 0.188       0.289      0.274      -0.404       0.678

 S4       WITH
    S5                 0.210       0.207      0.172      -0.200       0.588
    S6                -0.201       0.175      0.127      -0.543       0.135
    S7                -0.014       0.227      0.477      -0.431       0.457
    S8                -0.162       0.247      0.261      -0.626       0.324

 S5       WITH
    S6                 0.436       0.175      0.022       0.011       0.689      *
    S7                 0.443       0.177      0.015       0.047       0.737      *
    S8                -0.172       0.304      0.306      -0.679       0.446

 S6       WITH
    S7                 0.361       0.203      0.053      -0.084       0.718
    S8                 0.314       0.243      0.127      -0.247       0.693

 S7       WITH
    S8                 0.126       0.271      0.337      -0.480       0.575

 Intercepts
    WB                 7.253       0.238      0.000       6.794       7.723      *
    S1                -1.084       0.109      0.000      -1.324      -0.894      *
    S2                -0.072       0.089      0.202      -0.251       0.101
    S3                 0.075       0.118      0.245      -0.131       0.338
    S4                -1.037       0.175      0.000      -1.446      -0.794      *
    S5                -0.193       0.109      0.034      -0.419       0.015
    S6                 0.391       0.104      0.000       0.202       0.609      *
    S7                -0.012       0.135      0.464      -0.288       0.244
    S8                 0.289       0.168      0.028      -0.009       0.674

 Residual Variances
    WB                 0.890       0.016      0.000       0.856       0.920      *
    S1                 0.992       0.009      0.000       0.968       1.000      *
    S2                 0.998       0.007      0.000       0.976       1.000      *
    S3                 0.996       0.012      0.000       0.956       1.000      *
    S4                 0.994       0.011      0.000       0.960       1.000      *
    S5                 0.994       0.014      0.000       0.951       1.000      *
    S6                 0.998       0.006      0.000       0.979       1.000      *
    S7                 0.994       0.017      0.000       0.942       1.000      *
    S8                 0.991       0.026      0.000       0.906       1.000      *


STDY Standardization

                                Posterior  One-Tailed         95% C.I.
                    Estimate       S.D.      P-Value   Lower 2.5%  Upper 2.5%  Significance

Within-Level Standardized Estimates Averaged Over Clusters

 S1 | WB ON
    CMC               -0.455       0.024      0.000      -0.501      -0.407      *

 S2 | WB ON
    MIXED             -0.023       0.029      0.211      -0.076       0.036

 S3 | WB ON
    FAMILY             0.022       0.042      0.320      -0.061       0.102

 S4 | WB ON
    WEAK_TIES         -0.332       0.029      0.000      -0.394      -0.281      *

 S5 | WB ON
    CXF               -0.153       0.094      0.052      -0.335       0.024

 S6 | WB ON
    CXW                0.339       0.091      0.000       0.140       0.486      *

 S7 | WB ON
    MXF                0.027       0.143      0.416      -0.274       0.291

 S8 | WB ON
    MXW                0.172       0.083      0.010       0.029       0.352      *

 WB         ON
    WEEKEND            0.098       0.020      0.000       0.057       0.136      *

 Residual Variances
    WB                 0.877       0.005      0.000       0.867       0.887      *

Between Level

 S1         ON
    N                 -0.161       0.088      0.035      -0.333       0.013

 S2         ON
    N                  0.065       0.117      0.286      -0.165       0.288

 S3         ON
    N                  0.092       0.147      0.260      -0.189       0.392

 S4         ON
    N                 -0.148       0.117      0.104      -0.373       0.085

 S5         ON
    N                 -0.130       0.144      0.183      -0.413       0.142

 S6         ON
    N                 -0.003       0.120      0.489      -0.238       0.239

 S7         ON
    N                 -0.101       0.179      0.292      -0.448       0.246

 S8         ON
    N                 -0.140       0.217      0.260      -0.560       0.306

 WB         ON
    N                 -0.596       0.045      0.000      -0.683      -0.505      *
    GENDER             0.106       0.074      0.078      -0.042       0.249
    ETHNICITY         -0.201       0.076      0.005      -0.345      -0.047      *
    SES               -0.029       0.104      0.392      -0.232       0.179

 WB       WITH
    S1                 0.190       0.070      0.003       0.054       0.327      *
    S2                 0.191       0.109      0.041      -0.026       0.411
    S3                 0.040       0.114      0.366      -0.191       0.258
    S4                -0.167       0.102      0.050      -0.368       0.031
    S5                -0.012       0.111      0.456      -0.238       0.200
    S6                -0.160       0.108      0.062      -0.387       0.040
    S7                 0.160       0.153      0.151      -0.143       0.448
    S8                -0.088       0.210      0.348      -0.446       0.371

 S1       WITH
    S2                 0.700       0.088      0.000       0.497       0.842      *
    S3                -0.103       0.171      0.279      -0.436       0.227
    S4                 0.502       0.134      0.000       0.217       0.737      *
    S5                 0.183       0.170      0.145      -0.159       0.512
    S6                -0.303       0.137      0.017      -0.554      -0.021      *
    S7                 0.238       0.194      0.127      -0.173       0.578
    S8                -0.167       0.248      0.237      -0.704       0.260

 S2       WITH
    S3                -0.129       0.197      0.273      -0.506       0.243
    S4                 0.525       0.160      0.007       0.137       0.758      *
    S5                 0.352       0.192      0.046      -0.058       0.675
    S6                -0.084       0.175      0.317      -0.446       0.234
    S7                 0.385       0.186      0.030      -0.015       0.695
    S8                -0.266       0.230      0.131      -0.679       0.204

 S3       WITH
    S4                -0.093       0.226      0.339      -0.556       0.333
    S5                -0.012       0.213      0.479      -0.448       0.381
    S6                 0.280       0.207      0.088      -0.131       0.675
    S7                 0.400       0.187      0.037      -0.041       0.673
    S8                 0.188       0.289      0.274      -0.404       0.678

 S4       WITH
    S5                 0.210       0.207      0.172      -0.200       0.588
    S6                -0.201       0.175      0.127      -0.543       0.135
    S7                -0.014       0.227      0.477      -0.431       0.457
    S8                -0.162       0.247      0.261      -0.626       0.324

 S5       WITH
    S6                 0.436       0.175      0.022       0.011       0.689      *
    S7                 0.443       0.177      0.015       0.047       0.737      *
    S8                -0.172       0.304      0.306      -0.679       0.446

 S6       WITH
    S7                 0.361       0.203      0.053      -0.084       0.718
    S8                 0.314       0.243      0.127      -0.247       0.693

 S7       WITH
    S8                 0.126       0.271      0.337      -0.480       0.575

 Intercepts
    WB                 7.253       0.238      0.000       6.794       7.723      *
    S1                -1.084       0.109      0.000      -1.324      -0.894      *
    S2                -0.072       0.089      0.202      -0.251       0.101
    S3                 0.075       0.118      0.245      -0.131       0.338
    S4                -1.037       0.175      0.000      -1.446      -0.794      *
    S5                -0.193       0.109      0.034      -0.419       0.015
    S6                 0.391       0.104      0.000       0.202       0.609      *
    S7                -0.012       0.135      0.464      -0.288       0.244
    S8                 0.289       0.168      0.028      -0.009       0.674

 Residual Variances
    WB                 0.890       0.016      0.000       0.856       0.920      *
    S1                 0.992       0.009      0.000       0.968       1.000      *
    S2                 0.998       0.007      0.000       0.976       1.000      *
    S3                 0.996       0.012      0.000       0.956       1.000      *
    S4                 0.994       0.011      0.000       0.960       1.000      *
    S5                 0.994       0.014      0.000       0.951       1.000      *
    S6                 0.998       0.006      0.000       0.979       1.000      *
    S7                 0.994       0.017      0.000       0.942       1.000      *
    S8                 0.991       0.026      0.000       0.906       1.000      *


R-SQUARE

Within-Level R-Square Averaged Across Clusters

                                Posterior  One-Tailed         95% C.I.
    Variable        Estimate       S.D.      P-Value   Lower 2.5%  Upper 2.5%

    WB                 0.123       0.005      0.000       0.113       0.133

Between Level

                                Posterior  One-Tailed         95% C.I.
    Variable        Estimate       S.D.      P-Value   Lower 2.5%  Upper 2.5%

    WB                 0.110       0.016      0.000       0.080       0.144

                                Posterior  One-Tailed         95% C.I.
    Variable        Estimate       S.D.      P-Value   Lower 2.5%  Upper 2.5%

    S1                 0.008       0.009      0.000       0.000       0.032
    S2                 0.002       0.007      0.000       0.000       0.024
    S3                 0.004       0.012      0.000       0.000       0.044
    S4                 0.006       0.011      0.000       0.000       0.040
    S5                 0.006       0.014      0.000       0.000       0.049
    S6                 0.002       0.006      0.000       0.000       0.021
    S7                 0.006       0.017      0.000       0.000       0.058
    S8                 0.009       0.026      0.000       0.000       0.094


TECHNICAL 1 OUTPUT


     PARAMETER SPECIFICATION FOR WITHIN


           NU
              WB            CMC           MIXED         FAMILY        WEAK_TIE
              ________      ________      ________      ________      ________
                    0             0             0             0             0


           NU
              WEEKEND       CXF           CXW           MXF           MXW
              ________      ________      ________      ________      ________
                    0             0             0             0             0


           LAMBDA
              WB            CMC           MIXED         FAMILY        WEAK_TIE
              ________      ________      ________      ________      ________
 WB                 0             0             0             0             0
 CMC                0             0             0             0             0
 MIXED              0             0             0             0             0
 FAMILY             0             0             0             0             0
 WEAK_TIE           0             0             0             0             0
 WEEKEND            0             0             0             0             0
 CXF                0             0             0             0             0
 CXW                0             0             0             0             0
 MXF                0             0             0             0             0
 MXW                0             0             0             0             0


           LAMBDA
              WEEKEND       CXF           CXW           MXF           MXW
              ________      ________      ________      ________      ________
 WB                 0             0             0             0             0
 CMC                0             0             0             0             0
 MIXED              0             0             0             0             0
 FAMILY             0             0             0             0             0
 WEAK_TIE           0             0             0             0             0
 WEEKEND            0             0             0             0             0
 CXF                0             0             0             0             0
 CXW                0             0             0             0             0
 MXF                0             0             0             0             0
 MXW                0             0             0             0             0


           THETA
              WB            CMC           MIXED         FAMILY        WEAK_TIE
              ________      ________      ________      ________      ________
 WB                 0
 CMC                0             0
 MIXED              0             0             0
 FAMILY             0             0             0             0
 WEAK_TIE           0             0             0             0             0
 WEEKEND            0             0             0             0             0
 CXF                0             0             0             0             0
 CXW                0             0             0             0             0
 MXF                0             0             0             0             0
 MXW                0             0             0             0             0


           THETA
              WEEKEND       CXF           CXW           MXF           MXW
              ________      ________      ________      ________      ________
 WEEKEND            0
 CXF                0             0
 CXW                0             0             0
 MXF                0             0             0             0
 MXW                0             0             0             0             0


           ALPHA
              WB            CMC           MIXED         FAMILY        WEAK_TIE
              ________      ________      ________      ________      ________
                    0             0             0             0             0


           ALPHA
              WEEKEND       CXF           CXW           MXF           MXW
              ________      ________      ________      ________      ________
                    0             0             0             0             0


           BETA
              WB            CMC           MIXED         FAMILY        WEAK_TIE
              ________      ________      ________      ________      ________
 WB                 0             0             0             0             0
 CMC                0             0             0             0             0
 MIXED              0             0             0             0             0
 FAMILY             0             0             0             0             0
 WEAK_TIE           0             0             0             0             0
 WEEKEND            0             0             0             0             0
 CXF                0             0             0             0             0
 CXW                0             0             0             0             0
 MXF                0             0             0             0             0
 MXW                0             0             0             0             0


           BETA
              WEEKEND       CXF           CXW           MXF           MXW
              ________      ________      ________      ________      ________
 WB                 1             0             0             0             0
 CMC                0             0             0             0             0
 MIXED              0             0             0             0             0
 FAMILY             0             0             0             0             0
 WEAK_TIE           0             0             0             0             0
 WEEKEND            0             0             0             0             0
 CXF                0             0             0             0             0
 CXW                0             0             0             0             0
 MXF                0             0             0             0             0
 MXW                0             0             0             0             0


           PSI
              WB            CMC           MIXED         FAMILY        WEAK_TIE
              ________      ________      ________      ________      ________
 WB                 2
 CMC                0             0
 MIXED              0             0             0
 FAMILY             0             0             0             0
 WEAK_TIE           0             0             0             0             0
 WEEKEND            0             0             0             0             0
 CXF                0             0             0             0             0
 CXW                0             0             0             0             0
 MXF                0             0             0             0             0
 MXW                0             0             0             0             0


           PSI
              WEEKEND       CXF           CXW           MXF           MXW
              ________      ________      ________      ________      ________
 WEEKEND            0
 CXF                0             0
 CXW                0             0             0
 MXF                0             0             0             0
 MXW                0             0             0             0             0


     PARAMETER SPECIFICATION FOR BETWEEN


           NU
              WB            N             GENDER        ETHNICIT      SES
              ________      ________      ________      ________      ________
                    0             0             0             0             0


           LAMBDA
              S1            S2            S3            S4            S5
              ________      ________      ________      ________      ________
 WB                 0             0             0             0             0
 N                  0             0             0             0             0
 GENDER             0             0             0             0             0
 ETHNICIT           0             0             0             0             0
 SES                0             0             0             0             0


           LAMBDA
              S6            S7            S8            WB            N
              ________      ________      ________      ________      ________
 WB                 0             0             0             0             0
 N                  0             0             0             0             0
 GENDER             0             0             0             0             0
 ETHNICIT           0             0             0             0             0
 SES                0             0             0             0             0


           LAMBDA
              GENDER        ETHNICIT      SES
              ________      ________      ________
 WB                 0             0             0
 N                  0             0             0
 GENDER             0             0             0
 ETHNICIT           0             0             0
 SES                0             0             0


           THETA
              WB            N             GENDER        ETHNICIT      SES
              ________      ________      ________      ________      ________
 WB                 0
 N                  0             0
 GENDER             0             0             0
 ETHNICIT           0             0             0             0
 SES                0             0             0             0             0


           ALPHA
              S1            S2            S3            S4            S5
              ________      ________      ________      ________      ________
                    3             4             5             6             7


           ALPHA
              S6            S7            S8            WB            N
              ________      ________      ________      ________      ________
                    8             9            10            11             0


           ALPHA
              GENDER        ETHNICIT      SES
              ________      ________      ________
                    0             0             0


           BETA
              S1            S2            S3            S4            S5
              ________      ________      ________      ________      ________
 S1                 0             0             0             0             0
 S2                 0             0             0             0             0
 S3                 0             0             0             0             0
 S4                 0             0             0             0             0
 S5                 0             0             0             0             0
 S6                 0             0             0             0             0
 S7                 0             0             0             0             0
 S8                 0             0             0             0             0
 WB                 0             0             0             0             0
 N                  0             0             0             0             0
 GENDER             0             0             0             0             0
 ETHNICIT           0             0             0             0             0
 SES                0             0             0             0             0


           BETA
              S6            S7            S8            WB            N
              ________      ________      ________      ________      ________
 S1                 0             0             0             0            12
 S2                 0             0             0             0            13
 S3                 0             0             0             0            14
 S4                 0             0             0             0            15
 S5                 0             0             0             0            16
 S6                 0             0             0             0            17
 S7                 0             0             0             0            18
 S8                 0             0             0             0            19
 WB                 0             0             0             0            20
 N                  0             0             0             0             0
 GENDER             0             0             0             0             0
 ETHNICIT           0             0             0             0             0
 SES                0             0             0             0             0


           BETA
              GENDER        ETHNICIT      SES
              ________      ________      ________
 S1                 0             0             0
 S2                 0             0             0
 S3                 0             0             0
 S4                 0             0             0
 S5                 0             0             0
 S6                 0             0             0
 S7                 0             0             0
 S8                 0             0             0
 WB                21            22            23
 N                  0             0             0
 GENDER             0             0             0
 ETHNICIT           0             0             0
 SES                0             0             0


           PSI
              S1            S2            S3            S4            S5
              ________      ________      ________      ________      ________
 S1                24
 S2                25            26
 S3                27            28            29
 S4                30            31            32            33
 S5                34            35            36            37            38
 S6                39            40            41            42            43
 S7                45            46            47            48            49
 S8                52            53            54            55            56
 WB                60            61            62            63            64
 N                  0             0             0             0             0
 GENDER             0             0             0             0             0
 ETHNICIT           0             0             0             0             0
 SES                0             0             0             0             0


           PSI
              S6            S7            S8            WB            N
              ________      ________      ________      ________      ________
 S6                44
 S7                50            51
 S8                57            58            59
 WB                65            66            67            68
 N                  0             0             0             0             0
 GENDER             0             0             0             0             0
 ETHNICIT           0             0             0             0             0
 SES                0             0             0             0             0


           PSI
              GENDER        ETHNICIT      SES
              ________      ________      ________
 GENDER             0
 ETHNICIT           0             0
 SES                0             0             0


     STARTING VALUES FOR WITHIN


           NU
              WB            CMC           MIXED         FAMILY        WEAK_TIE
              ________      ________      ________      ________      ________
                0.000         0.000         0.000         0.000         0.000


           NU
              WEEKEND       CXF           CXW           MXF           MXW
              ________      ________      ________      ________      ________
                0.000         0.000         0.000         0.000         0.000


           LAMBDA
              WB            CMC           MIXED         FAMILY        WEAK_TIE
              ________      ________      ________      ________      ________
 WB             1.000         0.000         0.000         0.000         0.000
 CMC            0.000         1.000         0.000         0.000         0.000
 MIXED          0.000         0.000         1.000         0.000         0.000
 FAMILY         0.000         0.000         0.000         1.000         0.000
 WEAK_TIE       0.000         0.000         0.000         0.000         1.000
 WEEKEND        0.000         0.000         0.000         0.000         0.000
 CXF            0.000         0.000         0.000         0.000         0.000
 CXW            0.000         0.000         0.000         0.000         0.000
 MXF            0.000         0.000         0.000         0.000         0.000
 MXW            0.000         0.000         0.000         0.000         0.000


           LAMBDA
              WEEKEND       CXF           CXW           MXF           MXW
              ________      ________      ________      ________      ________
 WB             0.000         0.000         0.000         0.000         0.000
 CMC            0.000         0.000         0.000         0.000         0.000
 MIXED          0.000         0.000         0.000         0.000         0.000
 FAMILY         0.000         0.000         0.000         0.000         0.000
 WEAK_TIE       0.000         0.000         0.000         0.000         0.000
 WEEKEND        1.000         0.000         0.000         0.000         0.000
 CXF            0.000         1.000         0.000         0.000         0.000
 CXW            0.000         0.000         1.000         0.000         0.000
 MXF            0.000         0.000         0.000         1.000         0.000
 MXW            0.000         0.000         0.000         0.000         1.000


           THETA
              WB            CMC           MIXED         FAMILY        WEAK_TIE
              ________      ________      ________      ________      ________
 WB             0.000
 CMC            0.000         0.000
 MIXED          0.000         0.000         0.000
 FAMILY         0.000         0.000         0.000         0.000
 WEAK_TIE       0.000         0.000         0.000         0.000         0.000
 WEEKEND        0.000         0.000         0.000         0.000         0.000
 CXF            0.000         0.000         0.000         0.000         0.000
 CXW            0.000         0.000         0.000         0.000         0.000
 MXF            0.000         0.000         0.000         0.000         0.000
 MXW            0.000         0.000         0.000         0.000         0.000


           THETA
              WEEKEND       CXF           CXW           MXF           MXW
              ________      ________      ________      ________      ________
 WEEKEND        0.000
 CXF            0.000         0.000
 CXW            0.000         0.000         0.000
 MXF            0.000         0.000         0.000         0.000
 MXW            0.000         0.000         0.000         0.000         0.000


           ALPHA
              WB            CMC           MIXED         FAMILY        WEAK_TIE
              ________      ________      ________      ________      ________
                0.000         0.000         0.000         0.000         0.000


           ALPHA
              WEEKEND       CXF           CXW           MXF           MXW
              ________      ________      ________      ________      ________
                0.000         0.000         0.000         0.000         0.000


           BETA
              WB            CMC           MIXED         FAMILY        WEAK_TIE
              ________      ________      ________      ________      ________
 WB             0.000         0.000         0.000         0.000         0.000
 CMC            0.000         0.000         0.000         0.000         0.000
 MIXED          0.000         0.000         0.000         0.000         0.000
 FAMILY         0.000         0.000         0.000         0.000         0.000
 WEAK_TIE       0.000         0.000         0.000         0.000         0.000
 WEEKEND        0.000         0.000         0.000         0.000         0.000
 CXF            0.000         0.000         0.000         0.000         0.000
 CXW            0.000         0.000         0.000         0.000         0.000
 MXF            0.000         0.000         0.000         0.000         0.000
 MXW            0.000         0.000         0.000         0.000         0.000


           BETA
              WEEKEND       CXF           CXW           MXF           MXW
              ________      ________      ________      ________      ________
 WB             0.000         0.000         0.000         0.000         0.000
 CMC            0.000         0.000         0.000         0.000         0.000
 MIXED          0.000         0.000         0.000         0.000         0.000
 FAMILY         0.000         0.000         0.000         0.000         0.000
 WEAK_TIE       0.000         0.000         0.000         0.000         0.000
 WEEKEND        0.000         0.000         0.000         0.000         0.000
 CXF            0.000         0.000         0.000         0.000         0.000
 CXW            0.000         0.000         0.000         0.000         0.000
 MXF            0.000         0.000         0.000         0.000         0.000
 MXW            0.000         0.000         0.000         0.000         0.000


           PSI
              WB            CMC           MIXED         FAMILY        WEAK_TIE
              ________      ________      ________      ________      ________
 WB             0.214
 CMC            0.000         0.090
 MIXED          0.000         0.000         0.058
 FAMILY         0.000         0.000         0.000         0.035
 WEAK_TIE       0.000         0.000         0.000         0.000         0.062
 WEEKEND        0.000         0.000         0.000         0.000         0.000
 CXF            0.000         0.000         0.000         0.000         0.000
 CXW            0.000         0.000         0.000         0.000         0.000
 MXF            0.000         0.000         0.000         0.000         0.000
 MXW            0.000         0.000         0.000         0.000         0.000


           PSI
              WEEKEND       CXF           CXW           MXF           MXW
              ________      ________      ________      ________      ________
 WEEKEND        0.098
 CXF            0.000         0.007
 CXW            0.000         0.000         0.010
 MXF            0.000         0.000         0.000         0.003
 MXW            0.000         0.000         0.000         0.000         0.005


     STARTING VALUES FOR BETWEEN


           NU
              WB            N             GENDER        ETHNICIT      SES
              ________      ________      ________      ________      ________
                0.000         0.000         0.000         0.000         0.000


           LAMBDA
              S1            S2            S3            S4            S5
              ________      ________      ________      ________      ________
 WB             0.000         0.000         0.000         0.000         0.000
 N              0.000         0.000         0.000         0.000         0.000
 GENDER         0.000         0.000         0.000         0.000         0.000
 ETHNICIT       0.000         0.000         0.000         0.000         0.000
 SES            0.000         0.000         0.000         0.000         0.000


           LAMBDA
              S6            S7            S8            WB            N
              ________      ________      ________      ________      ________
 WB             0.000         0.000         0.000         1.000         0.000
 N              0.000         0.000         0.000         0.000         1.000
 GENDER         0.000         0.000         0.000         0.000         0.000
 ETHNICIT       0.000         0.000         0.000         0.000         0.000
 SES            0.000         0.000         0.000         0.000         0.000


           LAMBDA
              GENDER        ETHNICIT      SES
              ________      ________      ________
 WB             0.000         0.000         0.000
 N              0.000         0.000         0.000
 GENDER         1.000         0.000         0.000
 ETHNICIT       0.000         1.000         0.000
 SES            0.000         0.000         1.000


           THETA
              WB            N             GENDER        ETHNICIT      SES
              ________      ________      ________      ________      ________
 WB             0.000
 N              0.000         0.000
 GENDER         0.000         0.000         0.000
 ETHNICIT       0.000         0.000         0.000         0.000
 SES            0.000         0.000         0.000         0.000         0.000


           ALPHA
              S1            S2            S3            S4            S5
              ________      ________      ________      ________      ________
                0.000         0.000         0.000         0.000         0.000


           ALPHA
              S6            S7            S8            WB            N
              ________      ________      ________      ________      ________
                0.000         0.000         0.000         3.039         0.000


           ALPHA
              GENDER        ETHNICIT      SES
              ________      ________      ________
                0.000         0.000         0.000


           BETA
              S1            S2            S3            S4            S5
              ________      ________      ________      ________      ________
 S1             0.000         0.000         0.000         0.000         0.000
 S2             0.000         0.000         0.000         0.000         0.000
 S3             0.000         0.000         0.000         0.000         0.000
 S4             0.000         0.000         0.000         0.000         0.000
 S5             0.000         0.000         0.000         0.000         0.000
 S6             0.000         0.000         0.000         0.000         0.000
 S7             0.000         0.000         0.000         0.000         0.000
 S8             0.000         0.000         0.000         0.000         0.000
 WB             0.000         0.000         0.000         0.000         0.000
 N              0.000         0.000         0.000         0.000         0.000
 GENDER         0.000         0.000         0.000         0.000         0.000
 ETHNICIT       0.000         0.000         0.000         0.000         0.000
 SES            0.000         0.000         0.000         0.000         0.000


           BETA
              S6            S7            S8            WB            N
              ________      ________      ________      ________      ________
 S1             0.000         0.000         0.000         0.000         0.000
 S2             0.000         0.000         0.000         0.000         0.000
 S3             0.000         0.000         0.000         0.000         0.000
 S4             0.000         0.000         0.000         0.000         0.000
 S5             0.000         0.000         0.000         0.000         0.000
 S6             0.000         0.000         0.000         0.000         0.000
 S7             0.000         0.000         0.000         0.000         0.000
 S8             0.000         0.000         0.000         0.000         0.000
 WB             0.000         0.000         0.000         0.000         0.000
 N              0.000         0.000         0.000         0.000         0.000
 GENDER         0.000         0.000         0.000         0.000         0.000
 ETHNICIT       0.000         0.000         0.000         0.000         0.000
 SES            0.000         0.000         0.000         0.000         0.000


           BETA
              GENDER        ETHNICIT      SES
              ________      ________      ________
 S1             0.000         0.000         0.000
 S2             0.000         0.000         0.000
 S3             0.000         0.000         0.000
 S4             0.000         0.000         0.000
 S5             0.000         0.000         0.000
 S6             0.000         0.000         0.000
 S7             0.000         0.000         0.000
 S8             0.000         0.000         0.000
 WB             0.000         0.000         0.000
 N              0.000         0.000         0.000
 GENDER         0.000         0.000         0.000
 ETHNICIT       0.000         0.000         0.000
 SES            0.000         0.000         0.000


           PSI
              S1            S2            S3            S4            S5
              ________      ________      ________      ________      ________
 S1             1.000
 S2             0.000         1.000
 S3             0.000         0.000         1.000
 S4             0.000         0.000         0.000         1.000
 S5             0.000         0.000         0.000         0.000         1.000
 S6             0.000         0.000         0.000         0.000         0.000
 S7             0.000         0.000         0.000         0.000         0.000
 S8             0.000         0.000         0.000         0.000         0.000
 WB             0.000         0.000         0.000         0.000         0.000
 N              0.000         0.000         0.000         0.000         0.000
 GENDER         0.000         0.000         0.000         0.000         0.000
 ETHNICIT       0.000         0.000         0.000         0.000         0.000
 SES            0.000         0.000         0.000         0.000         0.000


           PSI
              S6            S7            S8            WB            N
              ________      ________      ________      ________      ________
 S6             1.000
 S7             0.000         1.000
 S8             0.000         0.000         1.000
 WB             0.000         0.000         0.000         0.214
 N              0.000         0.000         0.000         0.000         0.288
 GENDER         0.000         0.000         0.000         0.000         0.000
 ETHNICIT       0.000         0.000         0.000         0.000         0.000
 SES            0.000         0.000         0.000         0.000         0.000


           PSI
              GENDER        ETHNICIT      SES
              ________      ________      ________
 GENDER         0.109
 ETHNICIT       0.000         0.114
 SES            0.000         0.000         0.066



     PRIORS FOR ALL PARAMETERS            PRIOR MEAN      PRIOR VARIANCE     PRIOR STD. DEV.

     Parameter 1~N(0.000,infinity)           0.0000            infinity            infinity
     Parameter 2~IG(-1.000,0.000)          infinity            infinity            infinity
     Parameter 3~N(0.000,infinity)           0.0000            infinity            infinity
     Parameter 4~N(0.000,infinity)           0.0000            infinity            infinity
     Parameter 5~N(0.000,infinity)           0.0000            infinity            infinity
     Parameter 6~N(0.000,infinity)           0.0000            infinity            infinity
     Parameter 7~N(0.000,infinity)           0.0000            infinity            infinity
     Parameter 8~N(0.000,infinity)           0.0000            infinity            infinity
     Parameter 9~N(0.000,infinity)           0.0000            infinity            infinity
     Parameter 10~N(0.000,infinity)          0.0000            infinity            infinity
     Parameter 11~N(0.000,infinity)          0.0000            infinity            infinity
     Parameter 12~N(0.000,infinity)          0.0000            infinity            infinity
     Parameter 13~N(0.000,infinity)          0.0000            infinity            infinity
     Parameter 14~N(0.000,infinity)          0.0000            infinity            infinity
     Parameter 15~N(0.000,infinity)          0.0000            infinity            infinity
     Parameter 16~N(0.000,infinity)          0.0000            infinity            infinity
     Parameter 17~N(0.000,infinity)          0.0000            infinity            infinity
     Parameter 18~N(0.000,infinity)          0.0000            infinity            infinity
     Parameter 19~N(0.000,infinity)          0.0000            infinity            infinity
     Parameter 20~N(0.000,infinity)          0.0000            infinity            infinity
     Parameter 21~N(0.000,infinity)          0.0000            infinity            infinity
     Parameter 22~N(0.000,infinity)          0.0000            infinity            infinity
     Parameter 23~N(0.000,infinity)          0.0000            infinity            infinity
     Parameter 24~IW(0.000,-10)            infinity            infinity            infinity
     Parameter 25~IW(0.000,-10)            infinity            infinity            infinity
     Parameter 26~IW(0.000,-10)            infinity            infinity            infinity
     Parameter 27~IW(0.000,-10)            infinity            infinity            infinity
     Parameter 28~IW(0.000,-10)            infinity            infinity            infinity
     Parameter 29~IW(0.000,-10)            infinity            infinity            infinity
     Parameter 30~IW(0.000,-10)            infinity            infinity            infinity
     Parameter 31~IW(0.000,-10)            infinity            infinity            infinity
     Parameter 32~IW(0.000,-10)            infinity            infinity            infinity
     Parameter 33~IW(0.000,-10)            infinity            infinity            infinity
     Parameter 34~IW(0.000,-10)            infinity            infinity            infinity
     Parameter 35~IW(0.000,-10)            infinity            infinity            infinity
     Parameter 36~IW(0.000,-10)            infinity            infinity            infinity
     Parameter 37~IW(0.000,-10)            infinity            infinity            infinity
     Parameter 38~IW(0.000,-10)            infinity            infinity            infinity
     Parameter 39~IW(0.000,-10)            infinity            infinity            infinity
     Parameter 40~IW(0.000,-10)            infinity            infinity            infinity
     Parameter 41~IW(0.000,-10)            infinity            infinity            infinity
     Parameter 42~IW(0.000,-10)            infinity            infinity            infinity
     Parameter 43~IW(0.000,-10)            infinity            infinity            infinity
     Parameter 44~IW(0.000,-10)            infinity            infinity            infinity
     Parameter 45~IW(0.000,-10)            infinity            infinity            infinity
     Parameter 46~IW(0.000,-10)            infinity            infinity            infinity
     Parameter 47~IW(0.000,-10)            infinity            infinity            infinity
     Parameter 48~IW(0.000,-10)            infinity            infinity            infinity
     Parameter 49~IW(0.000,-10)            infinity            infinity            infinity
     Parameter 50~IW(0.000,-10)            infinity            infinity            infinity
     Parameter 51~IW(0.000,-10)            infinity            infinity            infinity
     Parameter 52~IW(0.000,-10)            infinity            infinity            infinity
     Parameter 53~IW(0.000,-10)            infinity            infinity            infinity
     Parameter 54~IW(0.000,-10)            infinity            infinity            infinity
     Parameter 55~IW(0.000,-10)            infinity            infinity            infinity
     Parameter 56~IW(0.000,-10)            infinity            infinity            infinity
     Parameter 57~IW(0.000,-10)            infinity            infinity            infinity
     Parameter 58~IW(0.000,-10)            infinity            infinity            infinity
     Parameter 59~IW(0.000,-10)            infinity            infinity            infinity
     Parameter 60~IW(0.000,-10)            infinity            infinity            infinity
     Parameter 61~IW(0.000,-10)            infinity            infinity            infinity
     Parameter 62~IW(0.000,-10)            infinity            infinity            infinity
     Parameter 63~IW(0.000,-10)            infinity            infinity            infinity
     Parameter 64~IW(0.000,-10)            infinity            infinity            infinity
     Parameter 65~IW(0.000,-10)            infinity            infinity            infinity
     Parameter 66~IW(0.000,-10)            infinity            infinity            infinity
     Parameter 67~IW(0.000,-10)            infinity            infinity            infinity
     Parameter 68~IW(0.000,-10)            infinity            infinity            infinity


TECHNICAL 8 OUTPUT


   TECHNICAL 8 OUTPUT FOR BAYES ESTIMATION

     CHAIN    BSEED
     1        0
     2        285380

                     POTENTIAL       PARAMETER WITH
     ITERATION    SCALE REDUCTION      HIGHEST PSR
     100              2.078               40
     200              2.732               44
     300              1.856               50
     400              2.752               50
     500              1.883               50
     600              1.712               52
     700              2.398               52
     800              1.619               58
     900              1.409               28
     1000             1.436               28
     1100             1.396               28
     1200             1.355               47
     1300             1.425               36
     1400             1.631               59
     1500             1.613               59
     1600             1.630               48
     1700             1.753               52
     1800             1.747               52
     1900             1.706               51
     2000             1.728               51
     2100             1.774               51
     2200             1.613               51
     2300             1.525               38
     2400             1.703               38
     2500             1.702               38
     2600             1.680               38
     2700             1.715               38
     2800             1.789               38
     2900             1.620               38
     3000             1.606               38
     3100             1.585               38
     3200             1.521               38
     3300             1.542               43
     3400             1.542               43
     3500             1.473               43
     3600             1.479               43
     3700             1.466               43
     3800             1.453               43
     3900             1.487               43
     4000             1.498               43
     4100             1.514               43
     4200             1.508               43
     4300             1.488               43
     4400             1.488               43
     4500             1.481               43
     4600             1.512               43
     4700             1.526               43
     4800             1.521               43
     4900             1.527               43
     5000             1.495               43
     5100             1.494               43
     5200             1.506               43
     5300             1.516               43
     5400             1.558               43
     5500             1.501               43
     5600             1.506               43
     5700             1.527               43
     5800             1.520               43
     5900             1.505               43
     6000             1.458               43
     6100             1.425               43
     6200             1.354               43
     6300             1.314               43
     6400             1.316               43
     6500             1.308               43
     6600             1.311               55
     6700             1.305               55
     6800             1.289               55
     6900             1.293               55
     7000             1.294               55
     7100             1.299               55
     7200             1.309               55
     7300             1.313               55
     7400             1.307               55
     7500             1.326               55
     7600             1.309               55
     7700             1.306               56
     7800             1.303               56
     7900             1.302               67
     8000             1.318               67
     8100             1.322               56
     8200             1.333               56
     8300             1.339               56
     8400             1.328               56
     8500             1.305               56
     8600             1.279               56
     8700             1.263               56
     8800             1.256               56
     8900             1.249               35
     9000             1.260               67
     9100             1.281               67
     9200             1.303               67
     9300             1.288               58
     9400             1.286               58
     9500             1.294               67
     9600             1.309               67
     9700             1.331               67
     9800             1.343               67
     9900             1.346               67
     10000            1.366               67
     10100            1.380               67
     10200            1.395               67
     10300            1.411               67
     10400            1.446               67
     10500            1.447               67
     10600            1.462               67
     10700            1.479               67
     10800            1.504               67
     10900            1.513               67
     11000            1.522               67
     11100            1.537               67
     11200            1.553               67
     11300            1.570               67
     11400            1.585               67
     11500            1.613               67
     11600            1.621               67
     11700            1.628               67
     11800            1.616               67
     11900            1.609               67
     12000            1.591               67
     12100            1.588               67
     12200            1.588               67
     12300            1.581               67
     12400            1.563               67
     12500            1.531               67
     12600            1.528               67
     12700            1.491               67
     12800            1.457               67
     12900            1.437               67
     13000            1.417               67
     13100            1.410               67
     13200            1.397               67
     13300            1.383               67
     13400            1.370               67
     13500            1.353               67
     13600            1.332               67
     13700            1.299               67
     13800            1.284               67
     13900            1.273               67
     14000            1.264               67
     14100            1.258               67
     14200            1.255               67
     14300            1.246               67
     14400            1.237               67
     14500            1.227               67
     14600            1.208               67
     14700            1.188               67
     14800            1.176               67
     14900            1.158               67
     15000            1.144               67
     15100            1.127               67
     15200            1.112               67
     15300            1.108               50
     15400            1.109               50
     15500            1.118               50
     15600            1.123               50
     15700            1.127               50
     15800            1.126               50
     15900            1.128               50
     16000            1.124               50
     16100            1.128               50
     16200            1.133               50
     16300            1.138               50
     16400            1.148               50
     16500            1.155               50
     16600            1.160               50
     16700            1.163               50
     16800            1.150               50
     16900            1.151               50
     17000            1.145               50
     17100            1.146               50
     17200            1.145               50
     17300            1.137               50
     17400            1.134               50
     17500            1.137               50
     17600            1.138               50
     17700            1.137               50
     17800            1.139               50
     17900            1.134               50
     18000            1.128               50
     18100            1.125               50
     18200            1.128               50
     18300            1.127               50
     18400            1.122               50
     18500            1.119               50
     18600            1.113               50
     18700            1.109               50
     18800            1.115               50
     18900            1.112               50
     19000            1.102               50
     19100            1.097               50
     19200            1.095               50


     Beginning Time:  12:06:25
        Ending Time:  12:37:47
       Elapsed Time:  00:31:22



MUTHEN & MUTHEN
3463 Stoner Ave.
Los Angeles, CA  90066

Tel: (310) 391-9971
Fax: (310) 391-8971
Web: www.StatModel.com
Support: Support@StatModel.com

Copyright (c) 1998-2020 Muthen & Muthen
