Mplus VERSION 8.5 (Mac)
MUTHEN & MUTHEN
03/18/2022   6:01 AM

INPUT INSTRUCTIONS

  TITLE: Analysis 5
  DATA: FILE = analysis4+5_S3.dat;
  VARIABLE:
  NAMES = ID AB angry worried happy sad WB stressed lonely
  FTF CMC mixed peers family weak_ties
  E A C N O gender ethnicity SES weekend;
  USEVARIABLES = WB
  CMC mixed family weak_ties
  weekend
  cxf cxw mxf mxw;
  CLUSTER = ID;
  WITHIN = CMC mixed family weak_ties weekend
  cxf cxw mxf mxw;
  MISSING = .;
  DEFINE:
  CENTER CMC (GROUPMEAN);
  CENTER mixed (GROUPMEAN);
  CENTER family (GROUPMEAN);
  CENTER weak_ties (GROUPMEAN);
  cxf=CMC*family;
  cxw=CMC*weak_ties;
  mxf=mixed*family;
  mxw=mixed*weak_ties;
  ANALYSIS: TYPE = TWOLEVEL RANDOM; ESTIMATOR = BAYES;
  BITERATIONS = (10000); PROCESSORS = 2;
  MODEL:
  %WITHIN%
  ! Well-being is predicted by CMC, the slope is random
  S1 | WB ON CMC;
  ! Well-being is predicted by mixed episodes, the slope is random
  S2 | WB ON mixed;
  ! Well-being is predicted by family, the slope is random
  S3 | WB ON family;
  ! Well-being is predicted by weak ties, the slope is random
  S4 | WB ON weak_ties;
  ! Well-being is predicted by CMC*family, the slope is random
  S5 | WB ON cxf;
  ! Well-being is predicted by CMC*weak ties, the slope is random
  S6 | WB ON cxw;
  ! Well-being is predicted by mixed*family, the slope is random
  S7 | WB ON mxf;
  ! Well-being is predicted by mixed*weak ties, the slope is random
  S8 | WB ON mxw;
  ! Control for weekend
  WB ON weekend;
  %BETWEEN%
  ! Covariance between intercept and slopes
  WB S1-S8 WITH WB S1-S8;
  OUTPUT: STDYX STDY TECH8;



*** WARNING in VARIABLE command
  Note that only the first 8 characters of variable names are used in the output.
  Shorten variable names to avoid any confusion.
*** WARNING
  One or more individual-level variables have no variation within a
  cluster for the following clusters.

     Variable   Cluster IDs with no within-cluster variation

      WB          562 4 271 649 156 816 342 550 352 76 797
      WEEKEND     404 593 271 649 806 816 342 550 224 49 396 57 741 485 845 598 93 131 666 867
                  851 556 844 26 349 309 527 680 685 881 144 284 69 734 265 723 882
      CXF         45 404 544 562 593 4 271 649 298 156 806 816 342 550 29 352 376 396 57 741 742
                  790 485 845 545 369 598 93 11 666 867 44 502 139 5 851 58 206 35 79 482 61 700
                  173 844 378 119 82 725 309 76 575 778 527 413 473 856 280 169 629 203 802 820
                  178 533 701 857 770 105 214 21 663 822 136 846 144 185 683 555 116 804 509 630
                  887 290 126 537 69 766 135 650 55 269 39 67 488 722 723 199 610 322 885 80 182
                  183 361 420 609 333 336 564 339 230 883 112 205 547 237 321 752 753 865 678
                  673 751 721 456 717 669 252 831 834 19 236 253 707 870 381 94 486 334 617 672
                  25 246 372 171 351 581 758 48 81 344 323 426 295 233 815 110 179 699 278 531
                  671 512 90 554 495 517 647 235 31 223 168 792 793 524 146 504 41 282 291 259
                  854 261 382 430 3 490 391 653 54 631 583 745 635 297 117 400 823 468 830 632
                  267 808 37 439 691 582 257 367 218 143 661 570 248 114 399 197 128 142 643 375
                  389 640 561 355 853 324 657 782 521 840 603 103 627 283 313 443 674 186 711
                  40
      CXW         45 404 544 562 593 4 271 649 298 156 806 816 342 550 29 352 396 57 741 742 790
                  845 545 369 598 93 11 666 667 867 44 502 851 58 206 600 35 482 61 700 302 880
                  173 844 378 238 82 725 309 76 316 575 592 778 527 413 422 825 615 473 856 203
                  406 802 680 685 178 533 847 857 395 663 807 91 822 846 185 499 522 683 116 804
                  509 630 152 887 506 290 766 135 55 734 269 350 488 452 585 199 221 610 684 885
                  797 207 183 703 656 24 333 336 339 230 108 565 547 321 753 865 225 595 678 673
                  751 620 456 717 252 834 501 266 612 253 870 381 94 486 99 340 835 68 617 210
                  6 372 171 335 176 581 306 758 599 702 359 695 81 344 233 815 110 287 427 278
                  531 512 789 239 398 554 549 235 664 223 157 792 524 788 228 282 259 854 3 490
                  798 686 391 54 631 805 392 635 400 289 829 101 448 823 468 632 457 860 267 37
                  712 143 248 114 154 399 128 783 102 637 142 165 137 643 375 645 774 464 355
                  324 568 500 840 603 103 98 212 803 786 534 824 40
      MXF         45 404 544 562 593 4 271 649 298 156 806 816 342 550 224 29 352 376 49 396 57
                  741 742 790 485 303 845 545 369 598 93 131 11 666 667 867 44 502 571 459 22
                  139 532 636 5 851 106 58 206 600 35 79 556 482 61 696 700 302 880 405 363 173
                  844 634 26 378 170 238 349 119 82 725 76 316 575 592 527 413 813 825 162 615
                  473 856 118 280 169 629 203 164 406 796 802 578 222 820 685 178 533 847 701
                  395 234 480 881 888 770 105 20 214 21 663 9 91 822 431 839 136 846 247 144 185
                  728 284 189 202 95 195 268 390 683 555 116 804 509 358 152 887 59 122 573 506
                  310 442 126 326 537 69 618 341 552 750 766 135 650 814 55 543 269 505 39 602
                  508 768 611 510 67 488 452 705 722 723 199 229 642 525 408 605 221 610 322 885
                  692 797 38 80 182 183 536 361 420 74 609 97 772 333 784 882 564 624 339 83 572
                  230 659 209 201 177 587 108 589 249 293 254 594 883 258 469 36 112 821 205 606
                  547 440 237 263 321 566 346 781 373 752 753 865 180 14 428 733 463 673 262 441
                  751 760 721 456 771 410 717 343 669 862 252 304 872 616 773 18 831 834 163 19
                  92 584 612 236 253 707 870 716 381 94 486 451 340 334 651 68 617 337 366 672
                  25 246 744 372 715 332 538 351 507 581 132 133 65 868 810 874 758 158 371 599
                  702 243 668 869 270 50 429 48 193 548 81 344 421 323 426 559 295 233 153 815
                  110 720 124 148 850 179 699 47 531 671 90 111 726 682 419 713 445 120 491 554
                  535 878 495 517 385 147 647 837 658 235 31 223 638 12 168 793 204 401 434 28
                  146 123 576 504 41 232 601 780 282 291 854 261 382 759 866 430 3 795 490 563
                  391 653 54 631 583 447 275 687 745 635 297 117 677 622 43 417 400 289 449 614
                  823 407 468 830 632 808 37 439 557 362 691 884 582 623 384 220 257 367 218 245
                  143 360 648 661 357 208 570 248 197 128 836 637 142 454 165 794 643 375 389
                  640 561 355 853 324 657 782 521 840 603 151 627 283 313 443 674 320 186 801
                  764 711 40
      MXW         45 404 544 562 593 4 271 649 298 156 806 816 342 550 224 29 352 49 396 57 741
                  742 790 485 303 845 545 369 598 93 131 11 667 867 44 502 571 459 22 139 532
                  636 851 106 58 206 600 35 556 482 61 696 700 302 880 405 363 173 844 634 26
                  170 238 349 119 82 725 309 316 575 592 778 527 413 813 422 825 162 615 473 856
                  118 280 629 203 164 406 796 802 578 222 680 685 178 533 847 395 234 480 881
                  888 770 20 21 663 807 9 91 822 431 839 846 247 185 728 284 499 189 522 202 95
                  195 268 390 683 116 804 509 630 358 152 887 59 122 573 506 310 290 442 326 618
                  341 552 750 766 135 650 814 55 734 543 269 505 602 508 768 611 350 510 488 452
                  585 705 199 229 642 525 408 605 221 610 322 684 885 692 797 38 207 182 183 703
                  536 656 74 24 609 97 772 333 784 882 564 624 339 83 572 230 659 209 201 177
                  587 108 589 249 293 254 594 258 469 36 821 205 565 606 547 440 263 321 566 346
                  781 373 753 865 180 225 14 428 595 733 463 673 262 441 751 620 760 456 771 410
                  343 862 252 304 872 616 773 18 834 163 501 266 92 584 612 236 253 707 870 716
                  381 94 486 451 99 340 835 651 68 617 337 210 6 366 744 372 715 171 332 335 176
                  538 351 507 581 306 132 133 65 868 810 874 758 158 371 599 702 243 668 359 869
                  270 50 429 193 695 548 81 344 421 559 233 153 815 110 720 124 148 287 427 850
                  278 47 789 111 726 682 419 239 713 445 120 398 491 554 535 878 385 147 549 837
                  658 235 664 223 638 157 12 792 204 524 401 788 434 28 228 123 576 232 601 780
                  282 854 759 866 3 795 490 798 686 563 391 653 54 631 447 805 275 392 687 635
                  677 622 43 417 400 289 829 449 614 101 448 823 407 468 632 457 860 37 557 362
                  691 884 623 384 220 712 245 143 360 648 357 208 248 114 154 128 783 836 102
                  637 142 454 165 794 137 643 375 645 774 464 355 324 568 500 840 603 151 98 212
                  803 786 534 320 801 824 764 40

*** WARNING
  Data set contains cases with missing on all variables except
  x-variables.  These cases were not included in the analysis.
  Number of cases with missing on all variables except x-variables:  51
   3 WARNING(S) FOUND IN THE INPUT INSTRUCTIONS



Analysis 5

SUMMARY OF ANALYSIS

Number of groups                                                 1
Number of observations                                       21384

Number of dependent variables                                    1
Number of independent variables                                  9
Number of continuous latent variables                            8

Observed dependent variables

  Continuous
   WB

Observed independent variables
   CMC         MIXED       FAMILY      WEAK_TIE    WEEKEND     CXF
   CXW         MXF         MXW

Continuous latent variables
   S1          S2          S3          S4          S5          S6
   S7          S8

Variables with special functions

  Cluster variable      ID

  Within variables
   CMC         MIXED       FAMILY      WEAK_TIE    WEEKEND     CXF
   CXW         MXF         MXW

  Centering (GROUPMEAN)
   CMC         MIXED       FAMILY      WEAK_TIE


Estimator                                                    BAYES
Specifications for Bayesian Estimation
  Point estimate                                            MEDIAN
  Number of Markov chain Monte Carlo (MCMC) chains               2
  Random seed for the first chain                                0
  Starting value information                           UNPERTURBED
  Algorithm used for Markov chain Monte Carlo           GIBBS(PX1)
  Convergence criterion                                  0.500D-01
  Maximum number of iterations                               50000
  K-th iteration used for thinning                               1

Input data file(s)
  analysis4+5_S3.dat
Input data format  FREE


SUMMARY OF DATA

     Number of clusters                        855

       Size (s)    Cluster ID with Size s

          1        10 63 166 240 311 387 608 625 736 740 876
          2        45 404 544 562 593 4 271 649 298 156 806 816 342
          3        550 224 29 352 376 49 396 57 741 742 790 485 303 845
                   545
          4        369 598 93 131 11 666 667 867 44 502
          5        571 459 22 761 139 532 636 5 851 106 58 718
          6        206 600 35 79 52 556 482 61 696 700 302 880 405
          7        363 173 844 634 26 378 330 170 238 349
          8        119 82 78 725 309 76 316 575 592 778 527 413 813 422
                   825 162 615 473 856 118 280 169
          9        629 203 164 406 654 796 802 578 222 680 820 685 178
                   533 847 701 435 857 395 234 480 881 888
         10        770 105 20 214 21 663 807 9 91 424 822 431 839 136 23
                   846 247 144 185 728 284 499 189 522 202 53
         11        95 195 268 390 683 555 116 558 804 509 630 358 152 887
                   59 590
         12        122 573 506 310 290 442 126 326 537 69 481 618 732 619
                   341 552 418 750 494 766 498 135 650 569
         13        814 55 734 543 467 269 505 39 602 508 768 611 350 688
                   510 67 265 529 488 60 452
         14        697 277 585 704 705 588 722 723 199 229 826 642 141
                   525 526 408 605 221 610 322 684 769 472 885 130 692
                   423 797
         15        38 397 80 207 182 183 703 536 656 361 493 420 74 24
                   374 609 17 858 97 772 333 784 882 336 564 624 339
         16        83 572 230 706 659 209 201 177 587 108 589 249 293 254
                   594 883 749 258 469 36
         17        112 821 205 565 606 547 440 237 263 321 370 566 346
                   781
         18        373 752 753 708 865 450 180 13 225 14 416 428 595 317
                   755 678
         19        733 463 438 673 262 441 327 66 751 714 620 760 721 817
                   281 689 456 662 771 251
         20        621 379 410 717 343 273 669 862 252 304 872 292 738
                   616 773 18 377 831 834 163 19
         21        775 501 266 215 92 584 612 236 253 707 551 51 870 716
                   518 381 94 486 451 99 241 340 835
         22        88 334 651 68 617 411 337 210 515 6 366 672 25 246 744
                   372 715 171 332
         23        403 335 644 776 176 607 538 351 507 581 306 132 863
                   133 65 868 810 444 874 520 758 312 158 200 371 886 458
                   599 348
         24        33 702 243 668 359 633 869 474 270 138 50 483 274 429
                   48 193 695 548 437 81 194
         25        724 344 244 421 347 113 323 426 559 294 475 295 145
                   100 233 153 815 305 110 276 579 8 497 2 720 124 85
         26        148 287 427 743 850 179 328 216 699 368 278 46 838
         27        446 47 531 319 329 671 512 789 90 675 111 726 843 539
                   682 161 419 239 713 445
         28        325 120 307 398 864 491 779 121 665 554 604 873 356
                   535 878 495 73 517 385 64 591 681 147
         29        647 487 190 84 754 1 549 837 658 331 155 235 664 879
                   345 31 223 638 157 12 777 859
         30        168 286 871 792 793 204 875 192 524 676 832 255 401
                   42 528 461 841 788
         31        434 809 492 28 877 596 228 146 496 315 34 123 432 576
                   719
         32        855 762 466 767 540 542 140 504 660 41 232 799 87 394
                   601 780 282
         33        291 727 818 259 729 597 854 261 318 231 382 833 759
                   646 314 765 866 626 430 577
         34        3 586 795 490 217 798 828 686 288 563 391 580 653 54
                   471 631 77 849 583
         35        489 447 465 805 264 275 392 523 687 32 745 635 297 188
                   641 731 117
         36        560 470 677 115 622 219 694 250 785 296 513
         37        43 417 15 400 289 670 829 260 861 449 107 614
         38        101 448 256 823 89 191 407 468 830 632 709 16 353 457
                   172
         39        354 860 167 267 380 453 808 37 439 187
         40        557 747 127 739 462 414 388 285
         41        613 748 299 362 691 409 181 198 884 582 800 75 655
         42        623 848 425 384 220 791 511 698 812 257
         43        367 227 272 712 479 567 484
         44        218 245 143 360 648 661 412 72 455 357
         45        436 129 393 208 570 248
         46        114 154 399 365
         47        546 197 128 300 159 109 819 783 679 213 836 628 102
         48        338 757 637 142 415 454 763
         49        165 794 746 137 643 62 386
         50        375 645 774 389 640
         51        561 652 464 308 125 355 853
         52        324 827 657 301
         53        842 27
         54        782 568 71
         55        553 174 500 730 226 521
         56        840 603 519
         58        151 639 103 514 98
         59        212 803 402 627
         60        690 283 786 313
         61        364
         62        534 476
         64        443
         67        674
         68        320 186 433
         69        801
         73        824
         74        530
         75        764
         78        711
         80        40



COVARIANCE COVERAGE OF DATA

Minimum covariance coverage value   0.100

     Number of missing data patterns             1


     PROPORTION OF DATA PRESENT


           Covariance Coverage
              WB            CMC           MIXED         FAMILY        WEAK_TIE
              ________      ________      ________      ________      ________
 WB             1.000
 CMC            1.000         1.000
 MIXED          1.000         1.000         1.000
 FAMILY         1.000         1.000         1.000         1.000
 WEAK_TIE       1.000         1.000         1.000         1.000         1.000
 WEEKEND        1.000         1.000         1.000         1.000         1.000
 CXF            1.000         1.000         1.000         1.000         1.000
 CXW            1.000         1.000         1.000         1.000         1.000
 MXF            1.000         1.000         1.000         1.000         1.000
 MXW            1.000         1.000         1.000         1.000         1.000


           Covariance Coverage
              WEEKEND       CXF           CXW           MXF           MXW
              ________      ________      ________      ________      ________
 WEEKEND        1.000
 CXF            1.000         1.000
 CXW            1.000         1.000         1.000
 MXF            1.000         1.000         1.000         1.000
 MXW            1.000         1.000         1.000         1.000         1.000



UNIVARIATE SAMPLE STATISTICS


     UNIVARIATE HIGHER-ORDER MOMENT DESCRIPTIVE STATISTICS

         Variable/         Mean/     Skewness/   Minimum/ % with                Percentiles
        Sample Size      Variance    Kurtosis    Maximum  Min/Max      20%/60%    40%/80%    Median

     WB                    3.021      -0.535       1.000    1.08%       2.333      3.000      3.000
           21384.000       0.467      -0.164       4.000   12.15%       3.333      3.667
     CMC                   0.000       0.675      -0.985    0.00%      -0.286     -0.143     -0.088
           21384.000       0.152      -0.259       0.982    0.00%      -0.037      0.400
     MIXED                 0.000       1.510      -0.891    0.03%      -0.154     -0.059     -0.036
           21384.000       0.086       2.768       0.983    0.00%       0.000      0.000
     FAMILY                0.000       0.760      -0.983    0.00%      -0.200     -0.053     -0.026
           21384.000       0.109       1.121       0.983    0.00%       0.000      0.148
     WEAK_TIES             0.000       1.610      -0.929    0.00%      -0.167     -0.077     -0.050
           21384.000       0.094       2.454       0.985    0.00%      -0.024      0.000
     WEEKEND               0.297       0.890       0.000   70.32%       0.000      0.000      0.000
           21384.000       0.209      -1.208       1.000   29.68%       0.000      1.000
     CXF                  -0.036      -0.469      -0.964    0.00%      -0.086     -0.001      0.000
           21384.000       0.024       7.640       0.937    0.01%       0.000      0.015
     CXW                   0.035       2.323      -0.804    0.01%      -0.003      0.000      0.003
           21384.000       0.025       9.234       0.964    0.00%       0.009      0.048
     MXF                  -0.004       0.812      -0.875    0.00%       0.000      0.000      0.000
           21384.000       0.005      42.921       0.958    0.00%       0.000      0.008
     MXW                  -0.005       0.067      -0.794    0.00%       0.000      0.000      0.000
           21384.000       0.004      41.903       0.824    0.00%       0.000      0.008


THE MODEL ESTIMATION TERMINATED NORMALLY

     USE THE FBITERATIONS OPTION TO INCREASE THE NUMBER OF ITERATIONS BY A FACTOR
     OF AT LEAST TWO TO CHECK CONVERGENCE AND THAT THE PSR VALUE DOES NOT INCREASE.



MODEL FIT INFORMATION

Number of Free Parameters                              56

Information Criteria

          Deviance (DIC)                        30057.176
          Estimated Number of Parameters (pD)    1815.769



MODEL RESULTS

                                Posterior  One-Tailed         95% C.I.
                    Estimate       S.D.      P-Value   Lower 2.5%  Upper 2.5%  Significance

Within Level

 WB         ON
    WEEKEND            0.137       0.008      0.000       0.122       0.152      *

 Residual Variances
    WB                 0.219       0.002      0.000       0.215       0.224      *

Between Level

 WB       WITH
    S1                 0.029       0.007      0.000       0.015       0.043      *
    S2                -0.002       0.008      0.421      -0.018       0.014
    S3                 0.024       0.008      0.001       0.008       0.040      *
    S4                -0.002       0.009      0.438      -0.019       0.016
    S5                -0.029       0.018      0.045      -0.065       0.004
    S6                -0.027       0.017      0.063      -0.062       0.007
    S7                 0.017       0.031      0.289      -0.045       0.077
    S8                -0.017       0.040      0.334      -0.093       0.060

 S1       WITH
    S2                 0.025       0.006      0.000       0.014       0.038      *
    S3                 0.018       0.007      0.007       0.004       0.032      *
    S4                 0.001       0.007      0.424      -0.013       0.015
    S5                -0.029       0.013      0.012      -0.053      -0.004      *
    S6                -0.029       0.013      0.008      -0.056      -0.005      *
    S7                -0.002       0.022      0.470      -0.041       0.042
    S8                -0.003       0.023      0.457      -0.047       0.042

 S2       WITH
    S3                -0.003       0.007      0.321      -0.016       0.012
    S4                -0.002       0.009      0.396      -0.018       0.015
    S5                 0.008       0.015      0.304      -0.020       0.039
    S6                -0.001       0.015      0.475      -0.028       0.028
    S7                 0.010       0.019      0.291      -0.027       0.047
    S8                -0.012       0.022      0.303      -0.054       0.027

 S3       WITH
    S4                 0.036       0.008      0.000       0.021       0.052      *
    S5                -0.087       0.014      0.000      -0.115      -0.061      *
    S6                -0.043       0.015      0.000      -0.077      -0.017      *
    S7                -0.019       0.022      0.184      -0.064       0.023
    S8                 0.011       0.030      0.353      -0.042       0.073

 S4       WITH
    S5                -0.043       0.016      0.003      -0.076      -0.013      *
    S6                -0.051       0.017      0.000      -0.085      -0.022      *
    S7                -0.010       0.022      0.319      -0.055       0.034
    S8                 0.004       0.027      0.428      -0.048       0.061

 S5       WITH
    S6                 0.082       0.032      0.000       0.027       0.151      *
    S7                 0.053       0.046      0.099      -0.029       0.154
    S8                -0.017       0.049      0.378      -0.111       0.081

 S6       WITH
    S7                 0.036       0.041      0.166      -0.045       0.117
    S8                 0.012       0.044      0.372      -0.069       0.104

 S7       WITH
    S8                 0.058       0.059      0.129      -0.044       0.200

 Means
    WB                 2.949       0.017      0.000       2.917       2.982      *
    S1                -0.207       0.014      0.000      -0.234      -0.178      *
    S2                -0.040       0.016      0.010      -0.071      -0.007      *
    S3                -0.130       0.017      0.000      -0.163      -0.097      *
    S4                -0.143       0.019      0.000      -0.181      -0.105      *
    S5                 0.119       0.036      0.000       0.048       0.188      *
    S6                 0.132       0.038      0.000       0.062       0.207      *
    S7                 0.038       0.061      0.281      -0.086       0.156
    S8                -0.071       0.070      0.161      -0.205       0.066

 Variances
    WB                 0.215       0.011      0.000       0.194       0.239      *
    S1                 0.056       0.007      0.000       0.043       0.072      *
    S2                 0.038       0.007      0.000       0.025       0.054      *
    S3                 0.062       0.010      0.000       0.046       0.083      *
    S4                 0.057       0.011      0.000       0.037       0.079      *
    S5                 0.200       0.039      0.000       0.134       0.287      *
    S6                 0.135       0.039      0.000       0.071       0.221      *
    S7                 0.203       0.078      0.000       0.076       0.374      *
    S8                 0.177       0.083      0.000       0.086       0.406      *


STANDARDIZED MODEL RESULTS


STDYX Standardization

                                Posterior  One-Tailed         95% C.I.
                    Estimate       S.D.      P-Value   Lower 2.5%  Upper 2.5%  Significance

Within-Level Standardized Estimates Averaged Over Clusters

 S1 | WB ON
    CMC               -0.144       0.008      0.000      -0.160      -0.129      *

 S2 | WB ON
    MIXED             -0.017       0.005      0.001      -0.028      -0.006      *

 S3 | WB ON
    FAMILY            -0.072       0.007      0.000      -0.086      -0.056      *

 S4 | WB ON
    WEAK_TIES         -0.076       0.009      0.000      -0.093      -0.058      *

 S5 | WB ON
    CXF                0.026       0.006      0.000       0.013       0.038      *

 S6 | WB ON
    CXW                0.029       0.009      0.000       0.014       0.049      *

 S7 | WB ON
    MXF                0.003       0.004      0.269      -0.006       0.011

 S8 | WB ON
    MXW               -0.006       0.004      0.105      -0.014       0.003

 WB         ON
    WEEKEND            0.114       0.006      0.000       0.101       0.126      *

 Residual Variances
    WB                 0.878       0.005      0.000       0.870       0.888      *

Between Level

 WB       WITH
    S1                 0.262       0.062      0.000       0.138       0.384      *
    S2                -0.018       0.089      0.421      -0.193       0.156
    S3                 0.208       0.069      0.001       0.069       0.341      *
    S4                -0.015       0.081      0.438      -0.174       0.141
    S5                -0.141       0.085      0.045      -0.313       0.019
    S6                -0.158       0.100      0.063      -0.349       0.046
    S7                 0.084       0.151      0.289      -0.219       0.383
    S8                -0.086       0.203      0.334      -0.487       0.288

 S1       WITH
    S2                 0.545       0.101      0.000       0.338       0.739      *
    S3                 0.304       0.109      0.007       0.071       0.502      *
    S4                 0.024       0.123      0.424      -0.223       0.265
    S5                -0.279       0.115      0.012      -0.486      -0.034      *
    S6                -0.337       0.137      0.008      -0.589      -0.058      *
    S7                -0.016       0.201      0.470      -0.362       0.410
    S8                -0.028       0.225      0.457      -0.475       0.392

 S2       WITH
    S3                -0.069       0.146      0.321      -0.335       0.236
    S4                -0.054       0.189      0.396      -0.388       0.328
    S5                 0.100       0.175      0.304      -0.223       0.433
    S6                -0.014       0.196      0.475      -0.353       0.396
    S7                 0.124       0.207      0.291      -0.330       0.482
    S8                -0.150       0.258      0.303      -0.662       0.316

 S3       WITH
    S4                 0.614       0.095      0.000       0.401       0.775      *
    S5                -0.801       0.090      0.000      -0.924      -0.583      *
    S6                -0.482       0.139      0.000      -0.747      -0.212      *
    S7                -0.175       0.190      0.184      -0.536       0.210
    S8                 0.109       0.270      0.353      -0.425       0.620

 S4       WITH
    S5                -0.419       0.132      0.003      -0.642      -0.126      *
    S6                -0.598       0.127      0.000      -0.798      -0.317      *
    S7                -0.097       0.210      0.319      -0.516       0.303
    S8                 0.041       0.249      0.428      -0.464       0.527

 S5       WITH
    S6                 0.510       0.147      0.000       0.184       0.762      *
    S7                 0.283       0.204      0.099      -0.162       0.638
    S8                -0.089       0.249      0.378      -0.561       0.389

 S6       WITH
    S7                 0.240       0.228      0.166      -0.266       0.610
    S8                 0.082       0.265      0.372      -0.498       0.574

 S7       WITH
    S8                 0.332       0.249      0.129      -0.230       0.715

 Means
    WB                 6.354       0.172      0.000       6.019       6.696      *
    S1                -0.872       0.087      0.000      -1.058      -0.717      *
    S2                -0.209       0.088      0.010      -0.377      -0.034      *
    S3                -0.522       0.079      0.000      -0.682      -0.375      *
    S4                -0.604       0.107      0.000      -0.831      -0.413      *
    S5                 0.266       0.085      0.000       0.104       0.443      *
    S6                 0.359       0.119      0.000       0.159       0.630      *
    S7                 0.084       0.146      0.281      -0.186       0.383
    S8                -0.166       0.173      0.161      -0.527       0.140

 Variances
    WB                 1.000       0.000      0.000       1.000       1.000
    S1                 1.000       0.000      0.000       1.000       1.000
    S2                 1.000       0.000      0.000       1.000       1.000
    S3                 1.000       0.000      0.000       1.000       1.000
    S4                 1.000       0.000      0.000       1.000       1.000
    S5                 1.000       0.000      0.000       1.000       1.000
    S6                 1.000       0.000      0.000       1.000       1.000
    S7                 1.000       0.000      0.000       1.000       1.000
    S8                 1.000       0.000      0.000       1.000       1.000


STDY Standardization

                                Posterior  One-Tailed         95% C.I.
                    Estimate       S.D.      P-Value   Lower 2.5%  Upper 2.5%  Significance

Within-Level Standardized Estimates Averaged Over Clusters

 S1 | WB ON
    CMC               -0.400       0.023      0.000      -0.447      -0.357      *

 S2 | WB ON
    MIXED             -0.080       0.028      0.004      -0.134      -0.022      *

 S3 | WB ON
    FAMILY            -0.247       0.028      0.000      -0.301      -0.189      *

 S4 | WB ON
    WEAK_TIES         -0.285       0.036      0.000      -0.354      -0.207      *

 S5 | WB ON
    CXF                0.236       0.063      0.000       0.109       0.361      *

 S6 | WB ON
    CXW                0.249       0.082      0.000       0.115       0.432      *

 S7 | WB ON
    MXF                0.076       0.113      0.253      -0.151       0.285

 S8 | WB ON
    MXW               -0.174       0.142      0.145      -0.417       0.133

 WB         ON
    WEEKEND            0.274       0.015      0.000       0.241       0.302      *

 Residual Variances
    WB                 0.878       0.005      0.000       0.870       0.888      *

Between Level

 WB       WITH
    S1                 0.262       0.062      0.000       0.138       0.384      *
    S2                -0.018       0.089      0.421      -0.193       0.156
    S3                 0.208       0.069      0.001       0.069       0.341      *
    S4                -0.015       0.081      0.438      -0.174       0.141
    S5                -0.141       0.085      0.045      -0.313       0.019
    S6                -0.158       0.100      0.063      -0.349       0.046
    S7                 0.084       0.151      0.289      -0.219       0.383
    S8                -0.086       0.203      0.334      -0.487       0.288

 S1       WITH
    S2                 0.545       0.101      0.000       0.338       0.739      *
    S3                 0.304       0.109      0.007       0.071       0.502      *
    S4                 0.024       0.123      0.424      -0.223       0.265
    S5                -0.279       0.115      0.012      -0.486      -0.034      *
    S6                -0.337       0.137      0.008      -0.589      -0.058      *
    S7                -0.016       0.201      0.470      -0.362       0.410
    S8                -0.028       0.225      0.457      -0.475       0.392

 S2       WITH
    S3                -0.069       0.146      0.321      -0.335       0.236
    S4                -0.054       0.189      0.396      -0.388       0.328
    S5                 0.100       0.175      0.304      -0.223       0.433
    S6                -0.014       0.196      0.475      -0.353       0.396
    S7                 0.124       0.207      0.291      -0.330       0.482
    S8                -0.150       0.258      0.303      -0.662       0.316

 S3       WITH
    S4                 0.614       0.095      0.000       0.401       0.775      *
    S5                -0.801       0.090      0.000      -0.924      -0.583      *
    S6                -0.482       0.139      0.000      -0.747      -0.212      *
    S7                -0.175       0.190      0.184      -0.536       0.210
    S8                 0.109       0.270      0.353      -0.425       0.620

 S4       WITH
    S5                -0.419       0.132      0.003      -0.642      -0.126      *
    S6                -0.598       0.127      0.000      -0.798      -0.317      *
    S7                -0.097       0.210      0.319      -0.516       0.303
    S8                 0.041       0.249      0.428      -0.464       0.527

 S5       WITH
    S6                 0.510       0.147      0.000       0.184       0.762      *
    S7                 0.283       0.204      0.099      -0.162       0.638
    S8                -0.089       0.249      0.378      -0.561       0.389

 S6       WITH
    S7                 0.240       0.228      0.166      -0.266       0.610
    S8                 0.082       0.265      0.372      -0.498       0.574

 S7       WITH
    S8                 0.332       0.249      0.129      -0.230       0.715

 Means
    WB                 6.354       0.172      0.000       6.019       6.696      *
    S1                -0.872       0.087      0.000      -1.058      -0.717      *
    S2                -0.209       0.088      0.010      -0.377      -0.034      *
    S3                -0.522       0.079      0.000      -0.682      -0.375      *
    S4                -0.604       0.107      0.000      -0.831      -0.413      *
    S5                 0.266       0.085      0.000       0.104       0.443      *
    S6                 0.359       0.119      0.000       0.159       0.630      *
    S7                 0.084       0.146      0.281      -0.186       0.383
    S8                -0.166       0.173      0.161      -0.527       0.140

 Variances
    WB                 1.000       0.000      0.000       1.000       1.000
    S1                 1.000       0.000      0.000       1.000       1.000
    S2                 1.000       0.000      0.000       1.000       1.000
    S3                 1.000       0.000      0.000       1.000       1.000
    S4                 1.000       0.000      0.000       1.000       1.000
    S5                 1.000       0.000      0.000       1.000       1.000
    S6                 1.000       0.000      0.000       1.000       1.000
    S7                 1.000       0.000      0.000       1.000       1.000
    S8                 1.000       0.000      0.000       1.000       1.000


R-SQUARE

Within-Level R-Square Averaged Across Clusters

                                Posterior  One-Tailed         95% C.I.
    Variable        Estimate       S.D.      P-Value   Lower 2.5%  Upper 2.5%

    WB                 0.122       0.005      0.000       0.112       0.130


TECHNICAL 1 OUTPUT


     PARAMETER SPECIFICATION FOR WITHIN


           NU
              WB            CMC           MIXED         FAMILY        WEAK_TIE
              ________      ________      ________      ________      ________
                    0             0             0             0             0


           NU
              WEEKEND       CXF           CXW           MXF           MXW
              ________      ________      ________      ________      ________
                    0             0             0             0             0


           LAMBDA
              WB            CMC           MIXED         FAMILY        WEAK_TIE
              ________      ________      ________      ________      ________
 WB                 0             0             0             0             0
 CMC                0             0             0             0             0
 MIXED              0             0             0             0             0
 FAMILY             0             0             0             0             0
 WEAK_TIE           0             0             0             0             0
 WEEKEND            0             0             0             0             0
 CXF                0             0             0             0             0
 CXW                0             0             0             0             0
 MXF                0             0             0             0             0
 MXW                0             0             0             0             0


           LAMBDA
              WEEKEND       CXF           CXW           MXF           MXW
              ________      ________      ________      ________      ________
 WB                 0             0             0             0             0
 CMC                0             0             0             0             0
 MIXED              0             0             0             0             0
 FAMILY             0             0             0             0             0
 WEAK_TIE           0             0             0             0             0
 WEEKEND            0             0             0             0             0
 CXF                0             0             0             0             0
 CXW                0             0             0             0             0
 MXF                0             0             0             0             0
 MXW                0             0             0             0             0


           THETA
              WB            CMC           MIXED         FAMILY        WEAK_TIE
              ________      ________      ________      ________      ________
 WB                 0
 CMC                0             0
 MIXED              0             0             0
 FAMILY             0             0             0             0
 WEAK_TIE           0             0             0             0             0
 WEEKEND            0             0             0             0             0
 CXF                0             0             0             0             0
 CXW                0             0             0             0             0
 MXF                0             0             0             0             0
 MXW                0             0             0             0             0


           THETA
              WEEKEND       CXF           CXW           MXF           MXW
              ________      ________      ________      ________      ________
 WEEKEND            0
 CXF                0             0
 CXW                0             0             0
 MXF                0             0             0             0
 MXW                0             0             0             0             0


           ALPHA
              WB            CMC           MIXED         FAMILY        WEAK_TIE
              ________      ________      ________      ________      ________
                    0             0             0             0             0


           ALPHA
              WEEKEND       CXF           CXW           MXF           MXW
              ________      ________      ________      ________      ________
                    0             0             0             0             0


           BETA
              WB            CMC           MIXED         FAMILY        WEAK_TIE
              ________      ________      ________      ________      ________
 WB                 0             0             0             0             0
 CMC                0             0             0             0             0
 MIXED              0             0             0             0             0
 FAMILY             0             0             0             0             0
 WEAK_TIE           0             0             0             0             0
 WEEKEND            0             0             0             0             0
 CXF                0             0             0             0             0
 CXW                0             0             0             0             0
 MXF                0             0             0             0             0
 MXW                0             0             0             0             0


           BETA
              WEEKEND       CXF           CXW           MXF           MXW
              ________      ________      ________      ________      ________
 WB                 1             0             0             0             0
 CMC                0             0             0             0             0
 MIXED              0             0             0             0             0
 FAMILY             0             0             0             0             0
 WEAK_TIE           0             0             0             0             0
 WEEKEND            0             0             0             0             0
 CXF                0             0             0             0             0
 CXW                0             0             0             0             0
 MXF                0             0             0             0             0
 MXW                0             0             0             0             0


           PSI
              WB            CMC           MIXED         FAMILY        WEAK_TIE
              ________      ________      ________      ________      ________
 WB                 2
 CMC                0             0
 MIXED              0             0             0
 FAMILY             0             0             0             0
 WEAK_TIE           0             0             0             0             0
 WEEKEND            0             0             0             0             0
 CXF                0             0             0             0             0
 CXW                0             0             0             0             0
 MXF                0             0             0             0             0
 MXW                0             0             0             0             0


           PSI
              WEEKEND       CXF           CXW           MXF           MXW
              ________      ________      ________      ________      ________
 WEEKEND            0
 CXF                0             0
 CXW                0             0             0
 MXF                0             0             0             0
 MXW                0             0             0             0             0


     PARAMETER SPECIFICATION FOR BETWEEN


           NU
              WB
              ________
                    0


           LAMBDA
              S1            S2            S3            S4            S5
              ________      ________      ________      ________      ________
 WB                 0             0             0             0             0


           LAMBDA
              S6            S7            S8            WB
              ________      ________      ________      ________
 WB                 0             0             0             0


           THETA
              WB
              ________
 WB                 0


           ALPHA
              S1            S2            S3            S4            S5
              ________      ________      ________      ________      ________
                    3             4             5             6             7


           ALPHA
              S6            S7            S8            WB
              ________      ________      ________      ________
                    8             9            10            11


           BETA
              S1            S2            S3            S4            S5
              ________      ________      ________      ________      ________
 S1                 0             0             0             0             0
 S2                 0             0             0             0             0
 S3                 0             0             0             0             0
 S4                 0             0             0             0             0
 S5                 0             0             0             0             0
 S6                 0             0             0             0             0
 S7                 0             0             0             0             0
 S8                 0             0             0             0             0
 WB                 0             0             0             0             0


           BETA
              S6            S7            S8            WB
              ________      ________      ________      ________
 S1                 0             0             0             0
 S2                 0             0             0             0
 S3                 0             0             0             0
 S4                 0             0             0             0
 S5                 0             0             0             0
 S6                 0             0             0             0
 S7                 0             0             0             0
 S8                 0             0             0             0
 WB                 0             0             0             0


           PSI
              S1            S2            S3            S4            S5
              ________      ________      ________      ________      ________
 S1                12
 S2                13            14
 S3                15            16            17
 S4                18            19            20            21
 S5                22            23            24            25            26
 S6                27            28            29            30            31
 S7                33            34            35            36            37
 S8                40            41            42            43            44
 WB                48            49            50            51            52


           PSI
              S6            S7            S8            WB
              ________      ________      ________      ________
 S6                32
 S7                38            39
 S8                45            46            47
 WB                53            54            55            56


     STARTING VALUES FOR WITHIN


           NU
              WB            CMC           MIXED         FAMILY        WEAK_TIE
              ________      ________      ________      ________      ________
                0.000         0.000         0.000         0.000         0.000


           NU
              WEEKEND       CXF           CXW           MXF           MXW
              ________      ________      ________      ________      ________
                0.000         0.000         0.000         0.000         0.000


           LAMBDA
              WB            CMC           MIXED         FAMILY        WEAK_TIE
              ________      ________      ________      ________      ________
 WB             1.000         0.000         0.000         0.000         0.000
 CMC            0.000         1.000         0.000         0.000         0.000
 MIXED          0.000         0.000         1.000         0.000         0.000
 FAMILY         0.000         0.000         0.000         1.000         0.000
 WEAK_TIE       0.000         0.000         0.000         0.000         1.000
 WEEKEND        0.000         0.000         0.000         0.000         0.000
 CXF            0.000         0.000         0.000         0.000         0.000
 CXW            0.000         0.000         0.000         0.000         0.000
 MXF            0.000         0.000         0.000         0.000         0.000
 MXW            0.000         0.000         0.000         0.000         0.000


           LAMBDA
              WEEKEND       CXF           CXW           MXF           MXW
              ________      ________      ________      ________      ________
 WB             0.000         0.000         0.000         0.000         0.000
 CMC            0.000         0.000         0.000         0.000         0.000
 MIXED          0.000         0.000         0.000         0.000         0.000
 FAMILY         0.000         0.000         0.000         0.000         0.000
 WEAK_TIE       0.000         0.000         0.000         0.000         0.000
 WEEKEND        1.000         0.000         0.000         0.000         0.000
 CXF            0.000         1.000         0.000         0.000         0.000
 CXW            0.000         0.000         1.000         0.000         0.000
 MXF            0.000         0.000         0.000         1.000         0.000
 MXW            0.000         0.000         0.000         0.000         1.000


           THETA
              WB            CMC           MIXED         FAMILY        WEAK_TIE
              ________      ________      ________      ________      ________
 WB             0.000
 CMC            0.000         0.000
 MIXED          0.000         0.000         0.000
 FAMILY         0.000         0.000         0.000         0.000
 WEAK_TIE       0.000         0.000         0.000         0.000         0.000
 WEEKEND        0.000         0.000         0.000         0.000         0.000
 CXF            0.000         0.000         0.000         0.000         0.000
 CXW            0.000         0.000         0.000         0.000         0.000
 MXF            0.000         0.000         0.000         0.000         0.000
 MXW            0.000         0.000         0.000         0.000         0.000


           THETA
              WEEKEND       CXF           CXW           MXF           MXW
              ________      ________      ________      ________      ________
 WEEKEND        0.000
 CXF            0.000         0.000
 CXW            0.000         0.000         0.000
 MXF            0.000         0.000         0.000         0.000
 MXW            0.000         0.000         0.000         0.000         0.000


           ALPHA
              WB            CMC           MIXED         FAMILY        WEAK_TIE
              ________      ________      ________      ________      ________
                0.000         0.000         0.000         0.000         0.000


           ALPHA
              WEEKEND       CXF           CXW           MXF           MXW
              ________      ________      ________      ________      ________
                0.000         0.000         0.000         0.000         0.000


           BETA
              WB            CMC           MIXED         FAMILY        WEAK_TIE
              ________      ________      ________      ________      ________
 WB             0.000         0.000         0.000         0.000         0.000
 CMC            0.000         0.000         0.000         0.000         0.000
 MIXED          0.000         0.000         0.000         0.000         0.000
 FAMILY         0.000         0.000         0.000         0.000         0.000
 WEAK_TIE       0.000         0.000         0.000         0.000         0.000
 WEEKEND        0.000         0.000         0.000         0.000         0.000
 CXF            0.000         0.000         0.000         0.000         0.000
 CXW            0.000         0.000         0.000         0.000         0.000
 MXF            0.000         0.000         0.000         0.000         0.000
 MXW            0.000         0.000         0.000         0.000         0.000


           BETA
              WEEKEND       CXF           CXW           MXF           MXW
              ________      ________      ________      ________      ________
 WB             0.000         0.000         0.000         0.000         0.000
 CMC            0.000         0.000         0.000         0.000         0.000
 MIXED          0.000         0.000         0.000         0.000         0.000
 FAMILY         0.000         0.000         0.000         0.000         0.000
 WEAK_TIE       0.000         0.000         0.000         0.000         0.000
 WEEKEND        0.000         0.000         0.000         0.000         0.000
 CXF            0.000         0.000         0.000         0.000         0.000
 CXW            0.000         0.000         0.000         0.000         0.000
 MXF            0.000         0.000         0.000         0.000         0.000
 MXW            0.000         0.000         0.000         0.000         0.000


           PSI
              WB            CMC           MIXED         FAMILY        WEAK_TIE
              ________      ________      ________      ________      ________
 WB             0.234
 CMC            0.000         0.076
 MIXED          0.000         0.000         0.043
 FAMILY         0.000         0.000         0.000         0.054
 WEAK_TIE       0.000         0.000         0.000         0.000         0.047
 WEEKEND        0.000         0.000         0.000         0.000         0.000
 CXF            0.000         0.000         0.000         0.000         0.000
 CXW            0.000         0.000         0.000         0.000         0.000
 MXF            0.000         0.000         0.000         0.000         0.000
 MXW            0.000         0.000         0.000         0.000         0.000


           PSI
              WEEKEND       CXF           CXW           MXF           MXW
              ________      ________      ________      ________      ________
 WEEKEND        0.104
 CXF            0.000         0.012
 CXW            0.000         0.000         0.012
 MXF            0.000         0.000         0.000         0.003
 MXW            0.000         0.000         0.000         0.000         0.002


     STARTING VALUES FOR BETWEEN


           NU
              WB
              ________
                0.000


           LAMBDA
              S1            S2            S3            S4            S5
              ________      ________      ________      ________      ________
 WB             0.000         0.000         0.000         0.000         0.000


           LAMBDA
              S6            S7            S8            WB
              ________      ________      ________      ________
 WB             0.000         0.000         0.000         1.000


           THETA
              WB
              ________
 WB             0.000


           ALPHA
              S1            S2            S3            S4            S5
              ________      ________      ________      ________      ________
                0.000         0.000         0.000         0.000         0.000


           ALPHA
              S6            S7            S8            WB
              ________      ________      ________      ________
                0.000         0.000         0.000         3.021


           BETA
              S1            S2            S3            S4            S5
              ________      ________      ________      ________      ________
 S1             0.000         0.000         0.000         0.000         0.000
 S2             0.000         0.000         0.000         0.000         0.000
 S3             0.000         0.000         0.000         0.000         0.000
 S4             0.000         0.000         0.000         0.000         0.000
 S5             0.000         0.000         0.000         0.000         0.000
 S6             0.000         0.000         0.000         0.000         0.000
 S7             0.000         0.000         0.000         0.000         0.000
 S8             0.000         0.000         0.000         0.000         0.000
 WB             0.000         0.000         0.000         0.000         0.000


           BETA
              S6            S7            S8            WB
              ________      ________      ________      ________
 S1             0.000         0.000         0.000         0.000
 S2             0.000         0.000         0.000         0.000
 S3             0.000         0.000         0.000         0.000
 S4             0.000         0.000         0.000         0.000
 S5             0.000         0.000         0.000         0.000
 S6             0.000         0.000         0.000         0.000
 S7             0.000         0.000         0.000         0.000
 S8             0.000         0.000         0.000         0.000
 WB             0.000         0.000         0.000         0.000


           PSI
              S1            S2            S3            S4            S5
              ________      ________      ________      ________      ________
 S1             1.000
 S2             0.000         1.000
 S3             0.000         0.000         1.000
 S4             0.000         0.000         0.000         1.000
 S5             0.000         0.000         0.000         0.000         1.000
 S6             0.000         0.000         0.000         0.000         0.000
 S7             0.000         0.000         0.000         0.000         0.000
 S8             0.000         0.000         0.000         0.000         0.000
 WB             0.000         0.000         0.000         0.000         0.000


           PSI
              S6            S7            S8            WB
              ________      ________      ________      ________
 S6             1.000
 S7             0.000         1.000
 S8             0.000         0.000         1.000
 WB             0.000         0.000         0.000         0.234



     PRIORS FOR ALL PARAMETERS            PRIOR MEAN      PRIOR VARIANCE     PRIOR STD. DEV.

     Parameter 1~N(0.000,infinity)           0.0000            infinity            infinity
     Parameter 2~IG(-1.000,0.000)          infinity            infinity            infinity
     Parameter 3~N(0.000,infinity)           0.0000            infinity            infinity
     Parameter 4~N(0.000,infinity)           0.0000            infinity            infinity
     Parameter 5~N(0.000,infinity)           0.0000            infinity            infinity
     Parameter 6~N(0.000,infinity)           0.0000            infinity            infinity
     Parameter 7~N(0.000,infinity)           0.0000            infinity            infinity
     Parameter 8~N(0.000,infinity)           0.0000            infinity            infinity
     Parameter 9~N(0.000,infinity)           0.0000            infinity            infinity
     Parameter 10~N(0.000,infinity)          0.0000            infinity            infinity
     Parameter 11~N(0.000,infinity)          0.0000            infinity            infinity
     Parameter 12~IW(0.000,-10)            infinity            infinity            infinity
     Parameter 13~IW(0.000,-10)            infinity            infinity            infinity
     Parameter 14~IW(0.000,-10)            infinity            infinity            infinity
     Parameter 15~IW(0.000,-10)            infinity            infinity            infinity
     Parameter 16~IW(0.000,-10)            infinity            infinity            infinity
     Parameter 17~IW(0.000,-10)            infinity            infinity            infinity
     Parameter 18~IW(0.000,-10)            infinity            infinity            infinity
     Parameter 19~IW(0.000,-10)            infinity            infinity            infinity
     Parameter 20~IW(0.000,-10)            infinity            infinity            infinity
     Parameter 21~IW(0.000,-10)            infinity            infinity            infinity
     Parameter 22~IW(0.000,-10)            infinity            infinity            infinity
     Parameter 23~IW(0.000,-10)            infinity            infinity            infinity
     Parameter 24~IW(0.000,-10)            infinity            infinity            infinity
     Parameter 25~IW(0.000,-10)            infinity            infinity            infinity
     Parameter 26~IW(0.000,-10)            infinity            infinity            infinity
     Parameter 27~IW(0.000,-10)            infinity            infinity            infinity
     Parameter 28~IW(0.000,-10)            infinity            infinity            infinity
     Parameter 29~IW(0.000,-10)            infinity            infinity            infinity
     Parameter 30~IW(0.000,-10)            infinity            infinity            infinity
     Parameter 31~IW(0.000,-10)            infinity            infinity            infinity
     Parameter 32~IW(0.000,-10)            infinity            infinity            infinity
     Parameter 33~IW(0.000,-10)            infinity            infinity            infinity
     Parameter 34~IW(0.000,-10)            infinity            infinity            infinity
     Parameter 35~IW(0.000,-10)            infinity            infinity            infinity
     Parameter 36~IW(0.000,-10)            infinity            infinity            infinity
     Parameter 37~IW(0.000,-10)            infinity            infinity            infinity
     Parameter 38~IW(0.000,-10)            infinity            infinity            infinity
     Parameter 39~IW(0.000,-10)            infinity            infinity            infinity
     Parameter 40~IW(0.000,-10)            infinity            infinity            infinity
     Parameter 41~IW(0.000,-10)            infinity            infinity            infinity
     Parameter 42~IW(0.000,-10)            infinity            infinity            infinity
     Parameter 43~IW(0.000,-10)            infinity            infinity            infinity
     Parameter 44~IW(0.000,-10)            infinity            infinity            infinity
     Parameter 45~IW(0.000,-10)            infinity            infinity            infinity
     Parameter 46~IW(0.000,-10)            infinity            infinity            infinity
     Parameter 47~IW(0.000,-10)            infinity            infinity            infinity
     Parameter 48~IW(0.000,-10)            infinity            infinity            infinity
     Parameter 49~IW(0.000,-10)            infinity            infinity            infinity
     Parameter 50~IW(0.000,-10)            infinity            infinity            infinity
     Parameter 51~IW(0.000,-10)            infinity            infinity            infinity
     Parameter 52~IW(0.000,-10)            infinity            infinity            infinity
     Parameter 53~IW(0.000,-10)            infinity            infinity            infinity
     Parameter 54~IW(0.000,-10)            infinity            infinity            infinity
     Parameter 55~IW(0.000,-10)            infinity            infinity            infinity
     Parameter 56~IW(0.000,-10)            infinity            infinity            infinity


TECHNICAL 8 OUTPUT


   TECHNICAL 8 OUTPUT FOR BAYES ESTIMATION

     CHAIN    BSEED
     1        0
     2        285380

                     POTENTIAL       PARAMETER WITH
     ITERATION    SCALE REDUCTION      HIGHEST PSR
     100              2.850               44
     200              2.657               41
     300              3.265               45
     400              2.683               28
     500              2.252               38
     600              2.682               46
     700              2.301               46
     800              2.266               46
     900              2.107               46
     1000             1.763               46
     1100             1.743               40
     1200             1.922               40
     1300             2.075               40
     1400             1.785               40
     1500             1.639               44
     1600             1.698               44
     1700             1.593               45
     1800             1.709               47
     1900             1.614               47
     2000             1.584               44
     2100             1.594               44
     2200             1.561               44
     2300             1.566               44
     2400             1.482               44
     2500             1.403               40
     2600             1.421               40
     2700             1.344               40
     2800             1.352               55
     2900             1.385               55
     3000             1.435               38
     3100             1.438               38
     3200             1.477               38
     3300             1.546               38
     3400             1.616               38
     3500             1.614               38
     3600             1.670               38
     3700             1.571               38
     3800             1.549               38
     3900             1.465               38
     4000             1.415               38
     4100             1.361               35
     4200             1.318               35
     4300             1.335               42
     4400             1.374               42
     4500             1.438               42
     4600             1.435               42
     4700             1.455               42
     4800             1.526               42
     4900             1.598               42
     5000             1.616               42
     5100             1.658               42
     5200             1.701               42
     5300             1.758               42
     5400             1.848               42
     5500             1.919               42
     5600             1.970               42
     5700             1.986               42
     5800             1.967               42
     5900             1.875               42
     6000             1.760               42
     6100             1.596               42
     6200             1.572               42
     6300             1.571               42
     6400             1.449               42
     6500             1.418               42
     6600             1.433               42
     6700             1.433               42
     6800             1.443               42
     6900             1.460               42
     7000             1.469               42
     7100             1.462               42
     7200             1.463               42
     7300             1.458               42
     7400             1.474               42
     7500             1.468               42
     7600             1.457               42
     7700             1.439               42
     7800             1.404               42
     7900             1.375               42
     8000             1.365               42
     8100             1.338               42
     8200             1.307               42
     8300             1.275               42
     8400             1.257               42
     8500             1.220               42
     8600             1.199               42
     8700             1.195               42
     8800             1.173               42
     8900             1.162               42
     9000             1.147               42
     9100             1.159               42
     9200             1.165               42
     9300             1.152               42
     9400             1.146               42
     9500             1.126               42
     9600             1.107               42
     9700             1.094               42
     9800             1.080               42
     9900             1.072               34
     10000            1.074               47


     Beginning Time:  06:01:46
        Ending Time:  06:12:46
       Elapsed Time:  00:11:00



MUTHEN & MUTHEN
3463 Stoner Ave.
Los Angeles, CA  90066

Tel: (310) 391-9971
Fax: (310) 391-8971
Web: www.StatModel.com
Support: Support@StatModel.com

Copyright (c) 1998-2020 Muthen & Muthen
