Mplus VERSION 8.5 (Mac)
MUTHEN & MUTHEN
03/18/2022   2:05 PM

INPUT INSTRUCTIONS

  TITLE: Analysis 5
  DATA: FILE = analysis4+5_S3.dat;
  VARIABLE:
  NAMES = ID AB angry worried happy sad WB stressed lonely
  FTF CMC mixed peers family weak_ties
  E A C N O gender ethnicity SES weekend;
  USEVARIABLES = AB
  CMC mixed family weak_ties
  weekend E gender ethnicity SES
  cxf cxw mxf mxw;
  CLUSTER = ID;
  WITHIN = CMC mixed family weak_ties weekend
  cxf cxw mxf mxw;
  BETWEEN = E gender ethnicity SES;
  MISSING = .;
  DEFINE:
  CENTER CMC (GROUPMEAN);
  CENTER mixed (GROUPMEAN);
  CENTER family (GROUPMEAN);
  CENTER weak_ties (GROUPMEAN);
  cxf=CMC*family;
  cxw=CMC*weak_ties;
  mxf=mixed*family;
  mxw=mixed*weak_ties;
  CENTER E (GRANDMEAN);
  ANALYSIS: TYPE = TWOLEVEL RANDOM; ESTIMATOR = BAYES;
  BITERATIONS = (10000); PROCESSORS = 2;
  MODEL:
  %WITHIN%
  ! Affect balance is predicted by CMC, the slope is random
  S1 | AB ON CMC;
  ! Affect balance is predicted by mixed episodes, the slope is random
  S2 | AB ON mixed;
  ! Affect balance is predicted by family, the slope is random
  S3 | AB ON family;
  ! Affect balance is predicted by weak ties, the slope is random
  S4 | AB ON weak_ties;
  ! Affect balance is predicted by CMC*family, the slope is random
  S5 | AB ON cxf;
  ! Affect balance is predicted by CMC*weak ties, the slope is random
  S6 | AB ON cxw;
  ! Affect balance is predicted by mixed*family, the slope is random
  S7 | AB ON mxf;
  ! Affect balance is predicted by mixed*weak ties, the slope is random
  S8 | AB ON mxw;
  ! Control for weekend
  AB ON weekend;
  %BETWEEN%
  ! Covariance between intercept and slopes
  AB S1-S8 WITH AB S1-S8;
  ! The intercept is predicted by extraversion
  AB ON E;
  ! The slopes are predicted by extraversion
  S1-S8 ON E;
  ! Control for demographic variables
  AB ON gender ethnicity SES;
  OUTPUT: STDYX STDY TECH8;



*** WARNING in VARIABLE command
  Note that only the first 8 characters of variable names are used in the output.
  Shorten variable names to avoid any confusion.
*** WARNING
  One or more individual-level variables have no variation within a
  cluster for the following clusters.

     Variable   Cluster IDs with no within-cluster variation

      AB          156 806 502 76
      WEEKEND     404 271 806 816 49 396 57 485 845 598 93 131 666 851 556 844 26 349 680 685
                  881 69 734 265 723 882
      CXF         45 404 562 4 271 298 156 806 816 29 352 376 396 57 790 485 845 545 369 598 93
                  11 666 502 610 5 851 58 482 61 700 173 844 378 76 778 280 413 473 856 119 82
                  203 820 178 533 701 629 105 214 21 663 846 185 770 683 555 804 509 630 887 290
                  537 69 766 135 650 55 269 67 488 723 199 722 322 182 183 339 420 609 333 336
                  564 80 230 883 547 237 321 752 753 865 678 751 721 717 669 252 19 831 834 236
                  253 707 381 94 486 672 25 246 372 171 351 758 282 81 110 323 426 295 233 815
                  344 179 699 278 531 671 90 554 495 517 647 235 31 223 792 793 524 168 146 41
                  259 854 261 382 430 291 490 3 391 653 54 631 117 745 635 400 823 830 632 267
                  808 37 439 691 582 257 367 143 218 570 248 399 114 128 142 643 375 640 561 355
                  853 324 657 782 521 840 603 103 627 283 313 443 674 186 711 40
      CXW         45 404 562 4 271 298 156 806 816 29 352 396 57 790 845 545 369 598 93 11 666
                  667 502 610 851 58 482 61 700 302 880 600 173 844 378 238 76 316 592 778 413
                  825 615 473 856 82 203 406 680 685 178 533 847 663 807 846 185 499 522 683 804
                  509 630 152 887 506 290 766 135 55 734 269 350 488 199 452 797 221 684 703 585
                  183 339 656 24 333 336 230 547 321 753 865 225 595 678 751 620 717 252 834 501
                  266 612 253 381 94 486 99 340 835 68 210 6 372 171 335 176 306 758 599 282 695
                  81 110 233 815 344 427 278 287 531 789 239 398 554 549 235 664 223 157 792 524
                  788 228 259 854 490 798 686 3 391 54 631 805 635 400 289 829 448 823 632 860
                  101 267 37 712 143 248 154 399 114 128 783 102 637 142 165 137 643 375 645 774
                  355 324 568 500 840 603 103 98 212 803 534 824 40
      MXF         45 404 562 4 271 298 156 806 816 29 352 376 49 396 57 790 485 303 845 545 369
                  598 93 131 11 666 667 502 610 22 571 532 636 5 851 106 58 459 556 482 61 700
                  302 880 405 600 173 844 634 26 378 170 238 349 363 76 316 592 280 413 813 825
                  162 615 473 856 118 119 82 203 164 406 796 578 222 820 685 178 533 847 701 234
                  480 881 888 629 105 20 214 21 663 9 431 839 846 185 728 189 202 770 268 390
                  683 555 804 509 358 152 887 59 95 195 573 506 310 537 69 618 341 552 750 766
                  135 650 122 55 543 269 505 602 508 768 611 510 67 488 723 199 452 814 705 722
                  797 229 642 525 408 605 221 322 692 177 589 182 183 339 536 420 609 97 333 784
                  882 564 624 38 80 230 659 209 201 36 587 83 249 293 254 594 883 258 469 346
                  572 547 440 237 263 321 566 781 821 606 752 753 865 180 14 428 373 733 262 441
                  751 760 721 771 18 717 343 669 862 252 304 872 19 831 834 163 92 584 612 236
                  253 707 716 381 94 486 451 340 651 68 337 366 672 25 246 744 372 715 50 332
                  351 507 132 133 65 810 758 158 371 599 429 421 282 869 270 193 548 243 81 668
                  110 323 426 559 295 233 153 815 720 124 344 147 850 179 699 148 531 671 90 111
                  726 682 419 713 445 47 491 554 535 495 517 385 120 837 658 647 235 31 223 12
                  793 204 401 168 28 146 123 434 41 232 601 780 854 261 382 759 430 291 866 795
                  490 3 563 391 653 54 631 117 447 275 687 745 635 677 622 614 43 417 400 289
                  449 357 823 407 830 632 808 37 439 557 362 691 884 582 384 220 623 257 367 143
                  360 648 218 245 570 248 128 836 637 142 454 165 794 643 375 640 561 355 853
                  324 657 782 521 840 603 151 627 283 313 443 674 186 801 764 711 40
      MXW         45 404 562 4 271 298 156 806 816 29 352 49 396 57 790 485 303 845 545 369 598
                  93 131 11 667 502 610 22 571 532 636 851 106 58 459 556 482 61 700 302 880 405
                  600 173 844 634 26 170 238 349 363 316 592 778 280 413 813 825 162 615 473 856
                  118 119 82 203 164 406 796 578 222 680 685 178 533 847 234 480 881 888 629 20
                  21 663 807 9 431 839 846 185 728 499 189 522 202 770 268 390 683 804 509 630
                  358 152 887 59 95 195 573 506 310 290 618 341 552 750 766 135 650 122 55 734
                  543 269 505 602 508 768 611 350 510 488 199 452 814 705 797 229 642 525 408
                  605 221 322 684 692 703 177 589 585 182 183 339 536 656 24 609 97 333 784 882
                  564 624 38 230 659 209 201 36 587 83 249 293 254 594 258 469 346 572 547 440
                  263 321 566 781 821 606 753 865 180 225 14 428 595 373 733 262 441 751 620 760
                  771 18 343 862 252 304 872 834 163 501 266 92 584 612 236 253 707 716 381 94
                  486 451 99 340 835 651 68 337 210 6 366 744 372 715 171 50 332 335 176 351 507
                  306 132 133 65 810 758 158 371 599 429 421 282 869 270 193 695 548 243 81 668
                  110 559 233 153 815 720 124 344 147 427 850 278 148 287 789 111 726 682 419
                  239 713 445 47 398 491 554 535 385 120 549 837 658 235 664 223 157 12 792 204
                  524 401 788 28 228 123 434 232 601 780 854 759 866 795 490 798 686 3 563 391
                  653 54 631 447 805 275 687 635 677 622 614 43 417 400 289 829 449 357 448 823
                  407 632 860 101 37 557 362 691 884 384 220 623 712 143 360 648 245 248 154 114
                  128 783 836 102 637 142 454 165 794 137 643 375 645 774 355 324 568 500 840
                  603 151 98 212 803 534 801 824 764 40

*** WARNING
  Data set contains cases with missing on x-variables.
  These cases were not included in the analysis.
  Number of cases with missing on x-variables:  2203
*** WARNING
  Data set contains cases with missing on all variables except
  x-variables.  These cases were not included in the analysis.
  Number of cases with missing on all variables except x-variables:  99
   4 WARNING(S) FOUND IN THE INPUT INSTRUCTIONS



Analysis 5

SUMMARY OF ANALYSIS

Number of groups                                                 1
Number of observations                                       19133

Number of dependent variables                                    1
Number of independent variables                                 13
Number of continuous latent variables                            8

Observed dependent variables

  Continuous
   AB

Observed independent variables
   CMC         MIXED       FAMILY      WEAK_TIE    WEEKEND     E
   GENDER      ETHNICIT    SES         CXF         CXW         MXF
   MXW

Continuous latent variables
   S1          S2          S3          S4          S5          S6
   S7          S8

Variables with special functions

  Cluster variable      ID

  Within variables
   CMC         MIXED       FAMILY      WEAK_TIE    WEEKEND     CXF
   CXW         MXF         MXW

  Between variables
   E           GENDER      ETHNICIT    SES

  Centering (GRANDMEAN)
   E

  Centering (GROUPMEAN)
   CMC         MIXED       FAMILY      WEAK_TIE


Estimator                                                    BAYES
Specifications for Bayesian Estimation
  Point estimate                                            MEDIAN
  Number of Markov chain Monte Carlo (MCMC) chains               2
  Random seed for the first chain                                0
  Starting value information                           UNPERTURBED
  Algorithm used for Markov chain Monte Carlo           GIBBS(PX1)
  Convergence criterion                                  0.500D-01
  Maximum number of iterations                               50000
  K-th iteration used for thinning                               1

Input data file(s)
  analysis4+5_S3.dat
Input data format  FREE


SUMMARY OF DATA

     Number of clusters                        746

       Size (s)    Cluster ID with Size s

          1        63 240 311 608 625 740 876
          2        45 404 562 4 271 298 156 806 816
          3        29 352 376 49 396 57 790 485 303 845 545
          4        369 598 93 131 11 666 667 502 610
          5        22 761 571 532 636 5 851 106 58 718 459
          6        52 556 482 61 700 302 880 405 600
          7        173 844 634 26 378 330 170 238 349 363
          8        76 316 592 778 280 413 813 825 162 615 473 856 118 119
                   82
          9        203 164 406 654 796 578 222 680 820 685 178 533 847
                   701 435 234 480 881 888 629
         10        105 20 214 21 663 807 9 424 431 839 846 185 728 499
                   189 522 202 770 53
         11        268 390 683 555 558 804 509 630 358 152 887 59 95 195
         12        573 506 310 290 537 69 481 618 732 619 341 552 418 750
                   494 766 498 135 650 569 122
         13        55 734 543 467 269 505 602 508 768 611 350 510 67 265
                   529 488 723 199 452 60 814
         14        704 705 588 722 423 797 229 826 642 141 525 408 605
                   221 697 322 684 769 472 130 692 703 277 177 589 585
         15        182 183 339 536 656 420 24 374 609 858 97 333 784 882
                   336 564 624 38 397 80
         16        230 659 209 201 36 587 83 249 293 254 594 883 749 258
                   469 346 755 572
         17        547 440 237 263 321 370 566 781 821 606
         18        752 753 708 865 450 180 13 225 14 416 428 595 317 678
                   373
         19        733 262 441 327 66 751 714 620 760 721 817 281 689 662
                   771 18 251
         20        379 717 343 273 669 862 252 304 872 292 738 19 377 831
                   834 163 621
         21        775 501 266 215 92 584 612 236 253 707 551 51 716 518
                   381 94 486 451 99 241 340 835
         22        88 651 68 411 337 210 515 6 366 672 25 246 744 372 715
                   171 50 332
         23        335 644 776 176 607 351 507 306 132 863 133 65 810 444
                   520 758 312 158 200 371 886 458 599 348 429 421 403
                   282
         24        869 474 270 138 194 483 274 33 193 695 548 437 243 81
                   668 633
         25        110 347 323 426 559 475 295 145 100 233 153 815 305
                   85 276 579 8 497 2 720 124 344 147 244
         26        427 743 850 179 328 216 699 368 278 46 838 148 287
         27        531 319 671 789 90 675 111 726 843 539 682 161 419 239
                   713 445 446 47
         28        307 398 864 491 779 665 554 604 873 356 535 495 73 517
                   385 64 591 681 325 331 120
         29        190 84 754 1 549 837 658 647 155 235 664 345 31 223
                   157 12 777 487
         30        286 871 792 793 204 192 524 676 255 401 42 528 461 841
                   788 168
         31        809 492 28 877 596 228 146 496 315 34 123 432 719 434
         32        762 767 542 140 660 41 232 799 87 394 601 314 780 855
         33        818 259 729 597 854 261 318 231 382 833 759 646 430
                   291 866 626 727 577
         34        586 795 490 217 798 686 3 563 391 580 653 54 471 631
                   77 849
         35        117 489 447 465 805 264 275 523 687 32 745 635 188 731
         36        513 560 470 677 115 622 219 694 250 785 296
         37        614 43 417 15 400 289 670 829 861 449 107 453 357
         38        448 256 823 89 191 407 830 632 709 353 860 16 172 101
         39        267 380 354 808 37 439 187 167
         40        747 127 739 462 414 388 285 655 557
         41        299 362 691 409 181 198 884 582 800 75 613 748
         42        848 425 384 220 791 511 698 623 812 257
         43        227 272 712 479 484 567 367
         44        143 360 648 412 72 218 245
         45        436 129 393 570 248
         46        154 399 628 114
         47        128 300 159 109 819 783 679 213 836 102 546
         48        338 757 637 142 415 454 763
         49        165 794 746 137 643 62 386
         50        375 645 774 640
         51        561 652 308 125 355 853
         52        324 827 657 301
         53        842 27
         54        782 568 71
         55        553 174 500 730 226 521
         56        840 603 519
         58        151 639 103 514 98
         59        212 803 402 627
         60        690 283 313
         61        364
         62        534 476
         64        443
         67        674
         68        186
         69        801
         73        824
         74        530
         75        764
         78        711
         80        40



COVARIANCE COVERAGE OF DATA

Minimum covariance coverage value   0.100

     Number of missing data patterns             1


     PROPORTION OF DATA PRESENT


           Covariance Coverage
              AB            CMC           MIXED         FAMILY        WEAK_TIE
              ________      ________      ________      ________      ________
 AB             1.000
 CMC            1.000         1.000
 MIXED          1.000         1.000         1.000
 FAMILY         1.000         1.000         1.000         1.000
 WEAK_TIE       1.000         1.000         1.000         1.000         1.000
 WEEKEND        1.000         1.000         1.000         1.000         1.000
 CXF            1.000         1.000         1.000         1.000         1.000
 CXW            1.000         1.000         1.000         1.000         1.000
 MXF            1.000         1.000         1.000         1.000         1.000
 MXW            1.000         1.000         1.000         1.000         1.000
 E              1.000         1.000         1.000         1.000         1.000
 GENDER         1.000         1.000         1.000         1.000         1.000
 ETHNICIT       1.000         1.000         1.000         1.000         1.000
 SES            1.000         1.000         1.000         1.000         1.000


           Covariance Coverage
              WEEKEND       CXF           CXW           MXF           MXW
              ________      ________      ________      ________      ________
 WEEKEND        1.000
 CXF            1.000         1.000
 CXW            1.000         1.000         1.000
 MXF            1.000         1.000         1.000         1.000
 MXW            1.000         1.000         1.000         1.000         1.000
 E              1.000         1.000         1.000         1.000         1.000
 GENDER         1.000         1.000         1.000         1.000         1.000
 ETHNICIT       1.000         1.000         1.000         1.000         1.000
 SES            1.000         1.000         1.000         1.000         1.000


           Covariance Coverage
              E             GENDER        ETHNICIT      SES
              ________      ________      ________      ________
 E              1.000
 GENDER         1.000         1.000
 ETHNICIT       1.000         1.000         1.000
 SES            1.000         1.000         1.000         1.000



UNIVARIATE SAMPLE STATISTICS


     UNIVARIATE HIGHER-ORDER MOMENT DESCRIPTIVE STATISTICS

         Variable/         Mean/     Skewness/   Minimum/ % with                Percentiles
        Sample Size      Variance    Kurtosis    Maximum  Min/Max      20%/60%    40%/80%    Median

     AB                    1.214      -0.459      -3.000    0.30%       0.000      1.000      1.333
           19133.000       1.678      -0.300       3.000   15.56%       1.667      2.667
     CMC                   0.000       0.682      -0.952    0.01%      -0.286     -0.143     -0.091
           19133.000       0.153      -0.286       0.982    0.01%      -0.038      0.404
     MIXED                 0.000       1.491      -0.891    0.03%      -0.152     -0.057     -0.036
           19133.000       0.086       2.717       0.983    0.01%       0.000      0.000
     FAMILY                0.000       0.726      -0.983    0.01%      -0.207     -0.053     -0.025
           19133.000       0.110       1.050       0.983    0.01%       0.000      0.162
     WEAK_TIES             0.000       1.611      -0.923    0.01%      -0.167     -0.077     -0.050
           19133.000       0.094       2.432       0.984    0.01%      -0.025      0.000
     WEEKEND               0.298       0.883       0.000   70.19%       0.000      0.000      0.000
           19133.000       0.209      -1.221       1.000   29.81%       0.000      1.000
     CXF                  -0.038      -0.472      -0.964    0.01%      -0.090     -0.003      0.000
           19133.000       0.024       7.514       0.937    0.01%       0.000      0.015
     CXW                   0.037       2.336      -0.804    0.02%      -0.003      0.000      0.004
           19133.000       0.025       9.027       0.964    0.01%       0.010      0.049
     MXF                  -0.004       0.892      -0.875    0.01%       0.000      0.000      0.000
           19133.000       0.005      42.664       0.958    0.01%       0.000      0.009
     MXW                  -0.005       0.261      -0.794    0.01%       0.000      0.000      0.000
           19133.000       0.004      42.751       0.824    0.01%       0.000      0.008
     E                     0.000      -0.102      -2.019    0.13%      -0.686     -0.186     -0.019
             746.000       0.536      -0.464       1.648    0.13%       0.231      0.648
     GENDER                0.702      -0.885       0.000   29.76%       0.000      1.000      1.000
             746.000       0.209      -1.216       1.000   70.24%       1.000      1.000
     ETHNICITY             0.660      -0.673       0.000   34.05%       0.000      1.000      1.000
             746.000       0.225      -1.547       1.000   65.95%       1.000      1.000
     SES                   0.820      -1.669       0.000   17.96%       1.000      1.000      1.000
             746.000       0.147       0.786       1.000   82.04%       1.000      1.000


THE MODEL ESTIMATION TERMINATED NORMALLY

     USE THE FBITERATIONS OPTION TO INCREASE THE NUMBER OF ITERATIONS BY A FACTOR
     OF AT LEAST TWO TO CHECK CONVERGENCE AND THAT THE PSR VALUE DOES NOT INCREASE.



MODEL FIT INFORMATION

Number of Free Parameters                              68

Information Criteria

          Deviance (DIC)                        54670.715
          Estimated Number of Parameters (pD)    1493.682



MODEL RESULTS

                                Posterior  One-Tailed         95% C.I.
                    Estimate       S.D.      P-Value   Lower 2.5%  Upper 2.5%  Significance

Within Level

 AB         ON
    WEEKEND            0.252       0.016      0.000       0.219       0.284      *

 Residual Variances
    AB                 0.943       0.010      0.000       0.924       0.963      *

Between Level

 S1         ON
    E                  0.044       0.039      0.131      -0.031       0.123

 S2         ON
    E                 -0.069       0.049      0.078      -0.165       0.025

 S3         ON
    E                  0.086       0.054      0.053      -0.019       0.194

 S4         ON
    E                 -0.001       0.057      0.495      -0.111       0.112

 S5         ON
    E                 -0.042       0.114      0.355      -0.265       0.188

 S6         ON
    E                  0.058       0.104      0.287      -0.141       0.268

 S7         ON
    E                 -0.055       0.189      0.388      -0.418       0.319

 S8         ON
    E                 -0.213       0.222      0.169      -0.620       0.262

 AB         ON
    E                  0.357       0.040      0.000       0.277       0.436      *
    GENDER            -0.147       0.064      0.011      -0.273      -0.024      *
    ETHNICITY         -0.070       0.063      0.139      -0.193       0.053
    SES               -0.050       0.080      0.262      -0.208       0.105

 AB       WITH
    S1                 0.070       0.023      0.000       0.027       0.116      *
    S2                 0.014       0.026      0.286      -0.039       0.065
    S3                 0.063       0.030      0.021       0.002       0.123      *
    S4                 0.004       0.032      0.445      -0.059       0.069
    S5                -0.003       0.060      0.477      -0.121       0.117
    S6                -0.079       0.060      0.093      -0.196       0.039
    S7                 0.128       0.108      0.116      -0.087       0.350
    S8                 0.031       0.121      0.407      -0.198       0.272

 S1       WITH
    S2                 0.076       0.021      0.000       0.037       0.119      *
    S3                 0.058       0.027      0.012       0.007       0.111      *
    S4                -0.003       0.031      0.457      -0.068       0.054
    S5                -0.075       0.051      0.075      -0.170       0.030
    S6                -0.118       0.050      0.014      -0.219      -0.024      *
    S7                -0.035       0.071      0.335      -0.177       0.094
    S8                -0.054       0.091      0.292      -0.224       0.125

 S2       WITH
    S3                 0.022       0.032      0.248      -0.040       0.086
    S4                -0.020       0.029      0.242      -0.077       0.038
    S5                -0.046       0.056      0.210      -0.151       0.071
    S6                -0.045       0.054      0.229      -0.142       0.061
    S7                -0.025       0.066      0.346      -0.144       0.120
    S8                -0.074       0.097      0.214      -0.276       0.110

 S3       WITH
    S4                 0.125       0.038      0.001       0.051       0.201      *
    S5                -0.360       0.064      0.000      -0.495      -0.244      *
    S6                -0.179       0.064      0.001      -0.310      -0.056      *
    S7                -0.094       0.096      0.130      -0.290       0.095
    S8                 0.184       0.132      0.065      -0.057       0.460

 S4       WITH
    S5                -0.131       0.073      0.030      -0.278       0.005
    S6                -0.216       0.067      0.000      -0.360      -0.090      *
    S7                -0.011       0.102      0.461      -0.225       0.176
    S8                 0.129       0.114      0.139      -0.108       0.343

 S5       WITH
    S6                 0.254       0.126      0.010       0.039       0.526      *
    S7                 0.314       0.177      0.025       0.000       0.689      *
    S8                -0.232       0.233      0.126      -0.732       0.206

 S6       WITH
    S7                 0.125       0.152      0.194      -0.158       0.431
    S8                 0.025       0.209      0.450      -0.317       0.481

 S7       WITH
    S8                -0.027       0.219      0.446      -0.424       0.452

 Intercepts
    AB                 1.280       0.104      0.000       1.083       1.487      *
    S1                -0.328       0.028      0.000      -0.383      -0.271      *
    S2                -0.029       0.034      0.198      -0.096       0.039
    S3                -0.304       0.038      0.000      -0.379      -0.226      *
    S4                -0.308       0.041      0.000      -0.386      -0.227      *
    S5                 0.207       0.081      0.005       0.047       0.371      *
    S6                 0.264       0.072      0.000       0.119       0.408      *
    S7                 0.077       0.129      0.277      -0.178       0.327
    S8                -0.149       0.151      0.143      -0.442       0.149

 Residual Variances
    AB                 0.563       0.034      0.000       0.501       0.633      *
    S1                 0.152       0.027      0.000       0.103       0.208      *
    S2                 0.124       0.029      0.000       0.071       0.184      *
    S3                 0.282       0.043      0.000       0.206       0.373      *
    S4                 0.213       0.048      0.000       0.129       0.314      *
    S5                 0.880       0.186      0.000       0.566       1.284      *
    S6                 0.500       0.151      0.000       0.230       0.820      *
    S7                 0.688       0.280      0.000       0.283       1.338      *
    S8                 1.021       0.392      0.000       0.403       1.966      *


STANDARDIZED MODEL RESULTS


STDYX Standardization

                                Posterior  One-Tailed         95% C.I.
                    Estimate       S.D.      P-Value   Lower 2.5%  Upper 2.5%  Significance

Within-Level Standardized Estimates Averaged Over Clusters

 S1 | AB ON
    CMC               -0.114       0.008      0.000      -0.130      -0.099      *

 S2 | AB ON
    MIXED             -0.008       0.006      0.095      -0.020       0.003

 S3 | AB ON
    FAMILY            -0.086       0.009      0.000      -0.104      -0.069      *

 S4 | AB ON
    WEAK_TIES         -0.081       0.009      0.000      -0.099      -0.062      *

 S5 | AB ON
    CXF                0.022       0.007      0.003       0.006       0.036      *

 S6 | AB ON
    CXW                0.030       0.008      0.001       0.014       0.045      *

 S7 | AB ON
    MXF                0.003       0.004      0.230      -0.005       0.010

 S8 | AB ON
    MXW               -0.007       0.005      0.073      -0.016       0.004

 AB         ON
    WEEKEND            0.105       0.007      0.000       0.091       0.118      *

 Residual Variances
    AB                 0.897       0.005      0.000       0.889       0.906      *

Between Level

 S1         ON
    E                  0.057       0.051      0.131      -0.040       0.161

 S2         ON
    E                 -0.101       0.072      0.078      -0.241       0.035

 S3         ON
    E                  0.082       0.051      0.053      -0.017       0.181

 S4         ON
    E                 -0.001       0.063      0.495      -0.122       0.124

 S5         ON
    E                 -0.023       0.062      0.355      -0.144       0.102

 S6         ON
    E                  0.042       0.077      0.287      -0.099       0.204

 S7         ON
    E                 -0.034       0.120      0.388      -0.272       0.202

 S8         ON
    E                 -0.108       0.114      0.169      -0.318       0.119

 AB         ON
    E                  0.234       0.026      0.000       0.182       0.284      *
    GENDER            -0.058       0.025      0.011      -0.108      -0.009      *
    ETHNICITY         -0.031       0.028      0.139      -0.086       0.023
    SES               -0.017       0.027      0.262      -0.069       0.035

 AB       WITH
    S1                 0.242       0.077      0.000       0.093       0.394      *
    S2                 0.056       0.101      0.286      -0.145       0.249
    S3                 0.159       0.074      0.021       0.005       0.300      *
    S4                 0.013       0.093      0.445      -0.167       0.196
    S5                -0.004       0.085      0.477      -0.175       0.163
    S6                -0.149       0.116      0.093      -0.380       0.077
    S7                 0.214       0.163      0.116      -0.147       0.494
    S8                 0.042       0.160      0.407      -0.281       0.331

 S1       WITH
    S2                 0.566       0.115      0.000       0.306       0.745      *
    S3                 0.282       0.119      0.012       0.035       0.496      *
    S4                -0.019       0.171      0.457      -0.349       0.320
    S5                -0.208       0.137      0.075      -0.459       0.086
    S6                -0.439       0.165      0.014      -0.717      -0.096      *
    S7                -0.106       0.217      0.335      -0.500       0.318
    S8                -0.139       0.224      0.292      -0.510       0.318

 S2       WITH
    S3                 0.120       0.170      0.248      -0.229       0.433
    S4                -0.124       0.181      0.242      -0.468       0.236
    S5                -0.143       0.166      0.210      -0.425       0.214
    S6                -0.190       0.219      0.229      -0.577       0.249
    S7                -0.087       0.226      0.346      -0.502       0.372
    S8                -0.215       0.278      0.214      -0.800       0.365

 S3       WITH
    S4                 0.512       0.124      0.001       0.247       0.726      *
    S5                -0.737       0.086      0.000      -0.864      -0.535      *
    S6                -0.490       0.149      0.001      -0.744      -0.159      *
    S7                -0.221       0.206      0.130      -0.621       0.211
    S8                 0.353       0.235      0.065      -0.101       0.826

 S4       WITH
    S5                -0.309       0.158      0.030      -0.586       0.012
    S6                -0.675       0.118      0.000      -0.857      -0.392      *
    S7                -0.031       0.260      0.461      -0.564       0.426
    S8                 0.300       0.231      0.139      -0.242       0.641

 S5       WITH
    S6                 0.394       0.151      0.010       0.071       0.662      *
    S7                 0.427       0.185      0.025       0.000       0.697      *
    S8                -0.260       0.242      0.126      -0.738       0.198

 S6       WITH
    S7                 0.230       0.236      0.194      -0.275       0.622
    S8                 0.039       0.278      0.450      -0.493       0.530

 S7       WITH
    S8                -0.035       0.246      0.446      -0.469       0.462

 Intercepts
    AB                 1.656       0.141      0.000       1.382       1.929      *
    S1                -0.839       0.112      0.000      -1.077      -0.643      *
    S2                -0.084       0.100      0.198      -0.281       0.113
    S3                -0.568       0.084      0.000      -0.745      -0.410      *
    S4                -0.668       0.131      0.000      -0.957      -0.450      *
    S5                 0.221       0.090      0.005       0.049       0.410      *
    S6                 0.377       0.129      0.000       0.151       0.675      *
    S7                 0.091       0.162      0.277      -0.217       0.423
    S8                -0.145       0.157      0.143      -0.475       0.148

 Residual Variances
    AB                 0.938       0.012      0.000       0.913       0.961      *
    S1                 0.997       0.007      0.000       0.974       1.000      *
    S2                 0.990       0.016      0.000       0.942       1.000      *
    S3                 0.993       0.009      0.000       0.967       1.000      *
    S4                 0.998       0.006      0.000       0.980       1.000      *
    S5                 0.998       0.006      0.000       0.978       1.000      *
    S6                 0.997       0.012      0.000       0.958       1.000      *
    S7                 0.993       0.023      0.000       0.919       1.000      *
    S8                 0.987       0.030      0.000       0.899       1.000      *


STDY Standardization

                                Posterior  One-Tailed         95% C.I.
                    Estimate       S.D.      P-Value   Lower 2.5%  Upper 2.5%  Significance

Within-Level Standardized Estimates Averaged Over Clusters

 S1 | AB ON
    CMC               -0.310       0.023      0.000      -0.354      -0.267      *

 S2 | AB ON
    MIXED             -0.025       0.031      0.214      -0.089       0.034

 S3 | AB ON
    FAMILY            -0.285       0.033      0.000      -0.348      -0.220      *

 S4 | AB ON
    WEAK_TIES         -0.295       0.038      0.000      -0.369      -0.220      *

 S5 | AB ON
    CXF                0.187       0.073      0.005       0.031       0.321      *

 S6 | AB ON
    CXW                0.243       0.067      0.001       0.111       0.374      *

 S7 | AB ON
    MXF                0.106       0.114      0.197      -0.148       0.291

 S8 | AB ON
    MXW               -0.182       0.161      0.117      -0.454       0.226

 AB         ON
    WEEKEND            0.246       0.016      0.000       0.214       0.277      *

 Residual Variances
    AB                 0.897       0.005      0.000       0.889       0.906      *

Between Level

 S1         ON
    E                  0.113       0.101      0.131      -0.078       0.318

 S2         ON
    E                 -0.200       0.141      0.078      -0.475       0.069

 S3         ON
    E                  0.161       0.100      0.053      -0.034       0.357

 S4         ON
    E                 -0.001       0.124      0.495      -0.239       0.245

 S5         ON
    E                 -0.045       0.122      0.355      -0.284       0.200

 S6         ON
    E                  0.082       0.151      0.287      -0.194       0.402

 S7         ON
    E                 -0.066       0.235      0.388      -0.536       0.397

 S8         ON
    E                 -0.213       0.225      0.169      -0.627       0.234

 AB         ON
    E                  0.461       0.051      0.000       0.359       0.559      *
    GENDER            -0.190       0.083      0.011      -0.354      -0.031      *
    ETHNICITY         -0.090       0.081      0.139      -0.249       0.068
    SES               -0.064       0.103      0.262      -0.268       0.136

 AB       WITH
    S1                 0.242       0.077      0.000       0.093       0.394      *
    S2                 0.056       0.101      0.286      -0.145       0.249
    S3                 0.159       0.074      0.021       0.005       0.300      *
    S4                 0.013       0.093      0.445      -0.167       0.196
    S5                -0.004       0.085      0.477      -0.175       0.163
    S6                -0.149       0.116      0.093      -0.380       0.077
    S7                 0.214       0.163      0.116      -0.147       0.494
    S8                 0.042       0.160      0.407      -0.281       0.331

 S1       WITH
    S2                 0.566       0.115      0.000       0.306       0.745      *
    S3                 0.282       0.119      0.012       0.035       0.496      *
    S4                -0.019       0.171      0.457      -0.349       0.320
    S5                -0.208       0.137      0.075      -0.459       0.086
    S6                -0.439       0.165      0.014      -0.717      -0.096      *
    S7                -0.106       0.217      0.335      -0.500       0.318
    S8                -0.139       0.224      0.292      -0.510       0.318

 S2       WITH
    S3                 0.120       0.170      0.248      -0.229       0.433
    S4                -0.124       0.181      0.242      -0.468       0.236
    S5                -0.143       0.166      0.210      -0.425       0.214
    S6                -0.190       0.219      0.229      -0.577       0.249
    S7                -0.087       0.226      0.346      -0.502       0.372
    S8                -0.215       0.278      0.214      -0.800       0.365

 S3       WITH
    S4                 0.512       0.124      0.001       0.247       0.726      *
    S5                -0.737       0.086      0.000      -0.864      -0.535      *
    S6                -0.490       0.149      0.001      -0.744      -0.159      *
    S7                -0.221       0.206      0.130      -0.621       0.211
    S8                 0.353       0.235      0.065      -0.101       0.826

 S4       WITH
    S5                -0.309       0.158      0.030      -0.586       0.012
    S6                -0.675       0.118      0.000      -0.857      -0.392      *
    S7                -0.031       0.260      0.461      -0.564       0.426
    S8                 0.300       0.231      0.139      -0.242       0.641

 S5       WITH
    S6                 0.394       0.151      0.010       0.071       0.662      *
    S7                 0.427       0.185      0.025       0.000       0.697      *
    S8                -0.260       0.242      0.126      -0.738       0.198

 S6       WITH
    S7                 0.230       0.236      0.194      -0.275       0.622
    S8                 0.039       0.278      0.450      -0.493       0.530

 S7       WITH
    S8                -0.035       0.246      0.446      -0.469       0.462

 Intercepts
    AB                 1.656       0.141      0.000       1.382       1.929      *
    S1                -0.839       0.112      0.000      -1.077      -0.643      *
    S2                -0.084       0.100      0.198      -0.281       0.113
    S3                -0.568       0.084      0.000      -0.745      -0.410      *
    S4                -0.668       0.131      0.000      -0.957      -0.450      *
    S5                 0.221       0.090      0.005       0.049       0.410      *
    S6                 0.377       0.129      0.000       0.151       0.675      *
    S7                 0.091       0.162      0.277      -0.217       0.423
    S8                -0.145       0.157      0.143      -0.475       0.148

 Residual Variances
    AB                 0.938       0.012      0.000       0.913       0.961      *
    S1                 0.997       0.007      0.000       0.974       1.000      *
    S2                 0.990       0.016      0.000       0.942       1.000      *
    S3                 0.993       0.009      0.000       0.967       1.000      *
    S4                 0.998       0.006      0.000       0.980       1.000      *
    S5                 0.998       0.006      0.000       0.978       1.000      *
    S6                 0.997       0.012      0.000       0.958       1.000      *
    S7                 0.993       0.023      0.000       0.919       1.000      *
    S8                 0.987       0.030      0.000       0.899       1.000      *


R-SQUARE

Within-Level R-Square Averaged Across Clusters

                                Posterior  One-Tailed         95% C.I.
    Variable        Estimate       S.D.      P-Value   Lower 2.5%  Upper 2.5%

    AB                 0.103       0.005      0.000       0.094       0.111

Between Level

                                Posterior  One-Tailed         95% C.I.
    Variable        Estimate       S.D.      P-Value   Lower 2.5%  Upper 2.5%

    AB                 0.062       0.012      0.000       0.039       0.087

                                Posterior  One-Tailed         95% C.I.
    Variable        Estimate       S.D.      P-Value   Lower 2.5%  Upper 2.5%

    S1                 0.003       0.007      0.000       0.000       0.026
    S2                 0.010       0.016      0.000       0.000       0.058
    S3                 0.007       0.009      0.000       0.000       0.033
    S4                 0.002       0.006      0.000       0.000       0.020
    S5                 0.002       0.006      0.000       0.000       0.022
    S6                 0.003       0.012      0.000       0.000       0.042
    S7                 0.007       0.023      0.000       0.000       0.080
    S8                 0.013       0.030      0.000       0.000       0.101


TECHNICAL 1 OUTPUT


     PARAMETER SPECIFICATION FOR WITHIN


           NU
              AB            CMC           MIXED         FAMILY        WEAK_TIE
              ________      ________      ________      ________      ________
                    0             0             0             0             0


           NU
              WEEKEND       CXF           CXW           MXF           MXW
              ________      ________      ________      ________      ________
                    0             0             0             0             0


           LAMBDA
              AB            CMC           MIXED         FAMILY        WEAK_TIE
              ________      ________      ________      ________      ________
 AB                 0             0             0             0             0
 CMC                0             0             0             0             0
 MIXED              0             0             0             0             0
 FAMILY             0             0             0             0             0
 WEAK_TIE           0             0             0             0             0
 WEEKEND            0             0             0             0             0
 CXF                0             0             0             0             0
 CXW                0             0             0             0             0
 MXF                0             0             0             0             0
 MXW                0             0             0             0             0


           LAMBDA
              WEEKEND       CXF           CXW           MXF           MXW
              ________      ________      ________      ________      ________
 AB                 0             0             0             0             0
 CMC                0             0             0             0             0
 MIXED              0             0             0             0             0
 FAMILY             0             0             0             0             0
 WEAK_TIE           0             0             0             0             0
 WEEKEND            0             0             0             0             0
 CXF                0             0             0             0             0
 CXW                0             0             0             0             0
 MXF                0             0             0             0             0
 MXW                0             0             0             0             0


           THETA
              AB            CMC           MIXED         FAMILY        WEAK_TIE
              ________      ________      ________      ________      ________
 AB                 0
 CMC                0             0
 MIXED              0             0             0
 FAMILY             0             0             0             0
 WEAK_TIE           0             0             0             0             0
 WEEKEND            0             0             0             0             0
 CXF                0             0             0             0             0
 CXW                0             0             0             0             0
 MXF                0             0             0             0             0
 MXW                0             0             0             0             0


           THETA
              WEEKEND       CXF           CXW           MXF           MXW
              ________      ________      ________      ________      ________
 WEEKEND            0
 CXF                0             0
 CXW                0             0             0
 MXF                0             0             0             0
 MXW                0             0             0             0             0


           ALPHA
              AB            CMC           MIXED         FAMILY        WEAK_TIE
              ________      ________      ________      ________      ________
                    0             0             0             0             0


           ALPHA
              WEEKEND       CXF           CXW           MXF           MXW
              ________      ________      ________      ________      ________
                    0             0             0             0             0


           BETA
              AB            CMC           MIXED         FAMILY        WEAK_TIE
              ________      ________      ________      ________      ________
 AB                 0             0             0             0             0
 CMC                0             0             0             0             0
 MIXED              0             0             0             0             0
 FAMILY             0             0             0             0             0
 WEAK_TIE           0             0             0             0             0
 WEEKEND            0             0             0             0             0
 CXF                0             0             0             0             0
 CXW                0             0             0             0             0
 MXF                0             0             0             0             0
 MXW                0             0             0             0             0


           BETA
              WEEKEND       CXF           CXW           MXF           MXW
              ________      ________      ________      ________      ________
 AB                 1             0             0             0             0
 CMC                0             0             0             0             0
 MIXED              0             0             0             0             0
 FAMILY             0             0             0             0             0
 WEAK_TIE           0             0             0             0             0
 WEEKEND            0             0             0             0             0
 CXF                0             0             0             0             0
 CXW                0             0             0             0             0
 MXF                0             0             0             0             0
 MXW                0             0             0             0             0


           PSI
              AB            CMC           MIXED         FAMILY        WEAK_TIE
              ________      ________      ________      ________      ________
 AB                 2
 CMC                0             0
 MIXED              0             0             0
 FAMILY             0             0             0             0
 WEAK_TIE           0             0             0             0             0
 WEEKEND            0             0             0             0             0
 CXF                0             0             0             0             0
 CXW                0             0             0             0             0
 MXF                0             0             0             0             0
 MXW                0             0             0             0             0


           PSI
              WEEKEND       CXF           CXW           MXF           MXW
              ________      ________      ________      ________      ________
 WEEKEND            0
 CXF                0             0
 CXW                0             0             0
 MXF                0             0             0             0
 MXW                0             0             0             0             0


     PARAMETER SPECIFICATION FOR BETWEEN


           NU
              AB            E             GENDER        ETHNICIT      SES
              ________      ________      ________      ________      ________
                    0             0             0             0             0


           LAMBDA
              S1            S2            S3            S4            S5
              ________      ________      ________      ________      ________
 AB                 0             0             0             0             0
 E                  0             0             0             0             0
 GENDER             0             0             0             0             0
 ETHNICIT           0             0             0             0             0
 SES                0             0             0             0             0


           LAMBDA
              S6            S7            S8            AB            E
              ________      ________      ________      ________      ________
 AB                 0             0             0             0             0
 E                  0             0             0             0             0
 GENDER             0             0             0             0             0
 ETHNICIT           0             0             0             0             0
 SES                0             0             0             0             0


           LAMBDA
              GENDER        ETHNICIT      SES
              ________      ________      ________
 AB                 0             0             0
 E                  0             0             0
 GENDER             0             0             0
 ETHNICIT           0             0             0
 SES                0             0             0


           THETA
              AB            E             GENDER        ETHNICIT      SES
              ________      ________      ________      ________      ________
 AB                 0
 E                  0             0
 GENDER             0             0             0
 ETHNICIT           0             0             0             0
 SES                0             0             0             0             0


           ALPHA
              S1            S2            S3            S4            S5
              ________      ________      ________      ________      ________
                    3             4             5             6             7


           ALPHA
              S6            S7            S8            AB            E
              ________      ________      ________      ________      ________
                    8             9            10            11             0


           ALPHA
              GENDER        ETHNICIT      SES
              ________      ________      ________
                    0             0             0


           BETA
              S1            S2            S3            S4            S5
              ________      ________      ________      ________      ________
 S1                 0             0             0             0             0
 S2                 0             0             0             0             0
 S3                 0             0             0             0             0
 S4                 0             0             0             0             0
 S5                 0             0             0             0             0
 S6                 0             0             0             0             0
 S7                 0             0             0             0             0
 S8                 0             0             0             0             0
 AB                 0             0             0             0             0
 E                  0             0             0             0             0
 GENDER             0             0             0             0             0
 ETHNICIT           0             0             0             0             0
 SES                0             0             0             0             0


           BETA
              S6            S7            S8            AB            E
              ________      ________      ________      ________      ________
 S1                 0             0             0             0            12
 S2                 0             0             0             0            13
 S3                 0             0             0             0            14
 S4                 0             0             0             0            15
 S5                 0             0             0             0            16
 S6                 0             0             0             0            17
 S7                 0             0             0             0            18
 S8                 0             0             0             0            19
 AB                 0             0             0             0            20
 E                  0             0             0             0             0
 GENDER             0             0             0             0             0
 ETHNICIT           0             0             0             0             0
 SES                0             0             0             0             0


           BETA
              GENDER        ETHNICIT      SES
              ________      ________      ________
 S1                 0             0             0
 S2                 0             0             0
 S3                 0             0             0
 S4                 0             0             0
 S5                 0             0             0
 S6                 0             0             0
 S7                 0             0             0
 S8                 0             0             0
 AB                21            22            23
 E                  0             0             0
 GENDER             0             0             0
 ETHNICIT           0             0             0
 SES                0             0             0


           PSI
              S1            S2            S3            S4            S5
              ________      ________      ________      ________      ________
 S1                24
 S2                25            26
 S3                27            28            29
 S4                30            31            32            33
 S5                34            35            36            37            38
 S6                39            40            41            42            43
 S7                45            46            47            48            49
 S8                52            53            54            55            56
 AB                60            61            62            63            64
 E                  0             0             0             0             0
 GENDER             0             0             0             0             0
 ETHNICIT           0             0             0             0             0
 SES                0             0             0             0             0


           PSI
              S6            S7            S8            AB            E
              ________      ________      ________      ________      ________
 S6                44
 S7                50            51
 S8                57            58            59
 AB                65            66            67            68
 E                  0             0             0             0             0
 GENDER             0             0             0             0             0
 ETHNICIT           0             0             0             0             0
 SES                0             0             0             0             0


           PSI
              GENDER        ETHNICIT      SES
              ________      ________      ________
 GENDER             0
 ETHNICIT           0             0
 SES                0             0             0


     STARTING VALUES FOR WITHIN


           NU
              AB            CMC           MIXED         FAMILY        WEAK_TIE
              ________      ________      ________      ________      ________
                0.000         0.000         0.000         0.000         0.000


           NU
              WEEKEND       CXF           CXW           MXF           MXW
              ________      ________      ________      ________      ________
                0.000         0.000         0.000         0.000         0.000


           LAMBDA
              AB            CMC           MIXED         FAMILY        WEAK_TIE
              ________      ________      ________      ________      ________
 AB             1.000         0.000         0.000         0.000         0.000
 CMC            0.000         1.000         0.000         0.000         0.000
 MIXED          0.000         0.000         1.000         0.000         0.000
 FAMILY         0.000         0.000         0.000         1.000         0.000
 WEAK_TIE       0.000         0.000         0.000         0.000         1.000
 WEEKEND        0.000         0.000         0.000         0.000         0.000
 CXF            0.000         0.000         0.000         0.000         0.000
 CXW            0.000         0.000         0.000         0.000         0.000
 MXF            0.000         0.000         0.000         0.000         0.000
 MXW            0.000         0.000         0.000         0.000         0.000


           LAMBDA
              WEEKEND       CXF           CXW           MXF           MXW
              ________      ________      ________      ________      ________
 AB             0.000         0.000         0.000         0.000         0.000
 CMC            0.000         0.000         0.000         0.000         0.000
 MIXED          0.000         0.000         0.000         0.000         0.000
 FAMILY         0.000         0.000         0.000         0.000         0.000
 WEAK_TIE       0.000         0.000         0.000         0.000         0.000
 WEEKEND        1.000         0.000         0.000         0.000         0.000
 CXF            0.000         1.000         0.000         0.000         0.000
 CXW            0.000         0.000         1.000         0.000         0.000
 MXF            0.000         0.000         0.000         1.000         0.000
 MXW            0.000         0.000         0.000         0.000         1.000


           THETA
              AB            CMC           MIXED         FAMILY        WEAK_TIE
              ________      ________      ________      ________      ________
 AB             0.000
 CMC            0.000         0.000
 MIXED          0.000         0.000         0.000
 FAMILY         0.000         0.000         0.000         0.000
 WEAK_TIE       0.000         0.000         0.000         0.000         0.000
 WEEKEND        0.000         0.000         0.000         0.000         0.000
 CXF            0.000         0.000         0.000         0.000         0.000
 CXW            0.000         0.000         0.000         0.000         0.000
 MXF            0.000         0.000         0.000         0.000         0.000
 MXW            0.000         0.000         0.000         0.000         0.000


           THETA
              WEEKEND       CXF           CXW           MXF           MXW
              ________      ________      ________      ________      ________
 WEEKEND        0.000
 CXF            0.000         0.000
 CXW            0.000         0.000         0.000
 MXF            0.000         0.000         0.000         0.000
 MXW            0.000         0.000         0.000         0.000         0.000


           ALPHA
              AB            CMC           MIXED         FAMILY        WEAK_TIE
              ________      ________      ________      ________      ________
                0.000         0.000         0.000         0.000         0.000


           ALPHA
              WEEKEND       CXF           CXW           MXF           MXW
              ________      ________      ________      ________      ________
                0.000         0.000         0.000         0.000         0.000


           BETA
              AB            CMC           MIXED         FAMILY        WEAK_TIE
              ________      ________      ________      ________      ________
 AB             0.000         0.000         0.000         0.000         0.000
 CMC            0.000         0.000         0.000         0.000         0.000
 MIXED          0.000         0.000         0.000         0.000         0.000
 FAMILY         0.000         0.000         0.000         0.000         0.000
 WEAK_TIE       0.000         0.000         0.000         0.000         0.000
 WEEKEND        0.000         0.000         0.000         0.000         0.000
 CXF            0.000         0.000         0.000         0.000         0.000
 CXW            0.000         0.000         0.000         0.000         0.000
 MXF            0.000         0.000         0.000         0.000         0.000
 MXW            0.000         0.000         0.000         0.000         0.000


           BETA
              WEEKEND       CXF           CXW           MXF           MXW
              ________      ________      ________      ________      ________
 AB             0.000         0.000         0.000         0.000         0.000
 CMC            0.000         0.000         0.000         0.000         0.000
 MIXED          0.000         0.000         0.000         0.000         0.000
 FAMILY         0.000         0.000         0.000         0.000         0.000
 WEAK_TIE       0.000         0.000         0.000         0.000         0.000
 WEEKEND        0.000         0.000         0.000         0.000         0.000
 CXF            0.000         0.000         0.000         0.000         0.000
 CXW            0.000         0.000         0.000         0.000         0.000
 MXF            0.000         0.000         0.000         0.000         0.000
 MXW            0.000         0.000         0.000         0.000         0.000


           PSI
              AB            CMC           MIXED         FAMILY        WEAK_TIE
              ________      ________      ________      ________      ________
 AB             0.839
 CMC            0.000         0.077
 MIXED          0.000         0.000         0.043
 FAMILY         0.000         0.000         0.000         0.055
 WEAK_TIE       0.000         0.000         0.000         0.000         0.047
 WEEKEND        0.000         0.000         0.000         0.000         0.000
 CXF            0.000         0.000         0.000         0.000         0.000
 CXW            0.000         0.000         0.000         0.000         0.000
 MXF            0.000         0.000         0.000         0.000         0.000
 MXW            0.000         0.000         0.000         0.000         0.000


           PSI
              WEEKEND       CXF           CXW           MXF           MXW
              ________      ________      ________      ________      ________
 WEEKEND        0.105
 CXF            0.000         0.012
 CXW            0.000         0.000         0.012
 MXF            0.000         0.000         0.000         0.003
 MXW            0.000         0.000         0.000         0.000         0.002


     STARTING VALUES FOR BETWEEN


           NU
              AB            E             GENDER        ETHNICIT      SES
              ________      ________      ________      ________      ________
                0.000         0.000         0.000         0.000         0.000


           LAMBDA
              S1            S2            S3            S4            S5
              ________      ________      ________      ________      ________
 AB             0.000         0.000         0.000         0.000         0.000
 E              0.000         0.000         0.000         0.000         0.000
 GENDER         0.000         0.000         0.000         0.000         0.000
 ETHNICIT       0.000         0.000         0.000         0.000         0.000
 SES            0.000         0.000         0.000         0.000         0.000


           LAMBDA
              S6            S7            S8            AB            E
              ________      ________      ________      ________      ________
 AB             0.000         0.000         0.000         1.000         0.000
 E              0.000         0.000         0.000         0.000         1.000
 GENDER         0.000         0.000         0.000         0.000         0.000
 ETHNICIT       0.000         0.000         0.000         0.000         0.000
 SES            0.000         0.000         0.000         0.000         0.000


           LAMBDA
              GENDER        ETHNICIT      SES
              ________      ________      ________
 AB             0.000         0.000         0.000
 E              0.000         0.000         0.000
 GENDER         1.000         0.000         0.000
 ETHNICIT       0.000         1.000         0.000
 SES            0.000         0.000         1.000


           THETA
              AB            E             GENDER        ETHNICIT      SES
              ________      ________      ________      ________      ________
 AB             0.000
 E              0.000         0.000
 GENDER         0.000         0.000         0.000
 ETHNICIT       0.000         0.000         0.000         0.000
 SES            0.000         0.000         0.000         0.000         0.000


           ALPHA
              S1            S2            S3            S4            S5
              ________      ________      ________      ________      ________
                0.000         0.000         0.000         0.000         0.000


           ALPHA
              S6            S7            S8            AB            E
              ________      ________      ________      ________      ________
                0.000         0.000         0.000         1.214         0.000


           ALPHA
              GENDER        ETHNICIT      SES
              ________      ________      ________
                0.000         0.000         0.000


           BETA
              S1            S2            S3            S4            S5
              ________      ________      ________      ________      ________
 S1             0.000         0.000         0.000         0.000         0.000
 S2             0.000         0.000         0.000         0.000         0.000
 S3             0.000         0.000         0.000         0.000         0.000
 S4             0.000         0.000         0.000         0.000         0.000
 S5             0.000         0.000         0.000         0.000         0.000
 S6             0.000         0.000         0.000         0.000         0.000
 S7             0.000         0.000         0.000         0.000         0.000
 S8             0.000         0.000         0.000         0.000         0.000
 AB             0.000         0.000         0.000         0.000         0.000
 E              0.000         0.000         0.000         0.000         0.000
 GENDER         0.000         0.000         0.000         0.000         0.000
 ETHNICIT       0.000         0.000         0.000         0.000         0.000
 SES            0.000         0.000         0.000         0.000         0.000


           BETA
              S6            S7            S8            AB            E
              ________      ________      ________      ________      ________
 S1             0.000         0.000         0.000         0.000         0.000
 S2             0.000         0.000         0.000         0.000         0.000
 S3             0.000         0.000         0.000         0.000         0.000
 S4             0.000         0.000         0.000         0.000         0.000
 S5             0.000         0.000         0.000         0.000         0.000
 S6             0.000         0.000         0.000         0.000         0.000
 S7             0.000         0.000         0.000         0.000         0.000
 S8             0.000         0.000         0.000         0.000         0.000
 AB             0.000         0.000         0.000         0.000         0.000
 E              0.000         0.000         0.000         0.000         0.000
 GENDER         0.000         0.000         0.000         0.000         0.000
 ETHNICIT       0.000         0.000         0.000         0.000         0.000
 SES            0.000         0.000         0.000         0.000         0.000


           BETA
              GENDER        ETHNICIT      SES
              ________      ________      ________
 S1             0.000         0.000         0.000
 S2             0.000         0.000         0.000
 S3             0.000         0.000         0.000
 S4             0.000         0.000         0.000
 S5             0.000         0.000         0.000
 S6             0.000         0.000         0.000
 S7             0.000         0.000         0.000
 S8             0.000         0.000         0.000
 AB             0.000         0.000         0.000
 E              0.000         0.000         0.000
 GENDER         0.000         0.000         0.000
 ETHNICIT       0.000         0.000         0.000
 SES            0.000         0.000         0.000


           PSI
              S1            S2            S3            S4            S5
              ________      ________      ________      ________      ________
 S1             1.000
 S2             0.000         1.000
 S3             0.000         0.000         1.000
 S4             0.000         0.000         0.000         1.000
 S5             0.000         0.000         0.000         0.000         1.000
 S6             0.000         0.000         0.000         0.000         0.000
 S7             0.000         0.000         0.000         0.000         0.000
 S8             0.000         0.000         0.000         0.000         0.000
 AB             0.000         0.000         0.000         0.000         0.000
 E              0.000         0.000         0.000         0.000         0.000
 GENDER         0.000         0.000         0.000         0.000         0.000
 ETHNICIT       0.000         0.000         0.000         0.000         0.000
 SES            0.000         0.000         0.000         0.000         0.000


           PSI
              S6            S7            S8            AB            E
              ________      ________      ________      ________      ________
 S6             1.000
 S7             0.000         1.000
 S8             0.000         0.000         1.000
 AB             0.000         0.000         0.000         0.839
 E              0.000         0.000         0.000         0.000         0.258
 GENDER         0.000         0.000         0.000         0.000         0.000
 ETHNICIT       0.000         0.000         0.000         0.000         0.000
 SES            0.000         0.000         0.000         0.000         0.000


           PSI
              GENDER        ETHNICIT      SES
              ________      ________      ________
 GENDER         0.093
 ETHNICIT       0.000         0.118
 SES            0.000         0.000         0.067



     PRIORS FOR ALL PARAMETERS            PRIOR MEAN      PRIOR VARIANCE     PRIOR STD. DEV.

     Parameter 1~N(0.000,infinity)           0.0000            infinity            infinity
     Parameter 2~IG(-1.000,0.000)          infinity            infinity            infinity
     Parameter 3~N(0.000,infinity)           0.0000            infinity            infinity
     Parameter 4~N(0.000,infinity)           0.0000            infinity            infinity
     Parameter 5~N(0.000,infinity)           0.0000            infinity            infinity
     Parameter 6~N(0.000,infinity)           0.0000            infinity            infinity
     Parameter 7~N(0.000,infinity)           0.0000            infinity            infinity
     Parameter 8~N(0.000,infinity)           0.0000            infinity            infinity
     Parameter 9~N(0.000,infinity)           0.0000            infinity            infinity
     Parameter 10~N(0.000,infinity)          0.0000            infinity            infinity
     Parameter 11~N(0.000,infinity)          0.0000            infinity            infinity
     Parameter 12~N(0.000,infinity)          0.0000            infinity            infinity
     Parameter 13~N(0.000,infinity)          0.0000            infinity            infinity
     Parameter 14~N(0.000,infinity)          0.0000            infinity            infinity
     Parameter 15~N(0.000,infinity)          0.0000            infinity            infinity
     Parameter 16~N(0.000,infinity)          0.0000            infinity            infinity
     Parameter 17~N(0.000,infinity)          0.0000            infinity            infinity
     Parameter 18~N(0.000,infinity)          0.0000            infinity            infinity
     Parameter 19~N(0.000,infinity)          0.0000            infinity            infinity
     Parameter 20~N(0.000,infinity)          0.0000            infinity            infinity
     Parameter 21~N(0.000,infinity)          0.0000            infinity            infinity
     Parameter 22~N(0.000,infinity)          0.0000            infinity            infinity
     Parameter 23~N(0.000,infinity)          0.0000            infinity            infinity
     Parameter 24~IW(0.000,-10)            infinity            infinity            infinity
     Parameter 25~IW(0.000,-10)            infinity            infinity            infinity
     Parameter 26~IW(0.000,-10)            infinity            infinity            infinity
     Parameter 27~IW(0.000,-10)            infinity            infinity            infinity
     Parameter 28~IW(0.000,-10)            infinity            infinity            infinity
     Parameter 29~IW(0.000,-10)            infinity            infinity            infinity
     Parameter 30~IW(0.000,-10)            infinity            infinity            infinity
     Parameter 31~IW(0.000,-10)            infinity            infinity            infinity
     Parameter 32~IW(0.000,-10)            infinity            infinity            infinity
     Parameter 33~IW(0.000,-10)            infinity            infinity            infinity
     Parameter 34~IW(0.000,-10)            infinity            infinity            infinity
     Parameter 35~IW(0.000,-10)            infinity            infinity            infinity
     Parameter 36~IW(0.000,-10)            infinity            infinity            infinity
     Parameter 37~IW(0.000,-10)            infinity            infinity            infinity
     Parameter 38~IW(0.000,-10)            infinity            infinity            infinity
     Parameter 39~IW(0.000,-10)            infinity            infinity            infinity
     Parameter 40~IW(0.000,-10)            infinity            infinity            infinity
     Parameter 41~IW(0.000,-10)            infinity            infinity            infinity
     Parameter 42~IW(0.000,-10)            infinity            infinity            infinity
     Parameter 43~IW(0.000,-10)            infinity            infinity            infinity
     Parameter 44~IW(0.000,-10)            infinity            infinity            infinity
     Parameter 45~IW(0.000,-10)            infinity            infinity            infinity
     Parameter 46~IW(0.000,-10)            infinity            infinity            infinity
     Parameter 47~IW(0.000,-10)            infinity            infinity            infinity
     Parameter 48~IW(0.000,-10)            infinity            infinity            infinity
     Parameter 49~IW(0.000,-10)            infinity            infinity            infinity
     Parameter 50~IW(0.000,-10)            infinity            infinity            infinity
     Parameter 51~IW(0.000,-10)            infinity            infinity            infinity
     Parameter 52~IW(0.000,-10)            infinity            infinity            infinity
     Parameter 53~IW(0.000,-10)            infinity            infinity            infinity
     Parameter 54~IW(0.000,-10)            infinity            infinity            infinity
     Parameter 55~IW(0.000,-10)            infinity            infinity            infinity
     Parameter 56~IW(0.000,-10)            infinity            infinity            infinity
     Parameter 57~IW(0.000,-10)            infinity            infinity            infinity
     Parameter 58~IW(0.000,-10)            infinity            infinity            infinity
     Parameter 59~IW(0.000,-10)            infinity            infinity            infinity
     Parameter 60~IW(0.000,-10)            infinity            infinity            infinity
     Parameter 61~IW(0.000,-10)            infinity            infinity            infinity
     Parameter 62~IW(0.000,-10)            infinity            infinity            infinity
     Parameter 63~IW(0.000,-10)            infinity            infinity            infinity
     Parameter 64~IW(0.000,-10)            infinity            infinity            infinity
     Parameter 65~IW(0.000,-10)            infinity            infinity            infinity
     Parameter 66~IW(0.000,-10)            infinity            infinity            infinity
     Parameter 67~IW(0.000,-10)            infinity            infinity            infinity
     Parameter 68~IW(0.000,-10)            infinity            infinity            infinity


TECHNICAL 8 OUTPUT


   TECHNICAL 8 OUTPUT FOR BAYES ESTIMATION

     CHAIN    BSEED
     1        0
     2        285380

                     POTENTIAL       PARAMETER WITH
     ITERATION    SCALE REDUCTION      HIGHEST PSR
     100              2.826               58
     200              4.409               59
     300              2.703               51
     400              2.526               48
     500              2.512               53
     600              2.676               53
     700              2.394               56
     800              1.984               59
     900              1.933               59
     1000             1.642               45
     1100             1.807               45
     1200             1.888               45
     1300             1.896               45
     1400             1.639               45
     1500             1.372               45
     1600             1.400               58
     1700             1.336               58
     1800             1.320               52
     1900             1.311               67
     2000             1.415               67
     2100             1.446               67
     2200             1.450               67
     2300             1.412               67
     2400             1.392               67
     2500             1.417               19
     2600             1.413               57
     2700             1.426               57
     2800             1.412               57
     2900             1.364               9
     3000             1.312               9
     3100             1.269               9
     3200             1.232               19
     3300             1.240               19
     3400             1.226               9
     3500             1.222               9
     3600             1.231               57
     3700             1.239               57
     3800             1.255               57
     3900             1.287               57
     4000             1.319               57
     4100             1.291               57
     4200             1.308               9
     4300             1.335               51
     4400             1.348               51
     4500             1.346               51
     4600             1.368               51
     4700             1.392               51
     4800             1.404               51
     4900             1.369               51
     5000             1.316               51
     5100             1.320               51
     5200             1.309               51
     5300             1.298               51
     5400             1.306               51
     5500             1.287               51
     5600             1.290               51
     5700             1.319               51
     5800             1.363               51
     5900             1.343               51
     6000             1.338               51
     6100             1.315               51
     6200             1.291               51
     6300             1.285               51
     6400             1.265               51
     6500             1.247               51
     6600             1.220               51
     6700             1.183               51
     6800             1.168               51
     6900             1.151               48
     7000             1.136               48
     7100             1.142               48
     7200             1.122               48
     7300             1.117               33
     7400             1.114               48
     7500             1.120               48
     7600             1.134               48
     7700             1.140               48
     7800             1.114               48
     7900             1.094               48
     8000             1.077               33
     8100             1.073               33
     8200             1.063               33
     8300             1.066               33
     8400             1.073               33
     8500             1.071               33
     8600             1.078               67
     8700             1.078               67
     8800             1.077               67
     8900             1.080               59
     9000             1.080               59
     9100             1.081               59
     9200             1.074               59
     9300             1.073               59
     9400             1.078               59
     9500             1.082               59
     9600             1.088               59
     9700             1.072               59
     9800             1.068               59
     9900             1.064               50
     10000            1.066               50


     Beginning Time:  14:05:05
        Ending Time:  14:20:38
       Elapsed Time:  00:15:33



MUTHEN & MUTHEN
3463 Stoner Ave.
Los Angeles, CA  90066

Tel: (310) 391-9971
Fax: (310) 391-8971
Web: www.StatModel.com
Support: Support@StatModel.com

Copyright (c) 1998-2020 Muthen & Muthen
