Mplus VERSION 8.5 (Mac)
MUTHEN & MUTHEN
03/18/2022   7:48 AM

INPUT INSTRUCTIONS

  TITLE: Analysis 5
  DATA: FILE = analysis4+5_S3.dat;
  VARIABLE:
  NAMES = ID AB angry worried happy sad WB stressed lonely
  FTF CMC mixed peers family weak_ties
  E A C N O gender ethnicity SES weekend;
  USEVARIABLES = stressed
  CMC mixed family weak_ties
  weekend A
  cxf cxw mxf mxw;
  CLUSTER = ID;
  WITHIN = CMC mixed family weak_ties weekend
  cxf cxw mxf mxw;
  BETWEEN = A;
  MISSING = .;
  DEFINE:
  CENTER CMC (GROUPMEAN);
  CENTER mixed (GROUPMEAN);
  CENTER family (GROUPMEAN);
  CENTER weak_ties (GROUPMEAN);
  cxf=CMC*family;
  cxw=CMC*weak_ties;
  mxf=mixed*family;
  mxw=mixed*weak_ties;
  CENTER A (GRANDMEAN);
  ANALYSIS: TYPE = TWOLEVEL RANDOM; ESTIMATOR = BAYES;
  BITERATIONS = (10000); PROCESSORS = 2;
  MODEL:
  %WITHIN%
  ! Stress is predicted by CMC, the slope is random
  S1 | stressed ON CMC;
  ! Stress is predicted by mixed episodes, the slope is random
  S2 | stressed ON mixed;
  ! Stress is predicted by family, the slope is random
  S3 | stressed ON family;
  ! Stress is predicted by weak ties, the slope is random
  S4 | stressed ON weak_ties;
  ! Stress is predicted by CMC*family, the slope is random
  S5 | stressed ON cxf;
  ! Stress is predicted by CMC*weak ties, the slope is random
  S6 | stressed ON cxw;
  ! Stress is predicted by mixed*family, the slope is random
  S7 | stressed ON mxf;
  ! Stress is predicted by mixed*weak ties, the slope is random
  S8 | stressed ON mxw;
  ! Control for weekend
  stressed ON weekend;
  %BETWEEN%
  ! Covariance between intercept and slopes
  stressed S1-S8 WITH stressed S1-S8;
  ! The intercept is predicted by agreeableness
  stressed ON A;
  ! The slopes are predicted by agreeableness
  S1-S8 ON A;
  OUTPUT: STDYX STDY TECH8;



*** WARNING in VARIABLE command
  Note that only the first 8 characters of variable names are used in the output.
  Shorten variable names to avoid any confusion.
*** WARNING
  One or more individual-level variables have no variation within a
  cluster for the following clusters.

     Variable   Cluster IDs with no within-cluster variation

      STRESSED    45 562 271 156 816 352 49 396 57 93 667 571 482 173 76 685 847 839 202 341 768
                  797 525 547 707 687 861 98
      WEEKEND     271 806 816 49 396 57 485 845 502 598 93 131 666 851 556 844 26 349 680 685
                  881 69 734 265 723 882
      CXF         45 562 4 271 298 156 806 816 790 352 376 396 57 29 485 845 545 502 598 93 11
                  666 369 5 851 58 482 61 700 173 844 378 82 76 778 280 413 473 856 119 178 203
                  820 629 533 701 53 105 214 21 663 846 185 770 683 555 804 509 630 887 290 126
                  69 766 135 650 55 269 39 67 488 722 723 199 610 322 336 80 182 183 420 609 333
                  564 339 230 883 547 237 321 752 753 865 678 751 721 717 669 252 831 834 19 236
                  253 707 381 94 486 672 25 246 372 171 351 758 81 344 323 426 295 233 815 110
                  179 699 278 531 671 90 554 495 517 647 235 31 223 792 793 524 168 146 282 41
                  291 259 854 261 382 430 635 490 3 391 653 54 631 745 117 400 823 830 632 267
                  808 37 439 691 582 257 367 143 218 570 248 399 114 128 142 643 375 640 561 355
                  853 324 657 782 521 840 603 103 627 283 313 443 674 186 711 40
      CXW         45 562 4 271 298 156 806 816 790 352 396 57 29 845 545 502 598 93 11 666 667
                  369 851 58 600 482 61 700 302 880 173 844 378 238 82 76 316 592 778 413 825
                  615 473 856 178 203 406 680 685 533 847 663 807 846 185 499 522 683 804 509
                  630 152 887 506 290 766 135 55 734 269 350 488 452 797 585 199 221 610 684 336
                  183 656 24 333 703 339 230 565 547 321 753 865 225 595 678 751 620 717 252 834
                  501 266 612 253 381 94 486 99 340 835 68 210 6 372 171 335 176 306 758 599 695
                  81 344 233 815 110 287 427 278 531 239 398 554 549 235 664 223 157 792 524 788
                  228 282 259 854 635 490 798 686 3 391 54 631 805 400 289 829 101 448 823 632
                  860 267 37 712 143 248 154 399 114 128 783 102 637 142 165 137 643 375 645 774
                  355 324 568 500 840 603 103 98 212 803 534 824 40
      MXF         45 562 4 271 298 156 806 816 790 352 376 49 396 57 29 485 303 845 545 502 598
                  93 131 11 666 667 369 459 22 571 532 636 5 851 106 58 600 556 482 61 700 302
                  880 405 363 173 844 634 26 378 170 238 349 82 76 316 592 280 413 813 825 162
                  615 473 856 118 119 178 203 164 406 796 578 222 820 685 629 533 847 701 234
                  480 881 888 53 105 20 214 21 663 9 431 839 846 247 185 728 189 202 770 195 268
                  390 683 555 804 509 358 152 887 59 95 122 573 506 310 126 69 618 341 552 750
                  766 135 650 814 55 543 269 505 39 602 508 768 611 510 67 488 452 797 705 722
                  723 199 229 642 525 408 605 221 610 322 692 38 80 182 183 536 420 74 609 97
                  772 333 784 882 564 624 339 83 572 230 659 209 177 587 589 249 293 254 594 883
                  258 469 36 821 606 547 440 237 263 321 566 346 781 373 752 753 865 180 14 428
                  733 463 262 441 751 760 721 771 717 343 669 862 252 304 872 18 831 834 163 19
                  92 584 612 236 253 707 716 381 94 486 451 340 651 68 337 366 672 25 246 744
                  372 715 332 351 507 132 133 65 810 758 158 371 599 243 668 869 270 50 429 193
                  548 81 344 421 323 426 559 295 233 153 815 110 720 124 148 850 179 699 47 531
                  671 90 111 726 682 419 713 445 120 491 554 535 495 517 385 147 647 837 658 235
                  31 223 12 793 204 401 168 28 434 146 123 282 41 232 601 780 291 854 261 382
                  759 866 430 635 795 490 3 563 391 653 54 631 447 275 687 745 117 677 622 614
                  43 417 400 289 449 823 407 830 632 808 37 439 557 362 691 884 582 384 220 623
                  257 367 357 143 360 648 218 245 208 570 248 128 836 637 142 454 165 794 643
                  375 640 561 355 853 324 657 782 521 840 603 151 627 283 313 443 674 186 801
                  764 711 40
      MXW         45 562 4 271 298 156 806 816 790 352 49 396 57 29 485 303 845 545 502 598 93
                  131 11 667 369 459 22 571 532 636 851 106 58 600 556 482 61 700 302 880 405
                  363 173 844 634 26 170 238 349 82 316 592 778 280 413 813 825 162 615 473 856
                  118 119 178 203 164 406 796 578 222 680 685 629 533 847 234 480 881 888 20 21
                  663 807 9 431 839 846 247 185 728 499 189 522 202 770 195 268 390 683 804 509
                  630 358 152 887 59 95 122 573 506 310 290 618 341 552 750 766 135 650 814 55
                  734 543 269 505 602 508 768 611 350 510 488 452 797 585 705 199 229 642 525
                  408 605 221 610 322 684 692 38 182 183 536 656 74 24 609 97 772 333 784 882
                  703 564 624 339 83 572 230 659 209 177 587 589 249 293 254 594 258 469 36 821
                  565 606 547 440 263 321 566 346 781 373 753 865 180 225 14 428 595 733 463 262
                  441 751 620 760 771 343 862 252 304 872 18 834 163 501 266 92 584 612 236 253
                  707 716 381 94 486 451 99 340 835 651 68 337 210 6 366 744 372 715 171 332 335
                  176 351 507 306 132 133 65 810 758 158 371 599 243 668 869 270 50 429 193 695
                  548 81 344 421 559 233 153 815 110 720 124 148 287 427 850 278 47 111 726 682
                  419 239 713 445 120 398 491 554 535 385 147 549 837 658 235 664 223 157 12 792
                  204 524 401 788 28 434 228 123 282 232 601 780 854 759 866 635 795 490 798 686
                  3 563 391 653 54 631 447 805 275 687 677 622 614 43 417 400 289 829 449 101
                  448 823 407 632 860 37 557 362 691 884 384 220 623 712 357 143 360 648 245 208
                  248 154 114 128 783 836 102 637 142 454 165 794 137 643 375 645 774 355 324
                  568 500 840 603 151 98 212 803 534 801 824 764 40

*** WARNING
  Data set contains cases with missing on x-variables.
  These cases were not included in the analysis.
  Number of cases with missing on x-variables:  2083
*** WARNING
  Data set contains cases with missing on all variables except
  x-variables.  These cases were not included in the analysis.
  Number of cases with missing on all variables except x-variables:  57
   4 WARNING(S) FOUND IN THE INPUT INSTRUCTIONS



Analysis 5

SUMMARY OF ANALYSIS

Number of groups                                                 1
Number of observations                                       19295

Number of dependent variables                                    1
Number of independent variables                                 10
Number of continuous latent variables                            8

Observed dependent variables

  Continuous
   STRESSED

Observed independent variables
   CMC         MIXED       FAMILY      WEAK_TIE    WEEKEND     A
   CXF         CXW         MXF         MXW

Continuous latent variables
   S1          S2          S3          S4          S5          S6
   S7          S8

Variables with special functions

  Cluster variable      ID

  Within variables
   CMC         MIXED       FAMILY      WEAK_TIE    WEEKEND     CXF
   CXW         MXF         MXW

  Between variables
   A

  Centering (GRANDMEAN)
   A

  Centering (GROUPMEAN)
   CMC         MIXED       FAMILY      WEAK_TIE


Estimator                                                    BAYES
Specifications for Bayesian Estimation
  Point estimate                                            MEDIAN
  Number of Markov chain Monte Carlo (MCMC) chains               2
  Random seed for the first chain                                0
  Starting value information                           UNPERTURBED
  Algorithm used for Markov chain Monte Carlo           GIBBS(PX1)
  Convergence criterion                                  0.500D-01
  Maximum number of iterations                               50000
  K-th iteration used for thinning                               1

Input data file(s)
  analysis4+5_S3.dat
Input data format  FREE


SUMMARY OF DATA

     Number of clusters                        751

       Size (s)    Cluster ID with Size s

          1        10 63 240 311 608 625 740 876
          2        45 562 4 271 298 156 806 816 790
          3        352 376 49 396 57 29 485 303 845 545 502
          4        598 93 131 11 666 667 369
          5        459 22 761 571 532 636 5 851 106 58 718
          6        600 52 556 482 61 700 302 880 405
          7        363 173 844 634 26 378 330 170 238 349
          8        82 76 316 592 778 280 413 813 825 162 615 473 856 118
                   119 178
          9        203 164 406 654 796 578 222 680 820 685 629 533 847
                   701 234 480 881 888 53
         10        105 20 214 21 663 807 9 424 431 839 846 247 185 728
                   499 189 522 202 770
         11        195 268 390 683 555 558 804 509 630 358 152 887 59 95
         12        122 573 506 310 290 126 69 481 618 732 619 341 552 418
                   750 494 766 498 135 650 569
         13        814 55 734 543 467 269 505 39 602 508 768 611 350 510
                   67 265 529 488 452
         14        797 697 277 585 704 705 588 722 723 199 229 826 642
                   141 525 408 605 221 610 322 684 769 472 130 692 336
                   423
         15        38 397 80 182 183 536 656 420 74 24 374 609 858 97 772
                   333 784 882 703 564 624 339
         16        83 572 230 706 659 209 177 587 589 249 293 254 594 883
                   749 258 469 36
         17        821 565 606 547 440 237 263 321 370 566 346 781
         18        373 752 753 708 865 450 180 13 225 14 416 428 595 317
                   755 678
         19        733 463 262 441 327 66 751 714 620 760 721 817 281 689
                   662 771 251
         20        621 379 717 343 273 669 862 252 304 872 292 738 18 377
                   831 834 163 19
         21        775 501 266 215 92 584 612 236 253 707 551 51 716 518
                   381 94 486 451 99 241 340 835
         22        88 651 68 411 337 210 515 6 366 672 25 246 744 372 715
                   171 332
         23        403 335 644 776 176 607 351 507 306 132 863 133 65 810
                   444 520 758 312 158 200 371 886 458 599 348
         24        33 243 668 633 869 474 270 138 50 483 274 429 193 695
                   548 437 81 194
         25        344 244 421 347 323 426 559 475 295 145 100 233 153
                   815 305 110 276 579 8 497 2 720 124 85
         26        148 287 427 743 850 179 328 216 699 368 278 46 838
         27        446 47 531 319 671 90 675 111 726 843 539 682 161 419
                   239 713 445
         28        325 120 307 398 864 491 779 665 554 604 873 356 535
                   495 73 517 385 64 591 681 147
         29        647 487 190 84 754 1 549 837 658 331 155 235 664 345
                   31 223 157 12 777 596
         30        286 871 792 793 204 192 524 676 255 401 42 528 461 841
                   788 168
         31        809 492 28 877 434 228 146 496 315 34 123 432 719 282
         32        762 767 542 140 660 41 232 87 394 601 780 855
         33        291 727 818 259 729 597 854 261 318 231 382 833 759
                   646 314 765 866 626 430 577 635
         34        795 490 217 798 686 3 563 391 580 653 54 471 631 77
                   849 586
         35        489 447 465 805 264 275 523 687 32 745 117 188 731
         36        513 560 470 677 115 622 219 694 250 785 296
         37        614 43 417 15 400 289 670 829 260 861 449 107
         38        16 101 448 256 823 89 191 407 830 632 709 353 172
         39        354 860 167 267 380 453 808 37 439 187
         40        557 747 127 739 462 414 388 285
         41        613 748 299 362 691 409 181 198 884 582 800 75 655 812
         42        848 425 384 220 791 511 698 623 257
         43        367 227 272 712 357 479 567 484
         44        143 360 648 412 72 218 245
         45        436 129 393 208 570 248
         46        154 399 114
         47        546 128 300 159 109 819 783 679 213 836 628 102
         48        338 757 637 142 415 454 763
         49        165 794 746 137 643 62 386
         50        375 645 774 640
         51        561 652 308 125 355 853
         52        324 827 657 301
         53        842 27
         54        782 568 71
         55        553 174 500 730 226 521
         56        840 603 519
         58        151 639 103 514 98
         59        212 803 402 627
         60        690 283 313
         61        364
         62        534 476
         64        443
         67        674
         68        186
         69        801
         73        824
         74        530
         75        764
         78        711
         80        40



COVARIANCE COVERAGE OF DATA

Minimum covariance coverage value   0.100

     Number of missing data patterns             1


     PROPORTION OF DATA PRESENT


           Covariance Coverage
              STRESSED      CMC           MIXED         FAMILY        WEAK_TIE
              ________      ________      ________      ________      ________
 STRESSED       1.000
 CMC            1.000         1.000
 MIXED          1.000         1.000         1.000
 FAMILY         1.000         1.000         1.000         1.000
 WEAK_TIE       1.000         1.000         1.000         1.000         1.000
 WEEKEND        1.000         1.000         1.000         1.000         1.000
 CXF            1.000         1.000         1.000         1.000         1.000
 CXW            1.000         1.000         1.000         1.000         1.000
 MXF            1.000         1.000         1.000         1.000         1.000
 MXW            1.000         1.000         1.000         1.000         1.000
 A              1.000         1.000         1.000         1.000         1.000


           Covariance Coverage
              WEEKEND       CXF           CXW           MXF           MXW
              ________      ________      ________      ________      ________
 WEEKEND        1.000
 CXF            1.000         1.000
 CXW            1.000         1.000         1.000
 MXF            1.000         1.000         1.000         1.000
 MXW            1.000         1.000         1.000         1.000         1.000
 A              1.000         1.000         1.000         1.000         1.000


           Covariance Coverage
              A
              ________
 A              1.000



UNIVARIATE SAMPLE STATISTICS


     UNIVARIATE HIGHER-ORDER MOMENT DESCRIPTIVE STATISTICS

         Variable/         Mean/     Skewness/   Minimum/ % with                Percentiles
        Sample Size      Variance    Kurtosis    Maximum  Min/Max      20%/60%    40%/80%    Median

     STRESSED              2.137       0.476       1.000   30.21%       1.000      2.000      2.000
           19295.000       0.957      -0.780       4.000   11.72%       2.000      3.000
     CMC                   0.000       0.679      -0.952    0.01%      -0.292     -0.143     -0.091
           19295.000       0.153      -0.295       0.982    0.01%      -0.038      0.409
     MIXED                 0.000       1.495      -0.891    0.03%      -0.151     -0.057     -0.034
           19295.000       0.086       2.738       0.983    0.01%       0.000      0.000
     FAMILY                0.000       0.725      -0.983    0.01%      -0.214     -0.053     -0.025
           19295.000       0.111       1.014       0.983    0.01%       0.000      0.162
     WEAK_TIES             0.000       1.615      -0.929    0.01%      -0.167     -0.077     -0.051
           19295.000       0.094       2.418       0.984    0.01%      -0.025      0.000
     WEEKEND               0.299       0.880       0.000   70.14%       0.000      0.000      0.000
           19295.000       0.209      -1.225       1.000   29.86%       0.000      1.000
     CXF                  -0.038      -0.468      -0.964    0.01%      -0.093     -0.003      0.000
           19295.000       0.024       7.354       0.937    0.01%       0.000      0.015
     CXW                   0.037       2.321      -0.804    0.02%      -0.004      0.000      0.004
           19295.000       0.025       8.979       0.964    0.01%       0.010      0.049
     MXF                  -0.004       0.903      -0.875    0.01%       0.000      0.000      0.000
           19295.000       0.005      42.874       0.958    0.01%       0.000      0.009
     MXW                  -0.005       0.266      -0.794    0.01%       0.000      0.000      0.000
           19295.000       0.004      42.397       0.824    0.01%       0.000      0.008
     A                     0.000      -0.389      -2.140    0.13%      -0.556     -0.140      0.027
             751.000       0.342      -0.144       1.277    0.27%       0.194      0.527


THE MODEL ESTIMATION TERMINATED NORMALLY

     USE THE FBITERATIONS OPTION TO INCREASE THE NUMBER OF ITERATIONS BY A FACTOR
     OF AT LEAST TWO TO CHECK CONVERGENCE AND THAT THE PSR VALUE DOES NOT INCREASE.



MODEL FIT INFORMATION

Number of Free Parameters                              65

Information Criteria

          Deviance (DIC)                        42788.984
          Estimated Number of Parameters (pD)    1405.352



MODEL RESULTS

                                Posterior  One-Tailed         95% C.I.
                    Estimate       S.D.      P-Value   Lower 2.5%  Upper 2.5%  Significance

Within Level

 STRESSED   ON
    WEEKEND           -0.233       0.012      0.000      -0.256      -0.209      *

 Residual Variances
    STRESSED           0.500       0.005      0.000       0.489       0.511      *

Between Level

 S1         ON
    A                 -0.031       0.035      0.185      -0.099       0.037

 S2         ON
    A                 -0.049       0.042      0.124      -0.129       0.034

 S3         ON
    A                 -0.052       0.039      0.096      -0.128       0.024

 S4         ON
    A                 -0.063       0.050      0.108      -0.160       0.036

 S5         ON
    A                 -0.036       0.087      0.338      -0.208       0.131

 S6         ON
    A                  0.085       0.094      0.189      -0.101       0.262

 S7         ON
    A                  0.066       0.182      0.357      -0.316       0.398

 S8         ON
    A                 -0.141       0.181      0.210      -0.504       0.222

 STRESSED   ON
    A                 -0.071       0.042      0.047      -0.154       0.013

 STRESSED WITH
    S1                 0.031       0.013      0.006       0.006       0.058      *
    S2                -0.009       0.016      0.279      -0.041       0.020
    S3                 0.020       0.016      0.108      -0.012       0.050
    S4                 0.001       0.020      0.473      -0.038       0.040
    S5                -0.053       0.033      0.052      -0.120       0.010
    S6                -0.014       0.036      0.352      -0.082       0.055
    S7                -0.048       0.066      0.247      -0.174       0.079
    S8                 0.040       0.074      0.287      -0.098       0.198

 S1       WITH
    S2                 0.025       0.011      0.013       0.003       0.048      *
    S3                 0.022       0.012      0.030      -0.001       0.046
    S4                -0.005       0.014      0.375      -0.030       0.023
    S5                -0.007       0.020      0.365      -0.046       0.031
    S6                -0.011       0.022      0.304      -0.056       0.032
    S7                 0.040       0.040      0.153      -0.032       0.123
    S8                 0.011       0.043      0.408      -0.074       0.094

 S2       WITH
    S3                 0.010       0.013      0.215      -0.016       0.037
    S4                 0.003       0.015      0.417      -0.025       0.032
    S5                 0.011       0.022      0.297      -0.035       0.057
    S6                -0.003       0.024      0.447      -0.051       0.047
    S7                 0.039       0.032      0.108      -0.026       0.101
    S8                -0.015       0.041      0.361      -0.090       0.068

 S3       WITH
    S4                 0.029       0.016      0.027       0.000       0.061
    S5                -0.053       0.023      0.007      -0.099      -0.009      *
    S6                -0.003       0.027      0.456      -0.058       0.045
    S7                 0.016       0.043      0.339      -0.071       0.104
    S8                 0.033       0.058      0.284      -0.080       0.142

 S4       WITH
    S5                -0.045       0.029      0.036      -0.108       0.003
    S6                -0.075       0.032      0.001      -0.146      -0.021      *
    S7                -0.010       0.053      0.423      -0.120       0.090
    S8                 0.032       0.052      0.270      -0.067       0.134

 S5       WITH
    S6                 0.052       0.052      0.151      -0.036       0.161
    S7                 0.039       0.062      0.233      -0.077       0.174
    S8                -0.036       0.081      0.331      -0.173       0.145

 S6       WITH
    S7                 0.024       0.072      0.347      -0.114       0.179
    S8                 0.013       0.082      0.427      -0.134       0.184

 S7       WITH
    S8                 0.095       0.132      0.233      -0.124       0.374

 Intercepts
    STRESSED           2.228       0.025      0.000       2.179       2.278      *
    S1                 0.165       0.020      0.000       0.127       0.204      *
    S2                 0.105       0.024      0.000       0.058       0.151      *
    S3                 0.094       0.023      0.000       0.050       0.140      *
    S4                 0.096       0.028      0.000       0.042       0.151      *
    S5                -0.104       0.056      0.040      -0.205       0.015
    S6                -0.058       0.052      0.136      -0.158       0.045
    S7                 0.095       0.097      0.165      -0.098       0.286
    S8                 0.270       0.115      0.003       0.079       0.530      *

 Residual Variances
    STRESSED           0.422       0.024      0.000       0.378       0.473      *
    S1                 0.063       0.013      0.000       0.039       0.090      *
    S2                 0.051       0.014      0.000       0.030       0.085      *
    S3                 0.068       0.015      0.000       0.043       0.102      *
    S4                 0.102       0.022      0.000       0.065       0.148      *
    S5                 0.152       0.054      0.000       0.072       0.281      *
    S6                 0.197       0.072      0.000       0.078       0.356      *
    S7                 0.363       0.148      0.000       0.165       0.749      *
    S8                 0.416       0.194      0.000       0.170       0.946      *


STANDARDIZED MODEL RESULTS


STDYX Standardization

                                Posterior  One-Tailed         95% C.I.
                    Estimate       S.D.      P-Value   Lower 2.5%  Upper 2.5%  Significance

Within-Level Standardized Estimates Averaged Over Clusters

 S1 | STRESSED ON
    CMC                0.080       0.008      0.000       0.064       0.095      *

 S2 | STRESSED ON
    MIXED              0.028       0.006      0.000       0.016       0.039      *

 S3 | STRESSED ON
    FAMILY             0.036       0.007      0.000       0.021       0.049      *

 S4 | STRESSED ON
    WEAK_TIES          0.035       0.008      0.000       0.018       0.051      *

 S5 | STRESSED ON
    CXF               -0.016       0.007      0.034      -0.028       0.001

 S6 | STRESSED ON
    CXW               -0.008       0.008      0.170      -0.023       0.009

 S7 | STRESSED ON
    MXF                0.004       0.004      0.140      -0.003       0.012

 S8 | STRESSED ON
    MXW                0.012       0.004      0.001       0.006       0.020      *

 STRESSED   ON
    WEEKEND           -0.133       0.007      0.000      -0.146      -0.120      *

 Residual Variances
    STRESSED           0.916       0.004      0.000       0.909       0.924      *

Between Level

 S1         ON
    A                 -0.051       0.057      0.185      -0.162       0.062

 S2         ON
    A                 -0.089       0.076      0.124      -0.236       0.060

 S3         ON
    A                 -0.080       0.061      0.096      -0.201       0.039

 S4         ON
    A                 -0.080       0.065      0.108      -0.209       0.045

 S5         ON
    A                 -0.038       0.092      0.338      -0.225       0.135

 S6         ON
    A                  0.076       0.092      0.189      -0.095       0.264

 S7         ON
    A                  0.043       0.125      0.357      -0.244       0.268

 S8         ON
    A                 -0.089       0.113      0.210      -0.319       0.132

 STRESSED   ON
    A                 -0.044       0.026      0.047      -0.096       0.008

 STRESSED WITH
    S1                 0.195       0.080      0.006       0.040       0.348      *
    S2                -0.063       0.108      0.279      -0.278       0.140
    S3                 0.116       0.094      0.108      -0.070       0.298
    S4                 0.007       0.095      0.473      -0.186       0.190
    S5                -0.208       0.131      0.052      -0.469       0.040
    S6                -0.050       0.124      0.352      -0.277       0.201
    S7                -0.121       0.168      0.247      -0.444       0.204
    S8                 0.100       0.170      0.287      -0.229       0.433

 S1       WITH
    S2                 0.455       0.168      0.013       0.072       0.725      *
    S3                 0.346       0.160      0.030      -0.016       0.623
    S4                -0.061       0.172      0.375      -0.366       0.291
    S5                -0.075       0.199      0.365      -0.442       0.316
    S6                -0.099       0.206      0.304      -0.548       0.304
    S7                 0.277       0.257      0.153      -0.204       0.766
    S8                 0.067       0.262      0.408      -0.433       0.577

 S2       WITH
    S3                 0.163       0.212      0.215      -0.292       0.560
    S4                 0.042       0.206      0.417      -0.362       0.433
    S5                 0.133       0.243      0.297      -0.356       0.586
    S6                -0.032       0.241      0.447      -0.537       0.451
    S7                 0.293       0.216      0.108      -0.187       0.661
    S8                -0.106       0.273      0.361      -0.588       0.455

 S3       WITH
    S4                 0.355       0.166      0.027      -0.006       0.643
    S5                -0.550       0.209      0.007      -0.867      -0.085      *
    S6                -0.026       0.226      0.456      -0.480       0.382
    S7                 0.104       0.256      0.339      -0.453       0.537
    S8                 0.204       0.324      0.284      -0.438       0.777

 S4       WITH
    S5                -0.371       0.200      0.036      -0.751       0.029
    S6                -0.547       0.158      0.001      -0.799      -0.198      *
    S7                -0.055       0.269      0.423      -0.619       0.439
    S8                 0.165       0.238      0.270      -0.313       0.588

 S5       WITH
    S6                 0.309       0.262      0.151      -0.264       0.737
    S7                 0.176       0.244      0.233      -0.327       0.650
    S8                -0.153       0.309      0.331      -0.640       0.532

 S6       WITH
    S7                 0.095       0.249      0.347      -0.407       0.585
    S8                 0.050       0.268      0.427      -0.449       0.550

 S7       WITH
    S8                 0.259       0.307      0.233      -0.362       0.751

 Intercepts
    STRESSED           3.425       0.105      0.000       3.220       3.632      *
    S1                 0.661       0.108      0.000       0.469       0.899      *
    S2                 0.465       0.120      0.000       0.243       0.716      *
    S3                 0.360       0.093      0.000       0.185       0.553      *
    S4                 0.301       0.094      0.000       0.125       0.493      *
    S5                -0.263       0.153      0.040      -0.575       0.035
    S6                -0.130       0.125      0.136      -0.387       0.099
    S7                 0.154       0.172      0.165      -0.161       0.532
    S8                 0.427       0.179      0.003       0.116       0.797      *

 Residual Variances
    STRESSED           0.998       0.003      0.000       0.991       1.000      *
    S1                 0.997       0.007      0.000       0.974       1.000      *
    S2                 0.992       0.016      0.000       0.944       1.000      *
    S3                 0.993       0.011      0.000       0.959       1.000      *
    S4                 0.993       0.012      0.000       0.956       1.000      *
    S5                 0.996       0.015      0.000       0.949       1.000      *
    S6                 0.993       0.021      0.000       0.930       1.000      *
    S7                 0.992       0.023      0.000       0.914       1.000      *
    S8                 0.990       0.028      0.000       0.898       1.000      *


STDY Standardization

                                Posterior  One-Tailed         95% C.I.
                    Estimate       S.D.      P-Value   Lower 2.5%  Upper 2.5%  Significance

Within-Level Standardized Estimates Averaged Over Clusters

 S1 | STRESSED ON
    CMC                0.220       0.023      0.000       0.175       0.264      *

 S2 | STRESSED ON
    MIXED              0.141       0.030      0.000       0.079       0.199      *

 S3 | STRESSED ON
    FAMILY             0.123       0.027      0.000       0.070       0.172      *

 S4 | STRESSED ON
    WEAK_TIES          0.124       0.034      0.000       0.057       0.188      *

 S5 | STRESSED ON
    CXF               -0.150       0.070      0.036      -0.267       0.013

 S6 | STRESSED ON
    CXW               -0.071       0.070      0.172      -0.198       0.072

 S7 | STRESSED ON
    MXF                0.098       0.106      0.136      -0.089       0.340

 S8 | STRESSED ON
    MXW                0.356       0.116      0.002       0.152       0.600      *

 STRESSED   ON
    WEEKEND           -0.314       0.016      0.000      -0.345      -0.283      *

 Residual Variances
    STRESSED           0.916       0.004      0.000       0.909       0.924      *

Between Level

 S1         ON
    A                 -0.127       0.140      0.185      -0.400       0.152

 S2         ON
    A                 -0.219       0.188      0.124      -0.583       0.148

 S3         ON
    A                 -0.198       0.151      0.096      -0.497       0.095

 S4         ON
    A                 -0.197       0.160      0.108      -0.516       0.111

 S5         ON
    A                 -0.093       0.228      0.338      -0.555       0.333

 S6         ON
    A                  0.188       0.226      0.189      -0.236       0.652

 S7         ON
    A                  0.106       0.309      0.357      -0.603       0.662

 S8         ON
    A                 -0.219       0.279      0.210      -0.788       0.326

 STRESSED   ON
    A                 -0.109       0.065      0.047      -0.237       0.020

 STRESSED WITH
    S1                 0.195       0.080      0.006       0.040       0.348      *
    S2                -0.063       0.108      0.279      -0.278       0.140
    S3                 0.116       0.094      0.108      -0.070       0.298
    S4                 0.007       0.095      0.473      -0.186       0.190
    S5                -0.208       0.131      0.052      -0.469       0.040
    S6                -0.050       0.124      0.352      -0.277       0.201
    S7                -0.121       0.168      0.247      -0.444       0.204
    S8                 0.100       0.170      0.287      -0.229       0.433

 S1       WITH
    S2                 0.455       0.168      0.013       0.072       0.725      *
    S3                 0.346       0.160      0.030      -0.016       0.623
    S4                -0.061       0.172      0.375      -0.366       0.291
    S5                -0.075       0.199      0.365      -0.442       0.316
    S6                -0.099       0.206      0.304      -0.548       0.304
    S7                 0.277       0.257      0.153      -0.204       0.766
    S8                 0.067       0.262      0.408      -0.433       0.577

 S2       WITH
    S3                 0.163       0.212      0.215      -0.292       0.560
    S4                 0.042       0.206      0.417      -0.362       0.433
    S5                 0.133       0.243      0.297      -0.356       0.586
    S6                -0.032       0.241      0.447      -0.537       0.451
    S7                 0.293       0.216      0.108      -0.187       0.661
    S8                -0.106       0.273      0.361      -0.588       0.455

 S3       WITH
    S4                 0.355       0.166      0.027      -0.006       0.643
    S5                -0.550       0.209      0.007      -0.867      -0.085      *
    S6                -0.026       0.226      0.456      -0.480       0.382
    S7                 0.104       0.256      0.339      -0.453       0.537
    S8                 0.204       0.324      0.284      -0.438       0.777

 S4       WITH
    S5                -0.371       0.200      0.036      -0.751       0.029
    S6                -0.547       0.158      0.001      -0.799      -0.198      *
    S7                -0.055       0.269      0.423      -0.619       0.439
    S8                 0.165       0.238      0.270      -0.313       0.588

 S5       WITH
    S6                 0.309       0.262      0.151      -0.264       0.737
    S7                 0.176       0.244      0.233      -0.327       0.650
    S8                -0.153       0.309      0.331      -0.640       0.532

 S6       WITH
    S7                 0.095       0.249      0.347      -0.407       0.585
    S8                 0.050       0.268      0.427      -0.449       0.550

 S7       WITH
    S8                 0.259       0.307      0.233      -0.362       0.751

 Intercepts
    STRESSED           3.425       0.105      0.000       3.220       3.632      *
    S1                 0.661       0.108      0.000       0.469       0.899      *
    S2                 0.465       0.120      0.000       0.243       0.716      *
    S3                 0.360       0.093      0.000       0.185       0.553      *
    S4                 0.301       0.094      0.000       0.125       0.493      *
    S5                -0.263       0.153      0.040      -0.575       0.035
    S6                -0.130       0.125      0.136      -0.387       0.099
    S7                 0.154       0.172      0.165      -0.161       0.532
    S8                 0.427       0.179      0.003       0.116       0.797      *

 Residual Variances
    STRESSED           0.998       0.003      0.000       0.991       1.000      *
    S1                 0.997       0.007      0.000       0.974       1.000      *
    S2                 0.992       0.016      0.000       0.944       1.000      *
    S3                 0.993       0.011      0.000       0.959       1.000      *
    S4                 0.993       0.012      0.000       0.956       1.000      *
    S5                 0.996       0.015      0.000       0.949       1.000      *
    S6                 0.993       0.021      0.000       0.930       1.000      *
    S7                 0.992       0.023      0.000       0.914       1.000      *
    S8                 0.990       0.028      0.000       0.898       1.000      *


R-SQUARE

Within-Level R-Square Averaged Across Clusters

                                Posterior  One-Tailed         95% C.I.
    Variable        Estimate       S.D.      P-Value   Lower 2.5%  Upper 2.5%

    STRESSED           0.084       0.004      0.000       0.076       0.091

Between Level

                                Posterior  One-Tailed         95% C.I.
    Variable        Estimate       S.D.      P-Value   Lower 2.5%  Upper 2.5%

    STRESSED           0.002       0.003      0.000       0.000       0.009

                                Posterior  One-Tailed         95% C.I.
    Variable        Estimate       S.D.      P-Value   Lower 2.5%  Upper 2.5%

    S1                 0.003       0.007      0.000       0.000       0.026
    S2                 0.008       0.016      0.000       0.000       0.056
    S3                 0.007       0.011      0.000       0.000       0.041
    S4                 0.007       0.012      0.000       0.000       0.044
    S5                 0.004       0.015      0.000       0.000       0.051
    S6                 0.007       0.021      0.000       0.000       0.070
    S7                 0.008       0.023      0.000       0.000       0.086
    S8                 0.010       0.028      0.000       0.000       0.102


TECHNICAL 1 OUTPUT


     PARAMETER SPECIFICATION FOR WITHIN


           NU
              STRESSED      CMC           MIXED         FAMILY        WEAK_TIE
              ________      ________      ________      ________      ________
                    0             0             0             0             0


           NU
              WEEKEND       CXF           CXW           MXF           MXW
              ________      ________      ________      ________      ________
                    0             0             0             0             0


           LAMBDA
              STRESSED      CMC           MIXED         FAMILY        WEAK_TIE
              ________      ________      ________      ________      ________
 STRESSED           0             0             0             0             0
 CMC                0             0             0             0             0
 MIXED              0             0             0             0             0
 FAMILY             0             0             0             0             0
 WEAK_TIE           0             0             0             0             0
 WEEKEND            0             0             0             0             0
 CXF                0             0             0             0             0
 CXW                0             0             0             0             0
 MXF                0             0             0             0             0
 MXW                0             0             0             0             0


           LAMBDA
              WEEKEND       CXF           CXW           MXF           MXW
              ________      ________      ________      ________      ________
 STRESSED           0             0             0             0             0
 CMC                0             0             0             0             0
 MIXED              0             0             0             0             0
 FAMILY             0             0             0             0             0
 WEAK_TIE           0             0             0             0             0
 WEEKEND            0             0             0             0             0
 CXF                0             0             0             0             0
 CXW                0             0             0             0             0
 MXF                0             0             0             0             0
 MXW                0             0             0             0             0


           THETA
              STRESSED      CMC           MIXED         FAMILY        WEAK_TIE
              ________      ________      ________      ________      ________
 STRESSED           0
 CMC                0             0
 MIXED              0             0             0
 FAMILY             0             0             0             0
 WEAK_TIE           0             0             0             0             0
 WEEKEND            0             0             0             0             0
 CXF                0             0             0             0             0
 CXW                0             0             0             0             0
 MXF                0             0             0             0             0
 MXW                0             0             0             0             0


           THETA
              WEEKEND       CXF           CXW           MXF           MXW
              ________      ________      ________      ________      ________
 WEEKEND            0
 CXF                0             0
 CXW                0             0             0
 MXF                0             0             0             0
 MXW                0             0             0             0             0


           ALPHA
              STRESSED      CMC           MIXED         FAMILY        WEAK_TIE
              ________      ________      ________      ________      ________
                    0             0             0             0             0


           ALPHA
              WEEKEND       CXF           CXW           MXF           MXW
              ________      ________      ________      ________      ________
                    0             0             0             0             0


           BETA
              STRESSED      CMC           MIXED         FAMILY        WEAK_TIE
              ________      ________      ________      ________      ________
 STRESSED           0             0             0             0             0
 CMC                0             0             0             0             0
 MIXED              0             0             0             0             0
 FAMILY             0             0             0             0             0
 WEAK_TIE           0             0             0             0             0
 WEEKEND            0             0             0             0             0
 CXF                0             0             0             0             0
 CXW                0             0             0             0             0
 MXF                0             0             0             0             0
 MXW                0             0             0             0             0


           BETA
              WEEKEND       CXF           CXW           MXF           MXW
              ________      ________      ________      ________      ________
 STRESSED           1             0             0             0             0
 CMC                0             0             0             0             0
 MIXED              0             0             0             0             0
 FAMILY             0             0             0             0             0
 WEAK_TIE           0             0             0             0             0
 WEEKEND            0             0             0             0             0
 CXF                0             0             0             0             0
 CXW                0             0             0             0             0
 MXF                0             0             0             0             0
 MXW                0             0             0             0             0


           PSI
              STRESSED      CMC           MIXED         FAMILY        WEAK_TIE
              ________      ________      ________      ________      ________
 STRESSED           2
 CMC                0             0
 MIXED              0             0             0
 FAMILY             0             0             0             0
 WEAK_TIE           0             0             0             0             0
 WEEKEND            0             0             0             0             0
 CXF                0             0             0             0             0
 CXW                0             0             0             0             0
 MXF                0             0             0             0             0
 MXW                0             0             0             0             0


           PSI
              WEEKEND       CXF           CXW           MXF           MXW
              ________      ________      ________      ________      ________
 WEEKEND            0
 CXF                0             0
 CXW                0             0             0
 MXF                0             0             0             0
 MXW                0             0             0             0             0


     PARAMETER SPECIFICATION FOR BETWEEN


           NU
              STRESSED      A
              ________      ________
                    0             0


           LAMBDA
              S1            S2            S3            S4            S5
              ________      ________      ________      ________      ________
 STRESSED           0             0             0             0             0
 A                  0             0             0             0             0


           LAMBDA
              S6            S7            S8            STRESSED      A
              ________      ________      ________      ________      ________
 STRESSED           0             0             0             0             0
 A                  0             0             0             0             0


           THETA
              STRESSED      A
              ________      ________
 STRESSED           0
 A                  0             0


           ALPHA
              S1            S2            S3            S4            S5
              ________      ________      ________      ________      ________
                    3             4             5             6             7


           ALPHA
              S6            S7            S8            STRESSED      A
              ________      ________      ________      ________      ________
                    8             9            10            11             0


           BETA
              S1            S2            S3            S4            S5
              ________      ________      ________      ________      ________
 S1                 0             0             0             0             0
 S2                 0             0             0             0             0
 S3                 0             0             0             0             0
 S4                 0             0             0             0             0
 S5                 0             0             0             0             0
 S6                 0             0             0             0             0
 S7                 0             0             0             0             0
 S8                 0             0             0             0             0
 STRESSED           0             0             0             0             0
 A                  0             0             0             0             0


           BETA
              S6            S7            S8            STRESSED      A
              ________      ________      ________      ________      ________
 S1                 0             0             0             0            12
 S2                 0             0             0             0            13
 S3                 0             0             0             0            14
 S4                 0             0             0             0            15
 S5                 0             0             0             0            16
 S6                 0             0             0             0            17
 S7                 0             0             0             0            18
 S8                 0             0             0             0            19
 STRESSED           0             0             0             0            20
 A                  0             0             0             0             0


           PSI
              S1            S2            S3            S4            S5
              ________      ________      ________      ________      ________
 S1                21
 S2                22            23
 S3                24            25            26
 S4                27            28            29            30
 S5                31            32            33            34            35
 S6                36            37            38            39            40
 S7                42            43            44            45            46
 S8                49            50            51            52            53
 STRESSED          57            58            59            60            61
 A                  0             0             0             0             0


           PSI
              S6            S7            S8            STRESSED      A
              ________      ________      ________      ________      ________
 S6                41
 S7                47            48
 S8                54            55            56
 STRESSED          62            63            64            65
 A                  0             0             0             0             0


     STARTING VALUES FOR WITHIN


           NU
              STRESSED      CMC           MIXED         FAMILY        WEAK_TIE
              ________      ________      ________      ________      ________
                0.000         0.000         0.000         0.000         0.000


           NU
              WEEKEND       CXF           CXW           MXF           MXW
              ________      ________      ________      ________      ________
                0.000         0.000         0.000         0.000         0.000


           LAMBDA
              STRESSED      CMC           MIXED         FAMILY        WEAK_TIE
              ________      ________      ________      ________      ________
 STRESSED       1.000         0.000         0.000         0.000         0.000
 CMC            0.000         1.000         0.000         0.000         0.000
 MIXED          0.000         0.000         1.000         0.000         0.000
 FAMILY         0.000         0.000         0.000         1.000         0.000
 WEAK_TIE       0.000         0.000         0.000         0.000         1.000
 WEEKEND        0.000         0.000         0.000         0.000         0.000
 CXF            0.000         0.000         0.000         0.000         0.000
 CXW            0.000         0.000         0.000         0.000         0.000
 MXF            0.000         0.000         0.000         0.000         0.000
 MXW            0.000         0.000         0.000         0.000         0.000


           LAMBDA
              WEEKEND       CXF           CXW           MXF           MXW
              ________      ________      ________      ________      ________
 STRESSED       0.000         0.000         0.000         0.000         0.000
 CMC            0.000         0.000         0.000         0.000         0.000
 MIXED          0.000         0.000         0.000         0.000         0.000
 FAMILY         0.000         0.000         0.000         0.000         0.000
 WEAK_TIE       0.000         0.000         0.000         0.000         0.000
 WEEKEND        1.000         0.000         0.000         0.000         0.000
 CXF            0.000         1.000         0.000         0.000         0.000
 CXW            0.000         0.000         1.000         0.000         0.000
 MXF            0.000         0.000         0.000         1.000         0.000
 MXW            0.000         0.000         0.000         0.000         1.000


           THETA
              STRESSED      CMC           MIXED         FAMILY        WEAK_TIE
              ________      ________      ________      ________      ________
 STRESSED       0.000
 CMC            0.000         0.000
 MIXED          0.000         0.000         0.000
 FAMILY         0.000         0.000         0.000         0.000
 WEAK_TIE       0.000         0.000         0.000         0.000         0.000
 WEEKEND        0.000         0.000         0.000         0.000         0.000
 CXF            0.000         0.000         0.000         0.000         0.000
 CXW            0.000         0.000         0.000         0.000         0.000
 MXF            0.000         0.000         0.000         0.000         0.000
 MXW            0.000         0.000         0.000         0.000         0.000


           THETA
              WEEKEND       CXF           CXW           MXF           MXW
              ________      ________      ________      ________      ________
 WEEKEND        0.000
 CXF            0.000         0.000
 CXW            0.000         0.000         0.000
 MXF            0.000         0.000         0.000         0.000
 MXW            0.000         0.000         0.000         0.000         0.000


           ALPHA
              STRESSED      CMC           MIXED         FAMILY        WEAK_TIE
              ________      ________      ________      ________      ________
                0.000         0.000         0.000         0.000         0.000


           ALPHA
              WEEKEND       CXF           CXW           MXF           MXW
              ________      ________      ________      ________      ________
                0.000         0.000         0.000         0.000         0.000


           BETA
              STRESSED      CMC           MIXED         FAMILY        WEAK_TIE
              ________      ________      ________      ________      ________
 STRESSED       0.000         0.000         0.000         0.000         0.000
 CMC            0.000         0.000         0.000         0.000         0.000
 MIXED          0.000         0.000         0.000         0.000         0.000
 FAMILY         0.000         0.000         0.000         0.000         0.000
 WEAK_TIE       0.000         0.000         0.000         0.000         0.000
 WEEKEND        0.000         0.000         0.000         0.000         0.000
 CXF            0.000         0.000         0.000         0.000         0.000
 CXW            0.000         0.000         0.000         0.000         0.000
 MXF            0.000         0.000         0.000         0.000         0.000
 MXW            0.000         0.000         0.000         0.000         0.000


           BETA
              WEEKEND       CXF           CXW           MXF           MXW
              ________      ________      ________      ________      ________
 STRESSED       0.000         0.000         0.000         0.000         0.000
 CMC            0.000         0.000         0.000         0.000         0.000
 MIXED          0.000         0.000         0.000         0.000         0.000
 FAMILY         0.000         0.000         0.000         0.000         0.000
 WEAK_TIE       0.000         0.000         0.000         0.000         0.000
 WEEKEND        0.000         0.000         0.000         0.000         0.000
 CXF            0.000         0.000         0.000         0.000         0.000
 CXW            0.000         0.000         0.000         0.000         0.000
 MXF            0.000         0.000         0.000         0.000         0.000
 MXW            0.000         0.000         0.000         0.000         0.000


           PSI
              STRESSED      CMC           MIXED         FAMILY        WEAK_TIE
              ________      ________      ________      ________      ________
 STRESSED       0.478
 CMC            0.000         0.077
 MIXED          0.000         0.000         0.043
 FAMILY         0.000         0.000         0.000         0.055
 WEAK_TIE       0.000         0.000         0.000         0.000         0.047
 WEEKEND        0.000         0.000         0.000         0.000         0.000
 CXF            0.000         0.000         0.000         0.000         0.000
 CXW            0.000         0.000         0.000         0.000         0.000
 MXF            0.000         0.000         0.000         0.000         0.000
 MXW            0.000         0.000         0.000         0.000         0.000


           PSI
              WEEKEND       CXF           CXW           MXF           MXW
              ________      ________      ________      ________      ________
 WEEKEND        0.105
 CXF            0.000         0.012
 CXW            0.000         0.000         0.013
 MXF            0.000         0.000         0.000         0.003
 MXW            0.000         0.000         0.000         0.000         0.002


     STARTING VALUES FOR BETWEEN


           NU
              STRESSED      A
              ________      ________
                0.000         0.000


           LAMBDA
              S1            S2            S3            S4            S5
              ________      ________      ________      ________      ________
 STRESSED       0.000         0.000         0.000         0.000         0.000
 A              0.000         0.000         0.000         0.000         0.000


           LAMBDA
              S6            S7            S8            STRESSED      A
              ________      ________      ________      ________      ________
 STRESSED       0.000         0.000         0.000         1.000         0.000
 A              0.000         0.000         0.000         0.000         1.000


           THETA
              STRESSED      A
              ________      ________
 STRESSED       0.000
 A              0.000         0.000


           ALPHA
              S1            S2            S3            S4            S5
              ________      ________      ________      ________      ________
                0.000         0.000         0.000         0.000         0.000


           ALPHA
              S6            S7            S8            STRESSED      A
              ________      ________      ________      ________      ________
                0.000         0.000         0.000         2.137         0.000


           BETA
              S1            S2            S3            S4            S5
              ________      ________      ________      ________      ________
 S1             0.000         0.000         0.000         0.000         0.000
 S2             0.000         0.000         0.000         0.000         0.000
 S3             0.000         0.000         0.000         0.000         0.000
 S4             0.000         0.000         0.000         0.000         0.000
 S5             0.000         0.000         0.000         0.000         0.000
 S6             0.000         0.000         0.000         0.000         0.000
 S7             0.000         0.000         0.000         0.000         0.000
 S8             0.000         0.000         0.000         0.000         0.000
 STRESSED       0.000         0.000         0.000         0.000         0.000
 A              0.000         0.000         0.000         0.000         0.000


           BETA
              S6            S7            S8            STRESSED      A
              ________      ________      ________      ________      ________
 S1             0.000         0.000         0.000         0.000         0.000
 S2             0.000         0.000         0.000         0.000         0.000
 S3             0.000         0.000         0.000         0.000         0.000
 S4             0.000         0.000         0.000         0.000         0.000
 S5             0.000         0.000         0.000         0.000         0.000
 S6             0.000         0.000         0.000         0.000         0.000
 S7             0.000         0.000         0.000         0.000         0.000
 S8             0.000         0.000         0.000         0.000         0.000
 STRESSED       0.000         0.000         0.000         0.000         0.000
 A              0.000         0.000         0.000         0.000         0.000


           PSI
              S1            S2            S3            S4            S5
              ________      ________      ________      ________      ________
 S1             1.000
 S2             0.000         1.000
 S3             0.000         0.000         1.000
 S4             0.000         0.000         0.000         1.000
 S5             0.000         0.000         0.000         0.000         1.000
 S6             0.000         0.000         0.000         0.000         0.000
 S7             0.000         0.000         0.000         0.000         0.000
 S8             0.000         0.000         0.000         0.000         0.000
 STRESSED       0.000         0.000         0.000         0.000         0.000
 A              0.000         0.000         0.000         0.000         0.000


           PSI
              S6            S7            S8            STRESSED      A
              ________      ________      ________      ________      ________
 S6             1.000
 S7             0.000         1.000
 S8             0.000         0.000         1.000
 STRESSED       0.000         0.000         0.000         0.478
 A              0.000         0.000         0.000         0.000         0.164



     PRIORS FOR ALL PARAMETERS            PRIOR MEAN      PRIOR VARIANCE     PRIOR STD. DEV.

     Parameter 1~N(0.000,infinity)           0.0000            infinity            infinity
     Parameter 2~IG(-1.000,0.000)          infinity            infinity            infinity
     Parameter 3~N(0.000,infinity)           0.0000            infinity            infinity
     Parameter 4~N(0.000,infinity)           0.0000            infinity            infinity
     Parameter 5~N(0.000,infinity)           0.0000            infinity            infinity
     Parameter 6~N(0.000,infinity)           0.0000            infinity            infinity
     Parameter 7~N(0.000,infinity)           0.0000            infinity            infinity
     Parameter 8~N(0.000,infinity)           0.0000            infinity            infinity
     Parameter 9~N(0.000,infinity)           0.0000            infinity            infinity
     Parameter 10~N(0.000,infinity)          0.0000            infinity            infinity
     Parameter 11~N(0.000,infinity)          0.0000            infinity            infinity
     Parameter 12~N(0.000,infinity)          0.0000            infinity            infinity
     Parameter 13~N(0.000,infinity)          0.0000            infinity            infinity
     Parameter 14~N(0.000,infinity)          0.0000            infinity            infinity
     Parameter 15~N(0.000,infinity)          0.0000            infinity            infinity
     Parameter 16~N(0.000,infinity)          0.0000            infinity            infinity
     Parameter 17~N(0.000,infinity)          0.0000            infinity            infinity
     Parameter 18~N(0.000,infinity)          0.0000            infinity            infinity
     Parameter 19~N(0.000,infinity)          0.0000            infinity            infinity
     Parameter 20~N(0.000,infinity)          0.0000            infinity            infinity
     Parameter 21~IW(0.000,-10)            infinity            infinity            infinity
     Parameter 22~IW(0.000,-10)            infinity            infinity            infinity
     Parameter 23~IW(0.000,-10)            infinity            infinity            infinity
     Parameter 24~IW(0.000,-10)            infinity            infinity            infinity
     Parameter 25~IW(0.000,-10)            infinity            infinity            infinity
     Parameter 26~IW(0.000,-10)            infinity            infinity            infinity
     Parameter 27~IW(0.000,-10)            infinity            infinity            infinity
     Parameter 28~IW(0.000,-10)            infinity            infinity            infinity
     Parameter 29~IW(0.000,-10)            infinity            infinity            infinity
     Parameter 30~IW(0.000,-10)            infinity            infinity            infinity
     Parameter 31~IW(0.000,-10)            infinity            infinity            infinity
     Parameter 32~IW(0.000,-10)            infinity            infinity            infinity
     Parameter 33~IW(0.000,-10)            infinity            infinity            infinity
     Parameter 34~IW(0.000,-10)            infinity            infinity            infinity
     Parameter 35~IW(0.000,-10)            infinity            infinity            infinity
     Parameter 36~IW(0.000,-10)            infinity            infinity            infinity
     Parameter 37~IW(0.000,-10)            infinity            infinity            infinity
     Parameter 38~IW(0.000,-10)            infinity            infinity            infinity
     Parameter 39~IW(0.000,-10)            infinity            infinity            infinity
     Parameter 40~IW(0.000,-10)            infinity            infinity            infinity
     Parameter 41~IW(0.000,-10)            infinity            infinity            infinity
     Parameter 42~IW(0.000,-10)            infinity            infinity            infinity
     Parameter 43~IW(0.000,-10)            infinity            infinity            infinity
     Parameter 44~IW(0.000,-10)            infinity            infinity            infinity
     Parameter 45~IW(0.000,-10)            infinity            infinity            infinity
     Parameter 46~IW(0.000,-10)            infinity            infinity            infinity
     Parameter 47~IW(0.000,-10)            infinity            infinity            infinity
     Parameter 48~IW(0.000,-10)            infinity            infinity            infinity
     Parameter 49~IW(0.000,-10)            infinity            infinity            infinity
     Parameter 50~IW(0.000,-10)            infinity            infinity            infinity
     Parameter 51~IW(0.000,-10)            infinity            infinity            infinity
     Parameter 52~IW(0.000,-10)            infinity            infinity            infinity
     Parameter 53~IW(0.000,-10)            infinity            infinity            infinity
     Parameter 54~IW(0.000,-10)            infinity            infinity            infinity
     Parameter 55~IW(0.000,-10)            infinity            infinity            infinity
     Parameter 56~IW(0.000,-10)            infinity            infinity            infinity
     Parameter 57~IW(0.000,-10)            infinity            infinity            infinity
     Parameter 58~IW(0.000,-10)            infinity            infinity            infinity
     Parameter 59~IW(0.000,-10)            infinity            infinity            infinity
     Parameter 60~IW(0.000,-10)            infinity            infinity            infinity
     Parameter 61~IW(0.000,-10)            infinity            infinity            infinity
     Parameter 62~IW(0.000,-10)            infinity            infinity            infinity
     Parameter 63~IW(0.000,-10)            infinity            infinity            infinity
     Parameter 64~IW(0.000,-10)            infinity            infinity            infinity
     Parameter 65~IW(0.000,-10)            infinity            infinity            infinity


TECHNICAL 8 OUTPUT


   TECHNICAL 8 OUTPUT FOR BAYES ESTIMATION

     CHAIN    BSEED
     1        0
     2        285380

                     POTENTIAL       PARAMETER WITH
     ITERATION    SCALE REDUCTION      HIGHEST PSR
     100              2.705               38
     200              1.938               64
     300              2.033               34
     400              2.190               47
     500              2.744               47
     600              2.859               47
     700              2.650               44
     800              2.405               56
     900              2.480               53
     1000             2.418               53
     1100             2.164               53
     1200             1.913               63
     1300             1.819               63
     1400             1.695               63
     1500             1.433               63
     1600             1.477               40
     1700             1.466               34
     1800             1.574               40
     1900             1.722               40
     2000             1.894               40
     2100             1.993               40
     2200             1.812               40
     2300             1.802               46
     2400             1.896               46
     2500             1.976               46
     2600             1.882               46
     2700             1.796               46
     2800             1.728               46
     2900             1.709               46
     3000             1.667               46
     3100             1.615               46
     3200             1.508               46
     3300             1.470               46
     3400             1.407               46
     3500             1.399               46
     3600             1.364               47
     3700             1.397               47
     3800             1.456               47
     3900             1.492               47
     4000             1.546               47
     4100             1.609               47
     4200             1.681               47
     4300             1.742               47
     4400             1.775               47
     4500             1.791               47
     4600             1.774               47
     4700             1.779               47
     4800             1.772               47
     4900             1.647               47
     5000             1.596               47
     5100             1.548               47
     5200             1.531               47
     5300             1.397               47
     5400             1.348               47
     5500             1.329               47
     5600             1.289               47
     5700             1.261               47
     5800             1.211               47
     5900             1.182               47
     6000             1.179               47
     6100             1.176               47
     6200             1.155               47
     6300             1.131               47
     6400             1.116               47
     6500             1.108               47
     6600             1.120               40
     6700             1.134               40
     6800             1.156               40
     6900             1.169               40
     7000             1.175               40
     7100             1.170               40
     7200             1.172               38
     7300             1.199               38
     7400             1.209               38
     7500             1.205               38
     7600             1.203               38
     7700             1.202               38
     7800             1.187               38
     7900             1.193               38
     8000             1.184               38
     8100             1.174               38
     8200             1.171               38
     8300             1.169               38
     8400             1.172               33
     8500             1.185               38
     8600             1.193               38
     8700             1.189               33
     8800             1.194               33
     8900             1.203               40
     9000             1.219               40
     9100             1.232               40
     9200             1.242               40
     9300             1.221               40
     9400             1.235               40
     9500             1.239               40
     9600             1.252               40
     9700             1.260               40
     9800             1.251               40
     9900             1.260               40
     10000            1.250               40
     10100            1.238               40
     10200            1.212               40
     10300            1.190               40
     10400            1.164               40
     10500            1.161               40
     10600            1.156               40
     10700            1.155               40
     10800            1.158               40
     10900            1.156               33
     11000            1.148               40
     11100            1.145               40
     11200            1.140               40
     11300            1.125               40
     11400            1.118               40
     11500            1.109               40
     11600            1.104               18
     11700            1.106               18
     11800            1.101               18
     11900            1.096               18


     Beginning Time:  07:48:10
        Ending Time:  08:01:07
       Elapsed Time:  00:12:57



MUTHEN & MUTHEN
3463 Stoner Ave.
Los Angeles, CA  90066

Tel: (310) 391-9971
Fax: (310) 391-8971
Web: www.StatModel.com
Support: Support@StatModel.com

Copyright (c) 1998-2020 Muthen & Muthen
