Mplus VERSION 8.5 (Mac)
MUTHEN & MUTHEN
03/17/2022   9:24 PM

INPUT INSTRUCTIONS

  TITLE: Analysis 5
  DATA: FILE = analysis4+5_S2.dat;
  VARIABLE:
  NAMES = ID WB content stressed lonely
  FTF CMC mixed peers family weak_ties
  E A C N O gender ethnicity SES weekend;
  USEVARIABLES = stressed
  CMC mixed family weak_ties
  weekend N
  cxf cxw mxf mxw;
  CLUSTER = ID;
  WITHIN = CMC mixed family weak_ties weekend
  cxf cxw mxf mxw;
  BETWEEN = N;
  MISSING = .;
  DEFINE:
  CENTER CMC (GROUPMEAN);
  CENTER mixed (GROUPMEAN);
  CENTER family (GROUPMEAN);
  CENTER weak_ties (GROUPMEAN);
  cxf=CMC*family;
  cxw=CMC*weak_ties;
  mxf=mixed*family;
  mxw=mixed*weak_ties;
  CENTER N (GRANDMEAN);
  ANALYSIS: TYPE = TWOLEVEL RANDOM; ESTIMATOR = BAYES;
  BITERATIONS = (10000); PROCESSORS = 2;
  MODEL:
  %WITHIN%
  ! Stress is predicted by CMC, the slope is random
  S1 | stressed ON CMC;
  ! Stress is predicted by mixed episodes, the slope is random
  S2 | stressed ON mixed;
  ! Stress is predicted by family, the slope is random
  S3 | stressed ON family;
  ! Stress is predicted by weak ties, the slope is random
  S4 | stressed ON weak_ties;
  ! Stress is predicted by CMC*family, the slope is random
  S5 | stressed ON cxf;
  ! Stress is predicted by CMC*weak ties, the slope is random
  S6 | stressed ON cxw;
  ! Stress is predicted by mixed*family, the slope is random
  S7 | stressed ON mxf;
  ! Stress is predicted by mixed*weak ties, the slope is random
  S8 | stressed ON mxw;
  ! Control for weekend
  stressed ON weekend;
  %BETWEEN%
  ! Covariance between intercept and slopes
  stressed S1-S8 WITH stressed S1-S8;
  ! The intercept is predicted by neuroticism
  stressed ON N;
  ! The slopes are predicted by neuroticism
  S1-S8 ON N;
  OUTPUT: STDYX STDY TECH8;



*** WARNING in VARIABLE command
  Note that only the first 8 characters of variable names are used in the output.
  Shorten variable names to avoid any confusion.
*** WARNING
  One or more individual-level variables have no variation within a
  cluster for the following clusters.

     Variable   Cluster IDs with no within-cluster variation

      STRESSED    69 134 13 50 362 382 262 300 320 629 480 623 617 825 251 744 614 764 696 850
      WEEKEND     316 335 69 368 502 568 134 293 140 307 650 197 357 404 595 300 93 680 700 163
                  513 515 537 291 496 326 849 668 321 110 48 722
      CXF         316 335 69 368 215 497 502 568 134 293 703 140 307 650 13 197 65 565 50 357
                  362 216 382 404 783 118 595 300 72 93 428 680 700 150 320 333 163 513 515 537
                  212 657 689 483 96 133 736 578 498 629 857 182 480 677 325 698 753 777 597 519
                  533 836 98 849 61 231 398 727 599 747 501 417 425 623 631 10 804 107 668 11
                  321 559 110 644 229 563 276 672 92 582 126 814 360 334 199 217 343 99 574 584
                  822 825 506 6 649 211 414 172 608 724 848 740 387 331 570 137 842 435 271 260
                  371 361 318 820 616 746 279 826 179 104 536 768 854 410 794 542 591 221 78 26
                  123 328 12 15 213 642 564 619 725 45 688 520 246 214 695 750 457 601 772 470
                  606 219 241 108 195 531 202 852 472 379 769 173 311 634 764 596 771 294 846
                  464 434 332 381 94 164 4 138 42 88 671 177 152 845 522 784 14 469 356 79 481
                  82 83 274 49 577 474 838 290 782 269 20 458 816 659 824 57 490 87 405 739 843
                  511 136 743 401 758 459 22 760 730 773 749 7 550 47 402 415 479 242 60 609 77
                  514 850 598 654 572 465 287 499 580
      CXW         316 335 69 368 215 497 502 568 134 293 703 140 307 650 13 65 776 50 357 216
                  382 783 118 262 595 93 680 320 333 163 513 657 133 736 498 621 629 326 182 220
                  567 194 519 546 836 61 230 239 727 599 501 623 10 107 668 11 644 229 563 276
                  92 582 802 142 126 451 244 302 360 334 199 807 40 19 649 463 211 441 704 466
                  748 179 536 410 36 48 542 635 221 718 213 421 564 543 619 620 380 214 695 482
                  601 471 606 241 222 531 202 754 311 67 516 332 571 4 42 88 177 44 412 59 355
                  84 583 87 297 184 756 809 667 760 573 730 550 402 738 386 242 609 378 540 444
                  705 24
      MXF         316 335 69 368 215 497 502 568 134 293 703 140 307 650 13 197 65 776 565 50
                  357 362 216 382 404 783 643 118 595 300 72 93 428 680 700 150 320 163 513 515
                  537 212 657 689 483 96 133 291 736 578 498 790 621 629 363 857 182 38 480 567
                  677 325 698 646 194 753 777 597 519 533 836 98 849 500 61 231 155 398 599 602
                  747 501 417 425 623 631 10 804 107 668 11 321 559 110 91 229 757 563 413 276
                  672 126 814 130 451 338 532 360 334 547 633 763 427 217 343 99 574 40 584 822
                  825 506 6 143 19 649 576 414 306 172 90 32 608 377 724 324 848 740 707 387 821
                  331 832 570 137 842 435 271 18 260 713 792 251 371 666 361 318 820 616 746 279
                  826 179 104 628 536 768 854 630 410 794 542 591 592 78 26 123 305 328 614 354
                  12 15 213 642 562 422 564 711 543 619 725 45 116 688 183 520 41 246 737 71 817
                  695 750 457 86 601 772 470 509 606 219 241 395 108 656 585 195 785 600 787 531
                  852 472 379 769 173 232 634 226 639 764 596 771 294 516 846 272 464 193 434
                  237 284 381 94 164 851 4 203 138 88 671 177 152 845 55 684 522 784 690 14 148
                  469 648 187 356 79 481 82 176 83 274 49 577 474 838 175 290 782 269 396 20 458
                  816 659 824 57 490 87 52 405 739 345 843 511 136 743 401 758 459 358 22 667
                  760 374 779 730 773 749 7 319 755 550 47 402 696 415 479 242 60 609 674 77 514
                  850 598 654 572 465 346 287 499 580
      MXW         316 335 69 368 215 497 502 568 134 293 703 140 307 650 13 65 776 565 50 357
                  362 216 382 404 643 118 262 595 300 93 428 680 700 150 320 163 513 515 657 689
                  96 291 736 578 498 790 621 363 857 326 38 220 567 677 646 194 533 546 836 500
                  61 230 155 239 599 602 501 417 631 10 804 107 668 11 91 229 757 563 413 276
                  802 142 126 130 451 244 338 302 532 360 334 547 633 763 427 217 574 807 40 822
                  825 506 143 19 649 576 463 306 90 32 377 441 724 324 848 704 707 821 331 832
                  137 18 260 713 792 466 251 371 666 746 826 748 179 628 630 410 36 48 542 592
                  635 78 305 718 614 354 15 213 642 421 562 422 564 711 543 619 620 116 183 520
                  41 246 737 380 71 817 695 750 482 86 509 471 606 241 395 656 585 222 195 785
                  600 787 531 202 754 232 226 639 67 294 516 272 464 193 237 284 571 851 4 203
                  177 44 55 684 784 690 148 648 187 176 412 59 355 84 175 583 290 396 87 52 345
                  297 184 401 756 358 809 667 760 374 573 779 730 319 755 550 402 696 738 386
                  242 609 674 378 540 444 514 705 346 24

*** WARNING
  Data set contains cases with missing on x-variables.
  These cases were not included in the analysis.
  Number of cases with missing on x-variables:  3138
*** WARNING
  Data set contains cases with missing on all variables except
  x-variables.  These cases were not included in the analysis.
  Number of cases with missing on all variables except x-variables:  18
   4 WARNING(S) FOUND IN THE INPUT INSTRUCTIONS



Analysis 5

SUMMARY OF ANALYSIS

Number of groups                                                 1
Number of observations                                       10863

Number of dependent variables                                    1
Number of independent variables                                 10
Number of continuous latent variables                            8

Observed dependent variables

  Continuous
   STRESSED

Observed independent variables
   CMC         MIXED       FAMILY      WEAK_TIE    WEEKEND     N
   CXF         CXW         MXF         MXW

Continuous latent variables
   S1          S2          S3          S4          S5          S6
   S7          S8

Variables with special functions

  Cluster variable      ID

  Within variables
   CMC         MIXED       FAMILY      WEAK_TIE    WEEKEND     CXF
   CXW         MXF         MXW

  Between variables
   N

  Centering (GRANDMEAN)
   N

  Centering (GROUPMEAN)
   CMC         MIXED       FAMILY      WEAK_TIE


Estimator                                                    BAYES
Specifications for Bayesian Estimation
  Point estimate                                            MEDIAN
  Number of Markov chain Monte Carlo (MCMC) chains               2
  Random seed for the first chain                                0
  Starting value information                           UNPERTURBED
  Algorithm used for Markov chain Monte Carlo           GIBBS(PX1)
  Convergence criterion                                  0.500D-01
  Maximum number of iterations                               50000
  K-th iteration used for thinning                               1

Input data file(s)
  analysis4+5_S2.dat
Input data format  FREE


SUMMARY OF DATA

     Number of clusters                        623

       Size (s)    Cluster ID with Size s

          1        46 100 121 157 198 208 277 301 312 350 450 486 603 664
                   708 723
          2        316 335 69 368 215 497 502 568 134 293 703 140 307
          3        650 13 197 65 776 565
          4        50 357 362 216 382 404 783 643 118 262
          5        595 300 72 93 428 680 700 150 320 333 163 513 515 537
                   212
          6        657 373 689 483 96 133 291 736 496 578 498 790 621 629
                   363 857
          7        589 326 182 38 220 370 480 567 677 325 698
          8        646 366 194 753 278 777 597 243 519 533 546 812 836
                   98 849 500 23
          9        61 230 231 155 239 398 727 599 602 747 501 417 425 623
                   132 631 10 804 107 29 668 478 11 321 559
         10        110 91 485 265 644 229 757 563 310 413 276 672 92 582
                   64 802 432 142 126 814 130 451 244 247 617 338
         11        302 467 406 532 360 538 334 547 199 633 555 763 427
                   217 566 801 343 99 574 807 40 584 822 825 506 6 847
         12        143 19 649 576 95 463 211 414 789 306 172 90 32 156
                   608 377 158 441 162 724 324 848 740
         13        701 477 704 707 810 2 387 819 821 770 267 331 830 832
                   570 137 842 435 271 18 655 260
         14        713 792 466 251 190 371 204 666 361 813 318 820 616
                   746 279 826 748 179 104 628 536 766 768 854 630 410
                   685
         15        794 579 264 733 36 48 682 542 744 591 592 692 635 221
                   78 26 123 305 328 718 614 354 722 12 15
         16        245 213 642 421 562 422 564 400 711 43 717 543 619 620
                   725 174 551 45 507 76 116 688 191
         17        327 183 520 408 372 41 225 246 737 359 380 71 817 214
                   695 750 457 638 641 759 482 394 86 601 772 470 509 471
                   606 219 241 117
         18        31 395 108 656 585 715 403 622 222 195 74 525 726 681
                   528 785 600 787 531 73 159 160 473 202 541 852 367
         19        754 115 112 472 379 834 769 173 232 56 311 634 226 364
                   639 694 665 640 544
         20        764 66 798 250 596 771 67 294 516 846 436 25 670 732
                   27 127 257 632
         21        249 272 464 101 193 721 434 237 284 139 332 571 381
                   161 94 735 37 164 851 4 203 128 426
         22        138 42 431 275 88 671 258 313 177 152 845 569 44 55
                   684 522 784 63 690 607
         23        14 148 469 170 648 187 356 79 125 527 775 660 481 82
                   176 83 853 210 412 274 146
         24        59 508 54 49 355 577 474 838 84 774 175 583 661 808
                   460 290 782 266 613 248 503 234 269 593 396
         25        20 458 816 120 709 659 693 824 51 57 490 87 52 385 833
                   16 315
         26        181 405 739 345 843 423 297 468 154 511 8 136 624
         27        647 169 743 610 103 699 184 383 348 401 493 227 534
                   756 295 758 388 459 358 391 714 765 22
         28        446 809 827 530 167 186 201 667 760 374
         29        573 779 730 299 773 168 282 749 7
         30        800 319 811 755 550 795 97 47
         31        402 625 696 252 529 738 652 415 309 386
         32        323 263 636 479 270 80 242 60 235
         33        609 389 674 378
         34        77 581 399 337 540 476 439 444
         35        514
         36        135 393
         37        850 192
         38        598 273 705 780 654 308
         39        662 767 572
         40        418
         41        141 465 346 228 53 254
         43        287
         44        499
         45        24
         46        580



COVARIANCE COVERAGE OF DATA

Minimum covariance coverage value   0.100

     Number of missing data patterns             1


     PROPORTION OF DATA PRESENT


           Covariance Coverage
              STRESSED      CMC           MIXED         FAMILY        WEAK_TIE
              ________      ________      ________      ________      ________
 STRESSED       1.000
 CMC            1.000         1.000
 MIXED          1.000         1.000         1.000
 FAMILY         1.000         1.000         1.000         1.000
 WEAK_TIE       1.000         1.000         1.000         1.000         1.000
 WEEKEND        1.000         1.000         1.000         1.000         1.000
 CXF            1.000         1.000         1.000         1.000         1.000
 CXW            1.000         1.000         1.000         1.000         1.000
 MXF            1.000         1.000         1.000         1.000         1.000
 MXW            1.000         1.000         1.000         1.000         1.000
 N              1.000         1.000         1.000         1.000         1.000


           Covariance Coverage
              WEEKEND       CXF           CXW           MXF           MXW
              ________      ________      ________      ________      ________
 WEEKEND        1.000
 CXF            1.000         1.000
 CXW            1.000         1.000         1.000
 MXF            1.000         1.000         1.000         1.000
 MXW            1.000         1.000         1.000         1.000         1.000
 N              1.000         1.000         1.000         1.000         1.000


           Covariance Coverage
              N
              ________
 N              1.000



UNIVARIATE SAMPLE STATISTICS


     UNIVARIATE HIGHER-ORDER MOMENT DESCRIPTIVE STATISTICS

         Variable/         Mean/     Skewness/   Minimum/ % with                Percentiles
        Sample Size      Variance    Kurtosis    Maximum  Min/Max      20%/60%    40%/80%    Median

     STRESSED              2.091       0.524       1.000   29.52%       1.000      2.000      2.000
           10863.000       0.861      -0.571       4.000    9.41%       2.000      3.000
     CMC                   0.000       0.592      -0.941    0.01%      -0.333     -0.192     -0.125
           10863.000       0.174      -0.751       0.964    0.01%      -0.067      0.480
     MIXED                 0.000       1.588      -0.833    0.01%      -0.200     -0.100     -0.067
           10863.000       0.104       1.859       0.972    0.01%      -0.040      0.000
     FAMILY                0.000       1.475      -0.947    0.01%      -0.167     -0.059     -0.034
           10863.000       0.087       2.603       0.974    0.01%       0.000      0.000
     WEAK_TIES             0.000       1.215      -0.846    0.04%      -0.222     -0.125     -0.083
           10863.000       0.123       0.868       0.977    0.01%      -0.050      0.000
     WEEKEND               0.308       0.832       0.000   69.20%       0.000      0.000      0.000
           10863.000       0.213      -1.308       1.000   30.80%       0.000      1.000
     CXF                   0.003       1.130      -0.754    0.02%      -0.030      0.000      0.000
           10863.000       0.017      11.381       0.915    0.01%       0.000      0.028
     CXW                  -0.024      -0.309      -0.892    0.01%      -0.092      0.000      0.000
           10863.000       0.020       6.578       0.898    0.01%       0.008      0.039
     MXF                  -0.004       1.502      -0.710    0.01%       0.000      0.000      0.000
           10863.000       0.006      34.617       0.878    0.01%       0.000      0.011
     MXW                  -0.007       1.546      -0.814    0.01%      -0.025      0.000      0.000
           10863.000       0.010      20.235       0.845    0.01%       0.004      0.023
     N                     0.000      -0.005      -1.996    0.16%      -0.621     -0.246      0.004
             623.000       0.543      -0.508       1.879    0.32%       0.254      0.629


THE MODEL ESTIMATION TERMINATED NORMALLY

     USE THE FBITERATIONS OPTION TO INCREASE THE NUMBER OF ITERATIONS BY A FACTOR
     OF AT LEAST TWO TO CHECK CONVERGENCE AND THAT THE PSR VALUE DOES NOT INCREASE.



MODEL FIT INFORMATION

Number of Free Parameters                              65

Information Criteria

          Deviance (DIC)                        25170.489
          Estimated Number of Parameters (pD)    1052.703



MODEL RESULTS

                                Posterior  One-Tailed         95% C.I.
                    Estimate       S.D.      P-Value   Lower 2.5%  Upper 2.5%  Significance

Within Level

 STRESSED   ON
    WEEKEND           -0.152       0.017      0.000      -0.186      -0.119      *

 Residual Variances
    STRESSED           0.539       0.008      0.000       0.524       0.555      *

Between Level

 S1         ON
    N                  0.053       0.029      0.033      -0.003       0.109

 S2         ON
    N                  0.056       0.036      0.060      -0.014       0.125

 S3         ON
    N                  0.048       0.044      0.131      -0.035       0.137

 S4         ON
    N                  0.054       0.037      0.071      -0.018       0.128

 S5         ON
    N                 -0.099       0.097      0.153      -0.286       0.089

 S6         ON
    N                 -0.049       0.082      0.280      -0.211       0.115

 S7         ON
    N                 -0.147       0.175      0.193      -0.500       0.203

 S8         ON
    N                 -0.005       0.129      0.485      -0.245       0.264

 STRESSED   ON
    N                  0.212       0.030      0.000       0.153       0.272      *

 STRESSED WITH
    S1                 0.018       0.012      0.075      -0.006       0.042
    S2                -0.004       0.016      0.398      -0.034       0.028
    S3                -0.015       0.018      0.200      -0.052       0.021
    S4                -0.025       0.015      0.049      -0.055       0.004
    S5                -0.036       0.039      0.180      -0.111       0.041
    S6                -0.026       0.036      0.230      -0.092       0.049
    S7                -0.063       0.075      0.205      -0.204       0.091
    S8                 0.021       0.056      0.353      -0.085       0.132

 S1       WITH
    S2                 0.013       0.011      0.123      -0.009       0.037
    S3                -0.022       0.014      0.046      -0.049       0.003
    S4                 0.009       0.012      0.224      -0.013       0.036
    S5                 0.002       0.025      0.466      -0.051       0.050
    S6                 0.008       0.022      0.328      -0.032       0.055
    S7                -0.044       0.045      0.144      -0.138       0.040
    S8                 0.005       0.039      0.449      -0.064       0.091

 S2       WITH
    S3                 0.001       0.017      0.467      -0.032       0.035
    S4                 0.010       0.015      0.225      -0.016       0.041
    S5                -0.023       0.030      0.234      -0.084       0.034
    S6                 0.004       0.026      0.442      -0.054       0.050
    S7                -0.052       0.048      0.122      -0.152       0.041
    S8                -0.037       0.041      0.174      -0.118       0.042

 S3       WITH
    S4                 0.006       0.019      0.359      -0.026       0.048
    S5                -0.025       0.037      0.254      -0.097       0.047
    S6                -0.021       0.040      0.287      -0.103       0.056
    S7                 0.098       0.062      0.053      -0.020       0.224
    S8                -0.004       0.051      0.466      -0.097       0.109

 S4       WITH
    S5                 0.004       0.034      0.452      -0.065       0.070
    S6                 0.033       0.030      0.121      -0.018       0.097
    S7                -0.032       0.065      0.317      -0.149       0.102
    S8                 0.024       0.045      0.288      -0.057       0.120

 S5       WITH
    S6                 0.033       0.067      0.291      -0.077       0.182
    S7                 0.072       0.118      0.272      -0.134       0.326
    S8                -0.002       0.100      0.491      -0.183       0.205

 S6       WITH
    S7                -0.046       0.118      0.361      -0.254       0.197
    S8                -0.003       0.087      0.487      -0.163       0.175

 S7       WITH
    S8                 0.128       0.155      0.202      -0.158       0.454

 Intercepts
    STRESSED           2.168       0.023      0.000       2.123       2.213      *
    S1                 0.174       0.022      0.000       0.131       0.216      *
    S2                 0.058       0.027      0.019       0.003       0.111      *
    S3                -0.044       0.033      0.094      -0.108       0.022
    S4                 0.160       0.027      0.000       0.106       0.213      *
    S5                 0.004       0.071      0.478      -0.132       0.146
    S6                -0.095       0.062      0.064      -0.221       0.025
    S7                -0.051       0.132      0.347      -0.322       0.189
    S8                -0.091       0.096      0.181      -0.270       0.106

 Residual Variances
    STRESSED           0.264       0.018      0.000       0.232       0.302      *
    S1                 0.041       0.012      0.000       0.023       0.068      *
    S2                 0.047       0.017      0.000       0.019       0.086      *
    S3                 0.094       0.024      0.000       0.055       0.149      *
    S4                 0.071       0.020      0.000       0.038       0.117      *
    S5                 0.233       0.095      0.000       0.083       0.446      *
    S6                 0.187       0.078      0.000       0.078       0.379      *
    S7                 0.701       0.264      0.000       0.333       1.357      *
    S8                 0.409       0.166      0.000       0.167       0.796      *


STANDARDIZED MODEL RESULTS


STDYX Standardization

                                Posterior  One-Tailed         95% C.I.
                    Estimate       S.D.      P-Value   Lower 2.5%  Upper 2.5%  Significance

Within-Level Standardized Estimates Averaged Over Clusters

 S1 | STRESSED ON
    CMC                0.087       0.009      0.000       0.069       0.103      *

 S2 | STRESSED ON
    MIXED              0.021       0.008      0.002       0.005       0.036      *

 S3 | STRESSED ON
    FAMILY            -0.011       0.008      0.098      -0.025       0.006

 S4 | STRESSED ON
    WEAK_TIES          0.062       0.009      0.000       0.046       0.079      *

 S5 | STRESSED ON
    CXF               -0.001       0.007      0.465      -0.013       0.014

 S6 | STRESSED ON
    CXW               -0.014       0.007      0.021      -0.027       0.000      *

 S7 | STRESSED ON
    MXF               -0.002       0.005      0.303      -0.014       0.007

 S8 | STRESSED ON
    MXW               -0.006       0.006      0.179      -0.018       0.007

 STRESSED   ON
    WEEKEND           -0.081       0.009      0.000      -0.100      -0.064      *

 Residual Variances
    STRESSED           0.921       0.005      0.000       0.911       0.932      *

Between Level

 S1         ON
    N                  0.137       0.077      0.033      -0.008       0.290

 S2         ON
    N                  0.135       0.094      0.060      -0.034       0.341

 S3         ON
    N                  0.084       0.075      0.131      -0.061       0.231

 S4         ON
    N                  0.106       0.074      0.071      -0.034       0.255

 S5         ON
    N                 -0.108       0.112      0.153      -0.329       0.102

 S6         ON
    N                 -0.059       0.104      0.280      -0.268       0.147

 S7         ON
    N                 -0.094       0.108      0.193      -0.303       0.127

 S8         ON
    N                 -0.004       0.110      0.485      -0.228       0.212

 STRESSED   ON
    N                  0.213       0.030      0.000       0.154       0.271      *

 STRESSED WITH
    S1                 0.171       0.120      0.075      -0.060       0.411
    S2                -0.038       0.147      0.398      -0.329       0.249
    S3                -0.099       0.116      0.200      -0.322       0.126
    S4                -0.186       0.110      0.049      -0.394       0.032
    S5                -0.151       0.161      0.180      -0.444       0.170
    S6                -0.119       0.163      0.230      -0.429       0.207
    S7                -0.148       0.169      0.205      -0.445       0.213
    S8                 0.064       0.173      0.353      -0.271       0.399

 S1       WITH
    S2                 0.306       0.234      0.123      -0.253       0.670
    S3                -0.358       0.201      0.046      -0.708       0.055
    S4                 0.163       0.210      0.224      -0.248       0.568
    S5                 0.020       0.248      0.466      -0.478       0.492
    S6                 0.103       0.235      0.328      -0.364       0.547
    S7                -0.268       0.237      0.144      -0.681       0.235
    S8                 0.041       0.294      0.449      -0.535       0.622

 S2       WITH
    S3                 0.021       0.252      0.467      -0.480       0.512
    S4                 0.188       0.242      0.225      -0.290       0.625
    S5                -0.233       0.269      0.234      -0.646       0.358
    S6                 0.042       0.267      0.442      -0.499       0.527
    S7                -0.304       0.244      0.122      -0.734       0.211
    S8                -0.280       0.281      0.174      -0.776       0.280

 S3       WITH
    S4                 0.077       0.214      0.359      -0.344       0.493
    S5                -0.174       0.243      0.254      -0.608       0.313
    S6                -0.163       0.290      0.287      -0.644       0.481
    S7                 0.394       0.207      0.053      -0.086       0.719
    S8                -0.021       0.246      0.466      -0.461       0.493

 S4       WITH
    S5                 0.032       0.261      0.452      -0.471       0.534
    S6                 0.296       0.232      0.121      -0.183       0.701
    S7                -0.149       0.288      0.317      -0.659       0.449
    S8                 0.148       0.249      0.288      -0.360       0.578

 S5       WITH
    S6                 0.176       0.289      0.291      -0.378       0.690
    S7                 0.183       0.277      0.272      -0.363       0.708
    S8                -0.008       0.315      0.491      -0.625       0.580

 S6       WITH
    S7                -0.126       0.325      0.361      -0.647       0.577
    S8                -0.012       0.308      0.487      -0.606       0.552

 S7       WITH
    S8                 0.260       0.259      0.202      -0.288       0.676

 Intercepts
    STRESSED           4.122       0.142      0.000       3.841       4.402      *
    S1                 0.850       0.158      0.000       0.582       1.201      *
    S2                 0.268       0.136      0.019       0.016       0.559      *
    S3                -0.142       0.109      0.094      -0.359       0.069
    S4                 0.595       0.136      0.000       0.369       0.905      *
    S5                 0.008       0.157      0.478      -0.291       0.333
    S6                -0.222       0.150      0.064      -0.534       0.055
    S7                -0.060       0.159      0.347      -0.388       0.231
    S8                -0.144       0.160      0.181      -0.470       0.164

 Residual Variances
    STRESSED           0.955       0.013      0.000       0.927       0.976      *
    S1                 0.981       0.023      0.000       0.916       1.000      *
    S2                 0.982       0.031      0.000       0.884       1.000      *
    S3                 0.993       0.015      0.000       0.947       1.000      *
    S4                 0.989       0.018      0.000       0.935       1.000      *
    S5                 0.987       0.031      0.000       0.889       1.000      *
    S6                 0.994       0.020      0.000       0.926       1.000      *
    S7                 0.989       0.025      0.000       0.908       1.000      *
    S8                 0.995       0.019      0.000       0.934       1.000      *


STDY Standardization

                                Posterior  One-Tailed         95% C.I.
                    Estimate       S.D.      P-Value   Lower 2.5%  Upper 2.5%  Significance

Within-Level Standardized Estimates Averaged Over Clusters

 S1 | STRESSED ON
    CMC                0.231       0.024      0.000       0.183       0.276      *

 S2 | STRESSED ON
    MIXED              0.087       0.033      0.002       0.020       0.149      *

 S3 | STRESSED ON
    FAMILY            -0.047       0.041      0.133      -0.123       0.035

 S4 | STRESSED ON
    WEAK_TIES          0.206       0.029      0.000       0.151       0.263      *

 S5 | STRESSED ON
    CXF               -0.006       0.087      0.472      -0.161       0.178

 S6 | STRESSED ON
    CXW               -0.124       0.065      0.030      -0.251       0.003

 S7 | STRESSED ON
    MXF               -0.045       0.151      0.386      -0.360       0.203

 S8 | STRESSED ON
    MXW               -0.088       0.113      0.211      -0.305       0.137

 STRESSED   ON
    WEEKEND           -0.197       0.022      0.000      -0.243      -0.157      *

 Residual Variances
    STRESSED           0.921       0.005      0.000       0.911       0.932      *

Between Level

 S1         ON
    N                  0.258       0.145      0.033      -0.015       0.548

 S2         ON
    N                  0.255       0.177      0.060      -0.065       0.644

 S3         ON
    N                  0.158       0.141      0.131      -0.115       0.436

 S4         ON
    N                  0.201       0.140      0.071      -0.065       0.483

 S5         ON
    N                 -0.205       0.211      0.153      -0.622       0.193

 S6         ON
    N                 -0.111       0.196      0.280      -0.506       0.279

 S7         ON
    N                 -0.178       0.205      0.193      -0.573       0.239

 S8         ON
    N                 -0.008       0.209      0.485      -0.431       0.401

 STRESSED   ON
    N                  0.403       0.056      0.000       0.291       0.512      *

 STRESSED WITH
    S1                 0.171       0.120      0.075      -0.060       0.411
    S2                -0.038       0.147      0.398      -0.329       0.249
    S3                -0.099       0.116      0.200      -0.322       0.126
    S4                -0.186       0.110      0.049      -0.394       0.032
    S5                -0.151       0.161      0.180      -0.444       0.170
    S6                -0.119       0.163      0.230      -0.429       0.207
    S7                -0.148       0.169      0.205      -0.445       0.213
    S8                 0.064       0.173      0.353      -0.271       0.399

 S1       WITH
    S2                 0.306       0.234      0.123      -0.253       0.670
    S3                -0.358       0.201      0.046      -0.708       0.055
    S4                 0.163       0.210      0.224      -0.248       0.568
    S5                 0.020       0.248      0.466      -0.478       0.492
    S6                 0.103       0.235      0.328      -0.364       0.547
    S7                -0.268       0.237      0.144      -0.681       0.235
    S8                 0.041       0.294      0.449      -0.535       0.622

 S2       WITH
    S3                 0.021       0.252      0.467      -0.480       0.512
    S4                 0.188       0.242      0.225      -0.290       0.625
    S5                -0.233       0.269      0.234      -0.646       0.358
    S6                 0.042       0.267      0.442      -0.499       0.527
    S7                -0.304       0.244      0.122      -0.734       0.211
    S8                -0.280       0.281      0.174      -0.776       0.280

 S3       WITH
    S4                 0.077       0.214      0.359      -0.344       0.493
    S5                -0.174       0.243      0.254      -0.608       0.313
    S6                -0.163       0.290      0.287      -0.644       0.481
    S7                 0.394       0.207      0.053      -0.086       0.719
    S8                -0.021       0.246      0.466      -0.461       0.493

 S4       WITH
    S5                 0.032       0.261      0.452      -0.471       0.534
    S6                 0.296       0.232      0.121      -0.183       0.701
    S7                -0.149       0.288      0.317      -0.659       0.449
    S8                 0.148       0.249      0.288      -0.360       0.578

 S5       WITH
    S6                 0.176       0.289      0.291      -0.378       0.690
    S7                 0.183       0.277      0.272      -0.363       0.708
    S8                -0.008       0.315      0.491      -0.625       0.580

 S6       WITH
    S7                -0.126       0.325      0.361      -0.647       0.577
    S8                -0.012       0.308      0.487      -0.606       0.552

 S7       WITH
    S8                 0.260       0.259      0.202      -0.288       0.676

 Intercepts
    STRESSED           4.122       0.142      0.000       3.841       4.402      *
    S1                 0.850       0.158      0.000       0.582       1.201      *
    S2                 0.268       0.136      0.019       0.016       0.559      *
    S3                -0.142       0.109      0.094      -0.359       0.069
    S4                 0.595       0.136      0.000       0.369       0.905      *
    S5                 0.008       0.157      0.478      -0.291       0.333
    S6                -0.222       0.150      0.064      -0.534       0.055
    S7                -0.060       0.159      0.347      -0.388       0.231
    S8                -0.144       0.160      0.181      -0.470       0.164

 Residual Variances
    STRESSED           0.955       0.013      0.000       0.927       0.976      *
    S1                 0.981       0.023      0.000       0.916       1.000      *
    S2                 0.982       0.031      0.000       0.884       1.000      *
    S3                 0.993       0.015      0.000       0.947       1.000      *
    S4                 0.989       0.018      0.000       0.935       1.000      *
    S5                 0.987       0.031      0.000       0.889       1.000      *
    S6                 0.994       0.020      0.000       0.926       1.000      *
    S7                 0.989       0.025      0.000       0.908       1.000      *
    S8                 0.995       0.019      0.000       0.934       1.000      *


R-SQUARE

Within-Level R-Square Averaged Across Clusters

                                Posterior  One-Tailed         95% C.I.
    Variable        Estimate       S.D.      P-Value   Lower 2.5%  Upper 2.5%

    STRESSED           0.079       0.005      0.000       0.068       0.089

Between Level

                                Posterior  One-Tailed         95% C.I.
    Variable        Estimate       S.D.      P-Value   Lower 2.5%  Upper 2.5%

    STRESSED           0.045       0.013      0.000       0.024       0.073

                                Posterior  One-Tailed         95% C.I.
    Variable        Estimate       S.D.      P-Value   Lower 2.5%  Upper 2.5%

    S1                 0.019       0.023      0.000       0.000       0.084
    S2                 0.018       0.031      0.000       0.000       0.116
    S3                 0.007       0.015      0.000       0.000       0.053
    S4                 0.011       0.018      0.000       0.000       0.065
    S5                 0.013       0.031      0.000       0.000       0.111
    S6                 0.006       0.020      0.000       0.000       0.074
    S7                 0.011       0.025      0.000       0.000       0.092
    S8                 0.005       0.019      0.000       0.000       0.066


TECHNICAL 1 OUTPUT


     PARAMETER SPECIFICATION FOR WITHIN


           NU
              STRESSED      CMC           MIXED         FAMILY        WEAK_TIE
              ________      ________      ________      ________      ________
                    0             0             0             0             0


           NU
              WEEKEND       CXF           CXW           MXF           MXW
              ________      ________      ________      ________      ________
                    0             0             0             0             0


           LAMBDA
              STRESSED      CMC           MIXED         FAMILY        WEAK_TIE
              ________      ________      ________      ________      ________
 STRESSED           0             0             0             0             0
 CMC                0             0             0             0             0
 MIXED              0             0             0             0             0
 FAMILY             0             0             0             0             0
 WEAK_TIE           0             0             0             0             0
 WEEKEND            0             0             0             0             0
 CXF                0             0             0             0             0
 CXW                0             0             0             0             0
 MXF                0             0             0             0             0
 MXW                0             0             0             0             0


           LAMBDA
              WEEKEND       CXF           CXW           MXF           MXW
              ________      ________      ________      ________      ________
 STRESSED           0             0             0             0             0
 CMC                0             0             0             0             0
 MIXED              0             0             0             0             0
 FAMILY             0             0             0             0             0
 WEAK_TIE           0             0             0             0             0
 WEEKEND            0             0             0             0             0
 CXF                0             0             0             0             0
 CXW                0             0             0             0             0
 MXF                0             0             0             0             0
 MXW                0             0             0             0             0


           THETA
              STRESSED      CMC           MIXED         FAMILY        WEAK_TIE
              ________      ________      ________      ________      ________
 STRESSED           0
 CMC                0             0
 MIXED              0             0             0
 FAMILY             0             0             0             0
 WEAK_TIE           0             0             0             0             0
 WEEKEND            0             0             0             0             0
 CXF                0             0             0             0             0
 CXW                0             0             0             0             0
 MXF                0             0             0             0             0
 MXW                0             0             0             0             0


           THETA
              WEEKEND       CXF           CXW           MXF           MXW
              ________      ________      ________      ________      ________
 WEEKEND            0
 CXF                0             0
 CXW                0             0             0
 MXF                0             0             0             0
 MXW                0             0             0             0             0


           ALPHA
              STRESSED      CMC           MIXED         FAMILY        WEAK_TIE
              ________      ________      ________      ________      ________
                    0             0             0             0             0


           ALPHA
              WEEKEND       CXF           CXW           MXF           MXW
              ________      ________      ________      ________      ________
                    0             0             0             0             0


           BETA
              STRESSED      CMC           MIXED         FAMILY        WEAK_TIE
              ________      ________      ________      ________      ________
 STRESSED           0             0             0             0             0
 CMC                0             0             0             0             0
 MIXED              0             0             0             0             0
 FAMILY             0             0             0             0             0
 WEAK_TIE           0             0             0             0             0
 WEEKEND            0             0             0             0             0
 CXF                0             0             0             0             0
 CXW                0             0             0             0             0
 MXF                0             0             0             0             0
 MXW                0             0             0             0             0


           BETA
              WEEKEND       CXF           CXW           MXF           MXW
              ________      ________      ________      ________      ________
 STRESSED           1             0             0             0             0
 CMC                0             0             0             0             0
 MIXED              0             0             0             0             0
 FAMILY             0             0             0             0             0
 WEAK_TIE           0             0             0             0             0
 WEEKEND            0             0             0             0             0
 CXF                0             0             0             0             0
 CXW                0             0             0             0             0
 MXF                0             0             0             0             0
 MXW                0             0             0             0             0


           PSI
              STRESSED      CMC           MIXED         FAMILY        WEAK_TIE
              ________      ________      ________      ________      ________
 STRESSED           2
 CMC                0             0
 MIXED              0             0             0
 FAMILY             0             0             0             0
 WEAK_TIE           0             0             0             0             0
 WEEKEND            0             0             0             0             0
 CXF                0             0             0             0             0
 CXW                0             0             0             0             0
 MXF                0             0             0             0             0
 MXW                0             0             0             0             0


           PSI
              WEEKEND       CXF           CXW           MXF           MXW
              ________      ________      ________      ________      ________
 WEEKEND            0
 CXF                0             0
 CXW                0             0             0
 MXF                0             0             0             0
 MXW                0             0             0             0             0


     PARAMETER SPECIFICATION FOR BETWEEN


           NU
              STRESSED      N
              ________      ________
                    0             0


           LAMBDA
              S1            S2            S3            S4            S5
              ________      ________      ________      ________      ________
 STRESSED           0             0             0             0             0
 N                  0             0             0             0             0


           LAMBDA
              S6            S7            S8            STRESSED      N
              ________      ________      ________      ________      ________
 STRESSED           0             0             0             0             0
 N                  0             0             0             0             0


           THETA
              STRESSED      N
              ________      ________
 STRESSED           0
 N                  0             0


           ALPHA
              S1            S2            S3            S4            S5
              ________      ________      ________      ________      ________
                    3             4             5             6             7


           ALPHA
              S6            S7            S8            STRESSED      N
              ________      ________      ________      ________      ________
                    8             9            10            11             0


           BETA
              S1            S2            S3            S4            S5
              ________      ________      ________      ________      ________
 S1                 0             0             0             0             0
 S2                 0             0             0             0             0
 S3                 0             0             0             0             0
 S4                 0             0             0             0             0
 S5                 0             0             0             0             0
 S6                 0             0             0             0             0
 S7                 0             0             0             0             0
 S8                 0             0             0             0             0
 STRESSED           0             0             0             0             0
 N                  0             0             0             0             0


           BETA
              S6            S7            S8            STRESSED      N
              ________      ________      ________      ________      ________
 S1                 0             0             0             0            12
 S2                 0             0             0             0            13
 S3                 0             0             0             0            14
 S4                 0             0             0             0            15
 S5                 0             0             0             0            16
 S6                 0             0             0             0            17
 S7                 0             0             0             0            18
 S8                 0             0             0             0            19
 STRESSED           0             0             0             0            20
 N                  0             0             0             0             0


           PSI
              S1            S2            S3            S4            S5
              ________      ________      ________      ________      ________
 S1                21
 S2                22            23
 S3                24            25            26
 S4                27            28            29            30
 S5                31            32            33            34            35
 S6                36            37            38            39            40
 S7                42            43            44            45            46
 S8                49            50            51            52            53
 STRESSED          57            58            59            60            61
 N                  0             0             0             0             0


           PSI
              S6            S7            S8            STRESSED      N
              ________      ________      ________      ________      ________
 S6                41
 S7                47            48
 S8                54            55            56
 STRESSED          62            63            64            65
 N                  0             0             0             0             0


     STARTING VALUES FOR WITHIN


           NU
              STRESSED      CMC           MIXED         FAMILY        WEAK_TIE
              ________      ________      ________      ________      ________
                0.000         0.000         0.000         0.000         0.000


           NU
              WEEKEND       CXF           CXW           MXF           MXW
              ________      ________      ________      ________      ________
                0.000         0.000         0.000         0.000         0.000


           LAMBDA
              STRESSED      CMC           MIXED         FAMILY        WEAK_TIE
              ________      ________      ________      ________      ________
 STRESSED       1.000         0.000         0.000         0.000         0.000
 CMC            0.000         1.000         0.000         0.000         0.000
 MIXED          0.000         0.000         1.000         0.000         0.000
 FAMILY         0.000         0.000         0.000         1.000         0.000
 WEAK_TIE       0.000         0.000         0.000         0.000         1.000
 WEEKEND        0.000         0.000         0.000         0.000         0.000
 CXF            0.000         0.000         0.000         0.000         0.000
 CXW            0.000         0.000         0.000         0.000         0.000
 MXF            0.000         0.000         0.000         0.000         0.000
 MXW            0.000         0.000         0.000         0.000         0.000


           LAMBDA
              WEEKEND       CXF           CXW           MXF           MXW
              ________      ________      ________      ________      ________
 STRESSED       0.000         0.000         0.000         0.000         0.000
 CMC            0.000         0.000         0.000         0.000         0.000
 MIXED          0.000         0.000         0.000         0.000         0.000
 FAMILY         0.000         0.000         0.000         0.000         0.000
 WEAK_TIE       0.000         0.000         0.000         0.000         0.000
 WEEKEND        1.000         0.000         0.000         0.000         0.000
 CXF            0.000         1.000         0.000         0.000         0.000
 CXW            0.000         0.000         1.000         0.000         0.000
 MXF            0.000         0.000         0.000         1.000         0.000
 MXW            0.000         0.000         0.000         0.000         1.000


           THETA
              STRESSED      CMC           MIXED         FAMILY        WEAK_TIE
              ________      ________      ________      ________      ________
 STRESSED       0.000
 CMC            0.000         0.000
 MIXED          0.000         0.000         0.000
 FAMILY         0.000         0.000         0.000         0.000
 WEAK_TIE       0.000         0.000         0.000         0.000         0.000
 WEEKEND        0.000         0.000         0.000         0.000         0.000
 CXF            0.000         0.000         0.000         0.000         0.000
 CXW            0.000         0.000         0.000         0.000         0.000
 MXF            0.000         0.000         0.000         0.000         0.000
 MXW            0.000         0.000         0.000         0.000         0.000


           THETA
              WEEKEND       CXF           CXW           MXF           MXW
              ________      ________      ________      ________      ________
 WEEKEND        0.000
 CXF            0.000         0.000
 CXW            0.000         0.000         0.000
 MXF            0.000         0.000         0.000         0.000
 MXW            0.000         0.000         0.000         0.000         0.000


           ALPHA
              STRESSED      CMC           MIXED         FAMILY        WEAK_TIE
              ________      ________      ________      ________      ________
                0.000         0.000         0.000         0.000         0.000


           ALPHA
              WEEKEND       CXF           CXW           MXF           MXW
              ________      ________      ________      ________      ________
                0.000         0.000         0.000         0.000         0.000


           BETA
              STRESSED      CMC           MIXED         FAMILY        WEAK_TIE
              ________      ________      ________      ________      ________
 STRESSED       0.000         0.000         0.000         0.000         0.000
 CMC            0.000         0.000         0.000         0.000         0.000
 MIXED          0.000         0.000         0.000         0.000         0.000
 FAMILY         0.000         0.000         0.000         0.000         0.000
 WEAK_TIE       0.000         0.000         0.000         0.000         0.000
 WEEKEND        0.000         0.000         0.000         0.000         0.000
 CXF            0.000         0.000         0.000         0.000         0.000
 CXW            0.000         0.000         0.000         0.000         0.000
 MXF            0.000         0.000         0.000         0.000         0.000
 MXW            0.000         0.000         0.000         0.000         0.000


           BETA
              WEEKEND       CXF           CXW           MXF           MXW
              ________      ________      ________      ________      ________
 STRESSED       0.000         0.000         0.000         0.000         0.000
 CMC            0.000         0.000         0.000         0.000         0.000
 MIXED          0.000         0.000         0.000         0.000         0.000
 FAMILY         0.000         0.000         0.000         0.000         0.000
 WEAK_TIE       0.000         0.000         0.000         0.000         0.000
 WEEKEND        0.000         0.000         0.000         0.000         0.000
 CXF            0.000         0.000         0.000         0.000         0.000
 CXW            0.000         0.000         0.000         0.000         0.000
 MXF            0.000         0.000         0.000         0.000         0.000
 MXW            0.000         0.000         0.000         0.000         0.000


           PSI
              STRESSED      CMC           MIXED         FAMILY        WEAK_TIE
              ________      ________      ________      ________      ________
 STRESSED       0.431
 CMC            0.000         0.087
 MIXED          0.000         0.000         0.052
 FAMILY         0.000         0.000         0.000         0.044
 WEAK_TIE       0.000         0.000         0.000         0.000         0.062
 WEEKEND        0.000         0.000         0.000         0.000         0.000
 CXF            0.000         0.000         0.000         0.000         0.000
 CXW            0.000         0.000         0.000         0.000         0.000
 MXF            0.000         0.000         0.000         0.000         0.000
 MXW            0.000         0.000         0.000         0.000         0.000


           PSI
              WEEKEND       CXF           CXW           MXF           MXW
              ________      ________      ________      ________      ________
 WEEKEND        0.107
 CXF            0.000         0.008
 CXW            0.000         0.000         0.010
 MXF            0.000         0.000         0.000         0.003
 MXW            0.000         0.000         0.000         0.000         0.005


     STARTING VALUES FOR BETWEEN


           NU
              STRESSED      N
              ________      ________
                0.000         0.000


           LAMBDA
              S1            S2            S3            S4            S5
              ________      ________      ________      ________      ________
 STRESSED       0.000         0.000         0.000         0.000         0.000
 N              0.000         0.000         0.000         0.000         0.000


           LAMBDA
              S6            S7            S8            STRESSED      N
              ________      ________      ________      ________      ________
 STRESSED       0.000         0.000         0.000         1.000         0.000
 N              0.000         0.000         0.000         0.000         1.000


           THETA
              STRESSED      N
              ________      ________
 STRESSED       0.000
 N              0.000         0.000


           ALPHA
              S1            S2            S3            S4            S5
              ________      ________      ________      ________      ________
                0.000         0.000         0.000         0.000         0.000


           ALPHA
              S6            S7            S8            STRESSED      N
              ________      ________      ________      ________      ________
                0.000         0.000         0.000         2.091         0.000


           BETA
              S1            S2            S3            S4            S5
              ________      ________      ________      ________      ________
 S1             0.000         0.000         0.000         0.000         0.000
 S2             0.000         0.000         0.000         0.000         0.000
 S3             0.000         0.000         0.000         0.000         0.000
 S4             0.000         0.000         0.000         0.000         0.000
 S5             0.000         0.000         0.000         0.000         0.000
 S6             0.000         0.000         0.000         0.000         0.000
 S7             0.000         0.000         0.000         0.000         0.000
 S8             0.000         0.000         0.000         0.000         0.000
 STRESSED       0.000         0.000         0.000         0.000         0.000
 N              0.000         0.000         0.000         0.000         0.000


           BETA
              S6            S7            S8            STRESSED      N
              ________      ________      ________      ________      ________
 S1             0.000         0.000         0.000         0.000         0.000
 S2             0.000         0.000         0.000         0.000         0.000
 S3             0.000         0.000         0.000         0.000         0.000
 S4             0.000         0.000         0.000         0.000         0.000
 S5             0.000         0.000         0.000         0.000         0.000
 S6             0.000         0.000         0.000         0.000         0.000
 S7             0.000         0.000         0.000         0.000         0.000
 S8             0.000         0.000         0.000         0.000         0.000
 STRESSED       0.000         0.000         0.000         0.000         0.000
 N              0.000         0.000         0.000         0.000         0.000


           PSI
              S1            S2            S3            S4            S5
              ________      ________      ________      ________      ________
 S1             1.000
 S2             0.000         1.000
 S3             0.000         0.000         1.000
 S4             0.000         0.000         0.000         1.000
 S5             0.000         0.000         0.000         0.000         1.000
 S6             0.000         0.000         0.000         0.000         0.000
 S7             0.000         0.000         0.000         0.000         0.000
 S8             0.000         0.000         0.000         0.000         0.000
 STRESSED       0.000         0.000         0.000         0.000         0.000
 N              0.000         0.000         0.000         0.000         0.000


           PSI
              S6            S7            S8            STRESSED      N
              ________      ________      ________      ________      ________
 S6             1.000
 S7             0.000         1.000
 S8             0.000         0.000         1.000
 STRESSED       0.000         0.000         0.000         0.431
 N              0.000         0.000         0.000         0.000         0.280



     PRIORS FOR ALL PARAMETERS            PRIOR MEAN      PRIOR VARIANCE     PRIOR STD. DEV.

     Parameter 1~N(0.000,infinity)           0.0000            infinity            infinity
     Parameter 2~IG(-1.000,0.000)          infinity            infinity            infinity
     Parameter 3~N(0.000,infinity)           0.0000            infinity            infinity
     Parameter 4~N(0.000,infinity)           0.0000            infinity            infinity
     Parameter 5~N(0.000,infinity)           0.0000            infinity            infinity
     Parameter 6~N(0.000,infinity)           0.0000            infinity            infinity
     Parameter 7~N(0.000,infinity)           0.0000            infinity            infinity
     Parameter 8~N(0.000,infinity)           0.0000            infinity            infinity
     Parameter 9~N(0.000,infinity)           0.0000            infinity            infinity
     Parameter 10~N(0.000,infinity)          0.0000            infinity            infinity
     Parameter 11~N(0.000,infinity)          0.0000            infinity            infinity
     Parameter 12~N(0.000,infinity)          0.0000            infinity            infinity
     Parameter 13~N(0.000,infinity)          0.0000            infinity            infinity
     Parameter 14~N(0.000,infinity)          0.0000            infinity            infinity
     Parameter 15~N(0.000,infinity)          0.0000            infinity            infinity
     Parameter 16~N(0.000,infinity)          0.0000            infinity            infinity
     Parameter 17~N(0.000,infinity)          0.0000            infinity            infinity
     Parameter 18~N(0.000,infinity)          0.0000            infinity            infinity
     Parameter 19~N(0.000,infinity)          0.0000            infinity            infinity
     Parameter 20~N(0.000,infinity)          0.0000            infinity            infinity
     Parameter 21~IW(0.000,-10)            infinity            infinity            infinity
     Parameter 22~IW(0.000,-10)            infinity            infinity            infinity
     Parameter 23~IW(0.000,-10)            infinity            infinity            infinity
     Parameter 24~IW(0.000,-10)            infinity            infinity            infinity
     Parameter 25~IW(0.000,-10)            infinity            infinity            infinity
     Parameter 26~IW(0.000,-10)            infinity            infinity            infinity
     Parameter 27~IW(0.000,-10)            infinity            infinity            infinity
     Parameter 28~IW(0.000,-10)            infinity            infinity            infinity
     Parameter 29~IW(0.000,-10)            infinity            infinity            infinity
     Parameter 30~IW(0.000,-10)            infinity            infinity            infinity
     Parameter 31~IW(0.000,-10)            infinity            infinity            infinity
     Parameter 32~IW(0.000,-10)            infinity            infinity            infinity
     Parameter 33~IW(0.000,-10)            infinity            infinity            infinity
     Parameter 34~IW(0.000,-10)            infinity            infinity            infinity
     Parameter 35~IW(0.000,-10)            infinity            infinity            infinity
     Parameter 36~IW(0.000,-10)            infinity            infinity            infinity
     Parameter 37~IW(0.000,-10)            infinity            infinity            infinity
     Parameter 38~IW(0.000,-10)            infinity            infinity            infinity
     Parameter 39~IW(0.000,-10)            infinity            infinity            infinity
     Parameter 40~IW(0.000,-10)            infinity            infinity            infinity
     Parameter 41~IW(0.000,-10)            infinity            infinity            infinity
     Parameter 42~IW(0.000,-10)            infinity            infinity            infinity
     Parameter 43~IW(0.000,-10)            infinity            infinity            infinity
     Parameter 44~IW(0.000,-10)            infinity            infinity            infinity
     Parameter 45~IW(0.000,-10)            infinity            infinity            infinity
     Parameter 46~IW(0.000,-10)            infinity            infinity            infinity
     Parameter 47~IW(0.000,-10)            infinity            infinity            infinity
     Parameter 48~IW(0.000,-10)            infinity            infinity            infinity
     Parameter 49~IW(0.000,-10)            infinity            infinity            infinity
     Parameter 50~IW(0.000,-10)            infinity            infinity            infinity
     Parameter 51~IW(0.000,-10)            infinity            infinity            infinity
     Parameter 52~IW(0.000,-10)            infinity            infinity            infinity
     Parameter 53~IW(0.000,-10)            infinity            infinity            infinity
     Parameter 54~IW(0.000,-10)            infinity            infinity            infinity
     Parameter 55~IW(0.000,-10)            infinity            infinity            infinity
     Parameter 56~IW(0.000,-10)            infinity            infinity            infinity
     Parameter 57~IW(0.000,-10)            infinity            infinity            infinity
     Parameter 58~IW(0.000,-10)            infinity            infinity            infinity
     Parameter 59~IW(0.000,-10)            infinity            infinity            infinity
     Parameter 60~IW(0.000,-10)            infinity            infinity            infinity
     Parameter 61~IW(0.000,-10)            infinity            infinity            infinity
     Parameter 62~IW(0.000,-10)            infinity            infinity            infinity
     Parameter 63~IW(0.000,-10)            infinity            infinity            infinity
     Parameter 64~IW(0.000,-10)            infinity            infinity            infinity
     Parameter 65~IW(0.000,-10)            infinity            infinity            infinity


TECHNICAL 8 OUTPUT


   TECHNICAL 8 OUTPUT FOR BAYES ESTIMATION

     CHAIN    BSEED
     1        0
     2        285380

                     POTENTIAL       PARAMETER WITH
     ITERATION    SCALE REDUCTION      HIGHEST PSR
     100              3.167               40
     200              4.240               40
     300              4.050               45
     400              2.931               16
     500              3.151               16
     600              3.095               35
     700              2.843               16
     800              2.162               16
     900              2.369               55
     1000             2.769               55
     1100             2.481               55
     1200             2.274               32
     1300             2.259               32
     1400             2.150               32
     1500             2.074               32
     1600             2.089               32
     1700             2.019               32
     1800             2.032               32
     1900             1.649               32
     2000             1.473               32
     2100             1.559               56
     2200             1.649               56
     2300             1.705               56
     2400             1.647               56
     2500             1.641               56
     2600             1.626               56
     2700             1.551               56
     2800             1.392               42
     2900             1.361               42
     3000             1.347               31
     3100             1.356               31
     3200             1.325               51
     3300             1.370               51
     3400             1.393               51
     3500             1.379               51
     3600             1.294               51
     3700             1.208               44
     3800             1.239               44
     3900             1.268               44
     4000             1.261               44
     4100             1.261               32
     4200             1.299               32
     4300             1.298               32
     4400             1.364               32
     4500             1.387               32
     4600             1.342               32
     4700             1.281               32
     4800             1.280               48
     4900             1.279               48
     5000             1.248               48
     5100             1.220               48
     5200             1.216               48
     5300             1.236               49
     5400             1.245               49
     5500             1.248               49
     5600             1.265               49
     5700             1.288               49
     5800             1.319               49
     5900             1.334               49
     6000             1.305               49
     6100             1.271               49
     6200             1.240               49
     6300             1.231               46
     6400             1.236               46
     6500             1.238               46
     6600             1.227               46
     6700             1.235               9
     6800             1.253               9
     6900             1.278               9
     7000             1.307               9
     7100             1.319               9
     7200             1.333               9
     7300             1.334               9
     7400             1.329               9
     7500             1.342               9
     7600             1.353               9
     7700             1.362               9
     7800             1.349               9
     7900             1.362               9
     8000             1.363               9
     8100             1.353               9
     8200             1.347               9
     8300             1.336               9
     8400             1.338               9
     8500             1.332               9
     8600             1.308               9
     8700             1.277               9
     8800             1.259               9
     8900             1.236               9
     9000             1.247               50
     9100             1.267               50
     9200             1.284               50
     9300             1.294               50
     9400             1.315               50
     9500             1.326               50
     9600             1.322               50
     9700             1.300               50
     9800             1.290               50
     9900             1.298               50
     10000            1.299               50
     10100            1.286               50
     10200            1.259               50
     10300            1.273               50
     10400            1.280               50
     10500            1.266               50
     10600            1.241               50
     10700            1.227               50
     10800            1.206               50
     10900            1.199               50
     11000            1.195               50
     11100            1.195               9
     11200            1.180               9
     11300            1.160               50
     11400            1.157               9
     11500            1.167               50
     11600            1.171               50
     11700            1.173               50
     11800            1.172               50
     11900            1.161               50
     12000            1.165               50
     12100            1.167               50
     12200            1.172               50
     12300            1.171               50
     12400            1.156               50
     12500            1.156               50
     12600            1.152               50
     12700            1.141               50
     12800            1.138               50
     12900            1.136               50
     13000            1.133               50
     13100            1.129               50
     13200            1.122               50
     13300            1.119               50
     13400            1.110               50
     13500            1.107               50
     13600            1.103               50
     13700            1.105               50
     13800            1.111               50
     13900            1.113               50
     14000            1.113               50
     14100            1.110               50
     14200            1.110               50
     14300            1.122               50
     14400            1.124               50
     14500            1.126               50
     14600            1.131               50
     14700            1.141               50
     14800            1.144               50
     14900            1.147               50
     15000            1.142               50
     15100            1.138               50
     15200            1.126               50
     15300            1.123               50
     15400            1.110               50
     15500            1.103               50
     15600            1.092               50


     Beginning Time:  21:24:06
        Ending Time:  21:37:54
       Elapsed Time:  00:13:48



MUTHEN & MUTHEN
3463 Stoner Ave.
Los Angeles, CA  90066

Tel: (310) 391-9971
Fax: (310) 391-8971
Web: www.StatModel.com
Support: Support@StatModel.com

Copyright (c) 1998-2020 Muthen & Muthen
