Mplus VERSION 8.5 (Mac)
MUTHEN & MUTHEN
03/18/2022   1:17 PM

INPUT INSTRUCTIONS

  TITLE: Analysis 5
  DATA: FILE = analysis4+5_S2.dat;
  VARIABLE:
  NAMES = ID WB content stressed lonely
  FTF CMC mixed peers family weak_ties
  E A C N O gender ethnicity SES weekend;
  USEVARIABLES = WB
  CMC mixed family weak_ties
  weekend E gender ethnicity SES
  cxf cxw mxf mxw;
  CLUSTER = ID;
  WITHIN = CMC mixed family weak_ties weekend
  cxf cxw mxf mxw;
  BETWEEN = E gender ethnicity SES;
  MISSING = .;
  DEFINE:
  CENTER CMC (GROUPMEAN);
  CENTER mixed (GROUPMEAN);
  CENTER family (GROUPMEAN);
  CENTER weak_ties (GROUPMEAN);
  cxf=CMC*family;
  cxw=CMC*weak_ties;
  mxf=mixed*family;
  mxw=mixed*weak_ties;
  CENTER E (GRANDMEAN);
  ANALYSIS: TYPE = TWOLEVEL RANDOM; ESTIMATOR = BAYES;
  BITERATIONS = (10000); PROCESSORS = 2;
  MODEL:
  %WITHIN%
  ! Well-being is predicted by CMC, the slope is random
  S1 | WB ON CMC;
  ! Well-being is predicted by mixed episodes, the slope is random
  S2 | WB ON mixed;
  ! Well-being is predicted by family, the slope is random
  S3 | WB ON family;
  ! Well-being is predicted by weak ties, the slope is random
  S4 | WB ON weak_ties;
  ! Well-being is predicted by CMC*family, the slope is random
  S5 | WB ON cxf;
  ! Well-being is predicted by CMC*weak ties, the slope is random
  S6 | WB ON cxw;
  ! Well-being is predicted by mixed*family, the slope is random
  S7 | WB ON mxf;
  ! Well-being is predicted by mixed*weak ties, the slope is random
  S8 | WB ON mxw;
  ! Control for weekend
  WB ON weekend;
  %BETWEEN%
  ! Covariance between intercept and slopes
  WB S1-S8 WITH WB S1-S8;
  ! The intercept is predicted by extraversion
  WB ON E;
  ! The slopes are predicted by extraversion
  S1-S8 ON E;
  ! Control for demographic variables
  WB ON gender ethnicity SES;
  OUTPUT: STDYX STDY TECH8;



*** WARNING in VARIABLE command
  Note that only the first 8 characters of variable names are used in the output.
  Shorten variable names to avoid any confusion.
*** WARNING
  One or more individual-level variables have no variation within a
  cluster for the following clusters.

     Variable   Cluster IDs with no within-cluster variation

      WB          134
      WEEKEND     316 368 502 134 293 307 650 197 680 700 326 849 668
      CXF         316 368 215 502 134 293 703 307 650 197 362 216 382 783 118 72 428 680 700 320
                  212 657 483 133 736 578 498 480 677 325 698 777 533 836 849 398 599 747 501
                  417 425 631 10 804 107 668 644 563 276 672 92 126 814 217 343 99 506 172 608
                  848 740 387 137 842 435 371 361 318 279 179 854 542 794 221 78 26 123 12 45
                  520 695 772 470 241 108 531 202 769 596 771 294 464 164 138 177 845 522 784
                  481 82 474 838 782 49 458 659 824 57 87 20 739 136 405 401 758 459 22 773 514
                  850 654 572 465 499
      CXW         316 368 215 502 134 293 703 307 650 776 216 382 783 118 680 320 657 133 736
                  498 621 326 220 194 836 599 501 10 107 668 644 563 276 92 142 126 451 244 302
                  40 463 704 748 179 542 36 635 221 718 421 380 695 471 241 222 531 202 754 67
                  516 177 583 87 756 809 667 573 738 386 378 540 444
      MXF         316 368 215 502 134 293 703 307 650 197 776 362 216 382 783 118 72 428 680 700
                  320 212 657 483 133 736 578 498 621 363 38 480 677 325 698 194 777 533 836 849
                  155 398 599 602 747 501 417 425 631 10 804 107 668 91 757 563 276 672 126 814
                  130 451 763 427 217 343 99 40 506 143 576 172 32 608 377 848 740 707 387 821
                  137 842 435 371 713 361 318 279 179 628 854 630 542 794 592 78 26 123 305 614
                  354 12 562 45 116 520 41 737 71 817 695 772 470 509 241 108 656 785 531 769
                  232 226 639 596 771 294 516 272 464 284 164 138 177 845 522 784 690 481 82 176
                  474 838 782 49 458 659 824 57 87 52 20 739 136 405 401 758 459 22 667 773 319
                  696 674 514 850 654 572 465 499
      MXW         316 368 215 502 134 293 703 307 650 776 362 216 382 118 428 680 700 320 657
                  736 578 498 621 363 326 38 220 677 194 533 836 155 599 602 501 417 631 10 804
                  107 668 91 757 563 276 142 126 130 451 244 302 763 427 217 40 506 143 576 463
                  32 377 848 704 707 821 137 371 713 748 179 628 630 542 36 592 635 78 305 718
                  614 354 421 562 116 520 41 737 380 71 817 695 509 471 241 656 222 785 531 202
                  754 232 226 639 67 294 516 272 464 284 177 784 690 176 583 87 52 401 756 809
                  667 573 319 696 738 386 674 378 540 444 514

*** WARNING
  Data set contains cases with missing on x-variables.
  These cases were not included in the analysis.
  Number of cases with missing on x-variables:  8895
*** WARNING
  Data set contains cases with missing on all variables except
  x-variables.  These cases were not included in the analysis.
  Number of cases with missing on all variables except x-variables:  7
   4 WARNING(S) FOUND IN THE INPUT INSTRUCTIONS



Analysis 5

SUMMARY OF ANALYSIS

Number of groups                                                 1
Number of observations                                        5117

Number of dependent variables                                    1
Number of independent variables                                 13
Number of continuous latent variables                            8

Observed dependent variables

  Continuous
   WB

Observed independent variables
   CMC         MIXED       FAMILY      WEAK_TIE    WEEKEND     E
   GENDER      ETHNICIT    SES         CXF         CXW         MXF
   MXW

Continuous latent variables
   S1          S2          S3          S4          S5          S6
   S7          S8

Variables with special functions

  Cluster variable      ID

  Within variables
   CMC         MIXED       FAMILY      WEAK_TIE    WEEKEND     CXF
   CXW         MXF         MXW

  Between variables
   E           GENDER      ETHNICIT    SES

  Centering (GRANDMEAN)
   E

  Centering (GROUPMEAN)
   CMC         MIXED       FAMILY      WEAK_TIE


Estimator                                                    BAYES
Specifications for Bayesian Estimation
  Point estimate                                            MEDIAN
  Number of Markov chain Monte Carlo (MCMC) chains               2
  Random seed for the first chain                                0
  Starting value information                           UNPERTURBED
  Algorithm used for Markov chain Monte Carlo           GIBBS(PX1)
  Convergence criterion                                  0.500D-01
  Maximum number of iterations                               50000
  K-th iteration used for thinning                               1

Input data file(s)
  analysis4+5_S2.dat
Input data format  FREE


SUMMARY OF DATA

     Number of clusters                        305

       Size (s)    Cluster ID with Size s

          1        46 157 277 301 350 450 603 723
          2        316 368 215 502 134 293 703 307
          3        650 197 776
          4        362 216 382 783 118
          5        72 428 680 700 320 212
          6        657 483 133 736 578 498 621 363
          7        589 326 38 220 370 480 677 325 698
          8        366 194 777 243 533 812 836 849 23
          9        155 398 599 602 747 501 417 425 631 10 804 107 29 668
         10        91 644 757 563 276 672 92 432 142 126 814 130 451 244
         11        302 467 538 763 427 217 566 343 99 40 506 847
         12        143 576 95 463 789 172 32 608 377 158 162 848 740
         13        704 707 387 819 821 770 267 137 842 435
         14        371 713 190 361 318 279 748 179 628 766 854 630
         15        542 794 264 36 685 744 592 692 635 221 78 26 123 305
                   718 614 354 12
         16        245 421 562 400 43 717 174 551 45 116
         17        327 520 41 225 737 380 71 817 695 641 191 772 470 509
                   471 241
         18        31 108 656 715 403 622 222 525 726 681 528 785 531 159
                   160 202
         19        640 754 769 232 226 364 639 694 665
         20        732 66 798 250 596 771 67 294 516 670 127 367
         21        272 464 101 284 164 249
         22        138 177 845 569 522 784 63 690 607
         23        527 775 481 82 176 853 146
         24        474 838 583 808 460 782 234 49
         25        458 709 659 693 824 57 87 52 385 833 20
         26        739 136 405
         27        647 699 401 493 534 756 758 388 459 391 22
         28        446 809 530 167 186 667
         29        573 773
         30        319 795
         31        625 696 252 529 738 652 386
         32        323 636
         33        674 378
         34        581 540 476 439 444
         35        514
         37        850
         38        273 780 654 308
         39        767 572
         40        418
         41        141 465
         44        499



COVARIANCE COVERAGE OF DATA

Minimum covariance coverage value   0.100

     Number of missing data patterns             1


     PROPORTION OF DATA PRESENT


           Covariance Coverage
              WB            CMC           MIXED         FAMILY        WEAK_TIE
              ________      ________      ________      ________      ________
 WB             1.000
 CMC            1.000         1.000
 MIXED          1.000         1.000         1.000
 FAMILY         1.000         1.000         1.000         1.000
 WEAK_TIE       1.000         1.000         1.000         1.000         1.000
 WEEKEND        1.000         1.000         1.000         1.000         1.000
 CXF            1.000         1.000         1.000         1.000         1.000
 CXW            1.000         1.000         1.000         1.000         1.000
 MXF            1.000         1.000         1.000         1.000         1.000
 MXW            1.000         1.000         1.000         1.000         1.000
 E              1.000         1.000         1.000         1.000         1.000
 GENDER         1.000         1.000         1.000         1.000         1.000
 ETHNICIT       1.000         1.000         1.000         1.000         1.000
 SES            1.000         1.000         1.000         1.000         1.000


           Covariance Coverage
              WEEKEND       CXF           CXW           MXF           MXW
              ________      ________      ________      ________      ________
 WEEKEND        1.000
 CXF            1.000         1.000
 CXW            1.000         1.000         1.000
 MXF            1.000         1.000         1.000         1.000
 MXW            1.000         1.000         1.000         1.000         1.000
 E              1.000         1.000         1.000         1.000         1.000
 GENDER         1.000         1.000         1.000         1.000         1.000
 ETHNICIT       1.000         1.000         1.000         1.000         1.000
 SES            1.000         1.000         1.000         1.000         1.000


           Covariance Coverage
              E             GENDER        ETHNICIT      SES
              ________      ________      ________      ________
 E              1.000
 GENDER         1.000         1.000
 ETHNICIT       1.000         1.000         1.000
 SES            1.000         1.000         1.000         1.000



UNIVARIATE SAMPLE STATISTICS


     UNIVARIATE HIGHER-ORDER MOMENT DESCRIPTIVE STATISTICS

         Variable/         Mean/     Skewness/   Minimum/ % with                Percentiles
        Sample Size      Variance    Kurtosis    Maximum  Min/Max      20%/60%    40%/80%    Median

     WB                    3.034      -0.545       1.000    1.06%       2.333      3.000      3.000
            5117.000       0.437      -0.036       4.000   11.45%       3.333      3.667
     CMC                   0.000       0.528      -0.926    0.04%      -0.333     -0.200     -0.143
            5117.000       0.179      -0.805       0.963    0.02%      -0.067      0.480
     MIXED                 0.000       1.702      -0.833    0.02%      -0.200     -0.100     -0.067
            5117.000       0.100       2.163       0.969    0.02%      -0.038      0.000
     FAMILY                0.000       1.524      -0.941    0.04%      -0.154     -0.056     -0.036
            5117.000       0.086       2.789       0.974    0.02%       0.000      0.000
     WEAK_TIES             0.000       1.295      -0.846    0.08%      -0.200     -0.125     -0.080
            5117.000       0.120       1.030       0.974    0.02%      -0.045      0.000
     WEEKEND               0.309       0.827       0.000   69.10%       0.000      0.000      0.000
            5117.000       0.214      -1.316       1.000   30.90%       0.000      1.000
     CXF                   0.004       0.966      -0.754    0.04%      -0.037      0.000      0.000
            5117.000       0.017      10.683       0.832    0.02%       0.000      0.034
     CXW                  -0.028      -0.695      -0.892    0.02%      -0.096     -0.012      0.000
            5117.000       0.019       6.787       0.773    0.04%       0.006      0.038
     MXF                  -0.005       1.454      -0.710    0.02%       0.000      0.000      0.000
            5117.000       0.006      36.536       0.816    0.02%       0.000      0.011
     MXW                  -0.007       1.457      -0.814    0.02%      -0.017      0.000      0.000
            5117.000       0.009      20.284       0.839    0.02%       0.004      0.021
     E                     0.000       0.064      -1.915    0.66%      -0.790     -0.165     -0.040
             305.000       0.702      -0.528       1.960    0.33%       0.210      0.710
     GENDER                0.649      -0.625       0.000   35.08%       0.000      1.000      1.000
             305.000       0.228      -1.609       1.000   64.92%       1.000      1.000
     ETHNICITY             0.679      -0.765       0.000   32.13%       0.000      1.000      1.000
             305.000       0.218      -1.414       1.000   67.87%       1.000      1.000
     SES                   0.869      -2.185       0.000   13.11%       1.000      1.000      1.000
             305.000       0.114       2.776       1.000   86.89%       1.000      1.000


THE MODEL ESTIMATION TERMINATED NORMALLY

     USE THE FBITERATIONS OPTION TO INCREASE THE NUMBER OF ITERATIONS BY A FACTOR
     OF AT LEAST TWO TO CHECK CONVERGENCE AND THAT THE PSR VALUE DOES NOT INCREASE.



MODEL FIT INFORMATION

Number of Free Parameters                              68

Information Criteria

          Deviance (DIC)                         7837.292
          Estimated Number of Parameters (pD)     648.295



MODEL RESULTS

                                Posterior  One-Tailed         95% C.I.
                    Estimate       S.D.      P-Value   Lower 2.5%  Upper 2.5%  Significance

Within Level

 WB         ON
    WEEKEND            0.112       0.017      0.000       0.080       0.145      *

 Residual Variances
    WB                 0.239       0.005      0.000       0.229       0.249      *

Between Level

 S1         ON
    E                  0.046       0.030      0.063      -0.013       0.103

 S2         ON
    E                  0.001       0.044      0.488      -0.088       0.084

 S3         ON
    E                 -0.012       0.043      0.377      -0.097       0.072

 S4         ON
    E                 -0.012       0.035      0.359      -0.081       0.057

 S5         ON
    E                 -0.048       0.105      0.319      -0.258       0.157

 S6         ON
    E                 -0.020       0.085      0.417      -0.184       0.140

 S7         ON
    E                 -0.038       0.198      0.430      -0.416       0.371

 S8         ON
    E                  0.151       0.140      0.137      -0.111       0.434

 WB         ON
    E                  0.008       0.031      0.399      -0.052       0.068
    GENDER            -0.055       0.053      0.141      -0.158       0.049
    ETHNICITY         -0.112       0.053      0.020      -0.213      -0.007      *
    SES               -0.103       0.075      0.086      -0.248       0.044

 WB       WITH
    S1                 0.026       0.012      0.011       0.003       0.050      *
    S2                 0.021       0.015      0.071      -0.007       0.051
    S3                -0.006       0.016      0.354      -0.036       0.026
    S4                -0.022       0.014      0.048      -0.050       0.004
    S5                -0.045       0.038      0.115      -0.123       0.026
    S6                -0.025       0.033      0.237      -0.084       0.043
    S7                 0.001       0.075      0.494      -0.136       0.163
    S8                 0.010       0.054      0.425      -0.099       0.112

 S1       WITH
    S2                 0.032       0.010      0.000       0.014       0.055      *
    S3                -0.011       0.013      0.193      -0.036       0.014
    S4                 0.005       0.012      0.314      -0.017       0.028
    S5                 0.018       0.031      0.281      -0.046       0.079
    S6                -0.017       0.025      0.229      -0.067       0.032
    S7                -0.023       0.056      0.332      -0.136       0.082
    S8                -0.064       0.038      0.040      -0.142       0.008

 S2       WITH
    S3                -0.015       0.014      0.133      -0.042       0.012
    S4                 0.003       0.013      0.392      -0.021       0.031
    S5                 0.008       0.034      0.403      -0.060       0.075
    S6                -0.018       0.028      0.241      -0.073       0.041
    S7                -0.032       0.052      0.266      -0.133       0.072
    S8                -0.047       0.035      0.081      -0.115       0.020

 S3       WITH
    S4                 0.006       0.015      0.334      -0.022       0.036
    S5                -0.025       0.036      0.221      -0.104       0.043
    S6                 0.006       0.027      0.414      -0.050       0.057
    S7                 0.044       0.060      0.211      -0.064       0.173
    S8                 0.033       0.045      0.225      -0.055       0.120

 S4       WITH
    S5                 0.021       0.038      0.285      -0.057       0.093
    S6                 0.024       0.026      0.148      -0.016       0.085
    S7                -0.020       0.051      0.347      -0.117       0.080
    S8                 0.040       0.041      0.137      -0.031       0.128

 S5       WITH
    S6                 0.073       0.071      0.143      -0.064       0.214
    S7                -0.027       0.155      0.433      -0.321       0.271
    S8                -0.062       0.117      0.282      -0.314       0.161

 S6       WITH
    S7                 0.011       0.101      0.448      -0.185       0.230
    S8                 0.043       0.075      0.260      -0.088       0.214

 S7       WITH
    S8                -0.021       0.157      0.446      -0.312       0.312

 Intercepts
    WB                 3.187       0.092      0.000       3.011       3.367      *
    S1                -0.234       0.024      0.000      -0.281      -0.187      *
    S2                -0.075       0.030      0.013      -0.131      -0.010      *
    S3                 0.005       0.035      0.445      -0.069       0.073
    S4                -0.142       0.031      0.000      -0.204      -0.083      *
    S5                 0.002       0.085      0.493      -0.169       0.171
    S6                 0.132       0.069      0.027      -0.004       0.271
    S7                 0.080       0.152      0.303      -0.243       0.352
    S8                 0.017       0.108      0.437      -0.195       0.227

 Residual Variances
    WB                 0.176       0.017      0.000       0.146       0.214      *
    S1                 0.052       0.012      0.000       0.031       0.080      *
    S2                 0.043       0.016      0.000       0.020       0.081      *
    S3                 0.058       0.020      0.000       0.028       0.107      *
    S4                 0.056       0.018      0.000       0.024       0.098      *
    S5                 0.380       0.140      0.000       0.169       0.702      *
    S6                 0.142       0.062      0.000       0.052       0.296      *
    S7                 0.614       0.299      0.000       0.200       1.352      *
    S8                 0.454       0.179      0.000       0.199       0.896      *


STANDARDIZED MODEL RESULTS


STDYX Standardization

                                Posterior  One-Tailed         95% C.I.
                    Estimate       S.D.      P-Value   Lower 2.5%  Upper 2.5%  Significance

Within-Level Standardized Estimates Averaged Over Clusters

 S1 | WB ON
    CMC               -0.163       0.014      0.000      -0.191      -0.137      *

 S2 | WB ON
    MIXED             -0.035       0.013      0.004      -0.058      -0.010      *

 S3 | WB ON
    FAMILY             0.001       0.012      0.461      -0.024       0.025

 S4 | WB ON
    WEAK_TIES         -0.079       0.015      0.000      -0.109      -0.052      *

 S5 | WB ON
    CXF                0.003       0.010      0.393      -0.017       0.023

 S6 | WB ON
    CXW                0.022       0.013      0.033      -0.002       0.049

 S7 | WB ON
    MXF                0.003       0.008      0.355      -0.013       0.019

 S8 | WB ON
    MXW                0.002       0.010      0.412      -0.021       0.021

 WB         ON
    WEEKEND            0.087       0.013      0.000       0.063       0.112      *

 Residual Variances
    WB                 0.864       0.009      0.000       0.846       0.881      *

Between Level

 S1         ON
    E                  0.113       0.075      0.063      -0.032       0.258

 S2         ON
    E                  0.003       0.122      0.488      -0.229       0.245

 S3         ON
    E                 -0.029       0.100      0.377      -0.228       0.169

 S4         ON
    E                 -0.030       0.085      0.359      -0.196       0.137

 S5         ON
    E                 -0.045       0.098      0.319      -0.241       0.145

 S6         ON
    E                 -0.029       0.130      0.417      -0.280       0.221

 S7         ON
    E                 -0.026       0.147      0.430      -0.310       0.280

 S8         ON
    E                  0.128       0.115      0.137      -0.097       0.347

 WB         ON
    E                  0.011       0.041      0.399      -0.069       0.090
    GENDER            -0.043       0.041      0.141      -0.121       0.037
    ETHNICITY         -0.089       0.042      0.020      -0.168      -0.005      *
    SES               -0.060       0.043      0.086      -0.142       0.025

 WB       WITH
    S1                 0.271       0.116      0.011       0.035       0.492      *
    S2                 0.241       0.159      0.071      -0.087       0.539
    S3                -0.058       0.152      0.354      -0.348       0.235
    S4                -0.231       0.136      0.048      -0.490       0.042
    S5                -0.177       0.143      0.115      -0.447       0.105
    S6                -0.160       0.206      0.237      -0.518       0.266
    S7                 0.003       0.219      0.494      -0.392       0.451
    S8                 0.035       0.188      0.425      -0.360       0.377

 S1       WITH
    S2                 0.688       0.134      0.000       0.380       0.888      *
    S3                -0.198       0.223      0.193      -0.618       0.247
    S4                 0.103       0.208      0.314      -0.348       0.473
    S5                 0.135       0.217      0.281      -0.316       0.526
    S6                -0.210       0.276      0.229      -0.701       0.387
    S7                -0.141       0.289      0.332      -0.619       0.463
    S8                -0.439       0.219      0.040      -0.773       0.058

 S2       WITH
    S3                -0.312       0.258      0.133      -0.763       0.215
    S4                 0.070       0.277      0.392      -0.405       0.664
    S5                 0.065       0.255      0.403      -0.401       0.572
    S6                -0.241       0.342      0.241      -0.742       0.624
    S7                -0.200       0.310      0.266      -0.751       0.421
    S8                -0.358       0.229      0.081      -0.733       0.142

 S3       WITH
    S4                 0.112       0.246      0.334      -0.368       0.558
    S5                -0.178       0.225      0.221      -0.602       0.275
    S6                 0.067       0.282      0.414      -0.501       0.572
    S7                 0.245       0.272      0.211      -0.355       0.671
    S8                 0.212       0.264      0.225      -0.314       0.675

 S4       WITH
    S5                 0.155       0.251      0.285      -0.353       0.601
    S6                 0.293       0.246      0.148      -0.208       0.717
    S7                -0.114       0.264      0.347      -0.564       0.440
    S8                 0.265       0.228      0.137      -0.219       0.672

 S5       WITH
    S6                 0.330       0.271      0.143      -0.310       0.724
    S7                -0.058       0.315      0.433      -0.654       0.529
    S8                -0.161       0.267      0.282      -0.663       0.371

 S6       WITH
    S7                 0.041       0.304      0.448      -0.555       0.575
    S8                 0.186       0.266      0.260      -0.335       0.674

 S7       WITH
    S8                -0.041       0.288      0.446      -0.585       0.509

 Intercepts
    WB                 7.528       0.398      0.000       6.762       8.305      *
    S1                -1.018       0.161      0.000      -1.379      -0.745      *
    S2                -0.360       0.168      0.013      -0.710      -0.045      *
    S3                 0.021       0.146      0.445      -0.275       0.306
    S4                -0.606       0.169      0.000      -0.981      -0.324      *
    S5                 0.003       0.141      0.493      -0.272       0.296
    S6                 0.349       0.214      0.027      -0.010       0.845
    S7                 0.101       0.202      0.303      -0.301       0.492
    S8                 0.025       0.163      0.437      -0.286       0.360

 Residual Variances
    WB                 0.982       0.012      0.000       0.953       0.996      *
    S1                 0.987       0.018      0.000       0.933       1.000      *
    S2                 0.993       0.020      0.000       0.927       1.000      *
    S3                 0.995       0.015      0.000       0.945       1.000      *
    S4                 0.996       0.012      0.000       0.959       1.000      *
    S5                 0.995       0.017      0.000       0.941       1.000      *
    S6                 0.991       0.024      0.000       0.913       1.000      *
    S7                 0.990       0.032      0.000       0.880       1.000      *
    S8                 0.983       0.034      0.000       0.880       1.000      *


STDY Standardization

                                Posterior  One-Tailed         95% C.I.
                    Estimate       S.D.      P-Value   Lower 2.5%  Upper 2.5%  Significance

Within-Level Standardized Estimates Averaged Over Clusters

 S1 | WB ON
    CMC               -0.436       0.038      0.000      -0.508      -0.362      *

 S2 | WB ON
    MIXED             -0.147       0.056      0.007      -0.250      -0.034      *

 S3 | WB ON
    FAMILY             0.000       0.066      0.495      -0.146       0.123

 S4 | WB ON
    WEAK_TIES         -0.272       0.052      0.000      -0.381      -0.174      *

 S5 | WB ON
    CXF                0.017       0.147      0.456      -0.282       0.314

 S6 | WB ON
    CXW                0.217       0.130      0.041      -0.034       0.494

 S7 | WB ON
    MXF                0.002       0.265      0.497      -0.509       0.553

 S8 | WB ON
    MXW                0.014       0.204      0.471      -0.447       0.405

 WB         ON
    WEEKEND            0.212       0.031      0.000       0.152       0.273      *

 Residual Variances
    WB                 0.864       0.009      0.000       0.846       0.881      *

Between Level

 S1         ON
    E                  0.198       0.131      0.063      -0.056       0.454

 S2         ON
    E                  0.006       0.214      0.488      -0.402       0.430

 S3         ON
    E                 -0.052       0.176      0.377      -0.400       0.297

 S4         ON
    E                 -0.052       0.150      0.359      -0.345       0.241

 S5         ON
    E                 -0.079       0.172      0.319      -0.423       0.254

 S6         ON
    E                 -0.051       0.228      0.417      -0.491       0.388

 S7         ON
    E                 -0.046       0.259      0.430      -0.546       0.492

 S8         ON
    E                  0.224       0.202      0.137      -0.170       0.609

 WB         ON
    E                  0.019       0.073      0.399      -0.121       0.158
    GENDER            -0.131       0.125      0.141      -0.372       0.114
    ETHNICITY         -0.265       0.125      0.020      -0.500      -0.016      *
    SES               -0.243       0.174      0.086      -0.580       0.103

 WB       WITH
    S1                 0.271       0.116      0.011       0.035       0.492      *
    S2                 0.241       0.159      0.071      -0.087       0.539
    S3                -0.058       0.152      0.354      -0.348       0.235
    S4                -0.231       0.136      0.048      -0.490       0.042
    S5                -0.177       0.143      0.115      -0.447       0.105
    S6                -0.160       0.206      0.237      -0.518       0.266
    S7                 0.003       0.219      0.494      -0.392       0.451
    S8                 0.035       0.188      0.425      -0.360       0.377

 S1       WITH
    S2                 0.688       0.134      0.000       0.380       0.888      *
    S3                -0.198       0.223      0.193      -0.618       0.247
    S4                 0.103       0.208      0.314      -0.348       0.473
    S5                 0.135       0.217      0.281      -0.316       0.526
    S6                -0.210       0.276      0.229      -0.701       0.387
    S7                -0.141       0.289      0.332      -0.619       0.463
    S8                -0.439       0.219      0.040      -0.773       0.058

 S2       WITH
    S3                -0.312       0.258      0.133      -0.763       0.215
    S4                 0.070       0.277      0.392      -0.405       0.664
    S5                 0.065       0.255      0.403      -0.401       0.572
    S6                -0.241       0.342      0.241      -0.742       0.624
    S7                -0.200       0.310      0.266      -0.751       0.421
    S8                -0.358       0.229      0.081      -0.733       0.142

 S3       WITH
    S4                 0.112       0.246      0.334      -0.368       0.558
    S5                -0.178       0.225      0.221      -0.602       0.275
    S6                 0.067       0.282      0.414      -0.501       0.572
    S7                 0.245       0.272      0.211      -0.355       0.671
    S8                 0.212       0.264      0.225      -0.314       0.675

 S4       WITH
    S5                 0.155       0.251      0.285      -0.353       0.601
    S6                 0.293       0.246      0.148      -0.208       0.717
    S7                -0.114       0.264      0.347      -0.564       0.440
    S8                 0.265       0.228      0.137      -0.219       0.672

 S5       WITH
    S6                 0.330       0.271      0.143      -0.310       0.724
    S7                -0.058       0.315      0.433      -0.654       0.529
    S8                -0.161       0.267      0.282      -0.663       0.371

 S6       WITH
    S7                 0.041       0.304      0.448      -0.555       0.575
    S8                 0.186       0.266      0.260      -0.335       0.674

 S7       WITH
    S8                -0.041       0.288      0.446      -0.585       0.509

 Intercepts
    WB                 7.528       0.398      0.000       6.762       8.305      *
    S1                -1.018       0.161      0.000      -1.379      -0.745      *
    S2                -0.360       0.168      0.013      -0.710      -0.045      *
    S3                 0.021       0.146      0.445      -0.275       0.306
    S4                -0.606       0.169      0.000      -0.981      -0.324      *
    S5                 0.003       0.141      0.493      -0.272       0.296
    S6                 0.349       0.214      0.027      -0.010       0.845
    S7                 0.101       0.202      0.303      -0.301       0.492
    S8                 0.025       0.163      0.437      -0.286       0.360

 Residual Variances
    WB                 0.982       0.012      0.000       0.953       0.996      *
    S1                 0.987       0.018      0.000       0.933       1.000      *
    S2                 0.993       0.020      0.000       0.927       1.000      *
    S3                 0.995       0.015      0.000       0.945       1.000      *
    S4                 0.996       0.012      0.000       0.959       1.000      *
    S5                 0.995       0.017      0.000       0.941       1.000      *
    S6                 0.991       0.024      0.000       0.913       1.000      *
    S7                 0.990       0.032      0.000       0.880       1.000      *
    S8                 0.983       0.034      0.000       0.880       1.000      *


R-SQUARE

Within-Level R-Square Averaged Across Clusters

                                Posterior  One-Tailed         95% C.I.
    Variable        Estimate       S.D.      P-Value   Lower 2.5%  Upper 2.5%

    WB                 0.136       0.009      0.000       0.119       0.154

Between Level

                                Posterior  One-Tailed         95% C.I.
    Variable        Estimate       S.D.      P-Value   Lower 2.5%  Upper 2.5%

    WB                 0.018       0.012      0.000       0.004       0.047

                                Posterior  One-Tailed         95% C.I.
    Variable        Estimate       S.D.      P-Value   Lower 2.5%  Upper 2.5%

    S1                 0.013       0.018      0.000       0.000       0.067
    S2                 0.007       0.020      0.000       0.000       0.073
    S3                 0.005       0.015      0.000       0.000       0.055
    S4                 0.004       0.012      0.000       0.000       0.041
    S5                 0.005       0.017      0.000       0.000       0.059
    S6                 0.009       0.024      0.000       0.000       0.087
    S7                 0.010       0.032      0.000       0.000       0.120
    S8                 0.017       0.034      0.000       0.000       0.120


TECHNICAL 1 OUTPUT


     PARAMETER SPECIFICATION FOR WITHIN


           NU
              WB            CMC           MIXED         FAMILY        WEAK_TIE
              ________      ________      ________      ________      ________
                    0             0             0             0             0


           NU
              WEEKEND       CXF           CXW           MXF           MXW
              ________      ________      ________      ________      ________
                    0             0             0             0             0


           LAMBDA
              WB            CMC           MIXED         FAMILY        WEAK_TIE
              ________      ________      ________      ________      ________
 WB                 0             0             0             0             0
 CMC                0             0             0             0             0
 MIXED              0             0             0             0             0
 FAMILY             0             0             0             0             0
 WEAK_TIE           0             0             0             0             0
 WEEKEND            0             0             0             0             0
 CXF                0             0             0             0             0
 CXW                0             0             0             0             0
 MXF                0             0             0             0             0
 MXW                0             0             0             0             0


           LAMBDA
              WEEKEND       CXF           CXW           MXF           MXW
              ________      ________      ________      ________      ________
 WB                 0             0             0             0             0
 CMC                0             0             0             0             0
 MIXED              0             0             0             0             0
 FAMILY             0             0             0             0             0
 WEAK_TIE           0             0             0             0             0
 WEEKEND            0             0             0             0             0
 CXF                0             0             0             0             0
 CXW                0             0             0             0             0
 MXF                0             0             0             0             0
 MXW                0             0             0             0             0


           THETA
              WB            CMC           MIXED         FAMILY        WEAK_TIE
              ________      ________      ________      ________      ________
 WB                 0
 CMC                0             0
 MIXED              0             0             0
 FAMILY             0             0             0             0
 WEAK_TIE           0             0             0             0             0
 WEEKEND            0             0             0             0             0
 CXF                0             0             0             0             0
 CXW                0             0             0             0             0
 MXF                0             0             0             0             0
 MXW                0             0             0             0             0


           THETA
              WEEKEND       CXF           CXW           MXF           MXW
              ________      ________      ________      ________      ________
 WEEKEND            0
 CXF                0             0
 CXW                0             0             0
 MXF                0             0             0             0
 MXW                0             0             0             0             0


           ALPHA
              WB            CMC           MIXED         FAMILY        WEAK_TIE
              ________      ________      ________      ________      ________
                    0             0             0             0             0


           ALPHA
              WEEKEND       CXF           CXW           MXF           MXW
              ________      ________      ________      ________      ________
                    0             0             0             0             0


           BETA
              WB            CMC           MIXED         FAMILY        WEAK_TIE
              ________      ________      ________      ________      ________
 WB                 0             0             0             0             0
 CMC                0             0             0             0             0
 MIXED              0             0             0             0             0
 FAMILY             0             0             0             0             0
 WEAK_TIE           0             0             0             0             0
 WEEKEND            0             0             0             0             0
 CXF                0             0             0             0             0
 CXW                0             0             0             0             0
 MXF                0             0             0             0             0
 MXW                0             0             0             0             0


           BETA
              WEEKEND       CXF           CXW           MXF           MXW
              ________      ________      ________      ________      ________
 WB                 1             0             0             0             0
 CMC                0             0             0             0             0
 MIXED              0             0             0             0             0
 FAMILY             0             0             0             0             0
 WEAK_TIE           0             0             0             0             0
 WEEKEND            0             0             0             0             0
 CXF                0             0             0             0             0
 CXW                0             0             0             0             0
 MXF                0             0             0             0             0
 MXW                0             0             0             0             0


           PSI
              WB            CMC           MIXED         FAMILY        WEAK_TIE
              ________      ________      ________      ________      ________
 WB                 2
 CMC                0             0
 MIXED              0             0             0
 FAMILY             0             0             0             0
 WEAK_TIE           0             0             0             0             0
 WEEKEND            0             0             0             0             0
 CXF                0             0             0             0             0
 CXW                0             0             0             0             0
 MXF                0             0             0             0             0
 MXW                0             0             0             0             0


           PSI
              WEEKEND       CXF           CXW           MXF           MXW
              ________      ________      ________      ________      ________
 WEEKEND            0
 CXF                0             0
 CXW                0             0             0
 MXF                0             0             0             0
 MXW                0             0             0             0             0


     PARAMETER SPECIFICATION FOR BETWEEN


           NU
              WB            E             GENDER        ETHNICIT      SES
              ________      ________      ________      ________      ________
                    0             0             0             0             0


           LAMBDA
              S1            S2            S3            S4            S5
              ________      ________      ________      ________      ________
 WB                 0             0             0             0             0
 E                  0             0             0             0             0
 GENDER             0             0             0             0             0
 ETHNICIT           0             0             0             0             0
 SES                0             0             0             0             0


           LAMBDA
              S6            S7            S8            WB            E
              ________      ________      ________      ________      ________
 WB                 0             0             0             0             0
 E                  0             0             0             0             0
 GENDER             0             0             0             0             0
 ETHNICIT           0             0             0             0             0
 SES                0             0             0             0             0


           LAMBDA
              GENDER        ETHNICIT      SES
              ________      ________      ________
 WB                 0             0             0
 E                  0             0             0
 GENDER             0             0             0
 ETHNICIT           0             0             0
 SES                0             0             0


           THETA
              WB            E             GENDER        ETHNICIT      SES
              ________      ________      ________      ________      ________
 WB                 0
 E                  0             0
 GENDER             0             0             0
 ETHNICIT           0             0             0             0
 SES                0             0             0             0             0


           ALPHA
              S1            S2            S3            S4            S5
              ________      ________      ________      ________      ________
                    3             4             5             6             7


           ALPHA
              S6            S7            S8            WB            E
              ________      ________      ________      ________      ________
                    8             9            10            11             0


           ALPHA
              GENDER        ETHNICIT      SES
              ________      ________      ________
                    0             0             0


           BETA
              S1            S2            S3            S4            S5
              ________      ________      ________      ________      ________
 S1                 0             0             0             0             0
 S2                 0             0             0             0             0
 S3                 0             0             0             0             0
 S4                 0             0             0             0             0
 S5                 0             0             0             0             0
 S6                 0             0             0             0             0
 S7                 0             0             0             0             0
 S8                 0             0             0             0             0
 WB                 0             0             0             0             0
 E                  0             0             0             0             0
 GENDER             0             0             0             0             0
 ETHNICIT           0             0             0             0             0
 SES                0             0             0             0             0


           BETA
              S6            S7            S8            WB            E
              ________      ________      ________      ________      ________
 S1                 0             0             0             0            12
 S2                 0             0             0             0            13
 S3                 0             0             0             0            14
 S4                 0             0             0             0            15
 S5                 0             0             0             0            16
 S6                 0             0             0             0            17
 S7                 0             0             0             0            18
 S8                 0             0             0             0            19
 WB                 0             0             0             0            20
 E                  0             0             0             0             0
 GENDER             0             0             0             0             0
 ETHNICIT           0             0             0             0             0
 SES                0             0             0             0             0


           BETA
              GENDER        ETHNICIT      SES
              ________      ________      ________
 S1                 0             0             0
 S2                 0             0             0
 S3                 0             0             0
 S4                 0             0             0
 S5                 0             0             0
 S6                 0             0             0
 S7                 0             0             0
 S8                 0             0             0
 WB                21            22            23
 E                  0             0             0
 GENDER             0             0             0
 ETHNICIT           0             0             0
 SES                0             0             0


           PSI
              S1            S2            S3            S4            S5
              ________      ________      ________      ________      ________
 S1                24
 S2                25            26
 S3                27            28            29
 S4                30            31            32            33
 S5                34            35            36            37            38
 S6                39            40            41            42            43
 S7                45            46            47            48            49
 S8                52            53            54            55            56
 WB                60            61            62            63            64
 E                  0             0             0             0             0
 GENDER             0             0             0             0             0
 ETHNICIT           0             0             0             0             0
 SES                0             0             0             0             0


           PSI
              S6            S7            S8            WB            E
              ________      ________      ________      ________      ________
 S6                44
 S7                50            51
 S8                57            58            59
 WB                65            66            67            68
 E                  0             0             0             0             0
 GENDER             0             0             0             0             0
 ETHNICIT           0             0             0             0             0
 SES                0             0             0             0             0


           PSI
              GENDER        ETHNICIT      SES
              ________      ________      ________
 GENDER             0
 ETHNICIT           0             0
 SES                0             0             0


     STARTING VALUES FOR WITHIN


           NU
              WB            CMC           MIXED         FAMILY        WEAK_TIE
              ________      ________      ________      ________      ________
                0.000         0.000         0.000         0.000         0.000


           NU
              WEEKEND       CXF           CXW           MXF           MXW
              ________      ________      ________      ________      ________
                0.000         0.000         0.000         0.000         0.000


           LAMBDA
              WB            CMC           MIXED         FAMILY        WEAK_TIE
              ________      ________      ________      ________      ________
 WB             1.000         0.000         0.000         0.000         0.000
 CMC            0.000         1.000         0.000         0.000         0.000
 MIXED          0.000         0.000         1.000         0.000         0.000
 FAMILY         0.000         0.000         0.000         1.000         0.000
 WEAK_TIE       0.000         0.000         0.000         0.000         1.000
 WEEKEND        0.000         0.000         0.000         0.000         0.000
 CXF            0.000         0.000         0.000         0.000         0.000
 CXW            0.000         0.000         0.000         0.000         0.000
 MXF            0.000         0.000         0.000         0.000         0.000
 MXW            0.000         0.000         0.000         0.000         0.000


           LAMBDA
              WEEKEND       CXF           CXW           MXF           MXW
              ________      ________      ________      ________      ________
 WB             0.000         0.000         0.000         0.000         0.000
 CMC            0.000         0.000         0.000         0.000         0.000
 MIXED          0.000         0.000         0.000         0.000         0.000
 FAMILY         0.000         0.000         0.000         0.000         0.000
 WEAK_TIE       0.000         0.000         0.000         0.000         0.000
 WEEKEND        1.000         0.000         0.000         0.000         0.000
 CXF            0.000         1.000         0.000         0.000         0.000
 CXW            0.000         0.000         1.000         0.000         0.000
 MXF            0.000         0.000         0.000         1.000         0.000
 MXW            0.000         0.000         0.000         0.000         1.000


           THETA
              WB            CMC           MIXED         FAMILY        WEAK_TIE
              ________      ________      ________      ________      ________
 WB             0.000
 CMC            0.000         0.000
 MIXED          0.000         0.000         0.000
 FAMILY         0.000         0.000         0.000         0.000
 WEAK_TIE       0.000         0.000         0.000         0.000         0.000
 WEEKEND        0.000         0.000         0.000         0.000         0.000
 CXF            0.000         0.000         0.000         0.000         0.000
 CXW            0.000         0.000         0.000         0.000         0.000
 MXF            0.000         0.000         0.000         0.000         0.000
 MXW            0.000         0.000         0.000         0.000         0.000


           THETA
              WEEKEND       CXF           CXW           MXF           MXW
              ________      ________      ________      ________      ________
 WEEKEND        0.000
 CXF            0.000         0.000
 CXW            0.000         0.000         0.000
 MXF            0.000         0.000         0.000         0.000
 MXW            0.000         0.000         0.000         0.000         0.000


           ALPHA
              WB            CMC           MIXED         FAMILY        WEAK_TIE
              ________      ________      ________      ________      ________
                0.000         0.000         0.000         0.000         0.000


           ALPHA
              WEEKEND       CXF           CXW           MXF           MXW
              ________      ________      ________      ________      ________
                0.000         0.000         0.000         0.000         0.000


           BETA
              WB            CMC           MIXED         FAMILY        WEAK_TIE
              ________      ________      ________      ________      ________
 WB             0.000         0.000         0.000         0.000         0.000
 CMC            0.000         0.000         0.000         0.000         0.000
 MIXED          0.000         0.000         0.000         0.000         0.000
 FAMILY         0.000         0.000         0.000         0.000         0.000
 WEAK_TIE       0.000         0.000         0.000         0.000         0.000
 WEEKEND        0.000         0.000         0.000         0.000         0.000
 CXF            0.000         0.000         0.000         0.000         0.000
 CXW            0.000         0.000         0.000         0.000         0.000
 MXF            0.000         0.000         0.000         0.000         0.000
 MXW            0.000         0.000         0.000         0.000         0.000


           BETA
              WEEKEND       CXF           CXW           MXF           MXW
              ________      ________      ________      ________      ________
 WB             0.000         0.000         0.000         0.000         0.000
 CMC            0.000         0.000         0.000         0.000         0.000
 MIXED          0.000         0.000         0.000         0.000         0.000
 FAMILY         0.000         0.000         0.000         0.000         0.000
 WEAK_TIE       0.000         0.000         0.000         0.000         0.000
 WEEKEND        0.000         0.000         0.000         0.000         0.000
 CXF            0.000         0.000         0.000         0.000         0.000
 CXW            0.000         0.000         0.000         0.000         0.000
 MXF            0.000         0.000         0.000         0.000         0.000
 MXW            0.000         0.000         0.000         0.000         0.000


           PSI
              WB            CMC           MIXED         FAMILY        WEAK_TIE
              ________      ________      ________      ________      ________
 WB             0.219
 CMC            0.000         0.089
 MIXED          0.000         0.000         0.050
 FAMILY         0.000         0.000         0.000         0.043
 WEAK_TIE       0.000         0.000         0.000         0.000         0.060
 WEEKEND        0.000         0.000         0.000         0.000         0.000
 CXF            0.000         0.000         0.000         0.000         0.000
 CXW            0.000         0.000         0.000         0.000         0.000
 MXF            0.000         0.000         0.000         0.000         0.000
 MXW            0.000         0.000         0.000         0.000         0.000


           PSI
              WEEKEND       CXF           CXW           MXF           MXW
              ________      ________      ________      ________      ________
 WEEKEND        0.107
 CXF            0.000         0.009
 CXW            0.000         0.000         0.010
 MXF            0.000         0.000         0.000         0.003
 MXW            0.000         0.000         0.000         0.000         0.005


     STARTING VALUES FOR BETWEEN


           NU
              WB            E             GENDER        ETHNICIT      SES
              ________      ________      ________      ________      ________
                0.000         0.000         0.000         0.000         0.000


           LAMBDA
              S1            S2            S3            S4            S5
              ________      ________      ________      ________      ________
 WB             0.000         0.000         0.000         0.000         0.000
 E              0.000         0.000         0.000         0.000         0.000
 GENDER         0.000         0.000         0.000         0.000         0.000
 ETHNICIT       0.000         0.000         0.000         0.000         0.000
 SES            0.000         0.000         0.000         0.000         0.000


           LAMBDA
              S6            S7            S8            WB            E
              ________      ________      ________      ________      ________
 WB             0.000         0.000         0.000         1.000         0.000
 E              0.000         0.000         0.000         0.000         1.000
 GENDER         0.000         0.000         0.000         0.000         0.000
 ETHNICIT       0.000         0.000         0.000         0.000         0.000
 SES            0.000         0.000         0.000         0.000         0.000


           LAMBDA
              GENDER        ETHNICIT      SES
              ________      ________      ________
 WB             0.000         0.000         0.000
 E              0.000         0.000         0.000
 GENDER         1.000         0.000         0.000
 ETHNICIT       0.000         1.000         0.000
 SES            0.000         0.000         1.000


           THETA
              WB            E             GENDER        ETHNICIT      SES
              ________      ________      ________      ________      ________
 WB             0.000
 E              0.000         0.000
 GENDER         0.000         0.000         0.000
 ETHNICIT       0.000         0.000         0.000         0.000
 SES            0.000         0.000         0.000         0.000         0.000


           ALPHA
              S1            S2            S3            S4            S5
              ________      ________      ________      ________      ________
                0.000         0.000         0.000         0.000         0.000


           ALPHA
              S6            S7            S8            WB            E
              ________      ________      ________      ________      ________
                0.000         0.000         0.000         3.034         0.000


           ALPHA
              GENDER        ETHNICIT      SES
              ________      ________      ________
                0.000         0.000         0.000


           BETA
              S1            S2            S3            S4            S5
              ________      ________      ________      ________      ________
 S1             0.000         0.000         0.000         0.000         0.000
 S2             0.000         0.000         0.000         0.000         0.000
 S3             0.000         0.000         0.000         0.000         0.000
 S4             0.000         0.000         0.000         0.000         0.000
 S5             0.000         0.000         0.000         0.000         0.000
 S6             0.000         0.000         0.000         0.000         0.000
 S7             0.000         0.000         0.000         0.000         0.000
 S8             0.000         0.000         0.000         0.000         0.000
 WB             0.000         0.000         0.000         0.000         0.000
 E              0.000         0.000         0.000         0.000         0.000
 GENDER         0.000         0.000         0.000         0.000         0.000
 ETHNICIT       0.000         0.000         0.000         0.000         0.000
 SES            0.000         0.000         0.000         0.000         0.000


           BETA
              S6            S7            S8            WB            E
              ________      ________      ________      ________      ________
 S1             0.000         0.000         0.000         0.000         0.000
 S2             0.000         0.000         0.000         0.000         0.000
 S3             0.000         0.000         0.000         0.000         0.000
 S4             0.000         0.000         0.000         0.000         0.000
 S5             0.000         0.000         0.000         0.000         0.000
 S6             0.000         0.000         0.000         0.000         0.000
 S7             0.000         0.000         0.000         0.000         0.000
 S8             0.000         0.000         0.000         0.000         0.000
 WB             0.000         0.000         0.000         0.000         0.000
 E              0.000         0.000         0.000         0.000         0.000
 GENDER         0.000         0.000         0.000         0.000         0.000
 ETHNICIT       0.000         0.000         0.000         0.000         0.000
 SES            0.000         0.000         0.000         0.000         0.000


           BETA
              GENDER        ETHNICIT      SES
              ________      ________      ________
 S1             0.000         0.000         0.000
 S2             0.000         0.000         0.000
 S3             0.000         0.000         0.000
 S4             0.000         0.000         0.000
 S5             0.000         0.000         0.000
 S6             0.000         0.000         0.000
 S7             0.000         0.000         0.000
 S8             0.000         0.000         0.000
 WB             0.000         0.000         0.000
 E              0.000         0.000         0.000
 GENDER         0.000         0.000         0.000
 ETHNICIT       0.000         0.000         0.000
 SES            0.000         0.000         0.000


           PSI
              S1            S2            S3            S4            S5
              ________      ________      ________      ________      ________
 S1             1.000
 S2             0.000         1.000
 S3             0.000         0.000         1.000
 S4             0.000         0.000         0.000         1.000
 S5             0.000         0.000         0.000         0.000         1.000
 S6             0.000         0.000         0.000         0.000         0.000
 S7             0.000         0.000         0.000         0.000         0.000
 S8             0.000         0.000         0.000         0.000         0.000
 WB             0.000         0.000         0.000         0.000         0.000
 E              0.000         0.000         0.000         0.000         0.000
 GENDER         0.000         0.000         0.000         0.000         0.000
 ETHNICIT       0.000         0.000         0.000         0.000         0.000
 SES            0.000         0.000         0.000         0.000         0.000


           PSI
              S6            S7            S8            WB            E
              ________      ________      ________      ________      ________
 S6             1.000
 S7             0.000         1.000
 S8             0.000         0.000         1.000
 WB             0.000         0.000         0.000         0.219
 E              0.000         0.000         0.000         0.000         0.324
 GENDER         0.000         0.000         0.000         0.000         0.000
 ETHNICIT       0.000         0.000         0.000         0.000         0.000
 SES            0.000         0.000         0.000         0.000         0.000


           PSI
              GENDER        ETHNICIT      SES
              ________      ________      ________
 GENDER         0.106
 ETHNICIT       0.000         0.113
 SES            0.000         0.000         0.060



     PRIORS FOR ALL PARAMETERS            PRIOR MEAN      PRIOR VARIANCE     PRIOR STD. DEV.

     Parameter 1~N(0.000,infinity)           0.0000            infinity            infinity
     Parameter 2~IG(-1.000,0.000)          infinity            infinity            infinity
     Parameter 3~N(0.000,infinity)           0.0000            infinity            infinity
     Parameter 4~N(0.000,infinity)           0.0000            infinity            infinity
     Parameter 5~N(0.000,infinity)           0.0000            infinity            infinity
     Parameter 6~N(0.000,infinity)           0.0000            infinity            infinity
     Parameter 7~N(0.000,infinity)           0.0000            infinity            infinity
     Parameter 8~N(0.000,infinity)           0.0000            infinity            infinity
     Parameter 9~N(0.000,infinity)           0.0000            infinity            infinity
     Parameter 10~N(0.000,infinity)          0.0000            infinity            infinity
     Parameter 11~N(0.000,infinity)          0.0000            infinity            infinity
     Parameter 12~N(0.000,infinity)          0.0000            infinity            infinity
     Parameter 13~N(0.000,infinity)          0.0000            infinity            infinity
     Parameter 14~N(0.000,infinity)          0.0000            infinity            infinity
     Parameter 15~N(0.000,infinity)          0.0000            infinity            infinity
     Parameter 16~N(0.000,infinity)          0.0000            infinity            infinity
     Parameter 17~N(0.000,infinity)          0.0000            infinity            infinity
     Parameter 18~N(0.000,infinity)          0.0000            infinity            infinity
     Parameter 19~N(0.000,infinity)          0.0000            infinity            infinity
     Parameter 20~N(0.000,infinity)          0.0000            infinity            infinity
     Parameter 21~N(0.000,infinity)          0.0000            infinity            infinity
     Parameter 22~N(0.000,infinity)          0.0000            infinity            infinity
     Parameter 23~N(0.000,infinity)          0.0000            infinity            infinity
     Parameter 24~IW(0.000,-10)            infinity            infinity            infinity
     Parameter 25~IW(0.000,-10)            infinity            infinity            infinity
     Parameter 26~IW(0.000,-10)            infinity            infinity            infinity
     Parameter 27~IW(0.000,-10)            infinity            infinity            infinity
     Parameter 28~IW(0.000,-10)            infinity            infinity            infinity
     Parameter 29~IW(0.000,-10)            infinity            infinity            infinity
     Parameter 30~IW(0.000,-10)            infinity            infinity            infinity
     Parameter 31~IW(0.000,-10)            infinity            infinity            infinity
     Parameter 32~IW(0.000,-10)            infinity            infinity            infinity
     Parameter 33~IW(0.000,-10)            infinity            infinity            infinity
     Parameter 34~IW(0.000,-10)            infinity            infinity            infinity
     Parameter 35~IW(0.000,-10)            infinity            infinity            infinity
     Parameter 36~IW(0.000,-10)            infinity            infinity            infinity
     Parameter 37~IW(0.000,-10)            infinity            infinity            infinity
     Parameter 38~IW(0.000,-10)            infinity            infinity            infinity
     Parameter 39~IW(0.000,-10)            infinity            infinity            infinity
     Parameter 40~IW(0.000,-10)            infinity            infinity            infinity
     Parameter 41~IW(0.000,-10)            infinity            infinity            infinity
     Parameter 42~IW(0.000,-10)            infinity            infinity            infinity
     Parameter 43~IW(0.000,-10)            infinity            infinity            infinity
     Parameter 44~IW(0.000,-10)            infinity            infinity            infinity
     Parameter 45~IW(0.000,-10)            infinity            infinity            infinity
     Parameter 46~IW(0.000,-10)            infinity            infinity            infinity
     Parameter 47~IW(0.000,-10)            infinity            infinity            infinity
     Parameter 48~IW(0.000,-10)            infinity            infinity            infinity
     Parameter 49~IW(0.000,-10)            infinity            infinity            infinity
     Parameter 50~IW(0.000,-10)            infinity            infinity            infinity
     Parameter 51~IW(0.000,-10)            infinity            infinity            infinity
     Parameter 52~IW(0.000,-10)            infinity            infinity            infinity
     Parameter 53~IW(0.000,-10)            infinity            infinity            infinity
     Parameter 54~IW(0.000,-10)            infinity            infinity            infinity
     Parameter 55~IW(0.000,-10)            infinity            infinity            infinity
     Parameter 56~IW(0.000,-10)            infinity            infinity            infinity
     Parameter 57~IW(0.000,-10)            infinity            infinity            infinity
     Parameter 58~IW(0.000,-10)            infinity            infinity            infinity
     Parameter 59~IW(0.000,-10)            infinity            infinity            infinity
     Parameter 60~IW(0.000,-10)            infinity            infinity            infinity
     Parameter 61~IW(0.000,-10)            infinity            infinity            infinity
     Parameter 62~IW(0.000,-10)            infinity            infinity            infinity
     Parameter 63~IW(0.000,-10)            infinity            infinity            infinity
     Parameter 64~IW(0.000,-10)            infinity            infinity            infinity
     Parameter 65~IW(0.000,-10)            infinity            infinity            infinity
     Parameter 66~IW(0.000,-10)            infinity            infinity            infinity
     Parameter 67~IW(0.000,-10)            infinity            infinity            infinity
     Parameter 68~IW(0.000,-10)            infinity            infinity            infinity


TECHNICAL 8 OUTPUT


   TECHNICAL 8 OUTPUT FOR BAYES ESTIMATION

     CHAIN    BSEED
     1        0
     2        285380

                     POTENTIAL       PARAMETER WITH
     ITERATION    SCALE REDUCTION      HIGHEST PSR
     100              2.604               42
     200              2.371               44
     300              2.217               48
     400              1.988               49
     500              2.244               50
     600              2.155               53
     700              2.312               53
     800              1.987               53
     900              1.549               53
     1000             1.421               46
     1100             1.584               46
     1200             1.570               40
     1300             1.500               40
     1400             1.373               40
     1500             1.366               44
     1600             1.461               44
     1700             1.438               44
     1800             1.296               44
     1900             1.257               45
     2000             1.295               45
     2100             1.318               45
     2200             1.278               45
     2300             1.256               59
     2400             1.228               31
     2500             1.259               31
     2600             1.283               31
     2700             1.261               31
     2800             1.174               31
     2900             1.202               26
     3000             1.224               26
     3100             1.247               26
     3200             1.251               26
     3300             1.181               26
     3400             1.133               26
     3500             1.120               26
     3600             1.117               37
     3700             1.110               37
     3800             1.136               37
     3900             1.158               37
     4000             1.183               37
     4100             1.189               37
     4200             1.193               37
     4300             1.195               37
     4400             1.175               37
     4500             1.168               37
     4600             1.143               55
     4700             1.164               55
     4800             1.145               55
     4900             1.126               55
     5000             1.128               55
     5100             1.137               55
     5200             1.136               55
     5300             1.130               55
     5400             1.141               55
     5500             1.134               55
     5600             1.123               61
     5700             1.143               61
     5800             1.146               61
     5900             1.139               61
     6000             1.133               61
     6100             1.118               61
     6200             1.117               40
     6300             1.126               40
     6400             1.136               40
     6500             1.144               40
     6600             1.166               40
     6700             1.196               40
     6800             1.222               40
     6900             1.234               40
     7000             1.285               40
     7100             1.327               40
     7200             1.332               40
     7300             1.296               40
     7400             1.273               40
     7500             1.254               40
     7600             1.248               40
     7700             1.239               40
     7800             1.239               40
     7900             1.234               40
     8000             1.206               40
     8100             1.197               40
     8200             1.193               40
     8300             1.180               40
     8400             1.178               40
     8500             1.182               40
     8600             1.175               40
     8700             1.175               40
     8800             1.191               40
     8900             1.192               40
     9000             1.192               40
     9100             1.169               40
     9200             1.165               40
     9300             1.168               40
     9400             1.171               40
     9500             1.161               40
     9600             1.156               40
     9700             1.147               40
     9800             1.133               40
     9900             1.127               40
     10000            1.124               40
     10100            1.119               40
     10200            1.104               40
     10300            1.084               40


     Beginning Time:  13:17:06
        Ending Time:  13:23:34
       Elapsed Time:  00:06:28



MUTHEN & MUTHEN
3463 Stoner Ave.
Los Angeles, CA  90066

Tel: (310) 391-9971
Fax: (310) 391-8971
Web: www.StatModel.com
Support: Support@StatModel.com

Copyright (c) 1998-2020 Muthen & Muthen
