Mplus VERSION 8.5 (Mac)
MUTHEN & MUTHEN
03/17/2022   9:48 PM

INPUT INSTRUCTIONS

  TITLE: Analysis 5
  DATA: FILE = analysis4+5_S2.dat;
  VARIABLE:
  NAMES = ID WB content stressed lonely
  FTF CMC mixed peers family weak_ties
  E A C N O gender ethnicity SES weekend;
  USEVARIABLES = lonely
  CMC mixed family weak_ties
  weekend
  cxf cxw mxf mxw;
  CLUSTER = ID;
  WITHIN = CMC mixed family weak_ties weekend
  cxf cxw mxf mxw;
  MISSING = .;
  DEFINE:
  CENTER CMC (GROUPMEAN);
  CENTER mixed (GROUPMEAN);
  CENTER family (GROUPMEAN);
  CENTER weak_ties (GROUPMEAN);
  cxf=CMC*family;
  cxw=CMC*weak_ties;
  mxf=mixed*family;
  mxw=mixed*weak_ties;
  ANALYSIS: TYPE = TWOLEVEL RANDOM; ESTIMATOR = BAYES;
  BITERATIONS = (10000); PROCESSORS = 2;
  MODEL:
  %WITHIN%
  ! Loneliness is predicted by CMC, the slope is random
  S1 | lonely ON CMC;
  ! Loneliness is predicted by mixed episodes, the slope is random
  S2 | lonely ON mixed;
  ! Loneliness is predicted by family, the slope is random
  S3 | lonely ON family;
  ! Loneliness is predicted by weak ties, the slope is random
  S4 | lonely ON weak_ties;
  ! Loneliness is predicted by CMC*family, the slope is random
  S5 | lonely ON cxf;
  ! Loneliness is predicted by CMC*weak ties, the slope is random
  S6 | lonely ON cxw;
  ! Loneliness is predicted by mixed*family, the slope is random
  S7 | lonely ON mxf;
  ! Loneliness is predicted by mixed*weak ties, the slope is random
  S8 | lonely ON mxw;
  ! Control for weekend
  lonely ON weekend;
  %BETWEEN%
  ! Covariance between intercept and slopes
  lonely S1-S8 WITH lonely S1-S8;
  OUTPUT: STDYX STDY TECH8;



*** WARNING in VARIABLE command
  Note that only the first 8 characters of variable names are used in the output.
  Shorten variable names to avoid any confusion.
*** WARNING
  One or more individual-level variables have no variation within a
  cluster for the following clusters.

     Variable   Cluster IDs with no within-cluster variation

      LONELY      316 349 69 368 384 171 497 205 261 568 134 140 307 741 751 781 268 13 776 50
                  362 557 404 163 428 494 352 513 212 373 96 291 409 102 629 351 286 209 677 296
                  243 719 9 501 298 442 799 804 107 668 11 369 757 563 310 92 582 142 126 451
                  302 467 532 437 40 825 6 847 706 95 462 303 676 786 172 608 433 441 724 477
                  81 704 810 830 317 233 251 361 104 410 794 733 48 635 78 285 614 354 421 392
                  400 725 116 520 750 108 129 585 600 202 115 639 665 344 66 250 535 257 732 101
                  236 284 139 161 164 851 203 42 88 177 44 684 342 14 274 84 661 20 816 659 693
                  468 624 22 550 529 323 270 60 235 609 124 514 135 705 418 465 141 287 24
      WEEKEND     316 335 349 69 368 205 504 261 568 134 293 140 307 751 762 781 791 605 650 440
                  39 268 197 240 805 489 357 557 404 163 595 300 93 680 700 494 339 5 513 515
                  537 291 496 209 35 326 742 849 668 321 110 407 341 255 786 375 48 722
      CXF         316 335 349 69 368 384 215 171 497 205 504 261 568 134 293 703 140 307 741 751
                  762 781 791 438 605 650 440 39 268 13 289 197 65 565 240 805 856 489 50 357
                  362 216 510 382 557 151 404 783 238 118 163 595 300 72 93 428 669 680 700 150
                  320 333 494 339 111 5 352 513 515 537 353 212 657 456 517 689 483 96 133 736
                  578 409 498 604 102 615 626 629 351 857 491 599 454 480 209 677 325 698 182
                  753 777 597 519 533 114 836 98 849 61 231 719 398 727 728 691 747 501 298 417
                  425 623 631 10 442 799 804 107 314 668 11 321 559 110 644 229 563 276 672 92
                  582 126 814 518 329 360 618 30 334 199 217 58 437 343 99 574 443 584 822 825
                  506 590 6 255 706 645 649 462 211 414 676 786 172 608 433 724 848 734 740 387
                  331 570 137 842 435 271 178 260 371 233 361 612 318 820 616 746 279 826 179
                  288 104 536 768 854 410 542 794 200 206 591 221 78 26 123 285 328 12 15 213
                  642 564 392 253 575 256 619 144 725 45 688 520 246 627 745 214 695 750 548 457
                  601 772 470 606 219 241 108 195 531 202 852 472 379 495 769 173 311 634 764
                  596 771 535 294 846 390 464 236 434 332 381 94 164 4 712 138 42 88 671 177 419
                  152 845 522 784 14 469 356 79 28 340 481 82 83 274 269 49 577 474 838 290 782
                  588 20 458 816 659 824 57 490 87 405 739 843 511 416 136 743 401 758 459 22
                  658 561 760 7 180 730 773 749 550 47 402 415 475 835 62 479 242 60 609 77 449
                  803 514 539 850 598 654 572 465 287 153 499 815 580
      CXW         316 335 349 69 368 384 215 171 497 205 504 261 568 134 293 703 140 307 741 751
                  762 781 791 438 605 650 440 13 289 65 776 805 856 489 50 357 216 510 382 557
                  151 783 118 163 595 93 68 680 320 333 262 339 352 513 657 456 517 133 736 498
                  604 621 626 629 351 376 491 599 220 209 567 326 182 194 519 114 546 836 61 230
                  719 239 727 728 501 623 10 442 107 314 668 11 644 229 563 276 92 582 802 142
                  126 451 244 302 518 329 360 30 334 199 443 807 40 590 645 19 649 463 211 441
                  505 704 466 748 179 288 837 536 410 542 36 48 206 635 221 718 213 421 564 109
                  543 619 620 482 380 214 695 601 471 606 241 222 531 202 754 311 683 67 516 390
                  332 571 4 42 88 177 44 166 340 412 355 84 583 59 675 87 106 224 297 411 184
                  756 809 561 667 760 573 180 730 550 402 738 386 242 609 378 540 444 705 24 521
      MXF         316 335 349 69 368 384 215 171 497 205 504 261 568 134 293 703 140 307 741 751
                  762 781 791 438 605 650 440 39 268 13 289 197 752 65 776 565 240 805 839 856
                  489 50 357 362 216 382 557 404 783 238 643 118 163 165 595 300 72 93 428 669
                  680 700 150 320 494 339 111 5 352 513 515 537 806 353 212 657 456 517 689 483
                  96 133 291 736 578 409 498 604 102 615 790 621 626 629 363 857 376 491 599 720
                  38 454 480 286 209 567 677 325 698 182 194 753 646 777 597 519 533 114 836 98
                  849 500 61 231 155 719 398 691 602 9 747 501 298 417 425 623 631 10 442 799
                  804 107 314 668 11 321 559 110 91 229 407 757 563 413 276 672 126 814 130 451
                  338 518 329 532 360 618 30 334 547 633 763 427 217 58 437 341 343 99 574 443
                  40 584 822 825 506 590 6 255 706 90 645 19 649 576 462 414 676 786 306 172 143
                  487 32 608 433 377 724 324 848 734 505 740 70 707 387 821 331 832 570 137 842
                  435 271 18 178 260 371 233 420 375 713 792 251 666 361 612 318 820 616 746 279
                  826 365 179 288 837 104 628 536 768 854 630 410 542 794 200 206 591 592 78 26
                  123 285 305 328 778 614 354 12 15 829 213 642 562 422 564 452 392 253 711 575
                  256 543 619 144 725 45 116 688 183 520 41 246 737 627 745 71 817 695 750 548
                  457 122 86 601 772 470 509 606 219 241 395 1 108 656 129 663 585 195 524 785
                  600 787 531 852 472 379 495 769 173 232 634 226 639 764 596 771 535 294 516
                  846 390 272 464 193 236 434 237 284 381 94 164 851 4 203 712 138 88 671 177
                  419 152 845 55 684 522 784 690 14 761 148 469 648 187 356 79 28 481 82 176 83
                  274 269 49 577 474 838 175 290 782 588 396 20 458 816 675 659 824 57 490 87
                  52 281 405 739 345 843 445 511 416 136 743 401 758 459 358 22 658 561 667 760
                  7 779 180 730 773 749 374 319 755 550 47 402 696 347 415 475 835 62 479 242
                  60 609 674 77 449 803 514 539 850 598 654 572 89 492 465 346 287 153 499 185
                  815 580 429
      MXW         316 335 349 69 368 384 215 171 497 205 504 261 568 134 293 703 140 307 741 751
                  762 781 791 438 605 650 440 268 13 289 752 65 776 565 805 839 489 50 357 362
                  216 510 382 557 151 404 238 643 118 163 165 595 300 93 428 68 669 680 700 150
                  320 262 494 339 5 352 513 515 806 657 456 517 689 96 291 736 578 409 498 604
                  790 621 626 363 351 857 376 599 720 38 220 286 209 567 677 326 194 646 533 114
                  546 836 500 61 230 155 719 239 602 9 501 298 417 631 10 442 804 107 668 11 91
                  229 407 757 563 413 276 802 142 126 130 451 244 338 302 518 329 532 360 618
                  30 334 547 633 763 427 217 437 341 574 807 40 822 825 506 590 255 706 90 645
                  19 649 576 463 786 306 143 487 32 433 377 441 724 324 848 734 505 704 70 707
                  821 331 832 137 18 178 260 371 420 375 713 792 466 251 666 612 746 826 748 365
                  179 288 837 628 630 410 542 36 48 206 592 635 78 305 778 718 614 354 15 829
                  213 642 421 562 422 564 452 109 253 711 543 619 620 116 183 520 482 41 246 737
                  380 745 71 817 695 750 122 86 509 471 606 241 395 1 656 129 663 585 222 195
                  524 785 600 787 531 202 754 232 226 639 683 67 294 516 390 272 464 193 237 284
                  571 851 4 203 177 44 55 684 784 166 690 761 148 648 187 176 412 355 84 175 583
                  290 396 59 675 87 52 281 345 106 224 297 445 411 184 401 756 358 809 561 667
                  760 573 779 180 730 374 319 755 550 402 696 347 738 386 242 609 674 378 540
                  444 514 705 89 492 346 185 24 521 429

*** WARNING
  Data set contains cases with missing on all variables except
  x-variables.  These cases were not included in the analysis.
  Number of cases with missing on all variables except x-variables:  37
   3 WARNING(S) FOUND IN THE INPUT INSTRUCTIONS



Analysis 5

SUMMARY OF ANALYSIS

Number of groups                                                 1
Number of observations                                       13982

Number of dependent variables                                    1
Number of independent variables                                  9
Number of continuous latent variables                            8

Observed dependent variables

  Continuous
   LONELY

Observed independent variables
   CMC         MIXED       FAMILY      WEAK_TIE    WEEKEND     CXF
   CXW         MXF         MXW

Continuous latent variables
   S1          S2          S3          S4          S5          S6
   S7          S8

Variables with special functions

  Cluster variable      ID

  Within variables
   CMC         MIXED       FAMILY      WEAK_TIE    WEEKEND     CXF
   CXW         MXF         MXW

  Centering (GROUPMEAN)
   CMC         MIXED       FAMILY      WEAK_TIE


Estimator                                                    BAYES
Specifications for Bayesian Estimation
  Point estimate                                            MEDIAN
  Number of Markov chain Monte Carlo (MCMC) chains               2
  Random seed for the first chain                                0
  Starting value information                           UNPERTURBED
  Algorithm used for Markov chain Monte Carlo           GIBBS(PX1)
  Convergence criterion                                  0.500D-01
  Maximum number of iterations                               50000
  K-th iteration used for thinning                               1

Input data file(s)
  analysis4+5_S2.dat
Input data format  FREE


SUMMARY OF DATA

     Number of clusters                        834

       Size (s)    Cluster ID with Size s

          1        3 33 46 100 121 157 189 198 208 218 277 301 312 350
                   450 486 556 603 664 708 723 502
          2        316 335 349 69 368 384 215 171 497 205 504 261 568 134
                   293 703 140 307 741 751 762 781 791
          3        438 605 650 440 39 268 13 289 197 752 65 776 565 240
                   805 839 856 489
          4        50 357 362 216 510 382 557 151 404 783 238 292 643 118
          5        163 165 595 300 72 93 428 68 669 680 700 150 320 333
                   262 494 339 111 5 352 513 515 537 806 353 212
          6        657 373 456 517 689 483 96 133 291 736 496 578 409 498
                   604 102 615 790 621 626 629 363 351 857 376 491 599
          7        720 38 220 512 454 370 480 286 589 209 35 567 677 147
                   687 325 698 326 182
          8        742 194 296 753 646 278 777 597 243 519 533 114 546
                   812 828 836 98 849 500 23 366
          9        61 230 231 155 719 239 398 727 728 691 602 9 747 501
                   298 417 425 623 132 17 631 10 442 799 804 107 314 29
                   668 478 11 321 559 369
         10        110 91 485 553 265 644 229 407 757 563 310 413 276 672
                   92 582 64 802 432 142 85 126 814 130 451 244 247 617
                   338
         11        302 467 406 518 329 532 360 618 30 538 334 547 199 633
                   555 763 427 217 58 651 437 341 566 801 343 99 574 443
                   807 40 584 822 825 506 590 6 847 702 255 706 90
         12        645 19 649 576 95 462 463 211 303 414 673 676 786 789
                   306 172 143 487 32 156 608 552 433 75 377 158 441 162
                   724 397 324 848 734 505 740
         13        701 477 81 704 70 707 810 2 387 819 821 770 267 331
                   830 832 570 137 842 317 435 271 18 655 178 260
         14        371 233 420 375 713 792 466 251 653 190 587 204 729
                   666 361 813 612 318 820 616 746 279 826 748 365 179
                   288 837 104 628 536 766 768 854 630 410
         15        542 793 794 579 264 733 200 36 48 682 685 744 206 591
                   592 692 635 221 823 78 26 560 123 285 305 328 424 778
                   718 614 354 722 12 15 829
         16        213 642 421 562 422 564 452 392 109 253 400 711 43 717
                   575 256 543 619 620 144 725 841 174 551 45 507 76 116
                   688 372 245
         17        183 520 408 797 482 41 225 246 737 359 627 380 545 745
                   71 817 214 695 750 548 457 638 641 759 327 191 122 394
                   86 601 772 470 509 471 34 606 219 241 117 367
         18        395 1 108 656 129 663 585 715 403 622 222 430 195 74
                   524 525 726 681 528 785 600 787 788 531 73 844 159 160
                   473 202 541 280 852 31
         19        754 115 112 472 379 495 678 834 769 173 232 223 56 311
                   634 226 364 639 694 665 640 426 544
         20        344 632 764 66 798 683 250 596 771 535 67 294 516 846
                   436 25 670 113 27 127 257 390 732
         21        272 464 101 193 721 236 434 237 149 284 139 332 571
                   381 161 94 735 37 164 851 4 203 855 128 712 249
         22        607 138 42 431 275 88 671 488 258 313 177 419 152 845
                   569 44 55 684 522 784 63 166 105 690 342
         23        14 761 148 469 170 648 187 356 79 840 125 527 775 28
                   340 660 481 82 176 83 853 210 412 697 274 269 146
         24        508 54 49 355 577 474 838 84 774 175 583 661 808 460
                   290 782 266 613 588 248 503 234 396 593 385 59
         25        20 458 816 120 709 675 731 659 693 824 51 57 490 87
                   52 315 833 16 611
         26        181 281 716 405 739 345 843 423 106 224 297 468 119
                   445 154 511 196 8 416 136 624
         27        647 169 411 743 610 103 699 184 383 348 401 493 227
                   534 756 295 758 388 459 358 391 714 765 22
         28        446 809 827 455 658 554 447 686 530 167 186 201 561
                   667 760
         29        7 573 779 180 730 299 773 168 282 749
         30        374 800 319 811 755 550 795 97 47
         31        402 625 696 252 529 347 738 558 652 415 309 386 475
         32        322 323 835 62 263 636 479 270 80 242 60 235
         33        609 389 674 124 378
         34        77 581 399 337 540 476 449 439 444
         35        803 514 484
         36        539 135 393
         37        850 192
         38        598 273 705 780 188 654 308
         39        662 767 572 89 492
         40        418
         41        465 346 228 53 254 141
         43        287 153
         44        499
         45        185 815 24
         46        580
         49        521
         50        429



COVARIANCE COVERAGE OF DATA

Minimum covariance coverage value   0.100

     Number of missing data patterns             1


     PROPORTION OF DATA PRESENT


           Covariance Coverage
              LONELY        CMC           MIXED         FAMILY        WEAK_TIE
              ________      ________      ________      ________      ________
 LONELY         1.000
 CMC            1.000         1.000
 MIXED          1.000         1.000         1.000
 FAMILY         1.000         1.000         1.000         1.000
 WEAK_TIE       1.000         1.000         1.000         1.000         1.000
 WEEKEND        1.000         1.000         1.000         1.000         1.000
 CXF            1.000         1.000         1.000         1.000         1.000
 CXW            1.000         1.000         1.000         1.000         1.000
 MXF            1.000         1.000         1.000         1.000         1.000
 MXW            1.000         1.000         1.000         1.000         1.000


           Covariance Coverage
              WEEKEND       CXF           CXW           MXF           MXW
              ________      ________      ________      ________      ________
 WEEKEND        1.000
 CXF            1.000         1.000
 CXW            1.000         1.000         1.000
 MXF            1.000         1.000         1.000         1.000
 MXW            1.000         1.000         1.000         1.000         1.000



UNIVARIATE SAMPLE STATISTICS


     UNIVARIATE HIGHER-ORDER MOMENT DESCRIPTIVE STATISTICS

         Variable/         Mean/     Skewness/   Minimum/ % with                Percentiles
        Sample Size      Variance    Kurtosis    Maximum  Min/Max      20%/60%    40%/80%    Median

     LONELY                1.515       1.545       1.000   63.06%       1.000      1.000      1.000
           13982.000       0.615       1.800       4.000    3.70%       1.000      2.000
     CMC                   0.000       0.561      -0.978    0.01%      -0.333     -0.190     -0.120
           13982.000       0.172      -0.723       0.964    0.01%      -0.050      0.467
     MIXED                 0.000       1.561      -0.833    0.01%      -0.200     -0.097     -0.062
           13982.000       0.103       1.845       0.972    0.01%      -0.037      0.000
     FAMILY                0.000       1.461      -0.947    0.01%      -0.167     -0.059     -0.034
           13982.000       0.087       2.610       0.974    0.01%       0.000      0.000
     WEAK_TIES             0.000       1.181      -0.917    0.01%      -0.222     -0.125     -0.083
           13982.000       0.124       0.788       0.977    0.01%      -0.048      0.000
     WEEKEND               0.307       0.839       0.000   69.34%       0.000      0.000      0.000
           13982.000       0.213      -1.296       1.000   30.66%       0.000      1.000
     CXF                   0.003       1.123      -0.754    0.01%      -0.030      0.000      0.000
           13982.000       0.016      11.464       0.915    0.01%       0.000      0.029
     CXW                  -0.024      -0.356      -0.892    0.01%      -0.089      0.000      0.000
           13982.000       0.020       6.569       0.898    0.01%       0.007      0.039
     MXF                  -0.004       1.529      -0.710    0.01%       0.000      0.000      0.000
           13982.000       0.006      34.698       0.878    0.01%       0.000      0.011
     MXW                  -0.006       1.516      -0.814    0.01%      -0.025      0.000      0.000
           13982.000       0.010      19.883       0.845    0.01%       0.004      0.022


THE MODEL ESTIMATION TERMINATED NORMALLY

     USE THE FBITERATIONS OPTION TO INCREASE THE NUMBER OF ITERATIONS BY A FACTOR
     OF AT LEAST TWO TO CHECK CONVERGENCE AND THAT THE PSR VALUE DOES NOT INCREASE.



MODEL FIT INFORMATION

Number of Free Parameters                              56

Information Criteria

          Deviance (DIC)                        24778.381
          Estimated Number of Parameters (pD)    1594.846



MODEL RESULTS

                                Posterior  One-Tailed         95% C.I.
                    Estimate       S.D.      P-Value   Lower 2.5%  Upper 2.5%  Significance

Within Level

 LONELY     ON
    WEEKEND           -0.047       0.011      0.000      -0.070      -0.025      *

 Residual Variances
    LONELY             0.307       0.004      0.000       0.299       0.316      *

Between Level

 LONELY   WITH
    S1                 0.069       0.011      0.000       0.048       0.091      *
    S2                -0.007       0.013      0.302      -0.032       0.018
    S3                 0.017       0.012      0.085      -0.007       0.041
    S4                 0.001       0.011      0.470      -0.021       0.023
    S5                -0.030       0.030      0.157      -0.089       0.028
    S6                 0.028       0.026      0.128      -0.021       0.082
    S7                 0.004       0.046      0.469      -0.089       0.086
    S8                 0.045       0.038      0.099      -0.023       0.125

 S1       WITH
    S2                 0.015       0.009      0.038      -0.002       0.032
    S3                 0.001       0.010      0.467      -0.019       0.021
    S4                 0.017       0.010      0.037      -0.002       0.037
    S5                -0.021       0.023      0.184      -0.068       0.023
    S6                -0.039       0.020      0.020      -0.078      -0.002      *
    S7                -0.001       0.033      0.484      -0.071       0.063
    S8                -0.023       0.027      0.202      -0.080       0.026

 S2       WITH
    S3                 0.001       0.009      0.444      -0.016       0.018
    S4                 0.011       0.009      0.085      -0.004       0.029
    S5                -0.005       0.018      0.390      -0.040       0.028
    S6                -0.004       0.015      0.369      -0.035       0.024
    S7                 0.006       0.021      0.383      -0.034       0.050
    S8                -0.003       0.017      0.416      -0.035       0.032

 S3       WITH
    S4                 0.028       0.011      0.002       0.009       0.051      *
    S5                 0.008       0.023      0.354      -0.041       0.051
    S6                 0.017       0.018      0.156      -0.018       0.057
    S7                 0.013       0.029      0.321      -0.045       0.070
    S8                 0.019       0.027      0.242      -0.039       0.069

 S4       WITH
    S5                 0.003       0.023      0.447      -0.043       0.046
    S6                 0.007       0.018      0.356      -0.027       0.043
    S7                -0.028       0.026      0.135      -0.079       0.021
    S8                 0.035       0.025      0.077      -0.016       0.085

 S5       WITH
    S6                 0.057       0.042      0.064      -0.012       0.147
    S7                 0.015       0.063      0.411      -0.099       0.144
    S8                -0.039       0.050      0.203      -0.134       0.068

 S6       WITH
    S7                 0.009       0.047      0.410      -0.085       0.100
    S8                 0.027       0.037      0.231      -0.040       0.108

 S7       WITH
    S8                 0.000       0.054      0.500      -0.107       0.102

 Means
    LONELY             1.561       0.020      0.000       1.522       1.600      *
    S1                 0.305       0.018      0.000       0.269       0.341      *
    S2                 0.023       0.020      0.108      -0.014       0.065
    S3                 0.009       0.021      0.340      -0.032       0.052
    S4                 0.030       0.020      0.063      -0.008       0.069
    S5                 0.014       0.051      0.390      -0.089       0.111
    S6                -0.066       0.043      0.067      -0.150       0.021
    S7                -0.042       0.081      0.312      -0.198       0.113
    S8                -0.012       0.059      0.419      -0.127       0.106

 Variances
    LONELY             0.287       0.016      0.000       0.257       0.321      *
    S1                 0.102       0.012      0.000       0.080       0.127      *
    S2                 0.023       0.009      0.000       0.009       0.045      *
    S3                 0.059       0.014      0.000       0.034       0.088      *
    S4                 0.072       0.013      0.000       0.049       0.100      *
    S5                 0.193       0.072      0.000       0.075       0.353      *
    S6                 0.117       0.045      0.000       0.048       0.218      *
    S7                 0.165       0.077      0.000       0.068       0.365      *
    S8                 0.171       0.068      0.000       0.062       0.329      *


STANDARDIZED MODEL RESULTS


STDYX Standardization

                                Posterior  One-Tailed         95% C.I.
                    Estimate       S.D.      P-Value   Lower 2.5%  Upper 2.5%  Significance

Within-Level Standardized Estimates Averaged Over Clusters

 S1 | LONELY ON
    CMC                0.178       0.008      0.000       0.162       0.194      *

 S2 | LONELY ON
    MIXED              0.009       0.008      0.131      -0.007       0.023

 S3 | LONELY ON
    FAMILY             0.002       0.006      0.393      -0.010       0.014

 S4 | LONELY ON
    WEAK_TIES          0.014       0.009      0.047      -0.003       0.032

 S5 | LONELY ON
    CXF                0.001       0.006      0.401      -0.011       0.012

 S6 | LONELY ON
    CXW               -0.010       0.008      0.097      -0.026       0.005

 S7 | LONELY ON
    MXF               -0.007       0.004      0.064      -0.013       0.002

 S8 | LONELY ON
    MXW               -0.002       0.005      0.326      -0.012       0.008

 LONELY     ON
    WEEKEND           -0.032       0.008      0.000      -0.048      -0.018      *

 Residual Variances
    LONELY             0.882       0.005      0.000       0.872       0.891      *

Between Level

 LONELY   WITH
    S1                 0.404       0.056      0.000       0.290       0.511      *
    S2                -0.080       0.165      0.302      -0.439       0.223
    S3                 0.133       0.094      0.085      -0.054       0.313
    S4                 0.006       0.079      0.470      -0.149       0.162
    S5                -0.130       0.127      0.157      -0.369       0.124
    S6                 0.154       0.141      0.128      -0.111       0.438
    S7                 0.018       0.205      0.469      -0.396       0.387
    S8                 0.211       0.169      0.099      -0.105       0.545

 S1       WITH
    S2                 0.306       0.153      0.038      -0.040       0.561
    S3                 0.011       0.131      0.467      -0.254       0.262
    S4                 0.206       0.110      0.037      -0.020       0.406
    S5                -0.151       0.168      0.184      -0.491       0.172
    S6                -0.363       0.168      0.020      -0.676      -0.019      *
    S7                -0.010       0.249      0.484      -0.502       0.492
    S8                -0.178       0.197      0.202      -0.527       0.215

 S2       WITH
    S3                 0.037       0.246      0.444      -0.472       0.491
    S4                 0.284       0.196      0.085      -0.129       0.627
    S5                -0.082       0.261      0.390      -0.546       0.455
    S6                -0.090       0.275      0.369      -0.596       0.503
    S7                 0.100       0.314      0.383      -0.545       0.623
    S8                -0.054       0.263      0.416      -0.559       0.464

 S3       WITH
    S4                 0.436       0.138      0.002       0.153       0.690      *
    S5                 0.080       0.218      0.354      -0.376       0.490
    S6                 0.214       0.216      0.156      -0.233       0.639
    S7                 0.147       0.275      0.321      -0.440       0.611
    S8                 0.201       0.259      0.242      -0.356       0.651

 S4       WITH
    S5                 0.027       0.202      0.447      -0.364       0.422
    S6                 0.076       0.195      0.356      -0.318       0.434
    S7                -0.265       0.226      0.135      -0.666       0.194
    S8                 0.331       0.213      0.077      -0.149       0.678

 S5       WITH
    S6                 0.404       0.225      0.064      -0.105       0.732
    S7                 0.090       0.334      0.411      -0.556       0.655
    S8                -0.228       0.262      0.203      -0.623       0.415

 S6       WITH
    S7                 0.077       0.311      0.410      -0.551       0.601
    S8                 0.200       0.239      0.231      -0.305       0.624

 S7       WITH
    S8                 0.000       0.303      0.500      -0.644       0.513

 Means
    LONELY             2.913       0.089      0.000       2.743       3.089      *
    S1                 0.956       0.079      0.000       0.807       1.115      *
    S2                 0.156       0.146      0.108      -0.095       0.502
    S3                 0.036       0.090      0.340      -0.137       0.220
    S4                 0.110       0.075      0.063      -0.031       0.261
    S5                 0.033       0.122      0.390      -0.201       0.287
    S6                -0.191       0.136      0.067      -0.479       0.063
    S7                -0.100       0.210      0.312      -0.530       0.300
    S8                -0.031       0.145      0.419      -0.313       0.261

 Variances
    LONELY             1.000       0.000      0.000       1.000       1.000
    S1                 1.000       0.000      0.000       1.000       1.000
    S2                 1.000       0.000      0.000       1.000       1.000
    S3                 1.000       0.000      0.000       1.000       1.000
    S4                 1.000       0.000      0.000       1.000       1.000
    S5                 1.000       0.000      0.000       1.000       1.000
    S6                 1.000       0.000      0.000       1.000       1.000
    S7                 1.000       0.000      0.000       1.000       1.000
    S8                 1.000       0.000      0.000       1.000       1.000


STDY Standardization

                                Posterior  One-Tailed         95% C.I.
                    Estimate       S.D.      P-Value   Lower 2.5%  Upper 2.5%  Significance

Within-Level Standardized Estimates Averaged Over Clusters

 S1 | LONELY ON
    CMC                0.492       0.023      0.000       0.446       0.540      *

 S2 | LONELY ON
    MIXED              0.038       0.033      0.153      -0.035       0.093

 S3 | LONELY ON
    FAMILY             0.016       0.033      0.326      -0.053       0.077

 S4 | LONELY ON
    WEAK_TIES          0.043       0.030      0.069      -0.016       0.104

 S5 | LONELY ON
    CXF                0.012       0.082      0.437      -0.167       0.160

 S6 | LONELY ON
    CXW               -0.108       0.080      0.078      -0.269       0.048

 S7 | LONELY ON
    MXF               -0.170       0.112      0.097      -0.363       0.061

 S8 | LONELY ON
    MXW               -0.024       0.090      0.396      -0.195       0.153

 LONELY     ON
    WEEKEND           -0.081       0.019      0.000      -0.119      -0.044      *

 Residual Variances
    LONELY             0.882       0.005      0.000       0.872       0.891      *

Between Level

 LONELY   WITH
    S1                 0.404       0.056      0.000       0.290       0.511      *
    S2                -0.080       0.165      0.302      -0.439       0.223
    S3                 0.133       0.094      0.085      -0.054       0.313
    S4                 0.006       0.079      0.470      -0.149       0.162
    S5                -0.130       0.127      0.157      -0.369       0.124
    S6                 0.154       0.141      0.128      -0.111       0.438
    S7                 0.018       0.205      0.469      -0.396       0.387
    S8                 0.211       0.169      0.099      -0.105       0.545

 S1       WITH
    S2                 0.306       0.153      0.038      -0.040       0.561
    S3                 0.011       0.131      0.467      -0.254       0.262
    S4                 0.206       0.110      0.037      -0.020       0.406
    S5                -0.151       0.168      0.184      -0.491       0.172
    S6                -0.363       0.168      0.020      -0.676      -0.019      *
    S7                -0.010       0.249      0.484      -0.502       0.492
    S8                -0.178       0.197      0.202      -0.527       0.215

 S2       WITH
    S3                 0.037       0.246      0.444      -0.472       0.491
    S4                 0.284       0.196      0.085      -0.129       0.627
    S5                -0.082       0.261      0.390      -0.546       0.455
    S6                -0.090       0.275      0.369      -0.596       0.503
    S7                 0.100       0.314      0.383      -0.545       0.623
    S8                -0.054       0.263      0.416      -0.559       0.464

 S3       WITH
    S4                 0.436       0.138      0.002       0.153       0.690      *
    S5                 0.080       0.218      0.354      -0.376       0.490
    S6                 0.214       0.216      0.156      -0.233       0.639
    S7                 0.147       0.275      0.321      -0.440       0.611
    S8                 0.201       0.259      0.242      -0.356       0.651

 S4       WITH
    S5                 0.027       0.202      0.447      -0.364       0.422
    S6                 0.076       0.195      0.356      -0.318       0.434
    S7                -0.265       0.226      0.135      -0.666       0.194
    S8                 0.331       0.213      0.077      -0.149       0.678

 S5       WITH
    S6                 0.404       0.225      0.064      -0.105       0.732
    S7                 0.090       0.334      0.411      -0.556       0.655
    S8                -0.228       0.262      0.203      -0.623       0.415

 S6       WITH
    S7                 0.077       0.311      0.410      -0.551       0.601
    S8                 0.200       0.239      0.231      -0.305       0.624

 S7       WITH
    S8                 0.000       0.303      0.500      -0.644       0.513

 Means
    LONELY             2.913       0.089      0.000       2.743       3.089      *
    S1                 0.956       0.079      0.000       0.807       1.115      *
    S2                 0.156       0.146      0.108      -0.095       0.502
    S3                 0.036       0.090      0.340      -0.137       0.220
    S4                 0.110       0.075      0.063      -0.031       0.261
    S5                 0.033       0.122      0.390      -0.201       0.287
    S6                -0.191       0.136      0.067      -0.479       0.063
    S7                -0.100       0.210      0.312      -0.530       0.300
    S8                -0.031       0.145      0.419      -0.313       0.261

 Variances
    LONELY             1.000       0.000      0.000       1.000       1.000
    S1                 1.000       0.000      0.000       1.000       1.000
    S2                 1.000       0.000      0.000       1.000       1.000
    S3                 1.000       0.000      0.000       1.000       1.000
    S4                 1.000       0.000      0.000       1.000       1.000
    S5                 1.000       0.000      0.000       1.000       1.000
    S6                 1.000       0.000      0.000       1.000       1.000
    S7                 1.000       0.000      0.000       1.000       1.000
    S8                 1.000       0.000      0.000       1.000       1.000


R-SQUARE

Within-Level R-Square Averaged Across Clusters

                                Posterior  One-Tailed         95% C.I.
    Variable        Estimate       S.D.      P-Value   Lower 2.5%  Upper 2.5%

    LONELY             0.118       0.005      0.000       0.109       0.128


TECHNICAL 1 OUTPUT


     PARAMETER SPECIFICATION FOR WITHIN


           NU
              LONELY        CMC           MIXED         FAMILY        WEAK_TIE
              ________      ________      ________      ________      ________
                    0             0             0             0             0


           NU
              WEEKEND       CXF           CXW           MXF           MXW
              ________      ________      ________      ________      ________
                    0             0             0             0             0


           LAMBDA
              LONELY        CMC           MIXED         FAMILY        WEAK_TIE
              ________      ________      ________      ________      ________
 LONELY             0             0             0             0             0
 CMC                0             0             0             0             0
 MIXED              0             0             0             0             0
 FAMILY             0             0             0             0             0
 WEAK_TIE           0             0             0             0             0
 WEEKEND            0             0             0             0             0
 CXF                0             0             0             0             0
 CXW                0             0             0             0             0
 MXF                0             0             0             0             0
 MXW                0             0             0             0             0


           LAMBDA
              WEEKEND       CXF           CXW           MXF           MXW
              ________      ________      ________      ________      ________
 LONELY             0             0             0             0             0
 CMC                0             0             0             0             0
 MIXED              0             0             0             0             0
 FAMILY             0             0             0             0             0
 WEAK_TIE           0             0             0             0             0
 WEEKEND            0             0             0             0             0
 CXF                0             0             0             0             0
 CXW                0             0             0             0             0
 MXF                0             0             0             0             0
 MXW                0             0             0             0             0


           THETA
              LONELY        CMC           MIXED         FAMILY        WEAK_TIE
              ________      ________      ________      ________      ________
 LONELY             0
 CMC                0             0
 MIXED              0             0             0
 FAMILY             0             0             0             0
 WEAK_TIE           0             0             0             0             0
 WEEKEND            0             0             0             0             0
 CXF                0             0             0             0             0
 CXW                0             0             0             0             0
 MXF                0             0             0             0             0
 MXW                0             0             0             0             0


           THETA
              WEEKEND       CXF           CXW           MXF           MXW
              ________      ________      ________      ________      ________
 WEEKEND            0
 CXF                0             0
 CXW                0             0             0
 MXF                0             0             0             0
 MXW                0             0             0             0             0


           ALPHA
              LONELY        CMC           MIXED         FAMILY        WEAK_TIE
              ________      ________      ________      ________      ________
                    0             0             0             0             0


           ALPHA
              WEEKEND       CXF           CXW           MXF           MXW
              ________      ________      ________      ________      ________
                    0             0             0             0             0


           BETA
              LONELY        CMC           MIXED         FAMILY        WEAK_TIE
              ________      ________      ________      ________      ________
 LONELY             0             0             0             0             0
 CMC                0             0             0             0             0
 MIXED              0             0             0             0             0
 FAMILY             0             0             0             0             0
 WEAK_TIE           0             0             0             0             0
 WEEKEND            0             0             0             0             0
 CXF                0             0             0             0             0
 CXW                0             0             0             0             0
 MXF                0             0             0             0             0
 MXW                0             0             0             0             0


           BETA
              WEEKEND       CXF           CXW           MXF           MXW
              ________      ________      ________      ________      ________
 LONELY             1             0             0             0             0
 CMC                0             0             0             0             0
 MIXED              0             0             0             0             0
 FAMILY             0             0             0             0             0
 WEAK_TIE           0             0             0             0             0
 WEEKEND            0             0             0             0             0
 CXF                0             0             0             0             0
 CXW                0             0             0             0             0
 MXF                0             0             0             0             0
 MXW                0             0             0             0             0


           PSI
              LONELY        CMC           MIXED         FAMILY        WEAK_TIE
              ________      ________      ________      ________      ________
 LONELY             2
 CMC                0             0
 MIXED              0             0             0
 FAMILY             0             0             0             0
 WEAK_TIE           0             0             0             0             0
 WEEKEND            0             0             0             0             0
 CXF                0             0             0             0             0
 CXW                0             0             0             0             0
 MXF                0             0             0             0             0
 MXW                0             0             0             0             0


           PSI
              WEEKEND       CXF           CXW           MXF           MXW
              ________      ________      ________      ________      ________
 WEEKEND            0
 CXF                0             0
 CXW                0             0             0
 MXF                0             0             0             0
 MXW                0             0             0             0             0


     PARAMETER SPECIFICATION FOR BETWEEN


           NU
              LONELY
              ________
                    0


           LAMBDA
              S1            S2            S3            S4            S5
              ________      ________      ________      ________      ________
 LONELY             0             0             0             0             0


           LAMBDA
              S6            S7            S8            LONELY
              ________      ________      ________      ________
 LONELY             0             0             0             0


           THETA
              LONELY
              ________
 LONELY             0


           ALPHA
              S1            S2            S3            S4            S5
              ________      ________      ________      ________      ________
                    3             4             5             6             7


           ALPHA
              S6            S7            S8            LONELY
              ________      ________      ________      ________
                    8             9            10            11


           BETA
              S1            S2            S3            S4            S5
              ________      ________      ________      ________      ________
 S1                 0             0             0             0             0
 S2                 0             0             0             0             0
 S3                 0             0             0             0             0
 S4                 0             0             0             0             0
 S5                 0             0             0             0             0
 S6                 0             0             0             0             0
 S7                 0             0             0             0             0
 S8                 0             0             0             0             0
 LONELY             0             0             0             0             0


           BETA
              S6            S7            S8            LONELY
              ________      ________      ________      ________
 S1                 0             0             0             0
 S2                 0             0             0             0
 S3                 0             0             0             0
 S4                 0             0             0             0
 S5                 0             0             0             0
 S6                 0             0             0             0
 S7                 0             0             0             0
 S8                 0             0             0             0
 LONELY             0             0             0             0


           PSI
              S1            S2            S3            S4            S5
              ________      ________      ________      ________      ________
 S1                12
 S2                13            14
 S3                15            16            17
 S4                18            19            20            21
 S5                22            23            24            25            26
 S6                27            28            29            30            31
 S7                33            34            35            36            37
 S8                40            41            42            43            44
 LONELY            48            49            50            51            52


           PSI
              S6            S7            S8            LONELY
              ________      ________      ________      ________
 S6                32
 S7                38            39
 S8                45            46            47
 LONELY            53            54            55            56


     STARTING VALUES FOR WITHIN


           NU
              LONELY        CMC           MIXED         FAMILY        WEAK_TIE
              ________      ________      ________      ________      ________
                0.000         0.000         0.000         0.000         0.000


           NU
              WEEKEND       CXF           CXW           MXF           MXW
              ________      ________      ________      ________      ________
                0.000         0.000         0.000         0.000         0.000


           LAMBDA
              LONELY        CMC           MIXED         FAMILY        WEAK_TIE
              ________      ________      ________      ________      ________
 LONELY         1.000         0.000         0.000         0.000         0.000
 CMC            0.000         1.000         0.000         0.000         0.000
 MIXED          0.000         0.000         1.000         0.000         0.000
 FAMILY         0.000         0.000         0.000         1.000         0.000
 WEAK_TIE       0.000         0.000         0.000         0.000         1.000
 WEEKEND        0.000         0.000         0.000         0.000         0.000
 CXF            0.000         0.000         0.000         0.000         0.000
 CXW            0.000         0.000         0.000         0.000         0.000
 MXF            0.000         0.000         0.000         0.000         0.000
 MXW            0.000         0.000         0.000         0.000         0.000


           LAMBDA
              WEEKEND       CXF           CXW           MXF           MXW
              ________      ________      ________      ________      ________
 LONELY         0.000         0.000         0.000         0.000         0.000
 CMC            0.000         0.000         0.000         0.000         0.000
 MIXED          0.000         0.000         0.000         0.000         0.000
 FAMILY         0.000         0.000         0.000         0.000         0.000
 WEAK_TIE       0.000         0.000         0.000         0.000         0.000
 WEEKEND        1.000         0.000         0.000         0.000         0.000
 CXF            0.000         1.000         0.000         0.000         0.000
 CXW            0.000         0.000         1.000         0.000         0.000
 MXF            0.000         0.000         0.000         1.000         0.000
 MXW            0.000         0.000         0.000         0.000         1.000


           THETA
              LONELY        CMC           MIXED         FAMILY        WEAK_TIE
              ________      ________      ________      ________      ________
 LONELY         0.000
 CMC            0.000         0.000
 MIXED          0.000         0.000         0.000
 FAMILY         0.000         0.000         0.000         0.000
 WEAK_TIE       0.000         0.000         0.000         0.000         0.000
 WEEKEND        0.000         0.000         0.000         0.000         0.000
 CXF            0.000         0.000         0.000         0.000         0.000
 CXW            0.000         0.000         0.000         0.000         0.000
 MXF            0.000         0.000         0.000         0.000         0.000
 MXW            0.000         0.000         0.000         0.000         0.000


           THETA
              WEEKEND       CXF           CXW           MXF           MXW
              ________      ________      ________      ________      ________
 WEEKEND        0.000
 CXF            0.000         0.000
 CXW            0.000         0.000         0.000
 MXF            0.000         0.000         0.000         0.000
 MXW            0.000         0.000         0.000         0.000         0.000


           ALPHA
              LONELY        CMC           MIXED         FAMILY        WEAK_TIE
              ________      ________      ________      ________      ________
                0.000         0.000         0.000         0.000         0.000


           ALPHA
              WEEKEND       CXF           CXW           MXF           MXW
              ________      ________      ________      ________      ________
                0.000         0.000         0.000         0.000         0.000


           BETA
              LONELY        CMC           MIXED         FAMILY        WEAK_TIE
              ________      ________      ________      ________      ________
 LONELY         0.000         0.000         0.000         0.000         0.000
 CMC            0.000         0.000         0.000         0.000         0.000
 MIXED          0.000         0.000         0.000         0.000         0.000
 FAMILY         0.000         0.000         0.000         0.000         0.000
 WEAK_TIE       0.000         0.000         0.000         0.000         0.000
 WEEKEND        0.000         0.000         0.000         0.000         0.000
 CXF            0.000         0.000         0.000         0.000         0.000
 CXW            0.000         0.000         0.000         0.000         0.000
 MXF            0.000         0.000         0.000         0.000         0.000
 MXW            0.000         0.000         0.000         0.000         0.000


           BETA
              WEEKEND       CXF           CXW           MXF           MXW
              ________      ________      ________      ________      ________
 LONELY         0.000         0.000         0.000         0.000         0.000
 CMC            0.000         0.000         0.000         0.000         0.000
 MIXED          0.000         0.000         0.000         0.000         0.000
 FAMILY         0.000         0.000         0.000         0.000         0.000
 WEAK_TIE       0.000         0.000         0.000         0.000         0.000
 WEEKEND        0.000         0.000         0.000         0.000         0.000
 CXF            0.000         0.000         0.000         0.000         0.000
 CXW            0.000         0.000         0.000         0.000         0.000
 MXF            0.000         0.000         0.000         0.000         0.000
 MXW            0.000         0.000         0.000         0.000         0.000


           PSI
              LONELY        CMC           MIXED         FAMILY        WEAK_TIE
              ________      ________      ________      ________      ________
 LONELY         0.308
 CMC            0.000         0.086
 MIXED          0.000         0.000         0.051
 FAMILY         0.000         0.000         0.000         0.044
 WEAK_TIE       0.000         0.000         0.000         0.000         0.062
 WEEKEND        0.000         0.000         0.000         0.000         0.000
 CXF            0.000         0.000         0.000         0.000         0.000
 CXW            0.000         0.000         0.000         0.000         0.000
 MXF            0.000         0.000         0.000         0.000         0.000
 MXW            0.000         0.000         0.000         0.000         0.000


           PSI
              WEEKEND       CXF           CXW           MXF           MXW
              ________      ________      ________      ________      ________
 WEEKEND        0.106
 CXF            0.000         0.008
 CXW            0.000         0.000         0.010
 MXF            0.000         0.000         0.000         0.003
 MXW            0.000         0.000         0.000         0.000         0.005


     STARTING VALUES FOR BETWEEN


           NU
              LONELY
              ________
                0.000


           LAMBDA
              S1            S2            S3            S4            S5
              ________      ________      ________      ________      ________
 LONELY         0.000         0.000         0.000         0.000         0.000


           LAMBDA
              S6            S7            S8            LONELY
              ________      ________      ________      ________
 LONELY         0.000         0.000         0.000         1.000


           THETA
              LONELY
              ________
 LONELY         0.000


           ALPHA
              S1            S2            S3            S4            S5
              ________      ________      ________      ________      ________
                0.000         0.000         0.000         0.000         0.000


           ALPHA
              S6            S7            S8            LONELY
              ________      ________      ________      ________
                0.000         0.000         0.000         1.515


           BETA
              S1            S2            S3            S4            S5
              ________      ________      ________      ________      ________
 S1             0.000         0.000         0.000         0.000         0.000
 S2             0.000         0.000         0.000         0.000         0.000
 S3             0.000         0.000         0.000         0.000         0.000
 S4             0.000         0.000         0.000         0.000         0.000
 S5             0.000         0.000         0.000         0.000         0.000
 S6             0.000         0.000         0.000         0.000         0.000
 S7             0.000         0.000         0.000         0.000         0.000
 S8             0.000         0.000         0.000         0.000         0.000
 LONELY         0.000         0.000         0.000         0.000         0.000


           BETA
              S6            S7            S8            LONELY
              ________      ________      ________      ________
 S1             0.000         0.000         0.000         0.000
 S2             0.000         0.000         0.000         0.000
 S3             0.000         0.000         0.000         0.000
 S4             0.000         0.000         0.000         0.000
 S5             0.000         0.000         0.000         0.000
 S6             0.000         0.000         0.000         0.000
 S7             0.000         0.000         0.000         0.000
 S8             0.000         0.000         0.000         0.000
 LONELY         0.000         0.000         0.000         0.000


           PSI
              S1            S2            S3            S4            S5
              ________      ________      ________      ________      ________
 S1             1.000
 S2             0.000         1.000
 S3             0.000         0.000         1.000
 S4             0.000         0.000         0.000         1.000
 S5             0.000         0.000         0.000         0.000         1.000
 S6             0.000         0.000         0.000         0.000         0.000
 S7             0.000         0.000         0.000         0.000         0.000
 S8             0.000         0.000         0.000         0.000         0.000
 LONELY         0.000         0.000         0.000         0.000         0.000


           PSI
              S6            S7            S8            LONELY
              ________      ________      ________      ________
 S6             1.000
 S7             0.000         1.000
 S8             0.000         0.000         1.000
 LONELY         0.000         0.000         0.000         0.308



     PRIORS FOR ALL PARAMETERS            PRIOR MEAN      PRIOR VARIANCE     PRIOR STD. DEV.

     Parameter 1~N(0.000,infinity)           0.0000            infinity            infinity
     Parameter 2~IG(-1.000,0.000)          infinity            infinity            infinity
     Parameter 3~N(0.000,infinity)           0.0000            infinity            infinity
     Parameter 4~N(0.000,infinity)           0.0000            infinity            infinity
     Parameter 5~N(0.000,infinity)           0.0000            infinity            infinity
     Parameter 6~N(0.000,infinity)           0.0000            infinity            infinity
     Parameter 7~N(0.000,infinity)           0.0000            infinity            infinity
     Parameter 8~N(0.000,infinity)           0.0000            infinity            infinity
     Parameter 9~N(0.000,infinity)           0.0000            infinity            infinity
     Parameter 10~N(0.000,infinity)          0.0000            infinity            infinity
     Parameter 11~N(0.000,infinity)          0.0000            infinity            infinity
     Parameter 12~IW(0.000,-10)            infinity            infinity            infinity
     Parameter 13~IW(0.000,-10)            infinity            infinity            infinity
     Parameter 14~IW(0.000,-10)            infinity            infinity            infinity
     Parameter 15~IW(0.000,-10)            infinity            infinity            infinity
     Parameter 16~IW(0.000,-10)            infinity            infinity            infinity
     Parameter 17~IW(0.000,-10)            infinity            infinity            infinity
     Parameter 18~IW(0.000,-10)            infinity            infinity            infinity
     Parameter 19~IW(0.000,-10)            infinity            infinity            infinity
     Parameter 20~IW(0.000,-10)            infinity            infinity            infinity
     Parameter 21~IW(0.000,-10)            infinity            infinity            infinity
     Parameter 22~IW(0.000,-10)            infinity            infinity            infinity
     Parameter 23~IW(0.000,-10)            infinity            infinity            infinity
     Parameter 24~IW(0.000,-10)            infinity            infinity            infinity
     Parameter 25~IW(0.000,-10)            infinity            infinity            infinity
     Parameter 26~IW(0.000,-10)            infinity            infinity            infinity
     Parameter 27~IW(0.000,-10)            infinity            infinity            infinity
     Parameter 28~IW(0.000,-10)            infinity            infinity            infinity
     Parameter 29~IW(0.000,-10)            infinity            infinity            infinity
     Parameter 30~IW(0.000,-10)            infinity            infinity            infinity
     Parameter 31~IW(0.000,-10)            infinity            infinity            infinity
     Parameter 32~IW(0.000,-10)            infinity            infinity            infinity
     Parameter 33~IW(0.000,-10)            infinity            infinity            infinity
     Parameter 34~IW(0.000,-10)            infinity            infinity            infinity
     Parameter 35~IW(0.000,-10)            infinity            infinity            infinity
     Parameter 36~IW(0.000,-10)            infinity            infinity            infinity
     Parameter 37~IW(0.000,-10)            infinity            infinity            infinity
     Parameter 38~IW(0.000,-10)            infinity            infinity            infinity
     Parameter 39~IW(0.000,-10)            infinity            infinity            infinity
     Parameter 40~IW(0.000,-10)            infinity            infinity            infinity
     Parameter 41~IW(0.000,-10)            infinity            infinity            infinity
     Parameter 42~IW(0.000,-10)            infinity            infinity            infinity
     Parameter 43~IW(0.000,-10)            infinity            infinity            infinity
     Parameter 44~IW(0.000,-10)            infinity            infinity            infinity
     Parameter 45~IW(0.000,-10)            infinity            infinity            infinity
     Parameter 46~IW(0.000,-10)            infinity            infinity            infinity
     Parameter 47~IW(0.000,-10)            infinity            infinity            infinity
     Parameter 48~IW(0.000,-10)            infinity            infinity            infinity
     Parameter 49~IW(0.000,-10)            infinity            infinity            infinity
     Parameter 50~IW(0.000,-10)            infinity            infinity            infinity
     Parameter 51~IW(0.000,-10)            infinity            infinity            infinity
     Parameter 52~IW(0.000,-10)            infinity            infinity            infinity
     Parameter 53~IW(0.000,-10)            infinity            infinity            infinity
     Parameter 54~IW(0.000,-10)            infinity            infinity            infinity
     Parameter 55~IW(0.000,-10)            infinity            infinity            infinity
     Parameter 56~IW(0.000,-10)            infinity            infinity            infinity


TECHNICAL 8 OUTPUT


   TECHNICAL 8 OUTPUT FOR BAYES ESTIMATION

     CHAIN    BSEED
     1        0
     2        285380

                     POTENTIAL       PARAMETER WITH
     ITERATION    SCALE REDUCTION      HIGHEST PSR
     100              4.133               33
     200              3.364               23
     300              3.478               47
     400              3.376               47
     500              3.559               47
     600              3.756               47
     700              4.053               47
     800              4.103               47
     900              3.548               47
     1000             3.186               47
     1100             2.444               10
     1200             2.505               10
     1300             2.529               55
     1400             2.493               55
     1500             2.373               55
     1600             1.994               55
     1700             1.741               38
     1800             1.700               38
     1900             1.575               29
     2000             1.592               29
     2100             1.630               29
     2200             1.588               29
     2300             1.544               45
     2400             1.586               45
     2500             1.559               45
     2600             1.490               45
     2700             1.372               45
     2800             1.337               28
     2900             1.349               32
     3000             1.424               32
     3100             1.389               32
     3200             1.385               16
     3300             1.455               16
     3400             1.512               16
     3500             1.577               16
     3600             1.618               16
     3700             1.628               16
     3800             1.660               16
     3900             1.661               16
     4000             1.671               16
     4100             1.659               16
     4200             1.643               16
     4300             1.603               16
     4400             1.525               40
     4500             1.473               40
     4600             1.473               40
     4700             1.482               40
     4800             1.458               40
     4900             1.438               40
     5000             1.393               40
     5100             1.366               40
     5200             1.353               40
     5300             1.368               40
     5400             1.357               40
     5500             1.377               40
     5600             1.382               40
     5700             1.373               40
     5800             1.323               41
     5900             1.303               41
     6000             1.307               41
     6100             1.315               41
     6200             1.267               40
     6300             1.257               40
     6400             1.237               40
     6500             1.193               40
     6600             1.201               45
     6700             1.215               45
     6800             1.242               45
     6900             1.232               45
     7000             1.269               45
     7100             1.271               45
     7200             1.259               45
     7300             1.262               33
     7400             1.295               33
     7500             1.327               33
     7600             1.355               33
     7700             1.375               33
     7800             1.367               33
     7900             1.365               33
     8000             1.354               33
     8100             1.289               33
     8200             1.241               33
     8300             1.254               33
     8400             1.254               33
     8500             1.246               33
     8600             1.233               33
     8700             1.236               33
     8800             1.237               33
     8900             1.233               33
     9000             1.240               33
     9100             1.230               33
     9200             1.213               33
     9300             1.178               33
     9400             1.144               33
     9500             1.126               55
     9600             1.124               55
     9700             1.121               55
     9800             1.125               55
     9900             1.126               37
     10000            1.130               37
     10100            1.138               37
     10200            1.146               37
     10300            1.148               37
     10400            1.157               37
     10500            1.164               37
     10600            1.154               37
     10700            1.142               39
     10800            1.148               39
     10900            1.154               39
     11000            1.163               39
     11100            1.187               39
     11200            1.186               39
     11300            1.179               39
     11400            1.182               39
     11500            1.182               39
     11600            1.170               39
     11700            1.143               38
     11800            1.142               38
     11900            1.134               38
     12000            1.132               38
     12100            1.133               38
     12200            1.133               38
     12300            1.138               38
     12400            1.153               38
     12500            1.161               38
     12600            1.169               38
     12700            1.184               38
     12800            1.200               38
     12900            1.206               38
     13000            1.214               38
     13100            1.224               38
     13200            1.241               38
     13300            1.252               38
     13400            1.255               38
     13500            1.263               38
     13600            1.276               38
     13700            1.287               38
     13800            1.303               38
     13900            1.307               38
     14000            1.310               38
     14100            1.321               38
     14200            1.330               38
     14300            1.336               38
     14400            1.339               38
     14500            1.338               38
     14600            1.336               38
     14700            1.334               38
     14800            1.328               38
     14900            1.326               38
     15000            1.329               38
     15100            1.324               38
     15200            1.317               38
     15300            1.310               38
     15400            1.292               38
     15500            1.271               38
     15600            1.261               38
     15700            1.261               38
     15800            1.252               38
     15900            1.253               38
     16000            1.251               38
     16100            1.242               38
     16200            1.237               38
     16300            1.236               38
     16400            1.239               38
     16500            1.239               38
     16600            1.233               38
     16700            1.229               38
     16800            1.228               38
     16900            1.223               38
     17000            1.207               38
     17100            1.200               38
     17200            1.194               38
     17300            1.194               38
     17400            1.190               38
     17500            1.184               38
     17600            1.178               38
     17700            1.167               9
     17800            1.163               9
     17900            1.155               9
     18000            1.156               9
     18100            1.150               9
     18200            1.142               9
     18300            1.137               9
     18400            1.132               9
     18500            1.131               9
     18600            1.128               9
     18700            1.125               9
     18800            1.116               9
     18900            1.107               9
     19000            1.100               9
     19100            1.090               9


     Beginning Time:  21:48:56
        Ending Time:  22:08:58
       Elapsed Time:  00:20:02



MUTHEN & MUTHEN
3463 Stoner Ave.
Los Angeles, CA  90066

Tel: (310) 391-9971
Fax: (310) 391-8971
Web: www.StatModel.com
Support: Support@StatModel.com

Copyright (c) 1998-2020 Muthen & Muthen
