Mplus VERSION 8.5 (Mac)
MUTHEN & MUTHEN
03/17/2022  10:21 PM

INPUT INSTRUCTIONS

  TITLE: Analysis 5
  DATA: FILE = analysis4+5_S2.dat;
  VARIABLE:
  NAMES = ID WB content stressed lonely
  FTF CMC mixed peers family weak_ties
  E A C N O gender ethnicity SES weekend;
  USEVARIABLES = lonely
  CMC mixed family weak_ties
  weekend A
  cxf cxw mxf mxw;
  CLUSTER = ID;
  WITHIN = CMC mixed family weak_ties weekend
  cxf cxw mxf mxw;
  BETWEEN = A;
  MISSING = .;
  DEFINE:
  CENTER CMC (GROUPMEAN);
  CENTER mixed (GROUPMEAN);
  CENTER family (GROUPMEAN);
  CENTER weak_ties (GROUPMEAN);
  cxf=CMC*family;
  cxw=CMC*weak_ties;
  mxf=mixed*family;
  mxw=mixed*weak_ties;
  CENTER A (GRANDMEAN);
  ANALYSIS: TYPE = TWOLEVEL RANDOM; ESTIMATOR = BAYES;
  BITERATIONS = (10000); PROCESSORS = 2;
  MODEL:
  %WITHIN%
  ! Loneliness is predicted by CMC, the slope is random
  S1 | lonely ON CMC;
  ! Loneliness is predicted by mixed episodes, the slope is random
  S2 | lonely ON mixed;
  ! Loneliness is predicted by family, the slope is random
  S3 | lonely ON family;
  ! Loneliness is predicted by weak ties, the slope is random
  S4 | lonely ON weak_ties;
  ! Loneliness is predicted by CMC*family, the slope is random
  S5 | lonely ON cxf;
  ! Loneliness is predicted by CMC*weak ties, the slope is random
  S6 | lonely ON cxw;
  ! Loneliness is predicted by mixed*family, the slope is random
  S7 | lonely ON mxf;
  ! Loneliness is predicted by mixed*weak ties, the slope is random
  S8 | lonely ON mxw;
  ! Control for weekend
  lonely ON weekend;
  %BETWEEN%
  ! Covariance between intercept and slopes
  lonely S1-S8 WITH lonely S1-S8;
  ! The intercept is predicted by agreeableness
  lonely ON A;
  ! The slopes are predicted by agreeableness
  S1-S8 ON A;
  OUTPUT: STDYX STDY TECH8;



*** WARNING in VARIABLE command
  Note that only the first 8 characters of variable names are used in the output.
  Shorten variable names to avoid any confusion.
*** WARNING
  One or more individual-level variables have no variation within a
  cluster for the following clusters.

     Variable   Cluster IDs with no within-cluster variation

      LONELY      69 368 497 316 568 134 140 307 13 776 50 362 404 163 428 513 212 373 96 291
                  629 677 243 501 804 107 668 11 757 563 310 92 582 142 126 451 302 467 532 40
                  825 6 847 95 172 608 441 724 477 704 810 830 251 361 104 410 794 733 48 635
                  78 614 354 421 400 725 116 520 750 108 585 600 202 115 639 665 66 250 732 257
                  101 284 139 161 164 851 203 42 88 177 44 684 14 274 84 661 816 659 693 20 468
                  624 22 550 529 323 270 60 235 609 514 135 705 418 141 465 287 24
      WEEKEND     335 69 368 316 568 134 293 140 307 650 197 357 404 163 595 300 93 680 700 513
                  515 537 291 496 326 849 668 321 110 48 722
      CXF         335 69 368 215 497 316 568 134 293 703 140 307 650 13 197 65 565 50 357 362
                  216 382 404 783 118 163 595 300 72 93 428 680 700 150 320 333 513 515 537 212
                  657 689 483 96 133 736 578 498 629 857 599 182 480 677 325 698 753 777 597 519
                  533 836 98 849 231 398 727 61 747 501 417 425 623 631 10 804 107 668 11 321
                  559 110 644 229 563 276 672 92 582 126 814 360 334 199 217 343 99 574 584 822
                  825 506 6 649 211 414 172 608 724 848 740 387 331 570 137 842 435 271 260 371
                  361 318 820 616 746 279 826 179 104 536 768 854 410 542 794 591 221 78 26 123
                  328 12 15 213 642 564 619 725 45 688 520 246 214 695 750 457 601 772 470 606
                  219 241 108 195 531 202 852 472 379 769 173 311 634 596 771 294 846 764 464
                  434 332 381 94 164 4 138 42 88 671 177 152 845 522 784 14 469 356 79 481 82
                  83 274 269 49 577 474 838 290 782 458 816 659 824 57 490 87 20 405 739 843 511
                  136 743 401 758 459 22 760 7 730 773 749 550 47 402 415 479 242 60 609 77 514
                  850 598 654 572 465 287 499 580
      CXW         335 69 368 215 497 316 568 134 293 703 140 307 650 13 65 776 50 357 216 382
                  783 118 163 595 93 680 320 333 262 513 657 133 736 498 621 629 599 326 182 220
                  567 194 519 546 836 230 239 727 61 501 623 10 107 668 11 644 229 563 276 92
                  582 802 142 126 451 244 302 360 334 199 807 40 19 649 463 211 441 704 466 748
                  179 536 410 542 36 48 635 221 718 213 421 564 543 619 620 482 380 214 695 601
                  471 606 241 222 531 202 754 311 67 516 332 571 4 42 88 177 44 412 355 84 583
                  59 87 297 184 756 809 667 760 573 730 550 402 738 386 242 609 378 540 444 705
                  24
      MXF         335 69 368 215 497 316 568 134 293 703 140 307 650 13 197 65 776 565 50 357
                  362 216 382 404 783 643 118 163 595 300 72 93 428 680 700 150 320 513 515 537
                  212 657 689 483 96 133 291 736 578 498 790 621 629 363 857 599 182 38 480 567
                  677 325 698 194 753 777 597 519 533 836 98 849 500 646 231 155 398 61 602 747
                  501 417 425 623 631 10 804 107 668 11 321 559 110 91 229 757 563 413 276 672
                  126 814 130 451 338 532 360 334 547 633 763 427 217 343 99 574 40 584 822 825
                  506 6 90 19 649 576 414 306 172 143 32 608 377 724 324 848 740 707 387 821 331
                  832 570 137 842 435 271 18 260 713 792 251 371 666 361 318 820 616 746 279 826
                  179 104 628 536 768 854 630 410 542 794 591 592 78 26 123 305 328 614 354 12
                  15 213 642 562 422 564 711 543 619 725 45 116 688 183 520 41 246 737 71 817
                  695 750 457 86 601 772 470 509 606 219 241 395 108 656 585 195 785 600 787 531
                  852 472 379 769 173 232 634 226 639 596 771 294 516 846 764 272 464 193 434
                  237 284 381 94 164 851 4 203 138 88 671 177 152 845 55 684 522 784 690 14 148
                  469 648 187 356 79 481 82 176 83 274 269 49 577 474 838 175 290 782 396 458
                  816 659 824 57 490 87 52 20 405 739 345 843 511 136 743 401 758 459 358 22 667
                  760 7 779 730 773 749 374 319 755 550 47 402 696 415 479 242 60 609 674 77 514
                  850 598 654 572 465 346 287 499 580
      MXW         335 69 368 215 497 316 568 134 293 703 140 307 650 13 65 776 565 50 357 362
                  216 382 404 643 118 163 595 300 93 428 680 700 150 320 262 513 515 657 689 96
                  291 736 578 498 790 621 363 857 599 326 38 220 567 677 194 533 546 836 500 646
                  230 155 239 61 602 501 417 631 10 804 107 668 11 91 229 757 563 413 276 802
                  142 126 130 451 244 338 302 532 360 334 547 633 763 427 217 574 807 40 822 825
                  506 90 19 649 576 463 306 143 32 377 441 724 324 848 704 707 821 331 832 137
                  18 260 713 792 466 251 371 666 746 826 748 179 628 630 410 542 36 48 592 635
                  78 305 718 614 354 15 213 642 421 562 422 564 711 543 619 620 116 183 520 482
                  41 246 737 380 71 817 695 750 86 509 471 606 241 395 656 585 222 195 785 600
                  787 531 202 754 232 226 639 67 294 516 272 464 193 237 284 571 851 4 203 177
                  44 55 684 784 690 148 648 187 176 412 355 84 175 583 290 396 59 87 52 345 297
                  184 401 756 358 809 667 760 573 779 730 374 319 755 550 402 696 738 386 242
                  609 674 378 540 444 514 705 346 24

*** WARNING
  Data set contains cases with missing on x-variables.
  These cases were not included in the analysis.
  Number of cases with missing on x-variables:  3138
*** WARNING
  Data set contains cases with missing on all variables except
  x-variables.  These cases were not included in the analysis.
  Number of cases with missing on all variables except x-variables:  24
   4 WARNING(S) FOUND IN THE INPUT INSTRUCTIONS



Analysis 5

SUMMARY OF ANALYSIS

Number of groups                                                 1
Number of observations                                       10857

Number of dependent variables                                    1
Number of independent variables                                 10
Number of continuous latent variables                            8

Observed dependent variables

  Continuous
   LONELY

Observed independent variables
   CMC         MIXED       FAMILY      WEAK_TIE    WEEKEND     A
   CXF         CXW         MXF         MXW

Continuous latent variables
   S1          S2          S3          S4          S5          S6
   S7          S8

Variables with special functions

  Cluster variable      ID

  Within variables
   CMC         MIXED       FAMILY      WEAK_TIE    WEEKEND     CXF
   CXW         MXF         MXW

  Between variables
   A

  Centering (GRANDMEAN)
   A

  Centering (GROUPMEAN)
   CMC         MIXED       FAMILY      WEAK_TIE


Estimator                                                    BAYES
Specifications for Bayesian Estimation
  Point estimate                                            MEDIAN
  Number of Markov chain Monte Carlo (MCMC) chains               2
  Random seed for the first chain                                0
  Starting value information                           UNPERTURBED
  Algorithm used for Markov chain Monte Carlo           GIBBS(PX1)
  Convergence criterion                                  0.500D-01
  Maximum number of iterations                               50000
  K-th iteration used for thinning                               1

Input data file(s)
  analysis4+5_S2.dat
Input data format  FREE


SUMMARY OF DATA

     Number of clusters                        623

       Size (s)    Cluster ID with Size s

          1        46 100 121 157 198 208 277 301 312 350 450 486 603 664
                   708 723 502
          2        335 69 368 215 497 316 568 134 293 703 140 307
          3        650 13 197 65 776 565
          4        50 357 362 216 382 404 783 643 118
          5        163 595 300 72 93 428 680 700 150 320 333 262 513 515
                   537 212
          6        657 373 689 483 96 133 291 736 496 578 498 790 621 629
                   363 857 599
          7        326 182 38 220 370 480 567 677 325 698 589
          8        366 194 753 278 777 597 243 519 533 546 812 836 98 849
                   500 23 646
          9        230 231 155 239 398 727 61 602 747 501 417 425 623 132
                   631 10 804 107 29 668 478 11 321 559
         10        110 91 485 265 644 229 757 563 310 413 276 672 92 582
                   64 802 432 142 126 814 130 451 244 247 617 338
         11        302 467 406 532 360 538 334 547 199 633 555 763 427
                   217 566 801 343 99 574 807 40 584 822 825 506 6 847
                   90
         12        19 649 576 95 463 211 414 789 306 172 143 32 156 608
                   377 158 441 162 724 324 848 740
         13        701 477 704 707 810 2 387 819 821 770 267 331 830 832
                   570 137 842 435 271 18 655 260
         14        713 792 466 251 190 371 204 666 361 813 318 820 616
                   746 279 826 748 179 104 628 536 766 768 854 630 410
         15        542 794 579 264 733 36 48 682 685 744 591 592 692 635
                   221 78 26 123 305 328 718 614 354 722 12 15
         16        245 213 642 421 562 422 564 400 711 43 717 543 619 620
                   725 174 551 45 507 76 116 688 372
         17        327 183 520 408 482 41 225 246 737 359 380 71 817 214
                   695 750 457 638 641 759 191 394 86 601 772 470 509 471
                   606 219 241 117 367
         18        395 108 656 585 715 403 622 222 195 74 525 726 681 528
                   785 600 787 531 73 159 160 473 202 541 852 31
         19        754 115 112 472 379 834 769 173 232 56 311 634 226 364
                   639 694 665 640 426 544
         20        66 798 250 596 771 67 294 516 846 436 25 670 732 27
                   127 257 632 764
         21        272 464 101 193 721 434 237 284 139 332 571 381 161
                   94 735 37 164 851 4 203 128 249
         22        138 42 431 275 88 671 258 313 177 152 845 569 44 55
                   684 522 784 63 690 607
         23        14 148 469 170 648 187 356 79 125 527 775 660 481 82
                   176 83 853 210 412 274 269 146
         24        508 54 49 355 577 474 838 84 774 175 583 661 808 460
                   290 782 266 613 248 503 234 396 593 385 59
         25        458 816 120 709 659 693 824 51 57 490 87 52 315 833
                   16 20
         26        181 405 739 345 843 423 297 468 154 511 8 136 624
         27        647 169 743 610 103 699 184 383 348 401 493 227 534
                   756 295 758 388 459 358 391 714 765 22
         28        446 809 827 530 167 186 201 667 760
         29        7 573 779 730 299 773 168 282 749
         30        374 800 319 811 755 550 795 97 47
         31        402 625 696 252 529 738 652 415 309 386
         32        323 263 636 479 270 80 242 60 235
         33        609 389 674 378
         34        77 581 399 337 540 476 439 444
         35        514
         36        135 393
         37        850 192
         38        598 273 705 780 654 308
         39        662 767 572
         40        418
         41        141 465 346 228 53 254
         43        287
         44        499
         45        24
         46        580



COVARIANCE COVERAGE OF DATA

Minimum covariance coverage value   0.100

     Number of missing data patterns             1


     PROPORTION OF DATA PRESENT


           Covariance Coverage
              LONELY        CMC           MIXED         FAMILY        WEAK_TIE
              ________      ________      ________      ________      ________
 LONELY         1.000
 CMC            1.000         1.000
 MIXED          1.000         1.000         1.000
 FAMILY         1.000         1.000         1.000         1.000
 WEAK_TIE       1.000         1.000         1.000         1.000         1.000
 WEEKEND        1.000         1.000         1.000         1.000         1.000
 CXF            1.000         1.000         1.000         1.000         1.000
 CXW            1.000         1.000         1.000         1.000         1.000
 MXF            1.000         1.000         1.000         1.000         1.000
 MXW            1.000         1.000         1.000         1.000         1.000
 A              1.000         1.000         1.000         1.000         1.000


           Covariance Coverage
              WEEKEND       CXF           CXW           MXF           MXW
              ________      ________      ________      ________      ________
 WEEKEND        1.000
 CXF            1.000         1.000
 CXW            1.000         1.000         1.000
 MXF            1.000         1.000         1.000         1.000
 MXW            1.000         1.000         1.000         1.000         1.000
 A              1.000         1.000         1.000         1.000         1.000


           Covariance Coverage
              A
              ________
 A              1.000



UNIVARIATE SAMPLE STATISTICS


     UNIVARIATE HIGHER-ORDER MOMENT DESCRIPTIVE STATISTICS

         Variable/         Mean/     Skewness/   Minimum/ % with                Percentiles
        Sample Size      Variance    Kurtosis    Maximum  Min/Max      20%/60%    40%/80%    Median

     LONELY                1.481       1.634       1.000   64.58%       1.000      1.000      1.000
           10857.000       0.569       2.228       4.000    3.25%       1.000      2.000
     CMC                   0.000       0.593      -0.941    0.01%      -0.333     -0.192     -0.125
           10857.000       0.174      -0.746       0.964    0.01%      -0.067      0.480
     MIXED                 0.000       1.589      -0.833    0.01%      -0.200     -0.100     -0.067
           10857.000       0.104       1.861       0.972    0.01%      -0.042      0.000
     FAMILY                0.000       1.473      -0.947    0.01%      -0.167     -0.059     -0.034
           10857.000       0.087       2.601       0.974    0.01%       0.000      0.000
     WEAK_TIES             0.000       1.215      -0.846    0.04%      -0.222     -0.125     -0.083
           10857.000       0.123       0.870       0.977    0.01%      -0.050      0.000
     WEEKEND               0.308       0.832       0.000   69.20%       0.000      0.000      0.000
           10857.000       0.213      -1.308       1.000   30.80%       0.000      1.000
     CXF                   0.003       1.131      -0.754    0.02%      -0.030      0.000      0.000
           10857.000       0.017      11.450       0.915    0.01%       0.000      0.028
     CXW                  -0.024      -0.320      -0.892    0.01%      -0.090      0.000      0.000
           10857.000       0.020       6.621       0.898    0.01%       0.008      0.039
     MXF                  -0.004       1.497      -0.710    0.01%       0.000      0.000      0.000
           10857.000       0.006      34.583       0.878    0.01%       0.000      0.011
     MXW                  -0.007       1.554      -0.814    0.01%      -0.025      0.000      0.000
           10857.000       0.010      20.291       0.845    0.01%       0.004      0.023
     A                     0.000      -0.346      -2.383    0.16%      -0.494     -0.160      0.062
             623.000       0.373       0.014       1.284    0.64%       0.173      0.506


THE MODEL ESTIMATION TERMINATED NORMALLY

     USE THE FBITERATIONS OPTION TO INCREASE THE NUMBER OF ITERATIONS BY A FACTOR
     OF AT LEAST TWO TO CHECK CONVERGENCE AND THAT THE PSR VALUE DOES NOT INCREASE.



MODEL FIT INFORMATION

Number of Free Parameters                              65

Information Criteria

          Deviance (DIC)                        18967.011
          Estimated Number of Parameters (pD)    1238.498



MODEL RESULTS

                                Posterior  One-Tailed         95% C.I.
                    Estimate       S.D.      P-Value   Lower 2.5%  Upper 2.5%  Significance

Within Level

 LONELY     ON
    WEEKEND           -0.040       0.013      0.001      -0.066      -0.015      *

 Residual Variances
    LONELY             0.300       0.005      0.000       0.291       0.309      *

Between Level

 S1         ON
    A                 -0.030       0.033      0.185      -0.095       0.036

 S2         ON
    A                 -0.011       0.033      0.375      -0.075       0.055

 S3         ON
    A                 -0.002       0.042      0.479      -0.085       0.081

 S4         ON
    A                 -0.071       0.039      0.035      -0.146       0.006

 S5         ON
    A                  0.073       0.102      0.234      -0.125       0.279

 S6         ON
    A                 -0.113       0.086      0.090      -0.282       0.052

 S7         ON
    A                  0.040       0.172      0.401      -0.294       0.383

 S8         ON
    A                 -0.157       0.112      0.090      -0.368       0.074

 LONELY     ON
    A                 -0.063       0.035      0.039      -0.130       0.006

 LONELY   WITH
    S1                 0.063       0.012      0.000       0.041       0.086      *
    S2                 0.005       0.012      0.336      -0.017       0.029
    S3                 0.012       0.013      0.172      -0.013       0.038
    S4                 0.004       0.012      0.383      -0.021       0.028
    S5                -0.016       0.031      0.297      -0.077       0.043
    S6                 0.043       0.028      0.059      -0.010       0.098
    S7                 0.008       0.053      0.434      -0.089       0.120
    S8                 0.021       0.040      0.310      -0.058       0.096

 S1       WITH
    S2                 0.020       0.010      0.017       0.001       0.040      *
    S3                -0.003       0.011      0.380      -0.025       0.019
    S4                 0.019       0.011      0.027       0.000       0.042
    S5                -0.012       0.026      0.317      -0.063       0.040
    S6                -0.031       0.021      0.074      -0.070       0.011
    S7                -0.023       0.037      0.261      -0.094       0.052
    S8                -0.034       0.030      0.125      -0.093       0.024

 S2       WITH
    S3                 0.007       0.009      0.222      -0.011       0.024
    S4                 0.011       0.009      0.111      -0.006       0.028
    S5                -0.002       0.021      0.471      -0.041       0.039
    S6                -0.009       0.014      0.254      -0.038       0.018
    S7                 0.006       0.024      0.396      -0.035       0.060
    S8                -0.012       0.020      0.266      -0.054       0.024

 S3       WITH
    S4                 0.036       0.013      0.000       0.013       0.064      *
    S5                 0.004       0.029      0.446      -0.054       0.060
    S6                 0.024       0.021      0.121      -0.015       0.065
    S7                 0.029       0.038      0.219      -0.041       0.109
    S8                 0.018       0.029      0.252      -0.040       0.073

 S4       WITH
    S5                 0.012       0.027      0.322      -0.042       0.064
    S6                 0.020       0.022      0.163      -0.019       0.069
    S7                -0.024       0.039      0.261      -0.101       0.050
    S8                 0.025       0.029      0.181      -0.027       0.088

 S5       WITH
    S6                 0.065       0.048      0.093      -0.035       0.160
    S7                -0.014       0.078      0.426      -0.173       0.139
    S8                -0.048       0.057      0.183      -0.166       0.056

 S6       WITH
    S7                 0.021       0.059      0.348      -0.099       0.138
    S8                 0.019       0.042      0.308      -0.060       0.109

 S7       WITH
    S8                 0.023       0.076      0.352      -0.119       0.192

 Intercepts
    LONELY             1.525       0.022      0.000       1.482       1.567      *
    S1                 0.296       0.020      0.000       0.257       0.336      *
    S2                 0.036       0.020      0.033      -0.002       0.077
    S3                 0.023       0.025      0.189      -0.028       0.071
    S4                 0.023       0.023      0.154      -0.021       0.067
    S5                 0.012       0.059      0.417      -0.101       0.131
    S6                -0.035       0.051      0.248      -0.133       0.066
    S7                -0.048       0.091      0.291      -0.231       0.126
    S8                -0.081       0.068      0.118      -0.213       0.052

 Residual Variances
    LONELY             0.250       0.016      0.000       0.221       0.285      *
    S1                 0.094       0.013      0.000       0.071       0.122      *
    S2                 0.022       0.009      0.000       0.009       0.044      *
    S3                 0.060       0.017      0.000       0.030       0.096      *
    S4                 0.080       0.015      0.000       0.054       0.112      *
    S5                 0.227       0.077      0.000       0.098       0.401      *
    S6                 0.124       0.044      0.000       0.046       0.221      *
    S7                 0.274       0.125      0.000       0.103       0.582      *
    S8                 0.174       0.074      0.000       0.075       0.358      *


STANDARDIZED MODEL RESULTS


STDYX Standardization

                                Posterior  One-Tailed         95% C.I.
                    Estimate       S.D.      P-Value   Lower 2.5%  Upper 2.5%  Significance

Within-Level Standardized Estimates Averaged Over Clusters

 S1 | LONELY ON
    CMC                0.179       0.010      0.000       0.160       0.199      *

 S2 | LONELY ON
    MIXED              0.014       0.007      0.025       0.000       0.030

 S3 | LONELY ON
    FAMILY             0.007       0.008      0.188      -0.008       0.021

 S4 | LONELY ON
    WEAK_TIES          0.010       0.010      0.145      -0.009       0.029

 S5 | LONELY ON
    CXF                0.003       0.007      0.344      -0.010       0.017

 S6 | LONELY ON
    CXW               -0.007       0.008      0.171      -0.023       0.007

 S7 | LONELY ON
    MXF               -0.005       0.005      0.176      -0.014       0.005

 S8 | LONELY ON
    MXW               -0.012       0.007      0.103      -0.021       0.005

 LONELY     ON
    WEEKEND           -0.028       0.009      0.000      -0.045      -0.011      *

 Residual Variances
    LONELY             0.881       0.006      0.000       0.870       0.893      *

Between Level

 S1         ON
    A                 -0.040       0.045      0.185      -0.129       0.048

 S2         ON
    A                 -0.030       0.096      0.375      -0.222       0.157

 S3         ON
    A                 -0.004       0.073      0.479      -0.149       0.139

 S4         ON
    A                 -0.104       0.057      0.035      -0.215       0.009

 S5         ON
    A                  0.064       0.093      0.234      -0.113       0.252

 S6         ON
    A                 -0.135       0.101      0.090      -0.338       0.061

 S7         ON
    A                  0.032       0.141      0.401      -0.242       0.328

 S8         ON
    A                 -0.155       0.112      0.090      -0.368       0.073

 LONELY     ON
    A                 -0.052       0.029      0.039      -0.108       0.005

 LONELY   WITH
    S1                 0.410       0.066      0.000       0.278       0.536      *
    S2                 0.066       0.160      0.336      -0.234       0.397
    S3                 0.099       0.104      0.172      -0.108       0.298
    S4                 0.026       0.086      0.383      -0.144       0.194
    S5                -0.069       0.133      0.297      -0.336       0.186
    S6                 0.249       0.153      0.059      -0.076       0.525
    S7                 0.034       0.205      0.434      -0.371       0.428
    S8                 0.103       0.191      0.310      -0.268       0.463

 S1       WITH
    S2                 0.450       0.180      0.017       0.034       0.733      *
    S3                -0.047       0.150      0.380      -0.331       0.254
    S4                 0.226       0.118      0.027      -0.003       0.456
    S5                -0.085       0.181      0.317      -0.407       0.302
    S6                -0.294       0.185      0.074      -0.607       0.110
    S7                -0.144       0.227      0.261      -0.557       0.335
    S8                -0.275       0.220      0.125      -0.643       0.199

 S2       WITH
    S3                 0.188       0.232      0.222      -0.309       0.581
    S4                 0.257       0.203      0.111      -0.163       0.638
    S5                -0.023       0.296      0.471      -0.604       0.547
    S6                -0.185       0.270      0.254      -0.728       0.332
    S7                 0.078       0.283      0.396      -0.441       0.623
    S8                -0.198       0.290      0.266      -0.732       0.372

 S3       WITH
    S4                 0.536       0.139      0.000       0.224       0.775      *
    S5                 0.034       0.248      0.446      -0.432       0.533
    S6                 0.289       0.230      0.121      -0.185       0.688
    S7                 0.234       0.282      0.219      -0.381       0.727
    S8                 0.181       0.271      0.252      -0.388       0.692

 S4       WITH
    S5                 0.093       0.199      0.322      -0.294       0.489
    S6                 0.209       0.212      0.163      -0.226       0.624
    S7                -0.172       0.262      0.261      -0.698       0.341
    S8                 0.212       0.230      0.181      -0.235       0.648

 S5       WITH
    S6                 0.400       0.262      0.093      -0.293       0.741
    S7                -0.061       0.291      0.426      -0.595       0.504
    S8                -0.260       0.259      0.183      -0.683       0.290

 S6       WITH
    S7                 0.123       0.302      0.348      -0.495       0.647
    S8                 0.141       0.281      0.308      -0.422       0.653

 S7       WITH
    S8                 0.116       0.315      0.352      -0.520       0.685

 Intercepts
    LONELY             3.043       0.106      0.000       2.837       3.255      *
    S1                 0.966       0.096      0.000       0.794       1.166      *
    S2                 0.244       0.150      0.033      -0.016       0.581
    S3                 0.092       0.106      0.189      -0.114       0.299
    S4                 0.081       0.080      0.154      -0.074       0.240
    S5                 0.026       0.129      0.417      -0.218       0.293
    S6                -0.099       0.157      0.248      -0.405       0.200
    S7                -0.092       0.184      0.291      -0.499       0.236
    S8                -0.192       0.170      0.118      -0.555       0.126

 Residual Variances
    LONELY             0.997       0.003      0.000       0.988       1.000      *
    S1                 0.998       0.005      0.000       0.983       1.000      *
    S2                 0.996       0.015      0.000       0.947       1.000      *
    S3                 0.998       0.008      0.000       0.973       1.000      *
    S4                 0.989       0.013      0.000       0.954       1.000      *
    S5                 0.994       0.020      0.000       0.936       1.000      *
    S6                 0.982       0.032      0.000       0.886       1.000      *
    S7                 0.991       0.031      0.000       0.884       1.000      *
    S8                 0.976       0.037      0.000       0.865       1.000      *


STDY Standardization

                                Posterior  One-Tailed         95% C.I.
                    Estimate       S.D.      P-Value   Lower 2.5%  Upper 2.5%  Significance

Within-Level Standardized Estimates Averaged Over Clusters

 S1 | LONELY ON
    CMC                0.484       0.028      0.000       0.429       0.538      *

 S2 | LONELY ON
    MIXED              0.059       0.030      0.025       0.000       0.122

 S3 | LONELY ON
    FAMILY             0.044       0.038      0.138      -0.031       0.115

 S4 | LONELY ON
    WEAK_TIES          0.032       0.033      0.159      -0.030       0.100

 S5 | LONELY ON
    CXF                0.038       0.088      0.346      -0.130       0.212

 S6 | LONELY ON
    CXW               -0.079       0.076      0.152      -0.239       0.061

 S7 | LONELY ON
    MXF               -0.107       0.139      0.226      -0.360       0.176

 S8 | LONELY ON
    MXW               -0.181       0.115      0.114      -0.344       0.111

 LONELY     ON
    WEEKEND           -0.069       0.021      0.000      -0.109      -0.026      *

 Residual Variances
    LONELY             0.881       0.006      0.000       0.870       0.893      *

Between Level

 S1         ON
    A                 -0.097       0.109      0.185      -0.310       0.116

 S2         ON
    A                 -0.071       0.230      0.375      -0.533       0.376

 S3         ON
    A                 -0.009       0.175      0.479      -0.358       0.333

 S4         ON
    A                 -0.248       0.137      0.035      -0.517       0.020

 S5         ON
    A                  0.152       0.223      0.234      -0.271       0.605

 S6         ON
    A                 -0.323       0.243      0.090      -0.811       0.146

 S7         ON
    A                  0.077       0.338      0.401      -0.581       0.787

 S8         ON
    A                 -0.373       0.269      0.090      -0.882       0.175

 LONELY     ON
    A                 -0.125       0.070      0.039      -0.259       0.013

 LONELY   WITH
    S1                 0.410       0.066      0.000       0.278       0.536      *
    S2                 0.066       0.160      0.336      -0.234       0.397
    S3                 0.099       0.104      0.172      -0.108       0.298
    S4                 0.026       0.086      0.383      -0.144       0.194
    S5                -0.069       0.133      0.297      -0.336       0.186
    S6                 0.249       0.153      0.059      -0.076       0.525
    S7                 0.034       0.205      0.434      -0.371       0.428
    S8                 0.103       0.191      0.310      -0.268       0.463

 S1       WITH
    S2                 0.450       0.180      0.017       0.034       0.733      *
    S3                -0.047       0.150      0.380      -0.331       0.254
    S4                 0.226       0.118      0.027      -0.003       0.456
    S5                -0.085       0.181      0.317      -0.407       0.302
    S6                -0.294       0.185      0.074      -0.607       0.110
    S7                -0.144       0.227      0.261      -0.557       0.335
    S8                -0.275       0.220      0.125      -0.643       0.199

 S2       WITH
    S3                 0.188       0.232      0.222      -0.309       0.581
    S4                 0.257       0.203      0.111      -0.163       0.638
    S5                -0.023       0.296      0.471      -0.604       0.547
    S6                -0.185       0.270      0.254      -0.728       0.332
    S7                 0.078       0.283      0.396      -0.441       0.623
    S8                -0.198       0.290      0.266      -0.732       0.372

 S3       WITH
    S4                 0.536       0.139      0.000       0.224       0.775      *
    S5                 0.034       0.248      0.446      -0.432       0.533
    S6                 0.289       0.230      0.121      -0.185       0.688
    S7                 0.234       0.282      0.219      -0.381       0.727
    S8                 0.181       0.271      0.252      -0.388       0.692

 S4       WITH
    S5                 0.093       0.199      0.322      -0.294       0.489
    S6                 0.209       0.212      0.163      -0.226       0.624
    S7                -0.172       0.262      0.261      -0.698       0.341
    S8                 0.212       0.230      0.181      -0.235       0.648

 S5       WITH
    S6                 0.400       0.262      0.093      -0.293       0.741
    S7                -0.061       0.291      0.426      -0.595       0.504
    S8                -0.260       0.259      0.183      -0.683       0.290

 S6       WITH
    S7                 0.123       0.302      0.348      -0.495       0.647
    S8                 0.141       0.281      0.308      -0.422       0.653

 S7       WITH
    S8                 0.116       0.315      0.352      -0.520       0.685

 Intercepts
    LONELY             3.043       0.106      0.000       2.837       3.255      *
    S1                 0.966       0.096      0.000       0.794       1.166      *
    S2                 0.244       0.150      0.033      -0.016       0.581
    S3                 0.092       0.106      0.189      -0.114       0.299
    S4                 0.081       0.080      0.154      -0.074       0.240
    S5                 0.026       0.129      0.417      -0.218       0.293
    S6                -0.099       0.157      0.248      -0.405       0.200
    S7                -0.092       0.184      0.291      -0.499       0.236
    S8                -0.192       0.170      0.118      -0.555       0.126

 Residual Variances
    LONELY             0.997       0.003      0.000       0.988       1.000      *
    S1                 0.998       0.005      0.000       0.983       1.000      *
    S2                 0.996       0.015      0.000       0.947       1.000      *
    S3                 0.998       0.008      0.000       0.973       1.000      *
    S4                 0.989       0.013      0.000       0.954       1.000      *
    S5                 0.994       0.020      0.000       0.936       1.000      *
    S6                 0.982       0.032      0.000       0.886       1.000      *
    S7                 0.991       0.031      0.000       0.884       1.000      *
    S8                 0.976       0.037      0.000       0.865       1.000      *


R-SQUARE

Within-Level R-Square Averaged Across Clusters

                                Posterior  One-Tailed         95% C.I.
    Variable        Estimate       S.D.      P-Value   Lower 2.5%  Upper 2.5%

    LONELY             0.119       0.006      0.000       0.107       0.130

Between Level

                                Posterior  One-Tailed         95% C.I.
    Variable        Estimate       S.D.      P-Value   Lower 2.5%  Upper 2.5%

    LONELY             0.003       0.003      0.000       0.000       0.012

                                Posterior  One-Tailed         95% C.I.
    Variable        Estimate       S.D.      P-Value   Lower 2.5%  Upper 2.5%

    S1                 0.002       0.005      0.000       0.000       0.017
    S2                 0.004       0.015      0.000       0.000       0.053
    S3                 0.002       0.008      0.000       0.000       0.027
    S4                 0.011       0.013      0.000       0.000       0.046
    S5                 0.006       0.020      0.000       0.000       0.064
    S6                 0.018       0.032      0.000       0.000       0.114
    S7                 0.009       0.031      0.000       0.000       0.116
    S8                 0.024       0.037      0.000       0.000       0.135


TECHNICAL 1 OUTPUT


     PARAMETER SPECIFICATION FOR WITHIN


           NU
              LONELY        CMC           MIXED         FAMILY        WEAK_TIE
              ________      ________      ________      ________      ________
                    0             0             0             0             0


           NU
              WEEKEND       CXF           CXW           MXF           MXW
              ________      ________      ________      ________      ________
                    0             0             0             0             0


           LAMBDA
              LONELY        CMC           MIXED         FAMILY        WEAK_TIE
              ________      ________      ________      ________      ________
 LONELY             0             0             0             0             0
 CMC                0             0             0             0             0
 MIXED              0             0             0             0             0
 FAMILY             0             0             0             0             0
 WEAK_TIE           0             0             0             0             0
 WEEKEND            0             0             0             0             0
 CXF                0             0             0             0             0
 CXW                0             0             0             0             0
 MXF                0             0             0             0             0
 MXW                0             0             0             0             0


           LAMBDA
              WEEKEND       CXF           CXW           MXF           MXW
              ________      ________      ________      ________      ________
 LONELY             0             0             0             0             0
 CMC                0             0             0             0             0
 MIXED              0             0             0             0             0
 FAMILY             0             0             0             0             0
 WEAK_TIE           0             0             0             0             0
 WEEKEND            0             0             0             0             0
 CXF                0             0             0             0             0
 CXW                0             0             0             0             0
 MXF                0             0             0             0             0
 MXW                0             0             0             0             0


           THETA
              LONELY        CMC           MIXED         FAMILY        WEAK_TIE
              ________      ________      ________      ________      ________
 LONELY             0
 CMC                0             0
 MIXED              0             0             0
 FAMILY             0             0             0             0
 WEAK_TIE           0             0             0             0             0
 WEEKEND            0             0             0             0             0
 CXF                0             0             0             0             0
 CXW                0             0             0             0             0
 MXF                0             0             0             0             0
 MXW                0             0             0             0             0


           THETA
              WEEKEND       CXF           CXW           MXF           MXW
              ________      ________      ________      ________      ________
 WEEKEND            0
 CXF                0             0
 CXW                0             0             0
 MXF                0             0             0             0
 MXW                0             0             0             0             0


           ALPHA
              LONELY        CMC           MIXED         FAMILY        WEAK_TIE
              ________      ________      ________      ________      ________
                    0             0             0             0             0


           ALPHA
              WEEKEND       CXF           CXW           MXF           MXW
              ________      ________      ________      ________      ________
                    0             0             0             0             0


           BETA
              LONELY        CMC           MIXED         FAMILY        WEAK_TIE
              ________      ________      ________      ________      ________
 LONELY             0             0             0             0             0
 CMC                0             0             0             0             0
 MIXED              0             0             0             0             0
 FAMILY             0             0             0             0             0
 WEAK_TIE           0             0             0             0             0
 WEEKEND            0             0             0             0             0
 CXF                0             0             0             0             0
 CXW                0             0             0             0             0
 MXF                0             0             0             0             0
 MXW                0             0             0             0             0


           BETA
              WEEKEND       CXF           CXW           MXF           MXW
              ________      ________      ________      ________      ________
 LONELY             1             0             0             0             0
 CMC                0             0             0             0             0
 MIXED              0             0             0             0             0
 FAMILY             0             0             0             0             0
 WEAK_TIE           0             0             0             0             0
 WEEKEND            0             0             0             0             0
 CXF                0             0             0             0             0
 CXW                0             0             0             0             0
 MXF                0             0             0             0             0
 MXW                0             0             0             0             0


           PSI
              LONELY        CMC           MIXED         FAMILY        WEAK_TIE
              ________      ________      ________      ________      ________
 LONELY             2
 CMC                0             0
 MIXED              0             0             0
 FAMILY             0             0             0             0
 WEAK_TIE           0             0             0             0             0
 WEEKEND            0             0             0             0             0
 CXF                0             0             0             0             0
 CXW                0             0             0             0             0
 MXF                0             0             0             0             0
 MXW                0             0             0             0             0


           PSI
              WEEKEND       CXF           CXW           MXF           MXW
              ________      ________      ________      ________      ________
 WEEKEND            0
 CXF                0             0
 CXW                0             0             0
 MXF                0             0             0             0
 MXW                0             0             0             0             0


     PARAMETER SPECIFICATION FOR BETWEEN


           NU
              LONELY        A
              ________      ________
                    0             0


           LAMBDA
              S1            S2            S3            S4            S5
              ________      ________      ________      ________      ________
 LONELY             0             0             0             0             0
 A                  0             0             0             0             0


           LAMBDA
              S6            S7            S8            LONELY        A
              ________      ________      ________      ________      ________
 LONELY             0             0             0             0             0
 A                  0             0             0             0             0


           THETA
              LONELY        A
              ________      ________
 LONELY             0
 A                  0             0


           ALPHA
              S1            S2            S3            S4            S5
              ________      ________      ________      ________      ________
                    3             4             5             6             7


           ALPHA
              S6            S7            S8            LONELY        A
              ________      ________      ________      ________      ________
                    8             9            10            11             0


           BETA
              S1            S2            S3            S4            S5
              ________      ________      ________      ________      ________
 S1                 0             0             0             0             0
 S2                 0             0             0             0             0
 S3                 0             0             0             0             0
 S4                 0             0             0             0             0
 S5                 0             0             0             0             0
 S6                 0             0             0             0             0
 S7                 0             0             0             0             0
 S8                 0             0             0             0             0
 LONELY             0             0             0             0             0
 A                  0             0             0             0             0


           BETA
              S6            S7            S8            LONELY        A
              ________      ________      ________      ________      ________
 S1                 0             0             0             0            12
 S2                 0             0             0             0            13
 S3                 0             0             0             0            14
 S4                 0             0             0             0            15
 S5                 0             0             0             0            16
 S6                 0             0             0             0            17
 S7                 0             0             0             0            18
 S8                 0             0             0             0            19
 LONELY             0             0             0             0            20
 A                  0             0             0             0             0


           PSI
              S1            S2            S3            S4            S5
              ________      ________      ________      ________      ________
 S1                21
 S2                22            23
 S3                24            25            26
 S4                27            28            29            30
 S5                31            32            33            34            35
 S6                36            37            38            39            40
 S7                42            43            44            45            46
 S8                49            50            51            52            53
 LONELY            57            58            59            60            61
 A                  0             0             0             0             0


           PSI
              S6            S7            S8            LONELY        A
              ________      ________      ________      ________      ________
 S6                41
 S7                47            48
 S8                54            55            56
 LONELY            62            63            64            65
 A                  0             0             0             0             0


     STARTING VALUES FOR WITHIN


           NU
              LONELY        CMC           MIXED         FAMILY        WEAK_TIE
              ________      ________      ________      ________      ________
                0.000         0.000         0.000         0.000         0.000


           NU
              WEEKEND       CXF           CXW           MXF           MXW
              ________      ________      ________      ________      ________
                0.000         0.000         0.000         0.000         0.000


           LAMBDA
              LONELY        CMC           MIXED         FAMILY        WEAK_TIE
              ________      ________      ________      ________      ________
 LONELY         1.000         0.000         0.000         0.000         0.000
 CMC            0.000         1.000         0.000         0.000         0.000
 MIXED          0.000         0.000         1.000         0.000         0.000
 FAMILY         0.000         0.000         0.000         1.000         0.000
 WEAK_TIE       0.000         0.000         0.000         0.000         1.000
 WEEKEND        0.000         0.000         0.000         0.000         0.000
 CXF            0.000         0.000         0.000         0.000         0.000
 CXW            0.000         0.000         0.000         0.000         0.000
 MXF            0.000         0.000         0.000         0.000         0.000
 MXW            0.000         0.000         0.000         0.000         0.000


           LAMBDA
              WEEKEND       CXF           CXW           MXF           MXW
              ________      ________      ________      ________      ________
 LONELY         0.000         0.000         0.000         0.000         0.000
 CMC            0.000         0.000         0.000         0.000         0.000
 MIXED          0.000         0.000         0.000         0.000         0.000
 FAMILY         0.000         0.000         0.000         0.000         0.000
 WEAK_TIE       0.000         0.000         0.000         0.000         0.000
 WEEKEND        1.000         0.000         0.000         0.000         0.000
 CXF            0.000         1.000         0.000         0.000         0.000
 CXW            0.000         0.000         1.000         0.000         0.000
 MXF            0.000         0.000         0.000         1.000         0.000
 MXW            0.000         0.000         0.000         0.000         1.000


           THETA
              LONELY        CMC           MIXED         FAMILY        WEAK_TIE
              ________      ________      ________      ________      ________
 LONELY         0.000
 CMC            0.000         0.000
 MIXED          0.000         0.000         0.000
 FAMILY         0.000         0.000         0.000         0.000
 WEAK_TIE       0.000         0.000         0.000         0.000         0.000
 WEEKEND        0.000         0.000         0.000         0.000         0.000
 CXF            0.000         0.000         0.000         0.000         0.000
 CXW            0.000         0.000         0.000         0.000         0.000
 MXF            0.000         0.000         0.000         0.000         0.000
 MXW            0.000         0.000         0.000         0.000         0.000


           THETA
              WEEKEND       CXF           CXW           MXF           MXW
              ________      ________      ________      ________      ________
 WEEKEND        0.000
 CXF            0.000         0.000
 CXW            0.000         0.000         0.000
 MXF            0.000         0.000         0.000         0.000
 MXW            0.000         0.000         0.000         0.000         0.000


           ALPHA
              LONELY        CMC           MIXED         FAMILY        WEAK_TIE
              ________      ________      ________      ________      ________
                0.000         0.000         0.000         0.000         0.000


           ALPHA
              WEEKEND       CXF           CXW           MXF           MXW
              ________      ________      ________      ________      ________
                0.000         0.000         0.000         0.000         0.000


           BETA
              LONELY        CMC           MIXED         FAMILY        WEAK_TIE
              ________      ________      ________      ________      ________
 LONELY         0.000         0.000         0.000         0.000         0.000
 CMC            0.000         0.000         0.000         0.000         0.000
 MIXED          0.000         0.000         0.000         0.000         0.000
 FAMILY         0.000         0.000         0.000         0.000         0.000
 WEAK_TIE       0.000         0.000         0.000         0.000         0.000
 WEEKEND        0.000         0.000         0.000         0.000         0.000
 CXF            0.000         0.000         0.000         0.000         0.000
 CXW            0.000         0.000         0.000         0.000         0.000
 MXF            0.000         0.000         0.000         0.000         0.000
 MXW            0.000         0.000         0.000         0.000         0.000


           BETA
              WEEKEND       CXF           CXW           MXF           MXW
              ________      ________      ________      ________      ________
 LONELY         0.000         0.000         0.000         0.000         0.000
 CMC            0.000         0.000         0.000         0.000         0.000
 MIXED          0.000         0.000         0.000         0.000         0.000
 FAMILY         0.000         0.000         0.000         0.000         0.000
 WEAK_TIE       0.000         0.000         0.000         0.000         0.000
 WEEKEND        0.000         0.000         0.000         0.000         0.000
 CXF            0.000         0.000         0.000         0.000         0.000
 CXW            0.000         0.000         0.000         0.000         0.000
 MXF            0.000         0.000         0.000         0.000         0.000
 MXW            0.000         0.000         0.000         0.000         0.000


           PSI
              LONELY        CMC           MIXED         FAMILY        WEAK_TIE
              ________      ________      ________      ________      ________
 LONELY         0.284
 CMC            0.000         0.087
 MIXED          0.000         0.000         0.052
 FAMILY         0.000         0.000         0.000         0.044
 WEAK_TIE       0.000         0.000         0.000         0.000         0.062
 WEEKEND        0.000         0.000         0.000         0.000         0.000
 CXF            0.000         0.000         0.000         0.000         0.000
 CXW            0.000         0.000         0.000         0.000         0.000
 MXF            0.000         0.000         0.000         0.000         0.000
 MXW            0.000         0.000         0.000         0.000         0.000


           PSI
              WEEKEND       CXF           CXW           MXF           MXW
              ________      ________      ________      ________      ________
 WEEKEND        0.107
 CXF            0.000         0.008
 CXW            0.000         0.000         0.010
 MXF            0.000         0.000         0.000         0.003
 MXW            0.000         0.000         0.000         0.000         0.005


     STARTING VALUES FOR BETWEEN


           NU
              LONELY        A
              ________      ________
                0.000         0.000


           LAMBDA
              S1            S2            S3            S4            S5
              ________      ________      ________      ________      ________
 LONELY         0.000         0.000         0.000         0.000         0.000
 A              0.000         0.000         0.000         0.000         0.000


           LAMBDA
              S6            S7            S8            LONELY        A
              ________      ________      ________      ________      ________
 LONELY         0.000         0.000         0.000         1.000         0.000
 A              0.000         0.000         0.000         0.000         1.000


           THETA
              LONELY        A
              ________      ________
 LONELY         0.000
 A              0.000         0.000


           ALPHA
              S1            S2            S3            S4            S5
              ________      ________      ________      ________      ________
                0.000         0.000         0.000         0.000         0.000


           ALPHA
              S6            S7            S8            LONELY        A
              ________      ________      ________      ________      ________
                0.000         0.000         0.000         1.481         0.000


           BETA
              S1            S2            S3            S4            S5
              ________      ________      ________      ________      ________
 S1             0.000         0.000         0.000         0.000         0.000
 S2             0.000         0.000         0.000         0.000         0.000
 S3             0.000         0.000         0.000         0.000         0.000
 S4             0.000         0.000         0.000         0.000         0.000
 S5             0.000         0.000         0.000         0.000         0.000
 S6             0.000         0.000         0.000         0.000         0.000
 S7             0.000         0.000         0.000         0.000         0.000
 S8             0.000         0.000         0.000         0.000         0.000
 LONELY         0.000         0.000         0.000         0.000         0.000
 A              0.000         0.000         0.000         0.000         0.000


           BETA
              S6            S7            S8            LONELY        A
              ________      ________      ________      ________      ________
 S1             0.000         0.000         0.000         0.000         0.000
 S2             0.000         0.000         0.000         0.000         0.000
 S3             0.000         0.000         0.000         0.000         0.000
 S4             0.000         0.000         0.000         0.000         0.000
 S5             0.000         0.000         0.000         0.000         0.000
 S6             0.000         0.000         0.000         0.000         0.000
 S7             0.000         0.000         0.000         0.000         0.000
 S8             0.000         0.000         0.000         0.000         0.000
 LONELY         0.000         0.000         0.000         0.000         0.000
 A              0.000         0.000         0.000         0.000         0.000


           PSI
              S1            S2            S3            S4            S5
              ________      ________      ________      ________      ________
 S1             1.000
 S2             0.000         1.000
 S3             0.000         0.000         1.000
 S4             0.000         0.000         0.000         1.000
 S5             0.000         0.000         0.000         0.000         1.000
 S6             0.000         0.000         0.000         0.000         0.000
 S7             0.000         0.000         0.000         0.000         0.000
 S8             0.000         0.000         0.000         0.000         0.000
 LONELY         0.000         0.000         0.000         0.000         0.000
 A              0.000         0.000         0.000         0.000         0.000


           PSI
              S6            S7            S8            LONELY        A
              ________      ________      ________      ________      ________
 S6             1.000
 S7             0.000         1.000
 S8             0.000         0.000         1.000
 LONELY         0.000         0.000         0.000         0.284
 A              0.000         0.000         0.000         0.000         0.174



     PRIORS FOR ALL PARAMETERS            PRIOR MEAN      PRIOR VARIANCE     PRIOR STD. DEV.

     Parameter 1~N(0.000,infinity)           0.0000            infinity            infinity
     Parameter 2~IG(-1.000,0.000)          infinity            infinity            infinity
     Parameter 3~N(0.000,infinity)           0.0000            infinity            infinity
     Parameter 4~N(0.000,infinity)           0.0000            infinity            infinity
     Parameter 5~N(0.000,infinity)           0.0000            infinity            infinity
     Parameter 6~N(0.000,infinity)           0.0000            infinity            infinity
     Parameter 7~N(0.000,infinity)           0.0000            infinity            infinity
     Parameter 8~N(0.000,infinity)           0.0000            infinity            infinity
     Parameter 9~N(0.000,infinity)           0.0000            infinity            infinity
     Parameter 10~N(0.000,infinity)          0.0000            infinity            infinity
     Parameter 11~N(0.000,infinity)          0.0000            infinity            infinity
     Parameter 12~N(0.000,infinity)          0.0000            infinity            infinity
     Parameter 13~N(0.000,infinity)          0.0000            infinity            infinity
     Parameter 14~N(0.000,infinity)          0.0000            infinity            infinity
     Parameter 15~N(0.000,infinity)          0.0000            infinity            infinity
     Parameter 16~N(0.000,infinity)          0.0000            infinity            infinity
     Parameter 17~N(0.000,infinity)          0.0000            infinity            infinity
     Parameter 18~N(0.000,infinity)          0.0000            infinity            infinity
     Parameter 19~N(0.000,infinity)          0.0000            infinity            infinity
     Parameter 20~N(0.000,infinity)          0.0000            infinity            infinity
     Parameter 21~IW(0.000,-10)            infinity            infinity            infinity
     Parameter 22~IW(0.000,-10)            infinity            infinity            infinity
     Parameter 23~IW(0.000,-10)            infinity            infinity            infinity
     Parameter 24~IW(0.000,-10)            infinity            infinity            infinity
     Parameter 25~IW(0.000,-10)            infinity            infinity            infinity
     Parameter 26~IW(0.000,-10)            infinity            infinity            infinity
     Parameter 27~IW(0.000,-10)            infinity            infinity            infinity
     Parameter 28~IW(0.000,-10)            infinity            infinity            infinity
     Parameter 29~IW(0.000,-10)            infinity            infinity            infinity
     Parameter 30~IW(0.000,-10)            infinity            infinity            infinity
     Parameter 31~IW(0.000,-10)            infinity            infinity            infinity
     Parameter 32~IW(0.000,-10)            infinity            infinity            infinity
     Parameter 33~IW(0.000,-10)            infinity            infinity            infinity
     Parameter 34~IW(0.000,-10)            infinity            infinity            infinity
     Parameter 35~IW(0.000,-10)            infinity            infinity            infinity
     Parameter 36~IW(0.000,-10)            infinity            infinity            infinity
     Parameter 37~IW(0.000,-10)            infinity            infinity            infinity
     Parameter 38~IW(0.000,-10)            infinity            infinity            infinity
     Parameter 39~IW(0.000,-10)            infinity            infinity            infinity
     Parameter 40~IW(0.000,-10)            infinity            infinity            infinity
     Parameter 41~IW(0.000,-10)            infinity            infinity            infinity
     Parameter 42~IW(0.000,-10)            infinity            infinity            infinity
     Parameter 43~IW(0.000,-10)            infinity            infinity            infinity
     Parameter 44~IW(0.000,-10)            infinity            infinity            infinity
     Parameter 45~IW(0.000,-10)            infinity            infinity            infinity
     Parameter 46~IW(0.000,-10)            infinity            infinity            infinity
     Parameter 47~IW(0.000,-10)            infinity            infinity            infinity
     Parameter 48~IW(0.000,-10)            infinity            infinity            infinity
     Parameter 49~IW(0.000,-10)            infinity            infinity            infinity
     Parameter 50~IW(0.000,-10)            infinity            infinity            infinity
     Parameter 51~IW(0.000,-10)            infinity            infinity            infinity
     Parameter 52~IW(0.000,-10)            infinity            infinity            infinity
     Parameter 53~IW(0.000,-10)            infinity            infinity            infinity
     Parameter 54~IW(0.000,-10)            infinity            infinity            infinity
     Parameter 55~IW(0.000,-10)            infinity            infinity            infinity
     Parameter 56~IW(0.000,-10)            infinity            infinity            infinity
     Parameter 57~IW(0.000,-10)            infinity            infinity            infinity
     Parameter 58~IW(0.000,-10)            infinity            infinity            infinity
     Parameter 59~IW(0.000,-10)            infinity            infinity            infinity
     Parameter 60~IW(0.000,-10)            infinity            infinity            infinity
     Parameter 61~IW(0.000,-10)            infinity            infinity            infinity
     Parameter 62~IW(0.000,-10)            infinity            infinity            infinity
     Parameter 63~IW(0.000,-10)            infinity            infinity            infinity
     Parameter 64~IW(0.000,-10)            infinity            infinity            infinity
     Parameter 65~IW(0.000,-10)            infinity            infinity            infinity


TECHNICAL 8 OUTPUT


   TECHNICAL 8 OUTPUT FOR BAYES ESTIMATION

     CHAIN    BSEED
     1        0
     2        285380

                     POTENTIAL       PARAMETER WITH
     ITERATION    SCALE REDUCTION      HIGHEST PSR
     100              2.814               40
     200              3.448               40
     300              3.488               40
     400              3.476               40
     500              3.042               40
     600              2.629               55
     700              2.613               55
     800              2.661               55
     900              2.754               55
     1000             2.720               55
     1100             2.490               55
     1200             2.363               55
     1300             2.313               55
     1400             2.339               55
     1500             2.200               55
     1600             2.166               54
     1700             2.215               54
     1800             2.165               54
     1900             1.894               54
     2000             1.741               51
     2100             1.556               43
     2200             1.694               43
     2300             1.901               43
     2400             1.972               43
     2500             1.997               43
     2600             1.986               43
     2700             2.020               43
     2800             2.042               43
     2900             1.917               43
     3000             1.695               43
     3100             1.533               43
     3200             1.440               47
     3300             1.468               47
     3400             1.483               47
     3500             1.510               47
     3600             1.514               47
     3700             1.518               47
     3800             1.437               47
     3900             1.329               47
     4000             1.298               40
     4100             1.319               40
     4200             1.369               40
     4300             1.440               40
     4400             1.433               40
     4500             1.381               40
     4600             1.383               17
     4700             1.426               17
     4800             1.433               17
     4900             1.465               17
     5000             1.468               17
     5100             1.466               17
     5200             1.421               17
     5300             1.412               17
     5400             1.412               17
     5500             1.404               17
     5600             1.379               17
     5700             1.370               17
     5800             1.353               17
     5900             1.303               17
     6000             1.271               17
     6100             1.264               17
     6200             1.251               17
     6300             1.215               17
     6400             1.191               17
     6500             1.176               17
     6600             1.167               17
     6700             1.170               17
     6800             1.160               17
     6900             1.158               17
     7000             1.154               17
     7100             1.153               55
     7200             1.152               55
     7300             1.155               9
     7400             1.140               9
     7500             1.141               9
     7600             1.149               9
     7700             1.156               9
     7800             1.144               41
     7900             1.155               41
     8000             1.160               41
     8100             1.165               41
     8200             1.179               41
     8300             1.191               41
     8400             1.209               41
     8500             1.219               41
     8600             1.215               41
     8700             1.189               41
     8800             1.194               50
     8900             1.213               50
     9000             1.229               50
     9100             1.240               50
     9200             1.241               50
     9300             1.248               50
     9400             1.238               50
     9500             1.215               50
     9600             1.196               50
     9700             1.174               50
     9800             1.164               50
     9900             1.167               50
     10000            1.169               50
     10100            1.177               50
     10200            1.174               50
     10300            1.180               50
     10400            1.174               50
     10500            1.169               50
     10600            1.173               50
     10700            1.174               50
     10800            1.158               50
     10900            1.137               50
     11000            1.113               50
     11100            1.105               41
     11200            1.113               41
     11300            1.119               41
     11400            1.125               41
     11500            1.123               35
     11600            1.137               35
     11700            1.143               35
     11800            1.142               35
     11900            1.141               35
     12000            1.148               35
     12100            1.151               35
     12200            1.142               35
     12300            1.133               35
     12400            1.123               35
     12500            1.113               35
     12600            1.113               35
     12700            1.119               41
     12800            1.116               41
     12900            1.110               41
     13000            1.114               41
     13100            1.121               41
     13200            1.119               41
     13300            1.114               41
     13400            1.107               41
     13500            1.101               35
     13600            1.117               35
     13700            1.117               35
     13800            1.116               35
     13900            1.116               35
     14000            1.121               35
     14100            1.110               35
     14200            1.098               35
     14300            1.097               35
     14400            1.100               55
     14500            1.106               55
     14600            1.111               55
     14700            1.118               55
     14800            1.121               55
     14900            1.125               55
     15000            1.136               55
     15100            1.148               55
     15200            1.155               55
     15300            1.158               55
     15400            1.159               55
     15500            1.162               55
     15600            1.164               55
     15700            1.169               55
     15800            1.173               55
     15900            1.182               55
     16000            1.192               55
     16100            1.210               55
     16200            1.207               55
     16300            1.202               55
     16400            1.193               55
     16500            1.178               55
     16600            1.163               55
     16700            1.158               55
     16800            1.164               55
     16900            1.168               55
     17000            1.173               55
     17100            1.183               55
     17200            1.178               55
     17300            1.173               55
     17400            1.163               55
     17500            1.171               55
     17600            1.181               55
     17700            1.189               55
     17800            1.188               55
     17900            1.192               55
     18000            1.200               55
     18100            1.203               55
     18200            1.205               55
     18300            1.212               55
     18400            1.212               55
     18500            1.215               55
     18600            1.223               55
     18700            1.229               55
     18800            1.224               55
     18900            1.218               55
     19000            1.214               55
     19100            1.214               55
     19200            1.205               55
     19300            1.194               55
     19400            1.197               55
     19500            1.208               55
     19600            1.205               55
     19700            1.200               55
     19800            1.207               55
     19900            1.205               55
     20000            1.204               55
     20100            1.190               55
     20200            1.182               40
     20300            1.186               40
     20400            1.185               40
     20500            1.184               40
     20600            1.182               40
     20700            1.176               40
     20800            1.173               40
     20900            1.168               40
     21000            1.165               40
     21100            1.161               40
     21200            1.145               40
     21300            1.133               40
     21400            1.125               40
     21500            1.118               40
     21600            1.110               55
     21700            1.114               55
     21800            1.114               55
     21900            1.112               55
     22000            1.114               55
     22100            1.110               55
     22200            1.104               55
     22300            1.103               55
     22400            1.103               55
     22500            1.099               55
     22600            1.099               55
     22700            1.096               55
     22800            1.097               55
     22900            1.099               55
     23000            1.094               55


     Beginning Time:  22:21:05
        Ending Time:  22:41:24
       Elapsed Time:  00:20:19



MUTHEN & MUTHEN
3463 Stoner Ave.
Los Angeles, CA  90066

Tel: (310) 391-9971
Fax: (310) 391-8971
Web: www.StatModel.com
Support: Support@StatModel.com

Copyright (c) 1998-2020 Muthen & Muthen
