Mplus VERSION 8.5 (Mac)
MUTHEN & MUTHEN
03/18/2022   4:38 AM

INPUT INSTRUCTIONS

  TITLE: Analysis 5
  DATA: FILE = analysis4+5_S3.dat;
  VARIABLE:
  NAMES = ID AB angry worried happy sad WB stressed lonely
  FTF CMC mixed peers family weak_ties
  E A C N O gender ethnicity SES weekend;
  USEVARIABLES = sad
  CMC mixed family weak_ties
  weekend
  cxf cxw mxf mxw;
  CLUSTER = ID;
  WITHIN = CMC mixed family weak_ties weekend
  cxf cxw mxf mxw;
  MISSING = .;
  DEFINE:
  CENTER CMC (GROUPMEAN);
  CENTER mixed (GROUPMEAN);
  CENTER family (GROUPMEAN);
  CENTER weak_ties (GROUPMEAN);
  cxf=CMC*family;
  cxw=CMC*weak_ties;
  mxf=mixed*family;
  mxw=mixed*weak_ties;
  ANALYSIS: TYPE = TWOLEVEL RANDOM; ESTIMATOR = BAYES;
  BITERATIONS = (10000); PROCESSORS = 2;
  MODEL:
  %WITHIN%
  ! Sadness is predicted by CMC, the slope is random
  S1 | sad ON CMC;
  ! Sadness is predicted by mixed episodes, the slope is random
  S2 | sad ON mixed;
  ! Sadness is predicted by family, the slope is random
  S3 | sad ON family;
  ! Sadness is predicted by weak ties, the slope is random
  S4 | sad ON weak_ties;
  ! Sadness is predicted by CMC*family, the slope is random
  S5 | sad ON cxf;
  ! Sadness is predicted by CMC*weak ties, the slope is random
  S6 | sad ON cxw;
  ! Sadness is predicted by mixed*family, the slope is random
  S7 | sad ON mxf;
  ! Sadness is predicted by mixed*weak ties, the slope is random
  S8 | sad ON mxw;
  ! Control for weekend
  sad ON weekend;
  %BETWEEN%
  ! Covariance between intercept and slopes
  sad S1-S8 WITH sad S1-S8;
  OUTPUT: STDYX STDY TECH8;



*** WARNING in VARIABLE command
  Note that only the first 8 characters of variable names are used in the output.
  Shorten variable names to avoid any confusion.
*** WARNING
  One or more individual-level variables have no variation within a
  cluster for the following clusters.

     Variable   Cluster IDs with no within-cluster variation

      SAD         404 544 562 593 4 649 156 342 45 376 49 742 485 545 550 93 131 11 666 667 44
                  502 369 459 106 556 482 61 700 405 26 378 173 76 316 527 413 825 118 685 533
                  395 480 888 807 424 247 144 185 284 390 573 442 326 69 766 498 814 705 525 605
                  221 797 397 703 361 374 36 108 254 469 821 781 547 428 673 327 714 831 834 94
                  334 411 210 171 538 507 599 138 421 153 579 90 675 873 591 192 492 28 228 314
                  762 631 583 465 635 297 107 257 484 245 415 324 842 730 786
      WEEKEND     404 593 271 649 806 816 342 224 49 396 57 741 485 845 550 598 93 131 666 867
                  851 556 844 26 349 309 527 680 685 881 144 284 69 734 265 723 882
      CXF         404 544 562 593 4 271 649 298 156 806 816 342 45 29 352 376 396 57 741 742 790
                  485 845 545 550 598 93 11 666 867 44 502 369 139 5 851 58 35 79 482 61 700 206
                  844 378 173 82 725 309 76 575 778 527 413 473 856 280 169 857 119 802 820 178
                  533 701 629 203 214 21 663 822 136 846 144 185 770 105 683 555 116 804 509 630
                  887 290 126 537 69 766 135 650 55 269 39 67 488 723 722 199 322 885 80 182 183
                  361 420 609 333 336 564 339 230 883 205 547 237 321 112 752 753 865 678 673
                  751 721 456 717 669 252 831 834 19 236 253 707 870 381 94 486 334 617 672 25
                  246 372 171 351 581 758 48 81 344 323 426 295 233 815 110 179 699 278 531 671
                  512 90 554 495 517 647 235 31 223 168 792 793 524 146 41 282 504 259 854 261
                  382 430 291 3 490 391 653 54 631 583 745 635 297 117 400 823 468 830 632 267
                  808 37 439 691 582 257 367 218 143 661 570 248 114 399 197 128 142 643 375 389
                  640 561 355 853 324 657 782 521 840 603 103 627 283 313 443 674 186 711 40
      CXW         404 544 562 593 4 271 649 298 156 806 816 342 45 29 352 396 57 741 742 790 845
                  545 550 598 93 11 666 667 867 44 502 369 851 58 600 35 482 61 700 302 880 206
                  844 378 238 173 82 725 309 76 316 575 592 778 527 413 422 825 615 473 856 857
                  406 802 680 685 178 533 847 395 203 663 807 91 822 846 185 499 522 683 116 804
                  509 630 152 887 506 290 766 135 55 734 269 350 488 452 585 199 221 797 684 885
                  207 183 703 656 24 333 336 339 230 108 565 547 321 753 865 225 595 678 673 751
                  620 456 717 252 834 501 266 612 253 870 381 94 486 99 340 835 68 617 210 6 372
                  171 335 176 581 306 758 599 359 695 81 702 344 233 815 110 287 427 278 531 512
                  789 239 398 554 549 235 664 223 157 792 524 788 228 282 259 854 3 490 798 686
                  391 54 631 805 392 635 400 289 829 448 823 468 632 457 101 860 267 37 712 143
                  248 114 154 399 128 783 102 637 142 165 137 643 375 645 774 464 355 324 568
                  500 840 603 103 98 212 803 786 534 824 40
      MXF         404 544 562 593 4 271 649 298 156 806 816 342 45 224 29 352 376 49 396 57 741
                  742 790 485 303 845 545 550 598 93 131 11 666 667 867 44 502 369 459 22 139
                  532 636 5 851 106 58 571 600 35 79 556 482 61 696 700 302 880 170 405 206 844
                  634 26 378 238 363 349 173 82 725 76 316 575 592 527 413 813 825 162 615 473
                  856 118 280 169 119 164 406 796 802 578 222 820 685 178 533 847 701 629 395
                  234 480 881 888 203 20 214 21 663 9 91 822 431 839 136 846 247 144 185 728 284
                  189 202 770 105 195 268 390 683 555 116 804 509 358 152 887 59 95 573 506 310
                  442 126 326 537 69 618 341 552 750 766 135 650 122 55 543 269 505 39 602 508
                  768 611 510 67 488 723 452 814 705 722 199 229 642 525 408 605 221 797 322 885
                  692 177 80 182 183 536 361 420 74 609 97 772 333 784 882 564 624 339 589 38
                  230 659 209 201 36 587 108 83 249 293 254 594 883 258 469 205 572 821 781 606
                  547 440 237 263 321 566 346 112 373 752 753 865 180 14 428 733 463 673 262 441
                  751 760 721 456 771 410 717 343 669 862 252 304 872 616 773 18 831 834 163 19
                  92 584 612 236 253 707 870 716 381 94 486 451 340 334 651 68 617 337 366 672
                  25 246 744 372 715 50 332 538 351 507 581 132 133 65 868 810 874 758 158 371
                  599 429 243 668 869 270 48 193 548 81 702 344 421 323 426 559 295 233 153 815
                  110 720 124 148 850 179 699 47 531 671 90 111 726 682 419 713 445 120 491 554
                  535 878 495 517 385 147 647 837 658 235 31 223 638 12 168 793 204 401 434 28
                  146 123 576 41 282 504 232 601 780 854 261 382 759 430 866 291 3 795 490 563
                  391 653 54 631 583 447 275 687 745 635 297 117 677 622 43 417 400 289 449 614
                  823 407 468 830 632 808 37 439 557 362 691 884 582 623 384 220 257 367 218 245
                  143 360 648 661 357 208 570 248 197 128 836 637 142 454 165 794 643 375 389
                  640 561 355 853 324 657 782 521 840 603 151 627 283 313 443 674 320 186 801
                  764 711 40
      MXW         404 544 562 593 4 271 649 298 156 806 816 342 45 224 29 352 49 396 57 741 742
                  790 485 303 845 545 550 598 93 131 11 667 867 44 502 369 459 22 139 532 636
                  851 106 58 571 600 35 556 482 61 696 700 302 880 170 405 206 844 634 26 238
                  363 349 173 82 725 309 316 575 592 778 527 413 813 422 825 162 615 473 856 118
                  280 119 164 406 796 802 578 222 680 685 178 533 847 629 395 234 480 881 888
                  203 20 21 663 807 9 91 822 431 839 846 247 185 728 284 499 189 522 202 770 195
                  268 390 683 116 804 509 630 358 152 887 59 95 573 506 310 290 442 326 618 341
                  552 750 766 135 650 122 55 734 543 269 505 602 508 768 611 350 510 488 452 814
                  585 705 199 229 642 525 408 605 221 797 322 684 885 692 177 207 182 183 703
                  536 656 74 24 609 97 772 333 784 882 564 624 339 589 38 230 659 209 201 36 587
                  108 83 249 293 254 594 258 469 205 572 821 781 565 606 547 440 263 321 566 346
                  373 753 865 180 225 14 428 595 733 463 673 262 441 751 620 760 456 771 410 343
                  862 252 304 872 616 773 18 834 163 501 266 92 584 612 236 253 707 870 716 381
                  94 486 451 99 340 835 651 68 617 337 210 6 366 744 372 715 171 50 332 335 176
                  538 351 507 581 306 132 133 65 868 810 874 758 158 371 599 429 243 668 359 869
                  270 193 695 548 81 702 344 421 559 233 153 815 110 720 124 148 287 427 850 278
                  47 789 111 726 682 419 239 713 445 120 398 491 554 535 878 385 147 549 837 658
                  235 664 223 638 157 12 792 204 524 401 788 434 28 228 123 576 282 232 601 780
                  854 759 866 3 795 490 798 686 563 391 653 54 631 447 805 275 392 687 635 677
                  622 43 417 400 289 829 449 614 448 823 407 468 632 457 101 860 37 557 362 691
                  884 623 384 220 712 245 143 360 648 357 208 248 114 154 128 783 836 102 637
                  142 454 165 794 137 643 375 645 774 464 355 324 568 500 840 603 151 98 212 803
                  786 534 320 801 824 764 40

*** WARNING
  Data set contains cases with missing on all variables except
  x-variables.  These cases were not included in the analysis.
  Number of cases with missing on all variables except x-variables:  82
   3 WARNING(S) FOUND IN THE INPUT INSTRUCTIONS



Analysis 5

SUMMARY OF ANALYSIS

Number of groups                                                 1
Number of observations                                       21353

Number of dependent variables                                    1
Number of independent variables                                  9
Number of continuous latent variables                            8

Observed dependent variables

  Continuous
   SAD

Observed independent variables
   CMC         MIXED       FAMILY      WEAK_TIE    WEEKEND     CXF
   CXW         MXF         MXW

Continuous latent variables
   S1          S2          S3          S4          S5          S6
   S7          S8

Variables with special functions

  Cluster variable      ID

  Within variables
   CMC         MIXED       FAMILY      WEAK_TIE    WEEKEND     CXF
   CXW         MXF         MXW

  Centering (GROUPMEAN)
   CMC         MIXED       FAMILY      WEAK_TIE


Estimator                                                    BAYES
Specifications for Bayesian Estimation
  Point estimate                                            MEDIAN
  Number of Markov chain Monte Carlo (MCMC) chains               2
  Random seed for the first chain                                0
  Starting value information                           UNPERTURBED
  Algorithm used for Markov chain Monte Carlo           GIBBS(PX1)
  Convergence criterion                                  0.500D-01
  Maximum number of iterations                               50000
  K-th iteration used for thinning                               1

Input data file(s)
  analysis4+5_S3.dat
Input data format  FREE


SUMMARY OF DATA

     Number of clusters                        855

       Size (s)    Cluster ID with Size s

          1        10 63 166 240 311 387 608 625 736 740 876 610
          2        404 544 562 593 4 271 649 298 156 806 816 342 45
          3        224 29 352 376 49 396 57 741 742 790 485 303 845 545
                   550
          4        598 93 131 11 666 667 867 44 502 369
          5        459 22 761 139 532 636 5 851 106 58 718 571
          6        600 35 79 52 556 482 61 696 700 302 880 170 405 206
          7        844 634 26 378 330 238 363 349 173
          8        82 78 725 309 76 316 575 592 778 527 413 813 422 825
                   162 615 473 856 118 280 169 857 119
          9        164 406 654 796 802 578 222 680 820 685 178 533 847
                   701 435 629 395 234 480 881 888 203 53
         10        20 214 21 663 807 9 91 424 822 431 839 136 23 846 247
                   144 185 728 284 499 189 522 202 770 105
         11        195 268 390 683 555 116 558 804 509 630 358 152 887
                   59 590 95
         12        573 506 310 290 442 126 326 537 69 481 618 732 619 341
                   552 418 750 494 766 498 135 650 569 122
         13        55 734 543 467 269 505 39 602 508 768 611 350 688 510
                   67 265 529 488 723 452 60 814
         14        585 704 705 588 722 423 199 229 826 642 141 525 526
                   408 605 221 797 322 684 769 472 885 130 692 697 177
                   277
         15        397 80 207 182 183 703 536 656 361 493 420 74 24 374
                   609 17 858 97 772 333 784 882 336 564 624 339 589 38
         16        230 706 659 209 201 36 587 108 83 249 293 254 594 883
                   749 258 469 205 572
         17        821 781 565 606 547 440 237 263 321 370 566 346 112
         18        373 752 753 708 865 450 180 13 225 14 416 428 595 317
                   755 678
         19        733 463 438 673 262 441 327 66 751 714 620 760 721 817
                   281 689 456 662 771 251
         20        621 379 410 717 343 273 669 862 252 304 872 292 738
                   616 773 18 377 831 834 163 19
         21        775 501 266 215 92 584 612 236 253 707 551 51 870 716
                   518 381 94 486 451 99 241 340 835
         22        88 334 651 68 617 411 337 210 515 6 366 672 25 246 744
                   372 715 171 50 332
         23        335 644 776 176 607 538 351 507 581 306 132 863 133
                   65 868 810 444 874 520 758 312 158 200 371 886 458 599
                   348 429 403
         24        243 668 359 633 869 474 270 138 194 483 274 33 48 193
                   695 548 437 81 702
         25        724 344 244 421 347 113 323 426 559 294 475 295 145
                   100 233 153 815 305 110 276 579 8 497 2 720 124 85
         26        148 287 427 743 850 179 328 216 699 368 278 46 838
         27        446 47 531 319 329 671 512 789 90 675 111 726 843 539
                   682 161 419 239 713 445
         28        325 120 307 398 864 491 779 121 665 554 604 873 356
                   535 878 495 73 517 385 64 591 681 147
         29        647 487 190 84 754 1 549 837 658 331 155 235 664 879
                   345 31 223 638 157 12 777 859
         30        168 286 871 792 793 204 875 192 524 676 832 255 401
                   42 528 461 841 788
         31        434 809 492 28 877 596 228 146 496 315 34 123 432 576
                   719 41 282
         32        466 767 540 542 140 504 660 855 232 799 87 394 601 314
                   780 762
         33        727 818 259 729 597 854 261 318 231 382 833 759 646
                   765 430 866 626 291 577
         34        3 586 795 490 217 798 828 686 288 563 391 580 653 54
                   471 631 77 849 583
         35        489 447 465 805 264 275 392 523 687 32 745 635 297 188
                   641 731 117
         36        560 470 677 115 622 219 694 250 785 296 513
         37        43 417 15 400 289 670 829 260 861 449 107 614 453
         38        448 256 823 89 191 407 468 830 632 709 16 353 457 101
                   172
         39        860 167 267 380 187 808 37 439 354
         40        557 747 127 739 462 414 388 285 655
         41        748 299 362 691 409 181 198 884 582 800 75 613
         42        623 848 425 384 220 791 511 698 812 257
         43        367 227 272 712 479 567 484
         44        218 245 143 360 648 661 412 72 455 357
         45        436 129 393 208 570 248
         46        114 154 399 365
         47        546 197 128 300 159 109 819 783 679 213 836 628 102
         48        338 757 637 142 415 454 763
         49        165 794 746 137 643 62 386
         50        375 645 774 389 640
         51        561 652 464 308 125 355 853
         52        324 827 657 301
         53        842 27
         54        782 568 71 521
         55        174 500 730 226 553
         56        840 603 519
         58        151 639 103 514 98
         59        212 803 402 627
         60        690 283 786 313
         61        364
         62        534 476
         64        443
         67        674
         68        320 186 433
         69        801
         73        824
         74        530
         75        764
         78        711
         80        40



COVARIANCE COVERAGE OF DATA

Minimum covariance coverage value   0.100

     Number of missing data patterns             1


     PROPORTION OF DATA PRESENT


           Covariance Coverage
              SAD           CMC           MIXED         FAMILY        WEAK_TIE
              ________      ________      ________      ________      ________
 SAD            1.000
 CMC            1.000         1.000
 MIXED          1.000         1.000         1.000
 FAMILY         1.000         1.000         1.000         1.000
 WEAK_TIE       1.000         1.000         1.000         1.000         1.000
 WEEKEND        1.000         1.000         1.000         1.000         1.000
 CXF            1.000         1.000         1.000         1.000         1.000
 CXW            1.000         1.000         1.000         1.000         1.000
 MXF            1.000         1.000         1.000         1.000         1.000
 MXW            1.000         1.000         1.000         1.000         1.000


           Covariance Coverage
              WEEKEND       CXF           CXW           MXF           MXW
              ________      ________      ________      ________      ________
 WEEKEND        1.000
 CXF            1.000         1.000
 CXW            1.000         1.000         1.000
 MXF            1.000         1.000         1.000         1.000
 MXW            1.000         1.000         1.000         1.000         1.000



UNIVARIATE SAMPLE STATISTICS


     UNIVARIATE HIGHER-ORDER MOMENT DESCRIPTIVE STATISTICS

         Variable/         Mean/     Skewness/   Minimum/ % with                Percentiles
        Sample Size      Variance    Kurtosis    Maximum  Min/Max      20%/60%    40%/80%    Median

     SAD                   1.463       1.633       1.000   66.26%       1.000      1.000      1.000
           21353.000       0.554       2.128       4.000    2.71%       1.000      2.000
     CMC                   0.000       0.675      -0.985    0.00%      -0.286     -0.143     -0.088
           21353.000       0.152      -0.259       0.982    0.00%      -0.037      0.400
     MIXED                 0.000       1.509      -0.891    0.03%      -0.154     -0.059     -0.036
           21353.000       0.086       2.765       0.983    0.00%       0.000      0.000
     FAMILY                0.000       0.760      -0.983    0.00%      -0.200     -0.053     -0.026
           21353.000       0.109       1.122       0.983    0.00%       0.000      0.154
     WEAK_TIES             0.000       1.613      -0.929    0.00%      -0.167     -0.077     -0.050
           21353.000       0.094       2.457       0.985    0.00%      -0.025      0.000
     WEEKEND               0.297       0.891       0.000   70.34%       0.000      0.000      0.000
           21353.000       0.209      -1.207       1.000   29.66%       0.000      1.000
     CXF                  -0.036      -0.470      -0.964    0.00%      -0.086     -0.001      0.000
           21353.000       0.024       7.644       0.937    0.01%       0.000      0.015
     CXW                   0.035       2.327      -0.804    0.01%      -0.003      0.000      0.003
           21353.000       0.025       9.239       0.964    0.00%       0.010      0.048
     MXF                  -0.004       0.811      -0.875    0.00%       0.000      0.000      0.000
           21353.000       0.005      42.854       0.958    0.00%       0.000      0.008
     MXW                  -0.005       0.073      -0.794    0.00%       0.000      0.000      0.000
           21353.000       0.004      41.913       0.824    0.00%       0.000      0.008


THE MODEL ESTIMATION TERMINATED NORMALLY

     USE THE FBITERATIONS OPTION TO INCREASE THE NUMBER OF ITERATIONS BY A FACTOR
     OF AT LEAST TWO TO CHECK CONVERGENCE AND THAT THE PSR VALUE DOES NOT INCREASE.



MODEL FIT INFORMATION

Number of Free Parameters                              56

Information Criteria

          Deviance (DIC)                        38054.255
          Estimated Number of Parameters (pD)    1549.615



MODEL RESULTS

                                Posterior  One-Tailed         95% C.I.
                    Estimate       S.D.      P-Value   Lower 2.5%  Upper 2.5%  Significance

Within Level

 SAD        ON
    WEEKEND           -0.046       0.009      0.000      -0.065      -0.028      *

 Residual Variances
    SAD                0.324       0.003      0.000       0.317       0.330      *

Between Level

 SAD      WITH
    S1                 0.055       0.008      0.000       0.039       0.071      *
    S2                 0.016       0.010      0.058      -0.005       0.035
    S3                 0.029       0.010      0.002       0.009       0.047      *
    S4                -0.002       0.010      0.416      -0.023       0.018
    S5                -0.016       0.022      0.225      -0.061       0.026
    S6                -0.023       0.022      0.138      -0.067       0.018
    S7                 0.018       0.039      0.315      -0.057       0.100
    S8                 0.029       0.049      0.269      -0.083       0.110

 S1       WITH
    S2                 0.010       0.006      0.043      -0.002       0.021
    S3                 0.001       0.007      0.421      -0.012       0.016
    S4                -0.015       0.007      0.027      -0.029       0.000
    S5                 0.014       0.013      0.116      -0.009       0.042
    S6                -0.011       0.013      0.192      -0.038       0.014
    S7                 0.043       0.026      0.040      -0.004       0.098
    S8                -0.011       0.025      0.335      -0.061       0.033

 S2       WITH
    S3                -0.010       0.008      0.118      -0.026       0.007
    S4                -0.003       0.008      0.356      -0.018       0.014
    S5                 0.012       0.017      0.237      -0.017       0.048
    S6                -0.003       0.015      0.428      -0.030       0.027
    S7                 0.032       0.024      0.090      -0.014       0.082
    S8                -0.011       0.023      0.298      -0.061       0.033

 S3       WITH
    S4                 0.025       0.009      0.005       0.007       0.043      *
    S5                -0.044       0.016      0.001      -0.078      -0.014      *
    S6                -0.027       0.017      0.038      -0.062       0.003
    S7                -0.007       0.027      0.389      -0.062       0.045
    S8                 0.041       0.035      0.094      -0.018       0.116

 S4       WITH
    S5                -0.031       0.020      0.050      -0.073       0.007
    S6                -0.048       0.020      0.006      -0.093      -0.014      *
    S7                -0.006       0.029      0.404      -0.069       0.046
    S8                 0.001       0.030      0.491      -0.062       0.056

 S5       WITH
    S6                 0.074       0.038      0.007       0.011       0.159      *
    S7                 0.064       0.051      0.084      -0.026       0.173
    S8                -0.061       0.063      0.159      -0.190       0.068

 S6       WITH
    S7                -0.029       0.050      0.274      -0.133       0.064
    S8                 0.020       0.060      0.363      -0.081       0.155

 S7       WITH
    S8                -0.093       0.080      0.107      -0.261       0.050

 Means
    SAD                1.501       0.017      0.000       1.467       1.535      *
    S1                 0.124       0.015      0.000       0.096       0.153      *
    S2                 0.023       0.018      0.091      -0.010       0.061
    S3                 0.062       0.018      0.000       0.026       0.098      *
    S4                -0.030       0.020      0.059      -0.071       0.009
    S5                -0.049       0.040      0.114      -0.126       0.031
    S6                -0.067       0.042      0.061      -0.146       0.018
    S7                -0.104       0.079      0.092      -0.257       0.048
    S8                 0.041       0.091      0.322      -0.112       0.239

 Variances
    SAD                0.226       0.012      0.000       0.203       0.252      *
    S1                 0.037       0.008      0.000       0.022       0.053      *
    S2                 0.033       0.009      0.000       0.017       0.051      *
    S3                 0.059       0.011      0.000       0.038       0.081      *
    S4                 0.049       0.012      0.000       0.029       0.076      *
    S5                 0.184       0.047      0.000       0.102       0.288      *
    S6                 0.138       0.049      0.000       0.062       0.256      *
    S7                 0.367       0.118      0.000       0.184       0.642      *
    S8                 0.342       0.138      0.000       0.162       0.716      *


STANDARDIZED MODEL RESULTS


STDYX Standardization

                                Posterior  One-Tailed         95% C.I.
                    Estimate       S.D.      P-Value   Lower 2.5%  Upper 2.5%  Significance

Within-Level Standardized Estimates Averaged Over Clusters

 S1 | SAD ON
    CMC                0.075       0.007      0.000       0.059       0.089      *

 S2 | SAD ON
    MIXED              0.009       0.006      0.043      -0.002       0.021

 S3 | SAD ON
    FAMILY             0.028       0.007      0.000       0.014       0.041      *

 S4 | SAD ON
    WEAK_TIES         -0.012       0.008      0.064      -0.027       0.003

 S5 | SAD ON
    CXF               -0.007       0.006      0.146      -0.020       0.006

 S6 | SAD ON
    CXW               -0.013       0.007      0.049      -0.026       0.003

 S7 | SAD ON
    MXF               -0.006       0.004      0.063      -0.015       0.002

 S8 | SAD ON
    MXW                0.003       0.005      0.269      -0.005       0.012

 SAD        ON
    WEEKEND           -0.033       0.007      0.000      -0.047      -0.020      *

 Residual Variances
    SAD                0.938       0.004      0.000       0.931       0.946      *

Between Level

 SAD      WITH
    S1                 0.601       0.078      0.000       0.447       0.750      *
    S2                 0.186       0.115      0.058      -0.053       0.408
    S3                 0.250       0.081      0.002       0.079       0.403      *
    S4                -0.022       0.098      0.416      -0.217       0.166
    S5                -0.081       0.112      0.225      -0.317       0.120
    S6                -0.131       0.121      0.138      -0.365       0.107
    S7                 0.062       0.137      0.315      -0.197       0.353
    S8                 0.102       0.178      0.269      -0.299       0.425

 S1       WITH
    S2                 0.287       0.156      0.043      -0.050       0.568
    S3                 0.029       0.156      0.421      -0.301       0.325
    S4                -0.356       0.161      0.027      -0.629       0.004
    S5                 0.177       0.147      0.116      -0.123       0.458
    S6                -0.155       0.179      0.192      -0.493       0.208
    S7                 0.389       0.198      0.040      -0.034       0.708
    S8                -0.096       0.215      0.335      -0.510       0.320

 S2       WITH
    S3                -0.239       0.186      0.118      -0.558       0.159
    S4                -0.079       0.201      0.356      -0.429       0.358
    S5                 0.154       0.218      0.237      -0.222       0.612
    S6                -0.041       0.214      0.428      -0.416       0.391
    S7                 0.308       0.209      0.090      -0.133       0.680
    S8                -0.109       0.217      0.298      -0.577       0.283

 S3       WITH
    S4                 0.473       0.146      0.005       0.132       0.701      *
    S5                -0.434       0.151      0.001      -0.714      -0.138      *
    S6                -0.314       0.173      0.038      -0.637       0.036
    S7                -0.052       0.182      0.389      -0.423       0.281
    S8                 0.300       0.223      0.094      -0.132       0.723

 S4       WITH
    S5                -0.337       0.196      0.050      -0.695       0.070
    S6                -0.609       0.155      0.006      -0.814      -0.227      *
    S7                -0.050       0.217      0.404      -0.534       0.327
    S8                 0.006       0.224      0.491      -0.459       0.393

 S5       WITH
    S6                 0.482       0.177      0.007       0.087       0.780      *
    S7                 0.252       0.186      0.084      -0.102       0.615
    S8                -0.255       0.244      0.159      -0.685       0.293

 S6       WITH
    S7                -0.137       0.210      0.274      -0.539       0.291
    S8                 0.099       0.251      0.363      -0.377       0.543

 S7       WITH
    S8                -0.271       0.216      0.107      -0.699       0.142

 Means
    SAD                3.155       0.094      0.000       2.973       3.340      *
    S1                 0.652       0.102      0.000       0.468       0.876      *
    S2                 0.130       0.104      0.091      -0.058       0.358
    S3                 0.258       0.080      0.000       0.105       0.419      *
    S4                -0.137       0.093      0.059      -0.328       0.040
    S5                -0.113       0.096      0.114      -0.307       0.072
    S6                -0.183       0.125      0.061      -0.447       0.046
    S7                -0.173       0.130      0.092      -0.424       0.084
    S8                 0.070       0.160      0.322      -0.205       0.428

 Variances
    SAD                1.000       0.000      0.000       1.000       1.000
    S1                 1.000       0.000      0.000       1.000       1.000
    S2                 1.000       0.000      0.000       1.000       1.000
    S3                 1.000       0.000      0.000       1.000       1.000
    S4                 1.000       0.000      0.000       1.000       1.000
    S5                 1.000       0.000      0.000       1.000       1.000
    S6                 1.000       0.000      0.000       1.000       1.000
    S7                 1.000       0.000      0.000       1.000       1.000
    S8                 1.000       0.000      0.000       1.000       1.000


STDY Standardization

                                Posterior  One-Tailed         95% C.I.
                    Estimate       S.D.      P-Value   Lower 2.5%  Upper 2.5%  Significance

Within-Level Standardized Estimates Averaged Over Clusters

 S1 | SAD ON
    CMC                0.210       0.021      0.000       0.164       0.247      *

 S2 | SAD ON
    MIXED              0.037       0.029      0.097      -0.019       0.097

 S3 | SAD ON
    FAMILY             0.105       0.026      0.000       0.052       0.154      *

 S4 | SAD ON
    WEAK_TIES         -0.049       0.031      0.068      -0.106       0.013

 S5 | SAD ON
    CXF               -0.070       0.064      0.133      -0.204       0.049

 S6 | SAD ON
    CXW               -0.115       0.065      0.057      -0.225       0.022

 S7 | SAD ON
    MXF               -0.198       0.129      0.053      -0.448       0.060

 S8 | SAD ON
    MXW                0.079       0.144      0.286      -0.187       0.368

 SAD        ON
    WEEKEND           -0.078       0.016      0.000      -0.112      -0.049      *

 Residual Variances
    SAD                0.938       0.004      0.000       0.931       0.946      *

Between Level

 SAD      WITH
    S1                 0.601       0.078      0.000       0.447       0.750      *
    S2                 0.186       0.115      0.058      -0.053       0.408
    S3                 0.250       0.081      0.002       0.079       0.403      *
    S4                -0.022       0.098      0.416      -0.217       0.166
    S5                -0.081       0.112      0.225      -0.317       0.120
    S6                -0.131       0.121      0.138      -0.365       0.107
    S7                 0.062       0.137      0.315      -0.197       0.353
    S8                 0.102       0.178      0.269      -0.299       0.425

 S1       WITH
    S2                 0.287       0.156      0.043      -0.050       0.568
    S3                 0.029       0.156      0.421      -0.301       0.325
    S4                -0.356       0.161      0.027      -0.629       0.004
    S5                 0.177       0.147      0.116      -0.123       0.458
    S6                -0.155       0.179      0.192      -0.493       0.208
    S7                 0.389       0.198      0.040      -0.034       0.708
    S8                -0.096       0.215      0.335      -0.510       0.320

 S2       WITH
    S3                -0.239       0.186      0.118      -0.558       0.159
    S4                -0.079       0.201      0.356      -0.429       0.358
    S5                 0.154       0.218      0.237      -0.222       0.612
    S6                -0.041       0.214      0.428      -0.416       0.391
    S7                 0.308       0.209      0.090      -0.133       0.680
    S8                -0.109       0.217      0.298      -0.577       0.283

 S3       WITH
    S4                 0.473       0.146      0.005       0.132       0.701      *
    S5                -0.434       0.151      0.001      -0.714      -0.138      *
    S6                -0.314       0.173      0.038      -0.637       0.036
    S7                -0.052       0.182      0.389      -0.423       0.281
    S8                 0.300       0.223      0.094      -0.132       0.723

 S4       WITH
    S5                -0.337       0.196      0.050      -0.695       0.070
    S6                -0.609       0.155      0.006      -0.814      -0.227      *
    S7                -0.050       0.217      0.404      -0.534       0.327
    S8                 0.006       0.224      0.491      -0.459       0.393

 S5       WITH
    S6                 0.482       0.177      0.007       0.087       0.780      *
    S7                 0.252       0.186      0.084      -0.102       0.615
    S8                -0.255       0.244      0.159      -0.685       0.293

 S6       WITH
    S7                -0.137       0.210      0.274      -0.539       0.291
    S8                 0.099       0.251      0.363      -0.377       0.543

 S7       WITH
    S8                -0.271       0.216      0.107      -0.699       0.142

 Means
    SAD                3.155       0.094      0.000       2.973       3.340      *
    S1                 0.652       0.102      0.000       0.468       0.876      *
    S2                 0.130       0.104      0.091      -0.058       0.358
    S3                 0.258       0.080      0.000       0.105       0.419      *
    S4                -0.137       0.093      0.059      -0.328       0.040
    S5                -0.113       0.096      0.114      -0.307       0.072
    S6                -0.183       0.125      0.061      -0.447       0.046
    S7                -0.173       0.130      0.092      -0.424       0.084
    S8                 0.070       0.160      0.322      -0.205       0.428

 Variances
    SAD                1.000       0.000      0.000       1.000       1.000
    S1                 1.000       0.000      0.000       1.000       1.000
    S2                 1.000       0.000      0.000       1.000       1.000
    S3                 1.000       0.000      0.000       1.000       1.000
    S4                 1.000       0.000      0.000       1.000       1.000
    S5                 1.000       0.000      0.000       1.000       1.000
    S6                 1.000       0.000      0.000       1.000       1.000
    S7                 1.000       0.000      0.000       1.000       1.000
    S8                 1.000       0.000      0.000       1.000       1.000


R-SQUARE

Within-Level R-Square Averaged Across Clusters

                                Posterior  One-Tailed         95% C.I.
    Variable        Estimate       S.D.      P-Value   Lower 2.5%  Upper 2.5%

    SAD                0.062       0.004      0.000       0.054       0.069


TECHNICAL 1 OUTPUT


     PARAMETER SPECIFICATION FOR WITHIN


           NU
              SAD           CMC           MIXED         FAMILY        WEAK_TIE
              ________      ________      ________      ________      ________
                    0             0             0             0             0


           NU
              WEEKEND       CXF           CXW           MXF           MXW
              ________      ________      ________      ________      ________
                    0             0             0             0             0


           LAMBDA
              SAD           CMC           MIXED         FAMILY        WEAK_TIE
              ________      ________      ________      ________      ________
 SAD                0             0             0             0             0
 CMC                0             0             0             0             0
 MIXED              0             0             0             0             0
 FAMILY             0             0             0             0             0
 WEAK_TIE           0             0             0             0             0
 WEEKEND            0             0             0             0             0
 CXF                0             0             0             0             0
 CXW                0             0             0             0             0
 MXF                0             0             0             0             0
 MXW                0             0             0             0             0


           LAMBDA
              WEEKEND       CXF           CXW           MXF           MXW
              ________      ________      ________      ________      ________
 SAD                0             0             0             0             0
 CMC                0             0             0             0             0
 MIXED              0             0             0             0             0
 FAMILY             0             0             0             0             0
 WEAK_TIE           0             0             0             0             0
 WEEKEND            0             0             0             0             0
 CXF                0             0             0             0             0
 CXW                0             0             0             0             0
 MXF                0             0             0             0             0
 MXW                0             0             0             0             0


           THETA
              SAD           CMC           MIXED         FAMILY        WEAK_TIE
              ________      ________      ________      ________      ________
 SAD                0
 CMC                0             0
 MIXED              0             0             0
 FAMILY             0             0             0             0
 WEAK_TIE           0             0             0             0             0
 WEEKEND            0             0             0             0             0
 CXF                0             0             0             0             0
 CXW                0             0             0             0             0
 MXF                0             0             0             0             0
 MXW                0             0             0             0             0


           THETA
              WEEKEND       CXF           CXW           MXF           MXW
              ________      ________      ________      ________      ________
 WEEKEND            0
 CXF                0             0
 CXW                0             0             0
 MXF                0             0             0             0
 MXW                0             0             0             0             0


           ALPHA
              SAD           CMC           MIXED         FAMILY        WEAK_TIE
              ________      ________      ________      ________      ________
                    0             0             0             0             0


           ALPHA
              WEEKEND       CXF           CXW           MXF           MXW
              ________      ________      ________      ________      ________
                    0             0             0             0             0


           BETA
              SAD           CMC           MIXED         FAMILY        WEAK_TIE
              ________      ________      ________      ________      ________
 SAD                0             0             0             0             0
 CMC                0             0             0             0             0
 MIXED              0             0             0             0             0
 FAMILY             0             0             0             0             0
 WEAK_TIE           0             0             0             0             0
 WEEKEND            0             0             0             0             0
 CXF                0             0             0             0             0
 CXW                0             0             0             0             0
 MXF                0             0             0             0             0
 MXW                0             0             0             0             0


           BETA
              WEEKEND       CXF           CXW           MXF           MXW
              ________      ________      ________      ________      ________
 SAD                1             0             0             0             0
 CMC                0             0             0             0             0
 MIXED              0             0             0             0             0
 FAMILY             0             0             0             0             0
 WEAK_TIE           0             0             0             0             0
 WEEKEND            0             0             0             0             0
 CXF                0             0             0             0             0
 CXW                0             0             0             0             0
 MXF                0             0             0             0             0
 MXW                0             0             0             0             0


           PSI
              SAD           CMC           MIXED         FAMILY        WEAK_TIE
              ________      ________      ________      ________      ________
 SAD                2
 CMC                0             0
 MIXED              0             0             0
 FAMILY             0             0             0             0
 WEAK_TIE           0             0             0             0             0
 WEEKEND            0             0             0             0             0
 CXF                0             0             0             0             0
 CXW                0             0             0             0             0
 MXF                0             0             0             0             0
 MXW                0             0             0             0             0


           PSI
              WEEKEND       CXF           CXW           MXF           MXW
              ________      ________      ________      ________      ________
 WEEKEND            0
 CXF                0             0
 CXW                0             0             0
 MXF                0             0             0             0
 MXW                0             0             0             0             0


     PARAMETER SPECIFICATION FOR BETWEEN


           NU
              SAD
              ________
                    0


           LAMBDA
              S1            S2            S3            S4            S5
              ________      ________      ________      ________      ________
 SAD                0             0             0             0             0


           LAMBDA
              S6            S7            S8            SAD
              ________      ________      ________      ________
 SAD                0             0             0             0


           THETA
              SAD
              ________
 SAD                0


           ALPHA
              S1            S2            S3            S4            S5
              ________      ________      ________      ________      ________
                    3             4             5             6             7


           ALPHA
              S6            S7            S8            SAD
              ________      ________      ________      ________
                    8             9            10            11


           BETA
              S1            S2            S3            S4            S5
              ________      ________      ________      ________      ________
 S1                 0             0             0             0             0
 S2                 0             0             0             0             0
 S3                 0             0             0             0             0
 S4                 0             0             0             0             0
 S5                 0             0             0             0             0
 S6                 0             0             0             0             0
 S7                 0             0             0             0             0
 S8                 0             0             0             0             0
 SAD                0             0             0             0             0


           BETA
              S6            S7            S8            SAD
              ________      ________      ________      ________
 S1                 0             0             0             0
 S2                 0             0             0             0
 S3                 0             0             0             0
 S4                 0             0             0             0
 S5                 0             0             0             0
 S6                 0             0             0             0
 S7                 0             0             0             0
 S8                 0             0             0             0
 SAD                0             0             0             0


           PSI
              S1            S2            S3            S4            S5
              ________      ________      ________      ________      ________
 S1                12
 S2                13            14
 S3                15            16            17
 S4                18            19            20            21
 S5                22            23            24            25            26
 S6                27            28            29            30            31
 S7                33            34            35            36            37
 S8                40            41            42            43            44
 SAD               48            49            50            51            52


           PSI
              S6            S7            S8            SAD
              ________      ________      ________      ________
 S6                32
 S7                38            39
 S8                45            46            47
 SAD               53            54            55            56


     STARTING VALUES FOR WITHIN


           NU
              SAD           CMC           MIXED         FAMILY        WEAK_TIE
              ________      ________      ________      ________      ________
                0.000         0.000         0.000         0.000         0.000


           NU
              WEEKEND       CXF           CXW           MXF           MXW
              ________      ________      ________      ________      ________
                0.000         0.000         0.000         0.000         0.000


           LAMBDA
              SAD           CMC           MIXED         FAMILY        WEAK_TIE
              ________      ________      ________      ________      ________
 SAD            1.000         0.000         0.000         0.000         0.000
 CMC            0.000         1.000         0.000         0.000         0.000
 MIXED          0.000         0.000         1.000         0.000         0.000
 FAMILY         0.000         0.000         0.000         1.000         0.000
 WEAK_TIE       0.000         0.000         0.000         0.000         1.000
 WEEKEND        0.000         0.000         0.000         0.000         0.000
 CXF            0.000         0.000         0.000         0.000         0.000
 CXW            0.000         0.000         0.000         0.000         0.000
 MXF            0.000         0.000         0.000         0.000         0.000
 MXW            0.000         0.000         0.000         0.000         0.000


           LAMBDA
              WEEKEND       CXF           CXW           MXF           MXW
              ________      ________      ________      ________      ________
 SAD            0.000         0.000         0.000         0.000         0.000
 CMC            0.000         0.000         0.000         0.000         0.000
 MIXED          0.000         0.000         0.000         0.000         0.000
 FAMILY         0.000         0.000         0.000         0.000         0.000
 WEAK_TIE       0.000         0.000         0.000         0.000         0.000
 WEEKEND        1.000         0.000         0.000         0.000         0.000
 CXF            0.000         1.000         0.000         0.000         0.000
 CXW            0.000         0.000         1.000         0.000         0.000
 MXF            0.000         0.000         0.000         1.000         0.000
 MXW            0.000         0.000         0.000         0.000         1.000


           THETA
              SAD           CMC           MIXED         FAMILY        WEAK_TIE
              ________      ________      ________      ________      ________
 SAD            0.000
 CMC            0.000         0.000
 MIXED          0.000         0.000         0.000
 FAMILY         0.000         0.000         0.000         0.000
 WEAK_TIE       0.000         0.000         0.000         0.000         0.000
 WEEKEND        0.000         0.000         0.000         0.000         0.000
 CXF            0.000         0.000         0.000         0.000         0.000
 CXW            0.000         0.000         0.000         0.000         0.000
 MXF            0.000         0.000         0.000         0.000         0.000
 MXW            0.000         0.000         0.000         0.000         0.000


           THETA
              WEEKEND       CXF           CXW           MXF           MXW
              ________      ________      ________      ________      ________
 WEEKEND        0.000
 CXF            0.000         0.000
 CXW            0.000         0.000         0.000
 MXF            0.000         0.000         0.000         0.000
 MXW            0.000         0.000         0.000         0.000         0.000


           ALPHA
              SAD           CMC           MIXED         FAMILY        WEAK_TIE
              ________      ________      ________      ________      ________
                0.000         0.000         0.000         0.000         0.000


           ALPHA
              WEEKEND       CXF           CXW           MXF           MXW
              ________      ________      ________      ________      ________
                0.000         0.000         0.000         0.000         0.000


           BETA
              SAD           CMC           MIXED         FAMILY        WEAK_TIE
              ________      ________      ________      ________      ________
 SAD            0.000         0.000         0.000         0.000         0.000
 CMC            0.000         0.000         0.000         0.000         0.000
 MIXED          0.000         0.000         0.000         0.000         0.000
 FAMILY         0.000         0.000         0.000         0.000         0.000
 WEAK_TIE       0.000         0.000         0.000         0.000         0.000
 WEEKEND        0.000         0.000         0.000         0.000         0.000
 CXF            0.000         0.000         0.000         0.000         0.000
 CXW            0.000         0.000         0.000         0.000         0.000
 MXF            0.000         0.000         0.000         0.000         0.000
 MXW            0.000         0.000         0.000         0.000         0.000


           BETA
              WEEKEND       CXF           CXW           MXF           MXW
              ________      ________      ________      ________      ________
 SAD            0.000         0.000         0.000         0.000         0.000
 CMC            0.000         0.000         0.000         0.000         0.000
 MIXED          0.000         0.000         0.000         0.000         0.000
 FAMILY         0.000         0.000         0.000         0.000         0.000
 WEAK_TIE       0.000         0.000         0.000         0.000         0.000
 WEEKEND        0.000         0.000         0.000         0.000         0.000
 CXF            0.000         0.000         0.000         0.000         0.000
 CXW            0.000         0.000         0.000         0.000         0.000
 MXF            0.000         0.000         0.000         0.000         0.000
 MXW            0.000         0.000         0.000         0.000         0.000


           PSI
              SAD           CMC           MIXED         FAMILY        WEAK_TIE
              ________      ________      ________      ________      ________
 SAD            0.277
 CMC            0.000         0.076
 MIXED          0.000         0.000         0.043
 FAMILY         0.000         0.000         0.000         0.054
 WEAK_TIE       0.000         0.000         0.000         0.000         0.047
 WEEKEND        0.000         0.000         0.000         0.000         0.000
 CXF            0.000         0.000         0.000         0.000         0.000
 CXW            0.000         0.000         0.000         0.000         0.000
 MXF            0.000         0.000         0.000         0.000         0.000
 MXW            0.000         0.000         0.000         0.000         0.000


           PSI
              WEEKEND       CXF           CXW           MXF           MXW
              ________      ________      ________      ________      ________
 WEEKEND        0.104
 CXF            0.000         0.012
 CXW            0.000         0.000         0.012
 MXF            0.000         0.000         0.000         0.003
 MXW            0.000         0.000         0.000         0.000         0.002


     STARTING VALUES FOR BETWEEN


           NU
              SAD
              ________
                0.000


           LAMBDA
              S1            S2            S3            S4            S5
              ________      ________      ________      ________      ________
 SAD            0.000         0.000         0.000         0.000         0.000


           LAMBDA
              S6            S7            S8            SAD
              ________      ________      ________      ________
 SAD            0.000         0.000         0.000         1.000


           THETA
              SAD
              ________
 SAD            0.000


           ALPHA
              S1            S2            S3            S4            S5
              ________      ________      ________      ________      ________
                0.000         0.000         0.000         0.000         0.000


           ALPHA
              S6            S7            S8            SAD
              ________      ________      ________      ________
                0.000         0.000         0.000         1.463


           BETA
              S1            S2            S3            S4            S5
              ________      ________      ________      ________      ________
 S1             0.000         0.000         0.000         0.000         0.000
 S2             0.000         0.000         0.000         0.000         0.000
 S3             0.000         0.000         0.000         0.000         0.000
 S4             0.000         0.000         0.000         0.000         0.000
 S5             0.000         0.000         0.000         0.000         0.000
 S6             0.000         0.000         0.000         0.000         0.000
 S7             0.000         0.000         0.000         0.000         0.000
 S8             0.000         0.000         0.000         0.000         0.000
 SAD            0.000         0.000         0.000         0.000         0.000


           BETA
              S6            S7            S8            SAD
              ________      ________      ________      ________
 S1             0.000         0.000         0.000         0.000
 S2             0.000         0.000         0.000         0.000
 S3             0.000         0.000         0.000         0.000
 S4             0.000         0.000         0.000         0.000
 S5             0.000         0.000         0.000         0.000
 S6             0.000         0.000         0.000         0.000
 S7             0.000         0.000         0.000         0.000
 S8             0.000         0.000         0.000         0.000
 SAD            0.000         0.000         0.000         0.000


           PSI
              S1            S2            S3            S4            S5
              ________      ________      ________      ________      ________
 S1             1.000
 S2             0.000         1.000
 S3             0.000         0.000         1.000
 S4             0.000         0.000         0.000         1.000
 S5             0.000         0.000         0.000         0.000         1.000
 S6             0.000         0.000         0.000         0.000         0.000
 S7             0.000         0.000         0.000         0.000         0.000
 S8             0.000         0.000         0.000         0.000         0.000
 SAD            0.000         0.000         0.000         0.000         0.000


           PSI
              S6            S7            S8            SAD
              ________      ________      ________      ________
 S6             1.000
 S7             0.000         1.000
 S8             0.000         0.000         1.000
 SAD            0.000         0.000         0.000         0.277



     PRIORS FOR ALL PARAMETERS            PRIOR MEAN      PRIOR VARIANCE     PRIOR STD. DEV.

     Parameter 1~N(0.000,infinity)           0.0000            infinity            infinity
     Parameter 2~IG(-1.000,0.000)          infinity            infinity            infinity
     Parameter 3~N(0.000,infinity)           0.0000            infinity            infinity
     Parameter 4~N(0.000,infinity)           0.0000            infinity            infinity
     Parameter 5~N(0.000,infinity)           0.0000            infinity            infinity
     Parameter 6~N(0.000,infinity)           0.0000            infinity            infinity
     Parameter 7~N(0.000,infinity)           0.0000            infinity            infinity
     Parameter 8~N(0.000,infinity)           0.0000            infinity            infinity
     Parameter 9~N(0.000,infinity)           0.0000            infinity            infinity
     Parameter 10~N(0.000,infinity)          0.0000            infinity            infinity
     Parameter 11~N(0.000,infinity)          0.0000            infinity            infinity
     Parameter 12~IW(0.000,-10)            infinity            infinity            infinity
     Parameter 13~IW(0.000,-10)            infinity            infinity            infinity
     Parameter 14~IW(0.000,-10)            infinity            infinity            infinity
     Parameter 15~IW(0.000,-10)            infinity            infinity            infinity
     Parameter 16~IW(0.000,-10)            infinity            infinity            infinity
     Parameter 17~IW(0.000,-10)            infinity            infinity            infinity
     Parameter 18~IW(0.000,-10)            infinity            infinity            infinity
     Parameter 19~IW(0.000,-10)            infinity            infinity            infinity
     Parameter 20~IW(0.000,-10)            infinity            infinity            infinity
     Parameter 21~IW(0.000,-10)            infinity            infinity            infinity
     Parameter 22~IW(0.000,-10)            infinity            infinity            infinity
     Parameter 23~IW(0.000,-10)            infinity            infinity            infinity
     Parameter 24~IW(0.000,-10)            infinity            infinity            infinity
     Parameter 25~IW(0.000,-10)            infinity            infinity            infinity
     Parameter 26~IW(0.000,-10)            infinity            infinity            infinity
     Parameter 27~IW(0.000,-10)            infinity            infinity            infinity
     Parameter 28~IW(0.000,-10)            infinity            infinity            infinity
     Parameter 29~IW(0.000,-10)            infinity            infinity            infinity
     Parameter 30~IW(0.000,-10)            infinity            infinity            infinity
     Parameter 31~IW(0.000,-10)            infinity            infinity            infinity
     Parameter 32~IW(0.000,-10)            infinity            infinity            infinity
     Parameter 33~IW(0.000,-10)            infinity            infinity            infinity
     Parameter 34~IW(0.000,-10)            infinity            infinity            infinity
     Parameter 35~IW(0.000,-10)            infinity            infinity            infinity
     Parameter 36~IW(0.000,-10)            infinity            infinity            infinity
     Parameter 37~IW(0.000,-10)            infinity            infinity            infinity
     Parameter 38~IW(0.000,-10)            infinity            infinity            infinity
     Parameter 39~IW(0.000,-10)            infinity            infinity            infinity
     Parameter 40~IW(0.000,-10)            infinity            infinity            infinity
     Parameter 41~IW(0.000,-10)            infinity            infinity            infinity
     Parameter 42~IW(0.000,-10)            infinity            infinity            infinity
     Parameter 43~IW(0.000,-10)            infinity            infinity            infinity
     Parameter 44~IW(0.000,-10)            infinity            infinity            infinity
     Parameter 45~IW(0.000,-10)            infinity            infinity            infinity
     Parameter 46~IW(0.000,-10)            infinity            infinity            infinity
     Parameter 47~IW(0.000,-10)            infinity            infinity            infinity
     Parameter 48~IW(0.000,-10)            infinity            infinity            infinity
     Parameter 49~IW(0.000,-10)            infinity            infinity            infinity
     Parameter 50~IW(0.000,-10)            infinity            infinity            infinity
     Parameter 51~IW(0.000,-10)            infinity            infinity            infinity
     Parameter 52~IW(0.000,-10)            infinity            infinity            infinity
     Parameter 53~IW(0.000,-10)            infinity            infinity            infinity
     Parameter 54~IW(0.000,-10)            infinity            infinity            infinity
     Parameter 55~IW(0.000,-10)            infinity            infinity            infinity
     Parameter 56~IW(0.000,-10)            infinity            infinity            infinity


TECHNICAL 8 OUTPUT


   TECHNICAL 8 OUTPUT FOR BAYES ESTIMATION

     CHAIN    BSEED
     1        0
     2        285380

                     POTENTIAL       PARAMETER WITH
     ITERATION    SCALE REDUCTION      HIGHEST PSR
     100              5.689               44
     200              2.558               45
     300              4.300               45
     400              3.828               45
     500              2.522               45
     600              2.172               36
     700              1.905               36
     800              1.764               36
     900              1.742               36
     1000             1.625               54
     1100             1.866               54
     1200             1.795               55
     1300             1.674               27
     1400             1.485               54
     1500             1.518               55
     1600             1.455               55
     1700             1.420               55
     1800             1.328               31
     1900             1.391               31
     2000             1.384               31
     2100             1.322               10
     2200             1.362               10
     2300             1.409               10
     2400             1.278               10
     2500             1.274               10
     2600             1.324               47
     2700             1.343               47
     2800             1.314               47
     2900             1.331               47
     3000             1.421               47
     3100             1.440               47
     3200             1.450               47
     3300             1.458               47
     3400             1.445               47
     3500             1.384               47
     3600             1.256               43
     3700             1.197               43
     3800             1.192               47
     3900             1.239               32
     4000             1.257               32
     4100             1.218               32
     4200             1.212               45
     4300             1.226               45
     4400             1.246               45
     4500             1.282               45
     4600             1.324               45
     4700             1.314               45
     4800             1.327               45
     4900             1.359               45
     5000             1.394               45
     5100             1.429               45
     5200             1.441               45
     5300             1.445               45
     5400             1.363               45
     5500             1.314               45
     5600             1.265               45
     5700             1.227               45
     5800             1.202               42
     5900             1.190               42
     6000             1.205               25
     6100             1.203               45
     6200             1.225               45
     6300             1.245               45
     6400             1.269               45
     6500             1.281               45
     6600             1.277               45
     6700             1.256               45
     6800             1.257               45
     6900             1.268               45
     7000             1.271               45
     7100             1.258               45
     7200             1.252               45
     7300             1.257               45
     7400             1.278               45
     7500             1.292               45
     7600             1.304               45
     7700             1.293               45
     7800             1.255               45
     7900             1.244               42
     8000             1.252               42
     8100             1.224               42
     8200             1.209               42
     8300             1.197               42
     8400             1.197               42
     8500             1.180               42
     8600             1.169               42
     8700             1.168               42
     8800             1.144               42
     8900             1.135               42
     9000             1.120               42
     9100             1.131               42
     9200             1.127               42
     9300             1.108               42
     9400             1.102               42
     9500             1.089               42
     9600             1.075               42
     9700             1.065               42
     9800             1.053               42
     9900             1.048               44
     10000            1.051               44


     Beginning Time:  04:38:06
        Ending Time:  04:49:05
       Elapsed Time:  00:10:59



MUTHEN & MUTHEN
3463 Stoner Ave.
Los Angeles, CA  90066

Tel: (310) 391-9971
Fax: (310) 391-8971
Web: www.StatModel.com
Support: Support@StatModel.com

Copyright (c) 1998-2020 Muthen & Muthen
